[2023-08-09T04:21:50.373+0000] {taskinstance.py:1103} INFO - Dependencies all met for dep_context=non-requeueable deps ti=<TaskInstance: local_gcd_etl_basic.download_file_using_BashOperator manual__2023-08-09T04:21:48.721034+00:00 [queued]>
[2023-08-09T04:21:50.380+0000] {taskinstance.py:1103} INFO - Dependencies all met for dep_context=requeueable deps ti=<TaskInstance: local_gcd_etl_basic.download_file_using_BashOperator manual__2023-08-09T04:21:48.721034+00:00 [queued]>
[2023-08-09T04:21:50.380+0000] {taskinstance.py:1308} INFO - Starting attempt 1 of 1
[2023-08-09T04:21:50.392+0000] {taskinstance.py:1327} INFO - Executing <Task(BashOperator): download_file_using_BashOperator> on 2023-08-09 04:21:48.721034+00:00
[2023-08-09T04:21:50.399+0000] {standard_task_runner.py:57} INFO - Started process 917 to run task
[2023-08-09T04:21:50.402+0000] {standard_task_runner.py:84} INFO - Running: ['***', 'tasks', 'run', 'local_gcd_etl_basic', 'download_file_using_BashOperator', 'manual__2023-08-09T04:21:48.721034+00:00', '--job-id', '58', '--raw', '--subdir', 'DAGS_FOLDER/example_gcs_upload_download.py', '--cfg-path', '/tmp/tmpt9y4iiq1']
[2023-08-09T04:21:50.404+0000] {standard_task_runner.py:85} INFO - Job 58: Subtask download_file_using_BashOperator
[2023-08-09T04:21:50.433+0000] {task_command.py:410} INFO - Running <TaskInstance: local_gcd_etl_basic.download_file_using_BashOperator manual__2023-08-09T04:21:48.721034+00:00 [running]> on host 738c524d2ce7
[2023-08-09T04:21:50.488+0000] {taskinstance.py:1547} INFO - Exporting env vars: AIRFLOW_CTX_DAG_OWNER='***' AIRFLOW_CTX_DAG_ID='local_gcd_etl_basic' AIRFLOW_CTX_TASK_ID='download_file_using_BashOperator' AIRFLOW_CTX_EXECUTION_DATE='2023-08-09T04:21:48.721034+00:00' AIRFLOW_CTX_TRY_NUMBER='1' AIRFLOW_CTX_DAG_RUN_ID='manual__2023-08-09T04:21:48.721034+00:00'
[2023-08-09T04:21:50.489+0000] {subprocess.py:63} INFO - Tmp dir root location: /tmp
[2023-08-09T04:21:50.490+0000] {subprocess.py:75} INFO - Running command: ['/bin/bash', '-c', 'curl "https://api.mockaroo.com/api/6872a950?count=1000&key=5f671810" > {PATH_TO_SAVED_FILE}']
[2023-08-09T04:21:50.501+0000] {subprocess.py:86} INFO - Output:
[2023-08-09T04:21:50.507+0000] {subprocess.py:93} INFO -   % Total    % Received % Xferd  Average Speed   Time    Time     Time  Current
[2023-08-09T04:21:50.507+0000] {subprocess.py:93} INFO -                                  Dload  Upload   Total   Spent    Left  Speed
[2023-08-09T04:21:53.489+0000] {subprocess.py:93} INFO -   0     0    0     0    0     0      0      0 --:--:-- --:--:-- --:--:--     0  0     0    0     0    0     0      0      0 --:--:--  0:00:01 --:--:--     0100  3434    0  3434    0     0   1610      0 --:--:--  0:00:02 --:--:--  1610100 27126    0 27126    0     0   9691      0 --:--:--  0:00:02 --:--:--  9687100 62815    0 62815    0     0  21064      0 --:--:--  0:00:02 --:--:-- 21057
[2023-08-09T04:21:53.493+0000] {subprocess.py:97} INFO - Command exited with return code 0
[2023-08-09T04:21:53.520+0000] {taskinstance.py:1350} INFO - Marking task as SUCCESS. dag_id=local_gcd_etl_basic, task_id=download_file_using_BashOperator, execution_date=20230809T042148, start_date=20230809T042150, end_date=20230809T042153
[2023-08-09T04:21:53.545+0000] {local_task_job_runner.py:225} INFO - Task exited with return code 0
[2023-08-09T04:21:53.560+0000] {dagrun.py:720} ERROR - Failed to get task for ti <TaskInstance: local_gcd_etl_basic.get_file_path manual__2023-08-09T04:21:48.721034+00:00 [None]>. Marking it as removed.
[2023-08-09T04:21:53.568+0000] {taskinstance.py:2653} INFO - 1 downstream tasks scheduled from follow-on schedule check
