[2023-08-09T03:10:33.805+0000] {processor.py:157} INFO - Started process (PID=65) to work on /home/airflow/.local/lib/python3.7/site-packages/airflow/example_dags/example_python_operator.py
[2023-08-09T03:10:33.847+0000] {processor.py:826} INFO - Processing file /home/airflow/.local/lib/python3.7/site-packages/airflow/example_dags/example_python_operator.py for tasks to queue
[2023-08-09T03:10:33.849+0000] {logging_mixin.py:150} INFO - [2023-08-09T03:10:33.849+0000] {dagbag.py:541} INFO - Filling up the DagBag from /home/airflow/.local/lib/python3.7/site-packages/airflow/example_dags/example_python_operator.py
[2023-08-09T03:10:33.886+0000] {processor.py:836} INFO - DAG(s) dict_keys(['example_python_operator']) retrieved from /home/airflow/.local/lib/python3.7/site-packages/airflow/example_dags/example_python_operator.py
[2023-08-09T03:10:34.179+0000] {logging_mixin.py:150} INFO - [2023-08-09T03:10:34.178+0000] {dag.py:2742} INFO - Sync 1 DAGs
[2023-08-09T03:10:34.250+0000] {logging_mixin.py:150} INFO - [2023-08-09T03:10:34.250+0000] {dag.py:3508} INFO - Setting next_dagrun for example_python_operator to None, run_after=None
[2023-08-09T03:10:34.299+0000] {processor.py:179} INFO - Processing /home/airflow/.local/lib/python3.7/site-packages/airflow/example_dags/example_python_operator.py took 0.498 seconds
[2023-08-09T03:11:04.498+0000] {processor.py:157} INFO - Started process (PID=120) to work on /home/airflow/.local/lib/python3.7/site-packages/airflow/example_dags/example_python_operator.py
[2023-08-09T03:11:04.499+0000] {processor.py:826} INFO - Processing file /home/airflow/.local/lib/python3.7/site-packages/airflow/example_dags/example_python_operator.py for tasks to queue
[2023-08-09T03:11:04.501+0000] {logging_mixin.py:150} INFO - [2023-08-09T03:11:04.501+0000] {dagbag.py:541} INFO - Filling up the DagBag from /home/airflow/.local/lib/python3.7/site-packages/airflow/example_dags/example_python_operator.py
[2023-08-09T03:11:04.516+0000] {processor.py:836} INFO - DAG(s) dict_keys(['example_python_operator']) retrieved from /home/airflow/.local/lib/python3.7/site-packages/airflow/example_dags/example_python_operator.py
[2023-08-09T03:11:04.552+0000] {logging_mixin.py:150} INFO - [2023-08-09T03:11:04.551+0000] {dag.py:2742} INFO - Sync 1 DAGs
[2023-08-09T03:11:04.589+0000] {logging_mixin.py:150} INFO - [2023-08-09T03:11:04.588+0000] {dag.py:3508} INFO - Setting next_dagrun for example_python_operator to None, run_after=None
[2023-08-09T03:11:04.617+0000] {processor.py:179} INFO - Processing /home/airflow/.local/lib/python3.7/site-packages/airflow/example_dags/example_python_operator.py took 0.123 seconds
[2023-08-09T03:11:34.890+0000] {processor.py:157} INFO - Started process (PID=175) to work on /home/airflow/.local/lib/python3.7/site-packages/airflow/example_dags/example_python_operator.py
[2023-08-09T03:11:34.891+0000] {processor.py:826} INFO - Processing file /home/airflow/.local/lib/python3.7/site-packages/airflow/example_dags/example_python_operator.py for tasks to queue
[2023-08-09T03:11:34.892+0000] {logging_mixin.py:150} INFO - [2023-08-09T03:11:34.892+0000] {dagbag.py:541} INFO - Filling up the DagBag from /home/airflow/.local/lib/python3.7/site-packages/airflow/example_dags/example_python_operator.py
[2023-08-09T03:11:34.912+0000] {processor.py:836} INFO - DAG(s) dict_keys(['example_python_operator']) retrieved from /home/airflow/.local/lib/python3.7/site-packages/airflow/example_dags/example_python_operator.py
[2023-08-09T03:11:34.946+0000] {logging_mixin.py:150} INFO - [2023-08-09T03:11:34.945+0000] {dag.py:2742} INFO - Sync 1 DAGs
[2023-08-09T03:11:34.984+0000] {logging_mixin.py:150} INFO - [2023-08-09T03:11:34.984+0000] {dag.py:3508} INFO - Setting next_dagrun for example_python_operator to None, run_after=None
[2023-08-09T03:11:35.013+0000] {processor.py:179} INFO - Processing /home/airflow/.local/lib/python3.7/site-packages/airflow/example_dags/example_python_operator.py took 0.127 seconds
[2023-08-09T03:12:05.273+0000] {processor.py:157} INFO - Started process (PID=231) to work on /home/airflow/.local/lib/python3.7/site-packages/airflow/example_dags/example_python_operator.py
[2023-08-09T03:12:05.274+0000] {processor.py:826} INFO - Processing file /home/airflow/.local/lib/python3.7/site-packages/airflow/example_dags/example_python_operator.py for tasks to queue
[2023-08-09T03:12:05.276+0000] {logging_mixin.py:150} INFO - [2023-08-09T03:12:05.275+0000] {dagbag.py:541} INFO - Filling up the DagBag from /home/airflow/.local/lib/python3.7/site-packages/airflow/example_dags/example_python_operator.py
[2023-08-09T03:12:05.286+0000] {processor.py:836} INFO - DAG(s) dict_keys(['example_python_operator']) retrieved from /home/airflow/.local/lib/python3.7/site-packages/airflow/example_dags/example_python_operator.py
[2023-08-09T03:12:05.311+0000] {logging_mixin.py:150} INFO - [2023-08-09T03:12:05.310+0000] {dag.py:2742} INFO - Sync 1 DAGs
[2023-08-09T03:12:05.335+0000] {logging_mixin.py:150} INFO - [2023-08-09T03:12:05.334+0000] {dag.py:3508} INFO - Setting next_dagrun for example_python_operator to None, run_after=None
[2023-08-09T03:12:05.354+0000] {processor.py:179} INFO - Processing /home/airflow/.local/lib/python3.7/site-packages/airflow/example_dags/example_python_operator.py took 0.083 seconds
[2023-08-09T03:12:36.554+0000] {processor.py:157} INFO - Started process (PID=286) to work on /home/airflow/.local/lib/python3.7/site-packages/airflow/example_dags/example_python_operator.py
[2023-08-09T03:12:36.555+0000] {processor.py:826} INFO - Processing file /home/airflow/.local/lib/python3.7/site-packages/airflow/example_dags/example_python_operator.py for tasks to queue
[2023-08-09T03:12:36.558+0000] {logging_mixin.py:150} INFO - [2023-08-09T03:12:36.557+0000] {dagbag.py:541} INFO - Filling up the DagBag from /home/airflow/.local/lib/python3.7/site-packages/airflow/example_dags/example_python_operator.py
[2023-08-09T03:12:36.572+0000] {processor.py:836} INFO - DAG(s) dict_keys(['example_python_operator']) retrieved from /home/airflow/.local/lib/python3.7/site-packages/airflow/example_dags/example_python_operator.py
[2023-08-09T03:12:36.605+0000] {logging_mixin.py:150} INFO - [2023-08-09T03:12:36.604+0000] {dag.py:2742} INFO - Sync 1 DAGs
[2023-08-09T03:12:36.633+0000] {logging_mixin.py:150} INFO - [2023-08-09T03:12:36.633+0000] {dag.py:3508} INFO - Setting next_dagrun for example_python_operator to None, run_after=None
[2023-08-09T03:12:36.653+0000] {processor.py:179} INFO - Processing /home/airflow/.local/lib/python3.7/site-packages/airflow/example_dags/example_python_operator.py took 0.103 seconds
[2023-08-09T03:13:06.809+0000] {processor.py:157} INFO - Started process (PID=341) to work on /home/airflow/.local/lib/python3.7/site-packages/airflow/example_dags/example_python_operator.py
[2023-08-09T03:13:06.809+0000] {processor.py:826} INFO - Processing file /home/airflow/.local/lib/python3.7/site-packages/airflow/example_dags/example_python_operator.py for tasks to queue
[2023-08-09T03:13:06.811+0000] {logging_mixin.py:150} INFO - [2023-08-09T03:13:06.810+0000] {dagbag.py:541} INFO - Filling up the DagBag from /home/airflow/.local/lib/python3.7/site-packages/airflow/example_dags/example_python_operator.py
[2023-08-09T03:13:06.820+0000] {processor.py:836} INFO - DAG(s) dict_keys(['example_python_operator']) retrieved from /home/airflow/.local/lib/python3.7/site-packages/airflow/example_dags/example_python_operator.py
[2023-08-09T03:13:06.842+0000] {logging_mixin.py:150} INFO - [2023-08-09T03:13:06.841+0000] {dag.py:2742} INFO - Sync 1 DAGs
[2023-08-09T03:13:06.865+0000] {logging_mixin.py:150} INFO - [2023-08-09T03:13:06.865+0000] {dag.py:3508} INFO - Setting next_dagrun for example_python_operator to None, run_after=None
[2023-08-09T03:13:06.882+0000] {processor.py:179} INFO - Processing /home/airflow/.local/lib/python3.7/site-packages/airflow/example_dags/example_python_operator.py took 0.076 seconds
[2023-08-09T03:13:38.004+0000] {processor.py:157} INFO - Started process (PID=396) to work on /home/airflow/.local/lib/python3.7/site-packages/airflow/example_dags/example_python_operator.py
[2023-08-09T03:13:38.004+0000] {processor.py:826} INFO - Processing file /home/airflow/.local/lib/python3.7/site-packages/airflow/example_dags/example_python_operator.py for tasks to queue
[2023-08-09T03:13:38.006+0000] {logging_mixin.py:150} INFO - [2023-08-09T03:13:38.006+0000] {dagbag.py:541} INFO - Filling up the DagBag from /home/airflow/.local/lib/python3.7/site-packages/airflow/example_dags/example_python_operator.py
[2023-08-09T03:13:38.015+0000] {processor.py:836} INFO - DAG(s) dict_keys(['example_python_operator']) retrieved from /home/airflow/.local/lib/python3.7/site-packages/airflow/example_dags/example_python_operator.py
[2023-08-09T03:13:38.051+0000] {logging_mixin.py:150} INFO - [2023-08-09T03:13:38.051+0000] {dag.py:2742} INFO - Sync 1 DAGs
[2023-08-09T03:13:38.078+0000] {logging_mixin.py:150} INFO - [2023-08-09T03:13:38.078+0000] {dag.py:3508} INFO - Setting next_dagrun for example_python_operator to None, run_after=None
[2023-08-09T03:13:38.102+0000] {processor.py:179} INFO - Processing /home/airflow/.local/lib/python3.7/site-packages/airflow/example_dags/example_python_operator.py took 0.101 seconds
[2023-08-09T03:14:08.446+0000] {processor.py:157} INFO - Started process (PID=451) to work on /home/airflow/.local/lib/python3.7/site-packages/airflow/example_dags/example_python_operator.py
[2023-08-09T03:14:08.447+0000] {processor.py:826} INFO - Processing file /home/airflow/.local/lib/python3.7/site-packages/airflow/example_dags/example_python_operator.py for tasks to queue
[2023-08-09T03:14:08.449+0000] {logging_mixin.py:150} INFO - [2023-08-09T03:14:08.449+0000] {dagbag.py:541} INFO - Filling up the DagBag from /home/airflow/.local/lib/python3.7/site-packages/airflow/example_dags/example_python_operator.py
[2023-08-09T03:14:08.461+0000] {processor.py:836} INFO - DAG(s) dict_keys(['example_python_operator']) retrieved from /home/airflow/.local/lib/python3.7/site-packages/airflow/example_dags/example_python_operator.py
[2023-08-09T03:14:08.486+0000] {logging_mixin.py:150} INFO - [2023-08-09T03:14:08.485+0000] {dag.py:2742} INFO - Sync 1 DAGs
[2023-08-09T03:14:08.512+0000] {logging_mixin.py:150} INFO - [2023-08-09T03:14:08.512+0000] {dag.py:3508} INFO - Setting next_dagrun for example_python_operator to None, run_after=None
[2023-08-09T03:14:08.529+0000] {processor.py:179} INFO - Processing /home/airflow/.local/lib/python3.7/site-packages/airflow/example_dags/example_python_operator.py took 0.088 seconds
[2023-08-09T03:14:38.752+0000] {processor.py:157} INFO - Started process (PID=507) to work on /home/airflow/.local/lib/python3.7/site-packages/airflow/example_dags/example_python_operator.py
[2023-08-09T03:14:38.753+0000] {processor.py:826} INFO - Processing file /home/airflow/.local/lib/python3.7/site-packages/airflow/example_dags/example_python_operator.py for tasks to queue
[2023-08-09T03:14:38.754+0000] {logging_mixin.py:150} INFO - [2023-08-09T03:14:38.754+0000] {dagbag.py:541} INFO - Filling up the DagBag from /home/airflow/.local/lib/python3.7/site-packages/airflow/example_dags/example_python_operator.py
[2023-08-09T03:14:38.764+0000] {processor.py:836} INFO - DAG(s) dict_keys(['example_python_operator']) retrieved from /home/airflow/.local/lib/python3.7/site-packages/airflow/example_dags/example_python_operator.py
[2023-08-09T03:14:38.793+0000] {logging_mixin.py:150} INFO - [2023-08-09T03:14:38.792+0000] {dag.py:2742} INFO - Sync 1 DAGs
[2023-08-09T03:14:38.814+0000] {logging_mixin.py:150} INFO - [2023-08-09T03:14:38.814+0000] {dag.py:3508} INFO - Setting next_dagrun for example_python_operator to None, run_after=None
[2023-08-09T03:14:38.831+0000] {processor.py:179} INFO - Processing /home/airflow/.local/lib/python3.7/site-packages/airflow/example_dags/example_python_operator.py took 0.082 seconds
[2023-08-09T03:15:08.995+0000] {processor.py:157} INFO - Started process (PID=562) to work on /home/airflow/.local/lib/python3.7/site-packages/airflow/example_dags/example_python_operator.py
[2023-08-09T03:15:08.996+0000] {processor.py:826} INFO - Processing file /home/airflow/.local/lib/python3.7/site-packages/airflow/example_dags/example_python_operator.py for tasks to queue
[2023-08-09T03:15:08.998+0000] {logging_mixin.py:150} INFO - [2023-08-09T03:15:08.998+0000] {dagbag.py:541} INFO - Filling up the DagBag from /home/airflow/.local/lib/python3.7/site-packages/airflow/example_dags/example_python_operator.py
[2023-08-09T03:15:09.010+0000] {processor.py:836} INFO - DAG(s) dict_keys(['example_python_operator']) retrieved from /home/airflow/.local/lib/python3.7/site-packages/airflow/example_dags/example_python_operator.py
[2023-08-09T03:15:09.034+0000] {logging_mixin.py:150} INFO - [2023-08-09T03:15:09.033+0000] {dag.py:2742} INFO - Sync 1 DAGs
[2023-08-09T03:15:09.057+0000] {logging_mixin.py:150} INFO - [2023-08-09T03:15:09.057+0000] {dag.py:3508} INFO - Setting next_dagrun for example_python_operator to None, run_after=None
[2023-08-09T03:15:09.074+0000] {processor.py:179} INFO - Processing /home/airflow/.local/lib/python3.7/site-packages/airflow/example_dags/example_python_operator.py took 0.083 seconds
[2023-08-09T03:15:39.869+0000] {processor.py:157} INFO - Started process (PID=617) to work on /home/airflow/.local/lib/python3.7/site-packages/airflow/example_dags/example_python_operator.py
[2023-08-09T03:15:39.872+0000] {processor.py:826} INFO - Processing file /home/airflow/.local/lib/python3.7/site-packages/airflow/example_dags/example_python_operator.py for tasks to queue
[2023-08-09T03:15:39.875+0000] {logging_mixin.py:150} INFO - [2023-08-09T03:15:39.874+0000] {dagbag.py:541} INFO - Filling up the DagBag from /home/airflow/.local/lib/python3.7/site-packages/airflow/example_dags/example_python_operator.py
[2023-08-09T03:15:39.911+0000] {processor.py:836} INFO - DAG(s) dict_keys(['example_python_operator']) retrieved from /home/airflow/.local/lib/python3.7/site-packages/airflow/example_dags/example_python_operator.py
[2023-08-09T03:15:40.003+0000] {logging_mixin.py:150} INFO - [2023-08-09T03:15:40.002+0000] {dag.py:2742} INFO - Sync 1 DAGs
[2023-08-09T03:15:40.051+0000] {logging_mixin.py:150} INFO - [2023-08-09T03:15:40.050+0000] {dag.py:3508} INFO - Setting next_dagrun for example_python_operator to None, run_after=None
[2023-08-09T03:15:40.184+0000] {processor.py:179} INFO - Processing /home/airflow/.local/lib/python3.7/site-packages/airflow/example_dags/example_python_operator.py took 0.318 seconds
[2023-08-09T03:16:10.520+0000] {processor.py:157} INFO - Started process (PID=672) to work on /home/airflow/.local/lib/python3.7/site-packages/airflow/example_dags/example_python_operator.py
[2023-08-09T03:16:10.520+0000] {processor.py:826} INFO - Processing file /home/airflow/.local/lib/python3.7/site-packages/airflow/example_dags/example_python_operator.py for tasks to queue
[2023-08-09T03:16:10.522+0000] {logging_mixin.py:150} INFO - [2023-08-09T03:16:10.522+0000] {dagbag.py:541} INFO - Filling up the DagBag from /home/airflow/.local/lib/python3.7/site-packages/airflow/example_dags/example_python_operator.py
[2023-08-09T03:16:10.536+0000] {processor.py:836} INFO - DAG(s) dict_keys(['example_python_operator']) retrieved from /home/airflow/.local/lib/python3.7/site-packages/airflow/example_dags/example_python_operator.py
[2023-08-09T03:16:10.574+0000] {logging_mixin.py:150} INFO - [2023-08-09T03:16:10.573+0000] {dag.py:2742} INFO - Sync 1 DAGs
[2023-08-09T03:16:10.612+0000] {logging_mixin.py:150} INFO - [2023-08-09T03:16:10.612+0000] {dag.py:3508} INFO - Setting next_dagrun for example_python_operator to None, run_after=None
[2023-08-09T03:16:10.637+0000] {processor.py:179} INFO - Processing /home/airflow/.local/lib/python3.7/site-packages/airflow/example_dags/example_python_operator.py took 0.120 seconds
[2023-08-09T03:16:40.735+0000] {processor.py:157} INFO - Started process (PID=727) to work on /home/airflow/.local/lib/python3.7/site-packages/airflow/example_dags/example_python_operator.py
[2023-08-09T03:16:40.735+0000] {processor.py:826} INFO - Processing file /home/airflow/.local/lib/python3.7/site-packages/airflow/example_dags/example_python_operator.py for tasks to queue
[2023-08-09T03:16:40.737+0000] {logging_mixin.py:150} INFO - [2023-08-09T03:16:40.737+0000] {dagbag.py:541} INFO - Filling up the DagBag from /home/airflow/.local/lib/python3.7/site-packages/airflow/example_dags/example_python_operator.py
[2023-08-09T03:16:40.746+0000] {processor.py:836} INFO - DAG(s) dict_keys(['example_python_operator']) retrieved from /home/airflow/.local/lib/python3.7/site-packages/airflow/example_dags/example_python_operator.py
[2023-08-09T03:16:40.770+0000] {logging_mixin.py:150} INFO - [2023-08-09T03:16:40.769+0000] {dag.py:2742} INFO - Sync 1 DAGs
[2023-08-09T03:16:40.792+0000] {logging_mixin.py:150} INFO - [2023-08-09T03:16:40.792+0000] {dag.py:3508} INFO - Setting next_dagrun for example_python_operator to None, run_after=None
[2023-08-09T03:16:40.810+0000] {processor.py:179} INFO - Processing /home/airflow/.local/lib/python3.7/site-packages/airflow/example_dags/example_python_operator.py took 0.079 seconds
[2023-08-09T03:17:11.177+0000] {processor.py:157} INFO - Started process (PID=782) to work on /home/airflow/.local/lib/python3.7/site-packages/airflow/example_dags/example_python_operator.py
[2023-08-09T03:17:11.178+0000] {processor.py:826} INFO - Processing file /home/airflow/.local/lib/python3.7/site-packages/airflow/example_dags/example_python_operator.py for tasks to queue
[2023-08-09T03:17:11.181+0000] {logging_mixin.py:150} INFO - [2023-08-09T03:17:11.181+0000] {dagbag.py:541} INFO - Filling up the DagBag from /home/airflow/.local/lib/python3.7/site-packages/airflow/example_dags/example_python_operator.py
[2023-08-09T03:17:11.198+0000] {processor.py:836} INFO - DAG(s) dict_keys(['example_python_operator']) retrieved from /home/airflow/.local/lib/python3.7/site-packages/airflow/example_dags/example_python_operator.py
[2023-08-09T03:17:11.233+0000] {logging_mixin.py:150} INFO - [2023-08-09T03:17:11.232+0000] {dag.py:2742} INFO - Sync 1 DAGs
[2023-08-09T03:17:11.271+0000] {logging_mixin.py:150} INFO - [2023-08-09T03:17:11.271+0000] {dag.py:3508} INFO - Setting next_dagrun for example_python_operator to None, run_after=None
[2023-08-09T03:17:11.290+0000] {processor.py:179} INFO - Processing /home/airflow/.local/lib/python3.7/site-packages/airflow/example_dags/example_python_operator.py took 0.118 seconds
[2023-08-09T03:17:41.494+0000] {processor.py:157} INFO - Started process (PID=837) to work on /home/airflow/.local/lib/python3.7/site-packages/airflow/example_dags/example_python_operator.py
[2023-08-09T03:17:41.495+0000] {processor.py:826} INFO - Processing file /home/airflow/.local/lib/python3.7/site-packages/airflow/example_dags/example_python_operator.py for tasks to queue
[2023-08-09T03:17:41.496+0000] {logging_mixin.py:150} INFO - [2023-08-09T03:17:41.496+0000] {dagbag.py:541} INFO - Filling up the DagBag from /home/airflow/.local/lib/python3.7/site-packages/airflow/example_dags/example_python_operator.py
[2023-08-09T03:17:41.506+0000] {processor.py:836} INFO - DAG(s) dict_keys(['example_python_operator']) retrieved from /home/airflow/.local/lib/python3.7/site-packages/airflow/example_dags/example_python_operator.py
[2023-08-09T03:17:41.528+0000] {logging_mixin.py:150} INFO - [2023-08-09T03:17:41.528+0000] {dag.py:2742} INFO - Sync 1 DAGs
[2023-08-09T03:17:41.558+0000] {logging_mixin.py:150} INFO - [2023-08-09T03:17:41.558+0000] {dag.py:3508} INFO - Setting next_dagrun for example_python_operator to None, run_after=None
[2023-08-09T03:17:41.573+0000] {processor.py:179} INFO - Processing /home/airflow/.local/lib/python3.7/site-packages/airflow/example_dags/example_python_operator.py took 0.082 seconds
[2023-08-09T03:18:11.746+0000] {processor.py:157} INFO - Started process (PID=892) to work on /home/airflow/.local/lib/python3.7/site-packages/airflow/example_dags/example_python_operator.py
[2023-08-09T03:18:11.746+0000] {processor.py:826} INFO - Processing file /home/airflow/.local/lib/python3.7/site-packages/airflow/example_dags/example_python_operator.py for tasks to queue
[2023-08-09T03:18:11.748+0000] {logging_mixin.py:150} INFO - [2023-08-09T03:18:11.748+0000] {dagbag.py:541} INFO - Filling up the DagBag from /home/airflow/.local/lib/python3.7/site-packages/airflow/example_dags/example_python_operator.py
[2023-08-09T03:18:11.757+0000] {processor.py:836} INFO - DAG(s) dict_keys(['example_python_operator']) retrieved from /home/airflow/.local/lib/python3.7/site-packages/airflow/example_dags/example_python_operator.py
[2023-08-09T03:18:11.781+0000] {logging_mixin.py:150} INFO - [2023-08-09T03:18:11.781+0000] {dag.py:2742} INFO - Sync 1 DAGs
[2023-08-09T03:18:11.811+0000] {logging_mixin.py:150} INFO - [2023-08-09T03:18:11.811+0000] {dag.py:3508} INFO - Setting next_dagrun for example_python_operator to None, run_after=None
[2023-08-09T03:18:11.827+0000] {processor.py:179} INFO - Processing /home/airflow/.local/lib/python3.7/site-packages/airflow/example_dags/example_python_operator.py took 0.084 seconds
[2023-08-09T03:18:42.318+0000] {processor.py:157} INFO - Started process (PID=947) to work on /home/airflow/.local/lib/python3.7/site-packages/airflow/example_dags/example_python_operator.py
[2023-08-09T03:18:42.319+0000] {processor.py:826} INFO - Processing file /home/airflow/.local/lib/python3.7/site-packages/airflow/example_dags/example_python_operator.py for tasks to queue
[2023-08-09T03:18:42.320+0000] {logging_mixin.py:150} INFO - [2023-08-09T03:18:42.320+0000] {dagbag.py:541} INFO - Filling up the DagBag from /home/airflow/.local/lib/python3.7/site-packages/airflow/example_dags/example_python_operator.py
[2023-08-09T03:18:42.329+0000] {processor.py:836} INFO - DAG(s) dict_keys(['example_python_operator']) retrieved from /home/airflow/.local/lib/python3.7/site-packages/airflow/example_dags/example_python_operator.py
[2023-08-09T03:18:42.354+0000] {logging_mixin.py:150} INFO - [2023-08-09T03:18:42.353+0000] {dag.py:2742} INFO - Sync 1 DAGs
[2023-08-09T03:18:42.377+0000] {logging_mixin.py:150} INFO - [2023-08-09T03:18:42.377+0000] {dag.py:3508} INFO - Setting next_dagrun for example_python_operator to None, run_after=None
[2023-08-09T03:18:42.396+0000] {processor.py:179} INFO - Processing /home/airflow/.local/lib/python3.7/site-packages/airflow/example_dags/example_python_operator.py took 0.081 seconds
[2023-08-09T03:19:12.614+0000] {processor.py:157} INFO - Started process (PID=1002) to work on /home/airflow/.local/lib/python3.7/site-packages/airflow/example_dags/example_python_operator.py
[2023-08-09T03:19:12.615+0000] {processor.py:826} INFO - Processing file /home/airflow/.local/lib/python3.7/site-packages/airflow/example_dags/example_python_operator.py for tasks to queue
[2023-08-09T03:19:12.617+0000] {logging_mixin.py:150} INFO - [2023-08-09T03:19:12.617+0000] {dagbag.py:541} INFO - Filling up the DagBag from /home/airflow/.local/lib/python3.7/site-packages/airflow/example_dags/example_python_operator.py
[2023-08-09T03:19:12.631+0000] {processor.py:836} INFO - DAG(s) dict_keys(['example_python_operator']) retrieved from /home/airflow/.local/lib/python3.7/site-packages/airflow/example_dags/example_python_operator.py
[2023-08-09T03:19:12.670+0000] {logging_mixin.py:150} INFO - [2023-08-09T03:19:12.669+0000] {dag.py:2742} INFO - Sync 1 DAGs
[2023-08-09T03:19:12.699+0000] {logging_mixin.py:150} INFO - [2023-08-09T03:19:12.699+0000] {dag.py:3508} INFO - Setting next_dagrun for example_python_operator to None, run_after=None
[2023-08-09T03:19:12.716+0000] {processor.py:179} INFO - Processing /home/airflow/.local/lib/python3.7/site-packages/airflow/example_dags/example_python_operator.py took 0.104 seconds
[2023-08-09T03:19:42.892+0000] {processor.py:157} INFO - Started process (PID=1057) to work on /home/airflow/.local/lib/python3.7/site-packages/airflow/example_dags/example_python_operator.py
[2023-08-09T03:19:42.893+0000] {processor.py:826} INFO - Processing file /home/airflow/.local/lib/python3.7/site-packages/airflow/example_dags/example_python_operator.py for tasks to queue
[2023-08-09T03:19:42.895+0000] {logging_mixin.py:150} INFO - [2023-08-09T03:19:42.894+0000] {dagbag.py:541} INFO - Filling up the DagBag from /home/airflow/.local/lib/python3.7/site-packages/airflow/example_dags/example_python_operator.py
[2023-08-09T03:19:42.904+0000] {processor.py:836} INFO - DAG(s) dict_keys(['example_python_operator']) retrieved from /home/airflow/.local/lib/python3.7/site-packages/airflow/example_dags/example_python_operator.py
[2023-08-09T03:19:42.936+0000] {logging_mixin.py:150} INFO - [2023-08-09T03:19:42.935+0000] {dag.py:2742} INFO - Sync 1 DAGs
[2023-08-09T03:19:42.969+0000] {logging_mixin.py:150} INFO - [2023-08-09T03:19:42.968+0000] {dag.py:3508} INFO - Setting next_dagrun for example_python_operator to None, run_after=None
[2023-08-09T03:19:42.990+0000] {processor.py:179} INFO - Processing /home/airflow/.local/lib/python3.7/site-packages/airflow/example_dags/example_python_operator.py took 0.101 seconds
[2023-08-09T03:20:13.834+0000] {processor.py:157} INFO - Started process (PID=1112) to work on /home/airflow/.local/lib/python3.7/site-packages/airflow/example_dags/example_python_operator.py
[2023-08-09T03:20:13.835+0000] {processor.py:826} INFO - Processing file /home/airflow/.local/lib/python3.7/site-packages/airflow/example_dags/example_python_operator.py for tasks to queue
[2023-08-09T03:20:13.837+0000] {logging_mixin.py:150} INFO - [2023-08-09T03:20:13.837+0000] {dagbag.py:541} INFO - Filling up the DagBag from /home/airflow/.local/lib/python3.7/site-packages/airflow/example_dags/example_python_operator.py
[2023-08-09T03:20:13.849+0000] {processor.py:836} INFO - DAG(s) dict_keys(['example_python_operator']) retrieved from /home/airflow/.local/lib/python3.7/site-packages/airflow/example_dags/example_python_operator.py
[2023-08-09T03:20:13.889+0000] {logging_mixin.py:150} INFO - [2023-08-09T03:20:13.887+0000] {dag.py:2742} INFO - Sync 1 DAGs
[2023-08-09T03:20:13.920+0000] {logging_mixin.py:150} INFO - [2023-08-09T03:20:13.920+0000] {dag.py:3508} INFO - Setting next_dagrun for example_python_operator to None, run_after=None
[2023-08-09T03:20:13.936+0000] {processor.py:179} INFO - Processing /home/airflow/.local/lib/python3.7/site-packages/airflow/example_dags/example_python_operator.py took 0.104 seconds
[2023-08-09T03:20:44.675+0000] {processor.py:157} INFO - Started process (PID=1167) to work on /home/airflow/.local/lib/python3.7/site-packages/airflow/example_dags/example_python_operator.py
[2023-08-09T03:20:44.675+0000] {processor.py:826} INFO - Processing file /home/airflow/.local/lib/python3.7/site-packages/airflow/example_dags/example_python_operator.py for tasks to queue
[2023-08-09T03:20:44.677+0000] {logging_mixin.py:150} INFO - [2023-08-09T03:20:44.677+0000] {dagbag.py:541} INFO - Filling up the DagBag from /home/airflow/.local/lib/python3.7/site-packages/airflow/example_dags/example_python_operator.py
[2023-08-09T03:20:44.687+0000] {processor.py:836} INFO - DAG(s) dict_keys(['example_python_operator']) retrieved from /home/airflow/.local/lib/python3.7/site-packages/airflow/example_dags/example_python_operator.py
[2023-08-09T03:20:44.709+0000] {logging_mixin.py:150} INFO - [2023-08-09T03:20:44.709+0000] {dag.py:2742} INFO - Sync 1 DAGs
[2023-08-09T03:20:44.733+0000] {logging_mixin.py:150} INFO - [2023-08-09T03:20:44.733+0000] {dag.py:3508} INFO - Setting next_dagrun for example_python_operator to None, run_after=None
[2023-08-09T03:20:44.750+0000] {processor.py:179} INFO - Processing /home/airflow/.local/lib/python3.7/site-packages/airflow/example_dags/example_python_operator.py took 0.078 seconds
[2023-08-09T03:21:15.023+0000] {processor.py:157} INFO - Started process (PID=1222) to work on /home/airflow/.local/lib/python3.7/site-packages/airflow/example_dags/example_python_operator.py
[2023-08-09T03:21:15.024+0000] {processor.py:826} INFO - Processing file /home/airflow/.local/lib/python3.7/site-packages/airflow/example_dags/example_python_operator.py for tasks to queue
[2023-08-09T03:21:15.026+0000] {logging_mixin.py:150} INFO - [2023-08-09T03:21:15.026+0000] {dagbag.py:541} INFO - Filling up the DagBag from /home/airflow/.local/lib/python3.7/site-packages/airflow/example_dags/example_python_operator.py
[2023-08-09T03:21:15.039+0000] {processor.py:836} INFO - DAG(s) dict_keys(['example_python_operator']) retrieved from /home/airflow/.local/lib/python3.7/site-packages/airflow/example_dags/example_python_operator.py
[2023-08-09T03:21:15.064+0000] {logging_mixin.py:150} INFO - [2023-08-09T03:21:15.063+0000] {dag.py:2742} INFO - Sync 1 DAGs
[2023-08-09T03:21:15.087+0000] {logging_mixin.py:150} INFO - [2023-08-09T03:21:15.086+0000] {dag.py:3508} INFO - Setting next_dagrun for example_python_operator to None, run_after=None
[2023-08-09T03:21:15.109+0000] {processor.py:179} INFO - Processing /home/airflow/.local/lib/python3.7/site-packages/airflow/example_dags/example_python_operator.py took 0.091 seconds
[2023-08-09T03:21:45.377+0000] {processor.py:157} INFO - Started process (PID=1277) to work on /home/airflow/.local/lib/python3.7/site-packages/airflow/example_dags/example_python_operator.py
[2023-08-09T03:21:45.378+0000] {processor.py:826} INFO - Processing file /home/airflow/.local/lib/python3.7/site-packages/airflow/example_dags/example_python_operator.py for tasks to queue
[2023-08-09T03:21:45.380+0000] {logging_mixin.py:150} INFO - [2023-08-09T03:21:45.379+0000] {dagbag.py:541} INFO - Filling up the DagBag from /home/airflow/.local/lib/python3.7/site-packages/airflow/example_dags/example_python_operator.py
[2023-08-09T03:21:45.392+0000] {processor.py:836} INFO - DAG(s) dict_keys(['example_python_operator']) retrieved from /home/airflow/.local/lib/python3.7/site-packages/airflow/example_dags/example_python_operator.py
[2023-08-09T03:21:45.416+0000] {logging_mixin.py:150} INFO - [2023-08-09T03:21:45.415+0000] {dag.py:2742} INFO - Sync 1 DAGs
[2023-08-09T03:21:45.452+0000] {logging_mixin.py:150} INFO - [2023-08-09T03:21:45.451+0000] {dag.py:3508} INFO - Setting next_dagrun for example_python_operator to None, run_after=None
[2023-08-09T03:21:45.473+0000] {processor.py:179} INFO - Processing /home/airflow/.local/lib/python3.7/site-packages/airflow/example_dags/example_python_operator.py took 0.100 seconds
[2023-08-09T03:22:16.455+0000] {processor.py:157} INFO - Started process (PID=1332) to work on /home/airflow/.local/lib/python3.7/site-packages/airflow/example_dags/example_python_operator.py
[2023-08-09T03:22:16.456+0000] {processor.py:826} INFO - Processing file /home/airflow/.local/lib/python3.7/site-packages/airflow/example_dags/example_python_operator.py for tasks to queue
[2023-08-09T03:22:16.457+0000] {logging_mixin.py:150} INFO - [2023-08-09T03:22:16.457+0000] {dagbag.py:541} INFO - Filling up the DagBag from /home/airflow/.local/lib/python3.7/site-packages/airflow/example_dags/example_python_operator.py
[2023-08-09T03:22:16.466+0000] {processor.py:836} INFO - DAG(s) dict_keys(['example_python_operator']) retrieved from /home/airflow/.local/lib/python3.7/site-packages/airflow/example_dags/example_python_operator.py
[2023-08-09T03:22:16.491+0000] {logging_mixin.py:150} INFO - [2023-08-09T03:22:16.491+0000] {dag.py:2742} INFO - Sync 1 DAGs
[2023-08-09T03:22:16.514+0000] {logging_mixin.py:150} INFO - [2023-08-09T03:22:16.514+0000] {dag.py:3508} INFO - Setting next_dagrun for example_python_operator to None, run_after=None
[2023-08-09T03:22:16.530+0000] {processor.py:179} INFO - Processing /home/airflow/.local/lib/python3.7/site-packages/airflow/example_dags/example_python_operator.py took 0.078 seconds
[2023-08-09T03:22:46.682+0000] {processor.py:157} INFO - Started process (PID=1386) to work on /home/airflow/.local/lib/python3.7/site-packages/airflow/example_dags/example_python_operator.py
[2023-08-09T03:22:46.682+0000] {processor.py:826} INFO - Processing file /home/airflow/.local/lib/python3.7/site-packages/airflow/example_dags/example_python_operator.py for tasks to queue
[2023-08-09T03:22:46.684+0000] {logging_mixin.py:150} INFO - [2023-08-09T03:22:46.684+0000] {dagbag.py:541} INFO - Filling up the DagBag from /home/airflow/.local/lib/python3.7/site-packages/airflow/example_dags/example_python_operator.py
[2023-08-09T03:22:46.694+0000] {processor.py:836} INFO - DAG(s) dict_keys(['example_python_operator']) retrieved from /home/airflow/.local/lib/python3.7/site-packages/airflow/example_dags/example_python_operator.py
[2023-08-09T03:22:46.719+0000] {logging_mixin.py:150} INFO - [2023-08-09T03:22:46.719+0000] {dag.py:2742} INFO - Sync 1 DAGs
[2023-08-09T03:22:46.744+0000] {logging_mixin.py:150} INFO - [2023-08-09T03:22:46.744+0000] {dag.py:3508} INFO - Setting next_dagrun for example_python_operator to None, run_after=None
[2023-08-09T03:22:46.764+0000] {processor.py:179} INFO - Processing /home/airflow/.local/lib/python3.7/site-packages/airflow/example_dags/example_python_operator.py took 0.086 seconds
[2023-08-09T03:23:16.862+0000] {processor.py:157} INFO - Started process (PID=1441) to work on /home/airflow/.local/lib/python3.7/site-packages/airflow/example_dags/example_python_operator.py
[2023-08-09T03:23:16.863+0000] {processor.py:826} INFO - Processing file /home/airflow/.local/lib/python3.7/site-packages/airflow/example_dags/example_python_operator.py for tasks to queue
[2023-08-09T03:23:16.864+0000] {logging_mixin.py:150} INFO - [2023-08-09T03:23:16.864+0000] {dagbag.py:541} INFO - Filling up the DagBag from /home/airflow/.local/lib/python3.7/site-packages/airflow/example_dags/example_python_operator.py
[2023-08-09T03:23:16.873+0000] {processor.py:836} INFO - DAG(s) dict_keys(['example_python_operator']) retrieved from /home/airflow/.local/lib/python3.7/site-packages/airflow/example_dags/example_python_operator.py
[2023-08-09T03:23:16.896+0000] {logging_mixin.py:150} INFO - [2023-08-09T03:23:16.895+0000] {dag.py:2742} INFO - Sync 1 DAGs
[2023-08-09T03:23:16.917+0000] {logging_mixin.py:150} INFO - [2023-08-09T03:23:16.917+0000] {dag.py:3508} INFO - Setting next_dagrun for example_python_operator to None, run_after=None
[2023-08-09T03:23:16.935+0000] {processor.py:179} INFO - Processing /home/airflow/.local/lib/python3.7/site-packages/airflow/example_dags/example_python_operator.py took 0.075 seconds
[2023-08-09T03:23:47.071+0000] {processor.py:157} INFO - Started process (PID=1495) to work on /home/airflow/.local/lib/python3.7/site-packages/airflow/example_dags/example_python_operator.py
[2023-08-09T03:23:47.072+0000] {processor.py:826} INFO - Processing file /home/airflow/.local/lib/python3.7/site-packages/airflow/example_dags/example_python_operator.py for tasks to queue
[2023-08-09T03:23:47.073+0000] {logging_mixin.py:150} INFO - [2023-08-09T03:23:47.073+0000] {dagbag.py:541} INFO - Filling up the DagBag from /home/airflow/.local/lib/python3.7/site-packages/airflow/example_dags/example_python_operator.py
[2023-08-09T03:23:47.082+0000] {processor.py:836} INFO - DAG(s) dict_keys(['example_python_operator']) retrieved from /home/airflow/.local/lib/python3.7/site-packages/airflow/example_dags/example_python_operator.py
[2023-08-09T03:23:47.106+0000] {logging_mixin.py:150} INFO - [2023-08-09T03:23:47.105+0000] {dag.py:2742} INFO - Sync 1 DAGs
[2023-08-09T03:23:47.128+0000] {logging_mixin.py:150} INFO - [2023-08-09T03:23:47.128+0000] {dag.py:3508} INFO - Setting next_dagrun for example_python_operator to None, run_after=None
[2023-08-09T03:23:47.146+0000] {processor.py:179} INFO - Processing /home/airflow/.local/lib/python3.7/site-packages/airflow/example_dags/example_python_operator.py took 0.078 seconds
[2023-08-09T03:24:17.204+0000] {processor.py:157} INFO - Started process (PID=1550) to work on /home/airflow/.local/lib/python3.7/site-packages/airflow/example_dags/example_python_operator.py
[2023-08-09T03:24:17.205+0000] {processor.py:826} INFO - Processing file /home/airflow/.local/lib/python3.7/site-packages/airflow/example_dags/example_python_operator.py for tasks to queue
[2023-08-09T03:24:17.207+0000] {logging_mixin.py:150} INFO - [2023-08-09T03:24:17.207+0000] {dagbag.py:541} INFO - Filling up the DagBag from /home/airflow/.local/lib/python3.7/site-packages/airflow/example_dags/example_python_operator.py
[2023-08-09T03:24:17.221+0000] {processor.py:836} INFO - DAG(s) dict_keys(['example_python_operator']) retrieved from /home/airflow/.local/lib/python3.7/site-packages/airflow/example_dags/example_python_operator.py
[2023-08-09T03:24:17.256+0000] {logging_mixin.py:150} INFO - [2023-08-09T03:24:17.255+0000] {dag.py:2742} INFO - Sync 1 DAGs
[2023-08-09T03:24:17.291+0000] {logging_mixin.py:150} INFO - [2023-08-09T03:24:17.291+0000] {dag.py:3508} INFO - Setting next_dagrun for example_python_operator to None, run_after=None
[2023-08-09T03:24:17.314+0000] {processor.py:179} INFO - Processing /home/airflow/.local/lib/python3.7/site-packages/airflow/example_dags/example_python_operator.py took 0.113 seconds
[2023-08-09T03:24:47.520+0000] {processor.py:157} INFO - Started process (PID=1605) to work on /home/airflow/.local/lib/python3.7/site-packages/airflow/example_dags/example_python_operator.py
[2023-08-09T03:24:47.521+0000] {processor.py:826} INFO - Processing file /home/airflow/.local/lib/python3.7/site-packages/airflow/example_dags/example_python_operator.py for tasks to queue
[2023-08-09T03:24:47.523+0000] {logging_mixin.py:150} INFO - [2023-08-09T03:24:47.523+0000] {dagbag.py:541} INFO - Filling up the DagBag from /home/airflow/.local/lib/python3.7/site-packages/airflow/example_dags/example_python_operator.py
[2023-08-09T03:24:47.534+0000] {processor.py:836} INFO - DAG(s) dict_keys(['example_python_operator']) retrieved from /home/airflow/.local/lib/python3.7/site-packages/airflow/example_dags/example_python_operator.py
[2023-08-09T03:24:47.556+0000] {logging_mixin.py:150} INFO - [2023-08-09T03:24:47.556+0000] {dag.py:2742} INFO - Sync 1 DAGs
[2023-08-09T03:24:47.587+0000] {logging_mixin.py:150} INFO - [2023-08-09T03:24:47.587+0000] {dag.py:3508} INFO - Setting next_dagrun for example_python_operator to None, run_after=None
[2023-08-09T03:24:47.603+0000] {processor.py:179} INFO - Processing /home/airflow/.local/lib/python3.7/site-packages/airflow/example_dags/example_python_operator.py took 0.087 seconds
[2023-08-09T03:25:17.680+0000] {processor.py:157} INFO - Started process (PID=1658) to work on /home/airflow/.local/lib/python3.7/site-packages/airflow/example_dags/example_python_operator.py
[2023-08-09T03:25:17.681+0000] {processor.py:826} INFO - Processing file /home/airflow/.local/lib/python3.7/site-packages/airflow/example_dags/example_python_operator.py for tasks to queue
[2023-08-09T03:25:17.684+0000] {logging_mixin.py:150} INFO - [2023-08-09T03:25:17.683+0000] {dagbag.py:541} INFO - Filling up the DagBag from /home/airflow/.local/lib/python3.7/site-packages/airflow/example_dags/example_python_operator.py
[2023-08-09T03:25:17.696+0000] {processor.py:836} INFO - DAG(s) dict_keys(['example_python_operator']) retrieved from /home/airflow/.local/lib/python3.7/site-packages/airflow/example_dags/example_python_operator.py
[2023-08-09T03:25:17.722+0000] {logging_mixin.py:150} INFO - [2023-08-09T03:25:17.721+0000] {dag.py:2742} INFO - Sync 1 DAGs
[2023-08-09T03:25:17.747+0000] {logging_mixin.py:150} INFO - [2023-08-09T03:25:17.746+0000] {dag.py:3508} INFO - Setting next_dagrun for example_python_operator to None, run_after=None
[2023-08-09T03:25:17.764+0000] {processor.py:179} INFO - Processing /home/airflow/.local/lib/python3.7/site-packages/airflow/example_dags/example_python_operator.py took 0.088 seconds
[2023-08-09T03:25:47.934+0000] {processor.py:157} INFO - Started process (PID=1713) to work on /home/airflow/.local/lib/python3.7/site-packages/airflow/example_dags/example_python_operator.py
[2023-08-09T03:25:47.934+0000] {processor.py:826} INFO - Processing file /home/airflow/.local/lib/python3.7/site-packages/airflow/example_dags/example_python_operator.py for tasks to queue
[2023-08-09T03:25:47.936+0000] {logging_mixin.py:150} INFO - [2023-08-09T03:25:47.936+0000] {dagbag.py:541} INFO - Filling up the DagBag from /home/airflow/.local/lib/python3.7/site-packages/airflow/example_dags/example_python_operator.py
[2023-08-09T03:25:47.949+0000] {processor.py:836} INFO - DAG(s) dict_keys(['example_python_operator']) retrieved from /home/airflow/.local/lib/python3.7/site-packages/airflow/example_dags/example_python_operator.py
[2023-08-09T03:25:47.980+0000] {logging_mixin.py:150} INFO - [2023-08-09T03:25:47.978+0000] {dag.py:2742} INFO - Sync 1 DAGs
[2023-08-09T03:25:48.005+0000] {logging_mixin.py:150} INFO - [2023-08-09T03:25:48.005+0000] {dag.py:3508} INFO - Setting next_dagrun for example_python_operator to None, run_after=None
[2023-08-09T03:25:48.022+0000] {processor.py:179} INFO - Processing /home/airflow/.local/lib/python3.7/site-packages/airflow/example_dags/example_python_operator.py took 0.091 seconds
[2023-08-09T03:26:18.438+0000] {processor.py:157} INFO - Started process (PID=1768) to work on /home/airflow/.local/lib/python3.7/site-packages/airflow/example_dags/example_python_operator.py
[2023-08-09T03:26:18.438+0000] {processor.py:826} INFO - Processing file /home/airflow/.local/lib/python3.7/site-packages/airflow/example_dags/example_python_operator.py for tasks to queue
[2023-08-09T03:26:18.440+0000] {logging_mixin.py:150} INFO - [2023-08-09T03:26:18.440+0000] {dagbag.py:541} INFO - Filling up the DagBag from /home/airflow/.local/lib/python3.7/site-packages/airflow/example_dags/example_python_operator.py
[2023-08-09T03:26:18.451+0000] {processor.py:836} INFO - DAG(s) dict_keys(['example_python_operator']) retrieved from /home/airflow/.local/lib/python3.7/site-packages/airflow/example_dags/example_python_operator.py
[2023-08-09T03:26:18.476+0000] {logging_mixin.py:150} INFO - [2023-08-09T03:26:18.475+0000] {dag.py:2742} INFO - Sync 1 DAGs
[2023-08-09T03:26:18.503+0000] {logging_mixin.py:150} INFO - [2023-08-09T03:26:18.503+0000] {dag.py:3508} INFO - Setting next_dagrun for example_python_operator to None, run_after=None
[2023-08-09T03:26:18.542+0000] {processor.py:179} INFO - Processing /home/airflow/.local/lib/python3.7/site-packages/airflow/example_dags/example_python_operator.py took 0.107 seconds
[2023-08-09T03:26:49.606+0000] {processor.py:157} INFO - Started process (PID=1824) to work on /home/airflow/.local/lib/python3.7/site-packages/airflow/example_dags/example_python_operator.py
[2023-08-09T03:26:49.606+0000] {processor.py:826} INFO - Processing file /home/airflow/.local/lib/python3.7/site-packages/airflow/example_dags/example_python_operator.py for tasks to queue
[2023-08-09T03:26:49.608+0000] {logging_mixin.py:150} INFO - [2023-08-09T03:26:49.608+0000] {dagbag.py:541} INFO - Filling up the DagBag from /home/airflow/.local/lib/python3.7/site-packages/airflow/example_dags/example_python_operator.py
[2023-08-09T03:26:49.618+0000] {processor.py:836} INFO - DAG(s) dict_keys(['example_python_operator']) retrieved from /home/airflow/.local/lib/python3.7/site-packages/airflow/example_dags/example_python_operator.py
[2023-08-09T03:26:49.642+0000] {logging_mixin.py:150} INFO - [2023-08-09T03:26:49.641+0000] {dag.py:2742} INFO - Sync 1 DAGs
[2023-08-09T03:26:49.666+0000] {logging_mixin.py:150} INFO - [2023-08-09T03:26:49.666+0000] {dag.py:3508} INFO - Setting next_dagrun for example_python_operator to None, run_after=None
[2023-08-09T03:26:49.691+0000] {processor.py:179} INFO - Processing /home/airflow/.local/lib/python3.7/site-packages/airflow/example_dags/example_python_operator.py took 0.088 seconds
[2023-08-09T03:27:19.907+0000] {processor.py:157} INFO - Started process (PID=1878) to work on /home/airflow/.local/lib/python3.7/site-packages/airflow/example_dags/example_python_operator.py
[2023-08-09T03:27:19.908+0000] {processor.py:826} INFO - Processing file /home/airflow/.local/lib/python3.7/site-packages/airflow/example_dags/example_python_operator.py for tasks to queue
[2023-08-09T03:27:19.911+0000] {logging_mixin.py:150} INFO - [2023-08-09T03:27:19.910+0000] {dagbag.py:541} INFO - Filling up the DagBag from /home/airflow/.local/lib/python3.7/site-packages/airflow/example_dags/example_python_operator.py
[2023-08-09T03:27:19.927+0000] {processor.py:836} INFO - DAG(s) dict_keys(['example_python_operator']) retrieved from /home/airflow/.local/lib/python3.7/site-packages/airflow/example_dags/example_python_operator.py
[2023-08-09T03:27:19.968+0000] {logging_mixin.py:150} INFO - [2023-08-09T03:27:19.967+0000] {dag.py:2742} INFO - Sync 1 DAGs
[2023-08-09T03:27:20.004+0000] {logging_mixin.py:150} INFO - [2023-08-09T03:27:20.004+0000] {dag.py:3508} INFO - Setting next_dagrun for example_python_operator to None, run_after=None
[2023-08-09T03:27:20.031+0000] {processor.py:179} INFO - Processing /home/airflow/.local/lib/python3.7/site-packages/airflow/example_dags/example_python_operator.py took 0.128 seconds
[2023-08-09T03:27:50.190+0000] {processor.py:157} INFO - Started process (PID=1933) to work on /home/airflow/.local/lib/python3.7/site-packages/airflow/example_dags/example_python_operator.py
[2023-08-09T03:27:50.191+0000] {processor.py:826} INFO - Processing file /home/airflow/.local/lib/python3.7/site-packages/airflow/example_dags/example_python_operator.py for tasks to queue
[2023-08-09T03:27:50.193+0000] {logging_mixin.py:150} INFO - [2023-08-09T03:27:50.192+0000] {dagbag.py:541} INFO - Filling up the DagBag from /home/airflow/.local/lib/python3.7/site-packages/airflow/example_dags/example_python_operator.py
[2023-08-09T03:27:50.202+0000] {processor.py:836} INFO - DAG(s) dict_keys(['example_python_operator']) retrieved from /home/airflow/.local/lib/python3.7/site-packages/airflow/example_dags/example_python_operator.py
[2023-08-09T03:27:50.231+0000] {logging_mixin.py:150} INFO - [2023-08-09T03:27:50.230+0000] {dag.py:2742} INFO - Sync 1 DAGs
[2023-08-09T03:27:50.262+0000] {logging_mixin.py:150} INFO - [2023-08-09T03:27:50.262+0000] {dag.py:3508} INFO - Setting next_dagrun for example_python_operator to None, run_after=None
[2023-08-09T03:27:50.288+0000] {processor.py:179} INFO - Processing /home/airflow/.local/lib/python3.7/site-packages/airflow/example_dags/example_python_operator.py took 0.100 seconds
[2023-08-09T03:28:20.420+0000] {processor.py:157} INFO - Started process (PID=1987) to work on /home/airflow/.local/lib/python3.7/site-packages/airflow/example_dags/example_python_operator.py
[2023-08-09T03:28:20.420+0000] {processor.py:826} INFO - Processing file /home/airflow/.local/lib/python3.7/site-packages/airflow/example_dags/example_python_operator.py for tasks to queue
[2023-08-09T03:28:20.422+0000] {logging_mixin.py:150} INFO - [2023-08-09T03:28:20.422+0000] {dagbag.py:541} INFO - Filling up the DagBag from /home/airflow/.local/lib/python3.7/site-packages/airflow/example_dags/example_python_operator.py
[2023-08-09T03:28:20.431+0000] {processor.py:836} INFO - DAG(s) dict_keys(['example_python_operator']) retrieved from /home/airflow/.local/lib/python3.7/site-packages/airflow/example_dags/example_python_operator.py
[2023-08-09T03:28:20.454+0000] {logging_mixin.py:150} INFO - [2023-08-09T03:28:20.453+0000] {dag.py:2742} INFO - Sync 1 DAGs
[2023-08-09T03:28:20.477+0000] {logging_mixin.py:150} INFO - [2023-08-09T03:28:20.477+0000] {dag.py:3508} INFO - Setting next_dagrun for example_python_operator to None, run_after=None
[2023-08-09T03:28:20.501+0000] {processor.py:179} INFO - Processing /home/airflow/.local/lib/python3.7/site-packages/airflow/example_dags/example_python_operator.py took 0.083 seconds
[2023-08-09T03:28:50.736+0000] {processor.py:157} INFO - Started process (PID=2050) to work on /home/airflow/.local/lib/python3.7/site-packages/airflow/example_dags/example_python_operator.py
[2023-08-09T03:28:50.737+0000] {processor.py:826} INFO - Processing file /home/airflow/.local/lib/python3.7/site-packages/airflow/example_dags/example_python_operator.py for tasks to queue
[2023-08-09T03:28:50.739+0000] {logging_mixin.py:150} INFO - [2023-08-09T03:28:50.739+0000] {dagbag.py:541} INFO - Filling up the DagBag from /home/airflow/.local/lib/python3.7/site-packages/airflow/example_dags/example_python_operator.py
[2023-08-09T03:28:50.753+0000] {processor.py:836} INFO - DAG(s) dict_keys(['example_python_operator']) retrieved from /home/airflow/.local/lib/python3.7/site-packages/airflow/example_dags/example_python_operator.py
[2023-08-09T03:28:50.785+0000] {logging_mixin.py:150} INFO - [2023-08-09T03:28:50.784+0000] {dag.py:2742} INFO - Sync 1 DAGs
[2023-08-09T03:28:50.818+0000] {logging_mixin.py:150} INFO - [2023-08-09T03:28:50.817+0000] {dag.py:3508} INFO - Setting next_dagrun for example_python_operator to None, run_after=None
[2023-08-09T03:28:50.844+0000] {processor.py:179} INFO - Processing /home/airflow/.local/lib/python3.7/site-packages/airflow/example_dags/example_python_operator.py took 0.112 seconds
[2023-08-09T03:29:21.087+0000] {processor.py:157} INFO - Started process (PID=2105) to work on /home/airflow/.local/lib/python3.7/site-packages/airflow/example_dags/example_python_operator.py
[2023-08-09T03:29:21.088+0000] {processor.py:826} INFO - Processing file /home/airflow/.local/lib/python3.7/site-packages/airflow/example_dags/example_python_operator.py for tasks to queue
[2023-08-09T03:29:21.090+0000] {logging_mixin.py:150} INFO - [2023-08-09T03:29:21.090+0000] {dagbag.py:541} INFO - Filling up the DagBag from /home/airflow/.local/lib/python3.7/site-packages/airflow/example_dags/example_python_operator.py
[2023-08-09T03:29:21.104+0000] {processor.py:836} INFO - DAG(s) dict_keys(['example_python_operator']) retrieved from /home/airflow/.local/lib/python3.7/site-packages/airflow/example_dags/example_python_operator.py
[2023-08-09T03:29:21.141+0000] {logging_mixin.py:150} INFO - [2023-08-09T03:29:21.140+0000] {dag.py:2742} INFO - Sync 1 DAGs
[2023-08-09T03:29:21.175+0000] {logging_mixin.py:150} INFO - [2023-08-09T03:29:21.175+0000] {dag.py:3508} INFO - Setting next_dagrun for example_python_operator to None, run_after=None
[2023-08-09T03:29:21.199+0000] {processor.py:179} INFO - Processing /home/airflow/.local/lib/python3.7/site-packages/airflow/example_dags/example_python_operator.py took 0.116 seconds
[2023-08-09T03:29:51.320+0000] {processor.py:157} INFO - Started process (PID=2160) to work on /home/airflow/.local/lib/python3.7/site-packages/airflow/example_dags/example_python_operator.py
[2023-08-09T03:29:51.320+0000] {processor.py:826} INFO - Processing file /home/airflow/.local/lib/python3.7/site-packages/airflow/example_dags/example_python_operator.py for tasks to queue
[2023-08-09T03:29:51.321+0000] {logging_mixin.py:150} INFO - [2023-08-09T03:29:51.321+0000] {dagbag.py:541} INFO - Filling up the DagBag from /home/airflow/.local/lib/python3.7/site-packages/airflow/example_dags/example_python_operator.py
[2023-08-09T03:29:51.331+0000] {processor.py:836} INFO - DAG(s) dict_keys(['example_python_operator']) retrieved from /home/airflow/.local/lib/python3.7/site-packages/airflow/example_dags/example_python_operator.py
[2023-08-09T03:29:51.354+0000] {logging_mixin.py:150} INFO - [2023-08-09T03:29:51.354+0000] {dag.py:2742} INFO - Sync 1 DAGs
[2023-08-09T03:29:51.376+0000] {logging_mixin.py:150} INFO - [2023-08-09T03:29:51.375+0000] {dag.py:3508} INFO - Setting next_dagrun for example_python_operator to None, run_after=None
[2023-08-09T03:29:51.393+0000] {processor.py:179} INFO - Processing /home/airflow/.local/lib/python3.7/site-packages/airflow/example_dags/example_python_operator.py took 0.076 seconds
[2023-08-09T03:30:22.304+0000] {processor.py:157} INFO - Started process (PID=2215) to work on /home/airflow/.local/lib/python3.7/site-packages/airflow/example_dags/example_python_operator.py
[2023-08-09T03:30:22.305+0000] {processor.py:826} INFO - Processing file /home/airflow/.local/lib/python3.7/site-packages/airflow/example_dags/example_python_operator.py for tasks to queue
[2023-08-09T03:30:22.305+0000] {logging_mixin.py:150} INFO - [2023-08-09T03:30:22.305+0000] {dagbag.py:541} INFO - Filling up the DagBag from /home/airflow/.local/lib/python3.7/site-packages/airflow/example_dags/example_python_operator.py
[2023-08-09T03:30:22.317+0000] {processor.py:836} INFO - DAG(s) dict_keys(['example_python_operator']) retrieved from /home/airflow/.local/lib/python3.7/site-packages/airflow/example_dags/example_python_operator.py
[2023-08-09T03:30:22.342+0000] {logging_mixin.py:150} INFO - [2023-08-09T03:30:22.342+0000] {dag.py:2742} INFO - Sync 1 DAGs
[2023-08-09T03:30:22.368+0000] {logging_mixin.py:150} INFO - [2023-08-09T03:30:22.368+0000] {dag.py:3508} INFO - Setting next_dagrun for example_python_operator to None, run_after=None
[2023-08-09T03:30:22.386+0000] {processor.py:179} INFO - Processing /home/airflow/.local/lib/python3.7/site-packages/airflow/example_dags/example_python_operator.py took 0.086 seconds
[2023-08-09T03:30:52.561+0000] {processor.py:157} INFO - Started process (PID=2271) to work on /home/airflow/.local/lib/python3.7/site-packages/airflow/example_dags/example_python_operator.py
[2023-08-09T03:30:52.562+0000] {processor.py:826} INFO - Processing file /home/airflow/.local/lib/python3.7/site-packages/airflow/example_dags/example_python_operator.py for tasks to queue
[2023-08-09T03:30:52.563+0000] {logging_mixin.py:150} INFO - [2023-08-09T03:30:52.562+0000] {dagbag.py:541} INFO - Filling up the DagBag from /home/airflow/.local/lib/python3.7/site-packages/airflow/example_dags/example_python_operator.py
[2023-08-09T03:30:52.576+0000] {processor.py:836} INFO - DAG(s) dict_keys(['example_python_operator']) retrieved from /home/airflow/.local/lib/python3.7/site-packages/airflow/example_dags/example_python_operator.py
[2023-08-09T03:30:52.600+0000] {logging_mixin.py:150} INFO - [2023-08-09T03:30:52.600+0000] {dag.py:2742} INFO - Sync 1 DAGs
[2023-08-09T03:30:52.623+0000] {logging_mixin.py:150} INFO - [2023-08-09T03:30:52.623+0000] {dag.py:3508} INFO - Setting next_dagrun for example_python_operator to None, run_after=None
[2023-08-09T03:30:52.640+0000] {processor.py:179} INFO - Processing /home/airflow/.local/lib/python3.7/site-packages/airflow/example_dags/example_python_operator.py took 0.084 seconds
[2023-08-09T03:31:23.084+0000] {processor.py:157} INFO - Started process (PID=2329) to work on /home/airflow/.local/lib/python3.7/site-packages/airflow/example_dags/example_python_operator.py
[2023-08-09T03:31:23.085+0000] {processor.py:826} INFO - Processing file /home/airflow/.local/lib/python3.7/site-packages/airflow/example_dags/example_python_operator.py for tasks to queue
[2023-08-09T03:31:23.086+0000] {logging_mixin.py:150} INFO - [2023-08-09T03:31:23.085+0000] {dagbag.py:541} INFO - Filling up the DagBag from /home/airflow/.local/lib/python3.7/site-packages/airflow/example_dags/example_python_operator.py
[2023-08-09T03:31:23.095+0000] {processor.py:836} INFO - DAG(s) dict_keys(['example_python_operator']) retrieved from /home/airflow/.local/lib/python3.7/site-packages/airflow/example_dags/example_python_operator.py
[2023-08-09T03:31:23.128+0000] {logging_mixin.py:150} INFO - [2023-08-09T03:31:23.128+0000] {dag.py:2742} INFO - Sync 1 DAGs
[2023-08-09T03:31:23.162+0000] {logging_mixin.py:150} INFO - [2023-08-09T03:31:23.162+0000] {dag.py:3508} INFO - Setting next_dagrun for example_python_operator to None, run_after=None
[2023-08-09T03:31:23.183+0000] {processor.py:179} INFO - Processing /home/airflow/.local/lib/python3.7/site-packages/airflow/example_dags/example_python_operator.py took 0.101 seconds
[2023-08-09T03:31:53.416+0000] {processor.py:157} INFO - Started process (PID=2384) to work on /home/airflow/.local/lib/python3.7/site-packages/airflow/example_dags/example_python_operator.py
[2023-08-09T03:31:53.416+0000] {processor.py:826} INFO - Processing file /home/airflow/.local/lib/python3.7/site-packages/airflow/example_dags/example_python_operator.py for tasks to queue
[2023-08-09T03:31:53.417+0000] {logging_mixin.py:150} INFO - [2023-08-09T03:31:53.417+0000] {dagbag.py:541} INFO - Filling up the DagBag from /home/airflow/.local/lib/python3.7/site-packages/airflow/example_dags/example_python_operator.py
[2023-08-09T03:31:53.433+0000] {processor.py:836} INFO - DAG(s) dict_keys(['example_python_operator']) retrieved from /home/airflow/.local/lib/python3.7/site-packages/airflow/example_dags/example_python_operator.py
[2023-08-09T03:31:53.462+0000] {logging_mixin.py:150} INFO - [2023-08-09T03:31:53.462+0000] {dag.py:2742} INFO - Sync 1 DAGs
[2023-08-09T03:31:53.486+0000] {logging_mixin.py:150} INFO - [2023-08-09T03:31:53.486+0000] {dag.py:3508} INFO - Setting next_dagrun for example_python_operator to None, run_after=None
[2023-08-09T03:31:53.506+0000] {processor.py:179} INFO - Processing /home/airflow/.local/lib/python3.7/site-packages/airflow/example_dags/example_python_operator.py took 0.094 seconds
[2023-08-09T03:32:23.801+0000] {processor.py:157} INFO - Started process (PID=2442) to work on /home/airflow/.local/lib/python3.7/site-packages/airflow/example_dags/example_python_operator.py
[2023-08-09T03:32:23.802+0000] {processor.py:826} INFO - Processing file /home/airflow/.local/lib/python3.7/site-packages/airflow/example_dags/example_python_operator.py for tasks to queue
[2023-08-09T03:32:23.803+0000] {logging_mixin.py:150} INFO - [2023-08-09T03:32:23.802+0000] {dagbag.py:541} INFO - Filling up the DagBag from /home/airflow/.local/lib/python3.7/site-packages/airflow/example_dags/example_python_operator.py
[2023-08-09T03:32:23.816+0000] {processor.py:836} INFO - DAG(s) dict_keys(['example_python_operator']) retrieved from /home/airflow/.local/lib/python3.7/site-packages/airflow/example_dags/example_python_operator.py
[2023-08-09T03:32:23.844+0000] {logging_mixin.py:150} INFO - [2023-08-09T03:32:23.844+0000] {dag.py:2742} INFO - Sync 1 DAGs
[2023-08-09T03:32:23.874+0000] {logging_mixin.py:150} INFO - [2023-08-09T03:32:23.874+0000] {dag.py:3508} INFO - Setting next_dagrun for example_python_operator to None, run_after=None
[2023-08-09T03:32:23.896+0000] {processor.py:179} INFO - Processing /home/airflow/.local/lib/python3.7/site-packages/airflow/example_dags/example_python_operator.py took 0.098 seconds
[2023-08-09T03:32:54.610+0000] {processor.py:157} INFO - Started process (PID=2496) to work on /home/airflow/.local/lib/python3.7/site-packages/airflow/example_dags/example_python_operator.py
[2023-08-09T03:32:54.615+0000] {processor.py:826} INFO - Processing file /home/airflow/.local/lib/python3.7/site-packages/airflow/example_dags/example_python_operator.py for tasks to queue
[2023-08-09T03:32:54.616+0000] {logging_mixin.py:150} INFO - [2023-08-09T03:32:54.616+0000] {dagbag.py:541} INFO - Filling up the DagBag from /home/airflow/.local/lib/python3.7/site-packages/airflow/example_dags/example_python_operator.py
[2023-08-09T03:32:54.639+0000] {processor.py:836} INFO - DAG(s) dict_keys(['example_python_operator']) retrieved from /home/airflow/.local/lib/python3.7/site-packages/airflow/example_dags/example_python_operator.py
[2023-08-09T03:32:54.714+0000] {logging_mixin.py:150} INFO - [2023-08-09T03:32:54.714+0000] {dag.py:2742} INFO - Sync 1 DAGs
[2023-08-09T03:32:54.753+0000] {logging_mixin.py:150} INFO - [2023-08-09T03:32:54.753+0000] {dag.py:3508} INFO - Setting next_dagrun for example_python_operator to None, run_after=None
[2023-08-09T03:32:54.778+0000] {processor.py:179} INFO - Processing /home/airflow/.local/lib/python3.7/site-packages/airflow/example_dags/example_python_operator.py took 0.173 seconds
[2023-08-09T03:33:24.913+0000] {processor.py:157} INFO - Started process (PID=2550) to work on /home/airflow/.local/lib/python3.7/site-packages/airflow/example_dags/example_python_operator.py
[2023-08-09T03:33:24.914+0000] {processor.py:826} INFO - Processing file /home/airflow/.local/lib/python3.7/site-packages/airflow/example_dags/example_python_operator.py for tasks to queue
[2023-08-09T03:33:24.915+0000] {logging_mixin.py:150} INFO - [2023-08-09T03:33:24.915+0000] {dagbag.py:541} INFO - Filling up the DagBag from /home/airflow/.local/lib/python3.7/site-packages/airflow/example_dags/example_python_operator.py
[2023-08-09T03:33:24.931+0000] {processor.py:836} INFO - DAG(s) dict_keys(['example_python_operator']) retrieved from /home/airflow/.local/lib/python3.7/site-packages/airflow/example_dags/example_python_operator.py
[2023-08-09T03:33:24.971+0000] {logging_mixin.py:150} INFO - [2023-08-09T03:33:24.971+0000] {dag.py:2742} INFO - Sync 1 DAGs
[2023-08-09T03:33:24.998+0000] {logging_mixin.py:150} INFO - [2023-08-09T03:33:24.997+0000] {dag.py:3508} INFO - Setting next_dagrun for example_python_operator to None, run_after=None
[2023-08-09T03:33:25.019+0000] {processor.py:179} INFO - Processing /home/airflow/.local/lib/python3.7/site-packages/airflow/example_dags/example_python_operator.py took 0.110 seconds
[2023-08-09T03:33:55.579+0000] {processor.py:157} INFO - Started process (PID=2607) to work on /home/airflow/.local/lib/python3.7/site-packages/airflow/example_dags/example_python_operator.py
[2023-08-09T03:33:55.580+0000] {processor.py:826} INFO - Processing file /home/airflow/.local/lib/python3.7/site-packages/airflow/example_dags/example_python_operator.py for tasks to queue
[2023-08-09T03:33:55.580+0000] {logging_mixin.py:150} INFO - [2023-08-09T03:33:55.580+0000] {dagbag.py:541} INFO - Filling up the DagBag from /home/airflow/.local/lib/python3.7/site-packages/airflow/example_dags/example_python_operator.py
[2023-08-09T03:33:55.591+0000] {processor.py:836} INFO - DAG(s) dict_keys(['example_python_operator']) retrieved from /home/airflow/.local/lib/python3.7/site-packages/airflow/example_dags/example_python_operator.py
[2023-08-09T03:33:55.627+0000] {logging_mixin.py:150} INFO - [2023-08-09T03:33:55.627+0000] {dag.py:2742} INFO - Sync 1 DAGs
[2023-08-09T03:33:55.664+0000] {logging_mixin.py:150} INFO - [2023-08-09T03:33:55.664+0000] {dag.py:3508} INFO - Setting next_dagrun for example_python_operator to None, run_after=None
[2023-08-09T03:33:55.695+0000] {processor.py:179} INFO - Processing /home/airflow/.local/lib/python3.7/site-packages/airflow/example_dags/example_python_operator.py took 0.119 seconds
[2023-08-09T03:34:25.779+0000] {processor.py:157} INFO - Started process (PID=2661) to work on /home/airflow/.local/lib/python3.7/site-packages/airflow/example_dags/example_python_operator.py
[2023-08-09T03:34:25.780+0000] {processor.py:826} INFO - Processing file /home/airflow/.local/lib/python3.7/site-packages/airflow/example_dags/example_python_operator.py for tasks to queue
[2023-08-09T03:34:25.780+0000] {logging_mixin.py:150} INFO - [2023-08-09T03:34:25.780+0000] {dagbag.py:541} INFO - Filling up the DagBag from /home/airflow/.local/lib/python3.7/site-packages/airflow/example_dags/example_python_operator.py
[2023-08-09T03:34:25.790+0000] {processor.py:836} INFO - DAG(s) dict_keys(['example_python_operator']) retrieved from /home/airflow/.local/lib/python3.7/site-packages/airflow/example_dags/example_python_operator.py
[2023-08-09T03:34:25.818+0000] {logging_mixin.py:150} INFO - [2023-08-09T03:34:25.818+0000] {dag.py:2742} INFO - Sync 1 DAGs
[2023-08-09T03:34:25.843+0000] {logging_mixin.py:150} INFO - [2023-08-09T03:34:25.842+0000] {dag.py:3508} INFO - Setting next_dagrun for example_python_operator to None, run_after=None
[2023-08-09T03:34:25.866+0000] {processor.py:179} INFO - Processing /home/airflow/.local/lib/python3.7/site-packages/airflow/example_dags/example_python_operator.py took 0.091 seconds
[2023-08-09T03:34:56.287+0000] {processor.py:157} INFO - Started process (PID=2716) to work on /home/airflow/.local/lib/python3.7/site-packages/airflow/example_dags/example_python_operator.py
[2023-08-09T03:34:56.288+0000] {processor.py:826} INFO - Processing file /home/airflow/.local/lib/python3.7/site-packages/airflow/example_dags/example_python_operator.py for tasks to queue
[2023-08-09T03:34:56.289+0000] {logging_mixin.py:150} INFO - [2023-08-09T03:34:56.288+0000] {dagbag.py:541} INFO - Filling up the DagBag from /home/airflow/.local/lib/python3.7/site-packages/airflow/example_dags/example_python_operator.py
[2023-08-09T03:34:56.300+0000] {processor.py:836} INFO - DAG(s) dict_keys(['example_python_operator']) retrieved from /home/airflow/.local/lib/python3.7/site-packages/airflow/example_dags/example_python_operator.py
[2023-08-09T03:34:56.323+0000] {logging_mixin.py:150} INFO - [2023-08-09T03:34:56.322+0000] {dag.py:2742} INFO - Sync 1 DAGs
[2023-08-09T03:34:56.344+0000] {logging_mixin.py:150} INFO - [2023-08-09T03:34:56.344+0000] {dag.py:3508} INFO - Setting next_dagrun for example_python_operator to None, run_after=None
[2023-08-09T03:34:56.361+0000] {processor.py:179} INFO - Processing /home/airflow/.local/lib/python3.7/site-packages/airflow/example_dags/example_python_operator.py took 0.078 seconds
[2023-08-09T03:35:27.328+0000] {processor.py:157} INFO - Started process (PID=2771) to work on /home/airflow/.local/lib/python3.7/site-packages/airflow/example_dags/example_python_operator.py
[2023-08-09T03:35:27.329+0000] {processor.py:826} INFO - Processing file /home/airflow/.local/lib/python3.7/site-packages/airflow/example_dags/example_python_operator.py for tasks to queue
[2023-08-09T03:35:27.331+0000] {logging_mixin.py:150} INFO - [2023-08-09T03:35:27.330+0000] {dagbag.py:541} INFO - Filling up the DagBag from /home/airflow/.local/lib/python3.7/site-packages/airflow/example_dags/example_python_operator.py
[2023-08-09T03:35:27.344+0000] {processor.py:836} INFO - DAG(s) dict_keys(['example_python_operator']) retrieved from /home/airflow/.local/lib/python3.7/site-packages/airflow/example_dags/example_python_operator.py
[2023-08-09T03:35:27.376+0000] {logging_mixin.py:150} INFO - [2023-08-09T03:35:27.376+0000] {dag.py:2742} INFO - Sync 1 DAGs
[2023-08-09T03:35:27.400+0000] {logging_mixin.py:150} INFO - [2023-08-09T03:35:27.400+0000] {dag.py:3508} INFO - Setting next_dagrun for example_python_operator to None, run_after=None
[2023-08-09T03:35:27.418+0000] {processor.py:179} INFO - Processing /home/airflow/.local/lib/python3.7/site-packages/airflow/example_dags/example_python_operator.py took 0.095 seconds
[2023-08-09T03:35:57.671+0000] {processor.py:157} INFO - Started process (PID=2826) to work on /home/airflow/.local/lib/python3.7/site-packages/airflow/example_dags/example_python_operator.py
[2023-08-09T03:35:57.672+0000] {processor.py:826} INFO - Processing file /home/airflow/.local/lib/python3.7/site-packages/airflow/example_dags/example_python_operator.py for tasks to queue
[2023-08-09T03:35:57.673+0000] {logging_mixin.py:150} INFO - [2023-08-09T03:35:57.672+0000] {dagbag.py:541} INFO - Filling up the DagBag from /home/airflow/.local/lib/python3.7/site-packages/airflow/example_dags/example_python_operator.py
[2023-08-09T03:35:57.681+0000] {processor.py:836} INFO - DAG(s) dict_keys(['example_python_operator']) retrieved from /home/airflow/.local/lib/python3.7/site-packages/airflow/example_dags/example_python_operator.py
[2023-08-09T03:35:57.709+0000] {logging_mixin.py:150} INFO - [2023-08-09T03:35:57.709+0000] {dag.py:2742} INFO - Sync 1 DAGs
[2023-08-09T03:35:57.731+0000] {logging_mixin.py:150} INFO - [2023-08-09T03:35:57.731+0000] {dag.py:3508} INFO - Setting next_dagrun for example_python_operator to None, run_after=None
[2023-08-09T03:35:57.749+0000] {processor.py:179} INFO - Processing /home/airflow/.local/lib/python3.7/site-packages/airflow/example_dags/example_python_operator.py took 0.080 seconds
[2023-08-09T03:36:28.054+0000] {processor.py:157} INFO - Started process (PID=2882) to work on /home/airflow/.local/lib/python3.7/site-packages/airflow/example_dags/example_python_operator.py
[2023-08-09T03:36:28.055+0000] {processor.py:826} INFO - Processing file /home/airflow/.local/lib/python3.7/site-packages/airflow/example_dags/example_python_operator.py for tasks to queue
[2023-08-09T03:36:28.055+0000] {logging_mixin.py:150} INFO - [2023-08-09T03:36:28.055+0000] {dagbag.py:541} INFO - Filling up the DagBag from /home/airflow/.local/lib/python3.7/site-packages/airflow/example_dags/example_python_operator.py
[2023-08-09T03:36:28.064+0000] {processor.py:836} INFO - DAG(s) dict_keys(['example_python_operator']) retrieved from /home/airflow/.local/lib/python3.7/site-packages/airflow/example_dags/example_python_operator.py
[2023-08-09T03:36:28.087+0000] {logging_mixin.py:150} INFO - [2023-08-09T03:36:28.087+0000] {dag.py:2742} INFO - Sync 1 DAGs
[2023-08-09T03:36:28.110+0000] {logging_mixin.py:150} INFO - [2023-08-09T03:36:28.110+0000] {dag.py:3508} INFO - Setting next_dagrun for example_python_operator to None, run_after=None
[2023-08-09T03:36:28.125+0000] {processor.py:179} INFO - Processing /home/airflow/.local/lib/python3.7/site-packages/airflow/example_dags/example_python_operator.py took 0.074 seconds
