[2023-08-09T03:10:35.719+0000] {processor.py:157} INFO - Started process (PID=81) to work on /home/airflow/.local/lib/python3.7/site-packages/airflow/example_dags/example_task_group_decorator.py
[2023-08-09T03:10:35.720+0000] {processor.py:826} INFO - Processing file /home/airflow/.local/lib/python3.7/site-packages/airflow/example_dags/example_task_group_decorator.py for tasks to queue
[2023-08-09T03:10:35.722+0000] {logging_mixin.py:150} INFO - [2023-08-09T03:10:35.722+0000] {dagbag.py:541} INFO - Filling up the DagBag from /home/airflow/.local/lib/python3.7/site-packages/airflow/example_dags/example_task_group_decorator.py
[2023-08-09T03:10:35.744+0000] {processor.py:836} INFO - DAG(s) dict_keys(['example_task_group_decorator']) retrieved from /home/airflow/.local/lib/python3.7/site-packages/airflow/example_dags/example_task_group_decorator.py
[2023-08-09T03:10:35.802+0000] {logging_mixin.py:150} INFO - [2023-08-09T03:10:35.801+0000] {dag.py:2742} INFO - Sync 1 DAGs
[2023-08-09T03:10:35.845+0000] {logging_mixin.py:150} INFO - [2023-08-09T03:10:35.845+0000] {dag.py:3508} INFO - Setting next_dagrun for example_task_group_decorator to 2023-08-08T03:10:35.845341+00:00, run_after=2023-08-09T03:10:35.845341+00:00
[2023-08-09T03:10:35.873+0000] {processor.py:179} INFO - Processing /home/airflow/.local/lib/python3.7/site-packages/airflow/example_dags/example_task_group_decorator.py took 0.158 seconds
[2023-08-09T03:11:06.598+0000] {processor.py:157} INFO - Started process (PID=136) to work on /home/airflow/.local/lib/python3.7/site-packages/airflow/example_dags/example_task_group_decorator.py
[2023-08-09T03:11:06.599+0000] {processor.py:826} INFO - Processing file /home/airflow/.local/lib/python3.7/site-packages/airflow/example_dags/example_task_group_decorator.py for tasks to queue
[2023-08-09T03:11:06.600+0000] {logging_mixin.py:150} INFO - [2023-08-09T03:11:06.600+0000] {dagbag.py:541} INFO - Filling up the DagBag from /home/airflow/.local/lib/python3.7/site-packages/airflow/example_dags/example_task_group_decorator.py
[2023-08-09T03:11:06.614+0000] {processor.py:836} INFO - DAG(s) dict_keys(['example_task_group_decorator']) retrieved from /home/airflow/.local/lib/python3.7/site-packages/airflow/example_dags/example_task_group_decorator.py
[2023-08-09T03:11:06.640+0000] {logging_mixin.py:150} INFO - [2023-08-09T03:11:06.639+0000] {dag.py:2742} INFO - Sync 1 DAGs
[2023-08-09T03:11:06.665+0000] {logging_mixin.py:150} INFO - [2023-08-09T03:11:06.665+0000] {dag.py:3508} INFO - Setting next_dagrun for example_task_group_decorator to 2023-08-08T03:11:06.665269+00:00, run_after=2023-08-09T03:11:06.665269+00:00
[2023-08-09T03:11:06.685+0000] {processor.py:179} INFO - Processing /home/airflow/.local/lib/python3.7/site-packages/airflow/example_dags/example_task_group_decorator.py took 0.091 seconds
[2023-08-09T03:11:37.264+0000] {processor.py:157} INFO - Started process (PID=191) to work on /home/airflow/.local/lib/python3.7/site-packages/airflow/example_dags/example_task_group_decorator.py
[2023-08-09T03:11:37.265+0000] {processor.py:826} INFO - Processing file /home/airflow/.local/lib/python3.7/site-packages/airflow/example_dags/example_task_group_decorator.py for tasks to queue
[2023-08-09T03:11:37.266+0000] {logging_mixin.py:150} INFO - [2023-08-09T03:11:37.266+0000] {dagbag.py:541} INFO - Filling up the DagBag from /home/airflow/.local/lib/python3.7/site-packages/airflow/example_dags/example_task_group_decorator.py
[2023-08-09T03:11:37.279+0000] {processor.py:836} INFO - DAG(s) dict_keys(['example_task_group_decorator']) retrieved from /home/airflow/.local/lib/python3.7/site-packages/airflow/example_dags/example_task_group_decorator.py
[2023-08-09T03:11:37.312+0000] {logging_mixin.py:150} INFO - [2023-08-09T03:11:37.311+0000] {dag.py:2742} INFO - Sync 1 DAGs
[2023-08-09T03:11:37.338+0000] {logging_mixin.py:150} INFO - [2023-08-09T03:11:37.338+0000] {dag.py:3508} INFO - Setting next_dagrun for example_task_group_decorator to 2023-08-08T03:11:37.338119+00:00, run_after=2023-08-09T03:11:37.338119+00:00
[2023-08-09T03:11:37.357+0000] {processor.py:179} INFO - Processing /home/airflow/.local/lib/python3.7/site-packages/airflow/example_dags/example_task_group_decorator.py took 0.096 seconds
[2023-08-09T03:12:07.587+0000] {processor.py:157} INFO - Started process (PID=247) to work on /home/airflow/.local/lib/python3.7/site-packages/airflow/example_dags/example_task_group_decorator.py
[2023-08-09T03:12:07.588+0000] {processor.py:826} INFO - Processing file /home/airflow/.local/lib/python3.7/site-packages/airflow/example_dags/example_task_group_decorator.py for tasks to queue
[2023-08-09T03:12:07.590+0000] {logging_mixin.py:150} INFO - [2023-08-09T03:12:07.590+0000] {dagbag.py:541} INFO - Filling up the DagBag from /home/airflow/.local/lib/python3.7/site-packages/airflow/example_dags/example_task_group_decorator.py
[2023-08-09T03:12:07.611+0000] {processor.py:836} INFO - DAG(s) dict_keys(['example_task_group_decorator']) retrieved from /home/airflow/.local/lib/python3.7/site-packages/airflow/example_dags/example_task_group_decorator.py
[2023-08-09T03:12:07.649+0000] {logging_mixin.py:150} INFO - [2023-08-09T03:12:07.648+0000] {dag.py:2742} INFO - Sync 1 DAGs
[2023-08-09T03:12:07.686+0000] {logging_mixin.py:150} INFO - [2023-08-09T03:12:07.686+0000] {dag.py:3508} INFO - Setting next_dagrun for example_task_group_decorator to 2023-08-08T03:12:07.686270+00:00, run_after=2023-08-09T03:12:07.686270+00:00
[2023-08-09T03:12:07.714+0000] {processor.py:179} INFO - Processing /home/airflow/.local/lib/python3.7/site-packages/airflow/example_dags/example_task_group_decorator.py took 0.131 seconds
[2023-08-09T03:12:37.853+0000] {processor.py:157} INFO - Started process (PID=302) to work on /home/airflow/.local/lib/python3.7/site-packages/airflow/example_dags/example_task_group_decorator.py
[2023-08-09T03:12:37.854+0000] {processor.py:826} INFO - Processing file /home/airflow/.local/lib/python3.7/site-packages/airflow/example_dags/example_task_group_decorator.py for tasks to queue
[2023-08-09T03:12:37.856+0000] {logging_mixin.py:150} INFO - [2023-08-09T03:12:37.856+0000] {dagbag.py:541} INFO - Filling up the DagBag from /home/airflow/.local/lib/python3.7/site-packages/airflow/example_dags/example_task_group_decorator.py
[2023-08-09T03:12:37.870+0000] {processor.py:836} INFO - DAG(s) dict_keys(['example_task_group_decorator']) retrieved from /home/airflow/.local/lib/python3.7/site-packages/airflow/example_dags/example_task_group_decorator.py
[2023-08-09T03:12:37.896+0000] {logging_mixin.py:150} INFO - [2023-08-09T03:12:37.895+0000] {dag.py:2742} INFO - Sync 1 DAGs
[2023-08-09T03:12:37.921+0000] {logging_mixin.py:150} INFO - [2023-08-09T03:12:37.921+0000] {dag.py:3508} INFO - Setting next_dagrun for example_task_group_decorator to 2023-08-08T03:12:37.921200+00:00, run_after=2023-08-09T03:12:37.921200+00:00
[2023-08-09T03:12:37.937+0000] {processor.py:179} INFO - Processing /home/airflow/.local/lib/python3.7/site-packages/airflow/example_dags/example_task_group_decorator.py took 0.086 seconds
[2023-08-09T03:13:08.847+0000] {processor.py:157} INFO - Started process (PID=357) to work on /home/airflow/.local/lib/python3.7/site-packages/airflow/example_dags/example_task_group_decorator.py
[2023-08-09T03:13:08.848+0000] {processor.py:826} INFO - Processing file /home/airflow/.local/lib/python3.7/site-packages/airflow/example_dags/example_task_group_decorator.py for tasks to queue
[2023-08-09T03:13:08.849+0000] {logging_mixin.py:150} INFO - [2023-08-09T03:13:08.849+0000] {dagbag.py:541} INFO - Filling up the DagBag from /home/airflow/.local/lib/python3.7/site-packages/airflow/example_dags/example_task_group_decorator.py
[2023-08-09T03:13:08.862+0000] {processor.py:836} INFO - DAG(s) dict_keys(['example_task_group_decorator']) retrieved from /home/airflow/.local/lib/python3.7/site-packages/airflow/example_dags/example_task_group_decorator.py
[2023-08-09T03:13:08.891+0000] {logging_mixin.py:150} INFO - [2023-08-09T03:13:08.891+0000] {dag.py:2742} INFO - Sync 1 DAGs
[2023-08-09T03:13:08.914+0000] {logging_mixin.py:150} INFO - [2023-08-09T03:13:08.914+0000] {dag.py:3508} INFO - Setting next_dagrun for example_task_group_decorator to 2023-08-08T03:13:08.914259+00:00, run_after=2023-08-09T03:13:08.914259+00:00
[2023-08-09T03:13:08.935+0000] {processor.py:179} INFO - Processing /home/airflow/.local/lib/python3.7/site-packages/airflow/example_dags/example_task_group_decorator.py took 0.090 seconds
[2023-08-09T03:13:38.989+0000] {processor.py:157} INFO - Started process (PID=411) to work on /home/airflow/.local/lib/python3.7/site-packages/airflow/example_dags/example_task_group_decorator.py
[2023-08-09T03:13:38.990+0000] {processor.py:826} INFO - Processing file /home/airflow/.local/lib/python3.7/site-packages/airflow/example_dags/example_task_group_decorator.py for tasks to queue
[2023-08-09T03:13:38.991+0000] {logging_mixin.py:150} INFO - [2023-08-09T03:13:38.991+0000] {dagbag.py:541} INFO - Filling up the DagBag from /home/airflow/.local/lib/python3.7/site-packages/airflow/example_dags/example_task_group_decorator.py
[2023-08-09T03:13:39.003+0000] {processor.py:836} INFO - DAG(s) dict_keys(['example_task_group_decorator']) retrieved from /home/airflow/.local/lib/python3.7/site-packages/airflow/example_dags/example_task_group_decorator.py
[2023-08-09T03:13:39.028+0000] {logging_mixin.py:150} INFO - [2023-08-09T03:13:39.028+0000] {dag.py:2742} INFO - Sync 1 DAGs
[2023-08-09T03:13:39.052+0000] {logging_mixin.py:150} INFO - [2023-08-09T03:13:39.052+0000] {dag.py:3508} INFO - Setting next_dagrun for example_task_group_decorator to 2023-08-08T03:13:39.052127+00:00, run_after=2023-08-09T03:13:39.052127+00:00
[2023-08-09T03:13:39.069+0000] {processor.py:179} INFO - Processing /home/airflow/.local/lib/python3.7/site-packages/airflow/example_dags/example_task_group_decorator.py took 0.083 seconds
[2023-08-09T03:14:09.437+0000] {processor.py:157} INFO - Started process (PID=467) to work on /home/airflow/.local/lib/python3.7/site-packages/airflow/example_dags/example_task_group_decorator.py
[2023-08-09T03:14:09.438+0000] {processor.py:826} INFO - Processing file /home/airflow/.local/lib/python3.7/site-packages/airflow/example_dags/example_task_group_decorator.py for tasks to queue
[2023-08-09T03:14:09.440+0000] {logging_mixin.py:150} INFO - [2023-08-09T03:14:09.440+0000] {dagbag.py:541} INFO - Filling up the DagBag from /home/airflow/.local/lib/python3.7/site-packages/airflow/example_dags/example_task_group_decorator.py
[2023-08-09T03:14:09.469+0000] {processor.py:836} INFO - DAG(s) dict_keys(['example_task_group_decorator']) retrieved from /home/airflow/.local/lib/python3.7/site-packages/airflow/example_dags/example_task_group_decorator.py
[2023-08-09T03:14:09.526+0000] {logging_mixin.py:150} INFO - [2023-08-09T03:14:09.525+0000] {dag.py:2742} INFO - Sync 1 DAGs
[2023-08-09T03:14:09.561+0000] {logging_mixin.py:150} INFO - [2023-08-09T03:14:09.561+0000] {dag.py:3508} INFO - Setting next_dagrun for example_task_group_decorator to 2023-08-08T03:14:09.561217+00:00, run_after=2023-08-09T03:14:09.561217+00:00
[2023-08-09T03:14:09.579+0000] {processor.py:179} INFO - Processing /home/airflow/.local/lib/python3.7/site-packages/airflow/example_dags/example_task_group_decorator.py took 0.145 seconds
[2023-08-09T03:14:39.673+0000] {processor.py:157} INFO - Started process (PID=522) to work on /home/airflow/.local/lib/python3.7/site-packages/airflow/example_dags/example_task_group_decorator.py
[2023-08-09T03:14:39.674+0000] {processor.py:826} INFO - Processing file /home/airflow/.local/lib/python3.7/site-packages/airflow/example_dags/example_task_group_decorator.py for tasks to queue
[2023-08-09T03:14:39.676+0000] {logging_mixin.py:150} INFO - [2023-08-09T03:14:39.675+0000] {dagbag.py:541} INFO - Filling up the DagBag from /home/airflow/.local/lib/python3.7/site-packages/airflow/example_dags/example_task_group_decorator.py
[2023-08-09T03:14:39.689+0000] {processor.py:836} INFO - DAG(s) dict_keys(['example_task_group_decorator']) retrieved from /home/airflow/.local/lib/python3.7/site-packages/airflow/example_dags/example_task_group_decorator.py
[2023-08-09T03:14:39.716+0000] {logging_mixin.py:150} INFO - [2023-08-09T03:14:39.715+0000] {dag.py:2742} INFO - Sync 1 DAGs
[2023-08-09T03:14:39.749+0000] {logging_mixin.py:150} INFO - [2023-08-09T03:14:39.748+0000] {dag.py:3508} INFO - Setting next_dagrun for example_task_group_decorator to 2023-08-08T03:14:39.748605+00:00, run_after=2023-08-09T03:14:39.748605+00:00
[2023-08-09T03:14:39.774+0000] {processor.py:179} INFO - Processing /home/airflow/.local/lib/python3.7/site-packages/airflow/example_dags/example_task_group_decorator.py took 0.104 seconds
[2023-08-09T03:15:09.965+0000] {processor.py:157} INFO - Started process (PID=577) to work on /home/airflow/.local/lib/python3.7/site-packages/airflow/example_dags/example_task_group_decorator.py
[2023-08-09T03:15:09.966+0000] {processor.py:826} INFO - Processing file /home/airflow/.local/lib/python3.7/site-packages/airflow/example_dags/example_task_group_decorator.py for tasks to queue
[2023-08-09T03:15:09.968+0000] {logging_mixin.py:150} INFO - [2023-08-09T03:15:09.968+0000] {dagbag.py:541} INFO - Filling up the DagBag from /home/airflow/.local/lib/python3.7/site-packages/airflow/example_dags/example_task_group_decorator.py
[2023-08-09T03:15:09.982+0000] {processor.py:836} INFO - DAG(s) dict_keys(['example_task_group_decorator']) retrieved from /home/airflow/.local/lib/python3.7/site-packages/airflow/example_dags/example_task_group_decorator.py
[2023-08-09T03:15:10.006+0000] {logging_mixin.py:150} INFO - [2023-08-09T03:15:10.005+0000] {dag.py:2742} INFO - Sync 1 DAGs
[2023-08-09T03:15:10.030+0000] {logging_mixin.py:150} INFO - [2023-08-09T03:15:10.029+0000] {dag.py:3508} INFO - Setting next_dagrun for example_task_group_decorator to 2023-08-08T03:15:10.029707+00:00, run_after=2023-08-09T03:15:10.029707+00:00
[2023-08-09T03:15:10.048+0000] {processor.py:179} INFO - Processing /home/airflow/.local/lib/python3.7/site-packages/airflow/example_dags/example_task_group_decorator.py took 0.085 seconds
[2023-08-09T03:15:42.094+0000] {processor.py:157} INFO - Started process (PID=633) to work on /home/airflow/.local/lib/python3.7/site-packages/airflow/example_dags/example_task_group_decorator.py
[2023-08-09T03:15:42.098+0000] {processor.py:826} INFO - Processing file /home/airflow/.local/lib/python3.7/site-packages/airflow/example_dags/example_task_group_decorator.py for tasks to queue
[2023-08-09T03:15:42.102+0000] {logging_mixin.py:150} INFO - [2023-08-09T03:15:42.102+0000] {dagbag.py:541} INFO - Filling up the DagBag from /home/airflow/.local/lib/python3.7/site-packages/airflow/example_dags/example_task_group_decorator.py
[2023-08-09T03:15:42.139+0000] {processor.py:836} INFO - DAG(s) dict_keys(['example_task_group_decorator']) retrieved from /home/airflow/.local/lib/python3.7/site-packages/airflow/example_dags/example_task_group_decorator.py
[2023-08-09T03:15:42.211+0000] {logging_mixin.py:150} INFO - [2023-08-09T03:15:42.210+0000] {dag.py:2742} INFO - Sync 1 DAGs
[2023-08-09T03:15:42.268+0000] {logging_mixin.py:150} INFO - [2023-08-09T03:15:42.268+0000] {dag.py:3508} INFO - Setting next_dagrun for example_task_group_decorator to 2023-08-08T03:15:42.268174+00:00, run_after=2023-08-09T03:15:42.268174+00:00
[2023-08-09T03:15:42.318+0000] {processor.py:179} INFO - Processing /home/airflow/.local/lib/python3.7/site-packages/airflow/example_dags/example_task_group_decorator.py took 0.228 seconds
[2023-08-09T03:16:12.780+0000] {processor.py:157} INFO - Started process (PID=688) to work on /home/airflow/.local/lib/python3.7/site-packages/airflow/example_dags/example_task_group_decorator.py
[2023-08-09T03:16:12.781+0000] {processor.py:826} INFO - Processing file /home/airflow/.local/lib/python3.7/site-packages/airflow/example_dags/example_task_group_decorator.py for tasks to queue
[2023-08-09T03:16:12.783+0000] {logging_mixin.py:150} INFO - [2023-08-09T03:16:12.783+0000] {dagbag.py:541} INFO - Filling up the DagBag from /home/airflow/.local/lib/python3.7/site-packages/airflow/example_dags/example_task_group_decorator.py
[2023-08-09T03:16:12.798+0000] {processor.py:836} INFO - DAG(s) dict_keys(['example_task_group_decorator']) retrieved from /home/airflow/.local/lib/python3.7/site-packages/airflow/example_dags/example_task_group_decorator.py
[2023-08-09T03:16:12.824+0000] {logging_mixin.py:150} INFO - [2023-08-09T03:16:12.824+0000] {dag.py:2742} INFO - Sync 1 DAGs
[2023-08-09T03:16:12.847+0000] {logging_mixin.py:150} INFO - [2023-08-09T03:16:12.847+0000] {dag.py:3508} INFO - Setting next_dagrun for example_task_group_decorator to 2023-08-08T03:16:12.846883+00:00, run_after=2023-08-09T03:16:12.846883+00:00
[2023-08-09T03:16:12.863+0000] {processor.py:179} INFO - Processing /home/airflow/.local/lib/python3.7/site-packages/airflow/example_dags/example_task_group_decorator.py took 0.086 seconds
[2023-08-09T03:16:43.081+0000] {processor.py:157} INFO - Started process (PID=743) to work on /home/airflow/.local/lib/python3.7/site-packages/airflow/example_dags/example_task_group_decorator.py
[2023-08-09T03:16:43.082+0000] {processor.py:826} INFO - Processing file /home/airflow/.local/lib/python3.7/site-packages/airflow/example_dags/example_task_group_decorator.py for tasks to queue
[2023-08-09T03:16:43.084+0000] {logging_mixin.py:150} INFO - [2023-08-09T03:16:43.083+0000] {dagbag.py:541} INFO - Filling up the DagBag from /home/airflow/.local/lib/python3.7/site-packages/airflow/example_dags/example_task_group_decorator.py
[2023-08-09T03:16:43.098+0000] {processor.py:836} INFO - DAG(s) dict_keys(['example_task_group_decorator']) retrieved from /home/airflow/.local/lib/python3.7/site-packages/airflow/example_dags/example_task_group_decorator.py
[2023-08-09T03:16:43.123+0000] {logging_mixin.py:150} INFO - [2023-08-09T03:16:43.123+0000] {dag.py:2742} INFO - Sync 1 DAGs
[2023-08-09T03:16:43.147+0000] {logging_mixin.py:150} INFO - [2023-08-09T03:16:43.146+0000] {dag.py:3508} INFO - Setting next_dagrun for example_task_group_decorator to 2023-08-08T03:16:43.146723+00:00, run_after=2023-08-09T03:16:43.146723+00:00
[2023-08-09T03:16:43.164+0000] {processor.py:179} INFO - Processing /home/airflow/.local/lib/python3.7/site-packages/airflow/example_dags/example_task_group_decorator.py took 0.086 seconds
[2023-08-09T03:17:13.304+0000] {processor.py:157} INFO - Started process (PID=798) to work on /home/airflow/.local/lib/python3.7/site-packages/airflow/example_dags/example_task_group_decorator.py
[2023-08-09T03:17:13.305+0000] {processor.py:826} INFO - Processing file /home/airflow/.local/lib/python3.7/site-packages/airflow/example_dags/example_task_group_decorator.py for tasks to queue
[2023-08-09T03:17:13.307+0000] {logging_mixin.py:150} INFO - [2023-08-09T03:17:13.307+0000] {dagbag.py:541} INFO - Filling up the DagBag from /home/airflow/.local/lib/python3.7/site-packages/airflow/example_dags/example_task_group_decorator.py
[2023-08-09T03:17:13.322+0000] {processor.py:836} INFO - DAG(s) dict_keys(['example_task_group_decorator']) retrieved from /home/airflow/.local/lib/python3.7/site-packages/airflow/example_dags/example_task_group_decorator.py
[2023-08-09T03:17:13.347+0000] {logging_mixin.py:150} INFO - [2023-08-09T03:17:13.347+0000] {dag.py:2742} INFO - Sync 1 DAGs
[2023-08-09T03:17:13.370+0000] {logging_mixin.py:150} INFO - [2023-08-09T03:17:13.370+0000] {dag.py:3508} INFO - Setting next_dagrun for example_task_group_decorator to 2023-08-08T03:17:13.370036+00:00, run_after=2023-08-09T03:17:13.370036+00:00
[2023-08-09T03:17:13.390+0000] {processor.py:179} INFO - Processing /home/airflow/.local/lib/python3.7/site-packages/airflow/example_dags/example_task_group_decorator.py took 0.088 seconds
[2023-08-09T03:17:43.568+0000] {processor.py:157} INFO - Started process (PID=853) to work on /home/airflow/.local/lib/python3.7/site-packages/airflow/example_dags/example_task_group_decorator.py
[2023-08-09T03:17:43.569+0000] {processor.py:826} INFO - Processing file /home/airflow/.local/lib/python3.7/site-packages/airflow/example_dags/example_task_group_decorator.py for tasks to queue
[2023-08-09T03:17:43.572+0000] {logging_mixin.py:150} INFO - [2023-08-09T03:17:43.571+0000] {dagbag.py:541} INFO - Filling up the DagBag from /home/airflow/.local/lib/python3.7/site-packages/airflow/example_dags/example_task_group_decorator.py
[2023-08-09T03:17:43.587+0000] {processor.py:836} INFO - DAG(s) dict_keys(['example_task_group_decorator']) retrieved from /home/airflow/.local/lib/python3.7/site-packages/airflow/example_dags/example_task_group_decorator.py
[2023-08-09T03:17:43.623+0000] {logging_mixin.py:150} INFO - [2023-08-09T03:17:43.623+0000] {dag.py:2742} INFO - Sync 1 DAGs
[2023-08-09T03:17:43.661+0000] {logging_mixin.py:150} INFO - [2023-08-09T03:17:43.661+0000] {dag.py:3508} INFO - Setting next_dagrun for example_task_group_decorator to 2023-08-08T03:17:43.661210+00:00, run_after=2023-08-09T03:17:43.661210+00:00
[2023-08-09T03:17:43.687+0000] {processor.py:179} INFO - Processing /home/airflow/.local/lib/python3.7/site-packages/airflow/example_dags/example_task_group_decorator.py took 0.122 seconds
[2023-08-09T03:18:13.753+0000] {processor.py:157} INFO - Started process (PID=907) to work on /home/airflow/.local/lib/python3.7/site-packages/airflow/example_dags/example_task_group_decorator.py
[2023-08-09T03:18:13.754+0000] {processor.py:826} INFO - Processing file /home/airflow/.local/lib/python3.7/site-packages/airflow/example_dags/example_task_group_decorator.py for tasks to queue
[2023-08-09T03:18:13.756+0000] {logging_mixin.py:150} INFO - [2023-08-09T03:18:13.756+0000] {dagbag.py:541} INFO - Filling up the DagBag from /home/airflow/.local/lib/python3.7/site-packages/airflow/example_dags/example_task_group_decorator.py
[2023-08-09T03:18:13.770+0000] {processor.py:836} INFO - DAG(s) dict_keys(['example_task_group_decorator']) retrieved from /home/airflow/.local/lib/python3.7/site-packages/airflow/example_dags/example_task_group_decorator.py
[2023-08-09T03:18:13.795+0000] {logging_mixin.py:150} INFO - [2023-08-09T03:18:13.794+0000] {dag.py:2742} INFO - Sync 1 DAGs
[2023-08-09T03:18:13.819+0000] {logging_mixin.py:150} INFO - [2023-08-09T03:18:13.818+0000] {dag.py:3508} INFO - Setting next_dagrun for example_task_group_decorator to 2023-08-08T03:18:13.818660+00:00, run_after=2023-08-09T03:18:13.818660+00:00
[2023-08-09T03:18:13.839+0000] {processor.py:179} INFO - Processing /home/airflow/.local/lib/python3.7/site-packages/airflow/example_dags/example_task_group_decorator.py took 0.088 seconds
[2023-08-09T03:18:44.421+0000] {processor.py:157} INFO - Started process (PID=963) to work on /home/airflow/.local/lib/python3.7/site-packages/airflow/example_dags/example_task_group_decorator.py
[2023-08-09T03:18:44.422+0000] {processor.py:826} INFO - Processing file /home/airflow/.local/lib/python3.7/site-packages/airflow/example_dags/example_task_group_decorator.py for tasks to queue
[2023-08-09T03:18:44.423+0000] {logging_mixin.py:150} INFO - [2023-08-09T03:18:44.423+0000] {dagbag.py:541} INFO - Filling up the DagBag from /home/airflow/.local/lib/python3.7/site-packages/airflow/example_dags/example_task_group_decorator.py
[2023-08-09T03:18:44.440+0000] {processor.py:836} INFO - DAG(s) dict_keys(['example_task_group_decorator']) retrieved from /home/airflow/.local/lib/python3.7/site-packages/airflow/example_dags/example_task_group_decorator.py
[2023-08-09T03:18:44.476+0000] {logging_mixin.py:150} INFO - [2023-08-09T03:18:44.475+0000] {dag.py:2742} INFO - Sync 1 DAGs
[2023-08-09T03:18:44.513+0000] {logging_mixin.py:150} INFO - [2023-08-09T03:18:44.512+0000] {dag.py:3508} INFO - Setting next_dagrun for example_task_group_decorator to 2023-08-08T03:18:44.512563+00:00, run_after=2023-08-09T03:18:44.512563+00:00
[2023-08-09T03:18:44.538+0000] {processor.py:179} INFO - Processing /home/airflow/.local/lib/python3.7/site-packages/airflow/example_dags/example_task_group_decorator.py took 0.120 seconds
[2023-08-09T03:19:14.636+0000] {processor.py:157} INFO - Started process (PID=1017) to work on /home/airflow/.local/lib/python3.7/site-packages/airflow/example_dags/example_task_group_decorator.py
[2023-08-09T03:19:14.637+0000] {processor.py:826} INFO - Processing file /home/airflow/.local/lib/python3.7/site-packages/airflow/example_dags/example_task_group_decorator.py for tasks to queue
[2023-08-09T03:19:14.639+0000] {logging_mixin.py:150} INFO - [2023-08-09T03:19:14.639+0000] {dagbag.py:541} INFO - Filling up the DagBag from /home/airflow/.local/lib/python3.7/site-packages/airflow/example_dags/example_task_group_decorator.py
[2023-08-09T03:19:14.654+0000] {processor.py:836} INFO - DAG(s) dict_keys(['example_task_group_decorator']) retrieved from /home/airflow/.local/lib/python3.7/site-packages/airflow/example_dags/example_task_group_decorator.py
[2023-08-09T03:19:14.680+0000] {logging_mixin.py:150} INFO - [2023-08-09T03:19:14.679+0000] {dag.py:2742} INFO - Sync 1 DAGs
[2023-08-09T03:19:14.705+0000] {logging_mixin.py:150} INFO - [2023-08-09T03:19:14.705+0000] {dag.py:3508} INFO - Setting next_dagrun for example_task_group_decorator to 2023-08-08T03:19:14.705273+00:00, run_after=2023-08-09T03:19:14.705273+00:00
[2023-08-09T03:19:14.724+0000] {processor.py:179} INFO - Processing /home/airflow/.local/lib/python3.7/site-packages/airflow/example_dags/example_task_group_decorator.py took 0.090 seconds
[2023-08-09T03:19:44.860+0000] {processor.py:157} INFO - Started process (PID=1072) to work on /home/airflow/.local/lib/python3.7/site-packages/airflow/example_dags/example_task_group_decorator.py
[2023-08-09T03:19:44.861+0000] {processor.py:826} INFO - Processing file /home/airflow/.local/lib/python3.7/site-packages/airflow/example_dags/example_task_group_decorator.py for tasks to queue
[2023-08-09T03:19:44.862+0000] {logging_mixin.py:150} INFO - [2023-08-09T03:19:44.862+0000] {dagbag.py:541} INFO - Filling up the DagBag from /home/airflow/.local/lib/python3.7/site-packages/airflow/example_dags/example_task_group_decorator.py
[2023-08-09T03:19:44.875+0000] {processor.py:836} INFO - DAG(s) dict_keys(['example_task_group_decorator']) retrieved from /home/airflow/.local/lib/python3.7/site-packages/airflow/example_dags/example_task_group_decorator.py
[2023-08-09T03:19:44.900+0000] {logging_mixin.py:150} INFO - [2023-08-09T03:19:44.899+0000] {dag.py:2742} INFO - Sync 1 DAGs
[2023-08-09T03:19:44.922+0000] {logging_mixin.py:150} INFO - [2023-08-09T03:19:44.922+0000] {dag.py:3508} INFO - Setting next_dagrun for example_task_group_decorator to 2023-08-08T03:19:44.922067+00:00, run_after=2023-08-09T03:19:44.922067+00:00
[2023-08-09T03:19:44.943+0000] {processor.py:179} INFO - Processing /home/airflow/.local/lib/python3.7/site-packages/airflow/example_dags/example_task_group_decorator.py took 0.086 seconds
[2023-08-09T03:20:15.669+0000] {processor.py:157} INFO - Started process (PID=1127) to work on /home/airflow/.local/lib/python3.7/site-packages/airflow/example_dags/example_task_group_decorator.py
[2023-08-09T03:20:15.670+0000] {processor.py:826} INFO - Processing file /home/airflow/.local/lib/python3.7/site-packages/airflow/example_dags/example_task_group_decorator.py for tasks to queue
[2023-08-09T03:20:15.672+0000] {logging_mixin.py:150} INFO - [2023-08-09T03:20:15.671+0000] {dagbag.py:541} INFO - Filling up the DagBag from /home/airflow/.local/lib/python3.7/site-packages/airflow/example_dags/example_task_group_decorator.py
[2023-08-09T03:20:15.685+0000] {processor.py:836} INFO - DAG(s) dict_keys(['example_task_group_decorator']) retrieved from /home/airflow/.local/lib/python3.7/site-packages/airflow/example_dags/example_task_group_decorator.py
[2023-08-09T03:20:15.716+0000] {logging_mixin.py:150} INFO - [2023-08-09T03:20:15.716+0000] {dag.py:2742} INFO - Sync 1 DAGs
[2023-08-09T03:20:15.750+0000] {logging_mixin.py:150} INFO - [2023-08-09T03:20:15.750+0000] {dag.py:3508} INFO - Setting next_dagrun for example_task_group_decorator to 2023-08-08T03:20:15.749609+00:00, run_after=2023-08-09T03:20:15.749609+00:00
[2023-08-09T03:20:15.781+0000] {processor.py:179} INFO - Processing /home/airflow/.local/lib/python3.7/site-packages/airflow/example_dags/example_task_group_decorator.py took 0.114 seconds
[2023-08-09T03:20:46.829+0000] {processor.py:157} INFO - Started process (PID=1183) to work on /home/airflow/.local/lib/python3.7/site-packages/airflow/example_dags/example_task_group_decorator.py
[2023-08-09T03:20:46.830+0000] {processor.py:826} INFO - Processing file /home/airflow/.local/lib/python3.7/site-packages/airflow/example_dags/example_task_group_decorator.py for tasks to queue
[2023-08-09T03:20:46.831+0000] {logging_mixin.py:150} INFO - [2023-08-09T03:20:46.831+0000] {dagbag.py:541} INFO - Filling up the DagBag from /home/airflow/.local/lib/python3.7/site-packages/airflow/example_dags/example_task_group_decorator.py
[2023-08-09T03:20:46.848+0000] {processor.py:836} INFO - DAG(s) dict_keys(['example_task_group_decorator']) retrieved from /home/airflow/.local/lib/python3.7/site-packages/airflow/example_dags/example_task_group_decorator.py
[2023-08-09T03:20:46.885+0000] {logging_mixin.py:150} INFO - [2023-08-09T03:20:46.884+0000] {dag.py:2742} INFO - Sync 1 DAGs
[2023-08-09T03:20:46.927+0000] {logging_mixin.py:150} INFO - [2023-08-09T03:20:46.927+0000] {dag.py:3508} INFO - Setting next_dagrun for example_task_group_decorator to 2023-08-08T03:20:46.927016+00:00, run_after=2023-08-09T03:20:46.927016+00:00
[2023-08-09T03:20:46.947+0000] {processor.py:179} INFO - Processing /home/airflow/.local/lib/python3.7/site-packages/airflow/example_dags/example_task_group_decorator.py took 0.121 seconds
[2023-08-09T03:21:17.139+0000] {processor.py:157} INFO - Started process (PID=1238) to work on /home/airflow/.local/lib/python3.7/site-packages/airflow/example_dags/example_task_group_decorator.py
[2023-08-09T03:21:17.140+0000] {processor.py:826} INFO - Processing file /home/airflow/.local/lib/python3.7/site-packages/airflow/example_dags/example_task_group_decorator.py for tasks to queue
[2023-08-09T03:21:17.143+0000] {logging_mixin.py:150} INFO - [2023-08-09T03:21:17.142+0000] {dagbag.py:541} INFO - Filling up the DagBag from /home/airflow/.local/lib/python3.7/site-packages/airflow/example_dags/example_task_group_decorator.py
[2023-08-09T03:21:17.163+0000] {processor.py:836} INFO - DAG(s) dict_keys(['example_task_group_decorator']) retrieved from /home/airflow/.local/lib/python3.7/site-packages/airflow/example_dags/example_task_group_decorator.py
[2023-08-09T03:21:17.211+0000] {logging_mixin.py:150} INFO - [2023-08-09T03:21:17.210+0000] {dag.py:2742} INFO - Sync 1 DAGs
[2023-08-09T03:21:17.244+0000] {logging_mixin.py:150} INFO - [2023-08-09T03:21:17.244+0000] {dag.py:3508} INFO - Setting next_dagrun for example_task_group_decorator to 2023-08-08T03:21:17.244087+00:00, run_after=2023-08-09T03:21:17.244087+00:00
[2023-08-09T03:21:17.274+0000] {processor.py:179} INFO - Processing /home/airflow/.local/lib/python3.7/site-packages/airflow/example_dags/example_task_group_decorator.py took 0.137 seconds
[2023-08-09T03:21:47.448+0000] {processor.py:157} INFO - Started process (PID=1293) to work on /home/airflow/.local/lib/python3.7/site-packages/airflow/example_dags/example_task_group_decorator.py
[2023-08-09T03:21:47.449+0000] {processor.py:826} INFO - Processing file /home/airflow/.local/lib/python3.7/site-packages/airflow/example_dags/example_task_group_decorator.py for tasks to queue
[2023-08-09T03:21:47.453+0000] {logging_mixin.py:150} INFO - [2023-08-09T03:21:47.452+0000] {dagbag.py:541} INFO - Filling up the DagBag from /home/airflow/.local/lib/python3.7/site-packages/airflow/example_dags/example_task_group_decorator.py
[2023-08-09T03:21:47.472+0000] {processor.py:836} INFO - DAG(s) dict_keys(['example_task_group_decorator']) retrieved from /home/airflow/.local/lib/python3.7/site-packages/airflow/example_dags/example_task_group_decorator.py
[2023-08-09T03:21:47.501+0000] {logging_mixin.py:150} INFO - [2023-08-09T03:21:47.501+0000] {dag.py:2742} INFO - Sync 1 DAGs
[2023-08-09T03:21:47.525+0000] {logging_mixin.py:150} INFO - [2023-08-09T03:21:47.525+0000] {dag.py:3508} INFO - Setting next_dagrun for example_task_group_decorator to 2023-08-08T03:21:47.525052+00:00, run_after=2023-08-09T03:21:47.525052+00:00
[2023-08-09T03:21:47.546+0000] {processor.py:179} INFO - Processing /home/airflow/.local/lib/python3.7/site-packages/airflow/example_dags/example_task_group_decorator.py took 0.103 seconds
[2023-08-09T03:22:18.505+0000] {processor.py:157} INFO - Started process (PID=1348) to work on /home/airflow/.local/lib/python3.7/site-packages/airflow/example_dags/example_task_group_decorator.py
[2023-08-09T03:22:18.506+0000] {processor.py:826} INFO - Processing file /home/airflow/.local/lib/python3.7/site-packages/airflow/example_dags/example_task_group_decorator.py for tasks to queue
[2023-08-09T03:22:18.508+0000] {logging_mixin.py:150} INFO - [2023-08-09T03:22:18.508+0000] {dagbag.py:541} INFO - Filling up the DagBag from /home/airflow/.local/lib/python3.7/site-packages/airflow/example_dags/example_task_group_decorator.py
[2023-08-09T03:22:18.522+0000] {processor.py:836} INFO - DAG(s) dict_keys(['example_task_group_decorator']) retrieved from /home/airflow/.local/lib/python3.7/site-packages/airflow/example_dags/example_task_group_decorator.py
[2023-08-09T03:22:18.559+0000] {logging_mixin.py:150} INFO - [2023-08-09T03:22:18.558+0000] {dag.py:2742} INFO - Sync 1 DAGs
[2023-08-09T03:22:18.603+0000] {logging_mixin.py:150} INFO - [2023-08-09T03:22:18.603+0000] {dag.py:3508} INFO - Setting next_dagrun for example_task_group_decorator to 2023-08-08T03:22:18.602633+00:00, run_after=2023-08-09T03:22:18.602633+00:00
[2023-08-09T03:22:18.643+0000] {processor.py:179} INFO - Processing /home/airflow/.local/lib/python3.7/site-packages/airflow/example_dags/example_task_group_decorator.py took 0.140 seconds
[2023-08-09T03:22:48.897+0000] {processor.py:157} INFO - Started process (PID=1402) to work on /home/airflow/.local/lib/python3.7/site-packages/airflow/example_dags/example_task_group_decorator.py
[2023-08-09T03:22:48.898+0000] {processor.py:826} INFO - Processing file /home/airflow/.local/lib/python3.7/site-packages/airflow/example_dags/example_task_group_decorator.py for tasks to queue
[2023-08-09T03:22:48.900+0000] {logging_mixin.py:150} INFO - [2023-08-09T03:22:48.900+0000] {dagbag.py:541} INFO - Filling up the DagBag from /home/airflow/.local/lib/python3.7/site-packages/airflow/example_dags/example_task_group_decorator.py
[2023-08-09T03:22:48.913+0000] {processor.py:836} INFO - DAG(s) dict_keys(['example_task_group_decorator']) retrieved from /home/airflow/.local/lib/python3.7/site-packages/airflow/example_dags/example_task_group_decorator.py
[2023-08-09T03:22:48.939+0000] {logging_mixin.py:150} INFO - [2023-08-09T03:22:48.938+0000] {dag.py:2742} INFO - Sync 1 DAGs
[2023-08-09T03:22:48.963+0000] {logging_mixin.py:150} INFO - [2023-08-09T03:22:48.962+0000] {dag.py:3508} INFO - Setting next_dagrun for example_task_group_decorator to 2023-08-08T03:22:48.962660+00:00, run_after=2023-08-09T03:22:48.962660+00:00
[2023-08-09T03:22:48.979+0000] {processor.py:179} INFO - Processing /home/airflow/.local/lib/python3.7/site-packages/airflow/example_dags/example_task_group_decorator.py took 0.085 seconds
[2023-08-09T03:23:19.052+0000] {processor.py:157} INFO - Started process (PID=1457) to work on /home/airflow/.local/lib/python3.7/site-packages/airflow/example_dags/example_task_group_decorator.py
[2023-08-09T03:23:19.052+0000] {processor.py:826} INFO - Processing file /home/airflow/.local/lib/python3.7/site-packages/airflow/example_dags/example_task_group_decorator.py for tasks to queue
[2023-08-09T03:23:19.054+0000] {logging_mixin.py:150} INFO - [2023-08-09T03:23:19.054+0000] {dagbag.py:541} INFO - Filling up the DagBag from /home/airflow/.local/lib/python3.7/site-packages/airflow/example_dags/example_task_group_decorator.py
[2023-08-09T03:23:19.067+0000] {processor.py:836} INFO - DAG(s) dict_keys(['example_task_group_decorator']) retrieved from /home/airflow/.local/lib/python3.7/site-packages/airflow/example_dags/example_task_group_decorator.py
[2023-08-09T03:23:19.092+0000] {logging_mixin.py:150} INFO - [2023-08-09T03:23:19.092+0000] {dag.py:2742} INFO - Sync 1 DAGs
[2023-08-09T03:23:19.135+0000] {logging_mixin.py:150} INFO - [2023-08-09T03:23:19.135+0000] {dag.py:3508} INFO - Setting next_dagrun for example_task_group_decorator to 2023-08-08T03:23:19.135246+00:00, run_after=2023-08-09T03:23:19.135246+00:00
[2023-08-09T03:23:19.152+0000] {processor.py:179} INFO - Processing /home/airflow/.local/lib/python3.7/site-packages/airflow/example_dags/example_task_group_decorator.py took 0.103 seconds
[2023-08-09T03:23:49.198+0000] {processor.py:157} INFO - Started process (PID=1511) to work on /home/airflow/.local/lib/python3.7/site-packages/airflow/example_dags/example_task_group_decorator.py
[2023-08-09T03:23:49.199+0000] {processor.py:826} INFO - Processing file /home/airflow/.local/lib/python3.7/site-packages/airflow/example_dags/example_task_group_decorator.py for tasks to queue
[2023-08-09T03:23:49.200+0000] {logging_mixin.py:150} INFO - [2023-08-09T03:23:49.200+0000] {dagbag.py:541} INFO - Filling up the DagBag from /home/airflow/.local/lib/python3.7/site-packages/airflow/example_dags/example_task_group_decorator.py
[2023-08-09T03:23:49.213+0000] {processor.py:836} INFO - DAG(s) dict_keys(['example_task_group_decorator']) retrieved from /home/airflow/.local/lib/python3.7/site-packages/airflow/example_dags/example_task_group_decorator.py
[2023-08-09T03:23:49.236+0000] {logging_mixin.py:150} INFO - [2023-08-09T03:23:49.236+0000] {dag.py:2742} INFO - Sync 1 DAGs
[2023-08-09T03:23:49.258+0000] {logging_mixin.py:150} INFO - [2023-08-09T03:23:49.258+0000] {dag.py:3508} INFO - Setting next_dagrun for example_task_group_decorator to 2023-08-08T03:23:49.257978+00:00, run_after=2023-08-09T03:23:49.257978+00:00
[2023-08-09T03:23:49.275+0000] {processor.py:179} INFO - Processing /home/airflow/.local/lib/python3.7/site-packages/airflow/example_dags/example_task_group_decorator.py took 0.079 seconds
[2023-08-09T03:24:19.491+0000] {processor.py:157} INFO - Started process (PID=1566) to work on /home/airflow/.local/lib/python3.7/site-packages/airflow/example_dags/example_task_group_decorator.py
[2023-08-09T03:24:19.492+0000] {processor.py:826} INFO - Processing file /home/airflow/.local/lib/python3.7/site-packages/airflow/example_dags/example_task_group_decorator.py for tasks to queue
[2023-08-09T03:24:19.493+0000] {logging_mixin.py:150} INFO - [2023-08-09T03:24:19.493+0000] {dagbag.py:541} INFO - Filling up the DagBag from /home/airflow/.local/lib/python3.7/site-packages/airflow/example_dags/example_task_group_decorator.py
[2023-08-09T03:24:19.506+0000] {processor.py:836} INFO - DAG(s) dict_keys(['example_task_group_decorator']) retrieved from /home/airflow/.local/lib/python3.7/site-packages/airflow/example_dags/example_task_group_decorator.py
[2023-08-09T03:24:19.531+0000] {logging_mixin.py:150} INFO - [2023-08-09T03:24:19.530+0000] {dag.py:2742} INFO - Sync 1 DAGs
[2023-08-09T03:24:19.553+0000] {logging_mixin.py:150} INFO - [2023-08-09T03:24:19.553+0000] {dag.py:3508} INFO - Setting next_dagrun for example_task_group_decorator to 2023-08-08T03:24:19.553141+00:00, run_after=2023-08-09T03:24:19.553141+00:00
[2023-08-09T03:24:19.569+0000] {processor.py:179} INFO - Processing /home/airflow/.local/lib/python3.7/site-packages/airflow/example_dags/example_task_group_decorator.py took 0.080 seconds
[2023-08-09T03:24:49.675+0000] {processor.py:157} INFO - Started process (PID=1621) to work on /home/airflow/.local/lib/python3.7/site-packages/airflow/example_dags/example_task_group_decorator.py
[2023-08-09T03:24:49.676+0000] {processor.py:826} INFO - Processing file /home/airflow/.local/lib/python3.7/site-packages/airflow/example_dags/example_task_group_decorator.py for tasks to queue
[2023-08-09T03:24:49.678+0000] {logging_mixin.py:150} INFO - [2023-08-09T03:24:49.678+0000] {dagbag.py:541} INFO - Filling up the DagBag from /home/airflow/.local/lib/python3.7/site-packages/airflow/example_dags/example_task_group_decorator.py
[2023-08-09T03:24:49.698+0000] {processor.py:836} INFO - DAG(s) dict_keys(['example_task_group_decorator']) retrieved from /home/airflow/.local/lib/python3.7/site-packages/airflow/example_dags/example_task_group_decorator.py
[2023-08-09T03:24:49.724+0000] {logging_mixin.py:150} INFO - [2023-08-09T03:24:49.723+0000] {dag.py:2742} INFO - Sync 1 DAGs
[2023-08-09T03:24:49.749+0000] {logging_mixin.py:150} INFO - [2023-08-09T03:24:49.749+0000] {dag.py:3508} INFO - Setting next_dagrun for example_task_group_decorator to 2023-08-08T03:24:49.748808+00:00, run_after=2023-08-09T03:24:49.748808+00:00
[2023-08-09T03:24:49.767+0000] {processor.py:179} INFO - Processing /home/airflow/.local/lib/python3.7/site-packages/airflow/example_dags/example_task_group_decorator.py took 0.096 seconds
[2023-08-09T03:25:20.075+0000] {processor.py:157} INFO - Started process (PID=1682) to work on /home/airflow/.local/lib/python3.7/site-packages/airflow/example_dags/example_task_group_decorator.py
[2023-08-09T03:25:20.075+0000] {processor.py:826} INFO - Processing file /home/airflow/.local/lib/python3.7/site-packages/airflow/example_dags/example_task_group_decorator.py for tasks to queue
[2023-08-09T03:25:20.077+0000] {logging_mixin.py:150} INFO - [2023-08-09T03:25:20.077+0000] {dagbag.py:541} INFO - Filling up the DagBag from /home/airflow/.local/lib/python3.7/site-packages/airflow/example_dags/example_task_group_decorator.py
[2023-08-09T03:25:20.091+0000] {processor.py:836} INFO - DAG(s) dict_keys(['example_task_group_decorator']) retrieved from /home/airflow/.local/lib/python3.7/site-packages/airflow/example_dags/example_task_group_decorator.py
[2023-08-09T03:25:20.116+0000] {logging_mixin.py:150} INFO - [2023-08-09T03:25:20.115+0000] {dag.py:2742} INFO - Sync 1 DAGs
[2023-08-09T03:25:20.140+0000] {logging_mixin.py:150} INFO - [2023-08-09T03:25:20.140+0000] {dag.py:3508} INFO - Setting next_dagrun for example_task_group_decorator to 2023-08-08T03:25:20.139868+00:00, run_after=2023-08-09T03:25:20.139868+00:00
[2023-08-09T03:25:20.157+0000] {processor.py:179} INFO - Processing /home/airflow/.local/lib/python3.7/site-packages/airflow/example_dags/example_task_group_decorator.py took 0.085 seconds
[2023-08-09T03:25:50.296+0000] {processor.py:157} INFO - Started process (PID=1736) to work on /home/airflow/.local/lib/python3.7/site-packages/airflow/example_dags/example_task_group_decorator.py
[2023-08-09T03:25:50.297+0000] {processor.py:826} INFO - Processing file /home/airflow/.local/lib/python3.7/site-packages/airflow/example_dags/example_task_group_decorator.py for tasks to queue
[2023-08-09T03:25:50.299+0000] {logging_mixin.py:150} INFO - [2023-08-09T03:25:50.298+0000] {dagbag.py:541} INFO - Filling up the DagBag from /home/airflow/.local/lib/python3.7/site-packages/airflow/example_dags/example_task_group_decorator.py
[2023-08-09T03:25:50.314+0000] {processor.py:836} INFO - DAG(s) dict_keys(['example_task_group_decorator']) retrieved from /home/airflow/.local/lib/python3.7/site-packages/airflow/example_dags/example_task_group_decorator.py
[2023-08-09T03:25:50.343+0000] {logging_mixin.py:150} INFO - [2023-08-09T03:25:50.342+0000] {dag.py:2742} INFO - Sync 1 DAGs
[2023-08-09T03:25:50.376+0000] {logging_mixin.py:150} INFO - [2023-08-09T03:25:50.376+0000] {dag.py:3508} INFO - Setting next_dagrun for example_task_group_decorator to 2023-08-08T03:25:50.376422+00:00, run_after=2023-08-09T03:25:50.376422+00:00
[2023-08-09T03:25:50.394+0000] {processor.py:179} INFO - Processing /home/airflow/.local/lib/python3.7/site-packages/airflow/example_dags/example_task_group_decorator.py took 0.101 seconds
[2023-08-09T03:26:20.496+0000] {processor.py:157} INFO - Started process (PID=1791) to work on /home/airflow/.local/lib/python3.7/site-packages/airflow/example_dags/example_task_group_decorator.py
[2023-08-09T03:26:20.497+0000] {processor.py:826} INFO - Processing file /home/airflow/.local/lib/python3.7/site-packages/airflow/example_dags/example_task_group_decorator.py for tasks to queue
[2023-08-09T03:26:20.498+0000] {logging_mixin.py:150} INFO - [2023-08-09T03:26:20.498+0000] {dagbag.py:541} INFO - Filling up the DagBag from /home/airflow/.local/lib/python3.7/site-packages/airflow/example_dags/example_task_group_decorator.py
[2023-08-09T03:26:20.512+0000] {processor.py:836} INFO - DAG(s) dict_keys(['example_task_group_decorator']) retrieved from /home/airflow/.local/lib/python3.7/site-packages/airflow/example_dags/example_task_group_decorator.py
[2023-08-09T03:26:20.543+0000] {logging_mixin.py:150} INFO - [2023-08-09T03:26:20.542+0000] {dag.py:2742} INFO - Sync 1 DAGs
[2023-08-09T03:26:20.565+0000] {logging_mixin.py:150} INFO - [2023-08-09T03:26:20.564+0000] {dag.py:3508} INFO - Setting next_dagrun for example_task_group_decorator to 2023-08-08T03:26:20.564741+00:00, run_after=2023-08-09T03:26:20.564741+00:00
[2023-08-09T03:26:20.580+0000] {processor.py:179} INFO - Processing /home/airflow/.local/lib/python3.7/site-packages/airflow/example_dags/example_task_group_decorator.py took 0.087 seconds
[2023-08-09T03:26:50.748+0000] {processor.py:157} INFO - Started process (PID=1845) to work on /home/airflow/.local/lib/python3.7/site-packages/airflow/example_dags/example_task_group_decorator.py
[2023-08-09T03:26:50.749+0000] {processor.py:826} INFO - Processing file /home/airflow/.local/lib/python3.7/site-packages/airflow/example_dags/example_task_group_decorator.py for tasks to queue
[2023-08-09T03:26:50.751+0000] {logging_mixin.py:150} INFO - [2023-08-09T03:26:50.750+0000] {dagbag.py:541} INFO - Filling up the DagBag from /home/airflow/.local/lib/python3.7/site-packages/airflow/example_dags/example_task_group_decorator.py
[2023-08-09T03:26:50.763+0000] {processor.py:836} INFO - DAG(s) dict_keys(['example_task_group_decorator']) retrieved from /home/airflow/.local/lib/python3.7/site-packages/airflow/example_dags/example_task_group_decorator.py
[2023-08-09T03:26:50.786+0000] {logging_mixin.py:150} INFO - [2023-08-09T03:26:50.786+0000] {dag.py:2742} INFO - Sync 1 DAGs
[2023-08-09T03:26:50.808+0000] {logging_mixin.py:150} INFO - [2023-08-09T03:26:50.808+0000] {dag.py:3508} INFO - Setting next_dagrun for example_task_group_decorator to 2023-08-08T03:26:50.807940+00:00, run_after=2023-08-09T03:26:50.807940+00:00
[2023-08-09T03:26:50.825+0000] {processor.py:179} INFO - Processing /home/airflow/.local/lib/python3.7/site-packages/airflow/example_dags/example_task_group_decorator.py took 0.080 seconds
[2023-08-09T03:27:21.292+0000] {processor.py:157} INFO - Started process (PID=1900) to work on /home/airflow/.local/lib/python3.7/site-packages/airflow/example_dags/example_task_group_decorator.py
[2023-08-09T03:27:21.293+0000] {processor.py:826} INFO - Processing file /home/airflow/.local/lib/python3.7/site-packages/airflow/example_dags/example_task_group_decorator.py for tasks to queue
[2023-08-09T03:27:21.296+0000] {logging_mixin.py:150} INFO - [2023-08-09T03:27:21.295+0000] {dagbag.py:541} INFO - Filling up the DagBag from /home/airflow/.local/lib/python3.7/site-packages/airflow/example_dags/example_task_group_decorator.py
[2023-08-09T03:27:21.317+0000] {processor.py:836} INFO - DAG(s) dict_keys(['example_task_group_decorator']) retrieved from /home/airflow/.local/lib/python3.7/site-packages/airflow/example_dags/example_task_group_decorator.py
[2023-08-09T03:27:21.364+0000] {logging_mixin.py:150} INFO - [2023-08-09T03:27:21.363+0000] {dag.py:2742} INFO - Sync 1 DAGs
[2023-08-09T03:27:21.402+0000] {logging_mixin.py:150} INFO - [2023-08-09T03:27:21.402+0000] {dag.py:3508} INFO - Setting next_dagrun for example_task_group_decorator to 2023-08-08T03:27:21.402443+00:00, run_after=2023-08-09T03:27:21.402443+00:00
[2023-08-09T03:27:21.430+0000] {processor.py:179} INFO - Processing /home/airflow/.local/lib/python3.7/site-packages/airflow/example_dags/example_task_group_decorator.py took 0.141 seconds
[2023-08-09T03:27:51.674+0000] {processor.py:157} INFO - Started process (PID=1955) to work on /home/airflow/.local/lib/python3.7/site-packages/airflow/example_dags/example_task_group_decorator.py
[2023-08-09T03:27:51.674+0000] {processor.py:826} INFO - Processing file /home/airflow/.local/lib/python3.7/site-packages/airflow/example_dags/example_task_group_decorator.py for tasks to queue
[2023-08-09T03:27:51.676+0000] {logging_mixin.py:150} INFO - [2023-08-09T03:27:51.676+0000] {dagbag.py:541} INFO - Filling up the DagBag from /home/airflow/.local/lib/python3.7/site-packages/airflow/example_dags/example_task_group_decorator.py
[2023-08-09T03:27:51.690+0000] {processor.py:836} INFO - DAG(s) dict_keys(['example_task_group_decorator']) retrieved from /home/airflow/.local/lib/python3.7/site-packages/airflow/example_dags/example_task_group_decorator.py
[2023-08-09T03:27:51.715+0000] {logging_mixin.py:150} INFO - [2023-08-09T03:27:51.715+0000] {dag.py:2742} INFO - Sync 1 DAGs
[2023-08-09T03:27:51.740+0000] {logging_mixin.py:150} INFO - [2023-08-09T03:27:51.739+0000] {dag.py:3508} INFO - Setting next_dagrun for example_task_group_decorator to 2023-08-08T03:27:51.739787+00:00, run_after=2023-08-09T03:27:51.739787+00:00
[2023-08-09T03:27:51.757+0000] {processor.py:179} INFO - Processing /home/airflow/.local/lib/python3.7/site-packages/airflow/example_dags/example_task_group_decorator.py took 0.085 seconds
[2023-08-09T03:28:21.852+0000] {processor.py:157} INFO - Started process (PID=2011) to work on /home/airflow/.local/lib/python3.7/site-packages/airflow/example_dags/example_task_group_decorator.py
[2023-08-09T03:28:21.852+0000] {processor.py:826} INFO - Processing file /home/airflow/.local/lib/python3.7/site-packages/airflow/example_dags/example_task_group_decorator.py for tasks to queue
[2023-08-09T03:28:21.854+0000] {logging_mixin.py:150} INFO - [2023-08-09T03:28:21.854+0000] {dagbag.py:541} INFO - Filling up the DagBag from /home/airflow/.local/lib/python3.7/site-packages/airflow/example_dags/example_task_group_decorator.py
[2023-08-09T03:28:21.867+0000] {processor.py:836} INFO - DAG(s) dict_keys(['example_task_group_decorator']) retrieved from /home/airflow/.local/lib/python3.7/site-packages/airflow/example_dags/example_task_group_decorator.py
[2023-08-09T03:28:21.901+0000] {logging_mixin.py:150} INFO - [2023-08-09T03:28:21.901+0000] {dag.py:2742} INFO - Sync 1 DAGs
[2023-08-09T03:28:21.936+0000] {logging_mixin.py:150} INFO - [2023-08-09T03:28:21.936+0000] {dag.py:3508} INFO - Setting next_dagrun for example_task_group_decorator to 2023-08-08T03:28:21.936100+00:00, run_after=2023-08-09T03:28:21.936100+00:00
[2023-08-09T03:28:21.959+0000] {processor.py:179} INFO - Processing /home/airflow/.local/lib/python3.7/site-packages/airflow/example_dags/example_task_group_decorator.py took 0.110 seconds
[2023-08-09T03:28:52.115+0000] {processor.py:157} INFO - Started process (PID=2066) to work on /home/airflow/.local/lib/python3.7/site-packages/airflow/example_dags/example_task_group_decorator.py
[2023-08-09T03:28:52.116+0000] {processor.py:826} INFO - Processing file /home/airflow/.local/lib/python3.7/site-packages/airflow/example_dags/example_task_group_decorator.py for tasks to queue
[2023-08-09T03:28:52.118+0000] {logging_mixin.py:150} INFO - [2023-08-09T03:28:52.118+0000] {dagbag.py:541} INFO - Filling up the DagBag from /home/airflow/.local/lib/python3.7/site-packages/airflow/example_dags/example_task_group_decorator.py
[2023-08-09T03:28:52.144+0000] {processor.py:836} INFO - DAG(s) dict_keys(['example_task_group_decorator']) retrieved from /home/airflow/.local/lib/python3.7/site-packages/airflow/example_dags/example_task_group_decorator.py
[2023-08-09T03:28:52.184+0000] {logging_mixin.py:150} INFO - [2023-08-09T03:28:52.183+0000] {dag.py:2742} INFO - Sync 1 DAGs
[2023-08-09T03:28:52.209+0000] {logging_mixin.py:150} INFO - [2023-08-09T03:28:52.209+0000] {dag.py:3508} INFO - Setting next_dagrun for example_task_group_decorator to 2023-08-08T03:28:52.209420+00:00, run_after=2023-08-09T03:28:52.209420+00:00
[2023-08-09T03:28:52.228+0000] {processor.py:179} INFO - Processing /home/airflow/.local/lib/python3.7/site-packages/airflow/example_dags/example_task_group_decorator.py took 0.118 seconds
[2023-08-09T03:29:22.454+0000] {processor.py:157} INFO - Started process (PID=2121) to work on /home/airflow/.local/lib/python3.7/site-packages/airflow/example_dags/example_task_group_decorator.py
[2023-08-09T03:29:22.455+0000] {processor.py:826} INFO - Processing file /home/airflow/.local/lib/python3.7/site-packages/airflow/example_dags/example_task_group_decorator.py for tasks to queue
[2023-08-09T03:29:22.459+0000] {logging_mixin.py:150} INFO - [2023-08-09T03:29:22.458+0000] {dagbag.py:541} INFO - Filling up the DagBag from /home/airflow/.local/lib/python3.7/site-packages/airflow/example_dags/example_task_group_decorator.py
[2023-08-09T03:29:22.488+0000] {processor.py:836} INFO - DAG(s) dict_keys(['example_task_group_decorator']) retrieved from /home/airflow/.local/lib/python3.7/site-packages/airflow/example_dags/example_task_group_decorator.py
[2023-08-09T03:29:22.517+0000] {logging_mixin.py:150} INFO - [2023-08-09T03:29:22.516+0000] {dag.py:2742} INFO - Sync 1 DAGs
[2023-08-09T03:29:22.547+0000] {logging_mixin.py:150} INFO - [2023-08-09T03:29:22.546+0000] {dag.py:3508} INFO - Setting next_dagrun for example_task_group_decorator to 2023-08-08T03:29:22.546512+00:00, run_after=2023-08-09T03:29:22.546512+00:00
[2023-08-09T03:29:22.569+0000] {processor.py:179} INFO - Processing /home/airflow/.local/lib/python3.7/site-packages/airflow/example_dags/example_task_group_decorator.py took 0.120 seconds
[2023-08-09T03:29:53.237+0000] {processor.py:157} INFO - Started process (PID=2176) to work on /home/airflow/.local/lib/python3.7/site-packages/airflow/example_dags/example_task_group_decorator.py
[2023-08-09T03:29:53.238+0000] {processor.py:826} INFO - Processing file /home/airflow/.local/lib/python3.7/site-packages/airflow/example_dags/example_task_group_decorator.py for tasks to queue
[2023-08-09T03:29:53.239+0000] {logging_mixin.py:150} INFO - [2023-08-09T03:29:53.238+0000] {dagbag.py:541} INFO - Filling up the DagBag from /home/airflow/.local/lib/python3.7/site-packages/airflow/example_dags/example_task_group_decorator.py
[2023-08-09T03:29:53.252+0000] {processor.py:836} INFO - DAG(s) dict_keys(['example_task_group_decorator']) retrieved from /home/airflow/.local/lib/python3.7/site-packages/airflow/example_dags/example_task_group_decorator.py
[2023-08-09T03:29:53.279+0000] {logging_mixin.py:150} INFO - [2023-08-09T03:29:53.279+0000] {dag.py:2742} INFO - Sync 1 DAGs
[2023-08-09T03:29:53.304+0000] {logging_mixin.py:150} INFO - [2023-08-09T03:29:53.304+0000] {dag.py:3508} INFO - Setting next_dagrun for example_task_group_decorator to 2023-08-08T03:29:53.304503+00:00, run_after=2023-08-09T03:29:53.304503+00:00
[2023-08-09T03:29:53.325+0000] {processor.py:179} INFO - Processing /home/airflow/.local/lib/python3.7/site-packages/airflow/example_dags/example_task_group_decorator.py took 0.090 seconds
[2023-08-09T03:30:24.487+0000] {processor.py:157} INFO - Started process (PID=2231) to work on /home/airflow/.local/lib/python3.7/site-packages/airflow/example_dags/example_task_group_decorator.py
[2023-08-09T03:30:24.488+0000] {processor.py:826} INFO - Processing file /home/airflow/.local/lib/python3.7/site-packages/airflow/example_dags/example_task_group_decorator.py for tasks to queue
[2023-08-09T03:30:24.489+0000] {logging_mixin.py:150} INFO - [2023-08-09T03:30:24.489+0000] {dagbag.py:541} INFO - Filling up the DagBag from /home/airflow/.local/lib/python3.7/site-packages/airflow/example_dags/example_task_group_decorator.py
[2023-08-09T03:30:24.506+0000] {processor.py:836} INFO - DAG(s) dict_keys(['example_task_group_decorator']) retrieved from /home/airflow/.local/lib/python3.7/site-packages/airflow/example_dags/example_task_group_decorator.py
[2023-08-09T03:30:24.554+0000] {logging_mixin.py:150} INFO - [2023-08-09T03:30:24.553+0000] {dag.py:2742} INFO - Sync 1 DAGs
[2023-08-09T03:30:24.591+0000] {logging_mixin.py:150} INFO - [2023-08-09T03:30:24.591+0000] {dag.py:3508} INFO - Setting next_dagrun for example_task_group_decorator to 2023-08-08T03:30:24.591266+00:00, run_after=2023-08-09T03:30:24.591266+00:00
[2023-08-09T03:30:24.619+0000] {processor.py:179} INFO - Processing /home/airflow/.local/lib/python3.7/site-packages/airflow/example_dags/example_task_group_decorator.py took 0.134 seconds
[2023-08-09T03:30:54.833+0000] {processor.py:157} INFO - Started process (PID=2287) to work on /home/airflow/.local/lib/python3.7/site-packages/airflow/example_dags/example_task_group_decorator.py
[2023-08-09T03:30:54.834+0000] {processor.py:826} INFO - Processing file /home/airflow/.local/lib/python3.7/site-packages/airflow/example_dags/example_task_group_decorator.py for tasks to queue
[2023-08-09T03:30:54.834+0000] {logging_mixin.py:150} INFO - [2023-08-09T03:30:54.834+0000] {dagbag.py:541} INFO - Filling up the DagBag from /home/airflow/.local/lib/python3.7/site-packages/airflow/example_dags/example_task_group_decorator.py
[2023-08-09T03:30:54.849+0000] {processor.py:836} INFO - DAG(s) dict_keys(['example_task_group_decorator']) retrieved from /home/airflow/.local/lib/python3.7/site-packages/airflow/example_dags/example_task_group_decorator.py
[2023-08-09T03:30:54.875+0000] {logging_mixin.py:150} INFO - [2023-08-09T03:30:54.875+0000] {dag.py:2742} INFO - Sync 1 DAGs
[2023-08-09T03:30:54.900+0000] {logging_mixin.py:150} INFO - [2023-08-09T03:30:54.899+0000] {dag.py:3508} INFO - Setting next_dagrun for example_task_group_decorator to 2023-08-08T03:30:54.899776+00:00, run_after=2023-08-09T03:30:54.899776+00:00
[2023-08-09T03:30:54.919+0000] {processor.py:179} INFO - Processing /home/airflow/.local/lib/python3.7/site-packages/airflow/example_dags/example_task_group_decorator.py took 0.089 seconds
[2023-08-09T03:31:25.150+0000] {processor.py:157} INFO - Started process (PID=2345) to work on /home/airflow/.local/lib/python3.7/site-packages/airflow/example_dags/example_task_group_decorator.py
[2023-08-09T03:31:25.151+0000] {processor.py:826} INFO - Processing file /home/airflow/.local/lib/python3.7/site-packages/airflow/example_dags/example_task_group_decorator.py for tasks to queue
[2023-08-09T03:31:25.151+0000] {logging_mixin.py:150} INFO - [2023-08-09T03:31:25.151+0000] {dagbag.py:541} INFO - Filling up the DagBag from /home/airflow/.local/lib/python3.7/site-packages/airflow/example_dags/example_task_group_decorator.py
[2023-08-09T03:31:25.166+0000] {processor.py:836} INFO - DAG(s) dict_keys(['example_task_group_decorator']) retrieved from /home/airflow/.local/lib/python3.7/site-packages/airflow/example_dags/example_task_group_decorator.py
[2023-08-09T03:31:25.191+0000] {logging_mixin.py:150} INFO - [2023-08-09T03:31:25.190+0000] {dag.py:2742} INFO - Sync 1 DAGs
[2023-08-09T03:31:25.212+0000] {logging_mixin.py:150} INFO - [2023-08-09T03:31:25.212+0000] {dag.py:3508} INFO - Setting next_dagrun for example_task_group_decorator to 2023-08-08T03:31:25.212596+00:00, run_after=2023-08-09T03:31:25.212596+00:00
[2023-08-09T03:31:25.230+0000] {processor.py:179} INFO - Processing /home/airflow/.local/lib/python3.7/site-packages/airflow/example_dags/example_task_group_decorator.py took 0.082 seconds
[2023-08-09T03:31:55.707+0000] {processor.py:157} INFO - Started process (PID=2400) to work on /home/airflow/.local/lib/python3.7/site-packages/airflow/example_dags/example_task_group_decorator.py
[2023-08-09T03:31:55.708+0000] {processor.py:826} INFO - Processing file /home/airflow/.local/lib/python3.7/site-packages/airflow/example_dags/example_task_group_decorator.py for tasks to queue
[2023-08-09T03:31:55.709+0000] {logging_mixin.py:150} INFO - [2023-08-09T03:31:55.709+0000] {dagbag.py:541} INFO - Filling up the DagBag from /home/airflow/.local/lib/python3.7/site-packages/airflow/example_dags/example_task_group_decorator.py
[2023-08-09T03:31:55.731+0000] {processor.py:836} INFO - DAG(s) dict_keys(['example_task_group_decorator']) retrieved from /home/airflow/.local/lib/python3.7/site-packages/airflow/example_dags/example_task_group_decorator.py
[2023-08-09T03:31:55.760+0000] {logging_mixin.py:150} INFO - [2023-08-09T03:31:55.760+0000] {dag.py:2742} INFO - Sync 1 DAGs
[2023-08-09T03:31:55.788+0000] {logging_mixin.py:150} INFO - [2023-08-09T03:31:55.788+0000] {dag.py:3508} INFO - Setting next_dagrun for example_task_group_decorator to 2023-08-08T03:31:55.787902+00:00, run_after=2023-08-09T03:31:55.787902+00:00
[2023-08-09T03:31:55.811+0000] {processor.py:179} INFO - Processing /home/airflow/.local/lib/python3.7/site-packages/airflow/example_dags/example_task_group_decorator.py took 0.107 seconds
[2023-08-09T03:32:26.070+0000] {processor.py:157} INFO - Started process (PID=2458) to work on /home/airflow/.local/lib/python3.7/site-packages/airflow/example_dags/example_task_group_decorator.py
[2023-08-09T03:32:26.071+0000] {processor.py:826} INFO - Processing file /home/airflow/.local/lib/python3.7/site-packages/airflow/example_dags/example_task_group_decorator.py for tasks to queue
[2023-08-09T03:32:26.071+0000] {logging_mixin.py:150} INFO - [2023-08-09T03:32:26.071+0000] {dagbag.py:541} INFO - Filling up the DagBag from /home/airflow/.local/lib/python3.7/site-packages/airflow/example_dags/example_task_group_decorator.py
[2023-08-09T03:32:26.089+0000] {processor.py:836} INFO - DAG(s) dict_keys(['example_task_group_decorator']) retrieved from /home/airflow/.local/lib/python3.7/site-packages/airflow/example_dags/example_task_group_decorator.py
[2023-08-09T03:32:26.121+0000] {logging_mixin.py:150} INFO - [2023-08-09T03:32:26.120+0000] {dag.py:2742} INFO - Sync 1 DAGs
[2023-08-09T03:32:26.144+0000] {logging_mixin.py:150} INFO - [2023-08-09T03:32:26.144+0000] {dag.py:3508} INFO - Setting next_dagrun for example_task_group_decorator to 2023-08-08T03:32:26.144158+00:00, run_after=2023-08-09T03:32:26.144158+00:00
[2023-08-09T03:32:26.160+0000] {processor.py:179} INFO - Processing /home/airflow/.local/lib/python3.7/site-packages/airflow/example_dags/example_task_group_decorator.py took 0.094 seconds
[2023-08-09T03:33:03.478+0000] {processor.py:157} INFO - Started process (PID=2512) to work on /home/airflow/.local/lib/python3.7/site-packages/airflow/example_dags/example_task_group_decorator.py
[2023-08-09T03:33:03.481+0000] {processor.py:826} INFO - Processing file /home/airflow/.local/lib/python3.7/site-packages/airflow/example_dags/example_task_group_decorator.py for tasks to queue
[2023-08-09T03:33:03.482+0000] {logging_mixin.py:150} INFO - [2023-08-09T03:33:03.482+0000] {dagbag.py:541} INFO - Filling up the DagBag from /home/airflow/.local/lib/python3.7/site-packages/airflow/example_dags/example_task_group_decorator.py
[2023-08-09T03:33:03.774+0000] {processor.py:836} INFO - DAG(s) dict_keys(['example_task_group_decorator']) retrieved from /home/airflow/.local/lib/python3.7/site-packages/airflow/example_dags/example_task_group_decorator.py
[2023-08-09T03:33:04.801+0000] {logging_mixin.py:150} INFO - [2023-08-09T03:33:04.801+0000] {dag.py:2742} INFO - Sync 1 DAGs
[2023-08-09T03:33:04.910+0000] {logging_mixin.py:150} INFO - [2023-08-09T03:33:04.909+0000] {dag.py:3508} INFO - Setting next_dagrun for example_task_group_decorator to 2023-08-08T03:33:04.909463+00:00, run_after=2023-08-09T03:33:04.909463+00:00
[2023-08-09T03:33:04.974+0000] {processor.py:179} INFO - Processing /home/airflow/.local/lib/python3.7/site-packages/airflow/example_dags/example_task_group_decorator.py took 1.518 seconds
[2023-08-09T03:33:35.273+0000] {processor.py:157} INFO - Started process (PID=2567) to work on /home/airflow/.local/lib/python3.7/site-packages/airflow/example_dags/example_task_group_decorator.py
[2023-08-09T03:33:35.274+0000] {processor.py:826} INFO - Processing file /home/airflow/.local/lib/python3.7/site-packages/airflow/example_dags/example_task_group_decorator.py for tasks to queue
[2023-08-09T03:33:35.275+0000] {logging_mixin.py:150} INFO - [2023-08-09T03:33:35.275+0000] {dagbag.py:541} INFO - Filling up the DagBag from /home/airflow/.local/lib/python3.7/site-packages/airflow/example_dags/example_task_group_decorator.py
[2023-08-09T03:33:35.300+0000] {processor.py:836} INFO - DAG(s) dict_keys(['example_task_group_decorator']) retrieved from /home/airflow/.local/lib/python3.7/site-packages/airflow/example_dags/example_task_group_decorator.py
[2023-08-09T03:33:35.339+0000] {logging_mixin.py:150} INFO - [2023-08-09T03:33:35.339+0000] {dag.py:2742} INFO - Sync 1 DAGs
[2023-08-09T03:33:35.366+0000] {logging_mixin.py:150} INFO - [2023-08-09T03:33:35.365+0000] {dag.py:3508} INFO - Setting next_dagrun for example_task_group_decorator to 2023-08-08T03:33:35.365800+00:00, run_after=2023-08-09T03:33:35.365800+00:00
[2023-08-09T03:33:35.385+0000] {processor.py:179} INFO - Processing /home/airflow/.local/lib/python3.7/site-packages/airflow/example_dags/example_task_group_decorator.py took 0.117 seconds
[2023-08-09T03:34:05.850+0000] {processor.py:157} INFO - Started process (PID=2623) to work on /home/airflow/.local/lib/python3.7/site-packages/airflow/example_dags/example_task_group_decorator.py
[2023-08-09T03:34:05.851+0000] {processor.py:826} INFO - Processing file /home/airflow/.local/lib/python3.7/site-packages/airflow/example_dags/example_task_group_decorator.py for tasks to queue
[2023-08-09T03:34:05.852+0000] {logging_mixin.py:150} INFO - [2023-08-09T03:34:05.852+0000] {dagbag.py:541} INFO - Filling up the DagBag from /home/airflow/.local/lib/python3.7/site-packages/airflow/example_dags/example_task_group_decorator.py
[2023-08-09T03:34:05.877+0000] {processor.py:836} INFO - DAG(s) dict_keys(['example_task_group_decorator']) retrieved from /home/airflow/.local/lib/python3.7/site-packages/airflow/example_dags/example_task_group_decorator.py
[2023-08-09T03:34:05.919+0000] {logging_mixin.py:150} INFO - [2023-08-09T03:34:05.919+0000] {dag.py:2742} INFO - Sync 1 DAGs
[2023-08-09T03:34:05.959+0000] {logging_mixin.py:150} INFO - [2023-08-09T03:34:05.958+0000] {dag.py:3508} INFO - Setting next_dagrun for example_task_group_decorator to 2023-08-08T03:34:05.958602+00:00, run_after=2023-08-09T03:34:05.958602+00:00
[2023-08-09T03:34:05.986+0000] {processor.py:179} INFO - Processing /home/airflow/.local/lib/python3.7/site-packages/airflow/example_dags/example_task_group_decorator.py took 0.140 seconds
[2023-08-09T03:34:36.864+0000] {processor.py:157} INFO - Started process (PID=2678) to work on /home/airflow/.local/lib/python3.7/site-packages/airflow/example_dags/example_task_group_decorator.py
[2023-08-09T03:34:36.864+0000] {processor.py:826} INFO - Processing file /home/airflow/.local/lib/python3.7/site-packages/airflow/example_dags/example_task_group_decorator.py for tasks to queue
[2023-08-09T03:34:36.865+0000] {logging_mixin.py:150} INFO - [2023-08-09T03:34:36.865+0000] {dagbag.py:541} INFO - Filling up the DagBag from /home/airflow/.local/lib/python3.7/site-packages/airflow/example_dags/example_task_group_decorator.py
[2023-08-09T03:34:36.880+0000] {processor.py:836} INFO - DAG(s) dict_keys(['example_task_group_decorator']) retrieved from /home/airflow/.local/lib/python3.7/site-packages/airflow/example_dags/example_task_group_decorator.py
[2023-08-09T03:34:36.913+0000] {logging_mixin.py:150} INFO - [2023-08-09T03:34:36.913+0000] {dag.py:2742} INFO - Sync 1 DAGs
[2023-08-09T03:34:36.937+0000] {logging_mixin.py:150} INFO - [2023-08-09T03:34:36.937+0000] {dag.py:3508} INFO - Setting next_dagrun for example_task_group_decorator to 2023-08-08T03:34:36.936847+00:00, run_after=2023-08-09T03:34:36.936847+00:00
[2023-08-09T03:34:36.954+0000] {processor.py:179} INFO - Processing /home/airflow/.local/lib/python3.7/site-packages/airflow/example_dags/example_task_group_decorator.py took 0.093 seconds
[2023-08-09T03:35:07.226+0000] {processor.py:157} INFO - Started process (PID=2732) to work on /home/airflow/.local/lib/python3.7/site-packages/airflow/example_dags/example_task_group_decorator.py
[2023-08-09T03:35:07.227+0000] {processor.py:826} INFO - Processing file /home/airflow/.local/lib/python3.7/site-packages/airflow/example_dags/example_task_group_decorator.py for tasks to queue
[2023-08-09T03:35:07.227+0000] {logging_mixin.py:150} INFO - [2023-08-09T03:35:07.227+0000] {dagbag.py:541} INFO - Filling up the DagBag from /home/airflow/.local/lib/python3.7/site-packages/airflow/example_dags/example_task_group_decorator.py
[2023-08-09T03:35:07.253+0000] {processor.py:836} INFO - DAG(s) dict_keys(['example_task_group_decorator']) retrieved from /home/airflow/.local/lib/python3.7/site-packages/airflow/example_dags/example_task_group_decorator.py
[2023-08-09T03:35:07.295+0000] {logging_mixin.py:150} INFO - [2023-08-09T03:35:07.294+0000] {dag.py:2742} INFO - Sync 1 DAGs
[2023-08-09T03:35:07.320+0000] {logging_mixin.py:150} INFO - [2023-08-09T03:35:07.320+0000] {dag.py:3508} INFO - Setting next_dagrun for example_task_group_decorator to 2023-08-08T03:35:07.320154+00:00, run_after=2023-08-09T03:35:07.320154+00:00
[2023-08-09T03:35:07.340+0000] {processor.py:179} INFO - Processing /home/airflow/.local/lib/python3.7/site-packages/airflow/example_dags/example_task_group_decorator.py took 0.117 seconds
[2023-08-09T03:35:37.535+0000] {processor.py:157} INFO - Started process (PID=2787) to work on /home/airflow/.local/lib/python3.7/site-packages/airflow/example_dags/example_task_group_decorator.py
[2023-08-09T03:35:37.537+0000] {processor.py:826} INFO - Processing file /home/airflow/.local/lib/python3.7/site-packages/airflow/example_dags/example_task_group_decorator.py for tasks to queue
[2023-08-09T03:35:37.538+0000] {logging_mixin.py:150} INFO - [2023-08-09T03:35:37.538+0000] {dagbag.py:541} INFO - Filling up the DagBag from /home/airflow/.local/lib/python3.7/site-packages/airflow/example_dags/example_task_group_decorator.py
[2023-08-09T03:35:37.570+0000] {processor.py:836} INFO - DAG(s) dict_keys(['example_task_group_decorator']) retrieved from /home/airflow/.local/lib/python3.7/site-packages/airflow/example_dags/example_task_group_decorator.py
[2023-08-09T03:35:37.605+0000] {logging_mixin.py:150} INFO - [2023-08-09T03:35:37.605+0000] {dag.py:2742} INFO - Sync 1 DAGs
[2023-08-09T03:35:37.638+0000] {logging_mixin.py:150} INFO - [2023-08-09T03:35:37.638+0000] {dag.py:3508} INFO - Setting next_dagrun for example_task_group_decorator to 2023-08-08T03:35:37.637798+00:00, run_after=2023-08-09T03:35:37.637798+00:00
[2023-08-09T03:35:37.662+0000] {processor.py:179} INFO - Processing /home/airflow/.local/lib/python3.7/site-packages/airflow/example_dags/example_task_group_decorator.py took 0.132 seconds
[2023-08-09T03:36:08.031+0000] {processor.py:157} INFO - Started process (PID=2842) to work on /home/airflow/.local/lib/python3.7/site-packages/airflow/example_dags/example_task_group_decorator.py
[2023-08-09T03:36:08.032+0000] {processor.py:826} INFO - Processing file /home/airflow/.local/lib/python3.7/site-packages/airflow/example_dags/example_task_group_decorator.py for tasks to queue
[2023-08-09T03:36:08.033+0000] {logging_mixin.py:150} INFO - [2023-08-09T03:36:08.032+0000] {dagbag.py:541} INFO - Filling up the DagBag from /home/airflow/.local/lib/python3.7/site-packages/airflow/example_dags/example_task_group_decorator.py
[2023-08-09T03:36:08.056+0000] {processor.py:836} INFO - DAG(s) dict_keys(['example_task_group_decorator']) retrieved from /home/airflow/.local/lib/python3.7/site-packages/airflow/example_dags/example_task_group_decorator.py
[2023-08-09T03:36:08.096+0000] {logging_mixin.py:150} INFO - [2023-08-09T03:36:08.095+0000] {dag.py:2742} INFO - Sync 1 DAGs
[2023-08-09T03:36:08.135+0000] {logging_mixin.py:150} INFO - [2023-08-09T03:36:08.135+0000] {dag.py:3508} INFO - Setting next_dagrun for example_task_group_decorator to 2023-08-08T03:36:08.134817+00:00, run_after=2023-08-09T03:36:08.134817+00:00
[2023-08-09T03:36:08.161+0000] {processor.py:179} INFO - Processing /home/airflow/.local/lib/python3.7/site-packages/airflow/example_dags/example_task_group_decorator.py took 0.134 seconds
[2023-08-09T03:36:38.353+0000] {processor.py:157} INFO - Started process (PID=2898) to work on /home/airflow/.local/lib/python3.7/site-packages/airflow/example_dags/example_task_group_decorator.py
[2023-08-09T03:36:38.355+0000] {processor.py:826} INFO - Processing file /home/airflow/.local/lib/python3.7/site-packages/airflow/example_dags/example_task_group_decorator.py for tasks to queue
[2023-08-09T03:36:38.357+0000] {logging_mixin.py:150} INFO - [2023-08-09T03:36:38.357+0000] {dagbag.py:541} INFO - Filling up the DagBag from /home/airflow/.local/lib/python3.7/site-packages/airflow/example_dags/example_task_group_decorator.py
[2023-08-09T03:36:38.377+0000] {processor.py:836} INFO - DAG(s) dict_keys(['example_task_group_decorator']) retrieved from /home/airflow/.local/lib/python3.7/site-packages/airflow/example_dags/example_task_group_decorator.py
[2023-08-09T03:36:38.405+0000] {logging_mixin.py:150} INFO - [2023-08-09T03:36:38.405+0000] {dag.py:2742} INFO - Sync 1 DAGs
[2023-08-09T03:36:38.441+0000] {logging_mixin.py:150} INFO - [2023-08-09T03:36:38.441+0000] {dag.py:3508} INFO - Setting next_dagrun for example_task_group_decorator to 2023-08-08T03:36:38.441108+00:00, run_after=2023-08-09T03:36:38.441108+00:00
[2023-08-09T03:36:38.467+0000] {processor.py:179} INFO - Processing /home/airflow/.local/lib/python3.7/site-packages/airflow/example_dags/example_task_group_decorator.py took 0.119 seconds
