[2023-08-09T03:10:34.685+0000] {processor.py:157} INFO - Started process (PID=71) to work on /home/airflow/.local/lib/python3.7/site-packages/airflow/example_dags/example_short_circuit_operator.py
[2023-08-09T03:10:34.686+0000] {processor.py:826} INFO - Processing file /home/airflow/.local/lib/python3.7/site-packages/airflow/example_dags/example_short_circuit_operator.py for tasks to queue
[2023-08-09T03:10:34.691+0000] {logging_mixin.py:150} INFO - [2023-08-09T03:10:34.691+0000] {dagbag.py:541} INFO - Filling up the DagBag from /home/airflow/.local/lib/python3.7/site-packages/airflow/example_dags/example_short_circuit_operator.py
[2023-08-09T03:10:34.704+0000] {processor.py:836} INFO - DAG(s) dict_keys(['example_short_circuit_operator']) retrieved from /home/airflow/.local/lib/python3.7/site-packages/airflow/example_dags/example_short_circuit_operator.py
[2023-08-09T03:10:34.750+0000] {logging_mixin.py:150} INFO - [2023-08-09T03:10:34.749+0000] {dag.py:2742} INFO - Sync 1 DAGs
[2023-08-09T03:10:34.801+0000] {logging_mixin.py:150} INFO - [2023-08-09T03:10:34.801+0000] {dag.py:3508} INFO - Setting next_dagrun for example_short_circuit_operator to 2023-08-08T03:10:34.800960+00:00, run_after=2023-08-09T03:10:34.800960+00:00
[2023-08-09T03:10:34.844+0000] {processor.py:179} INFO - Processing /home/airflow/.local/lib/python3.7/site-packages/airflow/example_dags/example_short_circuit_operator.py took 0.171 seconds
[2023-08-09T03:11:04.966+0000] {processor.py:157} INFO - Started process (PID=126) to work on /home/airflow/.local/lib/python3.7/site-packages/airflow/example_dags/example_short_circuit_operator.py
[2023-08-09T03:11:04.967+0000] {processor.py:826} INFO - Processing file /home/airflow/.local/lib/python3.7/site-packages/airflow/example_dags/example_short_circuit_operator.py for tasks to queue
[2023-08-09T03:11:04.969+0000] {logging_mixin.py:150} INFO - [2023-08-09T03:11:04.969+0000] {dagbag.py:541} INFO - Filling up the DagBag from /home/airflow/.local/lib/python3.7/site-packages/airflow/example_dags/example_short_circuit_operator.py
[2023-08-09T03:11:04.978+0000] {processor.py:836} INFO - DAG(s) dict_keys(['example_short_circuit_operator']) retrieved from /home/airflow/.local/lib/python3.7/site-packages/airflow/example_dags/example_short_circuit_operator.py
[2023-08-09T03:11:05.004+0000] {logging_mixin.py:150} INFO - [2023-08-09T03:11:05.004+0000] {dag.py:2742} INFO - Sync 1 DAGs
[2023-08-09T03:11:05.030+0000] {logging_mixin.py:150} INFO - [2023-08-09T03:11:05.029+0000] {dag.py:3508} INFO - Setting next_dagrun for example_short_circuit_operator to 2023-08-08T03:11:05.029694+00:00, run_after=2023-08-09T03:11:05.029694+00:00
[2023-08-09T03:11:05.050+0000] {processor.py:179} INFO - Processing /home/airflow/.local/lib/python3.7/site-packages/airflow/example_dags/example_short_circuit_operator.py took 0.087 seconds
[2023-08-09T03:11:35.453+0000] {processor.py:157} INFO - Started process (PID=181) to work on /home/airflow/.local/lib/python3.7/site-packages/airflow/example_dags/example_short_circuit_operator.py
[2023-08-09T03:11:35.453+0000] {processor.py:826} INFO - Processing file /home/airflow/.local/lib/python3.7/site-packages/airflow/example_dags/example_short_circuit_operator.py for tasks to queue
[2023-08-09T03:11:35.456+0000] {logging_mixin.py:150} INFO - [2023-08-09T03:11:35.455+0000] {dagbag.py:541} INFO - Filling up the DagBag from /home/airflow/.local/lib/python3.7/site-packages/airflow/example_dags/example_short_circuit_operator.py
[2023-08-09T03:11:35.466+0000] {processor.py:836} INFO - DAG(s) dict_keys(['example_short_circuit_operator']) retrieved from /home/airflow/.local/lib/python3.7/site-packages/airflow/example_dags/example_short_circuit_operator.py
[2023-08-09T03:11:35.497+0000] {logging_mixin.py:150} INFO - [2023-08-09T03:11:35.496+0000] {dag.py:2742} INFO - Sync 1 DAGs
[2023-08-09T03:11:35.537+0000] {logging_mixin.py:150} INFO - [2023-08-09T03:11:35.536+0000] {dag.py:3508} INFO - Setting next_dagrun for example_short_circuit_operator to 2023-08-08T03:11:35.536663+00:00, run_after=2023-08-09T03:11:35.536663+00:00
[2023-08-09T03:11:35.569+0000] {processor.py:179} INFO - Processing /home/airflow/.local/lib/python3.7/site-packages/airflow/example_dags/example_short_circuit_operator.py took 0.120 seconds
[2023-08-09T03:12:05.654+0000] {processor.py:157} INFO - Started process (PID=237) to work on /home/airflow/.local/lib/python3.7/site-packages/airflow/example_dags/example_short_circuit_operator.py
[2023-08-09T03:12:05.655+0000] {processor.py:826} INFO - Processing file /home/airflow/.local/lib/python3.7/site-packages/airflow/example_dags/example_short_circuit_operator.py for tasks to queue
[2023-08-09T03:12:05.657+0000] {logging_mixin.py:150} INFO - [2023-08-09T03:12:05.656+0000] {dagbag.py:541} INFO - Filling up the DagBag from /home/airflow/.local/lib/python3.7/site-packages/airflow/example_dags/example_short_circuit_operator.py
[2023-08-09T03:12:05.663+0000] {processor.py:836} INFO - DAG(s) dict_keys(['example_short_circuit_operator']) retrieved from /home/airflow/.local/lib/python3.7/site-packages/airflow/example_dags/example_short_circuit_operator.py
[2023-08-09T03:12:05.704+0000] {logging_mixin.py:150} INFO - [2023-08-09T03:12:05.704+0000] {dag.py:2742} INFO - Sync 1 DAGs
[2023-08-09T03:12:05.739+0000] {logging_mixin.py:150} INFO - [2023-08-09T03:12:05.739+0000] {dag.py:3508} INFO - Setting next_dagrun for example_short_circuit_operator to 2023-08-08T03:12:05.739137+00:00, run_after=2023-08-09T03:12:05.739137+00:00
[2023-08-09T03:12:05.756+0000] {processor.py:179} INFO - Processing /home/airflow/.local/lib/python3.7/site-packages/airflow/example_dags/example_short_circuit_operator.py took 0.105 seconds
[2023-08-09T03:12:36.961+0000] {processor.py:157} INFO - Started process (PID=292) to work on /home/airflow/.local/lib/python3.7/site-packages/airflow/example_dags/example_short_circuit_operator.py
[2023-08-09T03:12:36.961+0000] {processor.py:826} INFO - Processing file /home/airflow/.local/lib/python3.7/site-packages/airflow/example_dags/example_short_circuit_operator.py for tasks to queue
[2023-08-09T03:12:36.963+0000] {logging_mixin.py:150} INFO - [2023-08-09T03:12:36.963+0000] {dagbag.py:541} INFO - Filling up the DagBag from /home/airflow/.local/lib/python3.7/site-packages/airflow/example_dags/example_short_circuit_operator.py
[2023-08-09T03:12:36.969+0000] {processor.py:836} INFO - DAG(s) dict_keys(['example_short_circuit_operator']) retrieved from /home/airflow/.local/lib/python3.7/site-packages/airflow/example_dags/example_short_circuit_operator.py
[2023-08-09T03:12:36.993+0000] {logging_mixin.py:150} INFO - [2023-08-09T03:12:36.992+0000] {dag.py:2742} INFO - Sync 1 DAGs
[2023-08-09T03:12:37.018+0000] {logging_mixin.py:150} INFO - [2023-08-09T03:12:37.018+0000] {dag.py:3508} INFO - Setting next_dagrun for example_short_circuit_operator to 2023-08-08T03:12:37.018322+00:00, run_after=2023-08-09T03:12:37.018322+00:00
[2023-08-09T03:12:37.036+0000] {processor.py:179} INFO - Processing /home/airflow/.local/lib/python3.7/site-packages/airflow/example_dags/example_short_circuit_operator.py took 0.078 seconds
[2023-08-09T03:13:07.191+0000] {processor.py:157} INFO - Started process (PID=347) to work on /home/airflow/.local/lib/python3.7/site-packages/airflow/example_dags/example_short_circuit_operator.py
[2023-08-09T03:13:07.192+0000] {processor.py:826} INFO - Processing file /home/airflow/.local/lib/python3.7/site-packages/airflow/example_dags/example_short_circuit_operator.py for tasks to queue
[2023-08-09T03:13:07.194+0000] {logging_mixin.py:150} INFO - [2023-08-09T03:13:07.194+0000] {dagbag.py:541} INFO - Filling up the DagBag from /home/airflow/.local/lib/python3.7/site-packages/airflow/example_dags/example_short_circuit_operator.py
[2023-08-09T03:13:07.202+0000] {processor.py:836} INFO - DAG(s) dict_keys(['example_short_circuit_operator']) retrieved from /home/airflow/.local/lib/python3.7/site-packages/airflow/example_dags/example_short_circuit_operator.py
[2023-08-09T03:13:07.226+0000] {logging_mixin.py:150} INFO - [2023-08-09T03:13:07.226+0000] {dag.py:2742} INFO - Sync 1 DAGs
[2023-08-09T03:13:07.257+0000] {logging_mixin.py:150} INFO - [2023-08-09T03:13:07.257+0000] {dag.py:3508} INFO - Setting next_dagrun for example_short_circuit_operator to 2023-08-08T03:13:07.256969+00:00, run_after=2023-08-09T03:13:07.256969+00:00
[2023-08-09T03:13:07.274+0000] {processor.py:179} INFO - Processing /home/airflow/.local/lib/python3.7/site-packages/airflow/example_dags/example_short_circuit_operator.py took 0.085 seconds
[2023-08-09T03:13:38.346+0000] {processor.py:157} INFO - Started process (PID=402) to work on /home/airflow/.local/lib/python3.7/site-packages/airflow/example_dags/example_short_circuit_operator.py
[2023-08-09T03:13:38.347+0000] {processor.py:826} INFO - Processing file /home/airflow/.local/lib/python3.7/site-packages/airflow/example_dags/example_short_circuit_operator.py for tasks to queue
[2023-08-09T03:13:38.349+0000] {logging_mixin.py:150} INFO - [2023-08-09T03:13:38.349+0000] {dagbag.py:541} INFO - Filling up the DagBag from /home/airflow/.local/lib/python3.7/site-packages/airflow/example_dags/example_short_circuit_operator.py
[2023-08-09T03:13:38.359+0000] {processor.py:836} INFO - DAG(s) dict_keys(['example_short_circuit_operator']) retrieved from /home/airflow/.local/lib/python3.7/site-packages/airflow/example_dags/example_short_circuit_operator.py
[2023-08-09T03:13:38.393+0000] {logging_mixin.py:150} INFO - [2023-08-09T03:13:38.392+0000] {dag.py:2742} INFO - Sync 1 DAGs
[2023-08-09T03:13:38.420+0000] {logging_mixin.py:150} INFO - [2023-08-09T03:13:38.420+0000] {dag.py:3508} INFO - Setting next_dagrun for example_short_circuit_operator to 2023-08-08T03:13:38.419958+00:00, run_after=2023-08-09T03:13:38.419958+00:00
[2023-08-09T03:13:38.437+0000] {processor.py:179} INFO - Processing /home/airflow/.local/lib/python3.7/site-packages/airflow/example_dags/example_short_circuit_operator.py took 0.095 seconds
[2023-08-09T03:14:08.766+0000] {processor.py:157} INFO - Started process (PID=457) to work on /home/airflow/.local/lib/python3.7/site-packages/airflow/example_dags/example_short_circuit_operator.py
[2023-08-09T03:14:08.766+0000] {processor.py:826} INFO - Processing file /home/airflow/.local/lib/python3.7/site-packages/airflow/example_dags/example_short_circuit_operator.py for tasks to queue
[2023-08-09T03:14:08.768+0000] {logging_mixin.py:150} INFO - [2023-08-09T03:14:08.768+0000] {dagbag.py:541} INFO - Filling up the DagBag from /home/airflow/.local/lib/python3.7/site-packages/airflow/example_dags/example_short_circuit_operator.py
[2023-08-09T03:14:08.775+0000] {processor.py:836} INFO - DAG(s) dict_keys(['example_short_circuit_operator']) retrieved from /home/airflow/.local/lib/python3.7/site-packages/airflow/example_dags/example_short_circuit_operator.py
[2023-08-09T03:14:08.798+0000] {logging_mixin.py:150} INFO - [2023-08-09T03:14:08.797+0000] {dag.py:2742} INFO - Sync 1 DAGs
[2023-08-09T03:14:08.821+0000] {logging_mixin.py:150} INFO - [2023-08-09T03:14:08.821+0000] {dag.py:3508} INFO - Setting next_dagrun for example_short_circuit_operator to 2023-08-08T03:14:08.821275+00:00, run_after=2023-08-09T03:14:08.821275+00:00
[2023-08-09T03:14:08.849+0000] {processor.py:179} INFO - Processing /home/airflow/.local/lib/python3.7/site-packages/airflow/example_dags/example_short_circuit_operator.py took 0.086 seconds
[2023-08-09T03:14:39.034+0000] {processor.py:157} INFO - Started process (PID=513) to work on /home/airflow/.local/lib/python3.7/site-packages/airflow/example_dags/example_short_circuit_operator.py
[2023-08-09T03:14:39.034+0000] {processor.py:826} INFO - Processing file /home/airflow/.local/lib/python3.7/site-packages/airflow/example_dags/example_short_circuit_operator.py for tasks to queue
[2023-08-09T03:14:39.036+0000] {logging_mixin.py:150} INFO - [2023-08-09T03:14:39.036+0000] {dagbag.py:541} INFO - Filling up the DagBag from /home/airflow/.local/lib/python3.7/site-packages/airflow/example_dags/example_short_circuit_operator.py
[2023-08-09T03:14:39.044+0000] {processor.py:836} INFO - DAG(s) dict_keys(['example_short_circuit_operator']) retrieved from /home/airflow/.local/lib/python3.7/site-packages/airflow/example_dags/example_short_circuit_operator.py
[2023-08-09T03:14:39.068+0000] {logging_mixin.py:150} INFO - [2023-08-09T03:14:39.068+0000] {dag.py:2742} INFO - Sync 1 DAGs
[2023-08-09T03:14:39.096+0000] {logging_mixin.py:150} INFO - [2023-08-09T03:14:39.095+0000] {dag.py:3508} INFO - Setting next_dagrun for example_short_circuit_operator to 2023-08-08T03:14:39.095717+00:00, run_after=2023-08-09T03:14:39.095717+00:00
[2023-08-09T03:14:39.119+0000] {processor.py:179} INFO - Processing /home/airflow/.local/lib/python3.7/site-packages/airflow/example_dags/example_short_circuit_operator.py took 0.088 seconds
[2023-08-09T03:15:09.325+0000] {processor.py:157} INFO - Started process (PID=568) to work on /home/airflow/.local/lib/python3.7/site-packages/airflow/example_dags/example_short_circuit_operator.py
[2023-08-09T03:15:09.326+0000] {processor.py:826} INFO - Processing file /home/airflow/.local/lib/python3.7/site-packages/airflow/example_dags/example_short_circuit_operator.py for tasks to queue
[2023-08-09T03:15:09.327+0000] {logging_mixin.py:150} INFO - [2023-08-09T03:15:09.327+0000] {dagbag.py:541} INFO - Filling up the DagBag from /home/airflow/.local/lib/python3.7/site-packages/airflow/example_dags/example_short_circuit_operator.py
[2023-08-09T03:15:09.335+0000] {processor.py:836} INFO - DAG(s) dict_keys(['example_short_circuit_operator']) retrieved from /home/airflow/.local/lib/python3.7/site-packages/airflow/example_dags/example_short_circuit_operator.py
[2023-08-09T03:15:09.360+0000] {logging_mixin.py:150} INFO - [2023-08-09T03:15:09.360+0000] {dag.py:2742} INFO - Sync 1 DAGs
[2023-08-09T03:15:09.389+0000] {logging_mixin.py:150} INFO - [2023-08-09T03:15:09.388+0000] {dag.py:3508} INFO - Setting next_dagrun for example_short_circuit_operator to 2023-08-08T03:15:09.388708+00:00, run_after=2023-08-09T03:15:09.388708+00:00
[2023-08-09T03:15:09.409+0000] {processor.py:179} INFO - Processing /home/airflow/.local/lib/python3.7/site-packages/airflow/example_dags/example_short_circuit_operator.py took 0.087 seconds
[2023-08-09T03:15:40.743+0000] {processor.py:157} INFO - Started process (PID=623) to work on /home/airflow/.local/lib/python3.7/site-packages/airflow/example_dags/example_short_circuit_operator.py
[2023-08-09T03:15:40.744+0000] {processor.py:826} INFO - Processing file /home/airflow/.local/lib/python3.7/site-packages/airflow/example_dags/example_short_circuit_operator.py for tasks to queue
[2023-08-09T03:15:40.747+0000] {logging_mixin.py:150} INFO - [2023-08-09T03:15:40.746+0000] {dagbag.py:541} INFO - Filling up the DagBag from /home/airflow/.local/lib/python3.7/site-packages/airflow/example_dags/example_short_circuit_operator.py
[2023-08-09T03:15:40.758+0000] {processor.py:836} INFO - DAG(s) dict_keys(['example_short_circuit_operator']) retrieved from /home/airflow/.local/lib/python3.7/site-packages/airflow/example_dags/example_short_circuit_operator.py
[2023-08-09T03:15:40.797+0000] {logging_mixin.py:150} INFO - [2023-08-09T03:15:40.796+0000] {dag.py:2742} INFO - Sync 1 DAGs
[2023-08-09T03:15:40.832+0000] {logging_mixin.py:150} INFO - [2023-08-09T03:15:40.831+0000] {dag.py:3508} INFO - Setting next_dagrun for example_short_circuit_operator to 2023-08-08T03:15:40.831553+00:00, run_after=2023-08-09T03:15:40.831553+00:00
[2023-08-09T03:15:40.856+0000] {processor.py:179} INFO - Processing /home/airflow/.local/lib/python3.7/site-packages/airflow/example_dags/example_short_circuit_operator.py took 0.116 seconds
[2023-08-09T03:16:11.041+0000] {processor.py:157} INFO - Started process (PID=678) to work on /home/airflow/.local/lib/python3.7/site-packages/airflow/example_dags/example_short_circuit_operator.py
[2023-08-09T03:16:11.042+0000] {processor.py:826} INFO - Processing file /home/airflow/.local/lib/python3.7/site-packages/airflow/example_dags/example_short_circuit_operator.py for tasks to queue
[2023-08-09T03:16:11.044+0000] {logging_mixin.py:150} INFO - [2023-08-09T03:16:11.044+0000] {dagbag.py:541} INFO - Filling up the DagBag from /home/airflow/.local/lib/python3.7/site-packages/airflow/example_dags/example_short_circuit_operator.py
[2023-08-09T03:16:11.056+0000] {processor.py:836} INFO - DAG(s) dict_keys(['example_short_circuit_operator']) retrieved from /home/airflow/.local/lib/python3.7/site-packages/airflow/example_dags/example_short_circuit_operator.py
[2023-08-09T03:16:11.081+0000] {logging_mixin.py:150} INFO - [2023-08-09T03:16:11.081+0000] {dag.py:2742} INFO - Sync 1 DAGs
[2023-08-09T03:16:11.106+0000] {logging_mixin.py:150} INFO - [2023-08-09T03:16:11.106+0000] {dag.py:3508} INFO - Setting next_dagrun for example_short_circuit_operator to 2023-08-08T03:16:11.106026+00:00, run_after=2023-08-09T03:16:11.106026+00:00
[2023-08-09T03:16:11.123+0000] {processor.py:179} INFO - Processing /home/airflow/.local/lib/python3.7/site-packages/airflow/example_dags/example_short_circuit_operator.py took 0.084 seconds
[2023-08-09T03:16:41.225+0000] {processor.py:157} INFO - Started process (PID=733) to work on /home/airflow/.local/lib/python3.7/site-packages/airflow/example_dags/example_short_circuit_operator.py
[2023-08-09T03:16:41.226+0000] {processor.py:826} INFO - Processing file /home/airflow/.local/lib/python3.7/site-packages/airflow/example_dags/example_short_circuit_operator.py for tasks to queue
[2023-08-09T03:16:41.228+0000] {logging_mixin.py:150} INFO - [2023-08-09T03:16:41.228+0000] {dagbag.py:541} INFO - Filling up the DagBag from /home/airflow/.local/lib/python3.7/site-packages/airflow/example_dags/example_short_circuit_operator.py
[2023-08-09T03:16:41.239+0000] {processor.py:836} INFO - DAG(s) dict_keys(['example_short_circuit_operator']) retrieved from /home/airflow/.local/lib/python3.7/site-packages/airflow/example_dags/example_short_circuit_operator.py
[2023-08-09T03:16:41.274+0000] {logging_mixin.py:150} INFO - [2023-08-09T03:16:41.273+0000] {dag.py:2742} INFO - Sync 1 DAGs
[2023-08-09T03:16:41.298+0000] {logging_mixin.py:150} INFO - [2023-08-09T03:16:41.298+0000] {dag.py:3508} INFO - Setting next_dagrun for example_short_circuit_operator to 2023-08-08T03:16:41.297999+00:00, run_after=2023-08-09T03:16:41.297999+00:00
[2023-08-09T03:16:41.314+0000] {processor.py:179} INFO - Processing /home/airflow/.local/lib/python3.7/site-packages/airflow/example_dags/example_short_circuit_operator.py took 0.094 seconds
[2023-08-09T03:17:11.601+0000] {processor.py:157} INFO - Started process (PID=788) to work on /home/airflow/.local/lib/python3.7/site-packages/airflow/example_dags/example_short_circuit_operator.py
[2023-08-09T03:17:11.602+0000] {processor.py:826} INFO - Processing file /home/airflow/.local/lib/python3.7/site-packages/airflow/example_dags/example_short_circuit_operator.py for tasks to queue
[2023-08-09T03:17:11.605+0000] {logging_mixin.py:150} INFO - [2023-08-09T03:17:11.605+0000] {dagbag.py:541} INFO - Filling up the DagBag from /home/airflow/.local/lib/python3.7/site-packages/airflow/example_dags/example_short_circuit_operator.py
[2023-08-09T03:17:11.616+0000] {processor.py:836} INFO - DAG(s) dict_keys(['example_short_circuit_operator']) retrieved from /home/airflow/.local/lib/python3.7/site-packages/airflow/example_dags/example_short_circuit_operator.py
[2023-08-09T03:17:11.663+0000] {logging_mixin.py:150} INFO - [2023-08-09T03:17:11.662+0000] {dag.py:2742} INFO - Sync 1 DAGs
[2023-08-09T03:17:11.688+0000] {logging_mixin.py:150} INFO - [2023-08-09T03:17:11.688+0000] {dag.py:3508} INFO - Setting next_dagrun for example_short_circuit_operator to 2023-08-08T03:17:11.688100+00:00, run_after=2023-08-09T03:17:11.688100+00:00
[2023-08-09T03:17:11.707+0000] {processor.py:179} INFO - Processing /home/airflow/.local/lib/python3.7/site-packages/airflow/example_dags/example_short_circuit_operator.py took 0.110 seconds
[2023-08-09T03:17:41.732+0000] {processor.py:157} INFO - Started process (PID=842) to work on /home/airflow/.local/lib/python3.7/site-packages/airflow/example_dags/example_short_circuit_operator.py
[2023-08-09T03:17:41.732+0000] {processor.py:826} INFO - Processing file /home/airflow/.local/lib/python3.7/site-packages/airflow/example_dags/example_short_circuit_operator.py for tasks to queue
[2023-08-09T03:17:41.734+0000] {logging_mixin.py:150} INFO - [2023-08-09T03:17:41.734+0000] {dagbag.py:541} INFO - Filling up the DagBag from /home/airflow/.local/lib/python3.7/site-packages/airflow/example_dags/example_short_circuit_operator.py
[2023-08-09T03:17:41.744+0000] {processor.py:836} INFO - DAG(s) dict_keys(['example_short_circuit_operator']) retrieved from /home/airflow/.local/lib/python3.7/site-packages/airflow/example_dags/example_short_circuit_operator.py
[2023-08-09T03:17:41.783+0000] {logging_mixin.py:150} INFO - [2023-08-09T03:17:41.782+0000] {dag.py:2742} INFO - Sync 1 DAGs
[2023-08-09T03:17:41.819+0000] {logging_mixin.py:150} INFO - [2023-08-09T03:17:41.819+0000] {dag.py:3508} INFO - Setting next_dagrun for example_short_circuit_operator to 2023-08-08T03:17:41.819426+00:00, run_after=2023-08-09T03:17:41.819426+00:00
[2023-08-09T03:17:41.846+0000] {processor.py:179} INFO - Processing /home/airflow/.local/lib/python3.7/site-packages/airflow/example_dags/example_short_circuit_operator.py took 0.117 seconds
[2023-08-09T03:18:12.119+0000] {processor.py:157} INFO - Started process (PID=898) to work on /home/airflow/.local/lib/python3.7/site-packages/airflow/example_dags/example_short_circuit_operator.py
[2023-08-09T03:18:12.120+0000] {processor.py:826} INFO - Processing file /home/airflow/.local/lib/python3.7/site-packages/airflow/example_dags/example_short_circuit_operator.py for tasks to queue
[2023-08-09T03:18:12.122+0000] {logging_mixin.py:150} INFO - [2023-08-09T03:18:12.122+0000] {dagbag.py:541} INFO - Filling up the DagBag from /home/airflow/.local/lib/python3.7/site-packages/airflow/example_dags/example_short_circuit_operator.py
[2023-08-09T03:18:12.131+0000] {processor.py:836} INFO - DAG(s) dict_keys(['example_short_circuit_operator']) retrieved from /home/airflow/.local/lib/python3.7/site-packages/airflow/example_dags/example_short_circuit_operator.py
[2023-08-09T03:18:12.166+0000] {logging_mixin.py:150} INFO - [2023-08-09T03:18:12.166+0000] {dag.py:2742} INFO - Sync 1 DAGs
[2023-08-09T03:18:12.198+0000] {logging_mixin.py:150} INFO - [2023-08-09T03:18:12.198+0000] {dag.py:3508} INFO - Setting next_dagrun for example_short_circuit_operator to 2023-08-08T03:18:12.198039+00:00, run_after=2023-08-09T03:18:12.198039+00:00
[2023-08-09T03:18:12.217+0000] {processor.py:179} INFO - Processing /home/airflow/.local/lib/python3.7/site-packages/airflow/example_dags/example_short_circuit_operator.py took 0.102 seconds
[2023-08-09T03:18:42.652+0000] {processor.py:157} INFO - Started process (PID=953) to work on /home/airflow/.local/lib/python3.7/site-packages/airflow/example_dags/example_short_circuit_operator.py
[2023-08-09T03:18:42.653+0000] {processor.py:826} INFO - Processing file /home/airflow/.local/lib/python3.7/site-packages/airflow/example_dags/example_short_circuit_operator.py for tasks to queue
[2023-08-09T03:18:42.655+0000] {logging_mixin.py:150} INFO - [2023-08-09T03:18:42.654+0000] {dagbag.py:541} INFO - Filling up the DagBag from /home/airflow/.local/lib/python3.7/site-packages/airflow/example_dags/example_short_circuit_operator.py
[2023-08-09T03:18:42.661+0000] {processor.py:836} INFO - DAG(s) dict_keys(['example_short_circuit_operator']) retrieved from /home/airflow/.local/lib/python3.7/site-packages/airflow/example_dags/example_short_circuit_operator.py
[2023-08-09T03:18:42.689+0000] {logging_mixin.py:150} INFO - [2023-08-09T03:18:42.688+0000] {dag.py:2742} INFO - Sync 1 DAGs
[2023-08-09T03:18:42.712+0000] {logging_mixin.py:150} INFO - [2023-08-09T03:18:42.712+0000] {dag.py:3508} INFO - Setting next_dagrun for example_short_circuit_operator to 2023-08-08T03:18:42.712407+00:00, run_after=2023-08-09T03:18:42.712407+00:00
[2023-08-09T03:18:42.729+0000] {processor.py:179} INFO - Processing /home/airflow/.local/lib/python3.7/site-packages/airflow/example_dags/example_short_circuit_operator.py took 0.080 seconds
[2023-08-09T03:19:13.078+0000] {processor.py:157} INFO - Started process (PID=1008) to work on /home/airflow/.local/lib/python3.7/site-packages/airflow/example_dags/example_short_circuit_operator.py
[2023-08-09T03:19:13.079+0000] {processor.py:826} INFO - Processing file /home/airflow/.local/lib/python3.7/site-packages/airflow/example_dags/example_short_circuit_operator.py for tasks to queue
[2023-08-09T03:19:13.080+0000] {logging_mixin.py:150} INFO - [2023-08-09T03:19:13.080+0000] {dagbag.py:541} INFO - Filling up the DagBag from /home/airflow/.local/lib/python3.7/site-packages/airflow/example_dags/example_short_circuit_operator.py
[2023-08-09T03:19:13.087+0000] {processor.py:836} INFO - DAG(s) dict_keys(['example_short_circuit_operator']) retrieved from /home/airflow/.local/lib/python3.7/site-packages/airflow/example_dags/example_short_circuit_operator.py
[2023-08-09T03:19:13.109+0000] {logging_mixin.py:150} INFO - [2023-08-09T03:19:13.109+0000] {dag.py:2742} INFO - Sync 1 DAGs
[2023-08-09T03:19:13.132+0000] {logging_mixin.py:150} INFO - [2023-08-09T03:19:13.132+0000] {dag.py:3508} INFO - Setting next_dagrun for example_short_circuit_operator to 2023-08-08T03:19:13.132253+00:00, run_after=2023-08-09T03:19:13.132253+00:00
[2023-08-09T03:19:13.155+0000] {processor.py:179} INFO - Processing /home/airflow/.local/lib/python3.7/site-packages/airflow/example_dags/example_short_circuit_operator.py took 0.080 seconds
[2023-08-09T03:19:43.222+0000] {processor.py:157} INFO - Started process (PID=1063) to work on /home/airflow/.local/lib/python3.7/site-packages/airflow/example_dags/example_short_circuit_operator.py
[2023-08-09T03:19:43.223+0000] {processor.py:826} INFO - Processing file /home/airflow/.local/lib/python3.7/site-packages/airflow/example_dags/example_short_circuit_operator.py for tasks to queue
[2023-08-09T03:19:43.224+0000] {logging_mixin.py:150} INFO - [2023-08-09T03:19:43.224+0000] {dagbag.py:541} INFO - Filling up the DagBag from /home/airflow/.local/lib/python3.7/site-packages/airflow/example_dags/example_short_circuit_operator.py
[2023-08-09T03:19:43.232+0000] {processor.py:836} INFO - DAG(s) dict_keys(['example_short_circuit_operator']) retrieved from /home/airflow/.local/lib/python3.7/site-packages/airflow/example_dags/example_short_circuit_operator.py
[2023-08-09T03:19:43.257+0000] {logging_mixin.py:150} INFO - [2023-08-09T03:19:43.257+0000] {dag.py:2742} INFO - Sync 1 DAGs
[2023-08-09T03:19:43.290+0000] {logging_mixin.py:150} INFO - [2023-08-09T03:19:43.290+0000] {dag.py:3508} INFO - Setting next_dagrun for example_short_circuit_operator to 2023-08-08T03:19:43.290488+00:00, run_after=2023-08-09T03:19:43.290488+00:00
[2023-08-09T03:19:43.308+0000] {processor.py:179} INFO - Processing /home/airflow/.local/lib/python3.7/site-packages/airflow/example_dags/example_short_circuit_operator.py took 0.088 seconds
[2023-08-09T03:20:14.134+0000] {processor.py:157} INFO - Started process (PID=1118) to work on /home/airflow/.local/lib/python3.7/site-packages/airflow/example_dags/example_short_circuit_operator.py
[2023-08-09T03:20:14.135+0000] {processor.py:826} INFO - Processing file /home/airflow/.local/lib/python3.7/site-packages/airflow/example_dags/example_short_circuit_operator.py for tasks to queue
[2023-08-09T03:20:14.136+0000] {logging_mixin.py:150} INFO - [2023-08-09T03:20:14.136+0000] {dagbag.py:541} INFO - Filling up the DagBag from /home/airflow/.local/lib/python3.7/site-packages/airflow/example_dags/example_short_circuit_operator.py
[2023-08-09T03:20:14.143+0000] {processor.py:836} INFO - DAG(s) dict_keys(['example_short_circuit_operator']) retrieved from /home/airflow/.local/lib/python3.7/site-packages/airflow/example_dags/example_short_circuit_operator.py
[2023-08-09T03:20:14.167+0000] {logging_mixin.py:150} INFO - [2023-08-09T03:20:14.166+0000] {dag.py:2742} INFO - Sync 1 DAGs
[2023-08-09T03:20:14.190+0000] {logging_mixin.py:150} INFO - [2023-08-09T03:20:14.190+0000] {dag.py:3508} INFO - Setting next_dagrun for example_short_circuit_operator to 2023-08-08T03:20:14.189985+00:00, run_after=2023-08-09T03:20:14.189985+00:00
[2023-08-09T03:20:14.210+0000] {processor.py:179} INFO - Processing /home/airflow/.local/lib/python3.7/site-packages/airflow/example_dags/example_short_circuit_operator.py took 0.079 seconds
[2023-08-09T03:20:45.074+0000] {processor.py:157} INFO - Started process (PID=1173) to work on /home/airflow/.local/lib/python3.7/site-packages/airflow/example_dags/example_short_circuit_operator.py
[2023-08-09T03:20:45.075+0000] {processor.py:826} INFO - Processing file /home/airflow/.local/lib/python3.7/site-packages/airflow/example_dags/example_short_circuit_operator.py for tasks to queue
[2023-08-09T03:20:45.077+0000] {logging_mixin.py:150} INFO - [2023-08-09T03:20:45.076+0000] {dagbag.py:541} INFO - Filling up the DagBag from /home/airflow/.local/lib/python3.7/site-packages/airflow/example_dags/example_short_circuit_operator.py
[2023-08-09T03:20:45.083+0000] {processor.py:836} INFO - DAG(s) dict_keys(['example_short_circuit_operator']) retrieved from /home/airflow/.local/lib/python3.7/site-packages/airflow/example_dags/example_short_circuit_operator.py
[2023-08-09T03:20:45.106+0000] {logging_mixin.py:150} INFO - [2023-08-09T03:20:45.106+0000] {dag.py:2742} INFO - Sync 1 DAGs
[2023-08-09T03:20:45.130+0000] {logging_mixin.py:150} INFO - [2023-08-09T03:20:45.130+0000] {dag.py:3508} INFO - Setting next_dagrun for example_short_circuit_operator to 2023-08-08T03:20:45.130611+00:00, run_after=2023-08-09T03:20:45.130611+00:00
[2023-08-09T03:20:45.149+0000] {processor.py:179} INFO - Processing /home/airflow/.local/lib/python3.7/site-packages/airflow/example_dags/example_short_circuit_operator.py took 0.077 seconds
[2023-08-09T03:21:15.416+0000] {processor.py:157} INFO - Started process (PID=1228) to work on /home/airflow/.local/lib/python3.7/site-packages/airflow/example_dags/example_short_circuit_operator.py
[2023-08-09T03:21:15.416+0000] {processor.py:826} INFO - Processing file /home/airflow/.local/lib/python3.7/site-packages/airflow/example_dags/example_short_circuit_operator.py for tasks to queue
[2023-08-09T03:21:15.418+0000] {logging_mixin.py:150} INFO - [2023-08-09T03:21:15.418+0000] {dagbag.py:541} INFO - Filling up the DagBag from /home/airflow/.local/lib/python3.7/site-packages/airflow/example_dags/example_short_circuit_operator.py
[2023-08-09T03:21:15.425+0000] {processor.py:836} INFO - DAG(s) dict_keys(['example_short_circuit_operator']) retrieved from /home/airflow/.local/lib/python3.7/site-packages/airflow/example_dags/example_short_circuit_operator.py
[2023-08-09T03:21:15.450+0000] {logging_mixin.py:150} INFO - [2023-08-09T03:21:15.449+0000] {dag.py:2742} INFO - Sync 1 DAGs
[2023-08-09T03:21:15.473+0000] {logging_mixin.py:150} INFO - [2023-08-09T03:21:15.473+0000] {dag.py:3508} INFO - Setting next_dagrun for example_short_circuit_operator to 2023-08-08T03:21:15.473272+00:00, run_after=2023-08-09T03:21:15.473272+00:00
[2023-08-09T03:21:15.489+0000] {processor.py:179} INFO - Processing /home/airflow/.local/lib/python3.7/site-packages/airflow/example_dags/example_short_circuit_operator.py took 0.076 seconds
[2023-08-09T03:21:45.694+0000] {processor.py:157} INFO - Started process (PID=1283) to work on /home/airflow/.local/lib/python3.7/site-packages/airflow/example_dags/example_short_circuit_operator.py
[2023-08-09T03:21:45.695+0000] {processor.py:826} INFO - Processing file /home/airflow/.local/lib/python3.7/site-packages/airflow/example_dags/example_short_circuit_operator.py for tasks to queue
[2023-08-09T03:21:45.697+0000] {logging_mixin.py:150} INFO - [2023-08-09T03:21:45.697+0000] {dagbag.py:541} INFO - Filling up the DagBag from /home/airflow/.local/lib/python3.7/site-packages/airflow/example_dags/example_short_circuit_operator.py
[2023-08-09T03:21:45.704+0000] {processor.py:836} INFO - DAG(s) dict_keys(['example_short_circuit_operator']) retrieved from /home/airflow/.local/lib/python3.7/site-packages/airflow/example_dags/example_short_circuit_operator.py
[2023-08-09T03:21:45.730+0000] {logging_mixin.py:150} INFO - [2023-08-09T03:21:45.729+0000] {dag.py:2742} INFO - Sync 1 DAGs
[2023-08-09T03:21:45.757+0000] {logging_mixin.py:150} INFO - [2023-08-09T03:21:45.757+0000] {dag.py:3508} INFO - Setting next_dagrun for example_short_circuit_operator to 2023-08-08T03:21:45.757276+00:00, run_after=2023-08-09T03:21:45.757276+00:00
[2023-08-09T03:21:45.775+0000] {processor.py:179} INFO - Processing /home/airflow/.local/lib/python3.7/site-packages/airflow/example_dags/example_short_circuit_operator.py took 0.083 seconds
[2023-08-09T03:22:16.780+0000] {processor.py:157} INFO - Started process (PID=1338) to work on /home/airflow/.local/lib/python3.7/site-packages/airflow/example_dags/example_short_circuit_operator.py
[2023-08-09T03:22:16.781+0000] {processor.py:826} INFO - Processing file /home/airflow/.local/lib/python3.7/site-packages/airflow/example_dags/example_short_circuit_operator.py for tasks to queue
[2023-08-09T03:22:16.782+0000] {logging_mixin.py:150} INFO - [2023-08-09T03:22:16.782+0000] {dagbag.py:541} INFO - Filling up the DagBag from /home/airflow/.local/lib/python3.7/site-packages/airflow/example_dags/example_short_circuit_operator.py
[2023-08-09T03:22:16.789+0000] {processor.py:836} INFO - DAG(s) dict_keys(['example_short_circuit_operator']) retrieved from /home/airflow/.local/lib/python3.7/site-packages/airflow/example_dags/example_short_circuit_operator.py
[2023-08-09T03:22:16.814+0000] {logging_mixin.py:150} INFO - [2023-08-09T03:22:16.813+0000] {dag.py:2742} INFO - Sync 1 DAGs
[2023-08-09T03:22:16.843+0000] {logging_mixin.py:150} INFO - [2023-08-09T03:22:16.843+0000] {dag.py:3508} INFO - Setting next_dagrun for example_short_circuit_operator to 2023-08-08T03:22:16.843406+00:00, run_after=2023-08-09T03:22:16.843406+00:00
[2023-08-09T03:22:16.865+0000] {processor.py:179} INFO - Processing /home/airflow/.local/lib/python3.7/site-packages/airflow/example_dags/example_short_circuit_operator.py took 0.087 seconds
[2023-08-09T03:22:47.238+0000] {processor.py:157} INFO - Started process (PID=1392) to work on /home/airflow/.local/lib/python3.7/site-packages/airflow/example_dags/example_short_circuit_operator.py
[2023-08-09T03:22:47.239+0000] {processor.py:826} INFO - Processing file /home/airflow/.local/lib/python3.7/site-packages/airflow/example_dags/example_short_circuit_operator.py for tasks to queue
[2023-08-09T03:22:47.240+0000] {logging_mixin.py:150} INFO - [2023-08-09T03:22:47.240+0000] {dagbag.py:541} INFO - Filling up the DagBag from /home/airflow/.local/lib/python3.7/site-packages/airflow/example_dags/example_short_circuit_operator.py
[2023-08-09T03:22:47.249+0000] {processor.py:836} INFO - DAG(s) dict_keys(['example_short_circuit_operator']) retrieved from /home/airflow/.local/lib/python3.7/site-packages/airflow/example_dags/example_short_circuit_operator.py
[2023-08-09T03:22:47.286+0000] {logging_mixin.py:150} INFO - [2023-08-09T03:22:47.285+0000] {dag.py:2742} INFO - Sync 1 DAGs
[2023-08-09T03:22:47.311+0000] {logging_mixin.py:150} INFO - [2023-08-09T03:22:47.311+0000] {dag.py:3508} INFO - Setting next_dagrun for example_short_circuit_operator to 2023-08-08T03:22:47.310829+00:00, run_after=2023-08-09T03:22:47.310829+00:00
[2023-08-09T03:22:47.328+0000] {processor.py:179} INFO - Processing /home/airflow/.local/lib/python3.7/site-packages/airflow/example_dags/example_short_circuit_operator.py took 0.093 seconds
[2023-08-09T03:23:17.397+0000] {processor.py:157} INFO - Started process (PID=1447) to work on /home/airflow/.local/lib/python3.7/site-packages/airflow/example_dags/example_short_circuit_operator.py
[2023-08-09T03:23:17.398+0000] {processor.py:826} INFO - Processing file /home/airflow/.local/lib/python3.7/site-packages/airflow/example_dags/example_short_circuit_operator.py for tasks to queue
[2023-08-09T03:23:17.400+0000] {logging_mixin.py:150} INFO - [2023-08-09T03:23:17.399+0000] {dagbag.py:541} INFO - Filling up the DagBag from /home/airflow/.local/lib/python3.7/site-packages/airflow/example_dags/example_short_circuit_operator.py
[2023-08-09T03:23:17.406+0000] {processor.py:836} INFO - DAG(s) dict_keys(['example_short_circuit_operator']) retrieved from /home/airflow/.local/lib/python3.7/site-packages/airflow/example_dags/example_short_circuit_operator.py
[2023-08-09T03:23:17.436+0000] {logging_mixin.py:150} INFO - [2023-08-09T03:23:17.436+0000] {dag.py:2742} INFO - Sync 1 DAGs
[2023-08-09T03:23:17.468+0000] {logging_mixin.py:150} INFO - [2023-08-09T03:23:17.467+0000] {dag.py:3508} INFO - Setting next_dagrun for example_short_circuit_operator to 2023-08-08T03:23:17.467720+00:00, run_after=2023-08-09T03:23:17.467720+00:00
[2023-08-09T03:23:17.486+0000] {processor.py:179} INFO - Processing /home/airflow/.local/lib/python3.7/site-packages/airflow/example_dags/example_short_circuit_operator.py took 0.092 seconds
[2023-08-09T03:23:47.564+0000] {processor.py:157} INFO - Started process (PID=1502) to work on /home/airflow/.local/lib/python3.7/site-packages/airflow/example_dags/example_short_circuit_operator.py
[2023-08-09T03:23:47.564+0000] {processor.py:826} INFO - Processing file /home/airflow/.local/lib/python3.7/site-packages/airflow/example_dags/example_short_circuit_operator.py for tasks to queue
[2023-08-09T03:23:47.566+0000] {logging_mixin.py:150} INFO - [2023-08-09T03:23:47.566+0000] {dagbag.py:541} INFO - Filling up the DagBag from /home/airflow/.local/lib/python3.7/site-packages/airflow/example_dags/example_short_circuit_operator.py
[2023-08-09T03:23:47.573+0000] {processor.py:836} INFO - DAG(s) dict_keys(['example_short_circuit_operator']) retrieved from /home/airflow/.local/lib/python3.7/site-packages/airflow/example_dags/example_short_circuit_operator.py
[2023-08-09T03:23:47.601+0000] {logging_mixin.py:150} INFO - [2023-08-09T03:23:47.601+0000] {dag.py:2742} INFO - Sync 1 DAGs
[2023-08-09T03:23:47.627+0000] {logging_mixin.py:150} INFO - [2023-08-09T03:23:47.627+0000] {dag.py:3508} INFO - Setting next_dagrun for example_short_circuit_operator to 2023-08-08T03:23:47.627444+00:00, run_after=2023-08-09T03:23:47.627444+00:00
[2023-08-09T03:23:47.655+0000] {processor.py:179} INFO - Processing /home/airflow/.local/lib/python3.7/site-packages/airflow/example_dags/example_short_circuit_operator.py took 0.094 seconds
[2023-08-09T03:24:17.844+0000] {processor.py:157} INFO - Started process (PID=1557) to work on /home/airflow/.local/lib/python3.7/site-packages/airflow/example_dags/example_short_circuit_operator.py
[2023-08-09T03:24:17.845+0000] {processor.py:826} INFO - Processing file /home/airflow/.local/lib/python3.7/site-packages/airflow/example_dags/example_short_circuit_operator.py for tasks to queue
[2023-08-09T03:24:17.847+0000] {logging_mixin.py:150} INFO - [2023-08-09T03:24:17.847+0000] {dagbag.py:541} INFO - Filling up the DagBag from /home/airflow/.local/lib/python3.7/site-packages/airflow/example_dags/example_short_circuit_operator.py
[2023-08-09T03:24:17.859+0000] {processor.py:836} INFO - DAG(s) dict_keys(['example_short_circuit_operator']) retrieved from /home/airflow/.local/lib/python3.7/site-packages/airflow/example_dags/example_short_circuit_operator.py
[2023-08-09T03:24:17.898+0000] {logging_mixin.py:150} INFO - [2023-08-09T03:24:17.898+0000] {dag.py:2742} INFO - Sync 1 DAGs
[2023-08-09T03:24:17.940+0000] {logging_mixin.py:150} INFO - [2023-08-09T03:24:17.940+0000] {dag.py:3508} INFO - Setting next_dagrun for example_short_circuit_operator to 2023-08-08T03:24:17.939877+00:00, run_after=2023-08-09T03:24:17.939877+00:00
[2023-08-09T03:24:17.960+0000] {processor.py:179} INFO - Processing /home/airflow/.local/lib/python3.7/site-packages/airflow/example_dags/example_short_circuit_operator.py took 0.121 seconds
[2023-08-09T03:24:48.150+0000] {processor.py:157} INFO - Started process (PID=1612) to work on /home/airflow/.local/lib/python3.7/site-packages/airflow/example_dags/example_short_circuit_operator.py
[2023-08-09T03:24:48.151+0000] {processor.py:826} INFO - Processing file /home/airflow/.local/lib/python3.7/site-packages/airflow/example_dags/example_short_circuit_operator.py for tasks to queue
[2023-08-09T03:24:48.153+0000] {logging_mixin.py:150} INFO - [2023-08-09T03:24:48.153+0000] {dagbag.py:541} INFO - Filling up the DagBag from /home/airflow/.local/lib/python3.7/site-packages/airflow/example_dags/example_short_circuit_operator.py
[2023-08-09T03:24:48.160+0000] {processor.py:836} INFO - DAG(s) dict_keys(['example_short_circuit_operator']) retrieved from /home/airflow/.local/lib/python3.7/site-packages/airflow/example_dags/example_short_circuit_operator.py
[2023-08-09T03:24:48.184+0000] {logging_mixin.py:150} INFO - [2023-08-09T03:24:48.183+0000] {dag.py:2742} INFO - Sync 1 DAGs
[2023-08-09T03:24:48.208+0000] {logging_mixin.py:150} INFO - [2023-08-09T03:24:48.207+0000] {dag.py:3508} INFO - Setting next_dagrun for example_short_circuit_operator to 2023-08-08T03:24:48.207674+00:00, run_after=2023-08-09T03:24:48.207674+00:00
[2023-08-09T03:24:48.226+0000] {processor.py:179} INFO - Processing /home/airflow/.local/lib/python3.7/site-packages/airflow/example_dags/example_short_circuit_operator.py took 0.078 seconds
[2023-08-09T03:25:18.260+0000] {processor.py:157} INFO - Started process (PID=1665) to work on /home/airflow/.local/lib/python3.7/site-packages/airflow/example_dags/example_short_circuit_operator.py
[2023-08-09T03:25:18.261+0000] {processor.py:826} INFO - Processing file /home/airflow/.local/lib/python3.7/site-packages/airflow/example_dags/example_short_circuit_operator.py for tasks to queue
[2023-08-09T03:25:18.263+0000] {logging_mixin.py:150} INFO - [2023-08-09T03:25:18.263+0000] {dagbag.py:541} INFO - Filling up the DagBag from /home/airflow/.local/lib/python3.7/site-packages/airflow/example_dags/example_short_circuit_operator.py
[2023-08-09T03:25:18.275+0000] {processor.py:836} INFO - DAG(s) dict_keys(['example_short_circuit_operator']) retrieved from /home/airflow/.local/lib/python3.7/site-packages/airflow/example_dags/example_short_circuit_operator.py
[2023-08-09T03:25:18.303+0000] {logging_mixin.py:150} INFO - [2023-08-09T03:25:18.303+0000] {dag.py:2742} INFO - Sync 1 DAGs
[2023-08-09T03:25:18.330+0000] {logging_mixin.py:150} INFO - [2023-08-09T03:25:18.330+0000] {dag.py:3508} INFO - Setting next_dagrun for example_short_circuit_operator to 2023-08-08T03:25:18.330415+00:00, run_after=2023-08-09T03:25:18.330415+00:00
[2023-08-09T03:25:18.350+0000] {processor.py:179} INFO - Processing /home/airflow/.local/lib/python3.7/site-packages/airflow/example_dags/example_short_circuit_operator.py took 0.095 seconds
[2023-08-09T03:25:48.433+0000] {processor.py:157} INFO - Started process (PID=1720) to work on /home/airflow/.local/lib/python3.7/site-packages/airflow/example_dags/example_short_circuit_operator.py
[2023-08-09T03:25:48.434+0000] {processor.py:826} INFO - Processing file /home/airflow/.local/lib/python3.7/site-packages/airflow/example_dags/example_short_circuit_operator.py for tasks to queue
[2023-08-09T03:25:48.435+0000] {logging_mixin.py:150} INFO - [2023-08-09T03:25:48.435+0000] {dagbag.py:541} INFO - Filling up the DagBag from /home/airflow/.local/lib/python3.7/site-packages/airflow/example_dags/example_short_circuit_operator.py
[2023-08-09T03:25:48.442+0000] {processor.py:836} INFO - DAG(s) dict_keys(['example_short_circuit_operator']) retrieved from /home/airflow/.local/lib/python3.7/site-packages/airflow/example_dags/example_short_circuit_operator.py
[2023-08-09T03:25:48.466+0000] {logging_mixin.py:150} INFO - [2023-08-09T03:25:48.465+0000] {dag.py:2742} INFO - Sync 1 DAGs
[2023-08-09T03:25:48.489+0000] {logging_mixin.py:150} INFO - [2023-08-09T03:25:48.489+0000] {dag.py:3508} INFO - Setting next_dagrun for example_short_circuit_operator to 2023-08-08T03:25:48.489274+00:00, run_after=2023-08-09T03:25:48.489274+00:00
[2023-08-09T03:25:48.506+0000] {processor.py:179} INFO - Processing /home/airflow/.local/lib/python3.7/site-packages/airflow/example_dags/example_short_circuit_operator.py took 0.075 seconds
[2023-08-09T03:26:18.860+0000] {processor.py:157} INFO - Started process (PID=1774) to work on /home/airflow/.local/lib/python3.7/site-packages/airflow/example_dags/example_short_circuit_operator.py
[2023-08-09T03:26:18.861+0000] {processor.py:826} INFO - Processing file /home/airflow/.local/lib/python3.7/site-packages/airflow/example_dags/example_short_circuit_operator.py for tasks to queue
[2023-08-09T03:26:18.862+0000] {logging_mixin.py:150} INFO - [2023-08-09T03:26:18.862+0000] {dagbag.py:541} INFO - Filling up the DagBag from /home/airflow/.local/lib/python3.7/site-packages/airflow/example_dags/example_short_circuit_operator.py
[2023-08-09T03:26:18.869+0000] {processor.py:836} INFO - DAG(s) dict_keys(['example_short_circuit_operator']) retrieved from /home/airflow/.local/lib/python3.7/site-packages/airflow/example_dags/example_short_circuit_operator.py
[2023-08-09T03:26:18.902+0000] {logging_mixin.py:150} INFO - [2023-08-09T03:26:18.901+0000] {dag.py:2742} INFO - Sync 1 DAGs
[2023-08-09T03:26:18.950+0000] {logging_mixin.py:150} INFO - [2023-08-09T03:26:18.949+0000] {dag.py:3508} INFO - Setting next_dagrun for example_short_circuit_operator to 2023-08-08T03:26:18.949362+00:00, run_after=2023-08-09T03:26:18.949362+00:00
[2023-08-09T03:26:18.982+0000] {processor.py:179} INFO - Processing /home/airflow/.local/lib/python3.7/site-packages/airflow/example_dags/example_short_circuit_operator.py took 0.125 seconds
[2023-08-09T03:26:49.963+0000] {processor.py:157} INFO - Started process (PID=1830) to work on /home/airflow/.local/lib/python3.7/site-packages/airflow/example_dags/example_short_circuit_operator.py
[2023-08-09T03:26:49.964+0000] {processor.py:826} INFO - Processing file /home/airflow/.local/lib/python3.7/site-packages/airflow/example_dags/example_short_circuit_operator.py for tasks to queue
[2023-08-09T03:26:49.965+0000] {logging_mixin.py:150} INFO - [2023-08-09T03:26:49.965+0000] {dagbag.py:541} INFO - Filling up the DagBag from /home/airflow/.local/lib/python3.7/site-packages/airflow/example_dags/example_short_circuit_operator.py
[2023-08-09T03:26:49.972+0000] {processor.py:836} INFO - DAG(s) dict_keys(['example_short_circuit_operator']) retrieved from /home/airflow/.local/lib/python3.7/site-packages/airflow/example_dags/example_short_circuit_operator.py
[2023-08-09T03:26:50.005+0000] {logging_mixin.py:150} INFO - [2023-08-09T03:26:50.004+0000] {dag.py:2742} INFO - Sync 1 DAGs
[2023-08-09T03:26:50.037+0000] {logging_mixin.py:150} INFO - [2023-08-09T03:26:50.037+0000] {dag.py:3508} INFO - Setting next_dagrun for example_short_circuit_operator to 2023-08-08T03:26:50.037394+00:00, run_after=2023-08-09T03:26:50.037394+00:00
[2023-08-09T03:26:50.055+0000] {processor.py:179} INFO - Processing /home/airflow/.local/lib/python3.7/site-packages/airflow/example_dags/example_short_circuit_operator.py took 0.094 seconds
[2023-08-09T03:27:20.459+0000] {processor.py:157} INFO - Started process (PID=1891) to work on /home/airflow/.local/lib/python3.7/site-packages/airflow/example_dags/example_short_circuit_operator.py
[2023-08-09T03:27:20.460+0000] {processor.py:826} INFO - Processing file /home/airflow/.local/lib/python3.7/site-packages/airflow/example_dags/example_short_circuit_operator.py for tasks to queue
[2023-08-09T03:27:20.463+0000] {logging_mixin.py:150} INFO - [2023-08-09T03:27:20.462+0000] {dagbag.py:541} INFO - Filling up the DagBag from /home/airflow/.local/lib/python3.7/site-packages/airflow/example_dags/example_short_circuit_operator.py
[2023-08-09T03:27:20.473+0000] {processor.py:836} INFO - DAG(s) dict_keys(['example_short_circuit_operator']) retrieved from /home/airflow/.local/lib/python3.7/site-packages/airflow/example_dags/example_short_circuit_operator.py
[2023-08-09T03:27:20.514+0000] {logging_mixin.py:150} INFO - [2023-08-09T03:27:20.513+0000] {dag.py:2742} INFO - Sync 1 DAGs
[2023-08-09T03:27:20.599+0000] {logging_mixin.py:150} INFO - [2023-08-09T03:27:20.598+0000] {dag.py:3508} INFO - Setting next_dagrun for example_short_circuit_operator to 2023-08-08T03:27:20.598433+00:00, run_after=2023-08-09T03:27:20.598433+00:00
[2023-08-09T03:27:20.639+0000] {processor.py:179} INFO - Processing /home/airflow/.local/lib/python3.7/site-packages/airflow/example_dags/example_short_circuit_operator.py took 0.183 seconds
[2023-08-09T03:27:50.812+0000] {processor.py:157} INFO - Started process (PID=1946) to work on /home/airflow/.local/lib/python3.7/site-packages/airflow/example_dags/example_short_circuit_operator.py
[2023-08-09T03:27:50.813+0000] {processor.py:826} INFO - Processing file /home/airflow/.local/lib/python3.7/site-packages/airflow/example_dags/example_short_circuit_operator.py for tasks to queue
[2023-08-09T03:27:50.815+0000] {logging_mixin.py:150} INFO - [2023-08-09T03:27:50.814+0000] {dagbag.py:541} INFO - Filling up the DagBag from /home/airflow/.local/lib/python3.7/site-packages/airflow/example_dags/example_short_circuit_operator.py
[2023-08-09T03:27:50.824+0000] {processor.py:836} INFO - DAG(s) dict_keys(['example_short_circuit_operator']) retrieved from /home/airflow/.local/lib/python3.7/site-packages/airflow/example_dags/example_short_circuit_operator.py
[2023-08-09T03:27:50.856+0000] {logging_mixin.py:150} INFO - [2023-08-09T03:27:50.855+0000] {dag.py:2742} INFO - Sync 1 DAGs
[2023-08-09T03:27:50.884+0000] {logging_mixin.py:150} INFO - [2023-08-09T03:27:50.884+0000] {dag.py:3508} INFO - Setting next_dagrun for example_short_circuit_operator to 2023-08-08T03:27:50.884454+00:00, run_after=2023-08-09T03:27:50.884454+00:00
[2023-08-09T03:27:50.905+0000] {processor.py:179} INFO - Processing /home/airflow/.local/lib/python3.7/site-packages/airflow/example_dags/example_short_circuit_operator.py took 0.098 seconds
[2023-08-09T03:28:21.120+0000] {processor.py:157} INFO - Started process (PID=2002) to work on /home/airflow/.local/lib/python3.7/site-packages/airflow/example_dags/example_short_circuit_operator.py
[2023-08-09T03:28:21.121+0000] {processor.py:826} INFO - Processing file /home/airflow/.local/lib/python3.7/site-packages/airflow/example_dags/example_short_circuit_operator.py for tasks to queue
[2023-08-09T03:28:21.123+0000] {logging_mixin.py:150} INFO - [2023-08-09T03:28:21.123+0000] {dagbag.py:541} INFO - Filling up the DagBag from /home/airflow/.local/lib/python3.7/site-packages/airflow/example_dags/example_short_circuit_operator.py
[2023-08-09T03:28:21.130+0000] {processor.py:836} INFO - DAG(s) dict_keys(['example_short_circuit_operator']) retrieved from /home/airflow/.local/lib/python3.7/site-packages/airflow/example_dags/example_short_circuit_operator.py
[2023-08-09T03:28:21.154+0000] {logging_mixin.py:150} INFO - [2023-08-09T03:28:21.154+0000] {dag.py:2742} INFO - Sync 1 DAGs
[2023-08-09T03:28:21.180+0000] {logging_mixin.py:150} INFO - [2023-08-09T03:28:21.180+0000] {dag.py:3508} INFO - Setting next_dagrun for example_short_circuit_operator to 2023-08-08T03:28:21.179820+00:00, run_after=2023-08-09T03:28:21.179820+00:00
[2023-08-09T03:28:21.196+0000] {processor.py:179} INFO - Processing /home/airflow/.local/lib/python3.7/site-packages/airflow/example_dags/example_short_circuit_operator.py took 0.079 seconds
[2023-08-09T03:28:51.527+0000] {processor.py:157} INFO - Started process (PID=2057) to work on /home/airflow/.local/lib/python3.7/site-packages/airflow/example_dags/example_short_circuit_operator.py
[2023-08-09T03:28:51.528+0000] {processor.py:826} INFO - Processing file /home/airflow/.local/lib/python3.7/site-packages/airflow/example_dags/example_short_circuit_operator.py for tasks to queue
[2023-08-09T03:28:51.530+0000] {logging_mixin.py:150} INFO - [2023-08-09T03:28:51.530+0000] {dagbag.py:541} INFO - Filling up the DagBag from /home/airflow/.local/lib/python3.7/site-packages/airflow/example_dags/example_short_circuit_operator.py
[2023-08-09T03:28:51.540+0000] {processor.py:836} INFO - DAG(s) dict_keys(['example_short_circuit_operator']) retrieved from /home/airflow/.local/lib/python3.7/site-packages/airflow/example_dags/example_short_circuit_operator.py
[2023-08-09T03:28:51.564+0000] {logging_mixin.py:150} INFO - [2023-08-09T03:28:51.564+0000] {dag.py:2742} INFO - Sync 1 DAGs
[2023-08-09T03:28:51.588+0000] {logging_mixin.py:150} INFO - [2023-08-09T03:28:51.587+0000] {dag.py:3508} INFO - Setting next_dagrun for example_short_circuit_operator to 2023-08-08T03:28:51.587635+00:00, run_after=2023-08-09T03:28:51.587635+00:00
[2023-08-09T03:28:51.605+0000] {processor.py:179} INFO - Processing /home/airflow/.local/lib/python3.7/site-packages/airflow/example_dags/example_short_circuit_operator.py took 0.081 seconds
[2023-08-09T03:29:21.846+0000] {processor.py:157} INFO - Started process (PID=2112) to work on /home/airflow/.local/lib/python3.7/site-packages/airflow/example_dags/example_short_circuit_operator.py
[2023-08-09T03:29:21.846+0000] {processor.py:826} INFO - Processing file /home/airflow/.local/lib/python3.7/site-packages/airflow/example_dags/example_short_circuit_operator.py for tasks to queue
[2023-08-09T03:29:21.848+0000] {logging_mixin.py:150} INFO - [2023-08-09T03:29:21.848+0000] {dagbag.py:541} INFO - Filling up the DagBag from /home/airflow/.local/lib/python3.7/site-packages/airflow/example_dags/example_short_circuit_operator.py
[2023-08-09T03:29:21.855+0000] {processor.py:836} INFO - DAG(s) dict_keys(['example_short_circuit_operator']) retrieved from /home/airflow/.local/lib/python3.7/site-packages/airflow/example_dags/example_short_circuit_operator.py
[2023-08-09T03:29:21.885+0000] {logging_mixin.py:150} INFO - [2023-08-09T03:29:21.885+0000] {dag.py:2742} INFO - Sync 1 DAGs
[2023-08-09T03:29:21.918+0000] {logging_mixin.py:150} INFO - [2023-08-09T03:29:21.918+0000] {dag.py:3508} INFO - Setting next_dagrun for example_short_circuit_operator to 2023-08-08T03:29:21.917788+00:00, run_after=2023-08-09T03:29:21.917788+00:00
[2023-08-09T03:29:21.940+0000] {processor.py:179} INFO - Processing /home/airflow/.local/lib/python3.7/site-packages/airflow/example_dags/example_short_circuit_operator.py took 0.097 seconds
[2023-08-09T03:29:52.762+0000] {processor.py:157} INFO - Started process (PID=2167) to work on /home/airflow/.local/lib/python3.7/site-packages/airflow/example_dags/example_short_circuit_operator.py
[2023-08-09T03:29:52.763+0000] {processor.py:826} INFO - Processing file /home/airflow/.local/lib/python3.7/site-packages/airflow/example_dags/example_short_circuit_operator.py for tasks to queue
[2023-08-09T03:29:52.763+0000] {logging_mixin.py:150} INFO - [2023-08-09T03:29:52.763+0000] {dagbag.py:541} INFO - Filling up the DagBag from /home/airflow/.local/lib/python3.7/site-packages/airflow/example_dags/example_short_circuit_operator.py
[2023-08-09T03:29:52.771+0000] {processor.py:836} INFO - DAG(s) dict_keys(['example_short_circuit_operator']) retrieved from /home/airflow/.local/lib/python3.7/site-packages/airflow/example_dags/example_short_circuit_operator.py
[2023-08-09T03:29:52.794+0000] {logging_mixin.py:150} INFO - [2023-08-09T03:29:52.794+0000] {dag.py:2742} INFO - Sync 1 DAGs
[2023-08-09T03:29:52.827+0000] {logging_mixin.py:150} INFO - [2023-08-09T03:29:52.827+0000] {dag.py:3508} INFO - Setting next_dagrun for example_short_circuit_operator to 2023-08-08T03:29:52.827148+00:00, run_after=2023-08-09T03:29:52.827148+00:00
[2023-08-09T03:29:52.861+0000] {processor.py:179} INFO - Processing /home/airflow/.local/lib/python3.7/site-packages/airflow/example_dags/example_short_circuit_operator.py took 0.101 seconds
[2023-08-09T03:30:23.840+0000] {processor.py:157} INFO - Started process (PID=2222) to work on /home/airflow/.local/lib/python3.7/site-packages/airflow/example_dags/example_short_circuit_operator.py
[2023-08-09T03:30:23.840+0000] {processor.py:826} INFO - Processing file /home/airflow/.local/lib/python3.7/site-packages/airflow/example_dags/example_short_circuit_operator.py for tasks to queue
[2023-08-09T03:30:23.841+0000] {logging_mixin.py:150} INFO - [2023-08-09T03:30:23.841+0000] {dagbag.py:541} INFO - Filling up the DagBag from /home/airflow/.local/lib/python3.7/site-packages/airflow/example_dags/example_short_circuit_operator.py
[2023-08-09T03:30:23.848+0000] {processor.py:836} INFO - DAG(s) dict_keys(['example_short_circuit_operator']) retrieved from /home/airflow/.local/lib/python3.7/site-packages/airflow/example_dags/example_short_circuit_operator.py
[2023-08-09T03:30:23.879+0000] {logging_mixin.py:150} INFO - [2023-08-09T03:30:23.879+0000] {dag.py:2742} INFO - Sync 1 DAGs
[2023-08-09T03:30:23.913+0000] {logging_mixin.py:150} INFO - [2023-08-09T03:30:23.912+0000] {dag.py:3508} INFO - Setting next_dagrun for example_short_circuit_operator to 2023-08-08T03:30:23.912521+00:00, run_after=2023-08-09T03:30:23.912521+00:00
[2023-08-09T03:30:23.935+0000] {processor.py:179} INFO - Processing /home/airflow/.local/lib/python3.7/site-packages/airflow/example_dags/example_short_circuit_operator.py took 0.098 seconds
[2023-08-09T03:30:54.278+0000] {processor.py:157} INFO - Started process (PID=2278) to work on /home/airflow/.local/lib/python3.7/site-packages/airflow/example_dags/example_short_circuit_operator.py
[2023-08-09T03:30:54.279+0000] {processor.py:826} INFO - Processing file /home/airflow/.local/lib/python3.7/site-packages/airflow/example_dags/example_short_circuit_operator.py for tasks to queue
[2023-08-09T03:30:54.279+0000] {logging_mixin.py:150} INFO - [2023-08-09T03:30:54.279+0000] {dagbag.py:541} INFO - Filling up the DagBag from /home/airflow/.local/lib/python3.7/site-packages/airflow/example_dags/example_short_circuit_operator.py
[2023-08-09T03:30:54.287+0000] {processor.py:836} INFO - DAG(s) dict_keys(['example_short_circuit_operator']) retrieved from /home/airflow/.local/lib/python3.7/site-packages/airflow/example_dags/example_short_circuit_operator.py
[2023-08-09T03:30:54.315+0000] {logging_mixin.py:150} INFO - [2023-08-09T03:30:54.315+0000] {dag.py:2742} INFO - Sync 1 DAGs
[2023-08-09T03:30:54.342+0000] {logging_mixin.py:150} INFO - [2023-08-09T03:30:54.341+0000] {dag.py:3508} INFO - Setting next_dagrun for example_short_circuit_operator to 2023-08-08T03:30:54.341294+00:00, run_after=2023-08-09T03:30:54.341294+00:00
[2023-08-09T03:30:54.365+0000] {processor.py:179} INFO - Processing /home/airflow/.local/lib/python3.7/site-packages/airflow/example_dags/example_short_circuit_operator.py took 0.090 seconds
[2023-08-09T03:31:24.587+0000] {processor.py:157} INFO - Started process (PID=2336) to work on /home/airflow/.local/lib/python3.7/site-packages/airflow/example_dags/example_short_circuit_operator.py
[2023-08-09T03:31:24.588+0000] {processor.py:826} INFO - Processing file /home/airflow/.local/lib/python3.7/site-packages/airflow/example_dags/example_short_circuit_operator.py for tasks to queue
[2023-08-09T03:31:24.589+0000] {logging_mixin.py:150} INFO - [2023-08-09T03:31:24.589+0000] {dagbag.py:541} INFO - Filling up the DagBag from /home/airflow/.local/lib/python3.7/site-packages/airflow/example_dags/example_short_circuit_operator.py
[2023-08-09T03:31:24.597+0000] {processor.py:836} INFO - DAG(s) dict_keys(['example_short_circuit_operator']) retrieved from /home/airflow/.local/lib/python3.7/site-packages/airflow/example_dags/example_short_circuit_operator.py
[2023-08-09T03:31:24.624+0000] {logging_mixin.py:150} INFO - [2023-08-09T03:31:24.624+0000] {dag.py:2742} INFO - Sync 1 DAGs
[2023-08-09T03:31:24.655+0000] {logging_mixin.py:150} INFO - [2023-08-09T03:31:24.655+0000] {dag.py:3508} INFO - Setting next_dagrun for example_short_circuit_operator to 2023-08-08T03:31:24.655057+00:00, run_after=2023-08-09T03:31:24.655057+00:00
[2023-08-09T03:31:24.674+0000] {processor.py:179} INFO - Processing /home/airflow/.local/lib/python3.7/site-packages/airflow/example_dags/example_short_circuit_operator.py took 0.091 seconds
[2023-08-09T03:31:55.192+0000] {processor.py:157} INFO - Started process (PID=2391) to work on /home/airflow/.local/lib/python3.7/site-packages/airflow/example_dags/example_short_circuit_operator.py
[2023-08-09T03:31:55.193+0000] {processor.py:826} INFO - Processing file /home/airflow/.local/lib/python3.7/site-packages/airflow/example_dags/example_short_circuit_operator.py for tasks to queue
[2023-08-09T03:31:55.194+0000] {logging_mixin.py:150} INFO - [2023-08-09T03:31:55.193+0000] {dagbag.py:541} INFO - Filling up the DagBag from /home/airflow/.local/lib/python3.7/site-packages/airflow/example_dags/example_short_circuit_operator.py
[2023-08-09T03:31:55.202+0000] {processor.py:836} INFO - DAG(s) dict_keys(['example_short_circuit_operator']) retrieved from /home/airflow/.local/lib/python3.7/site-packages/airflow/example_dags/example_short_circuit_operator.py
[2023-08-09T03:31:55.231+0000] {logging_mixin.py:150} INFO - [2023-08-09T03:31:55.231+0000] {dag.py:2742} INFO - Sync 1 DAGs
[2023-08-09T03:31:55.272+0000] {logging_mixin.py:150} INFO - [2023-08-09T03:31:55.272+0000] {dag.py:3508} INFO - Setting next_dagrun for example_short_circuit_operator to 2023-08-08T03:31:55.271813+00:00, run_after=2023-08-09T03:31:55.271813+00:00
[2023-08-09T03:31:55.295+0000] {processor.py:179} INFO - Processing /home/airflow/.local/lib/python3.7/site-packages/airflow/example_dags/example_short_circuit_operator.py took 0.105 seconds
[2023-08-09T03:32:25.517+0000] {processor.py:157} INFO - Started process (PID=2449) to work on /home/airflow/.local/lib/python3.7/site-packages/airflow/example_dags/example_short_circuit_operator.py
[2023-08-09T03:32:25.517+0000] {processor.py:826} INFO - Processing file /home/airflow/.local/lib/python3.7/site-packages/airflow/example_dags/example_short_circuit_operator.py for tasks to queue
[2023-08-09T03:32:25.518+0000] {logging_mixin.py:150} INFO - [2023-08-09T03:32:25.518+0000] {dagbag.py:541} INFO - Filling up the DagBag from /home/airflow/.local/lib/python3.7/site-packages/airflow/example_dags/example_short_circuit_operator.py
[2023-08-09T03:32:25.526+0000] {processor.py:836} INFO - DAG(s) dict_keys(['example_short_circuit_operator']) retrieved from /home/airflow/.local/lib/python3.7/site-packages/airflow/example_dags/example_short_circuit_operator.py
[2023-08-09T03:32:25.554+0000] {logging_mixin.py:150} INFO - [2023-08-09T03:32:25.554+0000] {dag.py:2742} INFO - Sync 1 DAGs
[2023-08-09T03:32:25.583+0000] {logging_mixin.py:150} INFO - [2023-08-09T03:32:25.583+0000] {dag.py:3508} INFO - Setting next_dagrun for example_short_circuit_operator to 2023-08-08T03:32:25.582952+00:00, run_after=2023-08-09T03:32:25.582952+00:00
[2023-08-09T03:32:25.606+0000] {processor.py:179} INFO - Processing /home/airflow/.local/lib/python3.7/site-packages/airflow/example_dags/example_short_circuit_operator.py took 0.093 seconds
[2023-08-09T03:32:57.507+0000] {processor.py:157} INFO - Started process (PID=2503) to work on /home/airflow/.local/lib/python3.7/site-packages/airflow/example_dags/example_short_circuit_operator.py
[2023-08-09T03:32:57.508+0000] {processor.py:826} INFO - Processing file /home/airflow/.local/lib/python3.7/site-packages/airflow/example_dags/example_short_circuit_operator.py for tasks to queue
[2023-08-09T03:32:57.509+0000] {logging_mixin.py:150} INFO - [2023-08-09T03:32:57.508+0000] {dagbag.py:541} INFO - Filling up the DagBag from /home/airflow/.local/lib/python3.7/site-packages/airflow/example_dags/example_short_circuit_operator.py
[2023-08-09T03:32:57.521+0000] {processor.py:836} INFO - DAG(s) dict_keys(['example_short_circuit_operator']) retrieved from /home/airflow/.local/lib/python3.7/site-packages/airflow/example_dags/example_short_circuit_operator.py
[2023-08-09T03:32:57.559+0000] {logging_mixin.py:150} INFO - [2023-08-09T03:32:57.559+0000] {dag.py:2742} INFO - Sync 1 DAGs
[2023-08-09T03:32:57.598+0000] {logging_mixin.py:150} INFO - [2023-08-09T03:32:57.598+0000] {dag.py:3508} INFO - Setting next_dagrun for example_short_circuit_operator to 2023-08-08T03:32:57.598371+00:00, run_after=2023-08-09T03:32:57.598371+00:00
[2023-08-09T03:32:57.623+0000] {processor.py:179} INFO - Processing /home/airflow/.local/lib/python3.7/site-packages/airflow/example_dags/example_short_circuit_operator.py took 0.120 seconds
[2023-08-09T03:33:27.954+0000] {processor.py:157} INFO - Started process (PID=2558) to work on /home/airflow/.local/lib/python3.7/site-packages/airflow/example_dags/example_short_circuit_operator.py
[2023-08-09T03:33:27.955+0000] {processor.py:826} INFO - Processing file /home/airflow/.local/lib/python3.7/site-packages/airflow/example_dags/example_short_circuit_operator.py for tasks to queue
[2023-08-09T03:33:27.956+0000] {logging_mixin.py:150} INFO - [2023-08-09T03:33:27.956+0000] {dagbag.py:541} INFO - Filling up the DagBag from /home/airflow/.local/lib/python3.7/site-packages/airflow/example_dags/example_short_circuit_operator.py
[2023-08-09T03:33:27.972+0000] {processor.py:836} INFO - DAG(s) dict_keys(['example_short_circuit_operator']) retrieved from /home/airflow/.local/lib/python3.7/site-packages/airflow/example_dags/example_short_circuit_operator.py
[2023-08-09T03:33:28.006+0000] {logging_mixin.py:150} INFO - [2023-08-09T03:33:28.005+0000] {dag.py:2742} INFO - Sync 1 DAGs
[2023-08-09T03:33:28.034+0000] {logging_mixin.py:150} INFO - [2023-08-09T03:33:28.034+0000] {dag.py:3508} INFO - Setting next_dagrun for example_short_circuit_operator to 2023-08-08T03:33:28.033975+00:00, run_after=2023-08-09T03:33:28.033975+00:00
[2023-08-09T03:33:28.061+0000] {processor.py:179} INFO - Processing /home/airflow/.local/lib/python3.7/site-packages/airflow/example_dags/example_short_circuit_operator.py took 0.112 seconds
[2023-08-09T03:33:58.123+0000] {processor.py:157} INFO - Started process (PID=2614) to work on /home/airflow/.local/lib/python3.7/site-packages/airflow/example_dags/example_short_circuit_operator.py
[2023-08-09T03:33:58.125+0000] {processor.py:826} INFO - Processing file /home/airflow/.local/lib/python3.7/site-packages/airflow/example_dags/example_short_circuit_operator.py for tasks to queue
[2023-08-09T03:33:58.126+0000] {logging_mixin.py:150} INFO - [2023-08-09T03:33:58.126+0000] {dagbag.py:541} INFO - Filling up the DagBag from /home/airflow/.local/lib/python3.7/site-packages/airflow/example_dags/example_short_circuit_operator.py
[2023-08-09T03:33:58.142+0000] {processor.py:836} INFO - DAG(s) dict_keys(['example_short_circuit_operator']) retrieved from /home/airflow/.local/lib/python3.7/site-packages/airflow/example_dags/example_short_circuit_operator.py
[2023-08-09T03:33:58.183+0000] {logging_mixin.py:150} INFO - [2023-08-09T03:33:58.182+0000] {dag.py:2742} INFO - Sync 1 DAGs
[2023-08-09T03:33:58.226+0000] {logging_mixin.py:150} INFO - [2023-08-09T03:33:58.226+0000] {dag.py:3508} INFO - Setting next_dagrun for example_short_circuit_operator to 2023-08-08T03:33:58.226215+00:00, run_after=2023-08-09T03:33:58.226215+00:00
[2023-08-09T03:33:58.257+0000] {processor.py:179} INFO - Processing /home/airflow/.local/lib/python3.7/site-packages/airflow/example_dags/example_short_circuit_operator.py took 0.138 seconds
[2023-08-09T03:34:29.233+0000] {processor.py:157} INFO - Started process (PID=2669) to work on /home/airflow/.local/lib/python3.7/site-packages/airflow/example_dags/example_short_circuit_operator.py
[2023-08-09T03:34:29.233+0000] {processor.py:826} INFO - Processing file /home/airflow/.local/lib/python3.7/site-packages/airflow/example_dags/example_short_circuit_operator.py for tasks to queue
[2023-08-09T03:34:29.234+0000] {logging_mixin.py:150} INFO - [2023-08-09T03:34:29.234+0000] {dagbag.py:541} INFO - Filling up the DagBag from /home/airflow/.local/lib/python3.7/site-packages/airflow/example_dags/example_short_circuit_operator.py
[2023-08-09T03:34:29.241+0000] {processor.py:836} INFO - DAG(s) dict_keys(['example_short_circuit_operator']) retrieved from /home/airflow/.local/lib/python3.7/site-packages/airflow/example_dags/example_short_circuit_operator.py
[2023-08-09T03:34:29.264+0000] {logging_mixin.py:150} INFO - [2023-08-09T03:34:29.264+0000] {dag.py:2742} INFO - Sync 1 DAGs
[2023-08-09T03:34:29.287+0000] {logging_mixin.py:150} INFO - [2023-08-09T03:34:29.287+0000] {dag.py:3508} INFO - Setting next_dagrun for example_short_circuit_operator to 2023-08-08T03:34:29.286864+00:00, run_after=2023-08-09T03:34:29.286864+00:00
[2023-08-09T03:34:29.302+0000] {processor.py:179} INFO - Processing /home/airflow/.local/lib/python3.7/site-packages/airflow/example_dags/example_short_circuit_operator.py took 0.073 seconds
[2023-08-09T03:34:59.671+0000] {processor.py:157} INFO - Started process (PID=2723) to work on /home/airflow/.local/lib/python3.7/site-packages/airflow/example_dags/example_short_circuit_operator.py
[2023-08-09T03:34:59.672+0000] {processor.py:826} INFO - Processing file /home/airflow/.local/lib/python3.7/site-packages/airflow/example_dags/example_short_circuit_operator.py for tasks to queue
[2023-08-09T03:34:59.674+0000] {logging_mixin.py:150} INFO - [2023-08-09T03:34:59.673+0000] {dagbag.py:541} INFO - Filling up the DagBag from /home/airflow/.local/lib/python3.7/site-packages/airflow/example_dags/example_short_circuit_operator.py
[2023-08-09T03:34:59.687+0000] {processor.py:836} INFO - DAG(s) dict_keys(['example_short_circuit_operator']) retrieved from /home/airflow/.local/lib/python3.7/site-packages/airflow/example_dags/example_short_circuit_operator.py
[2023-08-09T03:34:59.724+0000] {logging_mixin.py:150} INFO - [2023-08-09T03:34:59.724+0000] {dag.py:2742} INFO - Sync 1 DAGs
[2023-08-09T03:34:59.755+0000] {logging_mixin.py:150} INFO - [2023-08-09T03:34:59.755+0000] {dag.py:3508} INFO - Setting next_dagrun for example_short_circuit_operator to 2023-08-08T03:34:59.755523+00:00, run_after=2023-08-09T03:34:59.755523+00:00
[2023-08-09T03:34:59.774+0000] {processor.py:179} INFO - Processing /home/airflow/.local/lib/python3.7/site-packages/airflow/example_dags/example_short_circuit_operator.py took 0.108 seconds
[2023-08-09T03:35:29.827+0000] {processor.py:157} INFO - Started process (PID=2777) to work on /home/airflow/.local/lib/python3.7/site-packages/airflow/example_dags/example_short_circuit_operator.py
[2023-08-09T03:35:29.828+0000] {processor.py:826} INFO - Processing file /home/airflow/.local/lib/python3.7/site-packages/airflow/example_dags/example_short_circuit_operator.py for tasks to queue
[2023-08-09T03:35:29.829+0000] {logging_mixin.py:150} INFO - [2023-08-09T03:35:29.829+0000] {dagbag.py:541} INFO - Filling up the DagBag from /home/airflow/.local/lib/python3.7/site-packages/airflow/example_dags/example_short_circuit_operator.py
[2023-08-09T03:35:29.844+0000] {processor.py:836} INFO - DAG(s) dict_keys(['example_short_circuit_operator']) retrieved from /home/airflow/.local/lib/python3.7/site-packages/airflow/example_dags/example_short_circuit_operator.py
[2023-08-09T03:35:29.886+0000] {logging_mixin.py:150} INFO - [2023-08-09T03:35:29.886+0000] {dag.py:2742} INFO - Sync 1 DAGs
[2023-08-09T03:35:29.915+0000] {logging_mixin.py:150} INFO - [2023-08-09T03:35:29.915+0000] {dag.py:3508} INFO - Setting next_dagrun for example_short_circuit_operator to 2023-08-08T03:35:29.915139+00:00, run_after=2023-08-09T03:35:29.915139+00:00
[2023-08-09T03:35:29.931+0000] {processor.py:179} INFO - Processing /home/airflow/.local/lib/python3.7/site-packages/airflow/example_dags/example_short_circuit_operator.py took 0.109 seconds
[2023-08-09T03:36:00.095+0000] {processor.py:157} INFO - Started process (PID=2832) to work on /home/airflow/.local/lib/python3.7/site-packages/airflow/example_dags/example_short_circuit_operator.py
[2023-08-09T03:36:00.097+0000] {processor.py:826} INFO - Processing file /home/airflow/.local/lib/python3.7/site-packages/airflow/example_dags/example_short_circuit_operator.py for tasks to queue
[2023-08-09T03:36:00.098+0000] {logging_mixin.py:150} INFO - [2023-08-09T03:36:00.097+0000] {dagbag.py:541} INFO - Filling up the DagBag from /home/airflow/.local/lib/python3.7/site-packages/airflow/example_dags/example_short_circuit_operator.py
[2023-08-09T03:36:00.107+0000] {processor.py:836} INFO - DAG(s) dict_keys(['example_short_circuit_operator']) retrieved from /home/airflow/.local/lib/python3.7/site-packages/airflow/example_dags/example_short_circuit_operator.py
[2023-08-09T03:36:00.136+0000] {logging_mixin.py:150} INFO - [2023-08-09T03:36:00.135+0000] {dag.py:2742} INFO - Sync 1 DAGs
[2023-08-09T03:36:00.171+0000] {logging_mixin.py:150} INFO - [2023-08-09T03:36:00.171+0000] {dag.py:3508} INFO - Setting next_dagrun for example_short_circuit_operator to 2023-08-08T03:36:00.171193+00:00, run_after=2023-08-09T03:36:00.171193+00:00
[2023-08-09T03:36:00.192+0000] {processor.py:179} INFO - Processing /home/airflow/.local/lib/python3.7/site-packages/airflow/example_dags/example_short_circuit_operator.py took 0.100 seconds
[2023-08-09T03:36:30.373+0000] {processor.py:157} INFO - Started process (PID=2888) to work on /home/airflow/.local/lib/python3.7/site-packages/airflow/example_dags/example_short_circuit_operator.py
[2023-08-09T03:36:30.374+0000] {processor.py:826} INFO - Processing file /home/airflow/.local/lib/python3.7/site-packages/airflow/example_dags/example_short_circuit_operator.py for tasks to queue
[2023-08-09T03:36:30.375+0000] {logging_mixin.py:150} INFO - [2023-08-09T03:36:30.375+0000] {dagbag.py:541} INFO - Filling up the DagBag from /home/airflow/.local/lib/python3.7/site-packages/airflow/example_dags/example_short_circuit_operator.py
[2023-08-09T03:36:30.387+0000] {processor.py:836} INFO - DAG(s) dict_keys(['example_short_circuit_operator']) retrieved from /home/airflow/.local/lib/python3.7/site-packages/airflow/example_dags/example_short_circuit_operator.py
[2023-08-09T03:36:30.423+0000] {logging_mixin.py:150} INFO - [2023-08-09T03:36:30.423+0000] {dag.py:2742} INFO - Sync 1 DAGs
[2023-08-09T03:36:30.466+0000] {logging_mixin.py:150} INFO - [2023-08-09T03:36:30.466+0000] {dag.py:3508} INFO - Setting next_dagrun for example_short_circuit_operator to 2023-08-08T03:36:30.466230+00:00, run_after=2023-08-09T03:36:30.466230+00:00
[2023-08-09T03:36:30.498+0000] {processor.py:179} INFO - Processing /home/airflow/.local/lib/python3.7/site-packages/airflow/example_dags/example_short_circuit_operator.py took 0.128 seconds
