[2023-08-09T03:10:32.396+0000] {processor.py:157} INFO - Started process (PID=54) to work on /home/airflow/.local/lib/python3.7/site-packages/airflow/example_dags/example_sensors.py
[2023-08-09T03:10:32.397+0000] {processor.py:826} INFO - Processing file /home/airflow/.local/lib/python3.7/site-packages/airflow/example_dags/example_sensors.py for tasks to queue
[2023-08-09T03:10:32.399+0000] {logging_mixin.py:150} INFO - [2023-08-09T03:10:32.399+0000] {dagbag.py:541} INFO - Filling up the DagBag from /home/airflow/.local/lib/python3.7/site-packages/airflow/example_dags/example_sensors.py
[2023-08-09T03:10:32.415+0000] {processor.py:836} INFO - DAG(s) dict_keys(['example_sensors']) retrieved from /home/airflow/.local/lib/python3.7/site-packages/airflow/example_dags/example_sensors.py
[2023-08-09T03:10:32.460+0000] {logging_mixin.py:150} INFO - [2023-08-09T03:10:32.460+0000] {dag.py:2742} INFO - Sync 1 DAGs
[2023-08-09T03:10:32.497+0000] {logging_mixin.py:150} INFO - [2023-08-09T03:10:32.497+0000] {dag.py:3508} INFO - Setting next_dagrun for example_sensors to None, run_after=None
[2023-08-09T03:10:32.524+0000] {processor.py:179} INFO - Processing /home/airflow/.local/lib/python3.7/site-packages/airflow/example_dags/example_sensors.py took 0.133 seconds
[2023-08-09T03:11:02.634+0000] {processor.py:157} INFO - Started process (PID=108) to work on /home/airflow/.local/lib/python3.7/site-packages/airflow/example_dags/example_sensors.py
[2023-08-09T03:11:02.635+0000] {processor.py:826} INFO - Processing file /home/airflow/.local/lib/python3.7/site-packages/airflow/example_dags/example_sensors.py for tasks to queue
[2023-08-09T03:11:02.638+0000] {logging_mixin.py:150} INFO - [2023-08-09T03:11:02.637+0000] {dagbag.py:541} INFO - Filling up the DagBag from /home/airflow/.local/lib/python3.7/site-packages/airflow/example_dags/example_sensors.py
[2023-08-09T03:11:02.651+0000] {processor.py:836} INFO - DAG(s) dict_keys(['example_sensors']) retrieved from /home/airflow/.local/lib/python3.7/site-packages/airflow/example_dags/example_sensors.py
[2023-08-09T03:11:02.691+0000] {logging_mixin.py:150} INFO - [2023-08-09T03:11:02.691+0000] {dag.py:2742} INFO - Sync 1 DAGs
[2023-08-09T03:11:02.723+0000] {logging_mixin.py:150} INFO - [2023-08-09T03:11:02.723+0000] {dag.py:3508} INFO - Setting next_dagrun for example_sensors to None, run_after=None
[2023-08-09T03:11:02.743+0000] {processor.py:179} INFO - Processing /home/airflow/.local/lib/python3.7/site-packages/airflow/example_dags/example_sensors.py took 0.115 seconds
[2023-08-09T03:11:32.880+0000] {processor.py:157} INFO - Started process (PID=163) to work on /home/airflow/.local/lib/python3.7/site-packages/airflow/example_dags/example_sensors.py
[2023-08-09T03:11:32.881+0000] {processor.py:826} INFO - Processing file /home/airflow/.local/lib/python3.7/site-packages/airflow/example_dags/example_sensors.py for tasks to queue
[2023-08-09T03:11:32.883+0000] {logging_mixin.py:150} INFO - [2023-08-09T03:11:32.883+0000] {dagbag.py:541} INFO - Filling up the DagBag from /home/airflow/.local/lib/python3.7/site-packages/airflow/example_dags/example_sensors.py
[2023-08-09T03:11:32.891+0000] {processor.py:836} INFO - DAG(s) dict_keys(['example_sensors']) retrieved from /home/airflow/.local/lib/python3.7/site-packages/airflow/example_dags/example_sensors.py
[2023-08-09T03:11:32.920+0000] {logging_mixin.py:150} INFO - [2023-08-09T03:11:32.920+0000] {dag.py:2742} INFO - Sync 1 DAGs
[2023-08-09T03:11:32.947+0000] {logging_mixin.py:150} INFO - [2023-08-09T03:11:32.947+0000] {dag.py:3508} INFO - Setting next_dagrun for example_sensors to None, run_after=None
[2023-08-09T03:11:32.964+0000] {processor.py:179} INFO - Processing /home/airflow/.local/lib/python3.7/site-packages/airflow/example_dags/example_sensors.py took 0.086 seconds
[2023-08-09T03:12:03.642+0000] {processor.py:157} INFO - Started process (PID=220) to work on /home/airflow/.local/lib/python3.7/site-packages/airflow/example_dags/example_sensors.py
[2023-08-09T03:12:03.643+0000] {processor.py:826} INFO - Processing file /home/airflow/.local/lib/python3.7/site-packages/airflow/example_dags/example_sensors.py for tasks to queue
[2023-08-09T03:12:03.644+0000] {logging_mixin.py:150} INFO - [2023-08-09T03:12:03.644+0000] {dagbag.py:541} INFO - Filling up the DagBag from /home/airflow/.local/lib/python3.7/site-packages/airflow/example_dags/example_sensors.py
[2023-08-09T03:12:03.653+0000] {processor.py:836} INFO - DAG(s) dict_keys(['example_sensors']) retrieved from /home/airflow/.local/lib/python3.7/site-packages/airflow/example_dags/example_sensors.py
[2023-08-09T03:12:03.677+0000] {logging_mixin.py:150} INFO - [2023-08-09T03:12:03.676+0000] {dag.py:2742} INFO - Sync 1 DAGs
[2023-08-09T03:12:03.699+0000] {logging_mixin.py:150} INFO - [2023-08-09T03:12:03.699+0000] {dag.py:3508} INFO - Setting next_dagrun for example_sensors to None, run_after=None
[2023-08-09T03:12:03.716+0000] {processor.py:179} INFO - Processing /home/airflow/.local/lib/python3.7/site-packages/airflow/example_dags/example_sensors.py took 0.076 seconds
[2023-08-09T03:12:33.790+0000] {processor.py:157} INFO - Started process (PID=275) to work on /home/airflow/.local/lib/python3.7/site-packages/airflow/example_dags/example_sensors.py
[2023-08-09T03:12:33.791+0000] {processor.py:826} INFO - Processing file /home/airflow/.local/lib/python3.7/site-packages/airflow/example_dags/example_sensors.py for tasks to queue
[2023-08-09T03:12:33.792+0000] {logging_mixin.py:150} INFO - [2023-08-09T03:12:33.792+0000] {dagbag.py:541} INFO - Filling up the DagBag from /home/airflow/.local/lib/python3.7/site-packages/airflow/example_dags/example_sensors.py
[2023-08-09T03:12:33.800+0000] {processor.py:836} INFO - DAG(s) dict_keys(['example_sensors']) retrieved from /home/airflow/.local/lib/python3.7/site-packages/airflow/example_dags/example_sensors.py
[2023-08-09T03:12:33.824+0000] {logging_mixin.py:150} INFO - [2023-08-09T03:12:33.824+0000] {dag.py:2742} INFO - Sync 1 DAGs
[2023-08-09T03:12:33.846+0000] {logging_mixin.py:150} INFO - [2023-08-09T03:12:33.845+0000] {dag.py:3508} INFO - Setting next_dagrun for example_sensors to None, run_after=None
[2023-08-09T03:12:33.861+0000] {processor.py:179} INFO - Processing /home/airflow/.local/lib/python3.7/site-packages/airflow/example_dags/example_sensors.py took 0.074 seconds
[2023-08-09T03:13:04.195+0000] {processor.py:157} INFO - Started process (PID=330) to work on /home/airflow/.local/lib/python3.7/site-packages/airflow/example_dags/example_sensors.py
[2023-08-09T03:13:04.196+0000] {processor.py:826} INFO - Processing file /home/airflow/.local/lib/python3.7/site-packages/airflow/example_dags/example_sensors.py for tasks to queue
[2023-08-09T03:13:04.198+0000] {logging_mixin.py:150} INFO - [2023-08-09T03:13:04.197+0000] {dagbag.py:541} INFO - Filling up the DagBag from /home/airflow/.local/lib/python3.7/site-packages/airflow/example_dags/example_sensors.py
[2023-08-09T03:13:04.205+0000] {processor.py:836} INFO - DAG(s) dict_keys(['example_sensors']) retrieved from /home/airflow/.local/lib/python3.7/site-packages/airflow/example_dags/example_sensors.py
[2023-08-09T03:13:04.231+0000] {logging_mixin.py:150} INFO - [2023-08-09T03:13:04.231+0000] {dag.py:2742} INFO - Sync 1 DAGs
[2023-08-09T03:13:04.261+0000] {logging_mixin.py:150} INFO - [2023-08-09T03:13:04.261+0000] {dag.py:3508} INFO - Setting next_dagrun for example_sensors to None, run_after=None
[2023-08-09T03:13:04.280+0000] {processor.py:179} INFO - Processing /home/airflow/.local/lib/python3.7/site-packages/airflow/example_dags/example_sensors.py took 0.087 seconds
[2023-08-09T03:13:35.237+0000] {processor.py:157} INFO - Started process (PID=385) to work on /home/airflow/.local/lib/python3.7/site-packages/airflow/example_dags/example_sensors.py
[2023-08-09T03:13:35.237+0000] {processor.py:826} INFO - Processing file /home/airflow/.local/lib/python3.7/site-packages/airflow/example_dags/example_sensors.py for tasks to queue
[2023-08-09T03:13:35.239+0000] {logging_mixin.py:150} INFO - [2023-08-09T03:13:35.239+0000] {dagbag.py:541} INFO - Filling up the DagBag from /home/airflow/.local/lib/python3.7/site-packages/airflow/example_dags/example_sensors.py
[2023-08-09T03:13:35.247+0000] {processor.py:836} INFO - DAG(s) dict_keys(['example_sensors']) retrieved from /home/airflow/.local/lib/python3.7/site-packages/airflow/example_dags/example_sensors.py
[2023-08-09T03:13:35.272+0000] {logging_mixin.py:150} INFO - [2023-08-09T03:13:35.272+0000] {dag.py:2742} INFO - Sync 1 DAGs
[2023-08-09T03:13:35.293+0000] {logging_mixin.py:150} INFO - [2023-08-09T03:13:35.293+0000] {dag.py:3508} INFO - Setting next_dagrun for example_sensors to None, run_after=None
[2023-08-09T03:13:35.309+0000] {processor.py:179} INFO - Processing /home/airflow/.local/lib/python3.7/site-packages/airflow/example_dags/example_sensors.py took 0.075 seconds
[2023-08-09T03:14:05.722+0000] {processor.py:157} INFO - Started process (PID=440) to work on /home/airflow/.local/lib/python3.7/site-packages/airflow/example_dags/example_sensors.py
[2023-08-09T03:14:05.723+0000] {processor.py:826} INFO - Processing file /home/airflow/.local/lib/python3.7/site-packages/airflow/example_dags/example_sensors.py for tasks to queue
[2023-08-09T03:14:05.725+0000] {logging_mixin.py:150} INFO - [2023-08-09T03:14:05.724+0000] {dagbag.py:541} INFO - Filling up the DagBag from /home/airflow/.local/lib/python3.7/site-packages/airflow/example_dags/example_sensors.py
[2023-08-09T03:14:05.734+0000] {processor.py:836} INFO - DAG(s) dict_keys(['example_sensors']) retrieved from /home/airflow/.local/lib/python3.7/site-packages/airflow/example_dags/example_sensors.py
[2023-08-09T03:14:05.768+0000] {logging_mixin.py:150} INFO - [2023-08-09T03:14:05.768+0000] {dag.py:2742} INFO - Sync 1 DAGs
[2023-08-09T03:14:05.802+0000] {logging_mixin.py:150} INFO - [2023-08-09T03:14:05.801+0000] {dag.py:3508} INFO - Setting next_dagrun for example_sensors to None, run_after=None
[2023-08-09T03:14:05.824+0000] {processor.py:179} INFO - Processing /home/airflow/.local/lib/python3.7/site-packages/airflow/example_dags/example_sensors.py took 0.105 seconds
[2023-08-09T03:14:36.743+0000] {processor.py:157} INFO - Started process (PID=496) to work on /home/airflow/.local/lib/python3.7/site-packages/airflow/example_dags/example_sensors.py
[2023-08-09T03:14:36.744+0000] {processor.py:826} INFO - Processing file /home/airflow/.local/lib/python3.7/site-packages/airflow/example_dags/example_sensors.py for tasks to queue
[2023-08-09T03:14:36.747+0000] {logging_mixin.py:150} INFO - [2023-08-09T03:14:36.747+0000] {dagbag.py:541} INFO - Filling up the DagBag from /home/airflow/.local/lib/python3.7/site-packages/airflow/example_dags/example_sensors.py
[2023-08-09T03:14:36.761+0000] {processor.py:836} INFO - DAG(s) dict_keys(['example_sensors']) retrieved from /home/airflow/.local/lib/python3.7/site-packages/airflow/example_dags/example_sensors.py
[2023-08-09T03:14:36.807+0000] {logging_mixin.py:150} INFO - [2023-08-09T03:14:36.807+0000] {dag.py:2742} INFO - Sync 1 DAGs
[2023-08-09T03:14:36.855+0000] {logging_mixin.py:150} INFO - [2023-08-09T03:14:36.854+0000] {dag.py:3508} INFO - Setting next_dagrun for example_sensors to None, run_after=None
[2023-08-09T03:14:36.891+0000] {processor.py:179} INFO - Processing /home/airflow/.local/lib/python3.7/site-packages/airflow/example_dags/example_sensors.py took 0.150 seconds
[2023-08-09T03:15:07.178+0000] {processor.py:157} INFO - Started process (PID=551) to work on /home/airflow/.local/lib/python3.7/site-packages/airflow/example_dags/example_sensors.py
[2023-08-09T03:15:07.179+0000] {processor.py:826} INFO - Processing file /home/airflow/.local/lib/python3.7/site-packages/airflow/example_dags/example_sensors.py for tasks to queue
[2023-08-09T03:15:07.181+0000] {logging_mixin.py:150} INFO - [2023-08-09T03:15:07.180+0000] {dagbag.py:541} INFO - Filling up the DagBag from /home/airflow/.local/lib/python3.7/site-packages/airflow/example_dags/example_sensors.py
[2023-08-09T03:15:07.194+0000] {processor.py:836} INFO - DAG(s) dict_keys(['example_sensors']) retrieved from /home/airflow/.local/lib/python3.7/site-packages/airflow/example_dags/example_sensors.py
[2023-08-09T03:15:07.230+0000] {logging_mixin.py:150} INFO - [2023-08-09T03:15:07.230+0000] {dag.py:2742} INFO - Sync 1 DAGs
[2023-08-09T03:15:07.266+0000] {logging_mixin.py:150} INFO - [2023-08-09T03:15:07.266+0000] {dag.py:3508} INFO - Setting next_dagrun for example_sensors to None, run_after=None
[2023-08-09T03:15:07.289+0000] {processor.py:179} INFO - Processing /home/airflow/.local/lib/python3.7/site-packages/airflow/example_dags/example_sensors.py took 0.115 seconds
[2023-08-09T03:15:37.487+0000] {processor.py:157} INFO - Started process (PID=606) to work on /home/airflow/.local/lib/python3.7/site-packages/airflow/example_dags/example_sensors.py
[2023-08-09T03:15:37.488+0000] {processor.py:826} INFO - Processing file /home/airflow/.local/lib/python3.7/site-packages/airflow/example_dags/example_sensors.py for tasks to queue
[2023-08-09T03:15:37.490+0000] {logging_mixin.py:150} INFO - [2023-08-09T03:15:37.490+0000] {dagbag.py:541} INFO - Filling up the DagBag from /home/airflow/.local/lib/python3.7/site-packages/airflow/example_dags/example_sensors.py
[2023-08-09T03:15:37.500+0000] {processor.py:836} INFO - DAG(s) dict_keys(['example_sensors']) retrieved from /home/airflow/.local/lib/python3.7/site-packages/airflow/example_dags/example_sensors.py
[2023-08-09T03:15:37.527+0000] {logging_mixin.py:150} INFO - [2023-08-09T03:15:37.527+0000] {dag.py:2742} INFO - Sync 1 DAGs
[2023-08-09T03:15:37.562+0000] {logging_mixin.py:150} INFO - [2023-08-09T03:15:37.562+0000] {dag.py:3508} INFO - Setting next_dagrun for example_sensors to None, run_after=None
[2023-08-09T03:15:37.586+0000] {processor.py:179} INFO - Processing /home/airflow/.local/lib/python3.7/site-packages/airflow/example_dags/example_sensors.py took 0.101 seconds
[2023-08-09T03:16:07.621+0000] {processor.py:157} INFO - Started process (PID=660) to work on /home/airflow/.local/lib/python3.7/site-packages/airflow/example_dags/example_sensors.py
[2023-08-09T03:16:07.622+0000] {processor.py:826} INFO - Processing file /home/airflow/.local/lib/python3.7/site-packages/airflow/example_dags/example_sensors.py for tasks to queue
[2023-08-09T03:16:07.624+0000] {logging_mixin.py:150} INFO - [2023-08-09T03:16:07.624+0000] {dagbag.py:541} INFO - Filling up the DagBag from /home/airflow/.local/lib/python3.7/site-packages/airflow/example_dags/example_sensors.py
[2023-08-09T03:16:07.644+0000] {processor.py:836} INFO - DAG(s) dict_keys(['example_sensors']) retrieved from /home/airflow/.local/lib/python3.7/site-packages/airflow/example_dags/example_sensors.py
[2023-08-09T03:16:07.695+0000] {logging_mixin.py:150} INFO - [2023-08-09T03:16:07.695+0000] {dag.py:2742} INFO - Sync 1 DAGs
[2023-08-09T03:16:07.736+0000] {logging_mixin.py:150} INFO - [2023-08-09T03:16:07.735+0000] {dag.py:3508} INFO - Setting next_dagrun for example_sensors to None, run_after=None
[2023-08-09T03:16:07.751+0000] {processor.py:179} INFO - Processing /home/airflow/.local/lib/python3.7/site-packages/airflow/example_dags/example_sensors.py took 0.133 seconds
[2023-08-09T03:16:38.047+0000] {processor.py:157} INFO - Started process (PID=717) to work on /home/airflow/.local/lib/python3.7/site-packages/airflow/example_dags/example_sensors.py
[2023-08-09T03:16:38.048+0000] {processor.py:826} INFO - Processing file /home/airflow/.local/lib/python3.7/site-packages/airflow/example_dags/example_sensors.py for tasks to queue
[2023-08-09T03:16:38.051+0000] {logging_mixin.py:150} INFO - [2023-08-09T03:16:38.050+0000] {dagbag.py:541} INFO - Filling up the DagBag from /home/airflow/.local/lib/python3.7/site-packages/airflow/example_dags/example_sensors.py
[2023-08-09T03:16:38.064+0000] {processor.py:836} INFO - DAG(s) dict_keys(['example_sensors']) retrieved from /home/airflow/.local/lib/python3.7/site-packages/airflow/example_dags/example_sensors.py
[2023-08-09T03:16:38.094+0000] {logging_mixin.py:150} INFO - [2023-08-09T03:16:38.094+0000] {dag.py:2742} INFO - Sync 1 DAGs
[2023-08-09T03:16:38.119+0000] {logging_mixin.py:150} INFO - [2023-08-09T03:16:38.118+0000] {dag.py:3508} INFO - Setting next_dagrun for example_sensors to None, run_after=None
[2023-08-09T03:16:38.136+0000] {processor.py:179} INFO - Processing /home/airflow/.local/lib/python3.7/site-packages/airflow/example_dags/example_sensors.py took 0.094 seconds
[2023-08-09T03:17:08.299+0000] {processor.py:157} INFO - Started process (PID=772) to work on /home/airflow/.local/lib/python3.7/site-packages/airflow/example_dags/example_sensors.py
[2023-08-09T03:17:08.300+0000] {processor.py:826} INFO - Processing file /home/airflow/.local/lib/python3.7/site-packages/airflow/example_dags/example_sensors.py for tasks to queue
[2023-08-09T03:17:08.302+0000] {logging_mixin.py:150} INFO - [2023-08-09T03:17:08.302+0000] {dagbag.py:541} INFO - Filling up the DagBag from /home/airflow/.local/lib/python3.7/site-packages/airflow/example_dags/example_sensors.py
[2023-08-09T03:17:08.311+0000] {processor.py:836} INFO - DAG(s) dict_keys(['example_sensors']) retrieved from /home/airflow/.local/lib/python3.7/site-packages/airflow/example_dags/example_sensors.py
[2023-08-09T03:17:08.345+0000] {logging_mixin.py:150} INFO - [2023-08-09T03:17:08.345+0000] {dag.py:2742} INFO - Sync 1 DAGs
[2023-08-09T03:17:08.370+0000] {logging_mixin.py:150} INFO - [2023-08-09T03:17:08.370+0000] {dag.py:3508} INFO - Setting next_dagrun for example_sensors to None, run_after=None
[2023-08-09T03:17:08.387+0000] {processor.py:179} INFO - Processing /home/airflow/.local/lib/python3.7/site-packages/airflow/example_dags/example_sensors.py took 0.091 seconds
[2023-08-09T03:17:38.715+0000] {processor.py:157} INFO - Started process (PID=825) to work on /home/airflow/.local/lib/python3.7/site-packages/airflow/example_dags/example_sensors.py
[2023-08-09T03:17:38.716+0000] {processor.py:826} INFO - Processing file /home/airflow/.local/lib/python3.7/site-packages/airflow/example_dags/example_sensors.py for tasks to queue
[2023-08-09T03:17:38.718+0000] {logging_mixin.py:150} INFO - [2023-08-09T03:17:38.718+0000] {dagbag.py:541} INFO - Filling up the DagBag from /home/airflow/.local/lib/python3.7/site-packages/airflow/example_dags/example_sensors.py
[2023-08-09T03:17:38.731+0000] {processor.py:836} INFO - DAG(s) dict_keys(['example_sensors']) retrieved from /home/airflow/.local/lib/python3.7/site-packages/airflow/example_dags/example_sensors.py
[2023-08-09T03:17:38.768+0000] {logging_mixin.py:150} INFO - [2023-08-09T03:17:38.767+0000] {dag.py:2742} INFO - Sync 1 DAGs
[2023-08-09T03:17:38.803+0000] {logging_mixin.py:150} INFO - [2023-08-09T03:17:38.802+0000] {dag.py:3508} INFO - Setting next_dagrun for example_sensors to None, run_after=None
[2023-08-09T03:17:38.826+0000] {processor.py:179} INFO - Processing /home/airflow/.local/lib/python3.7/site-packages/airflow/example_dags/example_sensors.py took 0.114 seconds
[2023-08-09T03:18:08.928+0000] {processor.py:157} INFO - Started process (PID=880) to work on /home/airflow/.local/lib/python3.7/site-packages/airflow/example_dags/example_sensors.py
[2023-08-09T03:18:08.929+0000] {processor.py:826} INFO - Processing file /home/airflow/.local/lib/python3.7/site-packages/airflow/example_dags/example_sensors.py for tasks to queue
[2023-08-09T03:18:08.931+0000] {logging_mixin.py:150} INFO - [2023-08-09T03:18:08.930+0000] {dagbag.py:541} INFO - Filling up the DagBag from /home/airflow/.local/lib/python3.7/site-packages/airflow/example_dags/example_sensors.py
[2023-08-09T03:18:08.939+0000] {processor.py:836} INFO - DAG(s) dict_keys(['example_sensors']) retrieved from /home/airflow/.local/lib/python3.7/site-packages/airflow/example_dags/example_sensors.py
[2023-08-09T03:18:08.976+0000] {logging_mixin.py:150} INFO - [2023-08-09T03:18:08.976+0000] {dag.py:2742} INFO - Sync 1 DAGs
[2023-08-09T03:18:09.012+0000] {logging_mixin.py:150} INFO - [2023-08-09T03:18:09.011+0000] {dag.py:3508} INFO - Setting next_dagrun for example_sensors to None, run_after=None
[2023-08-09T03:18:09.034+0000] {processor.py:179} INFO - Processing /home/airflow/.local/lib/python3.7/site-packages/airflow/example_dags/example_sensors.py took 0.109 seconds
[2023-08-09T03:18:39.465+0000] {processor.py:157} INFO - Started process (PID=935) to work on /home/airflow/.local/lib/python3.7/site-packages/airflow/example_dags/example_sensors.py
[2023-08-09T03:18:39.466+0000] {processor.py:826} INFO - Processing file /home/airflow/.local/lib/python3.7/site-packages/airflow/example_dags/example_sensors.py for tasks to queue
[2023-08-09T03:18:39.467+0000] {logging_mixin.py:150} INFO - [2023-08-09T03:18:39.467+0000] {dagbag.py:541} INFO - Filling up the DagBag from /home/airflow/.local/lib/python3.7/site-packages/airflow/example_dags/example_sensors.py
[2023-08-09T03:18:39.476+0000] {processor.py:836} INFO - DAG(s) dict_keys(['example_sensors']) retrieved from /home/airflow/.local/lib/python3.7/site-packages/airflow/example_dags/example_sensors.py
[2023-08-09T03:18:39.513+0000] {logging_mixin.py:150} INFO - [2023-08-09T03:18:39.513+0000] {dag.py:2742} INFO - Sync 1 DAGs
[2023-08-09T03:18:39.538+0000] {logging_mixin.py:150} INFO - [2023-08-09T03:18:39.538+0000] {dag.py:3508} INFO - Setting next_dagrun for example_sensors to None, run_after=None
[2023-08-09T03:18:39.557+0000] {processor.py:179} INFO - Processing /home/airflow/.local/lib/python3.7/site-packages/airflow/example_dags/example_sensors.py took 0.094 seconds
[2023-08-09T03:19:09.835+0000] {processor.py:157} INFO - Started process (PID=990) to work on /home/airflow/.local/lib/python3.7/site-packages/airflow/example_dags/example_sensors.py
[2023-08-09T03:19:09.836+0000] {processor.py:826} INFO - Processing file /home/airflow/.local/lib/python3.7/site-packages/airflow/example_dags/example_sensors.py for tasks to queue
[2023-08-09T03:19:09.837+0000] {logging_mixin.py:150} INFO - [2023-08-09T03:19:09.837+0000] {dagbag.py:541} INFO - Filling up the DagBag from /home/airflow/.local/lib/python3.7/site-packages/airflow/example_dags/example_sensors.py
[2023-08-09T03:19:09.845+0000] {processor.py:836} INFO - DAG(s) dict_keys(['example_sensors']) retrieved from /home/airflow/.local/lib/python3.7/site-packages/airflow/example_dags/example_sensors.py
[2023-08-09T03:19:09.873+0000] {logging_mixin.py:150} INFO - [2023-08-09T03:19:09.872+0000] {dag.py:2742} INFO - Sync 1 DAGs
[2023-08-09T03:19:09.897+0000] {logging_mixin.py:150} INFO - [2023-08-09T03:19:09.897+0000] {dag.py:3508} INFO - Setting next_dagrun for example_sensors to None, run_after=None
[2023-08-09T03:19:09.914+0000] {processor.py:179} INFO - Processing /home/airflow/.local/lib/python3.7/site-packages/airflow/example_dags/example_sensors.py took 0.082 seconds
[2023-08-09T03:19:40.097+0000] {processor.py:157} INFO - Started process (PID=1045) to work on /home/airflow/.local/lib/python3.7/site-packages/airflow/example_dags/example_sensors.py
[2023-08-09T03:19:40.098+0000] {processor.py:826} INFO - Processing file /home/airflow/.local/lib/python3.7/site-packages/airflow/example_dags/example_sensors.py for tasks to queue
[2023-08-09T03:19:40.099+0000] {logging_mixin.py:150} INFO - [2023-08-09T03:19:40.099+0000] {dagbag.py:541} INFO - Filling up the DagBag from /home/airflow/.local/lib/python3.7/site-packages/airflow/example_dags/example_sensors.py
[2023-08-09T03:19:40.107+0000] {processor.py:836} INFO - DAG(s) dict_keys(['example_sensors']) retrieved from /home/airflow/.local/lib/python3.7/site-packages/airflow/example_dags/example_sensors.py
[2023-08-09T03:19:40.141+0000] {logging_mixin.py:150} INFO - [2023-08-09T03:19:40.141+0000] {dag.py:2742} INFO - Sync 1 DAGs
[2023-08-09T03:19:40.176+0000] {logging_mixin.py:150} INFO - [2023-08-09T03:19:40.176+0000] {dag.py:3508} INFO - Setting next_dagrun for example_sensors to None, run_after=None
[2023-08-09T03:19:40.202+0000] {processor.py:179} INFO - Processing /home/airflow/.local/lib/python3.7/site-packages/airflow/example_dags/example_sensors.py took 0.108 seconds
[2023-08-09T03:20:11.040+0000] {processor.py:157} INFO - Started process (PID=1100) to work on /home/airflow/.local/lib/python3.7/site-packages/airflow/example_dags/example_sensors.py
[2023-08-09T03:20:11.041+0000] {processor.py:826} INFO - Processing file /home/airflow/.local/lib/python3.7/site-packages/airflow/example_dags/example_sensors.py for tasks to queue
[2023-08-09T03:20:11.043+0000] {logging_mixin.py:150} INFO - [2023-08-09T03:20:11.042+0000] {dagbag.py:541} INFO - Filling up the DagBag from /home/airflow/.local/lib/python3.7/site-packages/airflow/example_dags/example_sensors.py
[2023-08-09T03:20:11.051+0000] {processor.py:836} INFO - DAG(s) dict_keys(['example_sensors']) retrieved from /home/airflow/.local/lib/python3.7/site-packages/airflow/example_dags/example_sensors.py
[2023-08-09T03:20:11.074+0000] {logging_mixin.py:150} INFO - [2023-08-09T03:20:11.074+0000] {dag.py:2742} INFO - Sync 1 DAGs
[2023-08-09T03:20:11.097+0000] {logging_mixin.py:150} INFO - [2023-08-09T03:20:11.096+0000] {dag.py:3508} INFO - Setting next_dagrun for example_sensors to None, run_after=None
[2023-08-09T03:20:11.116+0000] {processor.py:179} INFO - Processing /home/airflow/.local/lib/python3.7/site-packages/airflow/example_dags/example_sensors.py took 0.079 seconds
[2023-08-09T03:20:42.002+0000] {processor.py:157} INFO - Started process (PID=1155) to work on /home/airflow/.local/lib/python3.7/site-packages/airflow/example_dags/example_sensors.py
[2023-08-09T03:20:42.002+0000] {processor.py:826} INFO - Processing file /home/airflow/.local/lib/python3.7/site-packages/airflow/example_dags/example_sensors.py for tasks to queue
[2023-08-09T03:20:42.004+0000] {logging_mixin.py:150} INFO - [2023-08-09T03:20:42.004+0000] {dagbag.py:541} INFO - Filling up the DagBag from /home/airflow/.local/lib/python3.7/site-packages/airflow/example_dags/example_sensors.py
[2023-08-09T03:20:42.016+0000] {processor.py:836} INFO - DAG(s) dict_keys(['example_sensors']) retrieved from /home/airflow/.local/lib/python3.7/site-packages/airflow/example_dags/example_sensors.py
[2023-08-09T03:20:42.048+0000] {logging_mixin.py:150} INFO - [2023-08-09T03:20:42.048+0000] {dag.py:2742} INFO - Sync 1 DAGs
[2023-08-09T03:20:42.072+0000] {logging_mixin.py:150} INFO - [2023-08-09T03:20:42.071+0000] {dag.py:3508} INFO - Setting next_dagrun for example_sensors to None, run_after=None
[2023-08-09T03:20:42.092+0000] {processor.py:179} INFO - Processing /home/airflow/.local/lib/python3.7/site-packages/airflow/example_dags/example_sensors.py took 0.093 seconds
[2023-08-09T03:21:12.194+0000] {processor.py:157} INFO - Started process (PID=1210) to work on /home/airflow/.local/lib/python3.7/site-packages/airflow/example_dags/example_sensors.py
[2023-08-09T03:21:12.195+0000] {processor.py:826} INFO - Processing file /home/airflow/.local/lib/python3.7/site-packages/airflow/example_dags/example_sensors.py for tasks to queue
[2023-08-09T03:21:12.198+0000] {logging_mixin.py:150} INFO - [2023-08-09T03:21:12.197+0000] {dagbag.py:541} INFO - Filling up the DagBag from /home/airflow/.local/lib/python3.7/site-packages/airflow/example_dags/example_sensors.py
[2023-08-09T03:21:12.212+0000] {processor.py:836} INFO - DAG(s) dict_keys(['example_sensors']) retrieved from /home/airflow/.local/lib/python3.7/site-packages/airflow/example_dags/example_sensors.py
[2023-08-09T03:21:12.246+0000] {logging_mixin.py:150} INFO - [2023-08-09T03:21:12.246+0000] {dag.py:2742} INFO - Sync 1 DAGs
[2023-08-09T03:21:12.281+0000] {logging_mixin.py:150} INFO - [2023-08-09T03:21:12.280+0000] {dag.py:3508} INFO - Setting next_dagrun for example_sensors to None, run_after=None
[2023-08-09T03:21:12.308+0000] {processor.py:179} INFO - Processing /home/airflow/.local/lib/python3.7/site-packages/airflow/example_dags/example_sensors.py took 0.119 seconds
[2023-08-09T03:21:42.488+0000] {processor.py:157} INFO - Started process (PID=1265) to work on /home/airflow/.local/lib/python3.7/site-packages/airflow/example_dags/example_sensors.py
[2023-08-09T03:21:42.489+0000] {processor.py:826} INFO - Processing file /home/airflow/.local/lib/python3.7/site-packages/airflow/example_dags/example_sensors.py for tasks to queue
[2023-08-09T03:21:42.491+0000] {logging_mixin.py:150} INFO - [2023-08-09T03:21:42.491+0000] {dagbag.py:541} INFO - Filling up the DagBag from /home/airflow/.local/lib/python3.7/site-packages/airflow/example_dags/example_sensors.py
[2023-08-09T03:21:42.501+0000] {processor.py:836} INFO - DAG(s) dict_keys(['example_sensors']) retrieved from /home/airflow/.local/lib/python3.7/site-packages/airflow/example_dags/example_sensors.py
[2023-08-09T03:21:42.541+0000] {logging_mixin.py:150} INFO - [2023-08-09T03:21:42.540+0000] {dag.py:2742} INFO - Sync 1 DAGs
[2023-08-09T03:21:42.564+0000] {logging_mixin.py:150} INFO - [2023-08-09T03:21:42.564+0000] {dag.py:3508} INFO - Setting next_dagrun for example_sensors to None, run_after=None
[2023-08-09T03:21:42.581+0000] {processor.py:179} INFO - Processing /home/airflow/.local/lib/python3.7/site-packages/airflow/example_dags/example_sensors.py took 0.096 seconds
[2023-08-09T03:22:12.722+0000] {processor.py:157} INFO - Started process (PID=1320) to work on /home/airflow/.local/lib/python3.7/site-packages/airflow/example_dags/example_sensors.py
[2023-08-09T03:22:12.723+0000] {processor.py:826} INFO - Processing file /home/airflow/.local/lib/python3.7/site-packages/airflow/example_dags/example_sensors.py for tasks to queue
[2023-08-09T03:22:12.726+0000] {logging_mixin.py:150} INFO - [2023-08-09T03:22:12.725+0000] {dagbag.py:541} INFO - Filling up the DagBag from /home/airflow/.local/lib/python3.7/site-packages/airflow/example_dags/example_sensors.py
[2023-08-09T03:22:12.741+0000] {processor.py:836} INFO - DAG(s) dict_keys(['example_sensors']) retrieved from /home/airflow/.local/lib/python3.7/site-packages/airflow/example_dags/example_sensors.py
[2023-08-09T03:22:12.771+0000] {logging_mixin.py:150} INFO - [2023-08-09T03:22:12.770+0000] {dag.py:2742} INFO - Sync 1 DAGs
[2023-08-09T03:22:12.796+0000] {logging_mixin.py:150} INFO - [2023-08-09T03:22:12.796+0000] {dag.py:3508} INFO - Setting next_dagrun for example_sensors to None, run_after=None
[2023-08-09T03:22:12.813+0000] {processor.py:179} INFO - Processing /home/airflow/.local/lib/python3.7/site-packages/airflow/example_dags/example_sensors.py took 0.095 seconds
[2023-08-09T03:22:42.878+0000] {processor.py:157} INFO - Started process (PID=1374) to work on /home/airflow/.local/lib/python3.7/site-packages/airflow/example_dags/example_sensors.py
[2023-08-09T03:22:42.878+0000] {processor.py:826} INFO - Processing file /home/airflow/.local/lib/python3.7/site-packages/airflow/example_dags/example_sensors.py for tasks to queue
[2023-08-09T03:22:42.880+0000] {logging_mixin.py:150} INFO - [2023-08-09T03:22:42.880+0000] {dagbag.py:541} INFO - Filling up the DagBag from /home/airflow/.local/lib/python3.7/site-packages/airflow/example_dags/example_sensors.py
[2023-08-09T03:22:42.888+0000] {processor.py:836} INFO - DAG(s) dict_keys(['example_sensors']) retrieved from /home/airflow/.local/lib/python3.7/site-packages/airflow/example_dags/example_sensors.py
[2023-08-09T03:22:42.913+0000] {logging_mixin.py:150} INFO - [2023-08-09T03:22:42.913+0000] {dag.py:2742} INFO - Sync 1 DAGs
[2023-08-09T03:22:42.936+0000] {logging_mixin.py:150} INFO - [2023-08-09T03:22:42.936+0000] {dag.py:3508} INFO - Setting next_dagrun for example_sensors to None, run_after=None
[2023-08-09T03:22:42.955+0000] {processor.py:179} INFO - Processing /home/airflow/.local/lib/python3.7/site-packages/airflow/example_dags/example_sensors.py took 0.080 seconds
[2023-08-09T03:23:13.147+0000] {processor.py:157} INFO - Started process (PID=1429) to work on /home/airflow/.local/lib/python3.7/site-packages/airflow/example_dags/example_sensors.py
[2023-08-09T03:23:13.147+0000] {processor.py:826} INFO - Processing file /home/airflow/.local/lib/python3.7/site-packages/airflow/example_dags/example_sensors.py for tasks to queue
[2023-08-09T03:23:13.150+0000] {logging_mixin.py:150} INFO - [2023-08-09T03:23:13.149+0000] {dagbag.py:541} INFO - Filling up the DagBag from /home/airflow/.local/lib/python3.7/site-packages/airflow/example_dags/example_sensors.py
[2023-08-09T03:23:13.158+0000] {processor.py:836} INFO - DAG(s) dict_keys(['example_sensors']) retrieved from /home/airflow/.local/lib/python3.7/site-packages/airflow/example_dags/example_sensors.py
[2023-08-09T03:23:13.193+0000] {logging_mixin.py:150} INFO - [2023-08-09T03:23:13.193+0000] {dag.py:2742} INFO - Sync 1 DAGs
[2023-08-09T03:23:13.235+0000] {logging_mixin.py:150} INFO - [2023-08-09T03:23:13.234+0000] {dag.py:3508} INFO - Setting next_dagrun for example_sensors to None, run_after=None
[2023-08-09T03:23:13.259+0000] {processor.py:179} INFO - Processing /home/airflow/.local/lib/python3.7/site-packages/airflow/example_dags/example_sensors.py took 0.115 seconds
[2023-08-09T03:23:43.354+0000] {processor.py:157} INFO - Started process (PID=1484) to work on /home/airflow/.local/lib/python3.7/site-packages/airflow/example_dags/example_sensors.py
[2023-08-09T03:23:43.355+0000] {processor.py:826} INFO - Processing file /home/airflow/.local/lib/python3.7/site-packages/airflow/example_dags/example_sensors.py for tasks to queue
[2023-08-09T03:23:43.357+0000] {logging_mixin.py:150} INFO - [2023-08-09T03:23:43.357+0000] {dagbag.py:541} INFO - Filling up the DagBag from /home/airflow/.local/lib/python3.7/site-packages/airflow/example_dags/example_sensors.py
[2023-08-09T03:23:43.368+0000] {processor.py:836} INFO - DAG(s) dict_keys(['example_sensors']) retrieved from /home/airflow/.local/lib/python3.7/site-packages/airflow/example_dags/example_sensors.py
[2023-08-09T03:23:43.403+0000] {logging_mixin.py:150} INFO - [2023-08-09T03:23:43.402+0000] {dag.py:2742} INFO - Sync 1 DAGs
[2023-08-09T03:23:43.441+0000] {logging_mixin.py:150} INFO - [2023-08-09T03:23:43.440+0000] {dag.py:3508} INFO - Setting next_dagrun for example_sensors to None, run_after=None
[2023-08-09T03:23:43.464+0000] {processor.py:179} INFO - Processing /home/airflow/.local/lib/python3.7/site-packages/airflow/example_dags/example_sensors.py took 0.113 seconds
[2023-08-09T03:24:13.643+0000] {processor.py:157} INFO - Started process (PID=1539) to work on /home/airflow/.local/lib/python3.7/site-packages/airflow/example_dags/example_sensors.py
[2023-08-09T03:24:13.644+0000] {processor.py:826} INFO - Processing file /home/airflow/.local/lib/python3.7/site-packages/airflow/example_dags/example_sensors.py for tasks to queue
[2023-08-09T03:24:13.647+0000] {logging_mixin.py:150} INFO - [2023-08-09T03:24:13.646+0000] {dagbag.py:541} INFO - Filling up the DagBag from /home/airflow/.local/lib/python3.7/site-packages/airflow/example_dags/example_sensors.py
[2023-08-09T03:24:13.659+0000] {processor.py:836} INFO - DAG(s) dict_keys(['example_sensors']) retrieved from /home/airflow/.local/lib/python3.7/site-packages/airflow/example_dags/example_sensors.py
[2023-08-09T03:24:13.697+0000] {logging_mixin.py:150} INFO - [2023-08-09T03:24:13.697+0000] {dag.py:2742} INFO - Sync 1 DAGs
[2023-08-09T03:24:13.741+0000] {logging_mixin.py:150} INFO - [2023-08-09T03:24:13.740+0000] {dag.py:3508} INFO - Setting next_dagrun for example_sensors to None, run_after=None
[2023-08-09T03:24:13.774+0000] {processor.py:179} INFO - Processing /home/airflow/.local/lib/python3.7/site-packages/airflow/example_dags/example_sensors.py took 0.135 seconds
[2023-08-09T03:24:44.000+0000] {processor.py:157} INFO - Started process (PID=1594) to work on /home/airflow/.local/lib/python3.7/site-packages/airflow/example_dags/example_sensors.py
[2023-08-09T03:24:44.001+0000] {processor.py:826} INFO - Processing file /home/airflow/.local/lib/python3.7/site-packages/airflow/example_dags/example_sensors.py for tasks to queue
[2023-08-09T03:24:44.002+0000] {logging_mixin.py:150} INFO - [2023-08-09T03:24:44.002+0000] {dagbag.py:541} INFO - Filling up the DagBag from /home/airflow/.local/lib/python3.7/site-packages/airflow/example_dags/example_sensors.py
[2023-08-09T03:24:44.010+0000] {processor.py:836} INFO - DAG(s) dict_keys(['example_sensors']) retrieved from /home/airflow/.local/lib/python3.7/site-packages/airflow/example_dags/example_sensors.py
[2023-08-09T03:24:44.038+0000] {logging_mixin.py:150} INFO - [2023-08-09T03:24:44.037+0000] {dag.py:2742} INFO - Sync 1 DAGs
[2023-08-09T03:24:44.060+0000] {logging_mixin.py:150} INFO - [2023-08-09T03:24:44.060+0000] {dag.py:3508} INFO - Setting next_dagrun for example_sensors to None, run_after=None
[2023-08-09T03:24:44.083+0000] {processor.py:179} INFO - Processing /home/airflow/.local/lib/python3.7/site-packages/airflow/example_dags/example_sensors.py took 0.085 seconds
[2023-08-09T03:25:14.136+0000] {processor.py:157} INFO - Started process (PID=1649) to work on /home/airflow/.local/lib/python3.7/site-packages/airflow/example_dags/example_sensors.py
[2023-08-09T03:25:14.137+0000] {processor.py:826} INFO - Processing file /home/airflow/.local/lib/python3.7/site-packages/airflow/example_dags/example_sensors.py for tasks to queue
[2023-08-09T03:25:14.140+0000] {logging_mixin.py:150} INFO - [2023-08-09T03:25:14.139+0000] {dagbag.py:541} INFO - Filling up the DagBag from /home/airflow/.local/lib/python3.7/site-packages/airflow/example_dags/example_sensors.py
[2023-08-09T03:25:14.148+0000] {processor.py:836} INFO - DAG(s) dict_keys(['example_sensors']) retrieved from /home/airflow/.local/lib/python3.7/site-packages/airflow/example_dags/example_sensors.py
[2023-08-09T03:25:14.177+0000] {logging_mixin.py:150} INFO - [2023-08-09T03:25:14.177+0000] {dag.py:2742} INFO - Sync 1 DAGs
[2023-08-09T03:25:14.203+0000] {logging_mixin.py:150} INFO - [2023-08-09T03:25:14.202+0000] {dag.py:3508} INFO - Setting next_dagrun for example_sensors to None, run_after=None
[2023-08-09T03:25:14.222+0000] {processor.py:179} INFO - Processing /home/airflow/.local/lib/python3.7/site-packages/airflow/example_dags/example_sensors.py took 0.089 seconds
[2023-08-09T03:25:44.347+0000] {processor.py:157} INFO - Started process (PID=1704) to work on /home/airflow/.local/lib/python3.7/site-packages/airflow/example_dags/example_sensors.py
[2023-08-09T03:25:44.348+0000] {processor.py:826} INFO - Processing file /home/airflow/.local/lib/python3.7/site-packages/airflow/example_dags/example_sensors.py for tasks to queue
[2023-08-09T03:25:44.351+0000] {logging_mixin.py:150} INFO - [2023-08-09T03:25:44.350+0000] {dagbag.py:541} INFO - Filling up the DagBag from /home/airflow/.local/lib/python3.7/site-packages/airflow/example_dags/example_sensors.py
[2023-08-09T03:25:44.364+0000] {processor.py:836} INFO - DAG(s) dict_keys(['example_sensors']) retrieved from /home/airflow/.local/lib/python3.7/site-packages/airflow/example_dags/example_sensors.py
[2023-08-09T03:25:44.416+0000] {logging_mixin.py:150} INFO - [2023-08-09T03:25:44.416+0000] {dag.py:2742} INFO - Sync 1 DAGs
[2023-08-09T03:25:44.456+0000] {logging_mixin.py:150} INFO - [2023-08-09T03:25:44.455+0000] {dag.py:3508} INFO - Setting next_dagrun for example_sensors to None, run_after=None
[2023-08-09T03:25:44.482+0000] {processor.py:179} INFO - Processing /home/airflow/.local/lib/python3.7/site-packages/airflow/example_dags/example_sensors.py took 0.138 seconds
[2023-08-09T03:26:14.823+0000] {processor.py:157} INFO - Started process (PID=1757) to work on /home/airflow/.local/lib/python3.7/site-packages/airflow/example_dags/example_sensors.py
[2023-08-09T03:26:14.824+0000] {processor.py:826} INFO - Processing file /home/airflow/.local/lib/python3.7/site-packages/airflow/example_dags/example_sensors.py for tasks to queue
[2023-08-09T03:26:14.826+0000] {logging_mixin.py:150} INFO - [2023-08-09T03:26:14.826+0000] {dagbag.py:541} INFO - Filling up the DagBag from /home/airflow/.local/lib/python3.7/site-packages/airflow/example_dags/example_sensors.py
[2023-08-09T03:26:14.835+0000] {processor.py:836} INFO - DAG(s) dict_keys(['example_sensors']) retrieved from /home/airflow/.local/lib/python3.7/site-packages/airflow/example_dags/example_sensors.py
[2023-08-09T03:26:14.887+0000] {logging_mixin.py:150} INFO - [2023-08-09T03:26:14.887+0000] {dag.py:2742} INFO - Sync 1 DAGs
[2023-08-09T03:26:14.922+0000] {logging_mixin.py:150} INFO - [2023-08-09T03:26:14.922+0000] {dag.py:3508} INFO - Setting next_dagrun for example_sensors to None, run_after=None
[2023-08-09T03:26:14.941+0000] {processor.py:179} INFO - Processing /home/airflow/.local/lib/python3.7/site-packages/airflow/example_dags/example_sensors.py took 0.121 seconds
[2023-08-09T03:26:45.899+0000] {processor.py:157} INFO - Started process (PID=1812) to work on /home/airflow/.local/lib/python3.7/site-packages/airflow/example_dags/example_sensors.py
[2023-08-09T03:26:45.900+0000] {processor.py:826} INFO - Processing file /home/airflow/.local/lib/python3.7/site-packages/airflow/example_dags/example_sensors.py for tasks to queue
[2023-08-09T03:26:45.902+0000] {logging_mixin.py:150} INFO - [2023-08-09T03:26:45.902+0000] {dagbag.py:541} INFO - Filling up the DagBag from /home/airflow/.local/lib/python3.7/site-packages/airflow/example_dags/example_sensors.py
[2023-08-09T03:26:45.911+0000] {processor.py:836} INFO - DAG(s) dict_keys(['example_sensors']) retrieved from /home/airflow/.local/lib/python3.7/site-packages/airflow/example_dags/example_sensors.py
[2023-08-09T03:26:45.942+0000] {logging_mixin.py:150} INFO - [2023-08-09T03:26:45.941+0000] {dag.py:2742} INFO - Sync 1 DAGs
[2023-08-09T03:26:45.970+0000] {logging_mixin.py:150} INFO - [2023-08-09T03:26:45.970+0000] {dag.py:3508} INFO - Setting next_dagrun for example_sensors to None, run_after=None
[2023-08-09T03:26:45.987+0000] {processor.py:179} INFO - Processing /home/airflow/.local/lib/python3.7/site-packages/airflow/example_dags/example_sensors.py took 0.091 seconds
[2023-08-09T03:27:16.164+0000] {processor.py:157} INFO - Started process (PID=1867) to work on /home/airflow/.local/lib/python3.7/site-packages/airflow/example_dags/example_sensors.py
[2023-08-09T03:27:16.165+0000] {processor.py:826} INFO - Processing file /home/airflow/.local/lib/python3.7/site-packages/airflow/example_dags/example_sensors.py for tasks to queue
[2023-08-09T03:27:16.167+0000] {logging_mixin.py:150} INFO - [2023-08-09T03:27:16.167+0000] {dagbag.py:541} INFO - Filling up the DagBag from /home/airflow/.local/lib/python3.7/site-packages/airflow/example_dags/example_sensors.py
[2023-08-09T03:27:16.175+0000] {processor.py:836} INFO - DAG(s) dict_keys(['example_sensors']) retrieved from /home/airflow/.local/lib/python3.7/site-packages/airflow/example_dags/example_sensors.py
[2023-08-09T03:27:16.202+0000] {logging_mixin.py:150} INFO - [2023-08-09T03:27:16.201+0000] {dag.py:2742} INFO - Sync 1 DAGs
[2023-08-09T03:27:16.227+0000] {logging_mixin.py:150} INFO - [2023-08-09T03:27:16.226+0000] {dag.py:3508} INFO - Setting next_dagrun for example_sensors to None, run_after=None
[2023-08-09T03:27:16.247+0000] {processor.py:179} INFO - Processing /home/airflow/.local/lib/python3.7/site-packages/airflow/example_dags/example_sensors.py took 0.085 seconds
[2023-08-09T03:27:46.513+0000] {processor.py:157} INFO - Started process (PID=1921) to work on /home/airflow/.local/lib/python3.7/site-packages/airflow/example_dags/example_sensors.py
[2023-08-09T03:27:46.514+0000] {processor.py:826} INFO - Processing file /home/airflow/.local/lib/python3.7/site-packages/airflow/example_dags/example_sensors.py for tasks to queue
[2023-08-09T03:27:46.516+0000] {logging_mixin.py:150} INFO - [2023-08-09T03:27:46.516+0000] {dagbag.py:541} INFO - Filling up the DagBag from /home/airflow/.local/lib/python3.7/site-packages/airflow/example_dags/example_sensors.py
[2023-08-09T03:27:46.525+0000] {processor.py:836} INFO - DAG(s) dict_keys(['example_sensors']) retrieved from /home/airflow/.local/lib/python3.7/site-packages/airflow/example_dags/example_sensors.py
[2023-08-09T03:27:46.563+0000] {logging_mixin.py:150} INFO - [2023-08-09T03:27:46.563+0000] {dag.py:2742} INFO - Sync 1 DAGs
[2023-08-09T03:27:46.606+0000] {logging_mixin.py:150} INFO - [2023-08-09T03:27:46.605+0000] {dag.py:3508} INFO - Setting next_dagrun for example_sensors to None, run_after=None
[2023-08-09T03:27:46.624+0000] {processor.py:179} INFO - Processing /home/airflow/.local/lib/python3.7/site-packages/airflow/example_dags/example_sensors.py took 0.113 seconds
[2023-08-09T03:28:16.820+0000] {processor.py:157} INFO - Started process (PID=1976) to work on /home/airflow/.local/lib/python3.7/site-packages/airflow/example_dags/example_sensors.py
[2023-08-09T03:28:16.820+0000] {processor.py:826} INFO - Processing file /home/airflow/.local/lib/python3.7/site-packages/airflow/example_dags/example_sensors.py for tasks to queue
[2023-08-09T03:28:16.822+0000] {logging_mixin.py:150} INFO - [2023-08-09T03:28:16.822+0000] {dagbag.py:541} INFO - Filling up the DagBag from /home/airflow/.local/lib/python3.7/site-packages/airflow/example_dags/example_sensors.py
[2023-08-09T03:28:16.830+0000] {processor.py:836} INFO - DAG(s) dict_keys(['example_sensors']) retrieved from /home/airflow/.local/lib/python3.7/site-packages/airflow/example_dags/example_sensors.py
[2023-08-09T03:28:16.856+0000] {logging_mixin.py:150} INFO - [2023-08-09T03:28:16.856+0000] {dag.py:2742} INFO - Sync 1 DAGs
[2023-08-09T03:28:16.894+0000] {logging_mixin.py:150} INFO - [2023-08-09T03:28:16.894+0000] {dag.py:3508} INFO - Setting next_dagrun for example_sensors to None, run_after=None
[2023-08-09T03:28:16.927+0000] {processor.py:179} INFO - Processing /home/airflow/.local/lib/python3.7/site-packages/airflow/example_dags/example_sensors.py took 0.110 seconds
[2023-08-09T03:28:47.087+0000] {processor.py:157} INFO - Started process (PID=2032) to work on /home/airflow/.local/lib/python3.7/site-packages/airflow/example_dags/example_sensors.py
[2023-08-09T03:28:47.087+0000] {processor.py:826} INFO - Processing file /home/airflow/.local/lib/python3.7/site-packages/airflow/example_dags/example_sensors.py for tasks to queue
[2023-08-09T03:28:47.089+0000] {logging_mixin.py:150} INFO - [2023-08-09T03:28:47.089+0000] {dagbag.py:541} INFO - Filling up the DagBag from /home/airflow/.local/lib/python3.7/site-packages/airflow/example_dags/example_sensors.py
[2023-08-09T03:28:47.097+0000] {processor.py:836} INFO - DAG(s) dict_keys(['example_sensors']) retrieved from /home/airflow/.local/lib/python3.7/site-packages/airflow/example_dags/example_sensors.py
[2023-08-09T03:28:47.123+0000] {logging_mixin.py:150} INFO - [2023-08-09T03:28:47.123+0000] {dag.py:2742} INFO - Sync 1 DAGs
[2023-08-09T03:28:47.147+0000] {logging_mixin.py:150} INFO - [2023-08-09T03:28:47.147+0000] {dag.py:3508} INFO - Setting next_dagrun for example_sensors to None, run_after=None
[2023-08-09T03:28:47.164+0000] {processor.py:179} INFO - Processing /home/airflow/.local/lib/python3.7/site-packages/airflow/example_dags/example_sensors.py took 0.080 seconds
[2023-08-09T03:29:17.590+0000] {processor.py:157} INFO - Started process (PID=2087) to work on /home/airflow/.local/lib/python3.7/site-packages/airflow/example_dags/example_sensors.py
[2023-08-09T03:29:17.590+0000] {processor.py:826} INFO - Processing file /home/airflow/.local/lib/python3.7/site-packages/airflow/example_dags/example_sensors.py for tasks to queue
[2023-08-09T03:29:17.592+0000] {logging_mixin.py:150} INFO - [2023-08-09T03:29:17.592+0000] {dagbag.py:541} INFO - Filling up the DagBag from /home/airflow/.local/lib/python3.7/site-packages/airflow/example_dags/example_sensors.py
[2023-08-09T03:29:17.601+0000] {processor.py:836} INFO - DAG(s) dict_keys(['example_sensors']) retrieved from /home/airflow/.local/lib/python3.7/site-packages/airflow/example_dags/example_sensors.py
[2023-08-09T03:29:17.629+0000] {logging_mixin.py:150} INFO - [2023-08-09T03:29:17.629+0000] {dag.py:2742} INFO - Sync 1 DAGs
[2023-08-09T03:29:17.655+0000] {logging_mixin.py:150} INFO - [2023-08-09T03:29:17.655+0000] {dag.py:3508} INFO - Setting next_dagrun for example_sensors to None, run_after=None
[2023-08-09T03:29:17.673+0000] {processor.py:179} INFO - Processing /home/airflow/.local/lib/python3.7/site-packages/airflow/example_dags/example_sensors.py took 0.086 seconds
[2023-08-09T03:29:48.659+0000] {processor.py:157} INFO - Started process (PID=2142) to work on /home/airflow/.local/lib/python3.7/site-packages/airflow/example_dags/example_sensors.py
[2023-08-09T03:29:48.660+0000] {processor.py:826} INFO - Processing file /home/airflow/.local/lib/python3.7/site-packages/airflow/example_dags/example_sensors.py for tasks to queue
[2023-08-09T03:29:48.661+0000] {logging_mixin.py:150} INFO - [2023-08-09T03:29:48.661+0000] {dagbag.py:541} INFO - Filling up the DagBag from /home/airflow/.local/lib/python3.7/site-packages/airflow/example_dags/example_sensors.py
[2023-08-09T03:29:48.673+0000] {processor.py:836} INFO - DAG(s) dict_keys(['example_sensors']) retrieved from /home/airflow/.local/lib/python3.7/site-packages/airflow/example_dags/example_sensors.py
[2023-08-09T03:29:48.707+0000] {logging_mixin.py:150} INFO - [2023-08-09T03:29:48.706+0000] {dag.py:2742} INFO - Sync 1 DAGs
[2023-08-09T03:29:48.738+0000] {logging_mixin.py:150} INFO - [2023-08-09T03:29:48.738+0000] {dag.py:3508} INFO - Setting next_dagrun for example_sensors to None, run_after=None
[2023-08-09T03:29:48.761+0000] {processor.py:179} INFO - Processing /home/airflow/.local/lib/python3.7/site-packages/airflow/example_dags/example_sensors.py took 0.105 seconds
[2023-08-09T03:30:19.589+0000] {processor.py:157} INFO - Started process (PID=2197) to work on /home/airflow/.local/lib/python3.7/site-packages/airflow/example_dags/example_sensors.py
[2023-08-09T03:30:19.590+0000] {processor.py:826} INFO - Processing file /home/airflow/.local/lib/python3.7/site-packages/airflow/example_dags/example_sensors.py for tasks to queue
[2023-08-09T03:30:19.591+0000] {logging_mixin.py:150} INFO - [2023-08-09T03:30:19.591+0000] {dagbag.py:541} INFO - Filling up the DagBag from /home/airflow/.local/lib/python3.7/site-packages/airflow/example_dags/example_sensors.py
[2023-08-09T03:30:19.604+0000] {processor.py:836} INFO - DAG(s) dict_keys(['example_sensors']) retrieved from /home/airflow/.local/lib/python3.7/site-packages/airflow/example_dags/example_sensors.py
[2023-08-09T03:30:19.648+0000] {logging_mixin.py:150} INFO - [2023-08-09T03:30:19.647+0000] {dag.py:2742} INFO - Sync 1 DAGs
[2023-08-09T03:30:19.691+0000] {logging_mixin.py:150} INFO - [2023-08-09T03:30:19.691+0000] {dag.py:3508} INFO - Setting next_dagrun for example_sensors to None, run_after=None
[2023-08-09T03:30:19.718+0000] {processor.py:179} INFO - Processing /home/airflow/.local/lib/python3.7/site-packages/airflow/example_dags/example_sensors.py took 0.133 seconds
[2023-08-09T03:30:49.846+0000] {processor.py:157} INFO - Started process (PID=2253) to work on /home/airflow/.local/lib/python3.7/site-packages/airflow/example_dags/example_sensors.py
[2023-08-09T03:30:49.847+0000] {processor.py:826} INFO - Processing file /home/airflow/.local/lib/python3.7/site-packages/airflow/example_dags/example_sensors.py for tasks to queue
[2023-08-09T03:30:49.848+0000] {logging_mixin.py:150} INFO - [2023-08-09T03:30:49.847+0000] {dagbag.py:541} INFO - Filling up the DagBag from /home/airflow/.local/lib/python3.7/site-packages/airflow/example_dags/example_sensors.py
[2023-08-09T03:30:49.857+0000] {processor.py:836} INFO - DAG(s) dict_keys(['example_sensors']) retrieved from /home/airflow/.local/lib/python3.7/site-packages/airflow/example_dags/example_sensors.py
[2023-08-09T03:30:49.884+0000] {logging_mixin.py:150} INFO - [2023-08-09T03:30:49.884+0000] {dag.py:2742} INFO - Sync 1 DAGs
[2023-08-09T03:30:49.917+0000] {logging_mixin.py:150} INFO - [2023-08-09T03:30:49.917+0000] {dag.py:3508} INFO - Setting next_dagrun for example_sensors to None, run_after=None
[2023-08-09T03:30:49.944+0000] {processor.py:179} INFO - Processing /home/airflow/.local/lib/python3.7/site-packages/airflow/example_dags/example_sensors.py took 0.100 seconds
[2023-08-09T03:31:20.306+0000] {processor.py:157} INFO - Started process (PID=2311) to work on /home/airflow/.local/lib/python3.7/site-packages/airflow/example_dags/example_sensors.py
[2023-08-09T03:31:20.308+0000] {processor.py:826} INFO - Processing file /home/airflow/.local/lib/python3.7/site-packages/airflow/example_dags/example_sensors.py for tasks to queue
[2023-08-09T03:31:20.310+0000] {logging_mixin.py:150} INFO - [2023-08-09T03:31:20.309+0000] {dagbag.py:541} INFO - Filling up the DagBag from /home/airflow/.local/lib/python3.7/site-packages/airflow/example_dags/example_sensors.py
[2023-08-09T03:31:20.332+0000] {processor.py:836} INFO - DAG(s) dict_keys(['example_sensors']) retrieved from /home/airflow/.local/lib/python3.7/site-packages/airflow/example_dags/example_sensors.py
[2023-08-09T03:31:20.381+0000] {logging_mixin.py:150} INFO - [2023-08-09T03:31:20.381+0000] {dag.py:2742} INFO - Sync 1 DAGs
[2023-08-09T03:31:20.419+0000] {logging_mixin.py:150} INFO - [2023-08-09T03:31:20.418+0000] {dag.py:3508} INFO - Setting next_dagrun for example_sensors to None, run_after=None
[2023-08-09T03:31:20.441+0000] {processor.py:179} INFO - Processing /home/airflow/.local/lib/python3.7/site-packages/airflow/example_dags/example_sensors.py took 0.142 seconds
[2023-08-09T03:31:50.641+0000] {processor.py:157} INFO - Started process (PID=2366) to work on /home/airflow/.local/lib/python3.7/site-packages/airflow/example_dags/example_sensors.py
[2023-08-09T03:31:50.642+0000] {processor.py:826} INFO - Processing file /home/airflow/.local/lib/python3.7/site-packages/airflow/example_dags/example_sensors.py for tasks to queue
[2023-08-09T03:31:50.643+0000] {logging_mixin.py:150} INFO - [2023-08-09T03:31:50.642+0000] {dagbag.py:541} INFO - Filling up the DagBag from /home/airflow/.local/lib/python3.7/site-packages/airflow/example_dags/example_sensors.py
[2023-08-09T03:31:50.652+0000] {processor.py:836} INFO - DAG(s) dict_keys(['example_sensors']) retrieved from /home/airflow/.local/lib/python3.7/site-packages/airflow/example_dags/example_sensors.py
[2023-08-09T03:31:50.690+0000] {logging_mixin.py:150} INFO - [2023-08-09T03:31:50.689+0000] {dag.py:2742} INFO - Sync 1 DAGs
[2023-08-09T03:31:50.730+0000] {logging_mixin.py:150} INFO - [2023-08-09T03:31:50.729+0000] {dag.py:3508} INFO - Setting next_dagrun for example_sensors to None, run_after=None
[2023-08-09T03:31:50.756+0000] {processor.py:179} INFO - Processing /home/airflow/.local/lib/python3.7/site-packages/airflow/example_dags/example_sensors.py took 0.118 seconds
[2023-08-09T03:32:21.047+0000] {processor.py:157} INFO - Started process (PID=2422) to work on /home/airflow/.local/lib/python3.7/site-packages/airflow/example_dags/example_sensors.py
[2023-08-09T03:32:21.048+0000] {processor.py:826} INFO - Processing file /home/airflow/.local/lib/python3.7/site-packages/airflow/example_dags/example_sensors.py for tasks to queue
[2023-08-09T03:32:21.049+0000] {logging_mixin.py:150} INFO - [2023-08-09T03:32:21.048+0000] {dagbag.py:541} INFO - Filling up the DagBag from /home/airflow/.local/lib/python3.7/site-packages/airflow/example_dags/example_sensors.py
[2023-08-09T03:32:21.058+0000] {processor.py:836} INFO - DAG(s) dict_keys(['example_sensors']) retrieved from /home/airflow/.local/lib/python3.7/site-packages/airflow/example_dags/example_sensors.py
[2023-08-09T03:32:21.097+0000] {logging_mixin.py:150} INFO - [2023-08-09T03:32:21.096+0000] {dag.py:2742} INFO - Sync 1 DAGs
[2023-08-09T03:32:21.136+0000] {logging_mixin.py:150} INFO - [2023-08-09T03:32:21.136+0000] {dag.py:3508} INFO - Setting next_dagrun for example_sensors to None, run_after=None
[2023-08-09T03:32:21.161+0000] {processor.py:179} INFO - Processing /home/airflow/.local/lib/python3.7/site-packages/airflow/example_dags/example_sensors.py took 0.116 seconds
[2023-08-09T03:32:51.568+0000] {processor.py:157} INFO - Started process (PID=2484) to work on /home/airflow/.local/lib/python3.7/site-packages/airflow/example_dags/example_sensors.py
[2023-08-09T03:32:51.570+0000] {processor.py:826} INFO - Processing file /home/airflow/.local/lib/python3.7/site-packages/airflow/example_dags/example_sensors.py for tasks to queue
[2023-08-09T03:32:51.572+0000] {logging_mixin.py:150} INFO - [2023-08-09T03:32:51.572+0000] {dagbag.py:541} INFO - Filling up the DagBag from /home/airflow/.local/lib/python3.7/site-packages/airflow/example_dags/example_sensors.py
[2023-08-09T03:32:51.588+0000] {processor.py:836} INFO - DAG(s) dict_keys(['example_sensors']) retrieved from /home/airflow/.local/lib/python3.7/site-packages/airflow/example_dags/example_sensors.py
[2023-08-09T03:32:51.639+0000] {logging_mixin.py:150} INFO - [2023-08-09T03:32:51.639+0000] {dag.py:2742} INFO - Sync 1 DAGs
[2023-08-09T03:32:51.678+0000] {logging_mixin.py:150} INFO - [2023-08-09T03:32:51.678+0000] {dag.py:3508} INFO - Setting next_dagrun for example_sensors to None, run_after=None
[2023-08-09T03:32:51.716+0000] {processor.py:179} INFO - Processing /home/airflow/.local/lib/python3.7/site-packages/airflow/example_dags/example_sensors.py took 0.152 seconds
[2023-08-09T03:33:22.479+0000] {processor.py:157} INFO - Started process (PID=2540) to work on /home/airflow/.local/lib/python3.7/site-packages/airflow/example_dags/example_sensors.py
[2023-08-09T03:33:22.479+0000] {processor.py:826} INFO - Processing file /home/airflow/.local/lib/python3.7/site-packages/airflow/example_dags/example_sensors.py for tasks to queue
[2023-08-09T03:33:22.480+0000] {logging_mixin.py:150} INFO - [2023-08-09T03:33:22.480+0000] {dagbag.py:541} INFO - Filling up the DagBag from /home/airflow/.local/lib/python3.7/site-packages/airflow/example_dags/example_sensors.py
[2023-08-09T03:33:22.489+0000] {processor.py:836} INFO - DAG(s) dict_keys(['example_sensors']) retrieved from /home/airflow/.local/lib/python3.7/site-packages/airflow/example_dags/example_sensors.py
[2023-08-09T03:33:22.513+0000] {logging_mixin.py:150} INFO - [2023-08-09T03:33:22.513+0000] {dag.py:2742} INFO - Sync 1 DAGs
[2023-08-09T03:33:22.536+0000] {logging_mixin.py:150} INFO - [2023-08-09T03:33:22.536+0000] {dag.py:3508} INFO - Setting next_dagrun for example_sensors to None, run_after=None
[2023-08-09T03:33:22.552+0000] {processor.py:179} INFO - Processing /home/airflow/.local/lib/python3.7/site-packages/airflow/example_dags/example_sensors.py took 0.076 seconds
[2023-08-09T03:33:53.007+0000] {processor.py:157} INFO - Started process (PID=2596) to work on /home/airflow/.local/lib/python3.7/site-packages/airflow/example_dags/example_sensors.py
[2023-08-09T03:33:53.007+0000] {processor.py:826} INFO - Processing file /home/airflow/.local/lib/python3.7/site-packages/airflow/example_dags/example_sensors.py for tasks to queue
[2023-08-09T03:33:53.008+0000] {logging_mixin.py:150} INFO - [2023-08-09T03:33:53.008+0000] {dagbag.py:541} INFO - Filling up the DagBag from /home/airflow/.local/lib/python3.7/site-packages/airflow/example_dags/example_sensors.py
[2023-08-09T03:33:53.017+0000] {processor.py:836} INFO - DAG(s) dict_keys(['example_sensors']) retrieved from /home/airflow/.local/lib/python3.7/site-packages/airflow/example_dags/example_sensors.py
[2023-08-09T03:33:53.047+0000] {logging_mixin.py:150} INFO - [2023-08-09T03:33:53.047+0000] {dag.py:2742} INFO - Sync 1 DAGs
[2023-08-09T03:33:53.073+0000] {logging_mixin.py:150} INFO - [2023-08-09T03:33:53.073+0000] {dag.py:3508} INFO - Setting next_dagrun for example_sensors to None, run_after=None
[2023-08-09T03:33:53.090+0000] {processor.py:179} INFO - Processing /home/airflow/.local/lib/python3.7/site-packages/airflow/example_dags/example_sensors.py took 0.087 seconds
[2023-08-09T03:34:23.136+0000] {processor.py:157} INFO - Started process (PID=2651) to work on /home/airflow/.local/lib/python3.7/site-packages/airflow/example_dags/example_sensors.py
[2023-08-09T03:34:23.137+0000] {processor.py:826} INFO - Processing file /home/airflow/.local/lib/python3.7/site-packages/airflow/example_dags/example_sensors.py for tasks to queue
[2023-08-09T03:34:23.138+0000] {logging_mixin.py:150} INFO - [2023-08-09T03:34:23.137+0000] {dagbag.py:541} INFO - Filling up the DagBag from /home/airflow/.local/lib/python3.7/site-packages/airflow/example_dags/example_sensors.py
[2023-08-09T03:34:23.151+0000] {processor.py:836} INFO - DAG(s) dict_keys(['example_sensors']) retrieved from /home/airflow/.local/lib/python3.7/site-packages/airflow/example_dags/example_sensors.py
[2023-08-09T03:34:23.186+0000] {logging_mixin.py:150} INFO - [2023-08-09T03:34:23.185+0000] {dag.py:2742} INFO - Sync 1 DAGs
[2023-08-09T03:34:23.221+0000] {logging_mixin.py:150} INFO - [2023-08-09T03:34:23.220+0000] {dag.py:3508} INFO - Setting next_dagrun for example_sensors to None, run_after=None
[2023-08-09T03:34:23.247+0000] {processor.py:179} INFO - Processing /home/airflow/.local/lib/python3.7/site-packages/airflow/example_dags/example_sensors.py took 0.116 seconds
[2023-08-09T03:34:53.372+0000] {processor.py:157} INFO - Started process (PID=2705) to work on /home/airflow/.local/lib/python3.7/site-packages/airflow/example_dags/example_sensors.py
[2023-08-09T03:34:53.373+0000] {processor.py:826} INFO - Processing file /home/airflow/.local/lib/python3.7/site-packages/airflow/example_dags/example_sensors.py for tasks to queue
[2023-08-09T03:34:53.374+0000] {logging_mixin.py:150} INFO - [2023-08-09T03:34:53.373+0000] {dagbag.py:541} INFO - Filling up the DagBag from /home/airflow/.local/lib/python3.7/site-packages/airflow/example_dags/example_sensors.py
[2023-08-09T03:34:53.383+0000] {processor.py:836} INFO - DAG(s) dict_keys(['example_sensors']) retrieved from /home/airflow/.local/lib/python3.7/site-packages/airflow/example_dags/example_sensors.py
[2023-08-09T03:34:53.417+0000] {logging_mixin.py:150} INFO - [2023-08-09T03:34:53.417+0000] {dag.py:2742} INFO - Sync 1 DAGs
[2023-08-09T03:34:53.454+0000] {logging_mixin.py:150} INFO - [2023-08-09T03:34:53.454+0000] {dag.py:3508} INFO - Setting next_dagrun for example_sensors to None, run_after=None
[2023-08-09T03:34:53.477+0000] {processor.py:179} INFO - Processing /home/airflow/.local/lib/python3.7/site-packages/airflow/example_dags/example_sensors.py took 0.107 seconds
[2023-08-09T03:35:24.731+0000] {processor.py:157} INFO - Started process (PID=2761) to work on /home/airflow/.local/lib/python3.7/site-packages/airflow/example_dags/example_sensors.py
[2023-08-09T03:35:24.732+0000] {processor.py:826} INFO - Processing file /home/airflow/.local/lib/python3.7/site-packages/airflow/example_dags/example_sensors.py for tasks to queue
[2023-08-09T03:35:24.733+0000] {logging_mixin.py:150} INFO - [2023-08-09T03:35:24.732+0000] {dagbag.py:541} INFO - Filling up the DagBag from /home/airflow/.local/lib/python3.7/site-packages/airflow/example_dags/example_sensors.py
[2023-08-09T03:35:24.762+0000] {processor.py:836} INFO - DAG(s) dict_keys(['example_sensors']) retrieved from /home/airflow/.local/lib/python3.7/site-packages/airflow/example_dags/example_sensors.py
[2023-08-09T03:35:24.803+0000] {logging_mixin.py:150} INFO - [2023-08-09T03:35:24.803+0000] {dag.py:2742} INFO - Sync 1 DAGs
[2023-08-09T03:35:24.852+0000] {logging_mixin.py:150} INFO - [2023-08-09T03:35:24.852+0000] {dag.py:3508} INFO - Setting next_dagrun for example_sensors to None, run_after=None
[2023-08-09T03:35:24.878+0000] {processor.py:179} INFO - Processing /home/airflow/.local/lib/python3.7/site-packages/airflow/example_dags/example_sensors.py took 0.151 seconds
[2023-08-09T03:35:55.119+0000] {processor.py:157} INFO - Started process (PID=2816) to work on /home/airflow/.local/lib/python3.7/site-packages/airflow/example_dags/example_sensors.py
[2023-08-09T03:35:55.120+0000] {processor.py:826} INFO - Processing file /home/airflow/.local/lib/python3.7/site-packages/airflow/example_dags/example_sensors.py for tasks to queue
[2023-08-09T03:35:55.120+0000] {logging_mixin.py:150} INFO - [2023-08-09T03:35:55.120+0000] {dagbag.py:541} INFO - Filling up the DagBag from /home/airflow/.local/lib/python3.7/site-packages/airflow/example_dags/example_sensors.py
[2023-08-09T03:35:55.133+0000] {processor.py:836} INFO - DAG(s) dict_keys(['example_sensors']) retrieved from /home/airflow/.local/lib/python3.7/site-packages/airflow/example_dags/example_sensors.py
[2023-08-09T03:35:55.172+0000] {logging_mixin.py:150} INFO - [2023-08-09T03:35:55.171+0000] {dag.py:2742} INFO - Sync 1 DAGs
[2023-08-09T03:35:55.199+0000] {logging_mixin.py:150} INFO - [2023-08-09T03:35:55.199+0000] {dag.py:3508} INFO - Setting next_dagrun for example_sensors to None, run_after=None
[2023-08-09T03:35:55.222+0000] {processor.py:179} INFO - Processing /home/airflow/.local/lib/python3.7/site-packages/airflow/example_dags/example_sensors.py took 0.106 seconds
[2023-08-09T03:36:25.393+0000] {processor.py:157} INFO - Started process (PID=2871) to work on /home/airflow/.local/lib/python3.7/site-packages/airflow/example_dags/example_sensors.py
[2023-08-09T03:36:25.394+0000] {processor.py:826} INFO - Processing file /home/airflow/.local/lib/python3.7/site-packages/airflow/example_dags/example_sensors.py for tasks to queue
[2023-08-09T03:36:25.395+0000] {logging_mixin.py:150} INFO - [2023-08-09T03:36:25.395+0000] {dagbag.py:541} INFO - Filling up the DagBag from /home/airflow/.local/lib/python3.7/site-packages/airflow/example_dags/example_sensors.py
[2023-08-09T03:36:25.404+0000] {processor.py:836} INFO - DAG(s) dict_keys(['example_sensors']) retrieved from /home/airflow/.local/lib/python3.7/site-packages/airflow/example_dags/example_sensors.py
[2023-08-09T03:36:25.430+0000] {logging_mixin.py:150} INFO - [2023-08-09T03:36:25.430+0000] {dag.py:2742} INFO - Sync 1 DAGs
[2023-08-09T03:36:25.465+0000] {logging_mixin.py:150} INFO - [2023-08-09T03:36:25.465+0000] {dag.py:3508} INFO - Setting next_dagrun for example_sensors to None, run_after=None
[2023-08-09T03:36:25.483+0000] {processor.py:179} INFO - Processing /home/airflow/.local/lib/python3.7/site-packages/airflow/example_dags/example_sensors.py took 0.094 seconds
