[2023-08-09T03:10:32.188+0000] {processor.py:157} INFO - Started process (PID=52) to work on /home/airflow/.local/lib/python3.7/site-packages/airflow/example_dags/example_branch_python_dop_operator_3.py
[2023-08-09T03:10:32.189+0000] {processor.py:826} INFO - Processing file /home/airflow/.local/lib/python3.7/site-packages/airflow/example_dags/example_branch_python_dop_operator_3.py for tasks to queue
[2023-08-09T03:10:32.191+0000] {logging_mixin.py:150} INFO - [2023-08-09T03:10:32.191+0000] {dagbag.py:541} INFO - Filling up the DagBag from /home/airflow/.local/lib/python3.7/site-packages/airflow/example_dags/example_branch_python_dop_operator_3.py
[2023-08-09T03:10:32.206+0000] {processor.py:836} INFO - DAG(s) dict_keys(['example_branch_dop_operator_v3']) retrieved from /home/airflow/.local/lib/python3.7/site-packages/airflow/example_dags/example_branch_python_dop_operator_3.py
[2023-08-09T03:10:32.257+0000] {logging_mixin.py:150} INFO - [2023-08-09T03:10:32.256+0000] {dag.py:2742} INFO - Sync 1 DAGs
[2023-08-09T03:10:32.319+0000] {logging_mixin.py:150} INFO - [2023-08-09T03:10:32.319+0000] {dag.py:3508} INFO - Setting next_dagrun for example_branch_dop_operator_v3 to 2023-08-09T03:09:00+00:00, run_after=2023-08-09T03:10:00+00:00
[2023-08-09T03:10:32.348+0000] {processor.py:179} INFO - Processing /home/airflow/.local/lib/python3.7/site-packages/airflow/example_dags/example_branch_python_dop_operator_3.py took 0.164 seconds
[2023-08-09T03:11:02.574+0000] {processor.py:157} INFO - Started process (PID=107) to work on /home/airflow/.local/lib/python3.7/site-packages/airflow/example_dags/example_branch_python_dop_operator_3.py
[2023-08-09T03:11:02.576+0000] {processor.py:826} INFO - Processing file /home/airflow/.local/lib/python3.7/site-packages/airflow/example_dags/example_branch_python_dop_operator_3.py for tasks to queue
[2023-08-09T03:11:02.579+0000] {logging_mixin.py:150} INFO - [2023-08-09T03:11:02.579+0000] {dagbag.py:541} INFO - Filling up the DagBag from /home/airflow/.local/lib/python3.7/site-packages/airflow/example_dags/example_branch_python_dop_operator_3.py
[2023-08-09T03:11:02.592+0000] {processor.py:836} INFO - DAG(s) dict_keys(['example_branch_dop_operator_v3']) retrieved from /home/airflow/.local/lib/python3.7/site-packages/airflow/example_dags/example_branch_python_dop_operator_3.py
[2023-08-09T03:11:02.622+0000] {logging_mixin.py:150} INFO - [2023-08-09T03:11:02.621+0000] {dag.py:2742} INFO - Sync 1 DAGs
[2023-08-09T03:11:02.673+0000] {logging_mixin.py:150} INFO - [2023-08-09T03:11:02.673+0000] {dag.py:3508} INFO - Setting next_dagrun for example_branch_dop_operator_v3 to 2023-08-09T03:10:00+00:00, run_after=2023-08-09T03:11:00+00:00
[2023-08-09T03:11:02.696+0000] {processor.py:179} INFO - Processing /home/airflow/.local/lib/python3.7/site-packages/airflow/example_dags/example_branch_python_dop_operator_3.py took 0.127 seconds
[2023-08-09T03:11:32.855+0000] {processor.py:157} INFO - Started process (PID=162) to work on /home/airflow/.local/lib/python3.7/site-packages/airflow/example_dags/example_branch_python_dop_operator_3.py
[2023-08-09T03:11:32.856+0000] {processor.py:826} INFO - Processing file /home/airflow/.local/lib/python3.7/site-packages/airflow/example_dags/example_branch_python_dop_operator_3.py for tasks to queue
[2023-08-09T03:11:32.858+0000] {logging_mixin.py:150} INFO - [2023-08-09T03:11:32.857+0000] {dagbag.py:541} INFO - Filling up the DagBag from /home/airflow/.local/lib/python3.7/site-packages/airflow/example_dags/example_branch_python_dop_operator_3.py
[2023-08-09T03:11:32.865+0000] {processor.py:836} INFO - DAG(s) dict_keys(['example_branch_dop_operator_v3']) retrieved from /home/airflow/.local/lib/python3.7/site-packages/airflow/example_dags/example_branch_python_dop_operator_3.py
[2023-08-09T03:11:32.885+0000] {logging_mixin.py:150} INFO - [2023-08-09T03:11:32.885+0000] {dag.py:2742} INFO - Sync 1 DAGs
[2023-08-09T03:11:32.913+0000] {logging_mixin.py:150} INFO - [2023-08-09T03:11:32.913+0000] {dag.py:3508} INFO - Setting next_dagrun for example_branch_dop_operator_v3 to 2023-08-09T03:10:00+00:00, run_after=2023-08-09T03:11:00+00:00
[2023-08-09T03:11:32.931+0000] {processor.py:179} INFO - Processing /home/airflow/.local/lib/python3.7/site-packages/airflow/example_dags/example_branch_python_dop_operator_3.py took 0.079 seconds
[2023-08-09T03:12:03.545+0000] {processor.py:157} INFO - Started process (PID=218) to work on /home/airflow/.local/lib/python3.7/site-packages/airflow/example_dags/example_branch_python_dop_operator_3.py
[2023-08-09T03:12:03.546+0000] {processor.py:826} INFO - Processing file /home/airflow/.local/lib/python3.7/site-packages/airflow/example_dags/example_branch_python_dop_operator_3.py for tasks to queue
[2023-08-09T03:12:03.548+0000] {logging_mixin.py:150} INFO - [2023-08-09T03:12:03.548+0000] {dagbag.py:541} INFO - Filling up the DagBag from /home/airflow/.local/lib/python3.7/site-packages/airflow/example_dags/example_branch_python_dop_operator_3.py
[2023-08-09T03:12:03.555+0000] {processor.py:836} INFO - DAG(s) dict_keys(['example_branch_dop_operator_v3']) retrieved from /home/airflow/.local/lib/python3.7/site-packages/airflow/example_dags/example_branch_python_dop_operator_3.py
[2023-08-09T03:12:03.577+0000] {logging_mixin.py:150} INFO - [2023-08-09T03:12:03.577+0000] {dag.py:2742} INFO - Sync 1 DAGs
[2023-08-09T03:12:03.604+0000] {logging_mixin.py:150} INFO - [2023-08-09T03:12:03.604+0000] {dag.py:3508} INFO - Setting next_dagrun for example_branch_dop_operator_v3 to 2023-08-09T03:11:00+00:00, run_after=2023-08-09T03:12:00+00:00
[2023-08-09T03:12:03.621+0000] {processor.py:179} INFO - Processing /home/airflow/.local/lib/python3.7/site-packages/airflow/example_dags/example_branch_python_dop_operator_3.py took 0.078 seconds
[2023-08-09T03:12:33.689+0000] {processor.py:157} INFO - Started process (PID=273) to work on /home/airflow/.local/lib/python3.7/site-packages/airflow/example_dags/example_branch_python_dop_operator_3.py
[2023-08-09T03:12:33.690+0000] {processor.py:826} INFO - Processing file /home/airflow/.local/lib/python3.7/site-packages/airflow/example_dags/example_branch_python_dop_operator_3.py for tasks to queue
[2023-08-09T03:12:33.693+0000] {logging_mixin.py:150} INFO - [2023-08-09T03:12:33.692+0000] {dagbag.py:541} INFO - Filling up the DagBag from /home/airflow/.local/lib/python3.7/site-packages/airflow/example_dags/example_branch_python_dop_operator_3.py
[2023-08-09T03:12:33.702+0000] {processor.py:836} INFO - DAG(s) dict_keys(['example_branch_dop_operator_v3']) retrieved from /home/airflow/.local/lib/python3.7/site-packages/airflow/example_dags/example_branch_python_dop_operator_3.py
[2023-08-09T03:12:33.725+0000] {logging_mixin.py:150} INFO - [2023-08-09T03:12:33.724+0000] {dag.py:2742} INFO - Sync 1 DAGs
[2023-08-09T03:12:33.752+0000] {logging_mixin.py:150} INFO - [2023-08-09T03:12:33.752+0000] {dag.py:3508} INFO - Setting next_dagrun for example_branch_dop_operator_v3 to 2023-08-09T03:11:00+00:00, run_after=2023-08-09T03:12:00+00:00
[2023-08-09T03:12:33.769+0000] {processor.py:179} INFO - Processing /home/airflow/.local/lib/python3.7/site-packages/airflow/example_dags/example_branch_python_dop_operator_3.py took 0.085 seconds
[2023-08-09T03:13:04.061+0000] {processor.py:157} INFO - Started process (PID=328) to work on /home/airflow/.local/lib/python3.7/site-packages/airflow/example_dags/example_branch_python_dop_operator_3.py
[2023-08-09T03:13:04.062+0000] {processor.py:826} INFO - Processing file /home/airflow/.local/lib/python3.7/site-packages/airflow/example_dags/example_branch_python_dop_operator_3.py for tasks to queue
[2023-08-09T03:13:04.065+0000] {logging_mixin.py:150} INFO - [2023-08-09T03:13:04.064+0000] {dagbag.py:541} INFO - Filling up the DagBag from /home/airflow/.local/lib/python3.7/site-packages/airflow/example_dags/example_branch_python_dop_operator_3.py
[2023-08-09T03:13:04.073+0000] {processor.py:836} INFO - DAG(s) dict_keys(['example_branch_dop_operator_v3']) retrieved from /home/airflow/.local/lib/python3.7/site-packages/airflow/example_dags/example_branch_python_dop_operator_3.py
[2023-08-09T03:13:04.101+0000] {logging_mixin.py:150} INFO - [2023-08-09T03:13:04.100+0000] {dag.py:2742} INFO - Sync 1 DAGs
[2023-08-09T03:13:04.142+0000] {logging_mixin.py:150} INFO - [2023-08-09T03:13:04.142+0000] {dag.py:3508} INFO - Setting next_dagrun for example_branch_dop_operator_v3 to 2023-08-09T03:12:00+00:00, run_after=2023-08-09T03:13:00+00:00
[2023-08-09T03:13:04.167+0000] {processor.py:179} INFO - Processing /home/airflow/.local/lib/python3.7/site-packages/airflow/example_dags/example_branch_python_dop_operator_3.py took 0.109 seconds
[2023-08-09T03:13:35.138+0000] {processor.py:157} INFO - Started process (PID=383) to work on /home/airflow/.local/lib/python3.7/site-packages/airflow/example_dags/example_branch_python_dop_operator_3.py
[2023-08-09T03:13:35.138+0000] {processor.py:826} INFO - Processing file /home/airflow/.local/lib/python3.7/site-packages/airflow/example_dags/example_branch_python_dop_operator_3.py for tasks to queue
[2023-08-09T03:13:35.141+0000] {logging_mixin.py:150} INFO - [2023-08-09T03:13:35.140+0000] {dagbag.py:541} INFO - Filling up the DagBag from /home/airflow/.local/lib/python3.7/site-packages/airflow/example_dags/example_branch_python_dop_operator_3.py
[2023-08-09T03:13:35.149+0000] {processor.py:836} INFO - DAG(s) dict_keys(['example_branch_dop_operator_v3']) retrieved from /home/airflow/.local/lib/python3.7/site-packages/airflow/example_dags/example_branch_python_dop_operator_3.py
[2023-08-09T03:13:35.169+0000] {logging_mixin.py:150} INFO - [2023-08-09T03:13:35.169+0000] {dag.py:2742} INFO - Sync 1 DAGs
[2023-08-09T03:13:35.195+0000] {logging_mixin.py:150} INFO - [2023-08-09T03:13:35.195+0000] {dag.py:3508} INFO - Setting next_dagrun for example_branch_dop_operator_v3 to 2023-08-09T03:12:00+00:00, run_after=2023-08-09T03:13:00+00:00
[2023-08-09T03:13:35.210+0000] {processor.py:179} INFO - Processing /home/airflow/.local/lib/python3.7/site-packages/airflow/example_dags/example_branch_python_dop_operator_3.py took 0.074 seconds
[2023-08-09T03:14:05.582+0000] {processor.py:157} INFO - Started process (PID=438) to work on /home/airflow/.local/lib/python3.7/site-packages/airflow/example_dags/example_branch_python_dop_operator_3.py
[2023-08-09T03:14:05.583+0000] {processor.py:826} INFO - Processing file /home/airflow/.local/lib/python3.7/site-packages/airflow/example_dags/example_branch_python_dop_operator_3.py for tasks to queue
[2023-08-09T03:14:05.586+0000] {logging_mixin.py:150} INFO - [2023-08-09T03:14:05.585+0000] {dagbag.py:541} INFO - Filling up the DagBag from /home/airflow/.local/lib/python3.7/site-packages/airflow/example_dags/example_branch_python_dop_operator_3.py
[2023-08-09T03:14:05.596+0000] {processor.py:836} INFO - DAG(s) dict_keys(['example_branch_dop_operator_v3']) retrieved from /home/airflow/.local/lib/python3.7/site-packages/airflow/example_dags/example_branch_python_dop_operator_3.py
[2023-08-09T03:14:05.628+0000] {logging_mixin.py:150} INFO - [2023-08-09T03:14:05.627+0000] {dag.py:2742} INFO - Sync 1 DAGs
[2023-08-09T03:14:05.671+0000] {logging_mixin.py:150} INFO - [2023-08-09T03:14:05.670+0000] {dag.py:3508} INFO - Setting next_dagrun for example_branch_dop_operator_v3 to 2023-08-09T03:13:00+00:00, run_after=2023-08-09T03:14:00+00:00
[2023-08-09T03:14:05.695+0000] {processor.py:179} INFO - Processing /home/airflow/.local/lib/python3.7/site-packages/airflow/example_dags/example_branch_python_dop_operator_3.py took 0.117 seconds
[2023-08-09T03:14:35.719+0000] {processor.py:157} INFO - Started process (PID=494) to work on /home/airflow/.local/lib/python3.7/site-packages/airflow/example_dags/example_branch_python_dop_operator_3.py
[2023-08-09T03:14:35.719+0000] {processor.py:826} INFO - Processing file /home/airflow/.local/lib/python3.7/site-packages/airflow/example_dags/example_branch_python_dop_operator_3.py for tasks to queue
[2023-08-09T03:14:35.721+0000] {logging_mixin.py:150} INFO - [2023-08-09T03:14:35.721+0000] {dagbag.py:541} INFO - Filling up the DagBag from /home/airflow/.local/lib/python3.7/site-packages/airflow/example_dags/example_branch_python_dop_operator_3.py
[2023-08-09T03:14:35.728+0000] {processor.py:836} INFO - DAG(s) dict_keys(['example_branch_dop_operator_v3']) retrieved from /home/airflow/.local/lib/python3.7/site-packages/airflow/example_dags/example_branch_python_dop_operator_3.py
[2023-08-09T03:14:35.748+0000] {logging_mixin.py:150} INFO - [2023-08-09T03:14:35.748+0000] {dag.py:2742} INFO - Sync 1 DAGs
[2023-08-09T03:14:35.775+0000] {logging_mixin.py:150} INFO - [2023-08-09T03:14:35.775+0000] {dag.py:3508} INFO - Setting next_dagrun for example_branch_dop_operator_v3 to 2023-08-09T03:13:00+00:00, run_after=2023-08-09T03:14:00+00:00
[2023-08-09T03:14:35.792+0000] {processor.py:179} INFO - Processing /home/airflow/.local/lib/python3.7/site-packages/airflow/example_dags/example_branch_python_dop_operator_3.py took 0.076 seconds
[2023-08-09T03:15:06.153+0000] {processor.py:157} INFO - Started process (PID=549) to work on /home/airflow/.local/lib/python3.7/site-packages/airflow/example_dags/example_branch_python_dop_operator_3.py
[2023-08-09T03:15:06.154+0000] {processor.py:826} INFO - Processing file /home/airflow/.local/lib/python3.7/site-packages/airflow/example_dags/example_branch_python_dop_operator_3.py for tasks to queue
[2023-08-09T03:15:06.156+0000] {logging_mixin.py:150} INFO - [2023-08-09T03:15:06.156+0000] {dagbag.py:541} INFO - Filling up the DagBag from /home/airflow/.local/lib/python3.7/site-packages/airflow/example_dags/example_branch_python_dop_operator_3.py
[2023-08-09T03:15:06.167+0000] {processor.py:836} INFO - DAG(s) dict_keys(['example_branch_dop_operator_v3']) retrieved from /home/airflow/.local/lib/python3.7/site-packages/airflow/example_dags/example_branch_python_dop_operator_3.py
[2023-08-09T03:15:06.209+0000] {logging_mixin.py:150} INFO - [2023-08-09T03:15:06.208+0000] {dag.py:2742} INFO - Sync 1 DAGs
[2023-08-09T03:15:06.251+0000] {logging_mixin.py:150} INFO - [2023-08-09T03:15:06.250+0000] {dag.py:3508} INFO - Setting next_dagrun for example_branch_dop_operator_v3 to 2023-08-09T03:14:00+00:00, run_after=2023-08-09T03:15:00+00:00
[2023-08-09T03:15:06.268+0000] {processor.py:179} INFO - Processing /home/airflow/.local/lib/python3.7/site-packages/airflow/example_dags/example_branch_python_dop_operator_3.py took 0.118 seconds
[2023-08-09T03:15:36.364+0000] {processor.py:157} INFO - Started process (PID=604) to work on /home/airflow/.local/lib/python3.7/site-packages/airflow/example_dags/example_branch_python_dop_operator_3.py
[2023-08-09T03:15:36.365+0000] {processor.py:826} INFO - Processing file /home/airflow/.local/lib/python3.7/site-packages/airflow/example_dags/example_branch_python_dop_operator_3.py for tasks to queue
[2023-08-09T03:15:36.367+0000] {logging_mixin.py:150} INFO - [2023-08-09T03:15:36.367+0000] {dagbag.py:541} INFO - Filling up the DagBag from /home/airflow/.local/lib/python3.7/site-packages/airflow/example_dags/example_branch_python_dop_operator_3.py
[2023-08-09T03:15:36.375+0000] {processor.py:836} INFO - DAG(s) dict_keys(['example_branch_dop_operator_v3']) retrieved from /home/airflow/.local/lib/python3.7/site-packages/airflow/example_dags/example_branch_python_dop_operator_3.py
[2023-08-09T03:15:36.403+0000] {logging_mixin.py:150} INFO - [2023-08-09T03:15:36.402+0000] {dag.py:2742} INFO - Sync 1 DAGs
[2023-08-09T03:15:36.444+0000] {logging_mixin.py:150} INFO - [2023-08-09T03:15:36.444+0000] {dag.py:3508} INFO - Setting next_dagrun for example_branch_dop_operator_v3 to 2023-08-09T03:14:00+00:00, run_after=2023-08-09T03:15:00+00:00
[2023-08-09T03:15:36.463+0000] {processor.py:179} INFO - Processing /home/airflow/.local/lib/python3.7/site-packages/airflow/example_dags/example_branch_python_dop_operator_3.py took 0.101 seconds
[2023-08-09T03:16:07.509+0000] {processor.py:157} INFO - Started process (PID=659) to work on /home/airflow/.local/lib/python3.7/site-packages/airflow/example_dags/example_branch_python_dop_operator_3.py
[2023-08-09T03:16:07.511+0000] {processor.py:826} INFO - Processing file /home/airflow/.local/lib/python3.7/site-packages/airflow/example_dags/example_branch_python_dop_operator_3.py for tasks to queue
[2023-08-09T03:16:07.514+0000] {logging_mixin.py:150} INFO - [2023-08-09T03:16:07.514+0000] {dagbag.py:541} INFO - Filling up the DagBag from /home/airflow/.local/lib/python3.7/site-packages/airflow/example_dags/example_branch_python_dop_operator_3.py
[2023-08-09T03:16:07.528+0000] {processor.py:836} INFO - DAG(s) dict_keys(['example_branch_dop_operator_v3']) retrieved from /home/airflow/.local/lib/python3.7/site-packages/airflow/example_dags/example_branch_python_dop_operator_3.py
[2023-08-09T03:16:07.562+0000] {logging_mixin.py:150} INFO - [2023-08-09T03:16:07.561+0000] {dag.py:2742} INFO - Sync 1 DAGs
[2023-08-09T03:16:07.612+0000] {logging_mixin.py:150} INFO - [2023-08-09T03:16:07.611+0000] {dag.py:3508} INFO - Setting next_dagrun for example_branch_dop_operator_v3 to 2023-08-09T03:15:00+00:00, run_after=2023-08-09T03:16:00+00:00
[2023-08-09T03:16:07.638+0000] {processor.py:179} INFO - Processing /home/airflow/.local/lib/python3.7/site-packages/airflow/example_dags/example_branch_python_dop_operator_3.py took 0.134 seconds
[2023-08-09T03:16:37.933+0000] {processor.py:157} INFO - Started process (PID=714) to work on /home/airflow/.local/lib/python3.7/site-packages/airflow/example_dags/example_branch_python_dop_operator_3.py
[2023-08-09T03:16:37.934+0000] {processor.py:826} INFO - Processing file /home/airflow/.local/lib/python3.7/site-packages/airflow/example_dags/example_branch_python_dop_operator_3.py for tasks to queue
[2023-08-09T03:16:37.936+0000] {logging_mixin.py:150} INFO - [2023-08-09T03:16:37.936+0000] {dagbag.py:541} INFO - Filling up the DagBag from /home/airflow/.local/lib/python3.7/site-packages/airflow/example_dags/example_branch_python_dop_operator_3.py
[2023-08-09T03:16:37.945+0000] {processor.py:836} INFO - DAG(s) dict_keys(['example_branch_dop_operator_v3']) retrieved from /home/airflow/.local/lib/python3.7/site-packages/airflow/example_dags/example_branch_python_dop_operator_3.py
[2023-08-09T03:16:37.968+0000] {logging_mixin.py:150} INFO - [2023-08-09T03:16:37.968+0000] {dag.py:2742} INFO - Sync 1 DAGs
[2023-08-09T03:16:38.002+0000] {logging_mixin.py:150} INFO - [2023-08-09T03:16:38.002+0000] {dag.py:3508} INFO - Setting next_dagrun for example_branch_dop_operator_v3 to 2023-08-09T03:15:00+00:00, run_after=2023-08-09T03:16:00+00:00
[2023-08-09T03:16:38.021+0000] {processor.py:179} INFO - Processing /home/airflow/.local/lib/python3.7/site-packages/airflow/example_dags/example_branch_python_dop_operator_3.py took 0.091 seconds
[2023-08-09T03:17:08.159+0000] {processor.py:157} INFO - Started process (PID=769) to work on /home/airflow/.local/lib/python3.7/site-packages/airflow/example_dags/example_branch_python_dop_operator_3.py
[2023-08-09T03:17:08.160+0000] {processor.py:826} INFO - Processing file /home/airflow/.local/lib/python3.7/site-packages/airflow/example_dags/example_branch_python_dop_operator_3.py for tasks to queue
[2023-08-09T03:17:08.163+0000] {logging_mixin.py:150} INFO - [2023-08-09T03:17:08.163+0000] {dagbag.py:541} INFO - Filling up the DagBag from /home/airflow/.local/lib/python3.7/site-packages/airflow/example_dags/example_branch_python_dop_operator_3.py
[2023-08-09T03:17:08.172+0000] {processor.py:836} INFO - DAG(s) dict_keys(['example_branch_dop_operator_v3']) retrieved from /home/airflow/.local/lib/python3.7/site-packages/airflow/example_dags/example_branch_python_dop_operator_3.py
[2023-08-09T03:17:08.198+0000] {logging_mixin.py:150} INFO - [2023-08-09T03:17:08.198+0000] {dag.py:2742} INFO - Sync 1 DAGs
[2023-08-09T03:17:08.223+0000] {logging_mixin.py:150} INFO - [2023-08-09T03:17:08.223+0000] {dag.py:3508} INFO - Setting next_dagrun for example_branch_dop_operator_v3 to 2023-08-09T03:16:00+00:00, run_after=2023-08-09T03:17:00+00:00
[2023-08-09T03:17:08.239+0000] {processor.py:179} INFO - Processing /home/airflow/.local/lib/python3.7/site-packages/airflow/example_dags/example_branch_python_dop_operator_3.py took 0.085 seconds
[2023-08-09T03:17:38.677+0000] {processor.py:157} INFO - Started process (PID=824) to work on /home/airflow/.local/lib/python3.7/site-packages/airflow/example_dags/example_branch_python_dop_operator_3.py
[2023-08-09T03:17:38.679+0000] {processor.py:826} INFO - Processing file /home/airflow/.local/lib/python3.7/site-packages/airflow/example_dags/example_branch_python_dop_operator_3.py for tasks to queue
[2023-08-09T03:17:38.682+0000] {logging_mixin.py:150} INFO - [2023-08-09T03:17:38.682+0000] {dagbag.py:541} INFO - Filling up the DagBag from /home/airflow/.local/lib/python3.7/site-packages/airflow/example_dags/example_branch_python_dop_operator_3.py
[2023-08-09T03:17:38.693+0000] {processor.py:836} INFO - DAG(s) dict_keys(['example_branch_dop_operator_v3']) retrieved from /home/airflow/.local/lib/python3.7/site-packages/airflow/example_dags/example_branch_python_dop_operator_3.py
[2023-08-09T03:17:38.729+0000] {logging_mixin.py:150} INFO - [2023-08-09T03:17:38.728+0000] {dag.py:2742} INFO - Sync 1 DAGs
[2023-08-09T03:17:38.775+0000] {logging_mixin.py:150} INFO - [2023-08-09T03:17:38.774+0000] {dag.py:3508} INFO - Setting next_dagrun for example_branch_dop_operator_v3 to 2023-08-09T03:16:00+00:00, run_after=2023-08-09T03:17:00+00:00
[2023-08-09T03:17:38.799+0000] {processor.py:179} INFO - Processing /home/airflow/.local/lib/python3.7/site-packages/airflow/example_dags/example_branch_python_dop_operator_3.py took 0.126 seconds
[2023-08-09T03:18:08.833+0000] {processor.py:157} INFO - Started process (PID=879) to work on /home/airflow/.local/lib/python3.7/site-packages/airflow/example_dags/example_branch_python_dop_operator_3.py
[2023-08-09T03:18:08.834+0000] {processor.py:826} INFO - Processing file /home/airflow/.local/lib/python3.7/site-packages/airflow/example_dags/example_branch_python_dop_operator_3.py for tasks to queue
[2023-08-09T03:18:08.836+0000] {logging_mixin.py:150} INFO - [2023-08-09T03:18:08.836+0000] {dagbag.py:541} INFO - Filling up the DagBag from /home/airflow/.local/lib/python3.7/site-packages/airflow/example_dags/example_branch_python_dop_operator_3.py
[2023-08-09T03:18:08.843+0000] {processor.py:836} INFO - DAG(s) dict_keys(['example_branch_dop_operator_v3']) retrieved from /home/airflow/.local/lib/python3.7/site-packages/airflow/example_dags/example_branch_python_dop_operator_3.py
[2023-08-09T03:18:08.863+0000] {logging_mixin.py:150} INFO - [2023-08-09T03:18:08.862+0000] {dag.py:2742} INFO - Sync 1 DAGs
[2023-08-09T03:18:08.890+0000] {logging_mixin.py:150} INFO - [2023-08-09T03:18:08.890+0000] {dag.py:3508} INFO - Setting next_dagrun for example_branch_dop_operator_v3 to 2023-08-09T03:17:00+00:00, run_after=2023-08-09T03:18:00+00:00
[2023-08-09T03:18:08.907+0000] {processor.py:179} INFO - Processing /home/airflow/.local/lib/python3.7/site-packages/airflow/example_dags/example_branch_python_dop_operator_3.py took 0.076 seconds
[2023-08-09T03:18:39.350+0000] {processor.py:157} INFO - Started process (PID=934) to work on /home/airflow/.local/lib/python3.7/site-packages/airflow/example_dags/example_branch_python_dop_operator_3.py
[2023-08-09T03:18:39.351+0000] {processor.py:826} INFO - Processing file /home/airflow/.local/lib/python3.7/site-packages/airflow/example_dags/example_branch_python_dop_operator_3.py for tasks to queue
[2023-08-09T03:18:39.354+0000] {logging_mixin.py:150} INFO - [2023-08-09T03:18:39.353+0000] {dagbag.py:541} INFO - Filling up the DagBag from /home/airflow/.local/lib/python3.7/site-packages/airflow/example_dags/example_branch_python_dop_operator_3.py
[2023-08-09T03:18:39.361+0000] {processor.py:836} INFO - DAG(s) dict_keys(['example_branch_dop_operator_v3']) retrieved from /home/airflow/.local/lib/python3.7/site-packages/airflow/example_dags/example_branch_python_dop_operator_3.py
[2023-08-09T03:18:39.388+0000] {logging_mixin.py:150} INFO - [2023-08-09T03:18:39.388+0000] {dag.py:2742} INFO - Sync 1 DAGs
[2023-08-09T03:18:39.424+0000] {logging_mixin.py:150} INFO - [2023-08-09T03:18:39.423+0000] {dag.py:3508} INFO - Setting next_dagrun for example_branch_dop_operator_v3 to 2023-08-09T03:17:00+00:00, run_after=2023-08-09T03:18:00+00:00
[2023-08-09T03:18:39.447+0000] {processor.py:179} INFO - Processing /home/airflow/.local/lib/python3.7/site-packages/airflow/example_dags/example_branch_python_dop_operator_3.py took 0.099 seconds
[2023-08-09T03:19:09.806+0000] {processor.py:157} INFO - Started process (PID=989) to work on /home/airflow/.local/lib/python3.7/site-packages/airflow/example_dags/example_branch_python_dop_operator_3.py
[2023-08-09T03:19:09.807+0000] {processor.py:826} INFO - Processing file /home/airflow/.local/lib/python3.7/site-packages/airflow/example_dags/example_branch_python_dop_operator_3.py for tasks to queue
[2023-08-09T03:19:09.809+0000] {logging_mixin.py:150} INFO - [2023-08-09T03:19:09.808+0000] {dagbag.py:541} INFO - Filling up the DagBag from /home/airflow/.local/lib/python3.7/site-packages/airflow/example_dags/example_branch_python_dop_operator_3.py
[2023-08-09T03:19:09.815+0000] {processor.py:836} INFO - DAG(s) dict_keys(['example_branch_dop_operator_v3']) retrieved from /home/airflow/.local/lib/python3.7/site-packages/airflow/example_dags/example_branch_python_dop_operator_3.py
[2023-08-09T03:19:09.837+0000] {logging_mixin.py:150} INFO - [2023-08-09T03:19:09.836+0000] {dag.py:2742} INFO - Sync 1 DAGs
[2023-08-09T03:19:09.864+0000] {logging_mixin.py:150} INFO - [2023-08-09T03:19:09.864+0000] {dag.py:3508} INFO - Setting next_dagrun for example_branch_dop_operator_v3 to 2023-08-09T03:18:00+00:00, run_after=2023-08-09T03:19:00+00:00
[2023-08-09T03:19:09.883+0000] {processor.py:179} INFO - Processing /home/airflow/.local/lib/python3.7/site-packages/airflow/example_dags/example_branch_python_dop_operator_3.py took 0.080 seconds
[2023-08-09T03:19:40.007+0000] {processor.py:157} INFO - Started process (PID=1044) to work on /home/airflow/.local/lib/python3.7/site-packages/airflow/example_dags/example_branch_python_dop_operator_3.py
[2023-08-09T03:19:40.007+0000] {processor.py:826} INFO - Processing file /home/airflow/.local/lib/python3.7/site-packages/airflow/example_dags/example_branch_python_dop_operator_3.py for tasks to queue
[2023-08-09T03:19:40.009+0000] {logging_mixin.py:150} INFO - [2023-08-09T03:19:40.009+0000] {dagbag.py:541} INFO - Filling up the DagBag from /home/airflow/.local/lib/python3.7/site-packages/airflow/example_dags/example_branch_python_dop_operator_3.py
[2023-08-09T03:19:40.016+0000] {processor.py:836} INFO - DAG(s) dict_keys(['example_branch_dop_operator_v3']) retrieved from /home/airflow/.local/lib/python3.7/site-packages/airflow/example_dags/example_branch_python_dop_operator_3.py
[2023-08-09T03:19:40.037+0000] {logging_mixin.py:150} INFO - [2023-08-09T03:19:40.036+0000] {dag.py:2742} INFO - Sync 1 DAGs
[2023-08-09T03:19:40.064+0000] {logging_mixin.py:150} INFO - [2023-08-09T03:19:40.064+0000] {dag.py:3508} INFO - Setting next_dagrun for example_branch_dop_operator_v3 to 2023-08-09T03:18:00+00:00, run_after=2023-08-09T03:19:00+00:00
[2023-08-09T03:19:40.081+0000] {processor.py:179} INFO - Processing /home/airflow/.local/lib/python3.7/site-packages/airflow/example_dags/example_branch_python_dop_operator_3.py took 0.077 seconds
[2023-08-09T03:20:10.948+0000] {processor.py:157} INFO - Started process (PID=1099) to work on /home/airflow/.local/lib/python3.7/site-packages/airflow/example_dags/example_branch_python_dop_operator_3.py
[2023-08-09T03:20:10.949+0000] {processor.py:826} INFO - Processing file /home/airflow/.local/lib/python3.7/site-packages/airflow/example_dags/example_branch_python_dop_operator_3.py for tasks to queue
[2023-08-09T03:20:10.951+0000] {logging_mixin.py:150} INFO - [2023-08-09T03:20:10.951+0000] {dagbag.py:541} INFO - Filling up the DagBag from /home/airflow/.local/lib/python3.7/site-packages/airflow/example_dags/example_branch_python_dop_operator_3.py
[2023-08-09T03:20:10.957+0000] {processor.py:836} INFO - DAG(s) dict_keys(['example_branch_dop_operator_v3']) retrieved from /home/airflow/.local/lib/python3.7/site-packages/airflow/example_dags/example_branch_python_dop_operator_3.py
[2023-08-09T03:20:10.978+0000] {logging_mixin.py:150} INFO - [2023-08-09T03:20:10.978+0000] {dag.py:2742} INFO - Sync 1 DAGs
[2023-08-09T03:20:11.007+0000] {logging_mixin.py:150} INFO - [2023-08-09T03:20:11.007+0000] {dag.py:3508} INFO - Setting next_dagrun for example_branch_dop_operator_v3 to 2023-08-09T03:19:00+00:00, run_after=2023-08-09T03:20:00+00:00
[2023-08-09T03:20:11.028+0000] {processor.py:179} INFO - Processing /home/airflow/.local/lib/python3.7/site-packages/airflow/example_dags/example_branch_python_dop_operator_3.py took 0.082 seconds
[2023-08-09T03:20:41.983+0000] {processor.py:157} INFO - Started process (PID=1154) to work on /home/airflow/.local/lib/python3.7/site-packages/airflow/example_dags/example_branch_python_dop_operator_3.py
[2023-08-09T03:20:41.983+0000] {processor.py:826} INFO - Processing file /home/airflow/.local/lib/python3.7/site-packages/airflow/example_dags/example_branch_python_dop_operator_3.py for tasks to queue
[2023-08-09T03:20:41.985+0000] {logging_mixin.py:150} INFO - [2023-08-09T03:20:41.985+0000] {dagbag.py:541} INFO - Filling up the DagBag from /home/airflow/.local/lib/python3.7/site-packages/airflow/example_dags/example_branch_python_dop_operator_3.py
[2023-08-09T03:20:41.992+0000] {processor.py:836} INFO - DAG(s) dict_keys(['example_branch_dop_operator_v3']) retrieved from /home/airflow/.local/lib/python3.7/site-packages/airflow/example_dags/example_branch_python_dop_operator_3.py
[2023-08-09T03:20:42.016+0000] {logging_mixin.py:150} INFO - [2023-08-09T03:20:42.016+0000] {dag.py:2742} INFO - Sync 1 DAGs
[2023-08-09T03:20:42.051+0000] {logging_mixin.py:150} INFO - [2023-08-09T03:20:42.051+0000] {dag.py:3508} INFO - Setting next_dagrun for example_branch_dop_operator_v3 to 2023-08-09T03:19:00+00:00, run_after=2023-08-09T03:20:00+00:00
[2023-08-09T03:20:42.069+0000] {processor.py:179} INFO - Processing /home/airflow/.local/lib/python3.7/site-packages/airflow/example_dags/example_branch_python_dop_operator_3.py took 0.090 seconds
[2023-08-09T03:21:12.138+0000] {processor.py:157} INFO - Started process (PID=1209) to work on /home/airflow/.local/lib/python3.7/site-packages/airflow/example_dags/example_branch_python_dop_operator_3.py
[2023-08-09T03:21:12.139+0000] {processor.py:826} INFO - Processing file /home/airflow/.local/lib/python3.7/site-packages/airflow/example_dags/example_branch_python_dop_operator_3.py for tasks to queue
[2023-08-09T03:21:12.140+0000] {logging_mixin.py:150} INFO - [2023-08-09T03:21:12.140+0000] {dagbag.py:541} INFO - Filling up the DagBag from /home/airflow/.local/lib/python3.7/site-packages/airflow/example_dags/example_branch_python_dop_operator_3.py
[2023-08-09T03:21:12.150+0000] {processor.py:836} INFO - DAG(s) dict_keys(['example_branch_dop_operator_v3']) retrieved from /home/airflow/.local/lib/python3.7/site-packages/airflow/example_dags/example_branch_python_dop_operator_3.py
[2023-08-09T03:21:12.189+0000] {logging_mixin.py:150} INFO - [2023-08-09T03:21:12.188+0000] {dag.py:2742} INFO - Sync 1 DAGs
[2023-08-09T03:21:12.234+0000] {logging_mixin.py:150} INFO - [2023-08-09T03:21:12.234+0000] {dag.py:3508} INFO - Setting next_dagrun for example_branch_dop_operator_v3 to 2023-08-09T03:20:00+00:00, run_after=2023-08-09T03:21:00+00:00
[2023-08-09T03:21:12.255+0000] {processor.py:179} INFO - Processing /home/airflow/.local/lib/python3.7/site-packages/airflow/example_dags/example_branch_python_dop_operator_3.py took 0.119 seconds
[2023-08-09T03:21:42.479+0000] {processor.py:157} INFO - Started process (PID=1264) to work on /home/airflow/.local/lib/python3.7/site-packages/airflow/example_dags/example_branch_python_dop_operator_3.py
[2023-08-09T03:21:42.480+0000] {processor.py:826} INFO - Processing file /home/airflow/.local/lib/python3.7/site-packages/airflow/example_dags/example_branch_python_dop_operator_3.py for tasks to queue
[2023-08-09T03:21:42.483+0000] {logging_mixin.py:150} INFO - [2023-08-09T03:21:42.483+0000] {dagbag.py:541} INFO - Filling up the DagBag from /home/airflow/.local/lib/python3.7/site-packages/airflow/example_dags/example_branch_python_dop_operator_3.py
[2023-08-09T03:21:42.492+0000] {processor.py:836} INFO - DAG(s) dict_keys(['example_branch_dop_operator_v3']) retrieved from /home/airflow/.local/lib/python3.7/site-packages/airflow/example_dags/example_branch_python_dop_operator_3.py
[2023-08-09T03:21:42.523+0000] {logging_mixin.py:150} INFO - [2023-08-09T03:21:42.522+0000] {dag.py:2742} INFO - Sync 1 DAGs
[2023-08-09T03:21:42.557+0000] {logging_mixin.py:150} INFO - [2023-08-09T03:21:42.557+0000] {dag.py:3508} INFO - Setting next_dagrun for example_branch_dop_operator_v3 to 2023-08-09T03:20:00+00:00, run_after=2023-08-09T03:21:00+00:00
[2023-08-09T03:21:42.575+0000] {processor.py:179} INFO - Processing /home/airflow/.local/lib/python3.7/site-packages/airflow/example_dags/example_branch_python_dop_operator_3.py took 0.100 seconds
[2023-08-09T03:22:12.616+0000] {processor.py:157} INFO - Started process (PID=1319) to work on /home/airflow/.local/lib/python3.7/site-packages/airflow/example_dags/example_branch_python_dop_operator_3.py
[2023-08-09T03:22:12.617+0000] {processor.py:826} INFO - Processing file /home/airflow/.local/lib/python3.7/site-packages/airflow/example_dags/example_branch_python_dop_operator_3.py for tasks to queue
[2023-08-09T03:22:12.621+0000] {logging_mixin.py:150} INFO - [2023-08-09T03:22:12.621+0000] {dagbag.py:541} INFO - Filling up the DagBag from /home/airflow/.local/lib/python3.7/site-packages/airflow/example_dags/example_branch_python_dop_operator_3.py
[2023-08-09T03:22:12.633+0000] {processor.py:836} INFO - DAG(s) dict_keys(['example_branch_dop_operator_v3']) retrieved from /home/airflow/.local/lib/python3.7/site-packages/airflow/example_dags/example_branch_python_dop_operator_3.py
[2023-08-09T03:22:12.656+0000] {logging_mixin.py:150} INFO - [2023-08-09T03:22:12.655+0000] {dag.py:2742} INFO - Sync 1 DAGs
[2023-08-09T03:22:12.688+0000] {logging_mixin.py:150} INFO - [2023-08-09T03:22:12.688+0000] {dag.py:3508} INFO - Setting next_dagrun for example_branch_dop_operator_v3 to 2023-08-09T03:21:00+00:00, run_after=2023-08-09T03:22:00+00:00
[2023-08-09T03:22:12.707+0000] {processor.py:179} INFO - Processing /home/airflow/.local/lib/python3.7/site-packages/airflow/example_dags/example_branch_python_dop_operator_3.py took 0.095 seconds
[2023-08-09T03:22:42.846+0000] {processor.py:157} INFO - Started process (PID=1373) to work on /home/airflow/.local/lib/python3.7/site-packages/airflow/example_dags/example_branch_python_dop_operator_3.py
[2023-08-09T03:22:42.846+0000] {processor.py:826} INFO - Processing file /home/airflow/.local/lib/python3.7/site-packages/airflow/example_dags/example_branch_python_dop_operator_3.py for tasks to queue
[2023-08-09T03:22:42.848+0000] {logging_mixin.py:150} INFO - [2023-08-09T03:22:42.848+0000] {dagbag.py:541} INFO - Filling up the DagBag from /home/airflow/.local/lib/python3.7/site-packages/airflow/example_dags/example_branch_python_dop_operator_3.py
[2023-08-09T03:22:42.856+0000] {processor.py:836} INFO - DAG(s) dict_keys(['example_branch_dop_operator_v3']) retrieved from /home/airflow/.local/lib/python3.7/site-packages/airflow/example_dags/example_branch_python_dop_operator_3.py
[2023-08-09T03:22:42.885+0000] {logging_mixin.py:150} INFO - [2023-08-09T03:22:42.884+0000] {dag.py:2742} INFO - Sync 1 DAGs
[2023-08-09T03:22:42.919+0000] {logging_mixin.py:150} INFO - [2023-08-09T03:22:42.919+0000] {dag.py:3508} INFO - Setting next_dagrun for example_branch_dop_operator_v3 to 2023-08-09T03:21:00+00:00, run_after=2023-08-09T03:22:00+00:00
[2023-08-09T03:22:42.941+0000] {processor.py:179} INFO - Processing /home/airflow/.local/lib/python3.7/site-packages/airflow/example_dags/example_branch_python_dop_operator_3.py took 0.098 seconds
[2023-08-09T03:23:13.059+0000] {processor.py:157} INFO - Started process (PID=1428) to work on /home/airflow/.local/lib/python3.7/site-packages/airflow/example_dags/example_branch_python_dop_operator_3.py
[2023-08-09T03:23:13.059+0000] {processor.py:826} INFO - Processing file /home/airflow/.local/lib/python3.7/site-packages/airflow/example_dags/example_branch_python_dop_operator_3.py for tasks to queue
[2023-08-09T03:23:13.062+0000] {logging_mixin.py:150} INFO - [2023-08-09T03:23:13.061+0000] {dagbag.py:541} INFO - Filling up the DagBag from /home/airflow/.local/lib/python3.7/site-packages/airflow/example_dags/example_branch_python_dop_operator_3.py
[2023-08-09T03:23:13.068+0000] {processor.py:836} INFO - DAG(s) dict_keys(['example_branch_dop_operator_v3']) retrieved from /home/airflow/.local/lib/python3.7/site-packages/airflow/example_dags/example_branch_python_dop_operator_3.py
[2023-08-09T03:23:13.100+0000] {logging_mixin.py:150} INFO - [2023-08-09T03:23:13.099+0000] {dag.py:2742} INFO - Sync 1 DAGs
[2023-08-09T03:23:13.139+0000] {logging_mixin.py:150} INFO - [2023-08-09T03:23:13.139+0000] {dag.py:3508} INFO - Setting next_dagrun for example_branch_dop_operator_v3 to 2023-08-09T03:22:00+00:00, run_after=2023-08-09T03:23:00+00:00
[2023-08-09T03:23:13.159+0000] {processor.py:179} INFO - Processing /home/airflow/.local/lib/python3.7/site-packages/airflow/example_dags/example_branch_python_dop_operator_3.py took 0.104 seconds
[2023-08-09T03:23:43.206+0000] {processor.py:157} INFO - Started process (PID=1483) to work on /home/airflow/.local/lib/python3.7/site-packages/airflow/example_dags/example_branch_python_dop_operator_3.py
[2023-08-09T03:23:43.207+0000] {processor.py:826} INFO - Processing file /home/airflow/.local/lib/python3.7/site-packages/airflow/example_dags/example_branch_python_dop_operator_3.py for tasks to queue
[2023-08-09T03:23:43.210+0000] {logging_mixin.py:150} INFO - [2023-08-09T03:23:43.209+0000] {dagbag.py:541} INFO - Filling up the DagBag from /home/airflow/.local/lib/python3.7/site-packages/airflow/example_dags/example_branch_python_dop_operator_3.py
[2023-08-09T03:23:43.221+0000] {processor.py:836} INFO - DAG(s) dict_keys(['example_branch_dop_operator_v3']) retrieved from /home/airflow/.local/lib/python3.7/site-packages/airflow/example_dags/example_branch_python_dop_operator_3.py
[2023-08-09T03:23:43.254+0000] {logging_mixin.py:150} INFO - [2023-08-09T03:23:43.253+0000] {dag.py:2742} INFO - Sync 1 DAGs
[2023-08-09T03:23:43.301+0000] {logging_mixin.py:150} INFO - [2023-08-09T03:23:43.300+0000] {dag.py:3508} INFO - Setting next_dagrun for example_branch_dop_operator_v3 to 2023-08-09T03:22:00+00:00, run_after=2023-08-09T03:23:00+00:00
[2023-08-09T03:23:43.325+0000] {processor.py:179} INFO - Processing /home/airflow/.local/lib/python3.7/site-packages/airflow/example_dags/example_branch_python_dop_operator_3.py took 0.123 seconds
[2023-08-09T03:24:13.495+0000] {processor.py:157} INFO - Started process (PID=1537) to work on /home/airflow/.local/lib/python3.7/site-packages/airflow/example_dags/example_branch_python_dop_operator_3.py
[2023-08-09T03:24:13.496+0000] {processor.py:826} INFO - Processing file /home/airflow/.local/lib/python3.7/site-packages/airflow/example_dags/example_branch_python_dop_operator_3.py for tasks to queue
[2023-08-09T03:24:13.498+0000] {logging_mixin.py:150} INFO - [2023-08-09T03:24:13.498+0000] {dagbag.py:541} INFO - Filling up the DagBag from /home/airflow/.local/lib/python3.7/site-packages/airflow/example_dags/example_branch_python_dop_operator_3.py
[2023-08-09T03:24:13.506+0000] {processor.py:836} INFO - DAG(s) dict_keys(['example_branch_dop_operator_v3']) retrieved from /home/airflow/.local/lib/python3.7/site-packages/airflow/example_dags/example_branch_python_dop_operator_3.py
[2023-08-09T03:24:13.536+0000] {logging_mixin.py:150} INFO - [2023-08-09T03:24:13.535+0000] {dag.py:2742} INFO - Sync 1 DAGs
[2023-08-09T03:24:13.581+0000] {logging_mixin.py:150} INFO - [2023-08-09T03:24:13.581+0000] {dag.py:3508} INFO - Setting next_dagrun for example_branch_dop_operator_v3 to 2023-08-09T03:23:00+00:00, run_after=2023-08-09T03:24:00+00:00
[2023-08-09T03:24:13.607+0000] {processor.py:179} INFO - Processing /home/airflow/.local/lib/python3.7/site-packages/airflow/example_dags/example_branch_python_dop_operator_3.py took 0.116 seconds
[2023-08-09T03:24:43.690+0000] {processor.py:157} INFO - Started process (PID=1592) to work on /home/airflow/.local/lib/python3.7/site-packages/airflow/example_dags/example_branch_python_dop_operator_3.py
[2023-08-09T03:24:43.691+0000] {processor.py:826} INFO - Processing file /home/airflow/.local/lib/python3.7/site-packages/airflow/example_dags/example_branch_python_dop_operator_3.py for tasks to queue
[2023-08-09T03:24:43.693+0000] {logging_mixin.py:150} INFO - [2023-08-09T03:24:43.693+0000] {dagbag.py:541} INFO - Filling up the DagBag from /home/airflow/.local/lib/python3.7/site-packages/airflow/example_dags/example_branch_python_dop_operator_3.py
[2023-08-09T03:24:43.701+0000] {processor.py:836} INFO - DAG(s) dict_keys(['example_branch_dop_operator_v3']) retrieved from /home/airflow/.local/lib/python3.7/site-packages/airflow/example_dags/example_branch_python_dop_operator_3.py
[2023-08-09T03:24:43.721+0000] {logging_mixin.py:150} INFO - [2023-08-09T03:24:43.721+0000] {dag.py:2742} INFO - Sync 1 DAGs
[2023-08-09T03:24:43.747+0000] {logging_mixin.py:150} INFO - [2023-08-09T03:24:43.747+0000] {dag.py:3508} INFO - Setting next_dagrun for example_branch_dop_operator_v3 to 2023-08-09T03:23:00+00:00, run_after=2023-08-09T03:24:00+00:00
[2023-08-09T03:24:43.762+0000] {processor.py:179} INFO - Processing /home/airflow/.local/lib/python3.7/site-packages/airflow/example_dags/example_branch_python_dop_operator_3.py took 0.076 seconds
[2023-08-09T03:25:13.988+0000] {processor.py:157} INFO - Started process (PID=1646) to work on /home/airflow/.local/lib/python3.7/site-packages/airflow/example_dags/example_branch_python_dop_operator_3.py
[2023-08-09T03:25:13.988+0000] {processor.py:826} INFO - Processing file /home/airflow/.local/lib/python3.7/site-packages/airflow/example_dags/example_branch_python_dop_operator_3.py for tasks to queue
[2023-08-09T03:25:13.991+0000] {logging_mixin.py:150} INFO - [2023-08-09T03:25:13.990+0000] {dagbag.py:541} INFO - Filling up the DagBag from /home/airflow/.local/lib/python3.7/site-packages/airflow/example_dags/example_branch_python_dop_operator_3.py
[2023-08-09T03:25:13.999+0000] {processor.py:836} INFO - DAG(s) dict_keys(['example_branch_dop_operator_v3']) retrieved from /home/airflow/.local/lib/python3.7/site-packages/airflow/example_dags/example_branch_python_dop_operator_3.py
[2023-08-09T03:25:14.019+0000] {logging_mixin.py:150} INFO - [2023-08-09T03:25:14.019+0000] {dag.py:2742} INFO - Sync 1 DAGs
[2023-08-09T03:25:14.049+0000] {logging_mixin.py:150} INFO - [2023-08-09T03:25:14.049+0000] {dag.py:3508} INFO - Setting next_dagrun for example_branch_dop_operator_v3 to 2023-08-09T03:24:00+00:00, run_after=2023-08-09T03:25:00+00:00
[2023-08-09T03:25:14.066+0000] {processor.py:179} INFO - Processing /home/airflow/.local/lib/python3.7/site-packages/airflow/example_dags/example_branch_python_dop_operator_3.py took 0.081 seconds
[2023-08-09T03:25:44.188+0000] {processor.py:157} INFO - Started process (PID=1701) to work on /home/airflow/.local/lib/python3.7/site-packages/airflow/example_dags/example_branch_python_dop_operator_3.py
[2023-08-09T03:25:44.189+0000] {processor.py:826} INFO - Processing file /home/airflow/.local/lib/python3.7/site-packages/airflow/example_dags/example_branch_python_dop_operator_3.py for tasks to queue
[2023-08-09T03:25:44.192+0000] {logging_mixin.py:150} INFO - [2023-08-09T03:25:44.191+0000] {dagbag.py:541} INFO - Filling up the DagBag from /home/airflow/.local/lib/python3.7/site-packages/airflow/example_dags/example_branch_python_dop_operator_3.py
[2023-08-09T03:25:44.202+0000] {processor.py:836} INFO - DAG(s) dict_keys(['example_branch_dop_operator_v3']) retrieved from /home/airflow/.local/lib/python3.7/site-packages/airflow/example_dags/example_branch_python_dop_operator_3.py
[2023-08-09T03:25:44.233+0000] {logging_mixin.py:150} INFO - [2023-08-09T03:25:44.232+0000] {dag.py:2742} INFO - Sync 1 DAGs
[2023-08-09T03:25:44.271+0000] {logging_mixin.py:150} INFO - [2023-08-09T03:25:44.271+0000] {dag.py:3508} INFO - Setting next_dagrun for example_branch_dop_operator_v3 to 2023-08-09T03:24:00+00:00, run_after=2023-08-09T03:25:00+00:00
[2023-08-09T03:25:44.294+0000] {processor.py:179} INFO - Processing /home/airflow/.local/lib/python3.7/site-packages/airflow/example_dags/example_branch_python_dop_operator_3.py took 0.109 seconds
[2023-08-09T03:26:14.800+0000] {processor.py:157} INFO - Started process (PID=1756) to work on /home/airflow/.local/lib/python3.7/site-packages/airflow/example_dags/example_branch_python_dop_operator_3.py
[2023-08-09T03:26:14.801+0000] {processor.py:826} INFO - Processing file /home/airflow/.local/lib/python3.7/site-packages/airflow/example_dags/example_branch_python_dop_operator_3.py for tasks to queue
[2023-08-09T03:26:14.802+0000] {logging_mixin.py:150} INFO - [2023-08-09T03:26:14.802+0000] {dagbag.py:541} INFO - Filling up the DagBag from /home/airflow/.local/lib/python3.7/site-packages/airflow/example_dags/example_branch_python_dop_operator_3.py
[2023-08-09T03:26:14.810+0000] {processor.py:836} INFO - DAG(s) dict_keys(['example_branch_dop_operator_v3']) retrieved from /home/airflow/.local/lib/python3.7/site-packages/airflow/example_dags/example_branch_python_dop_operator_3.py
[2023-08-09T03:26:14.845+0000] {logging_mixin.py:150} INFO - [2023-08-09T03:26:14.844+0000] {dag.py:2742} INFO - Sync 1 DAGs
[2023-08-09T03:26:14.908+0000] {logging_mixin.py:150} INFO - [2023-08-09T03:26:14.908+0000] {dag.py:3508} INFO - Setting next_dagrun for example_branch_dop_operator_v3 to 2023-08-09T03:25:00+00:00, run_after=2023-08-09T03:26:00+00:00
[2023-08-09T03:26:14.933+0000] {processor.py:179} INFO - Processing /home/airflow/.local/lib/python3.7/site-packages/airflow/example_dags/example_branch_python_dop_operator_3.py took 0.136 seconds
[2023-08-09T03:26:45.821+0000] {processor.py:157} INFO - Started process (PID=1811) to work on /home/airflow/.local/lib/python3.7/site-packages/airflow/example_dags/example_branch_python_dop_operator_3.py
[2023-08-09T03:26:45.822+0000] {processor.py:826} INFO - Processing file /home/airflow/.local/lib/python3.7/site-packages/airflow/example_dags/example_branch_python_dop_operator_3.py for tasks to queue
[2023-08-09T03:26:45.824+0000] {logging_mixin.py:150} INFO - [2023-08-09T03:26:45.823+0000] {dagbag.py:541} INFO - Filling up the DagBag from /home/airflow/.local/lib/python3.7/site-packages/airflow/example_dags/example_branch_python_dop_operator_3.py
[2023-08-09T03:26:45.831+0000] {processor.py:836} INFO - DAG(s) dict_keys(['example_branch_dop_operator_v3']) retrieved from /home/airflow/.local/lib/python3.7/site-packages/airflow/example_dags/example_branch_python_dop_operator_3.py
[2023-08-09T03:26:45.852+0000] {logging_mixin.py:150} INFO - [2023-08-09T03:26:45.851+0000] {dag.py:2742} INFO - Sync 1 DAGs
[2023-08-09T03:26:45.884+0000] {logging_mixin.py:150} INFO - [2023-08-09T03:26:45.884+0000] {dag.py:3508} INFO - Setting next_dagrun for example_branch_dop_operator_v3 to 2023-08-09T03:25:00+00:00, run_after=2023-08-09T03:26:00+00:00
[2023-08-09T03:26:45.911+0000] {processor.py:179} INFO - Processing /home/airflow/.local/lib/python3.7/site-packages/airflow/example_dags/example_branch_python_dop_operator_3.py took 0.093 seconds
[2023-08-09T03:27:16.106+0000] {processor.py:157} INFO - Started process (PID=1865) to work on /home/airflow/.local/lib/python3.7/site-packages/airflow/example_dags/example_branch_python_dop_operator_3.py
[2023-08-09T03:27:16.107+0000] {processor.py:826} INFO - Processing file /home/airflow/.local/lib/python3.7/site-packages/airflow/example_dags/example_branch_python_dop_operator_3.py for tasks to queue
[2023-08-09T03:27:16.110+0000] {logging_mixin.py:150} INFO - [2023-08-09T03:27:16.110+0000] {dagbag.py:541} INFO - Filling up the DagBag from /home/airflow/.local/lib/python3.7/site-packages/airflow/example_dags/example_branch_python_dop_operator_3.py
[2023-08-09T03:27:16.118+0000] {processor.py:836} INFO - DAG(s) dict_keys(['example_branch_dop_operator_v3']) retrieved from /home/airflow/.local/lib/python3.7/site-packages/airflow/example_dags/example_branch_python_dop_operator_3.py
[2023-08-09T03:27:16.147+0000] {logging_mixin.py:150} INFO - [2023-08-09T03:27:16.145+0000] {dag.py:2742} INFO - Sync 1 DAGs
[2023-08-09T03:27:16.181+0000] {logging_mixin.py:150} INFO - [2023-08-09T03:27:16.181+0000] {dag.py:3508} INFO - Setting next_dagrun for example_branch_dop_operator_v3 to 2023-08-09T03:26:00+00:00, run_after=2023-08-09T03:27:00+00:00
[2023-08-09T03:27:16.203+0000] {processor.py:179} INFO - Processing /home/airflow/.local/lib/python3.7/site-packages/airflow/example_dags/example_branch_python_dop_operator_3.py took 0.100 seconds
[2023-08-09T03:27:46.412+0000] {processor.py:157} INFO - Started process (PID=1920) to work on /home/airflow/.local/lib/python3.7/site-packages/airflow/example_dags/example_branch_python_dop_operator_3.py
[2023-08-09T03:27:46.413+0000] {processor.py:826} INFO - Processing file /home/airflow/.local/lib/python3.7/site-packages/airflow/example_dags/example_branch_python_dop_operator_3.py for tasks to queue
[2023-08-09T03:27:46.415+0000] {logging_mixin.py:150} INFO - [2023-08-09T03:27:46.415+0000] {dagbag.py:541} INFO - Filling up the DagBag from /home/airflow/.local/lib/python3.7/site-packages/airflow/example_dags/example_branch_python_dop_operator_3.py
[2023-08-09T03:27:46.423+0000] {processor.py:836} INFO - DAG(s) dict_keys(['example_branch_dop_operator_v3']) retrieved from /home/airflow/.local/lib/python3.7/site-packages/airflow/example_dags/example_branch_python_dop_operator_3.py
[2023-08-09T03:27:46.457+0000] {logging_mixin.py:150} INFO - [2023-08-09T03:27:46.456+0000] {dag.py:2742} INFO - Sync 1 DAGs
[2023-08-09T03:27:46.493+0000] {logging_mixin.py:150} INFO - [2023-08-09T03:27:46.493+0000] {dag.py:3508} INFO - Setting next_dagrun for example_branch_dop_operator_v3 to 2023-08-09T03:26:00+00:00, run_after=2023-08-09T03:27:00+00:00
[2023-08-09T03:27:46.512+0000] {processor.py:179} INFO - Processing /home/airflow/.local/lib/python3.7/site-packages/airflow/example_dags/example_branch_python_dop_operator_3.py took 0.103 seconds
[2023-08-09T03:28:16.737+0000] {processor.py:157} INFO - Started process (PID=1975) to work on /home/airflow/.local/lib/python3.7/site-packages/airflow/example_dags/example_branch_python_dop_operator_3.py
[2023-08-09T03:28:16.738+0000] {processor.py:826} INFO - Processing file /home/airflow/.local/lib/python3.7/site-packages/airflow/example_dags/example_branch_python_dop_operator_3.py for tasks to queue
[2023-08-09T03:28:16.741+0000] {logging_mixin.py:150} INFO - [2023-08-09T03:28:16.741+0000] {dagbag.py:541} INFO - Filling up the DagBag from /home/airflow/.local/lib/python3.7/site-packages/airflow/example_dags/example_branch_python_dop_operator_3.py
[2023-08-09T03:28:16.753+0000] {processor.py:836} INFO - DAG(s) dict_keys(['example_branch_dop_operator_v3']) retrieved from /home/airflow/.local/lib/python3.7/site-packages/airflow/example_dags/example_branch_python_dop_operator_3.py
[2023-08-09T03:28:16.782+0000] {logging_mixin.py:150} INFO - [2023-08-09T03:28:16.781+0000] {dag.py:2742} INFO - Sync 1 DAGs
[2023-08-09T03:28:16.819+0000] {logging_mixin.py:150} INFO - [2023-08-09T03:28:16.819+0000] {dag.py:3508} INFO - Setting next_dagrun for example_branch_dop_operator_v3 to 2023-08-09T03:27:00+00:00, run_after=2023-08-09T03:28:00+00:00
[2023-08-09T03:28:16.837+0000] {processor.py:179} INFO - Processing /home/airflow/.local/lib/python3.7/site-packages/airflow/example_dags/example_branch_python_dop_operator_3.py took 0.104 seconds
[2023-08-09T03:28:46.983+0000] {processor.py:157} INFO - Started process (PID=2031) to work on /home/airflow/.local/lib/python3.7/site-packages/airflow/example_dags/example_branch_python_dop_operator_3.py
[2023-08-09T03:28:46.983+0000] {processor.py:826} INFO - Processing file /home/airflow/.local/lib/python3.7/site-packages/airflow/example_dags/example_branch_python_dop_operator_3.py for tasks to queue
[2023-08-09T03:28:46.985+0000] {logging_mixin.py:150} INFO - [2023-08-09T03:28:46.985+0000] {dagbag.py:541} INFO - Filling up the DagBag from /home/airflow/.local/lib/python3.7/site-packages/airflow/example_dags/example_branch_python_dop_operator_3.py
[2023-08-09T03:28:46.993+0000] {processor.py:836} INFO - DAG(s) dict_keys(['example_branch_dop_operator_v3']) retrieved from /home/airflow/.local/lib/python3.7/site-packages/airflow/example_dags/example_branch_python_dop_operator_3.py
[2023-08-09T03:28:47.017+0000] {logging_mixin.py:150} INFO - [2023-08-09T03:28:47.016+0000] {dag.py:2742} INFO - Sync 1 DAGs
[2023-08-09T03:28:47.050+0000] {logging_mixin.py:150} INFO - [2023-08-09T03:28:47.050+0000] {dag.py:3508} INFO - Setting next_dagrun for example_branch_dop_operator_v3 to 2023-08-09T03:27:00+00:00, run_after=2023-08-09T03:28:00+00:00
[2023-08-09T03:28:47.066+0000] {processor.py:179} INFO - Processing /home/airflow/.local/lib/python3.7/site-packages/airflow/example_dags/example_branch_python_dop_operator_3.py took 0.086 seconds
[2023-08-09T03:29:17.517+0000] {processor.py:157} INFO - Started process (PID=2086) to work on /home/airflow/.local/lib/python3.7/site-packages/airflow/example_dags/example_branch_python_dop_operator_3.py
[2023-08-09T03:29:17.518+0000] {processor.py:826} INFO - Processing file /home/airflow/.local/lib/python3.7/site-packages/airflow/example_dags/example_branch_python_dop_operator_3.py for tasks to queue
[2023-08-09T03:29:17.520+0000] {logging_mixin.py:150} INFO - [2023-08-09T03:29:17.519+0000] {dagbag.py:541} INFO - Filling up the DagBag from /home/airflow/.local/lib/python3.7/site-packages/airflow/example_dags/example_branch_python_dop_operator_3.py
[2023-08-09T03:29:17.527+0000] {processor.py:836} INFO - DAG(s) dict_keys(['example_branch_dop_operator_v3']) retrieved from /home/airflow/.local/lib/python3.7/site-packages/airflow/example_dags/example_branch_python_dop_operator_3.py
[2023-08-09T03:29:17.549+0000] {logging_mixin.py:150} INFO - [2023-08-09T03:29:17.549+0000] {dag.py:2742} INFO - Sync 1 DAGs
[2023-08-09T03:29:17.581+0000] {logging_mixin.py:150} INFO - [2023-08-09T03:29:17.581+0000] {dag.py:3508} INFO - Setting next_dagrun for example_branch_dop_operator_v3 to 2023-08-09T03:28:00+00:00, run_after=2023-08-09T03:29:00+00:00
[2023-08-09T03:29:17.599+0000] {processor.py:179} INFO - Processing /home/airflow/.local/lib/python3.7/site-packages/airflow/example_dags/example_branch_python_dop_operator_3.py took 0.085 seconds
[2023-08-09T03:29:48.622+0000] {processor.py:157} INFO - Started process (PID=2141) to work on /home/airflow/.local/lib/python3.7/site-packages/airflow/example_dags/example_branch_python_dop_operator_3.py
[2023-08-09T03:29:48.623+0000] {processor.py:826} INFO - Processing file /home/airflow/.local/lib/python3.7/site-packages/airflow/example_dags/example_branch_python_dop_operator_3.py for tasks to queue
[2023-08-09T03:29:48.623+0000] {logging_mixin.py:150} INFO - [2023-08-09T03:29:48.623+0000] {dagbag.py:541} INFO - Filling up the DagBag from /home/airflow/.local/lib/python3.7/site-packages/airflow/example_dags/example_branch_python_dop_operator_3.py
[2023-08-09T03:29:48.631+0000] {processor.py:836} INFO - DAG(s) dict_keys(['example_branch_dop_operator_v3']) retrieved from /home/airflow/.local/lib/python3.7/site-packages/airflow/example_dags/example_branch_python_dop_operator_3.py
[2023-08-09T03:29:48.653+0000] {logging_mixin.py:150} INFO - [2023-08-09T03:29:48.653+0000] {dag.py:2742} INFO - Sync 1 DAGs
[2023-08-09T03:29:48.694+0000] {logging_mixin.py:150} INFO - [2023-08-09T03:29:48.694+0000] {dag.py:3508} INFO - Setting next_dagrun for example_branch_dop_operator_v3 to 2023-08-09T03:28:00+00:00, run_after=2023-08-09T03:29:00+00:00
[2023-08-09T03:29:48.718+0000] {processor.py:179} INFO - Processing /home/airflow/.local/lib/python3.7/site-packages/airflow/example_dags/example_branch_python_dop_operator_3.py took 0.098 seconds
[2023-08-09T03:30:19.566+0000] {processor.py:157} INFO - Started process (PID=2196) to work on /home/airflow/.local/lib/python3.7/site-packages/airflow/example_dags/example_branch_python_dop_operator_3.py
[2023-08-09T03:30:19.567+0000] {processor.py:826} INFO - Processing file /home/airflow/.local/lib/python3.7/site-packages/airflow/example_dags/example_branch_python_dop_operator_3.py for tasks to queue
[2023-08-09T03:30:19.567+0000] {logging_mixin.py:150} INFO - [2023-08-09T03:30:19.567+0000] {dagbag.py:541} INFO - Filling up the DagBag from /home/airflow/.local/lib/python3.7/site-packages/airflow/example_dags/example_branch_python_dop_operator_3.py
[2023-08-09T03:30:19.575+0000] {processor.py:836} INFO - DAG(s) dict_keys(['example_branch_dop_operator_v3']) retrieved from /home/airflow/.local/lib/python3.7/site-packages/airflow/example_dags/example_branch_python_dop_operator_3.py
[2023-08-09T03:30:19.602+0000] {logging_mixin.py:150} INFO - [2023-08-09T03:30:19.602+0000] {dag.py:2742} INFO - Sync 1 DAGs
[2023-08-09T03:30:19.655+0000] {logging_mixin.py:150} INFO - [2023-08-09T03:30:19.655+0000] {dag.py:3508} INFO - Setting next_dagrun for example_branch_dop_operator_v3 to 2023-08-09T03:29:00+00:00, run_after=2023-08-09T03:30:00+00:00
[2023-08-09T03:30:19.684+0000] {processor.py:179} INFO - Processing /home/airflow/.local/lib/python3.7/site-packages/airflow/example_dags/example_branch_python_dop_operator_3.py took 0.122 seconds
[2023-08-09T03:30:49.722+0000] {processor.py:157} INFO - Started process (PID=2252) to work on /home/airflow/.local/lib/python3.7/site-packages/airflow/example_dags/example_branch_python_dop_operator_3.py
[2023-08-09T03:30:49.723+0000] {processor.py:826} INFO - Processing file /home/airflow/.local/lib/python3.7/site-packages/airflow/example_dags/example_branch_python_dop_operator_3.py for tasks to queue
[2023-08-09T03:30:49.724+0000] {logging_mixin.py:150} INFO - [2023-08-09T03:30:49.724+0000] {dagbag.py:541} INFO - Filling up the DagBag from /home/airflow/.local/lib/python3.7/site-packages/airflow/example_dags/example_branch_python_dop_operator_3.py
[2023-08-09T03:30:49.732+0000] {processor.py:836} INFO - DAG(s) dict_keys(['example_branch_dop_operator_v3']) retrieved from /home/airflow/.local/lib/python3.7/site-packages/airflow/example_dags/example_branch_python_dop_operator_3.py
[2023-08-09T03:30:49.767+0000] {logging_mixin.py:150} INFO - [2023-08-09T03:30:49.767+0000] {dag.py:2742} INFO - Sync 1 DAGs
[2023-08-09T03:30:49.811+0000] {logging_mixin.py:150} INFO - [2023-08-09T03:30:49.810+0000] {dag.py:3508} INFO - Setting next_dagrun for example_branch_dop_operator_v3 to 2023-08-09T03:29:00+00:00, run_after=2023-08-09T03:30:00+00:00
[2023-08-09T03:30:49.835+0000] {processor.py:179} INFO - Processing /home/airflow/.local/lib/python3.7/site-packages/airflow/example_dags/example_branch_python_dop_operator_3.py took 0.115 seconds
[2023-08-09T03:31:20.287+0000] {processor.py:157} INFO - Started process (PID=2310) to work on /home/airflow/.local/lib/python3.7/site-packages/airflow/example_dags/example_branch_python_dop_operator_3.py
[2023-08-09T03:31:20.289+0000] {processor.py:826} INFO - Processing file /home/airflow/.local/lib/python3.7/site-packages/airflow/example_dags/example_branch_python_dop_operator_3.py for tasks to queue
[2023-08-09T03:31:20.290+0000] {logging_mixin.py:150} INFO - [2023-08-09T03:31:20.290+0000] {dagbag.py:541} INFO - Filling up the DagBag from /home/airflow/.local/lib/python3.7/site-packages/airflow/example_dags/example_branch_python_dop_operator_3.py
[2023-08-09T03:31:20.309+0000] {processor.py:836} INFO - DAG(s) dict_keys(['example_branch_dop_operator_v3']) retrieved from /home/airflow/.local/lib/python3.7/site-packages/airflow/example_dags/example_branch_python_dop_operator_3.py
[2023-08-09T03:31:20.354+0000] {logging_mixin.py:150} INFO - [2023-08-09T03:31:20.353+0000] {dag.py:2742} INFO - Sync 1 DAGs
[2023-08-09T03:31:20.405+0000] {logging_mixin.py:150} INFO - [2023-08-09T03:31:20.404+0000] {dag.py:3508} INFO - Setting next_dagrun for example_branch_dop_operator_v3 to 2023-08-09T03:30:00+00:00, run_after=2023-08-09T03:31:00+00:00
[2023-08-09T03:31:20.432+0000] {processor.py:179} INFO - Processing /home/airflow/.local/lib/python3.7/site-packages/airflow/example_dags/example_branch_python_dop_operator_3.py took 0.150 seconds
[2023-08-09T03:31:50.635+0000] {processor.py:157} INFO - Started process (PID=2365) to work on /home/airflow/.local/lib/python3.7/site-packages/airflow/example_dags/example_branch_python_dop_operator_3.py
[2023-08-09T03:31:50.636+0000] {processor.py:826} INFO - Processing file /home/airflow/.local/lib/python3.7/site-packages/airflow/example_dags/example_branch_python_dop_operator_3.py for tasks to queue
[2023-08-09T03:31:50.637+0000] {logging_mixin.py:150} INFO - [2023-08-09T03:31:50.636+0000] {dagbag.py:541} INFO - Filling up the DagBag from /home/airflow/.local/lib/python3.7/site-packages/airflow/example_dags/example_branch_python_dop_operator_3.py
[2023-08-09T03:31:50.643+0000] {processor.py:836} INFO - DAG(s) dict_keys(['example_branch_dop_operator_v3']) retrieved from /home/airflow/.local/lib/python3.7/site-packages/airflow/example_dags/example_branch_python_dop_operator_3.py
[2023-08-09T03:31:50.670+0000] {logging_mixin.py:150} INFO - [2023-08-09T03:31:50.669+0000] {dag.py:2742} INFO - Sync 1 DAGs
[2023-08-09T03:31:50.720+0000] {logging_mixin.py:150} INFO - [2023-08-09T03:31:50.719+0000] {dag.py:3508} INFO - Setting next_dagrun for example_branch_dop_operator_v3 to 2023-08-09T03:30:00+00:00, run_after=2023-08-09T03:31:00+00:00
[2023-08-09T03:31:50.749+0000] {processor.py:179} INFO - Processing /home/airflow/.local/lib/python3.7/site-packages/airflow/example_dags/example_branch_python_dop_operator_3.py took 0.116 seconds
[2023-08-09T03:32:20.948+0000] {processor.py:157} INFO - Started process (PID=2421) to work on /home/airflow/.local/lib/python3.7/site-packages/airflow/example_dags/example_branch_python_dop_operator_3.py
[2023-08-09T03:32:20.948+0000] {processor.py:826} INFO - Processing file /home/airflow/.local/lib/python3.7/site-packages/airflow/example_dags/example_branch_python_dop_operator_3.py for tasks to queue
[2023-08-09T03:32:20.949+0000] {logging_mixin.py:150} INFO - [2023-08-09T03:32:20.949+0000] {dagbag.py:541} INFO - Filling up the DagBag from /home/airflow/.local/lib/python3.7/site-packages/airflow/example_dags/example_branch_python_dop_operator_3.py
[2023-08-09T03:32:20.956+0000] {processor.py:836} INFO - DAG(s) dict_keys(['example_branch_dop_operator_v3']) retrieved from /home/airflow/.local/lib/python3.7/site-packages/airflow/example_dags/example_branch_python_dop_operator_3.py
[2023-08-09T03:32:20.978+0000] {logging_mixin.py:150} INFO - [2023-08-09T03:32:20.977+0000] {dag.py:2742} INFO - Sync 1 DAGs
[2023-08-09T03:32:21.005+0000] {logging_mixin.py:150} INFO - [2023-08-09T03:32:21.005+0000] {dag.py:3508} INFO - Setting next_dagrun for example_branch_dop_operator_v3 to 2023-08-09T03:31:00+00:00, run_after=2023-08-09T03:32:00+00:00
[2023-08-09T03:32:21.024+0000] {processor.py:179} INFO - Processing /home/airflow/.local/lib/python3.7/site-packages/airflow/example_dags/example_branch_python_dop_operator_3.py took 0.079 seconds
[2023-08-09T03:32:51.417+0000] {processor.py:157} INFO - Started process (PID=2482) to work on /home/airflow/.local/lib/python3.7/site-packages/airflow/example_dags/example_branch_python_dop_operator_3.py
[2023-08-09T03:32:51.424+0000] {processor.py:826} INFO - Processing file /home/airflow/.local/lib/python3.7/site-packages/airflow/example_dags/example_branch_python_dop_operator_3.py for tasks to queue
[2023-08-09T03:32:51.427+0000] {logging_mixin.py:150} INFO - [2023-08-09T03:32:51.424+0000] {dagbag.py:541} INFO - Filling up the DagBag from /home/airflow/.local/lib/python3.7/site-packages/airflow/example_dags/example_branch_python_dop_operator_3.py
[2023-08-09T03:32:51.438+0000] {processor.py:836} INFO - DAG(s) dict_keys(['example_branch_dop_operator_v3']) retrieved from /home/airflow/.local/lib/python3.7/site-packages/airflow/example_dags/example_branch_python_dop_operator_3.py
[2023-08-09T03:32:51.472+0000] {logging_mixin.py:150} INFO - [2023-08-09T03:32:51.472+0000] {dag.py:2742} INFO - Sync 1 DAGs
[2023-08-09T03:32:51.520+0000] {logging_mixin.py:150} INFO - [2023-08-09T03:32:51.519+0000] {dag.py:3508} INFO - Setting next_dagrun for example_branch_dop_operator_v3 to 2023-08-09T03:31:00+00:00, run_after=2023-08-09T03:32:00+00:00
[2023-08-09T03:32:51.564+0000] {processor.py:179} INFO - Processing /home/airflow/.local/lib/python3.7/site-packages/airflow/example_dags/example_branch_python_dop_operator_3.py took 0.151 seconds
[2023-08-09T03:33:22.368+0000] {processor.py:157} INFO - Started process (PID=2538) to work on /home/airflow/.local/lib/python3.7/site-packages/airflow/example_dags/example_branch_python_dop_operator_3.py
[2023-08-09T03:33:22.368+0000] {processor.py:826} INFO - Processing file /home/airflow/.local/lib/python3.7/site-packages/airflow/example_dags/example_branch_python_dop_operator_3.py for tasks to queue
[2023-08-09T03:33:22.369+0000] {logging_mixin.py:150} INFO - [2023-08-09T03:33:22.369+0000] {dagbag.py:541} INFO - Filling up the DagBag from /home/airflow/.local/lib/python3.7/site-packages/airflow/example_dags/example_branch_python_dop_operator_3.py
[2023-08-09T03:33:22.376+0000] {processor.py:836} INFO - DAG(s) dict_keys(['example_branch_dop_operator_v3']) retrieved from /home/airflow/.local/lib/python3.7/site-packages/airflow/example_dags/example_branch_python_dop_operator_3.py
[2023-08-09T03:33:22.405+0000] {logging_mixin.py:150} INFO - [2023-08-09T03:33:22.405+0000] {dag.py:2742} INFO - Sync 1 DAGs
[2023-08-09T03:33:22.438+0000] {logging_mixin.py:150} INFO - [2023-08-09T03:33:22.438+0000] {dag.py:3508} INFO - Setting next_dagrun for example_branch_dop_operator_v3 to 2023-08-09T03:32:00+00:00, run_after=2023-08-09T03:33:00+00:00
[2023-08-09T03:33:22.458+0000] {processor.py:179} INFO - Processing /home/airflow/.local/lib/python3.7/site-packages/airflow/example_dags/example_branch_python_dop_operator_3.py took 0.092 seconds
[2023-08-09T03:33:52.865+0000] {processor.py:157} INFO - Started process (PID=2594) to work on /home/airflow/.local/lib/python3.7/site-packages/airflow/example_dags/example_branch_python_dop_operator_3.py
[2023-08-09T03:33:52.865+0000] {processor.py:826} INFO - Processing file /home/airflow/.local/lib/python3.7/site-packages/airflow/example_dags/example_branch_python_dop_operator_3.py for tasks to queue
[2023-08-09T03:33:52.866+0000] {logging_mixin.py:150} INFO - [2023-08-09T03:33:52.866+0000] {dagbag.py:541} INFO - Filling up the DagBag from /home/airflow/.local/lib/python3.7/site-packages/airflow/example_dags/example_branch_python_dop_operator_3.py
[2023-08-09T03:33:52.878+0000] {processor.py:836} INFO - DAG(s) dict_keys(['example_branch_dop_operator_v3']) retrieved from /home/airflow/.local/lib/python3.7/site-packages/airflow/example_dags/example_branch_python_dop_operator_3.py
[2023-08-09T03:33:52.929+0000] {logging_mixin.py:150} INFO - [2023-08-09T03:33:52.929+0000] {dag.py:2742} INFO - Sync 1 DAGs
[2023-08-09T03:33:52.964+0000] {logging_mixin.py:150} INFO - [2023-08-09T03:33:52.964+0000] {dag.py:3508} INFO - Setting next_dagrun for example_branch_dop_operator_v3 to 2023-08-09T03:32:00+00:00, run_after=2023-08-09T03:33:00+00:00
[2023-08-09T03:33:52.980+0000] {processor.py:179} INFO - Processing /home/airflow/.local/lib/python3.7/site-packages/airflow/example_dags/example_branch_python_dop_operator_3.py took 0.118 seconds
[2023-08-09T03:34:23.035+0000] {processor.py:157} INFO - Started process (PID=2650) to work on /home/airflow/.local/lib/python3.7/site-packages/airflow/example_dags/example_branch_python_dop_operator_3.py
[2023-08-09T03:34:23.036+0000] {processor.py:826} INFO - Processing file /home/airflow/.local/lib/python3.7/site-packages/airflow/example_dags/example_branch_python_dop_operator_3.py for tasks to queue
[2023-08-09T03:34:23.036+0000] {logging_mixin.py:150} INFO - [2023-08-09T03:34:23.036+0000] {dagbag.py:541} INFO - Filling up the DagBag from /home/airflow/.local/lib/python3.7/site-packages/airflow/example_dags/example_branch_python_dop_operator_3.py
[2023-08-09T03:34:23.043+0000] {processor.py:836} INFO - DAG(s) dict_keys(['example_branch_dop_operator_v3']) retrieved from /home/airflow/.local/lib/python3.7/site-packages/airflow/example_dags/example_branch_python_dop_operator_3.py
[2023-08-09T03:34:23.066+0000] {logging_mixin.py:150} INFO - [2023-08-09T03:34:23.066+0000] {dag.py:2742} INFO - Sync 1 DAGs
[2023-08-09T03:34:23.096+0000] {logging_mixin.py:150} INFO - [2023-08-09T03:34:23.096+0000] {dag.py:3508} INFO - Setting next_dagrun for example_branch_dop_operator_v3 to 2023-08-09T03:33:00+00:00, run_after=2023-08-09T03:34:00+00:00
[2023-08-09T03:34:23.113+0000] {processor.py:179} INFO - Processing /home/airflow/.local/lib/python3.7/site-packages/airflow/example_dags/example_branch_python_dop_operator_3.py took 0.080 seconds
[2023-08-09T03:34:53.362+0000] {processor.py:157} INFO - Started process (PID=2704) to work on /home/airflow/.local/lib/python3.7/site-packages/airflow/example_dags/example_branch_python_dop_operator_3.py
[2023-08-09T03:34:53.363+0000] {processor.py:826} INFO - Processing file /home/airflow/.local/lib/python3.7/site-packages/airflow/example_dags/example_branch_python_dop_operator_3.py for tasks to queue
[2023-08-09T03:34:53.364+0000] {logging_mixin.py:150} INFO - [2023-08-09T03:34:53.363+0000] {dagbag.py:541} INFO - Filling up the DagBag from /home/airflow/.local/lib/python3.7/site-packages/airflow/example_dags/example_branch_python_dop_operator_3.py
[2023-08-09T03:34:53.371+0000] {processor.py:836} INFO - DAG(s) dict_keys(['example_branch_dop_operator_v3']) retrieved from /home/airflow/.local/lib/python3.7/site-packages/airflow/example_dags/example_branch_python_dop_operator_3.py
[2023-08-09T03:34:53.400+0000] {logging_mixin.py:150} INFO - [2023-08-09T03:34:53.400+0000] {dag.py:2742} INFO - Sync 1 DAGs
[2023-08-09T03:34:53.445+0000] {logging_mixin.py:150} INFO - [2023-08-09T03:34:53.445+0000] {dag.py:3508} INFO - Setting next_dagrun for example_branch_dop_operator_v3 to 2023-08-09T03:33:00+00:00, run_after=2023-08-09T03:34:00+00:00
[2023-08-09T03:34:53.468+0000] {processor.py:179} INFO - Processing /home/airflow/.local/lib/python3.7/site-packages/airflow/example_dags/example_branch_python_dop_operator_3.py took 0.108 seconds
[2023-08-09T03:35:24.622+0000] {processor.py:157} INFO - Started process (PID=2759) to work on /home/airflow/.local/lib/python3.7/site-packages/airflow/example_dags/example_branch_python_dop_operator_3.py
[2023-08-09T03:35:24.623+0000] {processor.py:826} INFO - Processing file /home/airflow/.local/lib/python3.7/site-packages/airflow/example_dags/example_branch_python_dop_operator_3.py for tasks to queue
[2023-08-09T03:35:24.624+0000] {logging_mixin.py:150} INFO - [2023-08-09T03:35:24.624+0000] {dagbag.py:541} INFO - Filling up the DagBag from /home/airflow/.local/lib/python3.7/site-packages/airflow/example_dags/example_branch_python_dop_operator_3.py
[2023-08-09T03:35:24.633+0000] {processor.py:836} INFO - DAG(s) dict_keys(['example_branch_dop_operator_v3']) retrieved from /home/airflow/.local/lib/python3.7/site-packages/airflow/example_dags/example_branch_python_dop_operator_3.py
[2023-08-09T03:35:24.657+0000] {logging_mixin.py:150} INFO - [2023-08-09T03:35:24.657+0000] {dag.py:2742} INFO - Sync 1 DAGs
[2023-08-09T03:35:24.687+0000] {logging_mixin.py:150} INFO - [2023-08-09T03:35:24.687+0000] {dag.py:3508} INFO - Setting next_dagrun for example_branch_dop_operator_v3 to 2023-08-09T03:34:00+00:00, run_after=2023-08-09T03:35:00+00:00
[2023-08-09T03:35:24.707+0000] {processor.py:179} INFO - Processing /home/airflow/.local/lib/python3.7/site-packages/airflow/example_dags/example_branch_python_dop_operator_3.py took 0.088 seconds
[2023-08-09T03:35:54.812+0000] {processor.py:157} INFO - Started process (PID=2814) to work on /home/airflow/.local/lib/python3.7/site-packages/airflow/example_dags/example_branch_python_dop_operator_3.py
[2023-08-09T03:35:54.813+0000] {processor.py:826} INFO - Processing file /home/airflow/.local/lib/python3.7/site-packages/airflow/example_dags/example_branch_python_dop_operator_3.py for tasks to queue
[2023-08-09T03:35:54.814+0000] {logging_mixin.py:150} INFO - [2023-08-09T03:35:54.814+0000] {dagbag.py:541} INFO - Filling up the DagBag from /home/airflow/.local/lib/python3.7/site-packages/airflow/example_dags/example_branch_python_dop_operator_3.py
[2023-08-09T03:35:54.825+0000] {processor.py:836} INFO - DAG(s) dict_keys(['example_branch_dop_operator_v3']) retrieved from /home/airflow/.local/lib/python3.7/site-packages/airflow/example_dags/example_branch_python_dop_operator_3.py
[2023-08-09T03:35:54.858+0000] {logging_mixin.py:150} INFO - [2023-08-09T03:35:54.857+0000] {dag.py:2742} INFO - Sync 1 DAGs
[2023-08-09T03:35:54.895+0000] {logging_mixin.py:150} INFO - [2023-08-09T03:35:54.895+0000] {dag.py:3508} INFO - Setting next_dagrun for example_branch_dop_operator_v3 to 2023-08-09T03:34:00+00:00, run_after=2023-08-09T03:35:00+00:00
[2023-08-09T03:35:54.912+0000] {processor.py:179} INFO - Processing /home/airflow/.local/lib/python3.7/site-packages/airflow/example_dags/example_branch_python_dop_operator_3.py took 0.104 seconds
[2023-08-09T03:36:25.260+0000] {processor.py:157} INFO - Started process (PID=2869) to work on /home/airflow/.local/lib/python3.7/site-packages/airflow/example_dags/example_branch_python_dop_operator_3.py
[2023-08-09T03:36:25.261+0000] {processor.py:826} INFO - Processing file /home/airflow/.local/lib/python3.7/site-packages/airflow/example_dags/example_branch_python_dop_operator_3.py for tasks to queue
[2023-08-09T03:36:25.262+0000] {logging_mixin.py:150} INFO - [2023-08-09T03:36:25.262+0000] {dagbag.py:541} INFO - Filling up the DagBag from /home/airflow/.local/lib/python3.7/site-packages/airflow/example_dags/example_branch_python_dop_operator_3.py
[2023-08-09T03:36:25.271+0000] {processor.py:836} INFO - DAG(s) dict_keys(['example_branch_dop_operator_v3']) retrieved from /home/airflow/.local/lib/python3.7/site-packages/airflow/example_dags/example_branch_python_dop_operator_3.py
[2023-08-09T03:36:25.295+0000] {logging_mixin.py:150} INFO - [2023-08-09T03:36:25.295+0000] {dag.py:2742} INFO - Sync 1 DAGs
[2023-08-09T03:36:25.331+0000] {logging_mixin.py:150} INFO - [2023-08-09T03:36:25.331+0000] {dag.py:3508} INFO - Setting next_dagrun for example_branch_dop_operator_v3 to 2023-08-09T03:35:00+00:00, run_after=2023-08-09T03:36:00+00:00
[2023-08-09T03:36:25.358+0000] {processor.py:179} INFO - Processing /home/airflow/.local/lib/python3.7/site-packages/airflow/example_dags/example_branch_python_dop_operator_3.py took 0.102 seconds
