[2023-08-09T03:10:31.560+0000] {processor.py:157} INFO - Started process (PID=46) to work on /home/airflow/.local/lib/python3.7/site-packages/airflow/example_dags/example_dag_decorator.py
[2023-08-09T03:10:31.561+0000] {processor.py:826} INFO - Processing file /home/airflow/.local/lib/python3.7/site-packages/airflow/example_dags/example_dag_decorator.py for tasks to queue
[2023-08-09T03:10:31.563+0000] {logging_mixin.py:150} INFO - [2023-08-09T03:10:31.563+0000] {dagbag.py:541} INFO - Filling up the DagBag from /home/airflow/.local/lib/python3.7/site-packages/airflow/example_dags/example_dag_decorator.py
[2023-08-09T03:10:31.578+0000] {processor.py:836} INFO - DAG(s) dict_keys(['example_dag_decorator']) retrieved from /home/airflow/.local/lib/python3.7/site-packages/airflow/example_dags/example_dag_decorator.py
[2023-08-09T03:10:31.754+0000] {logging_mixin.py:150} INFO - [2023-08-09T03:10:31.754+0000] {dag.py:2742} INFO - Sync 1 DAGs
[2023-08-09T03:10:31.790+0000] {logging_mixin.py:150} INFO - [2023-08-09T03:10:31.790+0000] {dag.py:3508} INFO - Setting next_dagrun for example_dag_decorator to None, run_after=None
[2023-08-09T03:10:31.832+0000] {processor.py:179} INFO - Processing /home/airflow/.local/lib/python3.7/site-packages/airflow/example_dags/example_dag_decorator.py took 0.276 seconds
[2023-08-09T03:11:01.940+0000] {processor.py:157} INFO - Started process (PID=101) to work on /home/airflow/.local/lib/python3.7/site-packages/airflow/example_dags/example_dag_decorator.py
[2023-08-09T03:11:01.941+0000] {processor.py:826} INFO - Processing file /home/airflow/.local/lib/python3.7/site-packages/airflow/example_dags/example_dag_decorator.py for tasks to queue
[2023-08-09T03:11:01.943+0000] {logging_mixin.py:150} INFO - [2023-08-09T03:11:01.943+0000] {dagbag.py:541} INFO - Filling up the DagBag from /home/airflow/.local/lib/python3.7/site-packages/airflow/example_dags/example_dag_decorator.py
[2023-08-09T03:11:01.957+0000] {processor.py:836} INFO - DAG(s) dict_keys(['example_dag_decorator']) retrieved from /home/airflow/.local/lib/python3.7/site-packages/airflow/example_dags/example_dag_decorator.py
[2023-08-09T03:11:02.105+0000] {logging_mixin.py:150} INFO - [2023-08-09T03:11:02.105+0000] {dag.py:2742} INFO - Sync 1 DAGs
[2023-08-09T03:11:02.131+0000] {logging_mixin.py:150} INFO - [2023-08-09T03:11:02.131+0000] {dag.py:3508} INFO - Setting next_dagrun for example_dag_decorator to None, run_after=None
[2023-08-09T03:11:02.152+0000] {processor.py:179} INFO - Processing /home/airflow/.local/lib/python3.7/site-packages/airflow/example_dags/example_dag_decorator.py took 0.215 seconds
[2023-08-09T03:11:32.341+0000] {processor.py:157} INFO - Started process (PID=156) to work on /home/airflow/.local/lib/python3.7/site-packages/airflow/example_dags/example_dag_decorator.py
[2023-08-09T03:11:32.342+0000] {processor.py:826} INFO - Processing file /home/airflow/.local/lib/python3.7/site-packages/airflow/example_dags/example_dag_decorator.py for tasks to queue
[2023-08-09T03:11:32.344+0000] {logging_mixin.py:150} INFO - [2023-08-09T03:11:32.343+0000] {dagbag.py:541} INFO - Filling up the DagBag from /home/airflow/.local/lib/python3.7/site-packages/airflow/example_dags/example_dag_decorator.py
[2023-08-09T03:11:32.355+0000] {processor.py:836} INFO - DAG(s) dict_keys(['example_dag_decorator']) retrieved from /home/airflow/.local/lib/python3.7/site-packages/airflow/example_dags/example_dag_decorator.py
[2023-08-09T03:11:32.482+0000] {logging_mixin.py:150} INFO - [2023-08-09T03:11:32.481+0000] {dag.py:2742} INFO - Sync 1 DAGs
[2023-08-09T03:11:32.505+0000] {logging_mixin.py:150} INFO - [2023-08-09T03:11:32.505+0000] {dag.py:3508} INFO - Setting next_dagrun for example_dag_decorator to None, run_after=None
[2023-08-09T03:11:32.523+0000] {processor.py:179} INFO - Processing /home/airflow/.local/lib/python3.7/site-packages/airflow/example_dags/example_dag_decorator.py took 0.185 seconds
[2023-08-09T03:12:03.055+0000] {processor.py:157} INFO - Started process (PID=212) to work on /home/airflow/.local/lib/python3.7/site-packages/airflow/example_dags/example_dag_decorator.py
[2023-08-09T03:12:03.056+0000] {processor.py:826} INFO - Processing file /home/airflow/.local/lib/python3.7/site-packages/airflow/example_dags/example_dag_decorator.py for tasks to queue
[2023-08-09T03:12:03.057+0000] {logging_mixin.py:150} INFO - [2023-08-09T03:12:03.057+0000] {dagbag.py:541} INFO - Filling up the DagBag from /home/airflow/.local/lib/python3.7/site-packages/airflow/example_dags/example_dag_decorator.py
[2023-08-09T03:12:03.069+0000] {processor.py:836} INFO - DAG(s) dict_keys(['example_dag_decorator']) retrieved from /home/airflow/.local/lib/python3.7/site-packages/airflow/example_dags/example_dag_decorator.py
[2023-08-09T03:12:03.182+0000] {logging_mixin.py:150} INFO - [2023-08-09T03:12:03.182+0000] {dag.py:2742} INFO - Sync 1 DAGs
[2023-08-09T03:12:03.206+0000] {logging_mixin.py:150} INFO - [2023-08-09T03:12:03.206+0000] {dag.py:3508} INFO - Setting next_dagrun for example_dag_decorator to None, run_after=None
[2023-08-09T03:12:03.226+0000] {processor.py:179} INFO - Processing /home/airflow/.local/lib/python3.7/site-packages/airflow/example_dags/example_dag_decorator.py took 0.173 seconds
[2023-08-09T03:12:33.293+0000] {processor.py:157} INFO - Started process (PID=267) to work on /home/airflow/.local/lib/python3.7/site-packages/airflow/example_dags/example_dag_decorator.py
[2023-08-09T03:12:33.294+0000] {processor.py:826} INFO - Processing file /home/airflow/.local/lib/python3.7/site-packages/airflow/example_dags/example_dag_decorator.py for tasks to queue
[2023-08-09T03:12:33.296+0000] {logging_mixin.py:150} INFO - [2023-08-09T03:12:33.296+0000] {dagbag.py:541} INFO - Filling up the DagBag from /home/airflow/.local/lib/python3.7/site-packages/airflow/example_dags/example_dag_decorator.py
[2023-08-09T03:12:33.312+0000] {processor.py:836} INFO - DAG(s) dict_keys(['example_dag_decorator']) retrieved from /home/airflow/.local/lib/python3.7/site-packages/airflow/example_dags/example_dag_decorator.py
[2023-08-09T03:12:33.420+0000] {logging_mixin.py:150} INFO - [2023-08-09T03:12:33.420+0000] {dag.py:2742} INFO - Sync 1 DAGs
[2023-08-09T03:12:33.442+0000] {logging_mixin.py:150} INFO - [2023-08-09T03:12:33.442+0000] {dag.py:3508} INFO - Setting next_dagrun for example_dag_decorator to None, run_after=None
[2023-08-09T03:12:33.463+0000] {processor.py:179} INFO - Processing /home/airflow/.local/lib/python3.7/site-packages/airflow/example_dags/example_dag_decorator.py took 0.174 seconds
[2023-08-09T03:13:03.632+0000] {processor.py:157} INFO - Started process (PID=322) to work on /home/airflow/.local/lib/python3.7/site-packages/airflow/example_dags/example_dag_decorator.py
[2023-08-09T03:13:03.633+0000] {processor.py:826} INFO - Processing file /home/airflow/.local/lib/python3.7/site-packages/airflow/example_dags/example_dag_decorator.py for tasks to queue
[2023-08-09T03:13:03.635+0000] {logging_mixin.py:150} INFO - [2023-08-09T03:13:03.634+0000] {dagbag.py:541} INFO - Filling up the DagBag from /home/airflow/.local/lib/python3.7/site-packages/airflow/example_dags/example_dag_decorator.py
[2023-08-09T03:13:03.646+0000] {processor.py:836} INFO - DAG(s) dict_keys(['example_dag_decorator']) retrieved from /home/airflow/.local/lib/python3.7/site-packages/airflow/example_dags/example_dag_decorator.py
[2023-08-09T03:13:03.818+0000] {logging_mixin.py:150} INFO - [2023-08-09T03:13:03.817+0000] {dag.py:2742} INFO - Sync 1 DAGs
[2023-08-09T03:13:03.853+0000] {logging_mixin.py:150} INFO - [2023-08-09T03:13:03.853+0000] {dag.py:3508} INFO - Setting next_dagrun for example_dag_decorator to None, run_after=None
[2023-08-09T03:13:03.880+0000] {processor.py:179} INFO - Processing /home/airflow/.local/lib/python3.7/site-packages/airflow/example_dags/example_dag_decorator.py took 0.251 seconds
[2023-08-09T03:13:34.674+0000] {processor.py:157} INFO - Started process (PID=377) to work on /home/airflow/.local/lib/python3.7/site-packages/airflow/example_dags/example_dag_decorator.py
[2023-08-09T03:13:34.675+0000] {processor.py:826} INFO - Processing file /home/airflow/.local/lib/python3.7/site-packages/airflow/example_dags/example_dag_decorator.py for tasks to queue
[2023-08-09T03:13:34.677+0000] {logging_mixin.py:150} INFO - [2023-08-09T03:13:34.677+0000] {dagbag.py:541} INFO - Filling up the DagBag from /home/airflow/.local/lib/python3.7/site-packages/airflow/example_dags/example_dag_decorator.py
[2023-08-09T03:13:34.690+0000] {processor.py:836} INFO - DAG(s) dict_keys(['example_dag_decorator']) retrieved from /home/airflow/.local/lib/python3.7/site-packages/airflow/example_dags/example_dag_decorator.py
[2023-08-09T03:13:34.797+0000] {logging_mixin.py:150} INFO - [2023-08-09T03:13:34.797+0000] {dag.py:2742} INFO - Sync 1 DAGs
[2023-08-09T03:13:34.818+0000] {logging_mixin.py:150} INFO - [2023-08-09T03:13:34.818+0000] {dag.py:3508} INFO - Setting next_dagrun for example_dag_decorator to None, run_after=None
[2023-08-09T03:13:34.837+0000] {processor.py:179} INFO - Processing /home/airflow/.local/lib/python3.7/site-packages/airflow/example_dags/example_dag_decorator.py took 0.168 seconds
[2023-08-09T03:14:05.009+0000] {processor.py:157} INFO - Started process (PID=432) to work on /home/airflow/.local/lib/python3.7/site-packages/airflow/example_dags/example_dag_decorator.py
[2023-08-09T03:14:05.010+0000] {processor.py:826} INFO - Processing file /home/airflow/.local/lib/python3.7/site-packages/airflow/example_dags/example_dag_decorator.py for tasks to queue
[2023-08-09T03:14:05.012+0000] {logging_mixin.py:150} INFO - [2023-08-09T03:14:05.011+0000] {dagbag.py:541} INFO - Filling up the DagBag from /home/airflow/.local/lib/python3.7/site-packages/airflow/example_dags/example_dag_decorator.py
[2023-08-09T03:14:05.024+0000] {processor.py:836} INFO - DAG(s) dict_keys(['example_dag_decorator']) retrieved from /home/airflow/.local/lib/python3.7/site-packages/airflow/example_dags/example_dag_decorator.py
[2023-08-09T03:14:05.177+0000] {logging_mixin.py:150} INFO - [2023-08-09T03:14:05.176+0000] {dag.py:2742} INFO - Sync 1 DAGs
[2023-08-09T03:14:05.199+0000] {logging_mixin.py:150} INFO - [2023-08-09T03:14:05.199+0000] {dag.py:3508} INFO - Setting next_dagrun for example_dag_decorator to None, run_after=None
[2023-08-09T03:14:05.218+0000] {processor.py:179} INFO - Processing /home/airflow/.local/lib/python3.7/site-packages/airflow/example_dags/example_dag_decorator.py took 0.213 seconds
[2023-08-09T03:14:35.319+0000] {processor.py:157} INFO - Started process (PID=488) to work on /home/airflow/.local/lib/python3.7/site-packages/airflow/example_dags/example_dag_decorator.py
[2023-08-09T03:14:35.320+0000] {processor.py:826} INFO - Processing file /home/airflow/.local/lib/python3.7/site-packages/airflow/example_dags/example_dag_decorator.py for tasks to queue
[2023-08-09T03:14:35.321+0000] {logging_mixin.py:150} INFO - [2023-08-09T03:14:35.321+0000] {dagbag.py:541} INFO - Filling up the DagBag from /home/airflow/.local/lib/python3.7/site-packages/airflow/example_dags/example_dag_decorator.py
[2023-08-09T03:14:35.335+0000] {processor.py:836} INFO - DAG(s) dict_keys(['example_dag_decorator']) retrieved from /home/airflow/.local/lib/python3.7/site-packages/airflow/example_dags/example_dag_decorator.py
[2023-08-09T03:14:35.462+0000] {logging_mixin.py:150} INFO - [2023-08-09T03:14:35.462+0000] {dag.py:2742} INFO - Sync 1 DAGs
[2023-08-09T03:14:35.485+0000] {logging_mixin.py:150} INFO - [2023-08-09T03:14:35.484+0000] {dag.py:3508} INFO - Setting next_dagrun for example_dag_decorator to None, run_after=None
[2023-08-09T03:14:35.503+0000] {processor.py:179} INFO - Processing /home/airflow/.local/lib/python3.7/site-packages/airflow/example_dags/example_dag_decorator.py took 0.186 seconds
[2023-08-09T03:15:05.706+0000] {processor.py:157} INFO - Started process (PID=543) to work on /home/airflow/.local/lib/python3.7/site-packages/airflow/example_dags/example_dag_decorator.py
[2023-08-09T03:15:05.707+0000] {processor.py:826} INFO - Processing file /home/airflow/.local/lib/python3.7/site-packages/airflow/example_dags/example_dag_decorator.py for tasks to queue
[2023-08-09T03:15:05.709+0000] {logging_mixin.py:150} INFO - [2023-08-09T03:15:05.709+0000] {dagbag.py:541} INFO - Filling up the DagBag from /home/airflow/.local/lib/python3.7/site-packages/airflow/example_dags/example_dag_decorator.py
[2023-08-09T03:15:05.729+0000] {processor.py:836} INFO - DAG(s) dict_keys(['example_dag_decorator']) retrieved from /home/airflow/.local/lib/python3.7/site-packages/airflow/example_dags/example_dag_decorator.py
[2023-08-09T03:15:05.887+0000] {logging_mixin.py:150} INFO - [2023-08-09T03:15:05.887+0000] {dag.py:2742} INFO - Sync 1 DAGs
[2023-08-09T03:15:05.908+0000] {logging_mixin.py:150} INFO - [2023-08-09T03:15:05.908+0000] {dag.py:3508} INFO - Setting next_dagrun for example_dag_decorator to None, run_after=None
[2023-08-09T03:15:05.925+0000] {processor.py:179} INFO - Processing /home/airflow/.local/lib/python3.7/site-packages/airflow/example_dags/example_dag_decorator.py took 0.222 seconds
[2023-08-09T03:15:36.031+0000] {processor.py:157} INFO - Started process (PID=598) to work on /home/airflow/.local/lib/python3.7/site-packages/airflow/example_dags/example_dag_decorator.py
[2023-08-09T03:15:36.031+0000] {processor.py:826} INFO - Processing file /home/airflow/.local/lib/python3.7/site-packages/airflow/example_dags/example_dag_decorator.py for tasks to queue
[2023-08-09T03:15:36.033+0000] {logging_mixin.py:150} INFO - [2023-08-09T03:15:36.033+0000] {dagbag.py:541} INFO - Filling up the DagBag from /home/airflow/.local/lib/python3.7/site-packages/airflow/example_dags/example_dag_decorator.py
[2023-08-09T03:15:36.050+0000] {processor.py:836} INFO - DAG(s) dict_keys(['example_dag_decorator']) retrieved from /home/airflow/.local/lib/python3.7/site-packages/airflow/example_dags/example_dag_decorator.py
[2023-08-09T03:15:36.178+0000] {logging_mixin.py:150} INFO - [2023-08-09T03:15:36.178+0000] {dag.py:2742} INFO - Sync 1 DAGs
[2023-08-09T03:15:36.201+0000] {logging_mixin.py:150} INFO - [2023-08-09T03:15:36.201+0000] {dag.py:3508} INFO - Setting next_dagrun for example_dag_decorator to None, run_after=None
[2023-08-09T03:15:36.219+0000] {processor.py:179} INFO - Processing /home/airflow/.local/lib/python3.7/site-packages/airflow/example_dags/example_dag_decorator.py took 0.192 seconds
[2023-08-09T03:16:07.120+0000] {processor.py:157} INFO - Started process (PID=653) to work on /home/airflow/.local/lib/python3.7/site-packages/airflow/example_dags/example_dag_decorator.py
[2023-08-09T03:16:07.121+0000] {processor.py:826} INFO - Processing file /home/airflow/.local/lib/python3.7/site-packages/airflow/example_dags/example_dag_decorator.py for tasks to queue
[2023-08-09T03:16:07.123+0000] {logging_mixin.py:150} INFO - [2023-08-09T03:16:07.122+0000] {dagbag.py:541} INFO - Filling up the DagBag from /home/airflow/.local/lib/python3.7/site-packages/airflow/example_dags/example_dag_decorator.py
[2023-08-09T03:16:07.136+0000] {processor.py:836} INFO - DAG(s) dict_keys(['example_dag_decorator']) retrieved from /home/airflow/.local/lib/python3.7/site-packages/airflow/example_dags/example_dag_decorator.py
[2023-08-09T03:16:07.263+0000] {logging_mixin.py:150} INFO - [2023-08-09T03:16:07.262+0000] {dag.py:2742} INFO - Sync 1 DAGs
[2023-08-09T03:16:07.299+0000] {logging_mixin.py:150} INFO - [2023-08-09T03:16:07.298+0000] {dag.py:3508} INFO - Setting next_dagrun for example_dag_decorator to None, run_after=None
[2023-08-09T03:16:07.319+0000] {processor.py:179} INFO - Processing /home/airflow/.local/lib/python3.7/site-packages/airflow/example_dags/example_dag_decorator.py took 0.203 seconds
[2023-08-09T03:16:37.450+0000] {processor.py:157} INFO - Started process (PID=708) to work on /home/airflow/.local/lib/python3.7/site-packages/airflow/example_dags/example_dag_decorator.py
[2023-08-09T03:16:37.451+0000] {processor.py:826} INFO - Processing file /home/airflow/.local/lib/python3.7/site-packages/airflow/example_dags/example_dag_decorator.py for tasks to queue
[2023-08-09T03:16:37.453+0000] {logging_mixin.py:150} INFO - [2023-08-09T03:16:37.452+0000] {dagbag.py:541} INFO - Filling up the DagBag from /home/airflow/.local/lib/python3.7/site-packages/airflow/example_dags/example_dag_decorator.py
[2023-08-09T03:16:37.465+0000] {processor.py:836} INFO - DAG(s) dict_keys(['example_dag_decorator']) retrieved from /home/airflow/.local/lib/python3.7/site-packages/airflow/example_dags/example_dag_decorator.py
[2023-08-09T03:16:37.580+0000] {logging_mixin.py:150} INFO - [2023-08-09T03:16:37.579+0000] {dag.py:2742} INFO - Sync 1 DAGs
[2023-08-09T03:16:37.604+0000] {logging_mixin.py:150} INFO - [2023-08-09T03:16:37.604+0000] {dag.py:3508} INFO - Setting next_dagrun for example_dag_decorator to None, run_after=None
[2023-08-09T03:16:37.622+0000] {processor.py:179} INFO - Processing /home/airflow/.local/lib/python3.7/site-packages/airflow/example_dags/example_dag_decorator.py took 0.174 seconds
[2023-08-09T03:17:07.742+0000] {processor.py:157} INFO - Started process (PID=763) to work on /home/airflow/.local/lib/python3.7/site-packages/airflow/example_dags/example_dag_decorator.py
[2023-08-09T03:17:07.742+0000] {processor.py:826} INFO - Processing file /home/airflow/.local/lib/python3.7/site-packages/airflow/example_dags/example_dag_decorator.py for tasks to queue
[2023-08-09T03:17:07.744+0000] {logging_mixin.py:150} INFO - [2023-08-09T03:17:07.744+0000] {dagbag.py:541} INFO - Filling up the DagBag from /home/airflow/.local/lib/python3.7/site-packages/airflow/example_dags/example_dag_decorator.py
[2023-08-09T03:17:07.758+0000] {processor.py:836} INFO - DAG(s) dict_keys(['example_dag_decorator']) retrieved from /home/airflow/.local/lib/python3.7/site-packages/airflow/example_dags/example_dag_decorator.py
[2023-08-09T03:17:07.890+0000] {logging_mixin.py:150} INFO - [2023-08-09T03:17:07.889+0000] {dag.py:2742} INFO - Sync 1 DAGs
[2023-08-09T03:17:07.910+0000] {logging_mixin.py:150} INFO - [2023-08-09T03:17:07.910+0000] {dag.py:3508} INFO - Setting next_dagrun for example_dag_decorator to None, run_after=None
[2023-08-09T03:17:07.928+0000] {processor.py:179} INFO - Processing /home/airflow/.local/lib/python3.7/site-packages/airflow/example_dags/example_dag_decorator.py took 0.189 seconds
[2023-08-09T03:17:38.139+0000] {processor.py:157} INFO - Started process (PID=818) to work on /home/airflow/.local/lib/python3.7/site-packages/airflow/example_dags/example_dag_decorator.py
[2023-08-09T03:17:38.140+0000] {processor.py:826} INFO - Processing file /home/airflow/.local/lib/python3.7/site-packages/airflow/example_dags/example_dag_decorator.py for tasks to queue
[2023-08-09T03:17:38.142+0000] {logging_mixin.py:150} INFO - [2023-08-09T03:17:38.141+0000] {dagbag.py:541} INFO - Filling up the DagBag from /home/airflow/.local/lib/python3.7/site-packages/airflow/example_dags/example_dag_decorator.py
[2023-08-09T03:17:38.153+0000] {processor.py:836} INFO - DAG(s) dict_keys(['example_dag_decorator']) retrieved from /home/airflow/.local/lib/python3.7/site-packages/airflow/example_dags/example_dag_decorator.py
[2023-08-09T03:17:38.261+0000] {logging_mixin.py:150} INFO - [2023-08-09T03:17:38.260+0000] {dag.py:2742} INFO - Sync 1 DAGs
[2023-08-09T03:17:38.282+0000] {logging_mixin.py:150} INFO - [2023-08-09T03:17:38.282+0000] {dag.py:3508} INFO - Setting next_dagrun for example_dag_decorator to None, run_after=None
[2023-08-09T03:17:38.299+0000] {processor.py:179} INFO - Processing /home/airflow/.local/lib/python3.7/site-packages/airflow/example_dags/example_dag_decorator.py took 0.162 seconds
[2023-08-09T03:18:08.418+0000] {processor.py:157} INFO - Started process (PID=873) to work on /home/airflow/.local/lib/python3.7/site-packages/airflow/example_dags/example_dag_decorator.py
[2023-08-09T03:18:08.420+0000] {processor.py:826} INFO - Processing file /home/airflow/.local/lib/python3.7/site-packages/airflow/example_dags/example_dag_decorator.py for tasks to queue
[2023-08-09T03:18:08.422+0000] {logging_mixin.py:150} INFO - [2023-08-09T03:18:08.422+0000] {dagbag.py:541} INFO - Filling up the DagBag from /home/airflow/.local/lib/python3.7/site-packages/airflow/example_dags/example_dag_decorator.py
[2023-08-09T03:18:08.437+0000] {processor.py:836} INFO - DAG(s) dict_keys(['example_dag_decorator']) retrieved from /home/airflow/.local/lib/python3.7/site-packages/airflow/example_dags/example_dag_decorator.py
[2023-08-09T03:18:08.552+0000] {logging_mixin.py:150} INFO - [2023-08-09T03:18:08.551+0000] {dag.py:2742} INFO - Sync 1 DAGs
[2023-08-09T03:18:08.573+0000] {logging_mixin.py:150} INFO - [2023-08-09T03:18:08.573+0000] {dag.py:3508} INFO - Setting next_dagrun for example_dag_decorator to None, run_after=None
[2023-08-09T03:18:08.590+0000] {processor.py:179} INFO - Processing /home/airflow/.local/lib/python3.7/site-packages/airflow/example_dags/example_dag_decorator.py took 0.175 seconds
[2023-08-09T03:18:38.825+0000] {processor.py:157} INFO - Started process (PID=928) to work on /home/airflow/.local/lib/python3.7/site-packages/airflow/example_dags/example_dag_decorator.py
[2023-08-09T03:18:38.826+0000] {processor.py:826} INFO - Processing file /home/airflow/.local/lib/python3.7/site-packages/airflow/example_dags/example_dag_decorator.py for tasks to queue
[2023-08-09T03:18:38.827+0000] {logging_mixin.py:150} INFO - [2023-08-09T03:18:38.827+0000] {dagbag.py:541} INFO - Filling up the DagBag from /home/airflow/.local/lib/python3.7/site-packages/airflow/example_dags/example_dag_decorator.py
[2023-08-09T03:18:38.840+0000] {processor.py:836} INFO - DAG(s) dict_keys(['example_dag_decorator']) retrieved from /home/airflow/.local/lib/python3.7/site-packages/airflow/example_dags/example_dag_decorator.py
[2023-08-09T03:18:38.977+0000] {logging_mixin.py:150} INFO - [2023-08-09T03:18:38.976+0000] {dag.py:2742} INFO - Sync 1 DAGs
[2023-08-09T03:18:38.998+0000] {logging_mixin.py:150} INFO - [2023-08-09T03:18:38.998+0000] {dag.py:3508} INFO - Setting next_dagrun for example_dag_decorator to None, run_after=None
[2023-08-09T03:18:39.015+0000] {processor.py:179} INFO - Processing /home/airflow/.local/lib/python3.7/site-packages/airflow/example_dags/example_dag_decorator.py took 0.192 seconds
[2023-08-09T03:19:09.296+0000] {processor.py:157} INFO - Started process (PID=983) to work on /home/airflow/.local/lib/python3.7/site-packages/airflow/example_dags/example_dag_decorator.py
[2023-08-09T03:19:09.297+0000] {processor.py:826} INFO - Processing file /home/airflow/.local/lib/python3.7/site-packages/airflow/example_dags/example_dag_decorator.py for tasks to queue
[2023-08-09T03:19:09.299+0000] {logging_mixin.py:150} INFO - [2023-08-09T03:19:09.299+0000] {dagbag.py:541} INFO - Filling up the DagBag from /home/airflow/.local/lib/python3.7/site-packages/airflow/example_dags/example_dag_decorator.py
[2023-08-09T03:19:09.312+0000] {processor.py:836} INFO - DAG(s) dict_keys(['example_dag_decorator']) retrieved from /home/airflow/.local/lib/python3.7/site-packages/airflow/example_dags/example_dag_decorator.py
[2023-08-09T03:19:09.437+0000] {logging_mixin.py:150} INFO - [2023-08-09T03:19:09.437+0000] {dag.py:2742} INFO - Sync 1 DAGs
[2023-08-09T03:19:09.457+0000] {logging_mixin.py:150} INFO - [2023-08-09T03:19:09.457+0000] {dag.py:3508} INFO - Setting next_dagrun for example_dag_decorator to None, run_after=None
[2023-08-09T03:19:09.476+0000] {processor.py:179} INFO - Processing /home/airflow/.local/lib/python3.7/site-packages/airflow/example_dags/example_dag_decorator.py took 0.182 seconds
[2023-08-09T03:19:39.572+0000] {processor.py:157} INFO - Started process (PID=1038) to work on /home/airflow/.local/lib/python3.7/site-packages/airflow/example_dags/example_dag_decorator.py
[2023-08-09T03:19:39.573+0000] {processor.py:826} INFO - Processing file /home/airflow/.local/lib/python3.7/site-packages/airflow/example_dags/example_dag_decorator.py for tasks to queue
[2023-08-09T03:19:39.574+0000] {logging_mixin.py:150} INFO - [2023-08-09T03:19:39.574+0000] {dagbag.py:541} INFO - Filling up the DagBag from /home/airflow/.local/lib/python3.7/site-packages/airflow/example_dags/example_dag_decorator.py
[2023-08-09T03:19:39.585+0000] {processor.py:836} INFO - DAG(s) dict_keys(['example_dag_decorator']) retrieved from /home/airflow/.local/lib/python3.7/site-packages/airflow/example_dags/example_dag_decorator.py
[2023-08-09T03:19:39.712+0000] {logging_mixin.py:150} INFO - [2023-08-09T03:19:39.711+0000] {dag.py:2742} INFO - Sync 1 DAGs
[2023-08-09T03:19:39.732+0000] {logging_mixin.py:150} INFO - [2023-08-09T03:19:39.732+0000] {dag.py:3508} INFO - Setting next_dagrun for example_dag_decorator to None, run_after=None
[2023-08-09T03:19:39.750+0000] {processor.py:179} INFO - Processing /home/airflow/.local/lib/python3.7/site-packages/airflow/example_dags/example_dag_decorator.py took 0.180 seconds
[2023-08-09T03:20:10.642+0000] {processor.py:157} INFO - Started process (PID=1093) to work on /home/airflow/.local/lib/python3.7/site-packages/airflow/example_dags/example_dag_decorator.py
[2023-08-09T03:20:10.643+0000] {processor.py:826} INFO - Processing file /home/airflow/.local/lib/python3.7/site-packages/airflow/example_dags/example_dag_decorator.py for tasks to queue
[2023-08-09T03:20:10.645+0000] {logging_mixin.py:150} INFO - [2023-08-09T03:20:10.645+0000] {dagbag.py:541} INFO - Filling up the DagBag from /home/airflow/.local/lib/python3.7/site-packages/airflow/example_dags/example_dag_decorator.py
[2023-08-09T03:20:10.656+0000] {processor.py:836} INFO - DAG(s) dict_keys(['example_dag_decorator']) retrieved from /home/airflow/.local/lib/python3.7/site-packages/airflow/example_dags/example_dag_decorator.py
[2023-08-09T03:20:10.794+0000] {logging_mixin.py:150} INFO - [2023-08-09T03:20:10.793+0000] {dag.py:2742} INFO - Sync 1 DAGs
[2023-08-09T03:20:10.816+0000] {logging_mixin.py:150} INFO - [2023-08-09T03:20:10.816+0000] {dag.py:3508} INFO - Setting next_dagrun for example_dag_decorator to None, run_after=None
[2023-08-09T03:20:10.836+0000] {processor.py:179} INFO - Processing /home/airflow/.local/lib/python3.7/site-packages/airflow/example_dags/example_dag_decorator.py took 0.197 seconds
[2023-08-09T03:20:41.490+0000] {processor.py:157} INFO - Started process (PID=1148) to work on /home/airflow/.local/lib/python3.7/site-packages/airflow/example_dags/example_dag_decorator.py
[2023-08-09T03:20:41.491+0000] {processor.py:826} INFO - Processing file /home/airflow/.local/lib/python3.7/site-packages/airflow/example_dags/example_dag_decorator.py for tasks to queue
[2023-08-09T03:20:41.494+0000] {logging_mixin.py:150} INFO - [2023-08-09T03:20:41.494+0000] {dagbag.py:541} INFO - Filling up the DagBag from /home/airflow/.local/lib/python3.7/site-packages/airflow/example_dags/example_dag_decorator.py
[2023-08-09T03:20:41.516+0000] {processor.py:836} INFO - DAG(s) dict_keys(['example_dag_decorator']) retrieved from /home/airflow/.local/lib/python3.7/site-packages/airflow/example_dags/example_dag_decorator.py
[2023-08-09T03:20:41.660+0000] {logging_mixin.py:150} INFO - [2023-08-09T03:20:41.659+0000] {dag.py:2742} INFO - Sync 1 DAGs
[2023-08-09T03:20:41.682+0000] {logging_mixin.py:150} INFO - [2023-08-09T03:20:41.682+0000] {dag.py:3508} INFO - Setting next_dagrun for example_dag_decorator to None, run_after=None
[2023-08-09T03:20:41.702+0000] {processor.py:179} INFO - Processing /home/airflow/.local/lib/python3.7/site-packages/airflow/example_dags/example_dag_decorator.py took 0.217 seconds
[2023-08-09T03:21:11.728+0000] {processor.py:157} INFO - Started process (PID=1203) to work on /home/airflow/.local/lib/python3.7/site-packages/airflow/example_dags/example_dag_decorator.py
[2023-08-09T03:21:11.729+0000] {processor.py:826} INFO - Processing file /home/airflow/.local/lib/python3.7/site-packages/airflow/example_dags/example_dag_decorator.py for tasks to queue
[2023-08-09T03:21:11.731+0000] {logging_mixin.py:150} INFO - [2023-08-09T03:21:11.731+0000] {dagbag.py:541} INFO - Filling up the DagBag from /home/airflow/.local/lib/python3.7/site-packages/airflow/example_dags/example_dag_decorator.py
[2023-08-09T03:21:11.744+0000] {processor.py:836} INFO - DAG(s) dict_keys(['example_dag_decorator']) retrieved from /home/airflow/.local/lib/python3.7/site-packages/airflow/example_dags/example_dag_decorator.py
[2023-08-09T03:21:11.870+0000] {logging_mixin.py:150} INFO - [2023-08-09T03:21:11.870+0000] {dag.py:2742} INFO - Sync 1 DAGs
[2023-08-09T03:21:11.895+0000] {logging_mixin.py:150} INFO - [2023-08-09T03:21:11.895+0000] {dag.py:3508} INFO - Setting next_dagrun for example_dag_decorator to None, run_after=None
[2023-08-09T03:21:11.914+0000] {processor.py:179} INFO - Processing /home/airflow/.local/lib/python3.7/site-packages/airflow/example_dags/example_dag_decorator.py took 0.189 seconds
[2023-08-09T03:21:42.042+0000] {processor.py:157} INFO - Started process (PID=1259) to work on /home/airflow/.local/lib/python3.7/site-packages/airflow/example_dags/example_dag_decorator.py
[2023-08-09T03:21:42.042+0000] {processor.py:826} INFO - Processing file /home/airflow/.local/lib/python3.7/site-packages/airflow/example_dags/example_dag_decorator.py for tasks to queue
[2023-08-09T03:21:42.044+0000] {logging_mixin.py:150} INFO - [2023-08-09T03:21:42.044+0000] {dagbag.py:541} INFO - Filling up the DagBag from /home/airflow/.local/lib/python3.7/site-packages/airflow/example_dags/example_dag_decorator.py
[2023-08-09T03:21:42.057+0000] {processor.py:836} INFO - DAG(s) dict_keys(['example_dag_decorator']) retrieved from /home/airflow/.local/lib/python3.7/site-packages/airflow/example_dags/example_dag_decorator.py
[2023-08-09T03:21:42.180+0000] {logging_mixin.py:150} INFO - [2023-08-09T03:21:42.180+0000] {dag.py:2742} INFO - Sync 1 DAGs
[2023-08-09T03:21:42.203+0000] {logging_mixin.py:150} INFO - [2023-08-09T03:21:42.203+0000] {dag.py:3508} INFO - Setting next_dagrun for example_dag_decorator to None, run_after=None
[2023-08-09T03:21:42.224+0000] {processor.py:179} INFO - Processing /home/airflow/.local/lib/python3.7/site-packages/airflow/example_dags/example_dag_decorator.py took 0.185 seconds
[2023-08-09T03:22:12.326+0000] {processor.py:157} INFO - Started process (PID=1315) to work on /home/airflow/.local/lib/python3.7/site-packages/airflow/example_dags/example_dag_decorator.py
[2023-08-09T03:22:12.327+0000] {processor.py:826} INFO - Processing file /home/airflow/.local/lib/python3.7/site-packages/airflow/example_dags/example_dag_decorator.py for tasks to queue
[2023-08-09T03:22:12.328+0000] {logging_mixin.py:150} INFO - [2023-08-09T03:22:12.328+0000] {dagbag.py:541} INFO - Filling up the DagBag from /home/airflow/.local/lib/python3.7/site-packages/airflow/example_dags/example_dag_decorator.py
[2023-08-09T03:22:12.339+0000] {processor.py:836} INFO - DAG(s) dict_keys(['example_dag_decorator']) retrieved from /home/airflow/.local/lib/python3.7/site-packages/airflow/example_dags/example_dag_decorator.py
[2023-08-09T03:22:12.511+0000] {logging_mixin.py:150} INFO - [2023-08-09T03:22:12.510+0000] {dag.py:2742} INFO - Sync 1 DAGs
[2023-08-09T03:22:12.535+0000] {logging_mixin.py:150} INFO - [2023-08-09T03:22:12.535+0000] {dag.py:3508} INFO - Setting next_dagrun for example_dag_decorator to None, run_after=None
[2023-08-09T03:22:12.564+0000] {processor.py:179} INFO - Processing /home/airflow/.local/lib/python3.7/site-packages/airflow/example_dags/example_dag_decorator.py took 0.240 seconds
[2023-08-09T03:22:42.614+0000] {processor.py:157} INFO - Started process (PID=1370) to work on /home/airflow/.local/lib/python3.7/site-packages/airflow/example_dags/example_dag_decorator.py
[2023-08-09T03:22:42.615+0000] {processor.py:826} INFO - Processing file /home/airflow/.local/lib/python3.7/site-packages/airflow/example_dags/example_dag_decorator.py for tasks to queue
[2023-08-09T03:22:42.617+0000] {logging_mixin.py:150} INFO - [2023-08-09T03:22:42.617+0000] {dagbag.py:541} INFO - Filling up the DagBag from /home/airflow/.local/lib/python3.7/site-packages/airflow/example_dags/example_dag_decorator.py
[2023-08-09T03:22:42.630+0000] {processor.py:836} INFO - DAG(s) dict_keys(['example_dag_decorator']) retrieved from /home/airflow/.local/lib/python3.7/site-packages/airflow/example_dags/example_dag_decorator.py
[2023-08-09T03:22:42.800+0000] {logging_mixin.py:150} INFO - [2023-08-09T03:22:42.800+0000] {dag.py:2742} INFO - Sync 1 DAGs
[2023-08-09T03:22:42.835+0000] {logging_mixin.py:150} INFO - [2023-08-09T03:22:42.835+0000] {dag.py:3508} INFO - Setting next_dagrun for example_dag_decorator to None, run_after=None
[2023-08-09T03:22:42.853+0000] {processor.py:179} INFO - Processing /home/airflow/.local/lib/python3.7/site-packages/airflow/example_dags/example_dag_decorator.py took 0.243 seconds
[2023-08-09T03:23:12.938+0000] {processor.py:157} INFO - Started process (PID=1426) to work on /home/airflow/.local/lib/python3.7/site-packages/airflow/example_dags/example_dag_decorator.py
[2023-08-09T03:23:12.939+0000] {processor.py:826} INFO - Processing file /home/airflow/.local/lib/python3.7/site-packages/airflow/example_dags/example_dag_decorator.py for tasks to queue
[2023-08-09T03:23:12.941+0000] {logging_mixin.py:150} INFO - [2023-08-09T03:23:12.941+0000] {dagbag.py:541} INFO - Filling up the DagBag from /home/airflow/.local/lib/python3.7/site-packages/airflow/example_dags/example_dag_decorator.py
[2023-08-09T03:23:12.953+0000] {processor.py:836} INFO - DAG(s) dict_keys(['example_dag_decorator']) retrieved from /home/airflow/.local/lib/python3.7/site-packages/airflow/example_dags/example_dag_decorator.py
[2023-08-09T03:23:13.081+0000] {logging_mixin.py:150} INFO - [2023-08-09T03:23:13.080+0000] {dag.py:2742} INFO - Sync 1 DAGs
[2023-08-09T03:23:13.103+0000] {logging_mixin.py:150} INFO - [2023-08-09T03:23:13.103+0000] {dag.py:3508} INFO - Setting next_dagrun for example_dag_decorator to None, run_after=None
[2023-08-09T03:23:13.121+0000] {processor.py:179} INFO - Processing /home/airflow/.local/lib/python3.7/site-packages/airflow/example_dags/example_dag_decorator.py took 0.186 seconds
[2023-08-09T03:23:43.199+0000] {processor.py:157} INFO - Started process (PID=1482) to work on /home/airflow/.local/lib/python3.7/site-packages/airflow/example_dags/example_dag_decorator.py
[2023-08-09T03:23:43.200+0000] {processor.py:826} INFO - Processing file /home/airflow/.local/lib/python3.7/site-packages/airflow/example_dags/example_dag_decorator.py for tasks to queue
[2023-08-09T03:23:43.203+0000] {logging_mixin.py:150} INFO - [2023-08-09T03:23:43.203+0000] {dagbag.py:541} INFO - Filling up the DagBag from /home/airflow/.local/lib/python3.7/site-packages/airflow/example_dags/example_dag_decorator.py
[2023-08-09T03:23:43.222+0000] {processor.py:836} INFO - DAG(s) dict_keys(['example_dag_decorator']) retrieved from /home/airflow/.local/lib/python3.7/site-packages/airflow/example_dags/example_dag_decorator.py
[2023-08-09T03:23:43.368+0000] {logging_mixin.py:150} INFO - [2023-08-09T03:23:43.368+0000] {dag.py:2742} INFO - Sync 1 DAGs
[2023-08-09T03:23:43.390+0000] {logging_mixin.py:150} INFO - [2023-08-09T03:23:43.390+0000] {dag.py:3508} INFO - Setting next_dagrun for example_dag_decorator to None, run_after=None
[2023-08-09T03:23:43.407+0000] {processor.py:179} INFO - Processing /home/airflow/.local/lib/python3.7/site-packages/airflow/example_dags/example_dag_decorator.py took 0.212 seconds
[2023-08-09T03:24:13.520+0000] {processor.py:157} INFO - Started process (PID=1538) to work on /home/airflow/.local/lib/python3.7/site-packages/airflow/example_dags/example_dag_decorator.py
[2023-08-09T03:24:13.521+0000] {processor.py:826} INFO - Processing file /home/airflow/.local/lib/python3.7/site-packages/airflow/example_dags/example_dag_decorator.py for tasks to queue
[2023-08-09T03:24:13.522+0000] {logging_mixin.py:150} INFO - [2023-08-09T03:24:13.522+0000] {dagbag.py:541} INFO - Filling up the DagBag from /home/airflow/.local/lib/python3.7/site-packages/airflow/example_dags/example_dag_decorator.py
[2023-08-09T03:24:13.535+0000] {processor.py:836} INFO - DAG(s) dict_keys(['example_dag_decorator']) retrieved from /home/airflow/.local/lib/python3.7/site-packages/airflow/example_dags/example_dag_decorator.py
[2023-08-09T03:24:13.680+0000] {logging_mixin.py:150} INFO - [2023-08-09T03:24:13.680+0000] {dag.py:2742} INFO - Sync 1 DAGs
[2023-08-09T03:24:13.704+0000] {logging_mixin.py:150} INFO - [2023-08-09T03:24:13.704+0000] {dag.py:3508} INFO - Setting next_dagrun for example_dag_decorator to None, run_after=None
[2023-08-09T03:24:13.728+0000] {processor.py:179} INFO - Processing /home/airflow/.local/lib/python3.7/site-packages/airflow/example_dags/example_dag_decorator.py took 0.211 seconds
[2023-08-09T03:24:43.781+0000] {processor.py:157} INFO - Started process (PID=1593) to work on /home/airflow/.local/lib/python3.7/site-packages/airflow/example_dags/example_dag_decorator.py
[2023-08-09T03:24:43.782+0000] {processor.py:826} INFO - Processing file /home/airflow/.local/lib/python3.7/site-packages/airflow/example_dags/example_dag_decorator.py for tasks to queue
[2023-08-09T03:24:43.784+0000] {logging_mixin.py:150} INFO - [2023-08-09T03:24:43.783+0000] {dagbag.py:541} INFO - Filling up the DagBag from /home/airflow/.local/lib/python3.7/site-packages/airflow/example_dags/example_dag_decorator.py
[2023-08-09T03:24:43.797+0000] {processor.py:836} INFO - DAG(s) dict_keys(['example_dag_decorator']) retrieved from /home/airflow/.local/lib/python3.7/site-packages/airflow/example_dags/example_dag_decorator.py
[2023-08-09T03:24:43.940+0000] {logging_mixin.py:150} INFO - [2023-08-09T03:24:43.940+0000] {dag.py:2742} INFO - Sync 1 DAGs
[2023-08-09T03:24:43.961+0000] {logging_mixin.py:150} INFO - [2023-08-09T03:24:43.961+0000] {dag.py:3508} INFO - Setting next_dagrun for example_dag_decorator to None, run_after=None
[2023-08-09T03:24:43.979+0000] {processor.py:179} INFO - Processing /home/airflow/.local/lib/python3.7/site-packages/airflow/example_dags/example_dag_decorator.py took 0.201 seconds
[2023-08-09T03:25:14.086+0000] {processor.py:157} INFO - Started process (PID=1647) to work on /home/airflow/.local/lib/python3.7/site-packages/airflow/example_dags/example_dag_decorator.py
[2023-08-09T03:25:14.086+0000] {processor.py:826} INFO - Processing file /home/airflow/.local/lib/python3.7/site-packages/airflow/example_dags/example_dag_decorator.py for tasks to queue
[2023-08-09T03:25:14.089+0000] {logging_mixin.py:150} INFO - [2023-08-09T03:25:14.088+0000] {dagbag.py:541} INFO - Filling up the DagBag from /home/airflow/.local/lib/python3.7/site-packages/airflow/example_dags/example_dag_decorator.py
[2023-08-09T03:25:14.101+0000] {processor.py:836} INFO - DAG(s) dict_keys(['example_dag_decorator']) retrieved from /home/airflow/.local/lib/python3.7/site-packages/airflow/example_dags/example_dag_decorator.py
[2023-08-09T03:25:14.239+0000] {logging_mixin.py:150} INFO - [2023-08-09T03:25:14.239+0000] {dag.py:2742} INFO - Sync 1 DAGs
[2023-08-09T03:25:14.272+0000] {logging_mixin.py:150} INFO - [2023-08-09T03:25:14.272+0000] {dag.py:3508} INFO - Setting next_dagrun for example_dag_decorator to None, run_after=None
[2023-08-09T03:25:14.297+0000] {processor.py:179} INFO - Processing /home/airflow/.local/lib/python3.7/site-packages/airflow/example_dags/example_dag_decorator.py took 0.214 seconds
[2023-08-09T03:25:44.322+0000] {processor.py:157} INFO - Started process (PID=1703) to work on /home/airflow/.local/lib/python3.7/site-packages/airflow/example_dags/example_dag_decorator.py
[2023-08-09T03:25:44.322+0000] {processor.py:826} INFO - Processing file /home/airflow/.local/lib/python3.7/site-packages/airflow/example_dags/example_dag_decorator.py for tasks to queue
[2023-08-09T03:25:44.325+0000] {logging_mixin.py:150} INFO - [2023-08-09T03:25:44.324+0000] {dagbag.py:541} INFO - Filling up the DagBag from /home/airflow/.local/lib/python3.7/site-packages/airflow/example_dags/example_dag_decorator.py
[2023-08-09T03:25:44.338+0000] {processor.py:836} INFO - DAG(s) dict_keys(['example_dag_decorator']) retrieved from /home/airflow/.local/lib/python3.7/site-packages/airflow/example_dags/example_dag_decorator.py
[2023-08-09T03:25:44.523+0000] {logging_mixin.py:150} INFO - [2023-08-09T03:25:44.523+0000] {dag.py:2742} INFO - Sync 1 DAGs
[2023-08-09T03:25:44.548+0000] {logging_mixin.py:150} INFO - [2023-08-09T03:25:44.548+0000] {dag.py:3508} INFO - Setting next_dagrun for example_dag_decorator to None, run_after=None
[2023-08-09T03:25:44.568+0000] {processor.py:179} INFO - Processing /home/airflow/.local/lib/python3.7/site-packages/airflow/example_dags/example_dag_decorator.py took 0.250 seconds
[2023-08-09T03:26:14.674+0000] {processor.py:157} INFO - Started process (PID=1754) to work on /home/airflow/.local/lib/python3.7/site-packages/airflow/example_dags/example_dag_decorator.py
[2023-08-09T03:26:14.675+0000] {processor.py:826} INFO - Processing file /home/airflow/.local/lib/python3.7/site-packages/airflow/example_dags/example_dag_decorator.py for tasks to queue
[2023-08-09T03:26:14.677+0000] {logging_mixin.py:150} INFO - [2023-08-09T03:26:14.677+0000] {dagbag.py:541} INFO - Filling up the DagBag from /home/airflow/.local/lib/python3.7/site-packages/airflow/example_dags/example_dag_decorator.py
[2023-08-09T03:26:14.693+0000] {processor.py:836} INFO - DAG(s) dict_keys(['example_dag_decorator']) retrieved from /home/airflow/.local/lib/python3.7/site-packages/airflow/example_dags/example_dag_decorator.py
[2023-08-09T03:26:14.730+0000] {logging_mixin.py:150} INFO - [2023-08-09T03:26:14.729+0000] {dag.py:2742} INFO - Sync 1 DAGs
[2023-08-09T03:26:14.768+0000] {logging_mixin.py:150} INFO - [2023-08-09T03:26:14.768+0000] {dag.py:3508} INFO - Setting next_dagrun for example_dag_decorator to None, run_after=None
[2023-08-09T03:26:14.792+0000] {processor.py:179} INFO - Processing /home/airflow/.local/lib/python3.7/site-packages/airflow/example_dags/example_dag_decorator.py took 0.122 seconds
[2023-08-09T03:26:45.402+0000] {processor.py:157} INFO - Started process (PID=1805) to work on /home/airflow/.local/lib/python3.7/site-packages/airflow/example_dags/example_dag_decorator.py
[2023-08-09T03:26:45.402+0000] {processor.py:826} INFO - Processing file /home/airflow/.local/lib/python3.7/site-packages/airflow/example_dags/example_dag_decorator.py for tasks to queue
[2023-08-09T03:26:45.405+0000] {logging_mixin.py:150} INFO - [2023-08-09T03:26:45.404+0000] {dagbag.py:541} INFO - Filling up the DagBag from /home/airflow/.local/lib/python3.7/site-packages/airflow/example_dags/example_dag_decorator.py
[2023-08-09T03:26:45.420+0000] {processor.py:836} INFO - DAG(s) dict_keys(['example_dag_decorator']) retrieved from /home/airflow/.local/lib/python3.7/site-packages/airflow/example_dags/example_dag_decorator.py
[2023-08-09T03:26:45.556+0000] {logging_mixin.py:150} INFO - [2023-08-09T03:26:45.556+0000] {dag.py:2742} INFO - Sync 1 DAGs
[2023-08-09T03:26:45.578+0000] {logging_mixin.py:150} INFO - [2023-08-09T03:26:45.578+0000] {dag.py:3508} INFO - Setting next_dagrun for example_dag_decorator to None, run_after=None
[2023-08-09T03:26:45.596+0000] {processor.py:179} INFO - Processing /home/airflow/.local/lib/python3.7/site-packages/airflow/example_dags/example_dag_decorator.py took 0.197 seconds
[2023-08-09T03:27:15.629+0000] {processor.py:157} INFO - Started process (PID=1859) to work on /home/airflow/.local/lib/python3.7/site-packages/airflow/example_dags/example_dag_decorator.py
[2023-08-09T03:27:15.630+0000] {processor.py:826} INFO - Processing file /home/airflow/.local/lib/python3.7/site-packages/airflow/example_dags/example_dag_decorator.py for tasks to queue
[2023-08-09T03:27:15.633+0000] {logging_mixin.py:150} INFO - [2023-08-09T03:27:15.633+0000] {dagbag.py:541} INFO - Filling up the DagBag from /home/airflow/.local/lib/python3.7/site-packages/airflow/example_dags/example_dag_decorator.py
[2023-08-09T03:27:15.653+0000] {processor.py:836} INFO - DAG(s) dict_keys(['example_dag_decorator']) retrieved from /home/airflow/.local/lib/python3.7/site-packages/airflow/example_dags/example_dag_decorator.py
[2023-08-09T03:27:15.783+0000] {logging_mixin.py:150} INFO - [2023-08-09T03:27:15.783+0000] {dag.py:2742} INFO - Sync 1 DAGs
[2023-08-09T03:27:15.807+0000] {logging_mixin.py:150} INFO - [2023-08-09T03:27:15.807+0000] {dag.py:3508} INFO - Setting next_dagrun for example_dag_decorator to None, run_after=None
[2023-08-09T03:27:15.830+0000] {processor.py:179} INFO - Processing /home/airflow/.local/lib/python3.7/site-packages/airflow/example_dags/example_dag_decorator.py took 0.203 seconds
[2023-08-09T03:27:45.953+0000] {processor.py:157} INFO - Started process (PID=1914) to work on /home/airflow/.local/lib/python3.7/site-packages/airflow/example_dags/example_dag_decorator.py
[2023-08-09T03:27:45.954+0000] {processor.py:826} INFO - Processing file /home/airflow/.local/lib/python3.7/site-packages/airflow/example_dags/example_dag_decorator.py for tasks to queue
[2023-08-09T03:27:45.957+0000] {logging_mixin.py:150} INFO - [2023-08-09T03:27:45.957+0000] {dagbag.py:541} INFO - Filling up the DagBag from /home/airflow/.local/lib/python3.7/site-packages/airflow/example_dags/example_dag_decorator.py
[2023-08-09T03:27:45.970+0000] {processor.py:836} INFO - DAG(s) dict_keys(['example_dag_decorator']) retrieved from /home/airflow/.local/lib/python3.7/site-packages/airflow/example_dags/example_dag_decorator.py
[2023-08-09T03:27:46.160+0000] {logging_mixin.py:150} INFO - [2023-08-09T03:27:46.158+0000] {dag.py:2742} INFO - Sync 1 DAGs
[2023-08-09T03:27:46.224+0000] {logging_mixin.py:150} INFO - [2023-08-09T03:27:46.224+0000] {dag.py:3508} INFO - Setting next_dagrun for example_dag_decorator to None, run_after=None
[2023-08-09T03:27:46.245+0000] {processor.py:179} INFO - Processing /home/airflow/.local/lib/python3.7/site-packages/airflow/example_dags/example_dag_decorator.py took 0.296 seconds
[2023-08-09T03:28:16.347+0000] {processor.py:157} INFO - Started process (PID=1969) to work on /home/airflow/.local/lib/python3.7/site-packages/airflow/example_dags/example_dag_decorator.py
[2023-08-09T03:28:16.348+0000] {processor.py:826} INFO - Processing file /home/airflow/.local/lib/python3.7/site-packages/airflow/example_dags/example_dag_decorator.py for tasks to queue
[2023-08-09T03:28:16.350+0000] {logging_mixin.py:150} INFO - [2023-08-09T03:28:16.350+0000] {dagbag.py:541} INFO - Filling up the DagBag from /home/airflow/.local/lib/python3.7/site-packages/airflow/example_dags/example_dag_decorator.py
[2023-08-09T03:28:16.363+0000] {processor.py:836} INFO - DAG(s) dict_keys(['example_dag_decorator']) retrieved from /home/airflow/.local/lib/python3.7/site-packages/airflow/example_dags/example_dag_decorator.py
[2023-08-09T03:28:16.487+0000] {logging_mixin.py:150} INFO - [2023-08-09T03:28:16.487+0000] {dag.py:2742} INFO - Sync 1 DAGs
[2023-08-09T03:28:16.520+0000] {logging_mixin.py:150} INFO - [2023-08-09T03:28:16.519+0000] {dag.py:3508} INFO - Setting next_dagrun for example_dag_decorator to None, run_after=None
[2023-08-09T03:28:16.547+0000] {processor.py:179} INFO - Processing /home/airflow/.local/lib/python3.7/site-packages/airflow/example_dags/example_dag_decorator.py took 0.202 seconds
[2023-08-09T03:28:46.697+0000] {processor.py:157} INFO - Started process (PID=2026) to work on /home/airflow/.local/lib/python3.7/site-packages/airflow/example_dags/example_dag_decorator.py
[2023-08-09T03:28:46.698+0000] {processor.py:826} INFO - Processing file /home/airflow/.local/lib/python3.7/site-packages/airflow/example_dags/example_dag_decorator.py for tasks to queue
[2023-08-09T03:28:46.701+0000] {logging_mixin.py:150} INFO - [2023-08-09T03:28:46.701+0000] {dagbag.py:541} INFO - Filling up the DagBag from /home/airflow/.local/lib/python3.7/site-packages/airflow/example_dags/example_dag_decorator.py
[2023-08-09T03:28:46.715+0000] {processor.py:836} INFO - DAG(s) dict_keys(['example_dag_decorator']) retrieved from /home/airflow/.local/lib/python3.7/site-packages/airflow/example_dags/example_dag_decorator.py
[2023-08-09T03:28:46.830+0000] {logging_mixin.py:150} INFO - [2023-08-09T03:28:46.830+0000] {dag.py:2742} INFO - Sync 1 DAGs
[2023-08-09T03:28:46.854+0000] {logging_mixin.py:150} INFO - [2023-08-09T03:28:46.853+0000] {dag.py:3508} INFO - Setting next_dagrun for example_dag_decorator to None, run_after=None
[2023-08-09T03:28:46.872+0000] {processor.py:179} INFO - Processing /home/airflow/.local/lib/python3.7/site-packages/airflow/example_dags/example_dag_decorator.py took 0.179 seconds
[2023-08-09T03:29:17.116+0000] {processor.py:157} INFO - Started process (PID=2080) to work on /home/airflow/.local/lib/python3.7/site-packages/airflow/example_dags/example_dag_decorator.py
[2023-08-09T03:29:17.116+0000] {processor.py:826} INFO - Processing file /home/airflow/.local/lib/python3.7/site-packages/airflow/example_dags/example_dag_decorator.py for tasks to queue
[2023-08-09T03:29:17.119+0000] {logging_mixin.py:150} INFO - [2023-08-09T03:29:17.119+0000] {dagbag.py:541} INFO - Filling up the DagBag from /home/airflow/.local/lib/python3.7/site-packages/airflow/example_dags/example_dag_decorator.py
[2023-08-09T03:29:17.135+0000] {processor.py:836} INFO - DAG(s) dict_keys(['example_dag_decorator']) retrieved from /home/airflow/.local/lib/python3.7/site-packages/airflow/example_dags/example_dag_decorator.py
[2023-08-09T03:29:17.294+0000] {logging_mixin.py:150} INFO - [2023-08-09T03:29:17.294+0000] {dag.py:2742} INFO - Sync 1 DAGs
[2023-08-09T03:29:17.316+0000] {logging_mixin.py:150} INFO - [2023-08-09T03:29:17.316+0000] {dag.py:3508} INFO - Setting next_dagrun for example_dag_decorator to None, run_after=None
[2023-08-09T03:29:17.335+0000] {processor.py:179} INFO - Processing /home/airflow/.local/lib/python3.7/site-packages/airflow/example_dags/example_dag_decorator.py took 0.222 seconds
[2023-08-09T03:29:48.256+0000] {processor.py:157} INFO - Started process (PID=2135) to work on /home/airflow/.local/lib/python3.7/site-packages/airflow/example_dags/example_dag_decorator.py
[2023-08-09T03:29:48.257+0000] {processor.py:826} INFO - Processing file /home/airflow/.local/lib/python3.7/site-packages/airflow/example_dags/example_dag_decorator.py for tasks to queue
[2023-08-09T03:29:48.258+0000] {logging_mixin.py:150} INFO - [2023-08-09T03:29:48.258+0000] {dagbag.py:541} INFO - Filling up the DagBag from /home/airflow/.local/lib/python3.7/site-packages/airflow/example_dags/example_dag_decorator.py
[2023-08-09T03:29:48.272+0000] {processor.py:836} INFO - DAG(s) dict_keys(['example_dag_decorator']) retrieved from /home/airflow/.local/lib/python3.7/site-packages/airflow/example_dags/example_dag_decorator.py
[2023-08-09T03:29:48.390+0000] {logging_mixin.py:150} INFO - [2023-08-09T03:29:48.390+0000] {dag.py:2742} INFO - Sync 1 DAGs
[2023-08-09T03:29:48.414+0000] {logging_mixin.py:150} INFO - [2023-08-09T03:29:48.414+0000] {dag.py:3508} INFO - Setting next_dagrun for example_dag_decorator to None, run_after=None
[2023-08-09T03:29:48.431+0000] {processor.py:179} INFO - Processing /home/airflow/.local/lib/python3.7/site-packages/airflow/example_dags/example_dag_decorator.py took 0.178 seconds
[2023-08-09T03:30:19.126+0000] {processor.py:157} INFO - Started process (PID=2190) to work on /home/airflow/.local/lib/python3.7/site-packages/airflow/example_dags/example_dag_decorator.py
[2023-08-09T03:30:19.127+0000] {processor.py:826} INFO - Processing file /home/airflow/.local/lib/python3.7/site-packages/airflow/example_dags/example_dag_decorator.py for tasks to queue
[2023-08-09T03:30:19.127+0000] {logging_mixin.py:150} INFO - [2023-08-09T03:30:19.127+0000] {dagbag.py:541} INFO - Filling up the DagBag from /home/airflow/.local/lib/python3.7/site-packages/airflow/example_dags/example_dag_decorator.py
[2023-08-09T03:30:19.153+0000] {processor.py:836} INFO - DAG(s) dict_keys(['example_dag_decorator']) retrieved from /home/airflow/.local/lib/python3.7/site-packages/airflow/example_dags/example_dag_decorator.py
[2023-08-09T03:30:19.302+0000] {logging_mixin.py:150} INFO - [2023-08-09T03:30:19.302+0000] {dag.py:2742} INFO - Sync 1 DAGs
[2023-08-09T03:30:19.333+0000] {logging_mixin.py:150} INFO - [2023-08-09T03:30:19.333+0000] {dag.py:3508} INFO - Setting next_dagrun for example_dag_decorator to None, run_after=None
[2023-08-09T03:30:19.356+0000] {processor.py:179} INFO - Processing /home/airflow/.local/lib/python3.7/site-packages/airflow/example_dags/example_dag_decorator.py took 0.233 seconds
[2023-08-09T03:30:49.394+0000] {processor.py:157} INFO - Started process (PID=2247) to work on /home/airflow/.local/lib/python3.7/site-packages/airflow/example_dags/example_dag_decorator.py
[2023-08-09T03:30:49.396+0000] {processor.py:826} INFO - Processing file /home/airflow/.local/lib/python3.7/site-packages/airflow/example_dags/example_dag_decorator.py for tasks to queue
[2023-08-09T03:30:49.397+0000] {logging_mixin.py:150} INFO - [2023-08-09T03:30:49.396+0000] {dagbag.py:541} INFO - Filling up the DagBag from /home/airflow/.local/lib/python3.7/site-packages/airflow/example_dags/example_dag_decorator.py
[2023-08-09T03:30:49.411+0000] {processor.py:836} INFO - DAG(s) dict_keys(['example_dag_decorator']) retrieved from /home/airflow/.local/lib/python3.7/site-packages/airflow/example_dags/example_dag_decorator.py
[2023-08-09T03:30:49.531+0000] {logging_mixin.py:150} INFO - [2023-08-09T03:30:49.531+0000] {dag.py:2742} INFO - Sync 1 DAGs
[2023-08-09T03:30:49.553+0000] {logging_mixin.py:150} INFO - [2023-08-09T03:30:49.553+0000] {dag.py:3508} INFO - Setting next_dagrun for example_dag_decorator to None, run_after=None
[2023-08-09T03:30:49.575+0000] {processor.py:179} INFO - Processing /home/airflow/.local/lib/python3.7/site-packages/airflow/example_dags/example_dag_decorator.py took 0.184 seconds
[2023-08-09T03:31:19.807+0000] {processor.py:157} INFO - Started process (PID=2304) to work on /home/airflow/.local/lib/python3.7/site-packages/airflow/example_dags/example_dag_decorator.py
[2023-08-09T03:31:19.808+0000] {processor.py:826} INFO - Processing file /home/airflow/.local/lib/python3.7/site-packages/airflow/example_dags/example_dag_decorator.py for tasks to queue
[2023-08-09T03:31:19.809+0000] {logging_mixin.py:150} INFO - [2023-08-09T03:31:19.808+0000] {dagbag.py:541} INFO - Filling up the DagBag from /home/airflow/.local/lib/python3.7/site-packages/airflow/example_dags/example_dag_decorator.py
[2023-08-09T03:31:19.831+0000] {processor.py:836} INFO - DAG(s) dict_keys(['example_dag_decorator']) retrieved from /home/airflow/.local/lib/python3.7/site-packages/airflow/example_dags/example_dag_decorator.py
[2023-08-09T03:31:19.959+0000] {logging_mixin.py:150} INFO - [2023-08-09T03:31:19.959+0000] {dag.py:2742} INFO - Sync 1 DAGs
[2023-08-09T03:31:19.979+0000] {logging_mixin.py:150} INFO - [2023-08-09T03:31:19.979+0000] {dag.py:3508} INFO - Setting next_dagrun for example_dag_decorator to None, run_after=None
[2023-08-09T03:31:19.997+0000] {processor.py:179} INFO - Processing /home/airflow/.local/lib/python3.7/site-packages/airflow/example_dags/example_dag_decorator.py took 0.195 seconds
[2023-08-09T03:31:50.151+0000] {processor.py:157} INFO - Started process (PID=2360) to work on /home/airflow/.local/lib/python3.7/site-packages/airflow/example_dags/example_dag_decorator.py
[2023-08-09T03:31:50.152+0000] {processor.py:826} INFO - Processing file /home/airflow/.local/lib/python3.7/site-packages/airflow/example_dags/example_dag_decorator.py for tasks to queue
[2023-08-09T03:31:50.153+0000] {logging_mixin.py:150} INFO - [2023-08-09T03:31:50.153+0000] {dagbag.py:541} INFO - Filling up the DagBag from /home/airflow/.local/lib/python3.7/site-packages/airflow/example_dags/example_dag_decorator.py
[2023-08-09T03:31:50.169+0000] {processor.py:836} INFO - DAG(s) dict_keys(['example_dag_decorator']) retrieved from /home/airflow/.local/lib/python3.7/site-packages/airflow/example_dags/example_dag_decorator.py
[2023-08-09T03:31:50.308+0000] {logging_mixin.py:150} INFO - [2023-08-09T03:31:50.308+0000] {dag.py:2742} INFO - Sync 1 DAGs
[2023-08-09T03:31:50.360+0000] {logging_mixin.py:150} INFO - [2023-08-09T03:31:50.359+0000] {dag.py:3508} INFO - Setting next_dagrun for example_dag_decorator to None, run_after=None
[2023-08-09T03:31:50.384+0000] {processor.py:179} INFO - Processing /home/airflow/.local/lib/python3.7/site-packages/airflow/example_dags/example_dag_decorator.py took 0.237 seconds
[2023-08-09T03:32:20.479+0000] {processor.py:157} INFO - Started process (PID=2415) to work on /home/airflow/.local/lib/python3.7/site-packages/airflow/example_dags/example_dag_decorator.py
[2023-08-09T03:32:20.480+0000] {processor.py:826} INFO - Processing file /home/airflow/.local/lib/python3.7/site-packages/airflow/example_dags/example_dag_decorator.py for tasks to queue
[2023-08-09T03:32:20.481+0000] {logging_mixin.py:150} INFO - [2023-08-09T03:32:20.481+0000] {dagbag.py:541} INFO - Filling up the DagBag from /home/airflow/.local/lib/python3.7/site-packages/airflow/example_dags/example_dag_decorator.py
[2023-08-09T03:32:20.501+0000] {processor.py:836} INFO - DAG(s) dict_keys(['example_dag_decorator']) retrieved from /home/airflow/.local/lib/python3.7/site-packages/airflow/example_dags/example_dag_decorator.py
[2023-08-09T03:32:20.687+0000] {logging_mixin.py:150} INFO - [2023-08-09T03:32:20.687+0000] {dag.py:2742} INFO - Sync 1 DAGs
[2023-08-09T03:32:20.713+0000] {logging_mixin.py:150} INFO - [2023-08-09T03:32:20.713+0000] {dag.py:3508} INFO - Setting next_dagrun for example_dag_decorator to None, run_after=None
[2023-08-09T03:32:20.740+0000] {processor.py:179} INFO - Processing /home/airflow/.local/lib/python3.7/site-packages/airflow/example_dags/example_dag_decorator.py took 0.265 seconds
[2023-08-09T03:32:50.873+0000] {processor.py:157} INFO - Started process (PID=2472) to work on /home/airflow/.local/lib/python3.7/site-packages/airflow/example_dags/example_dag_decorator.py
[2023-08-09T03:32:50.876+0000] {processor.py:826} INFO - Processing file /home/airflow/.local/lib/python3.7/site-packages/airflow/example_dags/example_dag_decorator.py for tasks to queue
[2023-08-09T03:32:50.877+0000] {logging_mixin.py:150} INFO - [2023-08-09T03:32:50.877+0000] {dagbag.py:541} INFO - Filling up the DagBag from /home/airflow/.local/lib/python3.7/site-packages/airflow/example_dags/example_dag_decorator.py
[2023-08-09T03:32:50.919+0000] {processor.py:836} INFO - DAG(s) dict_keys(['example_dag_decorator']) retrieved from /home/airflow/.local/lib/python3.7/site-packages/airflow/example_dags/example_dag_decorator.py
[2023-08-09T03:32:51.191+0000] {logging_mixin.py:150} INFO - [2023-08-09T03:32:51.191+0000] {dag.py:2742} INFO - Sync 1 DAGs
[2023-08-09T03:32:51.235+0000] {logging_mixin.py:150} INFO - [2023-08-09T03:32:51.235+0000] {dag.py:3508} INFO - Setting next_dagrun for example_dag_decorator to None, run_after=None
[2023-08-09T03:32:51.270+0000] {processor.py:179} INFO - Processing /home/airflow/.local/lib/python3.7/site-packages/airflow/example_dags/example_dag_decorator.py took 0.401 seconds
[2023-08-09T03:33:22.080+0000] {processor.py:157} INFO - Started process (PID=2534) to work on /home/airflow/.local/lib/python3.7/site-packages/airflow/example_dags/example_dag_decorator.py
[2023-08-09T03:33:22.081+0000] {processor.py:826} INFO - Processing file /home/airflow/.local/lib/python3.7/site-packages/airflow/example_dags/example_dag_decorator.py for tasks to queue
[2023-08-09T03:33:22.082+0000] {logging_mixin.py:150} INFO - [2023-08-09T03:33:22.081+0000] {dagbag.py:541} INFO - Filling up the DagBag from /home/airflow/.local/lib/python3.7/site-packages/airflow/example_dags/example_dag_decorator.py
[2023-08-09T03:33:22.094+0000] {processor.py:836} INFO - DAG(s) dict_keys(['example_dag_decorator']) retrieved from /home/airflow/.local/lib/python3.7/site-packages/airflow/example_dags/example_dag_decorator.py
[2023-08-09T03:33:22.209+0000] {logging_mixin.py:150} INFO - [2023-08-09T03:33:22.209+0000] {dag.py:2742} INFO - Sync 1 DAGs
[2023-08-09T03:33:22.231+0000] {logging_mixin.py:150} INFO - [2023-08-09T03:33:22.231+0000] {dag.py:3508} INFO - Setting next_dagrun for example_dag_decorator to None, run_after=None
[2023-08-09T03:33:22.249+0000] {processor.py:179} INFO - Processing /home/airflow/.local/lib/python3.7/site-packages/airflow/example_dags/example_dag_decorator.py took 0.171 seconds
[2023-08-09T03:33:52.545+0000] {processor.py:157} INFO - Started process (PID=2590) to work on /home/airflow/.local/lib/python3.7/site-packages/airflow/example_dags/example_dag_decorator.py
[2023-08-09T03:33:52.546+0000] {processor.py:826} INFO - Processing file /home/airflow/.local/lib/python3.7/site-packages/airflow/example_dags/example_dag_decorator.py for tasks to queue
[2023-08-09T03:33:52.547+0000] {logging_mixin.py:150} INFO - [2023-08-09T03:33:52.547+0000] {dagbag.py:541} INFO - Filling up the DagBag from /home/airflow/.local/lib/python3.7/site-packages/airflow/example_dags/example_dag_decorator.py
[2023-08-09T03:33:52.565+0000] {processor.py:836} INFO - DAG(s) dict_keys(['example_dag_decorator']) retrieved from /home/airflow/.local/lib/python3.7/site-packages/airflow/example_dags/example_dag_decorator.py
[2023-08-09T03:33:52.686+0000] {logging_mixin.py:150} INFO - [2023-08-09T03:33:52.686+0000] {dag.py:2742} INFO - Sync 1 DAGs
[2023-08-09T03:33:52.707+0000] {logging_mixin.py:150} INFO - [2023-08-09T03:33:52.707+0000] {dag.py:3508} INFO - Setting next_dagrun for example_dag_decorator to None, run_after=None
[2023-08-09T03:33:52.725+0000] {processor.py:179} INFO - Processing /home/airflow/.local/lib/python3.7/site-packages/airflow/example_dags/example_dag_decorator.py took 0.182 seconds
[2023-08-09T03:34:22.838+0000] {processor.py:157} INFO - Started process (PID=2648) to work on /home/airflow/.local/lib/python3.7/site-packages/airflow/example_dags/example_dag_decorator.py
[2023-08-09T03:34:22.839+0000] {processor.py:826} INFO - Processing file /home/airflow/.local/lib/python3.7/site-packages/airflow/example_dags/example_dag_decorator.py for tasks to queue
[2023-08-09T03:34:22.839+0000] {logging_mixin.py:150} INFO - [2023-08-09T03:34:22.839+0000] {dagbag.py:541} INFO - Filling up the DagBag from /home/airflow/.local/lib/python3.7/site-packages/airflow/example_dags/example_dag_decorator.py
[2023-08-09T03:34:22.851+0000] {processor.py:836} INFO - DAG(s) dict_keys(['example_dag_decorator']) retrieved from /home/airflow/.local/lib/python3.7/site-packages/airflow/example_dags/example_dag_decorator.py
[2023-08-09T03:34:22.964+0000] {logging_mixin.py:150} INFO - [2023-08-09T03:34:22.964+0000] {dag.py:2742} INFO - Sync 1 DAGs
[2023-08-09T03:34:22.986+0000] {logging_mixin.py:150} INFO - [2023-08-09T03:34:22.986+0000] {dag.py:3508} INFO - Setting next_dagrun for example_dag_decorator to None, run_after=None
[2023-08-09T03:34:23.007+0000] {processor.py:179} INFO - Processing /home/airflow/.local/lib/python3.7/site-packages/airflow/example_dags/example_dag_decorator.py took 0.172 seconds
[2023-08-09T03:34:53.054+0000] {processor.py:157} INFO - Started process (PID=2700) to work on /home/airflow/.local/lib/python3.7/site-packages/airflow/example_dags/example_dag_decorator.py
[2023-08-09T03:34:53.056+0000] {processor.py:826} INFO - Processing file /home/airflow/.local/lib/python3.7/site-packages/airflow/example_dags/example_dag_decorator.py for tasks to queue
[2023-08-09T03:34:53.057+0000] {logging_mixin.py:150} INFO - [2023-08-09T03:34:53.057+0000] {dagbag.py:541} INFO - Filling up the DagBag from /home/airflow/.local/lib/python3.7/site-packages/airflow/example_dags/example_dag_decorator.py
[2023-08-09T03:34:53.080+0000] {processor.py:836} INFO - DAG(s) dict_keys(['example_dag_decorator']) retrieved from /home/airflow/.local/lib/python3.7/site-packages/airflow/example_dags/example_dag_decorator.py
[2023-08-09T03:34:53.213+0000] {logging_mixin.py:150} INFO - [2023-08-09T03:34:53.213+0000] {dag.py:2742} INFO - Sync 1 DAGs
[2023-08-09T03:34:53.235+0000] {logging_mixin.py:150} INFO - [2023-08-09T03:34:53.235+0000] {dag.py:3508} INFO - Setting next_dagrun for example_dag_decorator to None, run_after=None
[2023-08-09T03:34:53.253+0000] {processor.py:179} INFO - Processing /home/airflow/.local/lib/python3.7/site-packages/airflow/example_dags/example_dag_decorator.py took 0.204 seconds
[2023-08-09T03:35:24.147+0000] {processor.py:157} INFO - Started process (PID=2755) to work on /home/airflow/.local/lib/python3.7/site-packages/airflow/example_dags/example_dag_decorator.py
[2023-08-09T03:35:24.147+0000] {processor.py:826} INFO - Processing file /home/airflow/.local/lib/python3.7/site-packages/airflow/example_dags/example_dag_decorator.py for tasks to queue
[2023-08-09T03:35:24.148+0000] {logging_mixin.py:150} INFO - [2023-08-09T03:35:24.148+0000] {dagbag.py:541} INFO - Filling up the DagBag from /home/airflow/.local/lib/python3.7/site-packages/airflow/example_dags/example_dag_decorator.py
[2023-08-09T03:35:24.167+0000] {processor.py:836} INFO - DAG(s) dict_keys(['example_dag_decorator']) retrieved from /home/airflow/.local/lib/python3.7/site-packages/airflow/example_dags/example_dag_decorator.py
[2023-08-09T03:35:24.369+0000] {logging_mixin.py:150} INFO - [2023-08-09T03:35:24.369+0000] {dag.py:2742} INFO - Sync 1 DAGs
[2023-08-09T03:35:24.407+0000] {logging_mixin.py:150} INFO - [2023-08-09T03:35:24.407+0000] {dag.py:3508} INFO - Setting next_dagrun for example_dag_decorator to None, run_after=None
[2023-08-09T03:35:24.443+0000] {processor.py:179} INFO - Processing /home/airflow/.local/lib/python3.7/site-packages/airflow/example_dags/example_dag_decorator.py took 0.300 seconds
[2023-08-09T03:35:54.557+0000] {processor.py:157} INFO - Started process (PID=2812) to work on /home/airflow/.local/lib/python3.7/site-packages/airflow/example_dags/example_dag_decorator.py
[2023-08-09T03:35:54.557+0000] {processor.py:826} INFO - Processing file /home/airflow/.local/lib/python3.7/site-packages/airflow/example_dags/example_dag_decorator.py for tasks to queue
[2023-08-09T03:35:54.558+0000] {logging_mixin.py:150} INFO - [2023-08-09T03:35:54.558+0000] {dagbag.py:541} INFO - Filling up the DagBag from /home/airflow/.local/lib/python3.7/site-packages/airflow/example_dags/example_dag_decorator.py
[2023-08-09T03:35:54.570+0000] {processor.py:836} INFO - DAG(s) dict_keys(['example_dag_decorator']) retrieved from /home/airflow/.local/lib/python3.7/site-packages/airflow/example_dags/example_dag_decorator.py
[2023-08-09T03:35:54.687+0000] {logging_mixin.py:150} INFO - [2023-08-09T03:35:54.687+0000] {dag.py:2742} INFO - Sync 1 DAGs
[2023-08-09T03:35:54.712+0000] {logging_mixin.py:150} INFO - [2023-08-09T03:35:54.712+0000] {dag.py:3508} INFO - Setting next_dagrun for example_dag_decorator to None, run_after=None
[2023-08-09T03:35:54.755+0000] {processor.py:179} INFO - Processing /home/airflow/.local/lib/python3.7/site-packages/airflow/example_dags/example_dag_decorator.py took 0.201 seconds
[2023-08-09T03:36:24.858+0000] {processor.py:157} INFO - Started process (PID=2865) to work on /home/airflow/.local/lib/python3.7/site-packages/airflow/example_dags/example_dag_decorator.py
[2023-08-09T03:36:24.859+0000] {processor.py:826} INFO - Processing file /home/airflow/.local/lib/python3.7/site-packages/airflow/example_dags/example_dag_decorator.py for tasks to queue
[2023-08-09T03:36:24.860+0000] {logging_mixin.py:150} INFO - [2023-08-09T03:36:24.860+0000] {dagbag.py:541} INFO - Filling up the DagBag from /home/airflow/.local/lib/python3.7/site-packages/airflow/example_dags/example_dag_decorator.py
[2023-08-09T03:36:24.874+0000] {processor.py:836} INFO - DAG(s) dict_keys(['example_dag_decorator']) retrieved from /home/airflow/.local/lib/python3.7/site-packages/airflow/example_dags/example_dag_decorator.py
[2023-08-09T03:36:25.004+0000] {logging_mixin.py:150} INFO - [2023-08-09T03:36:25.003+0000] {dag.py:2742} INFO - Sync 1 DAGs
[2023-08-09T03:36:25.038+0000] {logging_mixin.py:150} INFO - [2023-08-09T03:36:25.038+0000] {dag.py:3508} INFO - Setting next_dagrun for example_dag_decorator to None, run_after=None
[2023-08-09T03:36:25.074+0000] {processor.py:179} INFO - Processing /home/airflow/.local/lib/python3.7/site-packages/airflow/example_dags/example_dag_decorator.py took 0.219 seconds
