[2023-08-09T03:10:34.351+0000] {processor.py:157} INFO - Started process (PID=68) to work on /home/airflow/.local/lib/python3.7/site-packages/airflow/example_dags/example_sla_dag.py
[2023-08-09T03:10:34.352+0000] {processor.py:826} INFO - Processing file /home/airflow/.local/lib/python3.7/site-packages/airflow/example_dags/example_sla_dag.py for tasks to queue
[2023-08-09T03:10:34.356+0000] {logging_mixin.py:150} INFO - [2023-08-09T03:10:34.355+0000] {dagbag.py:541} INFO - Filling up the DagBag from /home/airflow/.local/lib/python3.7/site-packages/airflow/example_dags/example_sla_dag.py
[2023-08-09T03:10:34.371+0000] {processor.py:836} INFO - DAG(s) dict_keys(['example_sla_dag']) retrieved from /home/airflow/.local/lib/python3.7/site-packages/airflow/example_dags/example_sla_dag.py
[2023-08-09T03:10:34.413+0000] {logging_mixin.py:150} INFO - [2023-08-09T03:10:34.412+0000] {dag.py:2742} INFO - Sync 1 DAGs
[2023-08-09T03:10:34.466+0000] {logging_mixin.py:150} INFO - [2023-08-09T03:10:34.466+0000] {dag.py:3508} INFO - Setting next_dagrun for example_sla_dag to 2023-08-09T03:08:00+00:00, run_after=2023-08-09T03:10:00+00:00
[2023-08-09T03:10:34.492+0000] {processor.py:179} INFO - Processing /home/airflow/.local/lib/python3.7/site-packages/airflow/example_dags/example_sla_dag.py took 0.145 seconds
[2023-08-09T03:11:04.683+0000] {processor.py:157} INFO - Started process (PID=123) to work on /home/airflow/.local/lib/python3.7/site-packages/airflow/example_dags/example_sla_dag.py
[2023-08-09T03:11:04.684+0000] {processor.py:826} INFO - Processing file /home/airflow/.local/lib/python3.7/site-packages/airflow/example_dags/example_sla_dag.py for tasks to queue
[2023-08-09T03:11:04.686+0000] {logging_mixin.py:150} INFO - [2023-08-09T03:11:04.686+0000] {dagbag.py:541} INFO - Filling up the DagBag from /home/airflow/.local/lib/python3.7/site-packages/airflow/example_dags/example_sla_dag.py
[2023-08-09T03:11:04.697+0000] {processor.py:836} INFO - DAG(s) dict_keys(['example_sla_dag']) retrieved from /home/airflow/.local/lib/python3.7/site-packages/airflow/example_dags/example_sla_dag.py
[2023-08-09T03:11:04.728+0000] {logging_mixin.py:150} INFO - [2023-08-09T03:11:04.727+0000] {dag.py:2742} INFO - Sync 1 DAGs
[2023-08-09T03:11:04.775+0000] {logging_mixin.py:150} INFO - [2023-08-09T03:11:04.774+0000] {dag.py:3508} INFO - Setting next_dagrun for example_sla_dag to 2023-08-09T03:08:00+00:00, run_after=2023-08-09T03:10:00+00:00
[2023-08-09T03:11:04.798+0000] {processor.py:179} INFO - Processing /home/airflow/.local/lib/python3.7/site-packages/airflow/example_dags/example_sla_dag.py took 0.118 seconds
[2023-08-09T03:11:35.180+0000] {processor.py:157} INFO - Started process (PID=178) to work on /home/airflow/.local/lib/python3.7/site-packages/airflow/example_dags/example_sla_dag.py
[2023-08-09T03:11:35.181+0000] {processor.py:826} INFO - Processing file /home/airflow/.local/lib/python3.7/site-packages/airflow/example_dags/example_sla_dag.py for tasks to queue
[2023-08-09T03:11:35.183+0000] {logging_mixin.py:150} INFO - [2023-08-09T03:11:35.182+0000] {dagbag.py:541} INFO - Filling up the DagBag from /home/airflow/.local/lib/python3.7/site-packages/airflow/example_dags/example_sla_dag.py
[2023-08-09T03:11:35.190+0000] {processor.py:836} INFO - DAG(s) dict_keys(['example_sla_dag']) retrieved from /home/airflow/.local/lib/python3.7/site-packages/airflow/example_dags/example_sla_dag.py
[2023-08-09T03:11:35.217+0000] {logging_mixin.py:150} INFO - [2023-08-09T03:11:35.216+0000] {dag.py:2742} INFO - Sync 1 DAGs
[2023-08-09T03:11:35.260+0000] {logging_mixin.py:150} INFO - [2023-08-09T03:11:35.260+0000] {dag.py:3508} INFO - Setting next_dagrun for example_sla_dag to 2023-08-09T03:08:00+00:00, run_after=2023-08-09T03:10:00+00:00
[2023-08-09T03:11:35.288+0000] {processor.py:179} INFO - Processing /home/airflow/.local/lib/python3.7/site-packages/airflow/example_dags/example_sla_dag.py took 0.110 seconds
[2023-08-09T03:12:05.465+0000] {processor.py:157} INFO - Started process (PID=234) to work on /home/airflow/.local/lib/python3.7/site-packages/airflow/example_dags/example_sla_dag.py
[2023-08-09T03:12:05.466+0000] {processor.py:826} INFO - Processing file /home/airflow/.local/lib/python3.7/site-packages/airflow/example_dags/example_sla_dag.py for tasks to queue
[2023-08-09T03:12:05.468+0000] {logging_mixin.py:150} INFO - [2023-08-09T03:12:05.468+0000] {dagbag.py:541} INFO - Filling up the DagBag from /home/airflow/.local/lib/python3.7/site-packages/airflow/example_dags/example_sla_dag.py
[2023-08-09T03:12:05.475+0000] {processor.py:836} INFO - DAG(s) dict_keys(['example_sla_dag']) retrieved from /home/airflow/.local/lib/python3.7/site-packages/airflow/example_dags/example_sla_dag.py
[2023-08-09T03:12:05.494+0000] {logging_mixin.py:150} INFO - [2023-08-09T03:12:05.494+0000] {dag.py:2742} INFO - Sync 1 DAGs
[2023-08-09T03:12:05.522+0000] {logging_mixin.py:150} INFO - [2023-08-09T03:12:05.522+0000] {dag.py:3508} INFO - Setting next_dagrun for example_sla_dag to 2023-08-09T03:10:00+00:00, run_after=2023-08-09T03:12:00+00:00
[2023-08-09T03:12:05.541+0000] {processor.py:179} INFO - Processing /home/airflow/.local/lib/python3.7/site-packages/airflow/example_dags/example_sla_dag.py took 0.079 seconds
[2023-08-09T03:12:36.767+0000] {processor.py:157} INFO - Started process (PID=289) to work on /home/airflow/.local/lib/python3.7/site-packages/airflow/example_dags/example_sla_dag.py
[2023-08-09T03:12:36.768+0000] {processor.py:826} INFO - Processing file /home/airflow/.local/lib/python3.7/site-packages/airflow/example_dags/example_sla_dag.py for tasks to queue
[2023-08-09T03:12:36.770+0000] {logging_mixin.py:150} INFO - [2023-08-09T03:12:36.769+0000] {dagbag.py:541} INFO - Filling up the DagBag from /home/airflow/.local/lib/python3.7/site-packages/airflow/example_dags/example_sla_dag.py
[2023-08-09T03:12:36.778+0000] {processor.py:836} INFO - DAG(s) dict_keys(['example_sla_dag']) retrieved from /home/airflow/.local/lib/python3.7/site-packages/airflow/example_dags/example_sla_dag.py
[2023-08-09T03:12:36.800+0000] {logging_mixin.py:150} INFO - [2023-08-09T03:12:36.799+0000] {dag.py:2742} INFO - Sync 1 DAGs
[2023-08-09T03:12:36.826+0000] {logging_mixin.py:150} INFO - [2023-08-09T03:12:36.826+0000] {dag.py:3508} INFO - Setting next_dagrun for example_sla_dag to 2023-08-09T03:10:00+00:00, run_after=2023-08-09T03:12:00+00:00
[2023-08-09T03:12:36.842+0000] {processor.py:179} INFO - Processing /home/airflow/.local/lib/python3.7/site-packages/airflow/example_dags/example_sla_dag.py took 0.077 seconds
[2023-08-09T03:13:06.990+0000] {processor.py:157} INFO - Started process (PID=344) to work on /home/airflow/.local/lib/python3.7/site-packages/airflow/example_dags/example_sla_dag.py
[2023-08-09T03:13:06.990+0000] {processor.py:826} INFO - Processing file /home/airflow/.local/lib/python3.7/site-packages/airflow/example_dags/example_sla_dag.py for tasks to queue
[2023-08-09T03:13:06.992+0000] {logging_mixin.py:150} INFO - [2023-08-09T03:13:06.992+0000] {dagbag.py:541} INFO - Filling up the DagBag from /home/airflow/.local/lib/python3.7/site-packages/airflow/example_dags/example_sla_dag.py
[2023-08-09T03:13:07.000+0000] {processor.py:836} INFO - DAG(s) dict_keys(['example_sla_dag']) retrieved from /home/airflow/.local/lib/python3.7/site-packages/airflow/example_dags/example_sla_dag.py
[2023-08-09T03:13:07.023+0000] {logging_mixin.py:150} INFO - [2023-08-09T03:13:07.022+0000] {dag.py:2742} INFO - Sync 1 DAGs
[2023-08-09T03:13:07.047+0000] {logging_mixin.py:150} INFO - [2023-08-09T03:13:07.047+0000] {dag.py:3508} INFO - Setting next_dagrun for example_sla_dag to 2023-08-09T03:10:00+00:00, run_after=2023-08-09T03:12:00+00:00
[2023-08-09T03:13:07.063+0000] {processor.py:179} INFO - Processing /home/airflow/.local/lib/python3.7/site-packages/airflow/example_dags/example_sla_dag.py took 0.076 seconds
[2023-08-09T03:13:38.166+0000] {processor.py:157} INFO - Started process (PID=399) to work on /home/airflow/.local/lib/python3.7/site-packages/airflow/example_dags/example_sla_dag.py
[2023-08-09T03:13:38.167+0000] {processor.py:826} INFO - Processing file /home/airflow/.local/lib/python3.7/site-packages/airflow/example_dags/example_sla_dag.py for tasks to queue
[2023-08-09T03:13:38.169+0000] {logging_mixin.py:150} INFO - [2023-08-09T03:13:38.168+0000] {dagbag.py:541} INFO - Filling up the DagBag from /home/airflow/.local/lib/python3.7/site-packages/airflow/example_dags/example_sla_dag.py
[2023-08-09T03:13:38.176+0000] {processor.py:836} INFO - DAG(s) dict_keys(['example_sla_dag']) retrieved from /home/airflow/.local/lib/python3.7/site-packages/airflow/example_dags/example_sla_dag.py
[2023-08-09T03:13:38.196+0000] {logging_mixin.py:150} INFO - [2023-08-09T03:13:38.195+0000] {dag.py:2742} INFO - Sync 1 DAGs
[2023-08-09T03:13:38.225+0000] {logging_mixin.py:150} INFO - [2023-08-09T03:13:38.224+0000] {dag.py:3508} INFO - Setting next_dagrun for example_sla_dag to 2023-08-09T03:10:00+00:00, run_after=2023-08-09T03:12:00+00:00
[2023-08-09T03:13:38.243+0000] {processor.py:179} INFO - Processing /home/airflow/.local/lib/python3.7/site-packages/airflow/example_dags/example_sla_dag.py took 0.079 seconds
[2023-08-09T03:14:08.624+0000] {processor.py:157} INFO - Started process (PID=454) to work on /home/airflow/.local/lib/python3.7/site-packages/airflow/example_dags/example_sla_dag.py
[2023-08-09T03:14:08.625+0000] {processor.py:826} INFO - Processing file /home/airflow/.local/lib/python3.7/site-packages/airflow/example_dags/example_sla_dag.py for tasks to queue
[2023-08-09T03:14:08.627+0000] {logging_mixin.py:150} INFO - [2023-08-09T03:14:08.626+0000] {dagbag.py:541} INFO - Filling up the DagBag from /home/airflow/.local/lib/python3.7/site-packages/airflow/example_dags/example_sla_dag.py
[2023-08-09T03:14:08.635+0000] {processor.py:836} INFO - DAG(s) dict_keys(['example_sla_dag']) retrieved from /home/airflow/.local/lib/python3.7/site-packages/airflow/example_dags/example_sla_dag.py
[2023-08-09T03:14:08.656+0000] {logging_mixin.py:150} INFO - [2023-08-09T03:14:08.655+0000] {dag.py:2742} INFO - Sync 1 DAGs
[2023-08-09T03:14:08.686+0000] {logging_mixin.py:150} INFO - [2023-08-09T03:14:08.686+0000] {dag.py:3508} INFO - Setting next_dagrun for example_sla_dag to 2023-08-09T03:12:00+00:00, run_after=2023-08-09T03:14:00+00:00
[2023-08-09T03:14:08.709+0000] {processor.py:179} INFO - Processing /home/airflow/.local/lib/python3.7/site-packages/airflow/example_dags/example_sla_dag.py took 0.088 seconds
[2023-08-09T03:14:38.929+0000] {processor.py:157} INFO - Started process (PID=510) to work on /home/airflow/.local/lib/python3.7/site-packages/airflow/example_dags/example_sla_dag.py
[2023-08-09T03:14:38.929+0000] {processor.py:826} INFO - Processing file /home/airflow/.local/lib/python3.7/site-packages/airflow/example_dags/example_sla_dag.py for tasks to queue
[2023-08-09T03:14:38.931+0000] {logging_mixin.py:150} INFO - [2023-08-09T03:14:38.931+0000] {dagbag.py:541} INFO - Filling up the DagBag from /home/airflow/.local/lib/python3.7/site-packages/airflow/example_dags/example_sla_dag.py
[2023-08-09T03:14:38.938+0000] {processor.py:836} INFO - DAG(s) dict_keys(['example_sla_dag']) retrieved from /home/airflow/.local/lib/python3.7/site-packages/airflow/example_dags/example_sla_dag.py
[2023-08-09T03:14:38.957+0000] {logging_mixin.py:150} INFO - [2023-08-09T03:14:38.957+0000] {dag.py:2742} INFO - Sync 1 DAGs
[2023-08-09T03:14:38.987+0000] {logging_mixin.py:150} INFO - [2023-08-09T03:14:38.987+0000] {dag.py:3508} INFO - Setting next_dagrun for example_sla_dag to 2023-08-09T03:12:00+00:00, run_after=2023-08-09T03:14:00+00:00
[2023-08-09T03:14:39.004+0000] {processor.py:179} INFO - Processing /home/airflow/.local/lib/python3.7/site-packages/airflow/example_dags/example_sla_dag.py took 0.078 seconds
[2023-08-09T03:15:09.144+0000] {processor.py:157} INFO - Started process (PID=565) to work on /home/airflow/.local/lib/python3.7/site-packages/airflow/example_dags/example_sla_dag.py
[2023-08-09T03:15:09.145+0000] {processor.py:826} INFO - Processing file /home/airflow/.local/lib/python3.7/site-packages/airflow/example_dags/example_sla_dag.py for tasks to queue
[2023-08-09T03:15:09.147+0000] {logging_mixin.py:150} INFO - [2023-08-09T03:15:09.146+0000] {dagbag.py:541} INFO - Filling up the DagBag from /home/airflow/.local/lib/python3.7/site-packages/airflow/example_dags/example_sla_dag.py
[2023-08-09T03:15:09.155+0000] {processor.py:836} INFO - DAG(s) dict_keys(['example_sla_dag']) retrieved from /home/airflow/.local/lib/python3.7/site-packages/airflow/example_dags/example_sla_dag.py
[2023-08-09T03:15:09.177+0000] {logging_mixin.py:150} INFO - [2023-08-09T03:15:09.177+0000] {dag.py:2742} INFO - Sync 1 DAGs
[2023-08-09T03:15:09.207+0000] {logging_mixin.py:150} INFO - [2023-08-09T03:15:09.207+0000] {dag.py:3508} INFO - Setting next_dagrun for example_sla_dag to 2023-08-09T03:12:00+00:00, run_after=2023-08-09T03:14:00+00:00
[2023-08-09T03:15:09.223+0000] {processor.py:179} INFO - Processing /home/airflow/.local/lib/python3.7/site-packages/airflow/example_dags/example_sla_dag.py took 0.082 seconds
[2023-08-09T03:15:40.243+0000] {processor.py:157} INFO - Started process (PID=620) to work on /home/airflow/.local/lib/python3.7/site-packages/airflow/example_dags/example_sla_dag.py
[2023-08-09T03:15:40.245+0000] {processor.py:826} INFO - Processing file /home/airflow/.local/lib/python3.7/site-packages/airflow/example_dags/example_sla_dag.py for tasks to queue
[2023-08-09T03:15:40.248+0000] {logging_mixin.py:150} INFO - [2023-08-09T03:15:40.248+0000] {dagbag.py:541} INFO - Filling up the DagBag from /home/airflow/.local/lib/python3.7/site-packages/airflow/example_dags/example_sla_dag.py
[2023-08-09T03:15:40.264+0000] {processor.py:836} INFO - DAG(s) dict_keys(['example_sla_dag']) retrieved from /home/airflow/.local/lib/python3.7/site-packages/airflow/example_dags/example_sla_dag.py
[2023-08-09T03:15:40.306+0000] {logging_mixin.py:150} INFO - [2023-08-09T03:15:40.305+0000] {dag.py:2742} INFO - Sync 1 DAGs
[2023-08-09T03:15:40.350+0000] {logging_mixin.py:150} INFO - [2023-08-09T03:15:40.349+0000] {dag.py:3508} INFO - Setting next_dagrun for example_sla_dag to 2023-08-09T03:12:00+00:00, run_after=2023-08-09T03:14:00+00:00
[2023-08-09T03:15:40.370+0000] {processor.py:179} INFO - Processing /home/airflow/.local/lib/python3.7/site-packages/airflow/example_dags/example_sla_dag.py took 0.130 seconds
[2023-08-09T03:16:10.799+0000] {processor.py:157} INFO - Started process (PID=675) to work on /home/airflow/.local/lib/python3.7/site-packages/airflow/example_dags/example_sla_dag.py
[2023-08-09T03:16:10.799+0000] {processor.py:826} INFO - Processing file /home/airflow/.local/lib/python3.7/site-packages/airflow/example_dags/example_sla_dag.py for tasks to queue
[2023-08-09T03:16:10.802+0000] {logging_mixin.py:150} INFO - [2023-08-09T03:16:10.801+0000] {dagbag.py:541} INFO - Filling up the DagBag from /home/airflow/.local/lib/python3.7/site-packages/airflow/example_dags/example_sla_dag.py
[2023-08-09T03:16:10.814+0000] {processor.py:836} INFO - DAG(s) dict_keys(['example_sla_dag']) retrieved from /home/airflow/.local/lib/python3.7/site-packages/airflow/example_dags/example_sla_dag.py
[2023-08-09T03:16:10.841+0000] {logging_mixin.py:150} INFO - [2023-08-09T03:16:10.840+0000] {dag.py:2742} INFO - Sync 1 DAGs
[2023-08-09T03:16:10.874+0000] {logging_mixin.py:150} INFO - [2023-08-09T03:16:10.874+0000] {dag.py:3508} INFO - Setting next_dagrun for example_sla_dag to 2023-08-09T03:14:00+00:00, run_after=2023-08-09T03:16:00+00:00
[2023-08-09T03:16:10.893+0000] {processor.py:179} INFO - Processing /home/airflow/.local/lib/python3.7/site-packages/airflow/example_dags/example_sla_dag.py took 0.098 seconds
[2023-08-09T03:16:40.946+0000] {processor.py:157} INFO - Started process (PID=730) to work on /home/airflow/.local/lib/python3.7/site-packages/airflow/example_dags/example_sla_dag.py
[2023-08-09T03:16:40.947+0000] {processor.py:826} INFO - Processing file /home/airflow/.local/lib/python3.7/site-packages/airflow/example_dags/example_sla_dag.py for tasks to queue
[2023-08-09T03:16:40.949+0000] {logging_mixin.py:150} INFO - [2023-08-09T03:16:40.949+0000] {dagbag.py:541} INFO - Filling up the DagBag from /home/airflow/.local/lib/python3.7/site-packages/airflow/example_dags/example_sla_dag.py
[2023-08-09T03:16:40.957+0000] {processor.py:836} INFO - DAG(s) dict_keys(['example_sla_dag']) retrieved from /home/airflow/.local/lib/python3.7/site-packages/airflow/example_dags/example_sla_dag.py
[2023-08-09T03:16:40.977+0000] {logging_mixin.py:150} INFO - [2023-08-09T03:16:40.976+0000] {dag.py:2742} INFO - Sync 1 DAGs
[2023-08-09T03:16:41.013+0000] {logging_mixin.py:150} INFO - [2023-08-09T03:16:41.013+0000] {dag.py:3508} INFO - Setting next_dagrun for example_sla_dag to 2023-08-09T03:14:00+00:00, run_after=2023-08-09T03:16:00+00:00
[2023-08-09T03:16:41.059+0000] {processor.py:179} INFO - Processing /home/airflow/.local/lib/python3.7/site-packages/airflow/example_dags/example_sla_dag.py took 0.117 seconds
[2023-08-09T03:17:11.438+0000] {processor.py:157} INFO - Started process (PID=785) to work on /home/airflow/.local/lib/python3.7/site-packages/airflow/example_dags/example_sla_dag.py
[2023-08-09T03:17:11.439+0000] {processor.py:826} INFO - Processing file /home/airflow/.local/lib/python3.7/site-packages/airflow/example_dags/example_sla_dag.py for tasks to queue
[2023-08-09T03:17:11.441+0000] {logging_mixin.py:150} INFO - [2023-08-09T03:17:11.441+0000] {dagbag.py:541} INFO - Filling up the DagBag from /home/airflow/.local/lib/python3.7/site-packages/airflow/example_dags/example_sla_dag.py
[2023-08-09T03:17:11.451+0000] {processor.py:836} INFO - DAG(s) dict_keys(['example_sla_dag']) retrieved from /home/airflow/.local/lib/python3.7/site-packages/airflow/example_dags/example_sla_dag.py
[2023-08-09T03:17:11.483+0000] {logging_mixin.py:150} INFO - [2023-08-09T03:17:11.482+0000] {dag.py:2742} INFO - Sync 1 DAGs
[2023-08-09T03:17:11.535+0000] {logging_mixin.py:150} INFO - [2023-08-09T03:17:11.535+0000] {dag.py:3508} INFO - Setting next_dagrun for example_sla_dag to 2023-08-09T03:14:00+00:00, run_after=2023-08-09T03:16:00+00:00
[2023-08-09T03:17:11.560+0000] {processor.py:179} INFO - Processing /home/airflow/.local/lib/python3.7/site-packages/airflow/example_dags/example_sla_dag.py took 0.124 seconds
[2023-08-09T03:17:41.627+0000] {processor.py:157} INFO - Started process (PID=840) to work on /home/airflow/.local/lib/python3.7/site-packages/airflow/example_dags/example_sla_dag.py
[2023-08-09T03:17:41.628+0000] {processor.py:826} INFO - Processing file /home/airflow/.local/lib/python3.7/site-packages/airflow/example_dags/example_sla_dag.py for tasks to queue
[2023-08-09T03:17:41.630+0000] {logging_mixin.py:150} INFO - [2023-08-09T03:17:41.629+0000] {dagbag.py:541} INFO - Filling up the DagBag from /home/airflow/.local/lib/python3.7/site-packages/airflow/example_dags/example_sla_dag.py
[2023-08-09T03:17:41.637+0000] {processor.py:836} INFO - DAG(s) dict_keys(['example_sla_dag']) retrieved from /home/airflow/.local/lib/python3.7/site-packages/airflow/example_dags/example_sla_dag.py
[2023-08-09T03:17:41.664+0000] {logging_mixin.py:150} INFO - [2023-08-09T03:17:41.663+0000] {dag.py:2742} INFO - Sync 1 DAGs
[2023-08-09T03:17:41.693+0000] {logging_mixin.py:150} INFO - [2023-08-09T03:17:41.692+0000] {dag.py:3508} INFO - Setting next_dagrun for example_sla_dag to 2023-08-09T03:14:00+00:00, run_after=2023-08-09T03:16:00+00:00
[2023-08-09T03:17:41.711+0000] {processor.py:179} INFO - Processing /home/airflow/.local/lib/python3.7/site-packages/airflow/example_dags/example_sla_dag.py took 0.087 seconds
[2023-08-09T03:18:11.939+0000] {processor.py:157} INFO - Started process (PID=895) to work on /home/airflow/.local/lib/python3.7/site-packages/airflow/example_dags/example_sla_dag.py
[2023-08-09T03:18:11.940+0000] {processor.py:826} INFO - Processing file /home/airflow/.local/lib/python3.7/site-packages/airflow/example_dags/example_sla_dag.py for tasks to queue
[2023-08-09T03:18:11.942+0000] {logging_mixin.py:150} INFO - [2023-08-09T03:18:11.942+0000] {dagbag.py:541} INFO - Filling up the DagBag from /home/airflow/.local/lib/python3.7/site-packages/airflow/example_dags/example_sla_dag.py
[2023-08-09T03:18:11.949+0000] {processor.py:836} INFO - DAG(s) dict_keys(['example_sla_dag']) retrieved from /home/airflow/.local/lib/python3.7/site-packages/airflow/example_dags/example_sla_dag.py
[2023-08-09T03:18:11.971+0000] {logging_mixin.py:150} INFO - [2023-08-09T03:18:11.971+0000] {dag.py:2742} INFO - Sync 1 DAGs
[2023-08-09T03:18:11.999+0000] {logging_mixin.py:150} INFO - [2023-08-09T03:18:11.998+0000] {dag.py:3508} INFO - Setting next_dagrun for example_sla_dag to 2023-08-09T03:16:00+00:00, run_after=2023-08-09T03:18:00+00:00
[2023-08-09T03:18:12.018+0000] {processor.py:179} INFO - Processing /home/airflow/.local/lib/python3.7/site-packages/airflow/example_dags/example_sla_dag.py took 0.081 seconds
[2023-08-09T03:18:42.516+0000] {processor.py:157} INFO - Started process (PID=950) to work on /home/airflow/.local/lib/python3.7/site-packages/airflow/example_dags/example_sla_dag.py
[2023-08-09T03:18:42.517+0000] {processor.py:826} INFO - Processing file /home/airflow/.local/lib/python3.7/site-packages/airflow/example_dags/example_sla_dag.py for tasks to queue
[2023-08-09T03:18:42.519+0000] {logging_mixin.py:150} INFO - [2023-08-09T03:18:42.519+0000] {dagbag.py:541} INFO - Filling up the DagBag from /home/airflow/.local/lib/python3.7/site-packages/airflow/example_dags/example_sla_dag.py
[2023-08-09T03:18:42.527+0000] {processor.py:836} INFO - DAG(s) dict_keys(['example_sla_dag']) retrieved from /home/airflow/.local/lib/python3.7/site-packages/airflow/example_dags/example_sla_dag.py
[2023-08-09T03:18:42.556+0000] {logging_mixin.py:150} INFO - [2023-08-09T03:18:42.555+0000] {dag.py:2742} INFO - Sync 1 DAGs
[2023-08-09T03:18:42.583+0000] {logging_mixin.py:150} INFO - [2023-08-09T03:18:42.583+0000] {dag.py:3508} INFO - Setting next_dagrun for example_sla_dag to 2023-08-09T03:16:00+00:00, run_after=2023-08-09T03:18:00+00:00
[2023-08-09T03:18:42.599+0000] {processor.py:179} INFO - Processing /home/airflow/.local/lib/python3.7/site-packages/airflow/example_dags/example_sla_dag.py took 0.087 seconds
[2023-08-09T03:19:12.861+0000] {processor.py:157} INFO - Started process (PID=1005) to work on /home/airflow/.local/lib/python3.7/site-packages/airflow/example_dags/example_sla_dag.py
[2023-08-09T03:19:12.862+0000] {processor.py:826} INFO - Processing file /home/airflow/.local/lib/python3.7/site-packages/airflow/example_dags/example_sla_dag.py for tasks to queue
[2023-08-09T03:19:12.864+0000] {logging_mixin.py:150} INFO - [2023-08-09T03:19:12.864+0000] {dagbag.py:541} INFO - Filling up the DagBag from /home/airflow/.local/lib/python3.7/site-packages/airflow/example_dags/example_sla_dag.py
[2023-08-09T03:19:12.876+0000] {processor.py:836} INFO - DAG(s) dict_keys(['example_sla_dag']) retrieved from /home/airflow/.local/lib/python3.7/site-packages/airflow/example_dags/example_sla_dag.py
[2023-08-09T03:19:12.908+0000] {logging_mixin.py:150} INFO - [2023-08-09T03:19:12.907+0000] {dag.py:2742} INFO - Sync 1 DAGs
[2023-08-09T03:19:12.947+0000] {logging_mixin.py:150} INFO - [2023-08-09T03:19:12.947+0000] {dag.py:3508} INFO - Setting next_dagrun for example_sla_dag to 2023-08-09T03:16:00+00:00, run_after=2023-08-09T03:18:00+00:00
[2023-08-09T03:19:12.966+0000] {processor.py:179} INFO - Processing /home/airflow/.local/lib/python3.7/site-packages/airflow/example_dags/example_sla_dag.py took 0.109 seconds
[2023-08-09T03:19:43.056+0000] {processor.py:157} INFO - Started process (PID=1060) to work on /home/airflow/.local/lib/python3.7/site-packages/airflow/example_dags/example_sla_dag.py
[2023-08-09T03:19:43.056+0000] {processor.py:826} INFO - Processing file /home/airflow/.local/lib/python3.7/site-packages/airflow/example_dags/example_sla_dag.py for tasks to queue
[2023-08-09T03:19:43.058+0000] {logging_mixin.py:150} INFO - [2023-08-09T03:19:43.058+0000] {dagbag.py:541} INFO - Filling up the DagBag from /home/airflow/.local/lib/python3.7/site-packages/airflow/example_dags/example_sla_dag.py
[2023-08-09T03:19:43.065+0000] {processor.py:836} INFO - DAG(s) dict_keys(['example_sla_dag']) retrieved from /home/airflow/.local/lib/python3.7/site-packages/airflow/example_dags/example_sla_dag.py
[2023-08-09T03:19:43.087+0000] {logging_mixin.py:150} INFO - [2023-08-09T03:19:43.086+0000] {dag.py:2742} INFO - Sync 1 DAGs
[2023-08-09T03:19:43.116+0000] {logging_mixin.py:150} INFO - [2023-08-09T03:19:43.116+0000] {dag.py:3508} INFO - Setting next_dagrun for example_sla_dag to 2023-08-09T03:16:00+00:00, run_after=2023-08-09T03:18:00+00:00
[2023-08-09T03:19:43.139+0000] {processor.py:179} INFO - Processing /home/airflow/.local/lib/python3.7/site-packages/airflow/example_dags/example_sla_dag.py took 0.087 seconds
[2023-08-09T03:20:13.972+0000] {processor.py:157} INFO - Started process (PID=1115) to work on /home/airflow/.local/lib/python3.7/site-packages/airflow/example_dags/example_sla_dag.py
[2023-08-09T03:20:13.973+0000] {processor.py:826} INFO - Processing file /home/airflow/.local/lib/python3.7/site-packages/airflow/example_dags/example_sla_dag.py for tasks to queue
[2023-08-09T03:20:13.975+0000] {logging_mixin.py:150} INFO - [2023-08-09T03:20:13.974+0000] {dagbag.py:541} INFO - Filling up the DagBag from /home/airflow/.local/lib/python3.7/site-packages/airflow/example_dags/example_sla_dag.py
[2023-08-09T03:20:13.982+0000] {processor.py:836} INFO - DAG(s) dict_keys(['example_sla_dag']) retrieved from /home/airflow/.local/lib/python3.7/site-packages/airflow/example_dags/example_sla_dag.py
[2023-08-09T03:20:14.008+0000] {logging_mixin.py:150} INFO - [2023-08-09T03:20:14.007+0000] {dag.py:2742} INFO - Sync 1 DAGs
[2023-08-09T03:20:14.050+0000] {logging_mixin.py:150} INFO - [2023-08-09T03:20:14.050+0000] {dag.py:3508} INFO - Setting next_dagrun for example_sla_dag to 2023-08-09T03:18:00+00:00, run_after=2023-08-09T03:20:00+00:00
[2023-08-09T03:20:14.073+0000] {processor.py:179} INFO - Processing /home/airflow/.local/lib/python3.7/site-packages/airflow/example_dags/example_sla_dag.py took 0.103 seconds
[2023-08-09T03:20:44.835+0000] {processor.py:157} INFO - Started process (PID=1170) to work on /home/airflow/.local/lib/python3.7/site-packages/airflow/example_dags/example_sla_dag.py
[2023-08-09T03:20:44.836+0000] {processor.py:826} INFO - Processing file /home/airflow/.local/lib/python3.7/site-packages/airflow/example_dags/example_sla_dag.py for tasks to queue
[2023-08-09T03:20:44.837+0000] {logging_mixin.py:150} INFO - [2023-08-09T03:20:44.837+0000] {dagbag.py:541} INFO - Filling up the DagBag from /home/airflow/.local/lib/python3.7/site-packages/airflow/example_dags/example_sla_dag.py
[2023-08-09T03:20:44.844+0000] {processor.py:836} INFO - DAG(s) dict_keys(['example_sla_dag']) retrieved from /home/airflow/.local/lib/python3.7/site-packages/airflow/example_dags/example_sla_dag.py
[2023-08-09T03:20:44.873+0000] {logging_mixin.py:150} INFO - [2023-08-09T03:20:44.872+0000] {dag.py:2742} INFO - Sync 1 DAGs
[2023-08-09T03:20:44.916+0000] {logging_mixin.py:150} INFO - [2023-08-09T03:20:44.916+0000] {dag.py:3508} INFO - Setting next_dagrun for example_sla_dag to 2023-08-09T03:18:00+00:00, run_after=2023-08-09T03:20:00+00:00
[2023-08-09T03:20:44.934+0000] {processor.py:179} INFO - Processing /home/airflow/.local/lib/python3.7/site-packages/airflow/example_dags/example_sla_dag.py took 0.102 seconds
[2023-08-09T03:21:15.218+0000] {processor.py:157} INFO - Started process (PID=1225) to work on /home/airflow/.local/lib/python3.7/site-packages/airflow/example_dags/example_sla_dag.py
[2023-08-09T03:21:15.219+0000] {processor.py:826} INFO - Processing file /home/airflow/.local/lib/python3.7/site-packages/airflow/example_dags/example_sla_dag.py for tasks to queue
[2023-08-09T03:21:15.221+0000] {logging_mixin.py:150} INFO - [2023-08-09T03:21:15.221+0000] {dagbag.py:541} INFO - Filling up the DagBag from /home/airflow/.local/lib/python3.7/site-packages/airflow/example_dags/example_sla_dag.py
[2023-08-09T03:21:15.228+0000] {processor.py:836} INFO - DAG(s) dict_keys(['example_sla_dag']) retrieved from /home/airflow/.local/lib/python3.7/site-packages/airflow/example_dags/example_sla_dag.py
[2023-08-09T03:21:15.248+0000] {logging_mixin.py:150} INFO - [2023-08-09T03:21:15.247+0000] {dag.py:2742} INFO - Sync 1 DAGs
[2023-08-09T03:21:15.280+0000] {logging_mixin.py:150} INFO - [2023-08-09T03:21:15.280+0000] {dag.py:3508} INFO - Setting next_dagrun for example_sla_dag to 2023-08-09T03:18:00+00:00, run_after=2023-08-09T03:20:00+00:00
[2023-08-09T03:21:15.296+0000] {processor.py:179} INFO - Processing /home/airflow/.local/lib/python3.7/site-packages/airflow/example_dags/example_sla_dag.py took 0.081 seconds
[2023-08-09T03:21:45.515+0000] {processor.py:157} INFO - Started process (PID=1280) to work on /home/airflow/.local/lib/python3.7/site-packages/airflow/example_dags/example_sla_dag.py
[2023-08-09T03:21:45.516+0000] {processor.py:826} INFO - Processing file /home/airflow/.local/lib/python3.7/site-packages/airflow/example_dags/example_sla_dag.py for tasks to queue
[2023-08-09T03:21:45.518+0000] {logging_mixin.py:150} INFO - [2023-08-09T03:21:45.518+0000] {dagbag.py:541} INFO - Filling up the DagBag from /home/airflow/.local/lib/python3.7/site-packages/airflow/example_dags/example_sla_dag.py
[2023-08-09T03:21:45.527+0000] {processor.py:836} INFO - DAG(s) dict_keys(['example_sla_dag']) retrieved from /home/airflow/.local/lib/python3.7/site-packages/airflow/example_dags/example_sla_dag.py
[2023-08-09T03:21:45.557+0000] {logging_mixin.py:150} INFO - [2023-08-09T03:21:45.556+0000] {dag.py:2742} INFO - Sync 1 DAGs
[2023-08-09T03:21:45.586+0000] {logging_mixin.py:150} INFO - [2023-08-09T03:21:45.586+0000] {dag.py:3508} INFO - Setting next_dagrun for example_sla_dag to 2023-08-09T03:18:00+00:00, run_after=2023-08-09T03:20:00+00:00
[2023-08-09T03:21:45.605+0000] {processor.py:179} INFO - Processing /home/airflow/.local/lib/python3.7/site-packages/airflow/example_dags/example_sla_dag.py took 0.092 seconds
[2023-08-09T03:22:16.588+0000] {processor.py:157} INFO - Started process (PID=1335) to work on /home/airflow/.local/lib/python3.7/site-packages/airflow/example_dags/example_sla_dag.py
[2023-08-09T03:22:16.589+0000] {processor.py:826} INFO - Processing file /home/airflow/.local/lib/python3.7/site-packages/airflow/example_dags/example_sla_dag.py for tasks to queue
[2023-08-09T03:22:16.591+0000] {logging_mixin.py:150} INFO - [2023-08-09T03:22:16.591+0000] {dagbag.py:541} INFO - Filling up the DagBag from /home/airflow/.local/lib/python3.7/site-packages/airflow/example_dags/example_sla_dag.py
[2023-08-09T03:22:16.600+0000] {processor.py:836} INFO - DAG(s) dict_keys(['example_sla_dag']) retrieved from /home/airflow/.local/lib/python3.7/site-packages/airflow/example_dags/example_sla_dag.py
[2023-08-09T03:22:16.631+0000] {logging_mixin.py:150} INFO - [2023-08-09T03:22:16.631+0000] {dag.py:2742} INFO - Sync 1 DAGs
[2023-08-09T03:22:16.671+0000] {logging_mixin.py:150} INFO - [2023-08-09T03:22:16.670+0000] {dag.py:3508} INFO - Setting next_dagrun for example_sla_dag to 2023-08-09T03:20:00+00:00, run_after=2023-08-09T03:22:00+00:00
[2023-08-09T03:22:16.698+0000] {processor.py:179} INFO - Processing /home/airflow/.local/lib/python3.7/site-packages/airflow/example_dags/example_sla_dag.py took 0.115 seconds
[2023-08-09T03:22:47.024+0000] {processor.py:157} INFO - Started process (PID=1389) to work on /home/airflow/.local/lib/python3.7/site-packages/airflow/example_dags/example_sla_dag.py
[2023-08-09T03:22:47.025+0000] {processor.py:826} INFO - Processing file /home/airflow/.local/lib/python3.7/site-packages/airflow/example_dags/example_sla_dag.py for tasks to queue
[2023-08-09T03:22:47.027+0000] {logging_mixin.py:150} INFO - [2023-08-09T03:22:47.027+0000] {dagbag.py:541} INFO - Filling up the DagBag from /home/airflow/.local/lib/python3.7/site-packages/airflow/example_dags/example_sla_dag.py
[2023-08-09T03:22:47.034+0000] {processor.py:836} INFO - DAG(s) dict_keys(['example_sla_dag']) retrieved from /home/airflow/.local/lib/python3.7/site-packages/airflow/example_dags/example_sla_dag.py
[2023-08-09T03:22:47.055+0000] {logging_mixin.py:150} INFO - [2023-08-09T03:22:47.055+0000] {dag.py:2742} INFO - Sync 1 DAGs
[2023-08-09T03:22:47.094+0000] {logging_mixin.py:150} INFO - [2023-08-09T03:22:47.094+0000] {dag.py:3508} INFO - Setting next_dagrun for example_sla_dag to 2023-08-09T03:20:00+00:00, run_after=2023-08-09T03:22:00+00:00
[2023-08-09T03:22:47.110+0000] {processor.py:179} INFO - Processing /home/airflow/.local/lib/python3.7/site-packages/airflow/example_dags/example_sla_dag.py took 0.089 seconds
[2023-08-09T03:23:17.166+0000] {processor.py:157} INFO - Started process (PID=1444) to work on /home/airflow/.local/lib/python3.7/site-packages/airflow/example_dags/example_sla_dag.py
[2023-08-09T03:23:17.167+0000] {processor.py:826} INFO - Processing file /home/airflow/.local/lib/python3.7/site-packages/airflow/example_dags/example_sla_dag.py for tasks to queue
[2023-08-09T03:23:17.169+0000] {logging_mixin.py:150} INFO - [2023-08-09T03:23:17.169+0000] {dagbag.py:541} INFO - Filling up the DagBag from /home/airflow/.local/lib/python3.7/site-packages/airflow/example_dags/example_sla_dag.py
[2023-08-09T03:23:17.181+0000] {processor.py:836} INFO - DAG(s) dict_keys(['example_sla_dag']) retrieved from /home/airflow/.local/lib/python3.7/site-packages/airflow/example_dags/example_sla_dag.py
[2023-08-09T03:23:17.213+0000] {logging_mixin.py:150} INFO - [2023-08-09T03:23:17.212+0000] {dag.py:2742} INFO - Sync 1 DAGs
[2023-08-09T03:23:17.250+0000] {logging_mixin.py:150} INFO - [2023-08-09T03:23:17.250+0000] {dag.py:3508} INFO - Setting next_dagrun for example_sla_dag to 2023-08-09T03:20:00+00:00, run_after=2023-08-09T03:22:00+00:00
[2023-08-09T03:23:17.267+0000] {processor.py:179} INFO - Processing /home/airflow/.local/lib/python3.7/site-packages/airflow/example_dags/example_sla_dag.py took 0.105 seconds
[2023-08-09T03:23:47.382+0000] {processor.py:157} INFO - Started process (PID=1499) to work on /home/airflow/.local/lib/python3.7/site-packages/airflow/example_dags/example_sla_dag.py
[2023-08-09T03:23:47.383+0000] {processor.py:826} INFO - Processing file /home/airflow/.local/lib/python3.7/site-packages/airflow/example_dags/example_sla_dag.py for tasks to queue
[2023-08-09T03:23:47.386+0000] {logging_mixin.py:150} INFO - [2023-08-09T03:23:47.385+0000] {dagbag.py:541} INFO - Filling up the DagBag from /home/airflow/.local/lib/python3.7/site-packages/airflow/example_dags/example_sla_dag.py
[2023-08-09T03:23:47.395+0000] {processor.py:836} INFO - DAG(s) dict_keys(['example_sla_dag']) retrieved from /home/airflow/.local/lib/python3.7/site-packages/airflow/example_dags/example_sla_dag.py
[2023-08-09T03:23:47.419+0000] {logging_mixin.py:150} INFO - [2023-08-09T03:23:47.419+0000] {dag.py:2742} INFO - Sync 1 DAGs
[2023-08-09T03:23:47.463+0000] {logging_mixin.py:150} INFO - [2023-08-09T03:23:47.463+0000] {dag.py:3508} INFO - Setting next_dagrun for example_sla_dag to 2023-08-09T03:20:00+00:00, run_after=2023-08-09T03:22:00+00:00
[2023-08-09T03:23:47.487+0000] {processor.py:179} INFO - Processing /home/airflow/.local/lib/python3.7/site-packages/airflow/example_dags/example_sla_dag.py took 0.108 seconds
[2023-08-09T03:24:17.569+0000] {processor.py:157} INFO - Started process (PID=1554) to work on /home/airflow/.local/lib/python3.7/site-packages/airflow/example_dags/example_sla_dag.py
[2023-08-09T03:24:17.570+0000] {processor.py:826} INFO - Processing file /home/airflow/.local/lib/python3.7/site-packages/airflow/example_dags/example_sla_dag.py for tasks to queue
[2023-08-09T03:24:17.572+0000] {logging_mixin.py:150} INFO - [2023-08-09T03:24:17.571+0000] {dagbag.py:541} INFO - Filling up the DagBag from /home/airflow/.local/lib/python3.7/site-packages/airflow/example_dags/example_sla_dag.py
[2023-08-09T03:24:17.578+0000] {processor.py:836} INFO - DAG(s) dict_keys(['example_sla_dag']) retrieved from /home/airflow/.local/lib/python3.7/site-packages/airflow/example_dags/example_sla_dag.py
[2023-08-09T03:24:17.604+0000] {logging_mixin.py:150} INFO - [2023-08-09T03:24:17.603+0000] {dag.py:2742} INFO - Sync 1 DAGs
[2023-08-09T03:24:17.631+0000] {logging_mixin.py:150} INFO - [2023-08-09T03:24:17.631+0000] {dag.py:3508} INFO - Setting next_dagrun for example_sla_dag to 2023-08-09T03:22:00+00:00, run_after=2023-08-09T03:24:00+00:00
[2023-08-09T03:24:17.649+0000] {processor.py:179} INFO - Processing /home/airflow/.local/lib/python3.7/site-packages/airflow/example_dags/example_sla_dag.py took 0.082 seconds
[2023-08-09T03:24:47.781+0000] {processor.py:157} INFO - Started process (PID=1608) to work on /home/airflow/.local/lib/python3.7/site-packages/airflow/example_dags/example_sla_dag.py
[2023-08-09T03:24:47.782+0000] {processor.py:826} INFO - Processing file /home/airflow/.local/lib/python3.7/site-packages/airflow/example_dags/example_sla_dag.py for tasks to queue
[2023-08-09T03:24:47.783+0000] {logging_mixin.py:150} INFO - [2023-08-09T03:24:47.783+0000] {dagbag.py:541} INFO - Filling up the DagBag from /home/airflow/.local/lib/python3.7/site-packages/airflow/example_dags/example_sla_dag.py
[2023-08-09T03:24:47.790+0000] {processor.py:836} INFO - DAG(s) dict_keys(['example_sla_dag']) retrieved from /home/airflow/.local/lib/python3.7/site-packages/airflow/example_dags/example_sla_dag.py
[2023-08-09T03:24:47.816+0000] {logging_mixin.py:150} INFO - [2023-08-09T03:24:47.815+0000] {dag.py:2742} INFO - Sync 1 DAGs
[2023-08-09T03:24:47.857+0000] {logging_mixin.py:150} INFO - [2023-08-09T03:24:47.857+0000] {dag.py:3508} INFO - Setting next_dagrun for example_sla_dag to 2023-08-09T03:22:00+00:00, run_after=2023-08-09T03:24:00+00:00
[2023-08-09T03:24:47.875+0000] {processor.py:179} INFO - Processing /home/airflow/.local/lib/python3.7/site-packages/airflow/example_dags/example_sla_dag.py took 0.097 seconds
[2023-08-09T03:25:17.965+0000] {processor.py:157} INFO - Started process (PID=1662) to work on /home/airflow/.local/lib/python3.7/site-packages/airflow/example_dags/example_sla_dag.py
[2023-08-09T03:25:17.966+0000] {processor.py:826} INFO - Processing file /home/airflow/.local/lib/python3.7/site-packages/airflow/example_dags/example_sla_dag.py for tasks to queue
[2023-08-09T03:25:17.968+0000] {logging_mixin.py:150} INFO - [2023-08-09T03:25:17.968+0000] {dagbag.py:541} INFO - Filling up the DagBag from /home/airflow/.local/lib/python3.7/site-packages/airflow/example_dags/example_sla_dag.py
[2023-08-09T03:25:17.979+0000] {processor.py:836} INFO - DAG(s) dict_keys(['example_sla_dag']) retrieved from /home/airflow/.local/lib/python3.7/site-packages/airflow/example_dags/example_sla_dag.py
[2023-08-09T03:25:18.004+0000] {logging_mixin.py:150} INFO - [2023-08-09T03:25:18.003+0000] {dag.py:2742} INFO - Sync 1 DAGs
[2023-08-09T03:25:18.034+0000] {logging_mixin.py:150} INFO - [2023-08-09T03:25:18.033+0000] {dag.py:3508} INFO - Setting next_dagrun for example_sla_dag to 2023-08-09T03:22:00+00:00, run_after=2023-08-09T03:24:00+00:00
[2023-08-09T03:25:18.059+0000] {processor.py:179} INFO - Processing /home/airflow/.local/lib/python3.7/site-packages/airflow/example_dags/example_sla_dag.py took 0.097 seconds
[2023-08-09T03:25:48.196+0000] {processor.py:157} INFO - Started process (PID=1717) to work on /home/airflow/.local/lib/python3.7/site-packages/airflow/example_dags/example_sla_dag.py
[2023-08-09T03:25:48.197+0000] {processor.py:826} INFO - Processing file /home/airflow/.local/lib/python3.7/site-packages/airflow/example_dags/example_sla_dag.py for tasks to queue
[2023-08-09T03:25:48.198+0000] {logging_mixin.py:150} INFO - [2023-08-09T03:25:48.198+0000] {dagbag.py:541} INFO - Filling up the DagBag from /home/airflow/.local/lib/python3.7/site-packages/airflow/example_dags/example_sla_dag.py
[2023-08-09T03:25:48.206+0000] {processor.py:836} INFO - DAG(s) dict_keys(['example_sla_dag']) retrieved from /home/airflow/.local/lib/python3.7/site-packages/airflow/example_dags/example_sla_dag.py
[2023-08-09T03:25:48.229+0000] {logging_mixin.py:150} INFO - [2023-08-09T03:25:48.229+0000] {dag.py:2742} INFO - Sync 1 DAGs
[2023-08-09T03:25:48.258+0000] {logging_mixin.py:150} INFO - [2023-08-09T03:25:48.258+0000] {dag.py:3508} INFO - Setting next_dagrun for example_sla_dag to 2023-08-09T03:22:00+00:00, run_after=2023-08-09T03:24:00+00:00
[2023-08-09T03:25:48.276+0000] {processor.py:179} INFO - Processing /home/airflow/.local/lib/python3.7/site-packages/airflow/example_dags/example_sla_dag.py took 0.084 seconds
[2023-08-09T03:26:18.714+0000] {processor.py:157} INFO - Started process (PID=1771) to work on /home/airflow/.local/lib/python3.7/site-packages/airflow/example_dags/example_sla_dag.py
[2023-08-09T03:26:18.716+0000] {processor.py:826} INFO - Processing file /home/airflow/.local/lib/python3.7/site-packages/airflow/example_dags/example_sla_dag.py for tasks to queue
[2023-08-09T03:26:18.719+0000] {logging_mixin.py:150} INFO - [2023-08-09T03:26:18.719+0000] {dagbag.py:541} INFO - Filling up the DagBag from /home/airflow/.local/lib/python3.7/site-packages/airflow/example_dags/example_sla_dag.py
[2023-08-09T03:26:18.729+0000] {processor.py:836} INFO - DAG(s) dict_keys(['example_sla_dag']) retrieved from /home/airflow/.local/lib/python3.7/site-packages/airflow/example_dags/example_sla_dag.py
[2023-08-09T03:26:18.752+0000] {logging_mixin.py:150} INFO - [2023-08-09T03:26:18.752+0000] {dag.py:2742} INFO - Sync 1 DAGs
[2023-08-09T03:26:18.780+0000] {logging_mixin.py:150} INFO - [2023-08-09T03:26:18.780+0000] {dag.py:3508} INFO - Setting next_dagrun for example_sla_dag to 2023-08-09T03:24:00+00:00, run_after=2023-08-09T03:26:00+00:00
[2023-08-09T03:26:18.797+0000] {processor.py:179} INFO - Processing /home/airflow/.local/lib/python3.7/site-packages/airflow/example_dags/example_sla_dag.py took 0.088 seconds
[2023-08-09T03:26:49.778+0000] {processor.py:157} INFO - Started process (PID=1827) to work on /home/airflow/.local/lib/python3.7/site-packages/airflow/example_dags/example_sla_dag.py
[2023-08-09T03:26:49.778+0000] {processor.py:826} INFO - Processing file /home/airflow/.local/lib/python3.7/site-packages/airflow/example_dags/example_sla_dag.py for tasks to queue
[2023-08-09T03:26:49.780+0000] {logging_mixin.py:150} INFO - [2023-08-09T03:26:49.780+0000] {dagbag.py:541} INFO - Filling up the DagBag from /home/airflow/.local/lib/python3.7/site-packages/airflow/example_dags/example_sla_dag.py
[2023-08-09T03:26:49.787+0000] {processor.py:836} INFO - DAG(s) dict_keys(['example_sla_dag']) retrieved from /home/airflow/.local/lib/python3.7/site-packages/airflow/example_dags/example_sla_dag.py
[2023-08-09T03:26:49.807+0000] {logging_mixin.py:150} INFO - [2023-08-09T03:26:49.806+0000] {dag.py:2742} INFO - Sync 1 DAGs
[2023-08-09T03:26:49.833+0000] {logging_mixin.py:150} INFO - [2023-08-09T03:26:49.832+0000] {dag.py:3508} INFO - Setting next_dagrun for example_sla_dag to 2023-08-09T03:24:00+00:00, run_after=2023-08-09T03:26:00+00:00
[2023-08-09T03:26:49.855+0000] {processor.py:179} INFO - Processing /home/airflow/.local/lib/python3.7/site-packages/airflow/example_dags/example_sla_dag.py took 0.080 seconds
[2023-08-09T03:27:20.189+0000] {processor.py:157} INFO - Started process (PID=1881) to work on /home/airflow/.local/lib/python3.7/site-packages/airflow/example_dags/example_sla_dag.py
[2023-08-09T03:27:20.190+0000] {processor.py:826} INFO - Processing file /home/airflow/.local/lib/python3.7/site-packages/airflow/example_dags/example_sla_dag.py for tasks to queue
[2023-08-09T03:27:20.192+0000] {logging_mixin.py:150} INFO - [2023-08-09T03:27:20.192+0000] {dagbag.py:541} INFO - Filling up the DagBag from /home/airflow/.local/lib/python3.7/site-packages/airflow/example_dags/example_sla_dag.py
[2023-08-09T03:27:20.201+0000] {processor.py:836} INFO - DAG(s) dict_keys(['example_sla_dag']) retrieved from /home/airflow/.local/lib/python3.7/site-packages/airflow/example_dags/example_sla_dag.py
[2023-08-09T03:27:20.230+0000] {logging_mixin.py:150} INFO - [2023-08-09T03:27:20.229+0000] {dag.py:2742} INFO - Sync 1 DAGs
[2023-08-09T03:27:20.274+0000] {logging_mixin.py:150} INFO - [2023-08-09T03:27:20.274+0000] {dag.py:3508} INFO - Setting next_dagrun for example_sla_dag to 2023-08-09T03:24:00+00:00, run_after=2023-08-09T03:26:00+00:00
[2023-08-09T03:27:20.314+0000] {processor.py:179} INFO - Processing /home/airflow/.local/lib/python3.7/site-packages/airflow/example_dags/example_sla_dag.py took 0.128 seconds
[2023-08-09T03:27:50.569+0000] {processor.py:157} INFO - Started process (PID=1943) to work on /home/airflow/.local/lib/python3.7/site-packages/airflow/example_dags/example_sla_dag.py
[2023-08-09T03:27:50.570+0000] {processor.py:826} INFO - Processing file /home/airflow/.local/lib/python3.7/site-packages/airflow/example_dags/example_sla_dag.py for tasks to queue
[2023-08-09T03:27:50.572+0000] {logging_mixin.py:150} INFO - [2023-08-09T03:27:50.572+0000] {dagbag.py:541} INFO - Filling up the DagBag from /home/airflow/.local/lib/python3.7/site-packages/airflow/example_dags/example_sla_dag.py
[2023-08-09T03:27:50.580+0000] {processor.py:836} INFO - DAG(s) dict_keys(['example_sla_dag']) retrieved from /home/airflow/.local/lib/python3.7/site-packages/airflow/example_dags/example_sla_dag.py
[2023-08-09T03:27:50.601+0000] {logging_mixin.py:150} INFO - [2023-08-09T03:27:50.601+0000] {dag.py:2742} INFO - Sync 1 DAGs
[2023-08-09T03:27:50.633+0000] {logging_mixin.py:150} INFO - [2023-08-09T03:27:50.633+0000] {dag.py:3508} INFO - Setting next_dagrun for example_sla_dag to 2023-08-09T03:24:00+00:00, run_after=2023-08-09T03:26:00+00:00
[2023-08-09T03:27:50.650+0000] {processor.py:179} INFO - Processing /home/airflow/.local/lib/python3.7/site-packages/airflow/example_dags/example_sla_dag.py took 0.084 seconds
[2023-08-09T03:28:20.915+0000] {processor.py:157} INFO - Started process (PID=1999) to work on /home/airflow/.local/lib/python3.7/site-packages/airflow/example_dags/example_sla_dag.py
[2023-08-09T03:28:20.916+0000] {processor.py:826} INFO - Processing file /home/airflow/.local/lib/python3.7/site-packages/airflow/example_dags/example_sla_dag.py for tasks to queue
[2023-08-09T03:28:20.918+0000] {logging_mixin.py:150} INFO - [2023-08-09T03:28:20.918+0000] {dagbag.py:541} INFO - Filling up the DagBag from /home/airflow/.local/lib/python3.7/site-packages/airflow/example_dags/example_sla_dag.py
[2023-08-09T03:28:20.925+0000] {processor.py:836} INFO - DAG(s) dict_keys(['example_sla_dag']) retrieved from /home/airflow/.local/lib/python3.7/site-packages/airflow/example_dags/example_sla_dag.py
[2023-08-09T03:28:20.946+0000] {logging_mixin.py:150} INFO - [2023-08-09T03:28:20.945+0000] {dag.py:2742} INFO - Sync 1 DAGs
[2023-08-09T03:28:20.984+0000] {logging_mixin.py:150} INFO - [2023-08-09T03:28:20.984+0000] {dag.py:3508} INFO - Setting next_dagrun for example_sla_dag to 2023-08-09T03:26:00+00:00, run_after=2023-08-09T03:28:00+00:00
[2023-08-09T03:28:21.006+0000] {processor.py:179} INFO - Processing /home/airflow/.local/lib/python3.7/site-packages/airflow/example_dags/example_sla_dag.py took 0.093 seconds
[2023-08-09T03:28:51.292+0000] {processor.py:157} INFO - Started process (PID=2054) to work on /home/airflow/.local/lib/python3.7/site-packages/airflow/example_dags/example_sla_dag.py
[2023-08-09T03:28:51.293+0000] {processor.py:826} INFO - Processing file /home/airflow/.local/lib/python3.7/site-packages/airflow/example_dags/example_sla_dag.py for tasks to queue
[2023-08-09T03:28:51.294+0000] {logging_mixin.py:150} INFO - [2023-08-09T03:28:51.294+0000] {dagbag.py:541} INFO - Filling up the DagBag from /home/airflow/.local/lib/python3.7/site-packages/airflow/example_dags/example_sla_dag.py
[2023-08-09T03:28:51.302+0000] {processor.py:836} INFO - DAG(s) dict_keys(['example_sla_dag']) retrieved from /home/airflow/.local/lib/python3.7/site-packages/airflow/example_dags/example_sla_dag.py
[2023-08-09T03:28:51.329+0000] {logging_mixin.py:150} INFO - [2023-08-09T03:28:51.328+0000] {dag.py:2742} INFO - Sync 1 DAGs
[2023-08-09T03:28:51.368+0000] {logging_mixin.py:150} INFO - [2023-08-09T03:28:51.368+0000] {dag.py:3508} INFO - Setting next_dagrun for example_sla_dag to 2023-08-09T03:26:00+00:00, run_after=2023-08-09T03:28:00+00:00
[2023-08-09T03:28:51.390+0000] {processor.py:179} INFO - Processing /home/airflow/.local/lib/python3.7/site-packages/airflow/example_dags/example_sla_dag.py took 0.101 seconds
[2023-08-09T03:29:21.618+0000] {processor.py:157} INFO - Started process (PID=2109) to work on /home/airflow/.local/lib/python3.7/site-packages/airflow/example_dags/example_sla_dag.py
[2023-08-09T03:29:21.619+0000] {processor.py:826} INFO - Processing file /home/airflow/.local/lib/python3.7/site-packages/airflow/example_dags/example_sla_dag.py for tasks to queue
[2023-08-09T03:29:21.622+0000] {logging_mixin.py:150} INFO - [2023-08-09T03:29:21.621+0000] {dagbag.py:541} INFO - Filling up the DagBag from /home/airflow/.local/lib/python3.7/site-packages/airflow/example_dags/example_sla_dag.py
[2023-08-09T03:29:21.634+0000] {processor.py:836} INFO - DAG(s) dict_keys(['example_sla_dag']) retrieved from /home/airflow/.local/lib/python3.7/site-packages/airflow/example_dags/example_sla_dag.py
[2023-08-09T03:29:21.670+0000] {logging_mixin.py:150} INFO - [2023-08-09T03:29:21.669+0000] {dag.py:2742} INFO - Sync 1 DAGs
[2023-08-09T03:29:21.715+0000] {logging_mixin.py:150} INFO - [2023-08-09T03:29:21.715+0000] {dag.py:3508} INFO - Setting next_dagrun for example_sla_dag to 2023-08-09T03:26:00+00:00, run_after=2023-08-09T03:28:00+00:00
[2023-08-09T03:29:21.731+0000] {processor.py:179} INFO - Processing /home/airflow/.local/lib/python3.7/site-packages/airflow/example_dags/example_sla_dag.py took 0.118 seconds
[2023-08-09T03:29:52.618+0000] {processor.py:157} INFO - Started process (PID=2164) to work on /home/airflow/.local/lib/python3.7/site-packages/airflow/example_dags/example_sla_dag.py
[2023-08-09T03:29:52.619+0000] {processor.py:826} INFO - Processing file /home/airflow/.local/lib/python3.7/site-packages/airflow/example_dags/example_sla_dag.py for tasks to queue
[2023-08-09T03:29:52.619+0000] {logging_mixin.py:150} INFO - [2023-08-09T03:29:52.619+0000] {dagbag.py:541} INFO - Filling up the DagBag from /home/airflow/.local/lib/python3.7/site-packages/airflow/example_dags/example_sla_dag.py
[2023-08-09T03:29:52.626+0000] {processor.py:836} INFO - DAG(s) dict_keys(['example_sla_dag']) retrieved from /home/airflow/.local/lib/python3.7/site-packages/airflow/example_dags/example_sla_dag.py
[2023-08-09T03:29:52.646+0000] {logging_mixin.py:150} INFO - [2023-08-09T03:29:52.646+0000] {dag.py:2742} INFO - Sync 1 DAGs
[2023-08-09T03:29:52.672+0000] {logging_mixin.py:150} INFO - [2023-08-09T03:29:52.672+0000] {dag.py:3508} INFO - Setting next_dagrun for example_sla_dag to 2023-08-09T03:26:00+00:00, run_after=2023-08-09T03:28:00+00:00
[2023-08-09T03:29:52.689+0000] {processor.py:179} INFO - Processing /home/airflow/.local/lib/python3.7/site-packages/airflow/example_dags/example_sla_dag.py took 0.074 seconds
[2023-08-09T03:30:23.626+0000] {processor.py:157} INFO - Started process (PID=2219) to work on /home/airflow/.local/lib/python3.7/site-packages/airflow/example_dags/example_sla_dag.py
[2023-08-09T03:30:23.627+0000] {processor.py:826} INFO - Processing file /home/airflow/.local/lib/python3.7/site-packages/airflow/example_dags/example_sla_dag.py for tasks to queue
[2023-08-09T03:30:23.627+0000] {logging_mixin.py:150} INFO - [2023-08-09T03:30:23.627+0000] {dagbag.py:541} INFO - Filling up the DagBag from /home/airflow/.local/lib/python3.7/site-packages/airflow/example_dags/example_sla_dag.py
[2023-08-09T03:30:23.635+0000] {processor.py:836} INFO - DAG(s) dict_keys(['example_sla_dag']) retrieved from /home/airflow/.local/lib/python3.7/site-packages/airflow/example_dags/example_sla_dag.py
[2023-08-09T03:30:23.660+0000] {logging_mixin.py:150} INFO - [2023-08-09T03:30:23.660+0000] {dag.py:2742} INFO - Sync 1 DAGs
[2023-08-09T03:30:23.697+0000] {logging_mixin.py:150} INFO - [2023-08-09T03:30:23.697+0000] {dag.py:3508} INFO - Setting next_dagrun for example_sla_dag to 2023-08-09T03:28:00+00:00, run_after=2023-08-09T03:30:00+00:00
[2023-08-09T03:30:23.717+0000] {processor.py:179} INFO - Processing /home/airflow/.local/lib/python3.7/site-packages/airflow/example_dags/example_sla_dag.py took 0.094 seconds
[2023-08-09T03:30:54.062+0000] {processor.py:157} INFO - Started process (PID=2275) to work on /home/airflow/.local/lib/python3.7/site-packages/airflow/example_dags/example_sla_dag.py
[2023-08-09T03:30:54.063+0000] {processor.py:826} INFO - Processing file /home/airflow/.local/lib/python3.7/site-packages/airflow/example_dags/example_sla_dag.py for tasks to queue
[2023-08-09T03:30:54.063+0000] {logging_mixin.py:150} INFO - [2023-08-09T03:30:54.063+0000] {dagbag.py:541} INFO - Filling up the DagBag from /home/airflow/.local/lib/python3.7/site-packages/airflow/example_dags/example_sla_dag.py
[2023-08-09T03:30:54.070+0000] {processor.py:836} INFO - DAG(s) dict_keys(['example_sla_dag']) retrieved from /home/airflow/.local/lib/python3.7/site-packages/airflow/example_dags/example_sla_dag.py
[2023-08-09T03:30:54.091+0000] {logging_mixin.py:150} INFO - [2023-08-09T03:30:54.091+0000] {dag.py:2742} INFO - Sync 1 DAGs
[2023-08-09T03:30:54.122+0000] {logging_mixin.py:150} INFO - [2023-08-09T03:30:54.122+0000] {dag.py:3508} INFO - Setting next_dagrun for example_sla_dag to 2023-08-09T03:28:00+00:00, run_after=2023-08-09T03:30:00+00:00
[2023-08-09T03:30:54.144+0000] {processor.py:179} INFO - Processing /home/airflow/.local/lib/python3.7/site-packages/airflow/example_dags/example_sla_dag.py took 0.085 seconds
[2023-08-09T03:31:24.424+0000] {processor.py:157} INFO - Started process (PID=2333) to work on /home/airflow/.local/lib/python3.7/site-packages/airflow/example_dags/example_sla_dag.py
[2023-08-09T03:31:24.425+0000] {processor.py:826} INFO - Processing file /home/airflow/.local/lib/python3.7/site-packages/airflow/example_dags/example_sla_dag.py for tasks to queue
[2023-08-09T03:31:24.426+0000] {logging_mixin.py:150} INFO - [2023-08-09T03:31:24.426+0000] {dagbag.py:541} INFO - Filling up the DagBag from /home/airflow/.local/lib/python3.7/site-packages/airflow/example_dags/example_sla_dag.py
[2023-08-09T03:31:24.433+0000] {processor.py:836} INFO - DAG(s) dict_keys(['example_sla_dag']) retrieved from /home/airflow/.local/lib/python3.7/site-packages/airflow/example_dags/example_sla_dag.py
[2023-08-09T03:31:24.453+0000] {logging_mixin.py:150} INFO - [2023-08-09T03:31:24.453+0000] {dag.py:2742} INFO - Sync 1 DAGs
[2023-08-09T03:31:24.482+0000] {logging_mixin.py:150} INFO - [2023-08-09T03:31:24.481+0000] {dag.py:3508} INFO - Setting next_dagrun for example_sla_dag to 2023-08-09T03:28:00+00:00, run_after=2023-08-09T03:30:00+00:00
[2023-08-09T03:31:24.498+0000] {processor.py:179} INFO - Processing /home/airflow/.local/lib/python3.7/site-packages/airflow/example_dags/example_sla_dag.py took 0.076 seconds
[2023-08-09T03:31:54.995+0000] {processor.py:157} INFO - Started process (PID=2388) to work on /home/airflow/.local/lib/python3.7/site-packages/airflow/example_dags/example_sla_dag.py
[2023-08-09T03:31:54.996+0000] {processor.py:826} INFO - Processing file /home/airflow/.local/lib/python3.7/site-packages/airflow/example_dags/example_sla_dag.py for tasks to queue
[2023-08-09T03:31:54.997+0000] {logging_mixin.py:150} INFO - [2023-08-09T03:31:54.997+0000] {dagbag.py:541} INFO - Filling up the DagBag from /home/airflow/.local/lib/python3.7/site-packages/airflow/example_dags/example_sla_dag.py
[2023-08-09T03:31:55.005+0000] {processor.py:836} INFO - DAG(s) dict_keys(['example_sla_dag']) retrieved from /home/airflow/.local/lib/python3.7/site-packages/airflow/example_dags/example_sla_dag.py
[2023-08-09T03:31:55.026+0000] {logging_mixin.py:150} INFO - [2023-08-09T03:31:55.026+0000] {dag.py:2742} INFO - Sync 1 DAGs
[2023-08-09T03:31:55.055+0000] {logging_mixin.py:150} INFO - [2023-08-09T03:31:55.055+0000] {dag.py:3508} INFO - Setting next_dagrun for example_sla_dag to 2023-08-09T03:28:00+00:00, run_after=2023-08-09T03:30:00+00:00
[2023-08-09T03:31:55.073+0000] {processor.py:179} INFO - Processing /home/airflow/.local/lib/python3.7/site-packages/airflow/example_dags/example_sla_dag.py took 0.080 seconds
[2023-08-09T03:32:25.297+0000] {processor.py:157} INFO - Started process (PID=2446) to work on /home/airflow/.local/lib/python3.7/site-packages/airflow/example_dags/example_sla_dag.py
[2023-08-09T03:32:25.298+0000] {processor.py:826} INFO - Processing file /home/airflow/.local/lib/python3.7/site-packages/airflow/example_dags/example_sla_dag.py for tasks to queue
[2023-08-09T03:32:25.299+0000] {logging_mixin.py:150} INFO - [2023-08-09T03:32:25.299+0000] {dagbag.py:541} INFO - Filling up the DagBag from /home/airflow/.local/lib/python3.7/site-packages/airflow/example_dags/example_sla_dag.py
[2023-08-09T03:32:25.307+0000] {processor.py:836} INFO - DAG(s) dict_keys(['example_sla_dag']) retrieved from /home/airflow/.local/lib/python3.7/site-packages/airflow/example_dags/example_sla_dag.py
[2023-08-09T03:32:25.332+0000] {logging_mixin.py:150} INFO - [2023-08-09T03:32:25.332+0000] {dag.py:2742} INFO - Sync 1 DAGs
[2023-08-09T03:32:25.369+0000] {logging_mixin.py:150} INFO - [2023-08-09T03:32:25.369+0000] {dag.py:3508} INFO - Setting next_dagrun for example_sla_dag to 2023-08-09T03:30:00+00:00, run_after=2023-08-09T03:32:00+00:00
[2023-08-09T03:32:25.386+0000] {processor.py:179} INFO - Processing /home/airflow/.local/lib/python3.7/site-packages/airflow/example_dags/example_sla_dag.py took 0.092 seconds
[2023-08-09T03:32:57.273+0000] {processor.py:157} INFO - Started process (PID=2500) to work on /home/airflow/.local/lib/python3.7/site-packages/airflow/example_dags/example_sla_dag.py
[2023-08-09T03:32:57.273+0000] {processor.py:826} INFO - Processing file /home/airflow/.local/lib/python3.7/site-packages/airflow/example_dags/example_sla_dag.py for tasks to queue
[2023-08-09T03:32:57.274+0000] {logging_mixin.py:150} INFO - [2023-08-09T03:32:57.274+0000] {dagbag.py:541} INFO - Filling up the DagBag from /home/airflow/.local/lib/python3.7/site-packages/airflow/example_dags/example_sla_dag.py
[2023-08-09T03:32:57.282+0000] {processor.py:836} INFO - DAG(s) dict_keys(['example_sla_dag']) retrieved from /home/airflow/.local/lib/python3.7/site-packages/airflow/example_dags/example_sla_dag.py
[2023-08-09T03:32:57.310+0000] {logging_mixin.py:150} INFO - [2023-08-09T03:32:57.310+0000] {dag.py:2742} INFO - Sync 1 DAGs
[2023-08-09T03:32:57.357+0000] {logging_mixin.py:150} INFO - [2023-08-09T03:32:57.357+0000] {dag.py:3508} INFO - Setting next_dagrun for example_sla_dag to 2023-08-09T03:30:00+00:00, run_after=2023-08-09T03:32:00+00:00
[2023-08-09T03:32:57.381+0000] {processor.py:179} INFO - Processing /home/airflow/.local/lib/python3.7/site-packages/airflow/example_dags/example_sla_dag.py took 0.112 seconds
[2023-08-09T03:33:27.470+0000] {processor.py:157} INFO - Started process (PID=2555) to work on /home/airflow/.local/lib/python3.7/site-packages/airflow/example_dags/example_sla_dag.py
[2023-08-09T03:33:27.471+0000] {processor.py:826} INFO - Processing file /home/airflow/.local/lib/python3.7/site-packages/airflow/example_dags/example_sla_dag.py for tasks to queue
[2023-08-09T03:33:27.472+0000] {logging_mixin.py:150} INFO - [2023-08-09T03:33:27.471+0000] {dagbag.py:541} INFO - Filling up the DagBag from /home/airflow/.local/lib/python3.7/site-packages/airflow/example_dags/example_sla_dag.py
[2023-08-09T03:33:27.482+0000] {processor.py:836} INFO - DAG(s) dict_keys(['example_sla_dag']) retrieved from /home/airflow/.local/lib/python3.7/site-packages/airflow/example_dags/example_sla_dag.py
[2023-08-09T03:33:27.512+0000] {logging_mixin.py:150} INFO - [2023-08-09T03:33:27.512+0000] {dag.py:2742} INFO - Sync 1 DAGs
[2023-08-09T03:33:27.555+0000] {logging_mixin.py:150} INFO - [2023-08-09T03:33:27.554+0000] {dag.py:3508} INFO - Setting next_dagrun for example_sla_dag to 2023-08-09T03:30:00+00:00, run_after=2023-08-09T03:32:00+00:00
[2023-08-09T03:33:27.579+0000] {processor.py:179} INFO - Processing /home/airflow/.local/lib/python3.7/site-packages/airflow/example_dags/example_sla_dag.py took 0.116 seconds
[2023-08-09T03:33:57.798+0000] {processor.py:157} INFO - Started process (PID=2610) to work on /home/airflow/.local/lib/python3.7/site-packages/airflow/example_dags/example_sla_dag.py
[2023-08-09T03:33:57.799+0000] {processor.py:826} INFO - Processing file /home/airflow/.local/lib/python3.7/site-packages/airflow/example_dags/example_sla_dag.py for tasks to queue
[2023-08-09T03:33:57.800+0000] {logging_mixin.py:150} INFO - [2023-08-09T03:33:57.799+0000] {dagbag.py:541} INFO - Filling up the DagBag from /home/airflow/.local/lib/python3.7/site-packages/airflow/example_dags/example_sla_dag.py
[2023-08-09T03:33:57.807+0000] {processor.py:836} INFO - DAG(s) dict_keys(['example_sla_dag']) retrieved from /home/airflow/.local/lib/python3.7/site-packages/airflow/example_dags/example_sla_dag.py
[2023-08-09T03:33:57.827+0000] {logging_mixin.py:150} INFO - [2023-08-09T03:33:57.826+0000] {dag.py:2742} INFO - Sync 1 DAGs
[2023-08-09T03:33:57.852+0000] {logging_mixin.py:150} INFO - [2023-08-09T03:33:57.852+0000] {dag.py:3508} INFO - Setting next_dagrun for example_sla_dag to 2023-08-09T03:30:00+00:00, run_after=2023-08-09T03:32:00+00:00
[2023-08-09T03:33:57.869+0000] {processor.py:179} INFO - Processing /home/airflow/.local/lib/python3.7/site-packages/airflow/example_dags/example_sla_dag.py took 0.074 seconds
[2023-08-09T03:34:28.022+0000] {processor.py:157} INFO - Started process (PID=2665) to work on /home/airflow/.local/lib/python3.7/site-packages/airflow/example_dags/example_sla_dag.py
[2023-08-09T03:34:28.023+0000] {processor.py:826} INFO - Processing file /home/airflow/.local/lib/python3.7/site-packages/airflow/example_dags/example_sla_dag.py for tasks to queue
[2023-08-09T03:34:28.025+0000] {logging_mixin.py:150} INFO - [2023-08-09T03:34:28.024+0000] {dagbag.py:541} INFO - Filling up the DagBag from /home/airflow/.local/lib/python3.7/site-packages/airflow/example_dags/example_sla_dag.py
[2023-08-09T03:34:28.038+0000] {processor.py:836} INFO - DAG(s) dict_keys(['example_sla_dag']) retrieved from /home/airflow/.local/lib/python3.7/site-packages/airflow/example_dags/example_sla_dag.py
[2023-08-09T03:34:28.070+0000] {logging_mixin.py:150} INFO - [2023-08-09T03:34:28.070+0000] {dag.py:2742} INFO - Sync 1 DAGs
[2023-08-09T03:34:28.103+0000] {logging_mixin.py:150} INFO - [2023-08-09T03:34:28.103+0000] {dag.py:3508} INFO - Setting next_dagrun for example_sla_dag to 2023-08-09T03:32:00+00:00, run_after=2023-08-09T03:34:00+00:00
[2023-08-09T03:34:28.121+0000] {processor.py:179} INFO - Processing /home/airflow/.local/lib/python3.7/site-packages/airflow/example_dags/example_sla_dag.py took 0.103 seconds
[2023-08-09T03:34:58.437+0000] {processor.py:157} INFO - Started process (PID=2719) to work on /home/airflow/.local/lib/python3.7/site-packages/airflow/example_dags/example_sla_dag.py
[2023-08-09T03:34:58.438+0000] {processor.py:826} INFO - Processing file /home/airflow/.local/lib/python3.7/site-packages/airflow/example_dags/example_sla_dag.py for tasks to queue
[2023-08-09T03:34:58.439+0000] {logging_mixin.py:150} INFO - [2023-08-09T03:34:58.439+0000] {dagbag.py:541} INFO - Filling up the DagBag from /home/airflow/.local/lib/python3.7/site-packages/airflow/example_dags/example_sla_dag.py
[2023-08-09T03:34:58.452+0000] {processor.py:836} INFO - DAG(s) dict_keys(['example_sla_dag']) retrieved from /home/airflow/.local/lib/python3.7/site-packages/airflow/example_dags/example_sla_dag.py
[2023-08-09T03:34:58.490+0000] {logging_mixin.py:150} INFO - [2023-08-09T03:34:58.489+0000] {dag.py:2742} INFO - Sync 1 DAGs
[2023-08-09T03:34:58.529+0000] {logging_mixin.py:150} INFO - [2023-08-09T03:34:58.529+0000] {dag.py:3508} INFO - Setting next_dagrun for example_sla_dag to 2023-08-09T03:32:00+00:00, run_after=2023-08-09T03:34:00+00:00
[2023-08-09T03:34:58.546+0000] {processor.py:179} INFO - Processing /home/airflow/.local/lib/python3.7/site-packages/airflow/example_dags/example_sla_dag.py took 0.115 seconds
[2023-08-09T03:35:28.610+0000] {processor.py:157} INFO - Started process (PID=2774) to work on /home/airflow/.local/lib/python3.7/site-packages/airflow/example_dags/example_sla_dag.py
[2023-08-09T03:35:28.611+0000] {processor.py:826} INFO - Processing file /home/airflow/.local/lib/python3.7/site-packages/airflow/example_dags/example_sla_dag.py for tasks to queue
[2023-08-09T03:35:28.612+0000] {logging_mixin.py:150} INFO - [2023-08-09T03:35:28.612+0000] {dagbag.py:541} INFO - Filling up the DagBag from /home/airflow/.local/lib/python3.7/site-packages/airflow/example_dags/example_sla_dag.py
[2023-08-09T03:35:28.623+0000] {processor.py:836} INFO - DAG(s) dict_keys(['example_sla_dag']) retrieved from /home/airflow/.local/lib/python3.7/site-packages/airflow/example_dags/example_sla_dag.py
[2023-08-09T03:35:28.653+0000] {logging_mixin.py:150} INFO - [2023-08-09T03:35:28.652+0000] {dag.py:2742} INFO - Sync 1 DAGs
[2023-08-09T03:35:28.699+0000] {logging_mixin.py:150} INFO - [2023-08-09T03:35:28.698+0000] {dag.py:3508} INFO - Setting next_dagrun for example_sla_dag to 2023-08-09T03:32:00+00:00, run_after=2023-08-09T03:34:00+00:00
[2023-08-09T03:35:28.720+0000] {processor.py:179} INFO - Processing /home/airflow/.local/lib/python3.7/site-packages/airflow/example_dags/example_sla_dag.py took 0.114 seconds
[2023-08-09T03:35:58.855+0000] {processor.py:157} INFO - Started process (PID=2829) to work on /home/airflow/.local/lib/python3.7/site-packages/airflow/example_dags/example_sla_dag.py
[2023-08-09T03:35:58.856+0000] {processor.py:826} INFO - Processing file /home/airflow/.local/lib/python3.7/site-packages/airflow/example_dags/example_sla_dag.py for tasks to queue
[2023-08-09T03:35:58.857+0000] {logging_mixin.py:150} INFO - [2023-08-09T03:35:58.857+0000] {dagbag.py:541} INFO - Filling up the DagBag from /home/airflow/.local/lib/python3.7/site-packages/airflow/example_dags/example_sla_dag.py
[2023-08-09T03:35:58.867+0000] {processor.py:836} INFO - DAG(s) dict_keys(['example_sla_dag']) retrieved from /home/airflow/.local/lib/python3.7/site-packages/airflow/example_dags/example_sla_dag.py
[2023-08-09T03:35:58.897+0000] {logging_mixin.py:150} INFO - [2023-08-09T03:35:58.897+0000] {dag.py:2742} INFO - Sync 1 DAGs
[2023-08-09T03:35:58.935+0000] {logging_mixin.py:150} INFO - [2023-08-09T03:35:58.935+0000] {dag.py:3508} INFO - Setting next_dagrun for example_sla_dag to 2023-08-09T03:32:00+00:00, run_after=2023-08-09T03:34:00+00:00
[2023-08-09T03:35:58.955+0000] {processor.py:179} INFO - Processing /home/airflow/.local/lib/python3.7/site-packages/airflow/example_dags/example_sla_dag.py took 0.104 seconds
[2023-08-09T03:36:29.193+0000] {processor.py:157} INFO - Started process (PID=2885) to work on /home/airflow/.local/lib/python3.7/site-packages/airflow/example_dags/example_sla_dag.py
[2023-08-09T03:36:29.194+0000] {processor.py:826} INFO - Processing file /home/airflow/.local/lib/python3.7/site-packages/airflow/example_dags/example_sla_dag.py for tasks to queue
[2023-08-09T03:36:29.194+0000] {logging_mixin.py:150} INFO - [2023-08-09T03:36:29.194+0000] {dagbag.py:541} INFO - Filling up the DagBag from /home/airflow/.local/lib/python3.7/site-packages/airflow/example_dags/example_sla_dag.py
[2023-08-09T03:36:29.203+0000] {processor.py:836} INFO - DAG(s) dict_keys(['example_sla_dag']) retrieved from /home/airflow/.local/lib/python3.7/site-packages/airflow/example_dags/example_sla_dag.py
[2023-08-09T03:36:29.225+0000] {logging_mixin.py:150} INFO - [2023-08-09T03:36:29.224+0000] {dag.py:2742} INFO - Sync 1 DAGs
[2023-08-09T03:36:29.253+0000] {logging_mixin.py:150} INFO - [2023-08-09T03:36:29.253+0000] {dag.py:3508} INFO - Setting next_dagrun for example_sla_dag to 2023-08-09T03:34:00+00:00, run_after=2023-08-09T03:36:00+00:00
[2023-08-09T03:36:29.274+0000] {processor.py:179} INFO - Processing /home/airflow/.local/lib/python3.7/site-packages/airflow/example_dags/example_sla_dag.py took 0.083 seconds
