[2023-08-09T03:10:33.075+0000] {processor.py:157} INFO - Started process (PID=60) to work on /home/airflow/.local/lib/python3.7/site-packages/airflow/example_dags/example_branch_labels.py
[2023-08-09T03:10:33.076+0000] {processor.py:826} INFO - Processing file /home/airflow/.local/lib/python3.7/site-packages/airflow/example_dags/example_branch_labels.py for tasks to queue
[2023-08-09T03:10:33.078+0000] {logging_mixin.py:150} INFO - [2023-08-09T03:10:33.078+0000] {dagbag.py:541} INFO - Filling up the DagBag from /home/airflow/.local/lib/python3.7/site-packages/airflow/example_dags/example_branch_labels.py
[2023-08-09T03:10:33.095+0000] {processor.py:836} INFO - DAG(s) dict_keys(['example_branch_labels']) retrieved from /home/airflow/.local/lib/python3.7/site-packages/airflow/example_dags/example_branch_labels.py
[2023-08-09T03:10:33.139+0000] {logging_mixin.py:150} INFO - [2023-08-09T03:10:33.138+0000] {dag.py:2742} INFO - Sync 1 DAGs
[2023-08-09T03:10:33.174+0000] {logging_mixin.py:150} INFO - [2023-08-09T03:10:33.174+0000] {dag.py:3508} INFO - Setting next_dagrun for example_branch_labels to 2023-08-08T00:00:00+00:00, run_after=2023-08-09T00:00:00+00:00
[2023-08-09T03:10:33.200+0000] {processor.py:179} INFO - Processing /home/airflow/.local/lib/python3.7/site-packages/airflow/example_dags/example_branch_labels.py took 0.131 seconds
[2023-08-09T03:11:04.075+0000] {processor.py:157} INFO - Started process (PID=115) to work on /home/airflow/.local/lib/python3.7/site-packages/airflow/example_dags/example_branch_labels.py
[2023-08-09T03:11:04.076+0000] {processor.py:826} INFO - Processing file /home/airflow/.local/lib/python3.7/site-packages/airflow/example_dags/example_branch_labels.py for tasks to queue
[2023-08-09T03:11:04.079+0000] {logging_mixin.py:150} INFO - [2023-08-09T03:11:04.078+0000] {dagbag.py:541} INFO - Filling up the DagBag from /home/airflow/.local/lib/python3.7/site-packages/airflow/example_dags/example_branch_labels.py
[2023-08-09T03:11:04.088+0000] {processor.py:836} INFO - DAG(s) dict_keys(['example_branch_labels']) retrieved from /home/airflow/.local/lib/python3.7/site-packages/airflow/example_dags/example_branch_labels.py
[2023-08-09T03:11:04.125+0000] {logging_mixin.py:150} INFO - [2023-08-09T03:11:04.125+0000] {dag.py:2742} INFO - Sync 1 DAGs
[2023-08-09T03:11:04.161+0000] {logging_mixin.py:150} INFO - [2023-08-09T03:11:04.161+0000] {dag.py:3508} INFO - Setting next_dagrun for example_branch_labels to 2023-08-08T00:00:00+00:00, run_after=2023-08-09T00:00:00+00:00
[2023-08-09T03:11:04.186+0000] {processor.py:179} INFO - Processing /home/airflow/.local/lib/python3.7/site-packages/airflow/example_dags/example_branch_labels.py took 0.114 seconds
[2023-08-09T03:11:34.340+0000] {processor.py:157} INFO - Started process (PID=170) to work on /home/airflow/.local/lib/python3.7/site-packages/airflow/example_dags/example_branch_labels.py
[2023-08-09T03:11:34.341+0000] {processor.py:826} INFO - Processing file /home/airflow/.local/lib/python3.7/site-packages/airflow/example_dags/example_branch_labels.py for tasks to queue
[2023-08-09T03:11:34.344+0000] {logging_mixin.py:150} INFO - [2023-08-09T03:11:34.343+0000] {dagbag.py:541} INFO - Filling up the DagBag from /home/airflow/.local/lib/python3.7/site-packages/airflow/example_dags/example_branch_labels.py
[2023-08-09T03:11:34.354+0000] {processor.py:836} INFO - DAG(s) dict_keys(['example_branch_labels']) retrieved from /home/airflow/.local/lib/python3.7/site-packages/airflow/example_dags/example_branch_labels.py
[2023-08-09T03:11:34.387+0000] {logging_mixin.py:150} INFO - [2023-08-09T03:11:34.386+0000] {dag.py:2742} INFO - Sync 1 DAGs
[2023-08-09T03:11:34.428+0000] {logging_mixin.py:150} INFO - [2023-08-09T03:11:34.427+0000] {dag.py:3508} INFO - Setting next_dagrun for example_branch_labels to 2023-08-08T00:00:00+00:00, run_after=2023-08-09T00:00:00+00:00
[2023-08-09T03:11:34.456+0000] {processor.py:179} INFO - Processing /home/airflow/.local/lib/python3.7/site-packages/airflow/example_dags/example_branch_labels.py took 0.119 seconds
[2023-08-09T03:12:05.015+0000] {processor.py:157} INFO - Started process (PID=226) to work on /home/airflow/.local/lib/python3.7/site-packages/airflow/example_dags/example_branch_labels.py
[2023-08-09T03:12:05.016+0000] {processor.py:826} INFO - Processing file /home/airflow/.local/lib/python3.7/site-packages/airflow/example_dags/example_branch_labels.py for tasks to queue
[2023-08-09T03:12:05.017+0000] {logging_mixin.py:150} INFO - [2023-08-09T03:12:05.017+0000] {dagbag.py:541} INFO - Filling up the DagBag from /home/airflow/.local/lib/python3.7/site-packages/airflow/example_dags/example_branch_labels.py
[2023-08-09T03:12:05.025+0000] {processor.py:836} INFO - DAG(s) dict_keys(['example_branch_labels']) retrieved from /home/airflow/.local/lib/python3.7/site-packages/airflow/example_dags/example_branch_labels.py
[2023-08-09T03:12:05.048+0000] {logging_mixin.py:150} INFO - [2023-08-09T03:12:05.047+0000] {dag.py:2742} INFO - Sync 1 DAGs
[2023-08-09T03:12:05.086+0000] {logging_mixin.py:150} INFO - [2023-08-09T03:12:05.086+0000] {dag.py:3508} INFO - Setting next_dagrun for example_branch_labels to 2023-08-08T00:00:00+00:00, run_after=2023-08-09T00:00:00+00:00
[2023-08-09T03:12:05.107+0000] {processor.py:179} INFO - Processing /home/airflow/.local/lib/python3.7/site-packages/airflow/example_dags/example_branch_labels.py took 0.094 seconds
[2023-08-09T03:12:36.059+0000] {processor.py:157} INFO - Started process (PID=281) to work on /home/airflow/.local/lib/python3.7/site-packages/airflow/example_dags/example_branch_labels.py
[2023-08-09T03:12:36.060+0000] {processor.py:826} INFO - Processing file /home/airflow/.local/lib/python3.7/site-packages/airflow/example_dags/example_branch_labels.py for tasks to queue
[2023-08-09T03:12:36.062+0000] {logging_mixin.py:150} INFO - [2023-08-09T03:12:36.061+0000] {dagbag.py:541} INFO - Filling up the DagBag from /home/airflow/.local/lib/python3.7/site-packages/airflow/example_dags/example_branch_labels.py
[2023-08-09T03:12:36.068+0000] {processor.py:836} INFO - DAG(s) dict_keys(['example_branch_labels']) retrieved from /home/airflow/.local/lib/python3.7/site-packages/airflow/example_dags/example_branch_labels.py
[2023-08-09T03:12:36.091+0000] {logging_mixin.py:150} INFO - [2023-08-09T03:12:36.091+0000] {dag.py:2742} INFO - Sync 1 DAGs
[2023-08-09T03:12:36.117+0000] {logging_mixin.py:150} INFO - [2023-08-09T03:12:36.117+0000] {dag.py:3508} INFO - Setting next_dagrun for example_branch_labels to 2023-08-08T00:00:00+00:00, run_after=2023-08-09T00:00:00+00:00
[2023-08-09T03:12:36.151+0000] {processor.py:179} INFO - Processing /home/airflow/.local/lib/python3.7/site-packages/airflow/example_dags/example_branch_labels.py took 0.095 seconds
[2023-08-09T03:13:06.494+0000] {processor.py:157} INFO - Started process (PID=336) to work on /home/airflow/.local/lib/python3.7/site-packages/airflow/example_dags/example_branch_labels.py
[2023-08-09T03:13:06.496+0000] {processor.py:826} INFO - Processing file /home/airflow/.local/lib/python3.7/site-packages/airflow/example_dags/example_branch_labels.py for tasks to queue
[2023-08-09T03:13:06.501+0000] {logging_mixin.py:150} INFO - [2023-08-09T03:13:06.499+0000] {dagbag.py:541} INFO - Filling up the DagBag from /home/airflow/.local/lib/python3.7/site-packages/airflow/example_dags/example_branch_labels.py
[2023-08-09T03:13:06.511+0000] {processor.py:836} INFO - DAG(s) dict_keys(['example_branch_labels']) retrieved from /home/airflow/.local/lib/python3.7/site-packages/airflow/example_dags/example_branch_labels.py
[2023-08-09T03:13:06.538+0000] {logging_mixin.py:150} INFO - [2023-08-09T03:13:06.537+0000] {dag.py:2742} INFO - Sync 1 DAGs
[2023-08-09T03:13:06.562+0000] {logging_mixin.py:150} INFO - [2023-08-09T03:13:06.562+0000] {dag.py:3508} INFO - Setting next_dagrun for example_branch_labels to 2023-08-08T00:00:00+00:00, run_after=2023-08-09T00:00:00+00:00
[2023-08-09T03:13:06.576+0000] {processor.py:179} INFO - Processing /home/airflow/.local/lib/python3.7/site-packages/airflow/example_dags/example_branch_labels.py took 0.089 seconds
[2023-08-09T03:13:37.563+0000] {processor.py:157} INFO - Started process (PID=391) to work on /home/airflow/.local/lib/python3.7/site-packages/airflow/example_dags/example_branch_labels.py
[2023-08-09T03:13:37.564+0000] {processor.py:826} INFO - Processing file /home/airflow/.local/lib/python3.7/site-packages/airflow/example_dags/example_branch_labels.py for tasks to queue
[2023-08-09T03:13:37.566+0000] {logging_mixin.py:150} INFO - [2023-08-09T03:13:37.566+0000] {dagbag.py:541} INFO - Filling up the DagBag from /home/airflow/.local/lib/python3.7/site-packages/airflow/example_dags/example_branch_labels.py
[2023-08-09T03:13:37.593+0000] {processor.py:836} INFO - DAG(s) dict_keys(['example_branch_labels']) retrieved from /home/airflow/.local/lib/python3.7/site-packages/airflow/example_dags/example_branch_labels.py
[2023-08-09T03:13:37.670+0000] {logging_mixin.py:150} INFO - [2023-08-09T03:13:37.669+0000] {dag.py:2742} INFO - Sync 1 DAGs
[2023-08-09T03:13:37.709+0000] {logging_mixin.py:150} INFO - [2023-08-09T03:13:37.709+0000] {dag.py:3508} INFO - Setting next_dagrun for example_branch_labels to 2023-08-08T00:00:00+00:00, run_after=2023-08-09T00:00:00+00:00
[2023-08-09T03:13:37.732+0000] {processor.py:179} INFO - Processing /home/airflow/.local/lib/python3.7/site-packages/airflow/example_dags/example_branch_labels.py took 0.172 seconds
[2023-08-09T03:14:08.014+0000] {processor.py:157} INFO - Started process (PID=446) to work on /home/airflow/.local/lib/python3.7/site-packages/airflow/example_dags/example_branch_labels.py
[2023-08-09T03:14:08.015+0000] {processor.py:826} INFO - Processing file /home/airflow/.local/lib/python3.7/site-packages/airflow/example_dags/example_branch_labels.py for tasks to queue
[2023-08-09T03:14:08.017+0000] {logging_mixin.py:150} INFO - [2023-08-09T03:14:08.016+0000] {dagbag.py:541} INFO - Filling up the DagBag from /home/airflow/.local/lib/python3.7/site-packages/airflow/example_dags/example_branch_labels.py
[2023-08-09T03:14:08.024+0000] {processor.py:836} INFO - DAG(s) dict_keys(['example_branch_labels']) retrieved from /home/airflow/.local/lib/python3.7/site-packages/airflow/example_dags/example_branch_labels.py
[2023-08-09T03:14:08.055+0000] {logging_mixin.py:150} INFO - [2023-08-09T03:14:08.054+0000] {dag.py:2742} INFO - Sync 1 DAGs
[2023-08-09T03:14:08.093+0000] {logging_mixin.py:150} INFO - [2023-08-09T03:14:08.093+0000] {dag.py:3508} INFO - Setting next_dagrun for example_branch_labels to 2023-08-08T00:00:00+00:00, run_after=2023-08-09T00:00:00+00:00
[2023-08-09T03:14:08.118+0000] {processor.py:179} INFO - Processing /home/airflow/.local/lib/python3.7/site-packages/airflow/example_dags/example_branch_labels.py took 0.106 seconds
[2023-08-09T03:14:38.271+0000] {processor.py:157} INFO - Started process (PID=501) to work on /home/airflow/.local/lib/python3.7/site-packages/airflow/example_dags/example_branch_labels.py
[2023-08-09T03:14:38.271+0000] {processor.py:826} INFO - Processing file /home/airflow/.local/lib/python3.7/site-packages/airflow/example_dags/example_branch_labels.py for tasks to queue
[2023-08-09T03:14:38.273+0000] {logging_mixin.py:150} INFO - [2023-08-09T03:14:38.273+0000] {dagbag.py:541} INFO - Filling up the DagBag from /home/airflow/.local/lib/python3.7/site-packages/airflow/example_dags/example_branch_labels.py
[2023-08-09T03:14:38.281+0000] {processor.py:836} INFO - DAG(s) dict_keys(['example_branch_labels']) retrieved from /home/airflow/.local/lib/python3.7/site-packages/airflow/example_dags/example_branch_labels.py
[2023-08-09T03:14:38.316+0000] {logging_mixin.py:150} INFO - [2023-08-09T03:14:38.315+0000] {dag.py:2742} INFO - Sync 1 DAGs
[2023-08-09T03:14:38.344+0000] {logging_mixin.py:150} INFO - [2023-08-09T03:14:38.344+0000] {dag.py:3508} INFO - Setting next_dagrun for example_branch_labels to 2023-08-08T00:00:00+00:00, run_after=2023-08-09T00:00:00+00:00
[2023-08-09T03:14:38.361+0000] {processor.py:179} INFO - Processing /home/airflow/.local/lib/python3.7/site-packages/airflow/example_dags/example_branch_labels.py took 0.093 seconds
[2023-08-09T03:15:08.532+0000] {processor.py:157} INFO - Started process (PID=556) to work on /home/airflow/.local/lib/python3.7/site-packages/airflow/example_dags/example_branch_labels.py
[2023-08-09T03:15:08.533+0000] {processor.py:826} INFO - Processing file /home/airflow/.local/lib/python3.7/site-packages/airflow/example_dags/example_branch_labels.py for tasks to queue
[2023-08-09T03:15:08.534+0000] {logging_mixin.py:150} INFO - [2023-08-09T03:15:08.534+0000] {dagbag.py:541} INFO - Filling up the DagBag from /home/airflow/.local/lib/python3.7/site-packages/airflow/example_dags/example_branch_labels.py
[2023-08-09T03:15:08.541+0000] {processor.py:836} INFO - DAG(s) dict_keys(['example_branch_labels']) retrieved from /home/airflow/.local/lib/python3.7/site-packages/airflow/example_dags/example_branch_labels.py
[2023-08-09T03:15:08.569+0000] {logging_mixin.py:150} INFO - [2023-08-09T03:15:08.569+0000] {dag.py:2742} INFO - Sync 1 DAGs
[2023-08-09T03:15:08.599+0000] {logging_mixin.py:150} INFO - [2023-08-09T03:15:08.598+0000] {dag.py:3508} INFO - Setting next_dagrun for example_branch_labels to 2023-08-08T00:00:00+00:00, run_after=2023-08-09T00:00:00+00:00
[2023-08-09T03:15:08.616+0000] {processor.py:179} INFO - Processing /home/airflow/.local/lib/python3.7/site-packages/airflow/example_dags/example_branch_labels.py took 0.087 seconds
[2023-08-09T03:15:38.850+0000] {processor.py:157} INFO - Started process (PID=611) to work on /home/airflow/.local/lib/python3.7/site-packages/airflow/example_dags/example_branch_labels.py
[2023-08-09T03:15:38.851+0000] {processor.py:826} INFO - Processing file /home/airflow/.local/lib/python3.7/site-packages/airflow/example_dags/example_branch_labels.py for tasks to queue
[2023-08-09T03:15:38.853+0000] {logging_mixin.py:150} INFO - [2023-08-09T03:15:38.853+0000] {dagbag.py:541} INFO - Filling up the DagBag from /home/airflow/.local/lib/python3.7/site-packages/airflow/example_dags/example_branch_labels.py
[2023-08-09T03:15:38.866+0000] {processor.py:836} INFO - DAG(s) dict_keys(['example_branch_labels']) retrieved from /home/airflow/.local/lib/python3.7/site-packages/airflow/example_dags/example_branch_labels.py
[2023-08-09T03:15:38.899+0000] {logging_mixin.py:150} INFO - [2023-08-09T03:15:38.898+0000] {dag.py:2742} INFO - Sync 1 DAGs
[2023-08-09T03:15:38.943+0000] {logging_mixin.py:150} INFO - [2023-08-09T03:15:38.943+0000] {dag.py:3508} INFO - Setting next_dagrun for example_branch_labels to 2023-08-08T00:00:00+00:00, run_after=2023-08-09T00:00:00+00:00
[2023-08-09T03:15:38.968+0000] {processor.py:179} INFO - Processing /home/airflow/.local/lib/python3.7/site-packages/airflow/example_dags/example_branch_labels.py took 0.123 seconds
[2023-08-09T03:16:09.067+0000] {processor.py:157} INFO - Started process (PID=666) to work on /home/airflow/.local/lib/python3.7/site-packages/airflow/example_dags/example_branch_labels.py
[2023-08-09T03:16:09.069+0000] {processor.py:826} INFO - Processing file /home/airflow/.local/lib/python3.7/site-packages/airflow/example_dags/example_branch_labels.py for tasks to queue
[2023-08-09T03:16:09.072+0000] {logging_mixin.py:150} INFO - [2023-08-09T03:16:09.072+0000] {dagbag.py:541} INFO - Filling up the DagBag from /home/airflow/.local/lib/python3.7/site-packages/airflow/example_dags/example_branch_labels.py
[2023-08-09T03:16:09.086+0000] {processor.py:836} INFO - DAG(s) dict_keys(['example_branch_labels']) retrieved from /home/airflow/.local/lib/python3.7/site-packages/airflow/example_dags/example_branch_labels.py
[2023-08-09T03:16:09.126+0000] {logging_mixin.py:150} INFO - [2023-08-09T03:16:09.125+0000] {dag.py:2742} INFO - Sync 1 DAGs
[2023-08-09T03:16:09.163+0000] {logging_mixin.py:150} INFO - [2023-08-09T03:16:09.163+0000] {dag.py:3508} INFO - Setting next_dagrun for example_branch_labels to 2023-08-08T00:00:00+00:00, run_after=2023-08-09T00:00:00+00:00
[2023-08-09T03:16:09.180+0000] {processor.py:179} INFO - Processing /home/airflow/.local/lib/python3.7/site-packages/airflow/example_dags/example_branch_labels.py took 0.118 seconds
[2023-08-09T03:16:39.356+0000] {processor.py:157} INFO - Started process (PID=721) to work on /home/airflow/.local/lib/python3.7/site-packages/airflow/example_dags/example_branch_labels.py
[2023-08-09T03:16:39.357+0000] {processor.py:826} INFO - Processing file /home/airflow/.local/lib/python3.7/site-packages/airflow/example_dags/example_branch_labels.py for tasks to queue
[2023-08-09T03:16:39.360+0000] {logging_mixin.py:150} INFO - [2023-08-09T03:16:39.359+0000] {dagbag.py:541} INFO - Filling up the DagBag from /home/airflow/.local/lib/python3.7/site-packages/airflow/example_dags/example_branch_labels.py
[2023-08-09T03:16:39.370+0000] {processor.py:836} INFO - DAG(s) dict_keys(['example_branch_labels']) retrieved from /home/airflow/.local/lib/python3.7/site-packages/airflow/example_dags/example_branch_labels.py
[2023-08-09T03:16:39.392+0000] {logging_mixin.py:150} INFO - [2023-08-09T03:16:39.392+0000] {dag.py:2742} INFO - Sync 1 DAGs
[2023-08-09T03:16:39.419+0000] {logging_mixin.py:150} INFO - [2023-08-09T03:16:39.418+0000] {dag.py:3508} INFO - Setting next_dagrun for example_branch_labels to 2023-08-08T00:00:00+00:00, run_after=2023-08-09T00:00:00+00:00
[2023-08-09T03:16:39.437+0000] {processor.py:179} INFO - Processing /home/airflow/.local/lib/python3.7/site-packages/airflow/example_dags/example_branch_labels.py took 0.083 seconds
[2023-08-09T03:17:09.617+0000] {processor.py:157} INFO - Started process (PID=776) to work on /home/airflow/.local/lib/python3.7/site-packages/airflow/example_dags/example_branch_labels.py
[2023-08-09T03:17:09.618+0000] {processor.py:826} INFO - Processing file /home/airflow/.local/lib/python3.7/site-packages/airflow/example_dags/example_branch_labels.py for tasks to queue
[2023-08-09T03:17:09.622+0000] {logging_mixin.py:150} INFO - [2023-08-09T03:17:09.621+0000] {dagbag.py:541} INFO - Filling up the DagBag from /home/airflow/.local/lib/python3.7/site-packages/airflow/example_dags/example_branch_labels.py
[2023-08-09T03:17:09.635+0000] {processor.py:836} INFO - DAG(s) dict_keys(['example_branch_labels']) retrieved from /home/airflow/.local/lib/python3.7/site-packages/airflow/example_dags/example_branch_labels.py
[2023-08-09T03:17:09.674+0000] {logging_mixin.py:150} INFO - [2023-08-09T03:17:09.673+0000] {dag.py:2742} INFO - Sync 1 DAGs
[2023-08-09T03:17:09.704+0000] {logging_mixin.py:150} INFO - [2023-08-09T03:17:09.704+0000] {dag.py:3508} INFO - Setting next_dagrun for example_branch_labels to 2023-08-08T00:00:00+00:00, run_after=2023-08-09T00:00:00+00:00
[2023-08-09T03:17:09.720+0000] {processor.py:179} INFO - Processing /home/airflow/.local/lib/python3.7/site-packages/airflow/example_dags/example_branch_labels.py took 0.108 seconds
[2023-08-09T03:17:40.170+0000] {processor.py:157} INFO - Started process (PID=831) to work on /home/airflow/.local/lib/python3.7/site-packages/airflow/example_dags/example_branch_labels.py
[2023-08-09T03:17:40.171+0000] {processor.py:826} INFO - Processing file /home/airflow/.local/lib/python3.7/site-packages/airflow/example_dags/example_branch_labels.py for tasks to queue
[2023-08-09T03:17:40.173+0000] {logging_mixin.py:150} INFO - [2023-08-09T03:17:40.173+0000] {dagbag.py:541} INFO - Filling up the DagBag from /home/airflow/.local/lib/python3.7/site-packages/airflow/example_dags/example_branch_labels.py
[2023-08-09T03:17:40.183+0000] {processor.py:836} INFO - DAG(s) dict_keys(['example_branch_labels']) retrieved from /home/airflow/.local/lib/python3.7/site-packages/airflow/example_dags/example_branch_labels.py
[2023-08-09T03:17:40.211+0000] {logging_mixin.py:150} INFO - [2023-08-09T03:17:40.210+0000] {dag.py:2742} INFO - Sync 1 DAGs
[2023-08-09T03:17:40.236+0000] {logging_mixin.py:150} INFO - [2023-08-09T03:17:40.235+0000] {dag.py:3508} INFO - Setting next_dagrun for example_branch_labels to 2023-08-08T00:00:00+00:00, run_after=2023-08-09T00:00:00+00:00
[2023-08-09T03:17:40.253+0000] {processor.py:179} INFO - Processing /home/airflow/.local/lib/python3.7/site-packages/airflow/example_dags/example_branch_labels.py took 0.086 seconds
[2023-08-09T03:18:10.335+0000] {processor.py:157} INFO - Started process (PID=886) to work on /home/airflow/.local/lib/python3.7/site-packages/airflow/example_dags/example_branch_labels.py
[2023-08-09T03:18:10.335+0000] {processor.py:826} INFO - Processing file /home/airflow/.local/lib/python3.7/site-packages/airflow/example_dags/example_branch_labels.py for tasks to queue
[2023-08-09T03:18:10.337+0000] {logging_mixin.py:150} INFO - [2023-08-09T03:18:10.337+0000] {dagbag.py:541} INFO - Filling up the DagBag from /home/airflow/.local/lib/python3.7/site-packages/airflow/example_dags/example_branch_labels.py
[2023-08-09T03:18:10.344+0000] {processor.py:836} INFO - DAG(s) dict_keys(['example_branch_labels']) retrieved from /home/airflow/.local/lib/python3.7/site-packages/airflow/example_dags/example_branch_labels.py
[2023-08-09T03:18:10.372+0000] {logging_mixin.py:150} INFO - [2023-08-09T03:18:10.371+0000] {dag.py:2742} INFO - Sync 1 DAGs
[2023-08-09T03:18:10.404+0000] {logging_mixin.py:150} INFO - [2023-08-09T03:18:10.403+0000] {dag.py:3508} INFO - Setting next_dagrun for example_branch_labels to 2023-08-08T00:00:00+00:00, run_after=2023-08-09T00:00:00+00:00
[2023-08-09T03:18:10.429+0000] {processor.py:179} INFO - Processing /home/airflow/.local/lib/python3.7/site-packages/airflow/example_dags/example_branch_labels.py took 0.098 seconds
[2023-08-09T03:18:40.874+0000] {processor.py:157} INFO - Started process (PID=941) to work on /home/airflow/.local/lib/python3.7/site-packages/airflow/example_dags/example_branch_labels.py
[2023-08-09T03:18:40.875+0000] {processor.py:826} INFO - Processing file /home/airflow/.local/lib/python3.7/site-packages/airflow/example_dags/example_branch_labels.py for tasks to queue
[2023-08-09T03:18:40.877+0000] {logging_mixin.py:150} INFO - [2023-08-09T03:18:40.876+0000] {dagbag.py:541} INFO - Filling up the DagBag from /home/airflow/.local/lib/python3.7/site-packages/airflow/example_dags/example_branch_labels.py
[2023-08-09T03:18:40.883+0000] {processor.py:836} INFO - DAG(s) dict_keys(['example_branch_labels']) retrieved from /home/airflow/.local/lib/python3.7/site-packages/airflow/example_dags/example_branch_labels.py
[2023-08-09T03:18:40.906+0000] {logging_mixin.py:150} INFO - [2023-08-09T03:18:40.905+0000] {dag.py:2742} INFO - Sync 1 DAGs
[2023-08-09T03:18:40.932+0000] {logging_mixin.py:150} INFO - [2023-08-09T03:18:40.932+0000] {dag.py:3508} INFO - Setting next_dagrun for example_branch_labels to 2023-08-08T00:00:00+00:00, run_after=2023-08-09T00:00:00+00:00
[2023-08-09T03:18:40.949+0000] {processor.py:179} INFO - Processing /home/airflow/.local/lib/python3.7/site-packages/airflow/example_dags/example_branch_labels.py took 0.077 seconds
[2023-08-09T03:19:11.139+0000] {processor.py:157} INFO - Started process (PID=996) to work on /home/airflow/.local/lib/python3.7/site-packages/airflow/example_dags/example_branch_labels.py
[2023-08-09T03:19:11.140+0000] {processor.py:826} INFO - Processing file /home/airflow/.local/lib/python3.7/site-packages/airflow/example_dags/example_branch_labels.py for tasks to queue
[2023-08-09T03:19:11.142+0000] {logging_mixin.py:150} INFO - [2023-08-09T03:19:11.141+0000] {dagbag.py:541} INFO - Filling up the DagBag from /home/airflow/.local/lib/python3.7/site-packages/airflow/example_dags/example_branch_labels.py
[2023-08-09T03:19:11.149+0000] {processor.py:836} INFO - DAG(s) dict_keys(['example_branch_labels']) retrieved from /home/airflow/.local/lib/python3.7/site-packages/airflow/example_dags/example_branch_labels.py
[2023-08-09T03:19:11.170+0000] {logging_mixin.py:150} INFO - [2023-08-09T03:19:11.170+0000] {dag.py:2742} INFO - Sync 1 DAGs
[2023-08-09T03:19:11.193+0000] {logging_mixin.py:150} INFO - [2023-08-09T03:19:11.193+0000] {dag.py:3508} INFO - Setting next_dagrun for example_branch_labels to 2023-08-08T00:00:00+00:00, run_after=2023-08-09T00:00:00+00:00
[2023-08-09T03:19:11.211+0000] {processor.py:179} INFO - Processing /home/airflow/.local/lib/python3.7/site-packages/airflow/example_dags/example_branch_labels.py took 0.075 seconds
[2023-08-09T03:19:41.482+0000] {processor.py:157} INFO - Started process (PID=1051) to work on /home/airflow/.local/lib/python3.7/site-packages/airflow/example_dags/example_branch_labels.py
[2023-08-09T03:19:41.482+0000] {processor.py:826} INFO - Processing file /home/airflow/.local/lib/python3.7/site-packages/airflow/example_dags/example_branch_labels.py for tasks to queue
[2023-08-09T03:19:41.484+0000] {logging_mixin.py:150} INFO - [2023-08-09T03:19:41.484+0000] {dagbag.py:541} INFO - Filling up the DagBag from /home/airflow/.local/lib/python3.7/site-packages/airflow/example_dags/example_branch_labels.py
[2023-08-09T03:19:41.491+0000] {processor.py:836} INFO - DAG(s) dict_keys(['example_branch_labels']) retrieved from /home/airflow/.local/lib/python3.7/site-packages/airflow/example_dags/example_branch_labels.py
[2023-08-09T03:19:41.521+0000] {logging_mixin.py:150} INFO - [2023-08-09T03:19:41.520+0000] {dag.py:2742} INFO - Sync 1 DAGs
[2023-08-09T03:19:41.560+0000] {logging_mixin.py:150} INFO - [2023-08-09T03:19:41.559+0000] {dag.py:3508} INFO - Setting next_dagrun for example_branch_labels to 2023-08-08T00:00:00+00:00, run_after=2023-08-09T00:00:00+00:00
[2023-08-09T03:19:41.582+0000] {processor.py:179} INFO - Processing /home/airflow/.local/lib/python3.7/site-packages/airflow/example_dags/example_branch_labels.py took 0.103 seconds
[2023-08-09T03:20:12.374+0000] {processor.py:157} INFO - Started process (PID=1106) to work on /home/airflow/.local/lib/python3.7/site-packages/airflow/example_dags/example_branch_labels.py
[2023-08-09T03:20:12.375+0000] {processor.py:826} INFO - Processing file /home/airflow/.local/lib/python3.7/site-packages/airflow/example_dags/example_branch_labels.py for tasks to queue
[2023-08-09T03:20:12.377+0000] {logging_mixin.py:150} INFO - [2023-08-09T03:20:12.377+0000] {dagbag.py:541} INFO - Filling up the DagBag from /home/airflow/.local/lib/python3.7/site-packages/airflow/example_dags/example_branch_labels.py
[2023-08-09T03:20:12.384+0000] {processor.py:836} INFO - DAG(s) dict_keys(['example_branch_labels']) retrieved from /home/airflow/.local/lib/python3.7/site-packages/airflow/example_dags/example_branch_labels.py
[2023-08-09T03:20:12.405+0000] {logging_mixin.py:150} INFO - [2023-08-09T03:20:12.404+0000] {dag.py:2742} INFO - Sync 1 DAGs
[2023-08-09T03:20:12.430+0000] {logging_mixin.py:150} INFO - [2023-08-09T03:20:12.430+0000] {dag.py:3508} INFO - Setting next_dagrun for example_branch_labels to 2023-08-08T00:00:00+00:00, run_after=2023-08-09T00:00:00+00:00
[2023-08-09T03:20:12.447+0000] {processor.py:179} INFO - Processing /home/airflow/.local/lib/python3.7/site-packages/airflow/example_dags/example_branch_labels.py took 0.075 seconds
[2023-08-09T03:20:43.377+0000] {processor.py:157} INFO - Started process (PID=1161) to work on /home/airflow/.local/lib/python3.7/site-packages/airflow/example_dags/example_branch_labels.py
[2023-08-09T03:20:43.378+0000] {processor.py:826} INFO - Processing file /home/airflow/.local/lib/python3.7/site-packages/airflow/example_dags/example_branch_labels.py for tasks to queue
[2023-08-09T03:20:43.379+0000] {logging_mixin.py:150} INFO - [2023-08-09T03:20:43.379+0000] {dagbag.py:541} INFO - Filling up the DagBag from /home/airflow/.local/lib/python3.7/site-packages/airflow/example_dags/example_branch_labels.py
[2023-08-09T03:20:43.386+0000] {processor.py:836} INFO - DAG(s) dict_keys(['example_branch_labels']) retrieved from /home/airflow/.local/lib/python3.7/site-packages/airflow/example_dags/example_branch_labels.py
[2023-08-09T03:20:43.407+0000] {logging_mixin.py:150} INFO - [2023-08-09T03:20:43.407+0000] {dag.py:2742} INFO - Sync 1 DAGs
[2023-08-09T03:20:43.431+0000] {logging_mixin.py:150} INFO - [2023-08-09T03:20:43.431+0000] {dag.py:3508} INFO - Setting next_dagrun for example_branch_labels to 2023-08-08T00:00:00+00:00, run_after=2023-08-09T00:00:00+00:00
[2023-08-09T03:20:43.448+0000] {processor.py:179} INFO - Processing /home/airflow/.local/lib/python3.7/site-packages/airflow/example_dags/example_branch_labels.py took 0.073 seconds
[2023-08-09T03:21:13.572+0000] {processor.py:157} INFO - Started process (PID=1216) to work on /home/airflow/.local/lib/python3.7/site-packages/airflow/example_dags/example_branch_labels.py
[2023-08-09T03:21:13.573+0000] {processor.py:826} INFO - Processing file /home/airflow/.local/lib/python3.7/site-packages/airflow/example_dags/example_branch_labels.py for tasks to queue
[2023-08-09T03:21:13.576+0000] {logging_mixin.py:150} INFO - [2023-08-09T03:21:13.575+0000] {dagbag.py:541} INFO - Filling up the DagBag from /home/airflow/.local/lib/python3.7/site-packages/airflow/example_dags/example_branch_labels.py
[2023-08-09T03:21:13.586+0000] {processor.py:836} INFO - DAG(s) dict_keys(['example_branch_labels']) retrieved from /home/airflow/.local/lib/python3.7/site-packages/airflow/example_dags/example_branch_labels.py
[2023-08-09T03:21:13.618+0000] {logging_mixin.py:150} INFO - [2023-08-09T03:21:13.617+0000] {dag.py:2742} INFO - Sync 1 DAGs
[2023-08-09T03:21:13.653+0000] {logging_mixin.py:150} INFO - [2023-08-09T03:21:13.653+0000] {dag.py:3508} INFO - Setting next_dagrun for example_branch_labels to 2023-08-08T00:00:00+00:00, run_after=2023-08-09T00:00:00+00:00
[2023-08-09T03:21:13.675+0000] {processor.py:179} INFO - Processing /home/airflow/.local/lib/python3.7/site-packages/airflow/example_dags/example_branch_labels.py took 0.106 seconds
[2023-08-09T03:21:43.844+0000] {processor.py:157} INFO - Started process (PID=1271) to work on /home/airflow/.local/lib/python3.7/site-packages/airflow/example_dags/example_branch_labels.py
[2023-08-09T03:21:43.845+0000] {processor.py:826} INFO - Processing file /home/airflow/.local/lib/python3.7/site-packages/airflow/example_dags/example_branch_labels.py for tasks to queue
[2023-08-09T03:21:43.847+0000] {logging_mixin.py:150} INFO - [2023-08-09T03:21:43.846+0000] {dagbag.py:541} INFO - Filling up the DagBag from /home/airflow/.local/lib/python3.7/site-packages/airflow/example_dags/example_branch_labels.py
[2023-08-09T03:21:43.854+0000] {processor.py:836} INFO - DAG(s) dict_keys(['example_branch_labels']) retrieved from /home/airflow/.local/lib/python3.7/site-packages/airflow/example_dags/example_branch_labels.py
[2023-08-09T03:21:43.884+0000] {logging_mixin.py:150} INFO - [2023-08-09T03:21:43.883+0000] {dag.py:2742} INFO - Sync 1 DAGs
[2023-08-09T03:21:43.919+0000] {logging_mixin.py:150} INFO - [2023-08-09T03:21:43.919+0000] {dag.py:3508} INFO - Setting next_dagrun for example_branch_labels to 2023-08-08T00:00:00+00:00, run_after=2023-08-09T00:00:00+00:00
[2023-08-09T03:21:43.939+0000] {processor.py:179} INFO - Processing /home/airflow/.local/lib/python3.7/site-packages/airflow/example_dags/example_branch_labels.py took 0.097 seconds
[2023-08-09T03:22:14.076+0000] {processor.py:157} INFO - Started process (PID=1326) to work on /home/airflow/.local/lib/python3.7/site-packages/airflow/example_dags/example_branch_labels.py
[2023-08-09T03:22:14.077+0000] {processor.py:826} INFO - Processing file /home/airflow/.local/lib/python3.7/site-packages/airflow/example_dags/example_branch_labels.py for tasks to queue
[2023-08-09T03:22:14.079+0000] {logging_mixin.py:150} INFO - [2023-08-09T03:22:14.078+0000] {dagbag.py:541} INFO - Filling up the DagBag from /home/airflow/.local/lib/python3.7/site-packages/airflow/example_dags/example_branch_labels.py
[2023-08-09T03:22:14.087+0000] {processor.py:836} INFO - DAG(s) dict_keys(['example_branch_labels']) retrieved from /home/airflow/.local/lib/python3.7/site-packages/airflow/example_dags/example_branch_labels.py
[2023-08-09T03:22:14.117+0000] {logging_mixin.py:150} INFO - [2023-08-09T03:22:14.116+0000] {dag.py:2742} INFO - Sync 1 DAGs
[2023-08-09T03:22:14.153+0000] {logging_mixin.py:150} INFO - [2023-08-09T03:22:14.153+0000] {dag.py:3508} INFO - Setting next_dagrun for example_branch_labels to 2023-08-08T00:00:00+00:00, run_after=2023-08-09T00:00:00+00:00
[2023-08-09T03:22:14.176+0000] {processor.py:179} INFO - Processing /home/airflow/.local/lib/python3.7/site-packages/airflow/example_dags/example_branch_labels.py took 0.102 seconds
[2023-08-09T03:22:44.247+0000] {processor.py:157} INFO - Started process (PID=1380) to work on /home/airflow/.local/lib/python3.7/site-packages/airflow/example_dags/example_branch_labels.py
[2023-08-09T03:22:44.248+0000] {processor.py:826} INFO - Processing file /home/airflow/.local/lib/python3.7/site-packages/airflow/example_dags/example_branch_labels.py for tasks to queue
[2023-08-09T03:22:44.249+0000] {logging_mixin.py:150} INFO - [2023-08-09T03:22:44.249+0000] {dagbag.py:541} INFO - Filling up the DagBag from /home/airflow/.local/lib/python3.7/site-packages/airflow/example_dags/example_branch_labels.py
[2023-08-09T03:22:44.256+0000] {processor.py:836} INFO - DAG(s) dict_keys(['example_branch_labels']) retrieved from /home/airflow/.local/lib/python3.7/site-packages/airflow/example_dags/example_branch_labels.py
[2023-08-09T03:22:44.276+0000] {logging_mixin.py:150} INFO - [2023-08-09T03:22:44.276+0000] {dag.py:2742} INFO - Sync 1 DAGs
[2023-08-09T03:22:44.299+0000] {logging_mixin.py:150} INFO - [2023-08-09T03:22:44.299+0000] {dag.py:3508} INFO - Setting next_dagrun for example_branch_labels to 2023-08-08T00:00:00+00:00, run_after=2023-08-09T00:00:00+00:00
[2023-08-09T03:22:44.316+0000] {processor.py:179} INFO - Processing /home/airflow/.local/lib/python3.7/site-packages/airflow/example_dags/example_branch_labels.py took 0.071 seconds
[2023-08-09T03:23:14.476+0000] {processor.py:157} INFO - Started process (PID=1435) to work on /home/airflow/.local/lib/python3.7/site-packages/airflow/example_dags/example_branch_labels.py
[2023-08-09T03:23:14.477+0000] {processor.py:826} INFO - Processing file /home/airflow/.local/lib/python3.7/site-packages/airflow/example_dags/example_branch_labels.py for tasks to queue
[2023-08-09T03:23:14.479+0000] {logging_mixin.py:150} INFO - [2023-08-09T03:23:14.479+0000] {dagbag.py:541} INFO - Filling up the DagBag from /home/airflow/.local/lib/python3.7/site-packages/airflow/example_dags/example_branch_labels.py
[2023-08-09T03:23:14.487+0000] {processor.py:836} INFO - DAG(s) dict_keys(['example_branch_labels']) retrieved from /home/airflow/.local/lib/python3.7/site-packages/airflow/example_dags/example_branch_labels.py
[2023-08-09T03:23:14.509+0000] {logging_mixin.py:150} INFO - [2023-08-09T03:23:14.509+0000] {dag.py:2742} INFO - Sync 1 DAGs
[2023-08-09T03:23:14.538+0000] {logging_mixin.py:150} INFO - [2023-08-09T03:23:14.538+0000] {dag.py:3508} INFO - Setting next_dagrun for example_branch_labels to 2023-08-08T00:00:00+00:00, run_after=2023-08-09T00:00:00+00:00
[2023-08-09T03:23:14.553+0000] {processor.py:179} INFO - Processing /home/airflow/.local/lib/python3.7/site-packages/airflow/example_dags/example_branch_labels.py took 0.079 seconds
[2023-08-09T03:23:44.665+0000] {processor.py:157} INFO - Started process (PID=1490) to work on /home/airflow/.local/lib/python3.7/site-packages/airflow/example_dags/example_branch_labels.py
[2023-08-09T03:23:44.666+0000] {processor.py:826} INFO - Processing file /home/airflow/.local/lib/python3.7/site-packages/airflow/example_dags/example_branch_labels.py for tasks to queue
[2023-08-09T03:23:44.668+0000] {logging_mixin.py:150} INFO - [2023-08-09T03:23:44.667+0000] {dagbag.py:541} INFO - Filling up the DagBag from /home/airflow/.local/lib/python3.7/site-packages/airflow/example_dags/example_branch_labels.py
[2023-08-09T03:23:44.674+0000] {processor.py:836} INFO - DAG(s) dict_keys(['example_branch_labels']) retrieved from /home/airflow/.local/lib/python3.7/site-packages/airflow/example_dags/example_branch_labels.py
[2023-08-09T03:23:44.703+0000] {logging_mixin.py:150} INFO - [2023-08-09T03:23:44.703+0000] {dag.py:2742} INFO - Sync 1 DAGs
[2023-08-09T03:23:44.743+0000] {logging_mixin.py:150} INFO - [2023-08-09T03:23:44.743+0000] {dag.py:3508} INFO - Setting next_dagrun for example_branch_labels to 2023-08-08T00:00:00+00:00, run_after=2023-08-09T00:00:00+00:00
[2023-08-09T03:23:44.766+0000] {processor.py:179} INFO - Processing /home/airflow/.local/lib/python3.7/site-packages/airflow/example_dags/example_branch_labels.py took 0.103 seconds
[2023-08-09T03:24:15.003+0000] {processor.py:157} INFO - Started process (PID=1545) to work on /home/airflow/.local/lib/python3.7/site-packages/airflow/example_dags/example_branch_labels.py
[2023-08-09T03:24:15.003+0000] {processor.py:826} INFO - Processing file /home/airflow/.local/lib/python3.7/site-packages/airflow/example_dags/example_branch_labels.py for tasks to queue
[2023-08-09T03:24:15.005+0000] {logging_mixin.py:150} INFO - [2023-08-09T03:24:15.005+0000] {dagbag.py:541} INFO - Filling up the DagBag from /home/airflow/.local/lib/python3.7/site-packages/airflow/example_dags/example_branch_labels.py
[2023-08-09T03:24:15.012+0000] {processor.py:836} INFO - DAG(s) dict_keys(['example_branch_labels']) retrieved from /home/airflow/.local/lib/python3.7/site-packages/airflow/example_dags/example_branch_labels.py
[2023-08-09T03:24:15.033+0000] {logging_mixin.py:150} INFO - [2023-08-09T03:24:15.033+0000] {dag.py:2742} INFO - Sync 1 DAGs
[2023-08-09T03:24:15.059+0000] {logging_mixin.py:150} INFO - [2023-08-09T03:24:15.058+0000] {dag.py:3508} INFO - Setting next_dagrun for example_branch_labels to 2023-08-08T00:00:00+00:00, run_after=2023-08-09T00:00:00+00:00
[2023-08-09T03:24:15.073+0000] {processor.py:179} INFO - Processing /home/airflow/.local/lib/python3.7/site-packages/airflow/example_dags/example_branch_labels.py took 0.073 seconds
[2023-08-09T03:24:45.278+0000] {processor.py:157} INFO - Started process (PID=1600) to work on /home/airflow/.local/lib/python3.7/site-packages/airflow/example_dags/example_branch_labels.py
[2023-08-09T03:24:45.278+0000] {processor.py:826} INFO - Processing file /home/airflow/.local/lib/python3.7/site-packages/airflow/example_dags/example_branch_labels.py for tasks to queue
[2023-08-09T03:24:45.280+0000] {logging_mixin.py:150} INFO - [2023-08-09T03:24:45.280+0000] {dagbag.py:541} INFO - Filling up the DagBag from /home/airflow/.local/lib/python3.7/site-packages/airflow/example_dags/example_branch_labels.py
[2023-08-09T03:24:45.286+0000] {processor.py:836} INFO - DAG(s) dict_keys(['example_branch_labels']) retrieved from /home/airflow/.local/lib/python3.7/site-packages/airflow/example_dags/example_branch_labels.py
[2023-08-09T03:24:45.308+0000] {logging_mixin.py:150} INFO - [2023-08-09T03:24:45.307+0000] {dag.py:2742} INFO - Sync 1 DAGs
[2023-08-09T03:24:45.332+0000] {logging_mixin.py:150} INFO - [2023-08-09T03:24:45.332+0000] {dag.py:3508} INFO - Setting next_dagrun for example_branch_labels to 2023-08-08T00:00:00+00:00, run_after=2023-08-09T00:00:00+00:00
[2023-08-09T03:24:45.349+0000] {processor.py:179} INFO - Processing /home/airflow/.local/lib/python3.7/site-packages/airflow/example_dags/example_branch_labels.py took 0.074 seconds
[2023-08-09T03:25:15.521+0000] {processor.py:157} INFO - Started process (PID=1654) to work on /home/airflow/.local/lib/python3.7/site-packages/airflow/example_dags/example_branch_labels.py
[2023-08-09T03:25:15.521+0000] {processor.py:826} INFO - Processing file /home/airflow/.local/lib/python3.7/site-packages/airflow/example_dags/example_branch_labels.py for tasks to queue
[2023-08-09T03:25:15.523+0000] {logging_mixin.py:150} INFO - [2023-08-09T03:25:15.523+0000] {dagbag.py:541} INFO - Filling up the DagBag from /home/airflow/.local/lib/python3.7/site-packages/airflow/example_dags/example_branch_labels.py
[2023-08-09T03:25:15.530+0000] {processor.py:836} INFO - DAG(s) dict_keys(['example_branch_labels']) retrieved from /home/airflow/.local/lib/python3.7/site-packages/airflow/example_dags/example_branch_labels.py
[2023-08-09T03:25:15.551+0000] {logging_mixin.py:150} INFO - [2023-08-09T03:25:15.550+0000] {dag.py:2742} INFO - Sync 1 DAGs
[2023-08-09T03:25:15.575+0000] {logging_mixin.py:150} INFO - [2023-08-09T03:25:15.575+0000] {dag.py:3508} INFO - Setting next_dagrun for example_branch_labels to 2023-08-08T00:00:00+00:00, run_after=2023-08-09T00:00:00+00:00
[2023-08-09T03:25:15.591+0000] {processor.py:179} INFO - Processing /home/airflow/.local/lib/python3.7/site-packages/airflow/example_dags/example_branch_labels.py took 0.073 seconds
[2023-08-09T03:25:45.766+0000] {processor.py:157} INFO - Started process (PID=1709) to work on /home/airflow/.local/lib/python3.7/site-packages/airflow/example_dags/example_branch_labels.py
[2023-08-09T03:25:45.766+0000] {processor.py:826} INFO - Processing file /home/airflow/.local/lib/python3.7/site-packages/airflow/example_dags/example_branch_labels.py for tasks to queue
[2023-08-09T03:25:45.768+0000] {logging_mixin.py:150} INFO - [2023-08-09T03:25:45.768+0000] {dagbag.py:541} INFO - Filling up the DagBag from /home/airflow/.local/lib/python3.7/site-packages/airflow/example_dags/example_branch_labels.py
[2023-08-09T03:25:45.776+0000] {processor.py:836} INFO - DAG(s) dict_keys(['example_branch_labels']) retrieved from /home/airflow/.local/lib/python3.7/site-packages/airflow/example_dags/example_branch_labels.py
[2023-08-09T03:25:45.799+0000] {logging_mixin.py:150} INFO - [2023-08-09T03:25:45.799+0000] {dag.py:2742} INFO - Sync 1 DAGs
[2023-08-09T03:25:45.829+0000] {logging_mixin.py:150} INFO - [2023-08-09T03:25:45.828+0000] {dag.py:3508} INFO - Setting next_dagrun for example_branch_labels to 2023-08-08T00:00:00+00:00, run_after=2023-08-09T00:00:00+00:00
[2023-08-09T03:25:45.846+0000] {processor.py:179} INFO - Processing /home/airflow/.local/lib/python3.7/site-packages/airflow/example_dags/example_branch_labels.py took 0.084 seconds
[2023-08-09T03:26:16.178+0000] {processor.py:157} INFO - Started process (PID=1763) to work on /home/airflow/.local/lib/python3.7/site-packages/airflow/example_dags/example_branch_labels.py
[2023-08-09T03:26:16.179+0000] {processor.py:826} INFO - Processing file /home/airflow/.local/lib/python3.7/site-packages/airflow/example_dags/example_branch_labels.py for tasks to queue
[2023-08-09T03:26:16.181+0000] {logging_mixin.py:150} INFO - [2023-08-09T03:26:16.181+0000] {dagbag.py:541} INFO - Filling up the DagBag from /home/airflow/.local/lib/python3.7/site-packages/airflow/example_dags/example_branch_labels.py
[2023-08-09T03:26:16.189+0000] {processor.py:836} INFO - DAG(s) dict_keys(['example_branch_labels']) retrieved from /home/airflow/.local/lib/python3.7/site-packages/airflow/example_dags/example_branch_labels.py
[2023-08-09T03:26:16.213+0000] {logging_mixin.py:150} INFO - [2023-08-09T03:26:16.212+0000] {dag.py:2742} INFO - Sync 1 DAGs
[2023-08-09T03:26:16.240+0000] {logging_mixin.py:150} INFO - [2023-08-09T03:26:16.239+0000] {dag.py:3508} INFO - Setting next_dagrun for example_branch_labels to 2023-08-08T00:00:00+00:00, run_after=2023-08-09T00:00:00+00:00
[2023-08-09T03:26:16.258+0000] {processor.py:179} INFO - Processing /home/airflow/.local/lib/python3.7/site-packages/airflow/example_dags/example_branch_labels.py took 0.082 seconds
[2023-08-09T03:26:47.229+0000] {processor.py:157} INFO - Started process (PID=1818) to work on /home/airflow/.local/lib/python3.7/site-packages/airflow/example_dags/example_branch_labels.py
[2023-08-09T03:26:47.230+0000] {processor.py:826} INFO - Processing file /home/airflow/.local/lib/python3.7/site-packages/airflow/example_dags/example_branch_labels.py for tasks to queue
[2023-08-09T03:26:47.232+0000] {logging_mixin.py:150} INFO - [2023-08-09T03:26:47.231+0000] {dagbag.py:541} INFO - Filling up the DagBag from /home/airflow/.local/lib/python3.7/site-packages/airflow/example_dags/example_branch_labels.py
[2023-08-09T03:26:47.238+0000] {processor.py:836} INFO - DAG(s) dict_keys(['example_branch_labels']) retrieved from /home/airflow/.local/lib/python3.7/site-packages/airflow/example_dags/example_branch_labels.py
[2023-08-09T03:26:47.261+0000] {logging_mixin.py:150} INFO - [2023-08-09T03:26:47.260+0000] {dag.py:2742} INFO - Sync 1 DAGs
[2023-08-09T03:26:47.284+0000] {logging_mixin.py:150} INFO - [2023-08-09T03:26:47.284+0000] {dag.py:3508} INFO - Setting next_dagrun for example_branch_labels to 2023-08-08T00:00:00+00:00, run_after=2023-08-09T00:00:00+00:00
[2023-08-09T03:26:47.299+0000] {processor.py:179} INFO - Processing /home/airflow/.local/lib/python3.7/site-packages/airflow/example_dags/example_branch_labels.py took 0.073 seconds
[2023-08-09T03:27:17.467+0000] {processor.py:157} INFO - Started process (PID=1872) to work on /home/airflow/.local/lib/python3.7/site-packages/airflow/example_dags/example_branch_labels.py
[2023-08-09T03:27:17.468+0000] {processor.py:826} INFO - Processing file /home/airflow/.local/lib/python3.7/site-packages/airflow/example_dags/example_branch_labels.py for tasks to queue
[2023-08-09T03:27:17.470+0000] {logging_mixin.py:150} INFO - [2023-08-09T03:27:17.469+0000] {dagbag.py:541} INFO - Filling up the DagBag from /home/airflow/.local/lib/python3.7/site-packages/airflow/example_dags/example_branch_labels.py
[2023-08-09T03:27:17.476+0000] {processor.py:836} INFO - DAG(s) dict_keys(['example_branch_labels']) retrieved from /home/airflow/.local/lib/python3.7/site-packages/airflow/example_dags/example_branch_labels.py
[2023-08-09T03:27:17.498+0000] {logging_mixin.py:150} INFO - [2023-08-09T03:27:17.497+0000] {dag.py:2742} INFO - Sync 1 DAGs
[2023-08-09T03:27:17.523+0000] {logging_mixin.py:150} INFO - [2023-08-09T03:27:17.523+0000] {dag.py:3508} INFO - Setting next_dagrun for example_branch_labels to 2023-08-08T00:00:00+00:00, run_after=2023-08-09T00:00:00+00:00
[2023-08-09T03:27:17.539+0000] {processor.py:179} INFO - Processing /home/airflow/.local/lib/python3.7/site-packages/airflow/example_dags/example_branch_labels.py took 0.074 seconds
[2023-08-09T03:27:47.878+0000] {processor.py:157} INFO - Started process (PID=1927) to work on /home/airflow/.local/lib/python3.7/site-packages/airflow/example_dags/example_branch_labels.py
[2023-08-09T03:27:47.879+0000] {processor.py:826} INFO - Processing file /home/airflow/.local/lib/python3.7/site-packages/airflow/example_dags/example_branch_labels.py for tasks to queue
[2023-08-09T03:27:47.881+0000] {logging_mixin.py:150} INFO - [2023-08-09T03:27:47.880+0000] {dagbag.py:541} INFO - Filling up the DagBag from /home/airflow/.local/lib/python3.7/site-packages/airflow/example_dags/example_branch_labels.py
[2023-08-09T03:27:47.888+0000] {processor.py:836} INFO - DAG(s) dict_keys(['example_branch_labels']) retrieved from /home/airflow/.local/lib/python3.7/site-packages/airflow/example_dags/example_branch_labels.py
[2023-08-09T03:27:47.910+0000] {logging_mixin.py:150} INFO - [2023-08-09T03:27:47.910+0000] {dag.py:2742} INFO - Sync 1 DAGs
[2023-08-09T03:27:47.935+0000] {logging_mixin.py:150} INFO - [2023-08-09T03:27:47.935+0000] {dag.py:3508} INFO - Setting next_dagrun for example_branch_labels to 2023-08-08T00:00:00+00:00, run_after=2023-08-09T00:00:00+00:00
[2023-08-09T03:27:47.951+0000] {processor.py:179} INFO - Processing /home/airflow/.local/lib/python3.7/site-packages/airflow/example_dags/example_branch_labels.py took 0.076 seconds
[2023-08-09T03:28:18.173+0000] {processor.py:157} INFO - Started process (PID=1982) to work on /home/airflow/.local/lib/python3.7/site-packages/airflow/example_dags/example_branch_labels.py
[2023-08-09T03:28:18.173+0000] {processor.py:826} INFO - Processing file /home/airflow/.local/lib/python3.7/site-packages/airflow/example_dags/example_branch_labels.py for tasks to queue
[2023-08-09T03:28:18.175+0000] {logging_mixin.py:150} INFO - [2023-08-09T03:28:18.175+0000] {dagbag.py:541} INFO - Filling up the DagBag from /home/airflow/.local/lib/python3.7/site-packages/airflow/example_dags/example_branch_labels.py
[2023-08-09T03:28:18.182+0000] {processor.py:836} INFO - DAG(s) dict_keys(['example_branch_labels']) retrieved from /home/airflow/.local/lib/python3.7/site-packages/airflow/example_dags/example_branch_labels.py
[2023-08-09T03:28:18.204+0000] {logging_mixin.py:150} INFO - [2023-08-09T03:28:18.204+0000] {dag.py:2742} INFO - Sync 1 DAGs
[2023-08-09T03:28:18.229+0000] {logging_mixin.py:150} INFO - [2023-08-09T03:28:18.229+0000] {dag.py:3508} INFO - Setting next_dagrun for example_branch_labels to 2023-08-08T00:00:00+00:00, run_after=2023-08-09T00:00:00+00:00
[2023-08-09T03:28:18.247+0000] {processor.py:179} INFO - Processing /home/airflow/.local/lib/python3.7/site-packages/airflow/example_dags/example_branch_labels.py took 0.077 seconds
[2023-08-09T03:28:48.451+0000] {processor.py:157} INFO - Started process (PID=2038) to work on /home/airflow/.local/lib/python3.7/site-packages/airflow/example_dags/example_branch_labels.py
[2023-08-09T03:28:48.452+0000] {processor.py:826} INFO - Processing file /home/airflow/.local/lib/python3.7/site-packages/airflow/example_dags/example_branch_labels.py for tasks to queue
[2023-08-09T03:28:48.454+0000] {logging_mixin.py:150} INFO - [2023-08-09T03:28:48.454+0000] {dagbag.py:541} INFO - Filling up the DagBag from /home/airflow/.local/lib/python3.7/site-packages/airflow/example_dags/example_branch_labels.py
[2023-08-09T03:28:48.461+0000] {processor.py:836} INFO - DAG(s) dict_keys(['example_branch_labels']) retrieved from /home/airflow/.local/lib/python3.7/site-packages/airflow/example_dags/example_branch_labels.py
[2023-08-09T03:28:48.484+0000] {logging_mixin.py:150} INFO - [2023-08-09T03:28:48.483+0000] {dag.py:2742} INFO - Sync 1 DAGs
[2023-08-09T03:28:48.509+0000] {logging_mixin.py:150} INFO - [2023-08-09T03:28:48.509+0000] {dag.py:3508} INFO - Setting next_dagrun for example_branch_labels to 2023-08-08T00:00:00+00:00, run_after=2023-08-09T00:00:00+00:00
[2023-08-09T03:28:48.526+0000] {processor.py:179} INFO - Processing /home/airflow/.local/lib/python3.7/site-packages/airflow/example_dags/example_branch_labels.py took 0.077 seconds
[2023-08-09T03:29:18.884+0000] {processor.py:157} INFO - Started process (PID=2093) to work on /home/airflow/.local/lib/python3.7/site-packages/airflow/example_dags/example_branch_labels.py
[2023-08-09T03:29:18.884+0000] {processor.py:826} INFO - Processing file /home/airflow/.local/lib/python3.7/site-packages/airflow/example_dags/example_branch_labels.py for tasks to queue
[2023-08-09T03:29:18.886+0000] {logging_mixin.py:150} INFO - [2023-08-09T03:29:18.886+0000] {dagbag.py:541} INFO - Filling up the DagBag from /home/airflow/.local/lib/python3.7/site-packages/airflow/example_dags/example_branch_labels.py
[2023-08-09T03:29:18.894+0000] {processor.py:836} INFO - DAG(s) dict_keys(['example_branch_labels']) retrieved from /home/airflow/.local/lib/python3.7/site-packages/airflow/example_dags/example_branch_labels.py
[2023-08-09T03:29:18.921+0000] {logging_mixin.py:150} INFO - [2023-08-09T03:29:18.920+0000] {dag.py:2742} INFO - Sync 1 DAGs
[2023-08-09T03:29:18.946+0000] {logging_mixin.py:150} INFO - [2023-08-09T03:29:18.946+0000] {dag.py:3508} INFO - Setting next_dagrun for example_branch_labels to 2023-08-08T00:00:00+00:00, run_after=2023-08-09T00:00:00+00:00
[2023-08-09T03:29:18.962+0000] {processor.py:179} INFO - Processing /home/airflow/.local/lib/python3.7/site-packages/airflow/example_dags/example_branch_labels.py took 0.081 seconds
[2023-08-09T03:29:49.078+0000] {processor.py:157} INFO - Started process (PID=2148) to work on /home/airflow/.local/lib/python3.7/site-packages/airflow/example_dags/example_branch_labels.py
[2023-08-09T03:29:49.078+0000] {processor.py:826} INFO - Processing file /home/airflow/.local/lib/python3.7/site-packages/airflow/example_dags/example_branch_labels.py for tasks to queue
[2023-08-09T03:29:49.079+0000] {logging_mixin.py:150} INFO - [2023-08-09T03:29:49.079+0000] {dagbag.py:541} INFO - Filling up the DagBag from /home/airflow/.local/lib/python3.7/site-packages/airflow/example_dags/example_branch_labels.py
[2023-08-09T03:29:49.086+0000] {processor.py:836} INFO - DAG(s) dict_keys(['example_branch_labels']) retrieved from /home/airflow/.local/lib/python3.7/site-packages/airflow/example_dags/example_branch_labels.py
[2023-08-09T03:29:49.115+0000] {logging_mixin.py:150} INFO - [2023-08-09T03:29:49.115+0000] {dag.py:2742} INFO - Sync 1 DAGs
[2023-08-09T03:29:49.146+0000] {logging_mixin.py:150} INFO - [2023-08-09T03:29:49.146+0000] {dag.py:3508} INFO - Setting next_dagrun for example_branch_labels to 2023-08-08T00:00:00+00:00, run_after=2023-08-09T00:00:00+00:00
[2023-08-09T03:29:49.170+0000] {processor.py:179} INFO - Processing /home/airflow/.local/lib/python3.7/site-packages/airflow/example_dags/example_branch_labels.py took 0.095 seconds
[2023-08-09T03:30:20.012+0000] {processor.py:157} INFO - Started process (PID=2203) to work on /home/airflow/.local/lib/python3.7/site-packages/airflow/example_dags/example_branch_labels.py
[2023-08-09T03:30:20.013+0000] {processor.py:826} INFO - Processing file /home/airflow/.local/lib/python3.7/site-packages/airflow/example_dags/example_branch_labels.py for tasks to queue
[2023-08-09T03:30:20.014+0000] {logging_mixin.py:150} INFO - [2023-08-09T03:30:20.013+0000] {dagbag.py:541} INFO - Filling up the DagBag from /home/airflow/.local/lib/python3.7/site-packages/airflow/example_dags/example_branch_labels.py
[2023-08-09T03:30:20.020+0000] {processor.py:836} INFO - DAG(s) dict_keys(['example_branch_labels']) retrieved from /home/airflow/.local/lib/python3.7/site-packages/airflow/example_dags/example_branch_labels.py
[2023-08-09T03:30:20.057+0000] {logging_mixin.py:150} INFO - [2023-08-09T03:30:20.057+0000] {dag.py:2742} INFO - Sync 1 DAGs
[2023-08-09T03:30:20.095+0000] {logging_mixin.py:150} INFO - [2023-08-09T03:30:20.095+0000] {dag.py:3508} INFO - Setting next_dagrun for example_branch_labels to 2023-08-08T00:00:00+00:00, run_after=2023-08-09T00:00:00+00:00
[2023-08-09T03:30:20.114+0000] {processor.py:179} INFO - Processing /home/airflow/.local/lib/python3.7/site-packages/airflow/example_dags/example_branch_labels.py took 0.104 seconds
[2023-08-09T03:30:50.184+0000] {processor.py:157} INFO - Started process (PID=2259) to work on /home/airflow/.local/lib/python3.7/site-packages/airflow/example_dags/example_branch_labels.py
[2023-08-09T03:30:50.185+0000] {processor.py:826} INFO - Processing file /home/airflow/.local/lib/python3.7/site-packages/airflow/example_dags/example_branch_labels.py for tasks to queue
[2023-08-09T03:30:50.186+0000] {logging_mixin.py:150} INFO - [2023-08-09T03:30:50.186+0000] {dagbag.py:541} INFO - Filling up the DagBag from /home/airflow/.local/lib/python3.7/site-packages/airflow/example_dags/example_branch_labels.py
[2023-08-09T03:30:50.197+0000] {processor.py:836} INFO - DAG(s) dict_keys(['example_branch_labels']) retrieved from /home/airflow/.local/lib/python3.7/site-packages/airflow/example_dags/example_branch_labels.py
[2023-08-09T03:30:50.234+0000] {logging_mixin.py:150} INFO - [2023-08-09T03:30:50.233+0000] {dag.py:2742} INFO - Sync 1 DAGs
[2023-08-09T03:30:50.291+0000] {logging_mixin.py:150} INFO - [2023-08-09T03:30:50.291+0000] {dag.py:3508} INFO - Setting next_dagrun for example_branch_labels to 2023-08-08T00:00:00+00:00, run_after=2023-08-09T00:00:00+00:00
[2023-08-09T03:30:50.315+0000] {processor.py:179} INFO - Processing /home/airflow/.local/lib/python3.7/site-packages/airflow/example_dags/example_branch_labels.py took 0.136 seconds
[2023-08-09T03:31:20.865+0000] {processor.py:157} INFO - Started process (PID=2317) to work on /home/airflow/.local/lib/python3.7/site-packages/airflow/example_dags/example_branch_labels.py
[2023-08-09T03:31:20.866+0000] {processor.py:826} INFO - Processing file /home/airflow/.local/lib/python3.7/site-packages/airflow/example_dags/example_branch_labels.py for tasks to queue
[2023-08-09T03:31:20.867+0000] {logging_mixin.py:150} INFO - [2023-08-09T03:31:20.867+0000] {dagbag.py:541} INFO - Filling up the DagBag from /home/airflow/.local/lib/python3.7/site-packages/airflow/example_dags/example_branch_labels.py
[2023-08-09T03:31:20.876+0000] {processor.py:836} INFO - DAG(s) dict_keys(['example_branch_labels']) retrieved from /home/airflow/.local/lib/python3.7/site-packages/airflow/example_dags/example_branch_labels.py
[2023-08-09T03:31:20.897+0000] {logging_mixin.py:150} INFO - [2023-08-09T03:31:20.897+0000] {dag.py:2742} INFO - Sync 1 DAGs
[2023-08-09T03:31:20.925+0000] {logging_mixin.py:150} INFO - [2023-08-09T03:31:20.925+0000] {dag.py:3508} INFO - Setting next_dagrun for example_branch_labels to 2023-08-08T00:00:00+00:00, run_after=2023-08-09T00:00:00+00:00
[2023-08-09T03:31:20.946+0000] {processor.py:179} INFO - Processing /home/airflow/.local/lib/python3.7/site-packages/airflow/example_dags/example_branch_labels.py took 0.084 seconds
[2023-08-09T03:31:51.073+0000] {processor.py:157} INFO - Started process (PID=2372) to work on /home/airflow/.local/lib/python3.7/site-packages/airflow/example_dags/example_branch_labels.py
[2023-08-09T03:31:51.074+0000] {processor.py:826} INFO - Processing file /home/airflow/.local/lib/python3.7/site-packages/airflow/example_dags/example_branch_labels.py for tasks to queue
[2023-08-09T03:31:51.075+0000] {logging_mixin.py:150} INFO - [2023-08-09T03:31:51.074+0000] {dagbag.py:541} INFO - Filling up the DagBag from /home/airflow/.local/lib/python3.7/site-packages/airflow/example_dags/example_branch_labels.py
[2023-08-09T03:31:51.081+0000] {processor.py:836} INFO - DAG(s) dict_keys(['example_branch_labels']) retrieved from /home/airflow/.local/lib/python3.7/site-packages/airflow/example_dags/example_branch_labels.py
[2023-08-09T03:31:51.125+0000] {logging_mixin.py:150} INFO - [2023-08-09T03:31:51.125+0000] {dag.py:2742} INFO - Sync 1 DAGs
[2023-08-09T03:31:51.157+0000] {logging_mixin.py:150} INFO - [2023-08-09T03:31:51.157+0000] {dag.py:3508} INFO - Setting next_dagrun for example_branch_labels to 2023-08-08T00:00:00+00:00, run_after=2023-08-09T00:00:00+00:00
[2023-08-09T03:31:51.174+0000] {processor.py:179} INFO - Processing /home/airflow/.local/lib/python3.7/site-packages/airflow/example_dags/example_branch_labels.py took 0.104 seconds
[2023-08-09T03:32:21.563+0000] {processor.py:157} INFO - Started process (PID=2435) to work on /home/airflow/.local/lib/python3.7/site-packages/airflow/example_dags/example_branch_labels.py
[2023-08-09T03:32:21.563+0000] {processor.py:826} INFO - Processing file /home/airflow/.local/lib/python3.7/site-packages/airflow/example_dags/example_branch_labels.py for tasks to queue
[2023-08-09T03:32:21.564+0000] {logging_mixin.py:150} INFO - [2023-08-09T03:32:21.564+0000] {dagbag.py:541} INFO - Filling up the DagBag from /home/airflow/.local/lib/python3.7/site-packages/airflow/example_dags/example_branch_labels.py
[2023-08-09T03:32:21.572+0000] {processor.py:836} INFO - DAG(s) dict_keys(['example_branch_labels']) retrieved from /home/airflow/.local/lib/python3.7/site-packages/airflow/example_dags/example_branch_labels.py
[2023-08-09T03:32:21.596+0000] {logging_mixin.py:150} INFO - [2023-08-09T03:32:21.596+0000] {dag.py:2742} INFO - Sync 1 DAGs
[2023-08-09T03:32:21.633+0000] {logging_mixin.py:150} INFO - [2023-08-09T03:32:21.632+0000] {dag.py:3508} INFO - Setting next_dagrun for example_branch_labels to 2023-08-08T00:00:00+00:00, run_after=2023-08-09T00:00:00+00:00
[2023-08-09T03:32:21.651+0000] {processor.py:179} INFO - Processing /home/airflow/.local/lib/python3.7/site-packages/airflow/example_dags/example_branch_labels.py took 0.091 seconds
[2023-08-09T03:32:52.225+0000] {processor.py:157} INFO - Started process (PID=2490) to work on /home/airflow/.local/lib/python3.7/site-packages/airflow/example_dags/example_branch_labels.py
[2023-08-09T03:32:52.227+0000] {processor.py:826} INFO - Processing file /home/airflow/.local/lib/python3.7/site-packages/airflow/example_dags/example_branch_labels.py for tasks to queue
[2023-08-09T03:32:52.228+0000] {logging_mixin.py:150} INFO - [2023-08-09T03:32:52.228+0000] {dagbag.py:541} INFO - Filling up the DagBag from /home/airflow/.local/lib/python3.7/site-packages/airflow/example_dags/example_branch_labels.py
[2023-08-09T03:32:52.242+0000] {processor.py:836} INFO - DAG(s) dict_keys(['example_branch_labels']) retrieved from /home/airflow/.local/lib/python3.7/site-packages/airflow/example_dags/example_branch_labels.py
[2023-08-09T03:32:52.280+0000] {logging_mixin.py:150} INFO - [2023-08-09T03:32:52.280+0000] {dag.py:2742} INFO - Sync 1 DAGs
[2023-08-09T03:32:52.323+0000] {logging_mixin.py:150} INFO - [2023-08-09T03:32:52.322+0000] {dag.py:3508} INFO - Setting next_dagrun for example_branch_labels to 2023-08-08T00:00:00+00:00, run_after=2023-08-09T00:00:00+00:00
[2023-08-09T03:32:52.351+0000] {processor.py:179} INFO - Processing /home/airflow/.local/lib/python3.7/site-packages/airflow/example_dags/example_branch_labels.py took 0.130 seconds
[2023-08-09T03:33:22.721+0000] {processor.py:157} INFO - Started process (PID=2545) to work on /home/airflow/.local/lib/python3.7/site-packages/airflow/example_dags/example_branch_labels.py
[2023-08-09T03:33:22.722+0000] {processor.py:826} INFO - Processing file /home/airflow/.local/lib/python3.7/site-packages/airflow/example_dags/example_branch_labels.py for tasks to queue
[2023-08-09T03:33:22.722+0000] {logging_mixin.py:150} INFO - [2023-08-09T03:33:22.722+0000] {dagbag.py:541} INFO - Filling up the DagBag from /home/airflow/.local/lib/python3.7/site-packages/airflow/example_dags/example_branch_labels.py
[2023-08-09T03:33:22.729+0000] {processor.py:836} INFO - DAG(s) dict_keys(['example_branch_labels']) retrieved from /home/airflow/.local/lib/python3.7/site-packages/airflow/example_dags/example_branch_labels.py
[2023-08-09T03:33:22.752+0000] {logging_mixin.py:150} INFO - [2023-08-09T03:33:22.752+0000] {dag.py:2742} INFO - Sync 1 DAGs
[2023-08-09T03:33:22.776+0000] {logging_mixin.py:150} INFO - [2023-08-09T03:33:22.776+0000] {dag.py:3508} INFO - Setting next_dagrun for example_branch_labels to 2023-08-08T00:00:00+00:00, run_after=2023-08-09T00:00:00+00:00
[2023-08-09T03:33:22.795+0000] {processor.py:179} INFO - Processing /home/airflow/.local/lib/python3.7/site-packages/airflow/example_dags/example_branch_labels.py took 0.077 seconds
[2023-08-09T03:33:53.335+0000] {processor.py:157} INFO - Started process (PID=2601) to work on /home/airflow/.local/lib/python3.7/site-packages/airflow/example_dags/example_branch_labels.py
[2023-08-09T03:33:53.336+0000] {processor.py:826} INFO - Processing file /home/airflow/.local/lib/python3.7/site-packages/airflow/example_dags/example_branch_labels.py for tasks to queue
[2023-08-09T03:33:53.336+0000] {logging_mixin.py:150} INFO - [2023-08-09T03:33:53.336+0000] {dagbag.py:541} INFO - Filling up the DagBag from /home/airflow/.local/lib/python3.7/site-packages/airflow/example_dags/example_branch_labels.py
[2023-08-09T03:33:53.346+0000] {processor.py:836} INFO - DAG(s) dict_keys(['example_branch_labels']) retrieved from /home/airflow/.local/lib/python3.7/site-packages/airflow/example_dags/example_branch_labels.py
[2023-08-09T03:33:53.375+0000] {logging_mixin.py:150} INFO - [2023-08-09T03:33:53.375+0000] {dag.py:2742} INFO - Sync 1 DAGs
[2023-08-09T03:33:53.410+0000] {logging_mixin.py:150} INFO - [2023-08-09T03:33:53.409+0000] {dag.py:3508} INFO - Setting next_dagrun for example_branch_labels to 2023-08-08T00:00:00+00:00, run_after=2023-08-09T00:00:00+00:00
[2023-08-09T03:33:53.430+0000] {processor.py:179} INFO - Processing /home/airflow/.local/lib/python3.7/site-packages/airflow/example_dags/example_branch_labels.py took 0.098 seconds
[2023-08-09T03:34:23.548+0000] {processor.py:157} INFO - Started process (PID=2657) to work on /home/airflow/.local/lib/python3.7/site-packages/airflow/example_dags/example_branch_labels.py
[2023-08-09T03:34:23.549+0000] {processor.py:826} INFO - Processing file /home/airflow/.local/lib/python3.7/site-packages/airflow/example_dags/example_branch_labels.py for tasks to queue
[2023-08-09T03:34:23.550+0000] {logging_mixin.py:150} INFO - [2023-08-09T03:34:23.550+0000] {dagbag.py:541} INFO - Filling up the DagBag from /home/airflow/.local/lib/python3.7/site-packages/airflow/example_dags/example_branch_labels.py
[2023-08-09T03:34:23.557+0000] {processor.py:836} INFO - DAG(s) dict_keys(['example_branch_labels']) retrieved from /home/airflow/.local/lib/python3.7/site-packages/airflow/example_dags/example_branch_labels.py
[2023-08-09T03:34:23.579+0000] {logging_mixin.py:150} INFO - [2023-08-09T03:34:23.579+0000] {dag.py:2742} INFO - Sync 1 DAGs
[2023-08-09T03:34:23.616+0000] {logging_mixin.py:150} INFO - [2023-08-09T03:34:23.615+0000] {dag.py:3508} INFO - Setting next_dagrun for example_branch_labels to 2023-08-08T00:00:00+00:00, run_after=2023-08-09T00:00:00+00:00
[2023-08-09T03:34:23.637+0000] {processor.py:179} INFO - Processing /home/airflow/.local/lib/python3.7/site-packages/airflow/example_dags/example_branch_labels.py took 0.092 seconds
[2023-08-09T03:34:53.949+0000] {processor.py:157} INFO - Started process (PID=2711) to work on /home/airflow/.local/lib/python3.7/site-packages/airflow/example_dags/example_branch_labels.py
[2023-08-09T03:34:53.951+0000] {processor.py:826} INFO - Processing file /home/airflow/.local/lib/python3.7/site-packages/airflow/example_dags/example_branch_labels.py for tasks to queue
[2023-08-09T03:34:53.969+0000] {logging_mixin.py:150} INFO - [2023-08-09T03:34:53.968+0000] {dagbag.py:541} INFO - Filling up the DagBag from /home/airflow/.local/lib/python3.7/site-packages/airflow/example_dags/example_branch_labels.py
[2023-08-09T03:34:53.989+0000] {processor.py:836} INFO - DAG(s) dict_keys(['example_branch_labels']) retrieved from /home/airflow/.local/lib/python3.7/site-packages/airflow/example_dags/example_branch_labels.py
[2023-08-09T03:34:54.044+0000] {logging_mixin.py:150} INFO - [2023-08-09T03:34:54.044+0000] {dag.py:2742} INFO - Sync 1 DAGs
[2023-08-09T03:34:54.094+0000] {logging_mixin.py:150} INFO - [2023-08-09T03:34:54.093+0000] {dag.py:3508} INFO - Setting next_dagrun for example_branch_labels to 2023-08-08T00:00:00+00:00, run_after=2023-08-09T00:00:00+00:00
[2023-08-09T03:34:54.130+0000] {processor.py:179} INFO - Processing /home/airflow/.local/lib/python3.7/site-packages/airflow/example_dags/example_branch_labels.py took 0.184 seconds
[2023-08-09T03:35:25.111+0000] {processor.py:157} INFO - Started process (PID=2766) to work on /home/airflow/.local/lib/python3.7/site-packages/airflow/example_dags/example_branch_labels.py
[2023-08-09T03:35:25.112+0000] {processor.py:826} INFO - Processing file /home/airflow/.local/lib/python3.7/site-packages/airflow/example_dags/example_branch_labels.py for tasks to queue
[2023-08-09T03:35:25.113+0000] {logging_mixin.py:150} INFO - [2023-08-09T03:35:25.113+0000] {dagbag.py:541} INFO - Filling up the DagBag from /home/airflow/.local/lib/python3.7/site-packages/airflow/example_dags/example_branch_labels.py
[2023-08-09T03:35:25.122+0000] {processor.py:836} INFO - DAG(s) dict_keys(['example_branch_labels']) retrieved from /home/airflow/.local/lib/python3.7/site-packages/airflow/example_dags/example_branch_labels.py
[2023-08-09T03:35:25.151+0000] {logging_mixin.py:150} INFO - [2023-08-09T03:35:25.150+0000] {dag.py:2742} INFO - Sync 1 DAGs
[2023-08-09T03:35:25.188+0000] {logging_mixin.py:150} INFO - [2023-08-09T03:35:25.188+0000] {dag.py:3508} INFO - Setting next_dagrun for example_branch_labels to 2023-08-08T00:00:00+00:00, run_after=2023-08-09T00:00:00+00:00
[2023-08-09T03:35:25.212+0000] {processor.py:179} INFO - Processing /home/airflow/.local/lib/python3.7/site-packages/airflow/example_dags/example_branch_labels.py took 0.104 seconds
[2023-08-09T03:35:55.447+0000] {processor.py:157} INFO - Started process (PID=2821) to work on /home/airflow/.local/lib/python3.7/site-packages/airflow/example_dags/example_branch_labels.py
[2023-08-09T03:35:55.448+0000] {processor.py:826} INFO - Processing file /home/airflow/.local/lib/python3.7/site-packages/airflow/example_dags/example_branch_labels.py for tasks to queue
[2023-08-09T03:35:55.449+0000] {logging_mixin.py:150} INFO - [2023-08-09T03:35:55.448+0000] {dagbag.py:541} INFO - Filling up the DagBag from /home/airflow/.local/lib/python3.7/site-packages/airflow/example_dags/example_branch_labels.py
[2023-08-09T03:35:55.467+0000] {processor.py:836} INFO - DAG(s) dict_keys(['example_branch_labels']) retrieved from /home/airflow/.local/lib/python3.7/site-packages/airflow/example_dags/example_branch_labels.py
[2023-08-09T03:35:55.501+0000] {logging_mixin.py:150} INFO - [2023-08-09T03:35:55.501+0000] {dag.py:2742} INFO - Sync 1 DAGs
[2023-08-09T03:35:55.544+0000] {logging_mixin.py:150} INFO - [2023-08-09T03:35:55.544+0000] {dag.py:3508} INFO - Setting next_dagrun for example_branch_labels to 2023-08-08T00:00:00+00:00, run_after=2023-08-09T00:00:00+00:00
[2023-08-09T03:35:55.576+0000] {processor.py:179} INFO - Processing /home/airflow/.local/lib/python3.7/site-packages/airflow/example_dags/example_branch_labels.py took 0.133 seconds
[2023-08-09T03:36:25.756+0000] {processor.py:157} INFO - Started process (PID=2876) to work on /home/airflow/.local/lib/python3.7/site-packages/airflow/example_dags/example_branch_labels.py
[2023-08-09T03:36:25.757+0000] {processor.py:826} INFO - Processing file /home/airflow/.local/lib/python3.7/site-packages/airflow/example_dags/example_branch_labels.py for tasks to queue
[2023-08-09T03:36:25.758+0000] {logging_mixin.py:150} INFO - [2023-08-09T03:36:25.758+0000] {dagbag.py:541} INFO - Filling up the DagBag from /home/airflow/.local/lib/python3.7/site-packages/airflow/example_dags/example_branch_labels.py
[2023-08-09T03:36:25.768+0000] {processor.py:836} INFO - DAG(s) dict_keys(['example_branch_labels']) retrieved from /home/airflow/.local/lib/python3.7/site-packages/airflow/example_dags/example_branch_labels.py
[2023-08-09T03:36:25.791+0000] {logging_mixin.py:150} INFO - [2023-08-09T03:36:25.791+0000] {dag.py:2742} INFO - Sync 1 DAGs
[2023-08-09T03:36:25.818+0000] {logging_mixin.py:150} INFO - [2023-08-09T03:36:25.818+0000] {dag.py:3508} INFO - Setting next_dagrun for example_branch_labels to 2023-08-08T00:00:00+00:00, run_after=2023-08-09T00:00:00+00:00
[2023-08-09T03:36:25.835+0000] {processor.py:179} INFO - Processing /home/airflow/.local/lib/python3.7/site-packages/airflow/example_dags/example_branch_labels.py took 0.082 seconds
