[2023-08-09T03:10:31.401+0000] {processor.py:157} INFO - Started process (PID=44) to work on /home/airflow/.local/lib/python3.7/site-packages/airflow/example_dags/example_branch_operator.py
[2023-08-09T03:10:31.402+0000] {processor.py:826} INFO - Processing file /home/airflow/.local/lib/python3.7/site-packages/airflow/example_dags/example_branch_operator.py for tasks to queue
[2023-08-09T03:10:31.404+0000] {logging_mixin.py:150} INFO - [2023-08-09T03:10:31.404+0000] {dagbag.py:541} INFO - Filling up the DagBag from /home/airflow/.local/lib/python3.7/site-packages/airflow/example_dags/example_branch_operator.py
[2023-08-09T03:10:31.419+0000] {processor.py:836} INFO - DAG(s) dict_keys(['example_branch_operator']) retrieved from /home/airflow/.local/lib/python3.7/site-packages/airflow/example_dags/example_branch_operator.py
[2023-08-09T03:10:31.454+0000] {logging_mixin.py:150} INFO - [2023-08-09T03:10:31.451+0000] {dag.py:2742} INFO - Sync 1 DAGs
[2023-08-09T03:10:31.499+0000] {logging_mixin.py:150} INFO - [2023-08-09T03:10:31.498+0000] {dag.py:3508} INFO - Setting next_dagrun for example_branch_operator to 2023-08-08T00:00:00+00:00, run_after=2023-08-09T00:00:00+00:00
[2023-08-09T03:10:31.527+0000] {processor.py:179} INFO - Processing /home/airflow/.local/lib/python3.7/site-packages/airflow/example_dags/example_branch_operator.py took 0.130 seconds
[2023-08-09T03:11:01.770+0000] {processor.py:157} INFO - Started process (PID=99) to work on /home/airflow/.local/lib/python3.7/site-packages/airflow/example_dags/example_branch_operator.py
[2023-08-09T03:11:01.771+0000] {processor.py:826} INFO - Processing file /home/airflow/.local/lib/python3.7/site-packages/airflow/example_dags/example_branch_operator.py for tasks to queue
[2023-08-09T03:11:01.772+0000] {logging_mixin.py:150} INFO - [2023-08-09T03:11:01.772+0000] {dagbag.py:541} INFO - Filling up the DagBag from /home/airflow/.local/lib/python3.7/site-packages/airflow/example_dags/example_branch_operator.py
[2023-08-09T03:11:01.783+0000] {processor.py:836} INFO - DAG(s) dict_keys(['example_branch_operator']) retrieved from /home/airflow/.local/lib/python3.7/site-packages/airflow/example_dags/example_branch_operator.py
[2023-08-09T03:11:01.830+0000] {logging_mixin.py:150} INFO - [2023-08-09T03:11:01.829+0000] {dag.py:2742} INFO - Sync 1 DAGs
[2023-08-09T03:11:01.892+0000] {logging_mixin.py:150} INFO - [2023-08-09T03:11:01.892+0000] {dag.py:3508} INFO - Setting next_dagrun for example_branch_operator to 2023-08-08T00:00:00+00:00, run_after=2023-08-09T00:00:00+00:00
[2023-08-09T03:11:01.919+0000] {processor.py:179} INFO - Processing /home/airflow/.local/lib/python3.7/site-packages/airflow/example_dags/example_branch_operator.py took 0.152 seconds
[2023-08-09T03:11:32.284+0000] {processor.py:157} INFO - Started process (PID=155) to work on /home/airflow/.local/lib/python3.7/site-packages/airflow/example_dags/example_branch_operator.py
[2023-08-09T03:11:32.284+0000] {processor.py:826} INFO - Processing file /home/airflow/.local/lib/python3.7/site-packages/airflow/example_dags/example_branch_operator.py for tasks to queue
[2023-08-09T03:11:32.286+0000] {logging_mixin.py:150} INFO - [2023-08-09T03:11:32.286+0000] {dagbag.py:541} INFO - Filling up the DagBag from /home/airflow/.local/lib/python3.7/site-packages/airflow/example_dags/example_branch_operator.py
[2023-08-09T03:11:32.294+0000] {processor.py:836} INFO - DAG(s) dict_keys(['example_branch_operator']) retrieved from /home/airflow/.local/lib/python3.7/site-packages/airflow/example_dags/example_branch_operator.py
[2023-08-09T03:11:32.323+0000] {logging_mixin.py:150} INFO - [2023-08-09T03:11:32.323+0000] {dag.py:2742} INFO - Sync 1 DAGs
[2023-08-09T03:11:32.362+0000] {logging_mixin.py:150} INFO - [2023-08-09T03:11:32.361+0000] {dag.py:3508} INFO - Setting next_dagrun for example_branch_operator to 2023-08-08T00:00:00+00:00, run_after=2023-08-09T00:00:00+00:00
[2023-08-09T03:11:32.384+0000] {processor.py:179} INFO - Processing /home/airflow/.local/lib/python3.7/site-packages/airflow/example_dags/example_branch_operator.py took 0.103 seconds
[2023-08-09T03:12:02.949+0000] {processor.py:157} INFO - Started process (PID=210) to work on /home/airflow/.local/lib/python3.7/site-packages/airflow/example_dags/example_branch_operator.py
[2023-08-09T03:12:02.950+0000] {processor.py:826} INFO - Processing file /home/airflow/.local/lib/python3.7/site-packages/airflow/example_dags/example_branch_operator.py for tasks to queue
[2023-08-09T03:12:02.952+0000] {logging_mixin.py:150} INFO - [2023-08-09T03:12:02.951+0000] {dagbag.py:541} INFO - Filling up the DagBag from /home/airflow/.local/lib/python3.7/site-packages/airflow/example_dags/example_branch_operator.py
[2023-08-09T03:12:02.960+0000] {processor.py:836} INFO - DAG(s) dict_keys(['example_branch_operator']) retrieved from /home/airflow/.local/lib/python3.7/site-packages/airflow/example_dags/example_branch_operator.py
[2023-08-09T03:12:02.985+0000] {logging_mixin.py:150} INFO - [2023-08-09T03:12:02.985+0000] {dag.py:2742} INFO - Sync 1 DAGs
[2023-08-09T03:12:03.015+0000] {logging_mixin.py:150} INFO - [2023-08-09T03:12:03.015+0000] {dag.py:3508} INFO - Setting next_dagrun for example_branch_operator to 2023-08-08T00:00:00+00:00, run_after=2023-08-09T00:00:00+00:00
[2023-08-09T03:12:03.033+0000] {processor.py:179} INFO - Processing /home/airflow/.local/lib/python3.7/site-packages/airflow/example_dags/example_branch_operator.py took 0.087 seconds
[2023-08-09T03:12:33.197+0000] {processor.py:157} INFO - Started process (PID=265) to work on /home/airflow/.local/lib/python3.7/site-packages/airflow/example_dags/example_branch_operator.py
[2023-08-09T03:12:33.198+0000] {processor.py:826} INFO - Processing file /home/airflow/.local/lib/python3.7/site-packages/airflow/example_dags/example_branch_operator.py for tasks to queue
[2023-08-09T03:12:33.199+0000] {logging_mixin.py:150} INFO - [2023-08-09T03:12:33.199+0000] {dagbag.py:541} INFO - Filling up the DagBag from /home/airflow/.local/lib/python3.7/site-packages/airflow/example_dags/example_branch_operator.py
[2023-08-09T03:12:33.207+0000] {processor.py:836} INFO - DAG(s) dict_keys(['example_branch_operator']) retrieved from /home/airflow/.local/lib/python3.7/site-packages/airflow/example_dags/example_branch_operator.py
[2023-08-09T03:12:33.231+0000] {logging_mixin.py:150} INFO - [2023-08-09T03:12:33.230+0000] {dag.py:2742} INFO - Sync 1 DAGs
[2023-08-09T03:12:33.256+0000] {logging_mixin.py:150} INFO - [2023-08-09T03:12:33.256+0000] {dag.py:3508} INFO - Setting next_dagrun for example_branch_operator to 2023-08-08T00:00:00+00:00, run_after=2023-08-09T00:00:00+00:00
[2023-08-09T03:12:33.272+0000] {processor.py:179} INFO - Processing /home/airflow/.local/lib/python3.7/site-packages/airflow/example_dags/example_branch_operator.py took 0.077 seconds
[2023-08-09T03:13:03.525+0000] {processor.py:157} INFO - Started process (PID=320) to work on /home/airflow/.local/lib/python3.7/site-packages/airflow/example_dags/example_branch_operator.py
[2023-08-09T03:13:03.526+0000] {processor.py:826} INFO - Processing file /home/airflow/.local/lib/python3.7/site-packages/airflow/example_dags/example_branch_operator.py for tasks to queue
[2023-08-09T03:13:03.527+0000] {logging_mixin.py:150} INFO - [2023-08-09T03:13:03.527+0000] {dagbag.py:541} INFO - Filling up the DagBag from /home/airflow/.local/lib/python3.7/site-packages/airflow/example_dags/example_branch_operator.py
[2023-08-09T03:13:03.535+0000] {processor.py:836} INFO - DAG(s) dict_keys(['example_branch_operator']) retrieved from /home/airflow/.local/lib/python3.7/site-packages/airflow/example_dags/example_branch_operator.py
[2023-08-09T03:13:03.557+0000] {logging_mixin.py:150} INFO - [2023-08-09T03:13:03.557+0000] {dag.py:2742} INFO - Sync 1 DAGs
[2023-08-09T03:13:03.582+0000] {logging_mixin.py:150} INFO - [2023-08-09T03:13:03.582+0000] {dag.py:3508} INFO - Setting next_dagrun for example_branch_operator to 2023-08-08T00:00:00+00:00, run_after=2023-08-09T00:00:00+00:00
[2023-08-09T03:13:03.598+0000] {processor.py:179} INFO - Processing /home/airflow/.local/lib/python3.7/site-packages/airflow/example_dags/example_branch_operator.py took 0.076 seconds
[2023-08-09T03:13:34.577+0000] {processor.py:157} INFO - Started process (PID=375) to work on /home/airflow/.local/lib/python3.7/site-packages/airflow/example_dags/example_branch_operator.py
[2023-08-09T03:13:34.578+0000] {processor.py:826} INFO - Processing file /home/airflow/.local/lib/python3.7/site-packages/airflow/example_dags/example_branch_operator.py for tasks to queue
[2023-08-09T03:13:34.580+0000] {logging_mixin.py:150} INFO - [2023-08-09T03:13:34.579+0000] {dagbag.py:541} INFO - Filling up the DagBag from /home/airflow/.local/lib/python3.7/site-packages/airflow/example_dags/example_branch_operator.py
[2023-08-09T03:13:34.588+0000] {processor.py:836} INFO - DAG(s) dict_keys(['example_branch_operator']) retrieved from /home/airflow/.local/lib/python3.7/site-packages/airflow/example_dags/example_branch_operator.py
[2023-08-09T03:13:34.610+0000] {logging_mixin.py:150} INFO - [2023-08-09T03:13:34.609+0000] {dag.py:2742} INFO - Sync 1 DAGs
[2023-08-09T03:13:34.633+0000] {logging_mixin.py:150} INFO - [2023-08-09T03:13:34.633+0000] {dag.py:3508} INFO - Setting next_dagrun for example_branch_operator to 2023-08-08T00:00:00+00:00, run_after=2023-08-09T00:00:00+00:00
[2023-08-09T03:13:34.650+0000] {processor.py:179} INFO - Processing /home/airflow/.local/lib/python3.7/site-packages/airflow/example_dags/example_branch_operator.py took 0.075 seconds
[2023-08-09T03:14:04.878+0000] {processor.py:157} INFO - Started process (PID=430) to work on /home/airflow/.local/lib/python3.7/site-packages/airflow/example_dags/example_branch_operator.py
[2023-08-09T03:14:04.879+0000] {processor.py:826} INFO - Processing file /home/airflow/.local/lib/python3.7/site-packages/airflow/example_dags/example_branch_operator.py for tasks to queue
[2023-08-09T03:14:04.880+0000] {logging_mixin.py:150} INFO - [2023-08-09T03:14:04.880+0000] {dagbag.py:541} INFO - Filling up the DagBag from /home/airflow/.local/lib/python3.7/site-packages/airflow/example_dags/example_branch_operator.py
[2023-08-09T03:14:04.890+0000] {processor.py:836} INFO - DAG(s) dict_keys(['example_branch_operator']) retrieved from /home/airflow/.local/lib/python3.7/site-packages/airflow/example_dags/example_branch_operator.py
[2023-08-09T03:14:04.922+0000] {logging_mixin.py:150} INFO - [2023-08-09T03:14:04.921+0000] {dag.py:2742} INFO - Sync 1 DAGs
[2023-08-09T03:14:04.953+0000] {logging_mixin.py:150} INFO - [2023-08-09T03:14:04.953+0000] {dag.py:3508} INFO - Setting next_dagrun for example_branch_operator to 2023-08-08T00:00:00+00:00, run_after=2023-08-09T00:00:00+00:00
[2023-08-09T03:14:04.977+0000] {processor.py:179} INFO - Processing /home/airflow/.local/lib/python3.7/site-packages/airflow/example_dags/example_branch_operator.py took 0.101 seconds
[2023-08-09T03:14:35.206+0000] {processor.py:157} INFO - Started process (PID=486) to work on /home/airflow/.local/lib/python3.7/site-packages/airflow/example_dags/example_branch_operator.py
[2023-08-09T03:14:35.207+0000] {processor.py:826} INFO - Processing file /home/airflow/.local/lib/python3.7/site-packages/airflow/example_dags/example_branch_operator.py for tasks to queue
[2023-08-09T03:14:35.208+0000] {logging_mixin.py:150} INFO - [2023-08-09T03:14:35.208+0000] {dagbag.py:541} INFO - Filling up the DagBag from /home/airflow/.local/lib/python3.7/site-packages/airflow/example_dags/example_branch_operator.py
[2023-08-09T03:14:35.216+0000] {processor.py:836} INFO - DAG(s) dict_keys(['example_branch_operator']) retrieved from /home/airflow/.local/lib/python3.7/site-packages/airflow/example_dags/example_branch_operator.py
[2023-08-09T03:14:35.240+0000] {logging_mixin.py:150} INFO - [2023-08-09T03:14:35.239+0000] {dag.py:2742} INFO - Sync 1 DAGs
[2023-08-09T03:14:35.276+0000] {logging_mixin.py:150} INFO - [2023-08-09T03:14:35.276+0000] {dag.py:3508} INFO - Setting next_dagrun for example_branch_operator to 2023-08-08T00:00:00+00:00, run_after=2023-08-09T00:00:00+00:00
[2023-08-09T03:14:35.297+0000] {processor.py:179} INFO - Processing /home/airflow/.local/lib/python3.7/site-packages/airflow/example_dags/example_branch_operator.py took 0.094 seconds
[2023-08-09T03:15:05.598+0000] {processor.py:157} INFO - Started process (PID=541) to work on /home/airflow/.local/lib/python3.7/site-packages/airflow/example_dags/example_branch_operator.py
[2023-08-09T03:15:05.599+0000] {processor.py:826} INFO - Processing file /home/airflow/.local/lib/python3.7/site-packages/airflow/example_dags/example_branch_operator.py for tasks to queue
[2023-08-09T03:15:05.600+0000] {logging_mixin.py:150} INFO - [2023-08-09T03:15:05.600+0000] {dagbag.py:541} INFO - Filling up the DagBag from /home/airflow/.local/lib/python3.7/site-packages/airflow/example_dags/example_branch_operator.py
[2023-08-09T03:15:05.609+0000] {processor.py:836} INFO - DAG(s) dict_keys(['example_branch_operator']) retrieved from /home/airflow/.local/lib/python3.7/site-packages/airflow/example_dags/example_branch_operator.py
[2023-08-09T03:15:05.634+0000] {logging_mixin.py:150} INFO - [2023-08-09T03:15:05.633+0000] {dag.py:2742} INFO - Sync 1 DAGs
[2023-08-09T03:15:05.665+0000] {logging_mixin.py:150} INFO - [2023-08-09T03:15:05.665+0000] {dag.py:3508} INFO - Setting next_dagrun for example_branch_operator to 2023-08-08T00:00:00+00:00, run_after=2023-08-09T00:00:00+00:00
[2023-08-09T03:15:05.683+0000] {processor.py:179} INFO - Processing /home/airflow/.local/lib/python3.7/site-packages/airflow/example_dags/example_branch_operator.py took 0.087 seconds
[2023-08-09T03:15:35.902+0000] {processor.py:157} INFO - Started process (PID=596) to work on /home/airflow/.local/lib/python3.7/site-packages/airflow/example_dags/example_branch_operator.py
[2023-08-09T03:15:35.903+0000] {processor.py:826} INFO - Processing file /home/airflow/.local/lib/python3.7/site-packages/airflow/example_dags/example_branch_operator.py for tasks to queue
[2023-08-09T03:15:35.907+0000] {logging_mixin.py:150} INFO - [2023-08-09T03:15:35.906+0000] {dagbag.py:541} INFO - Filling up the DagBag from /home/airflow/.local/lib/python3.7/site-packages/airflow/example_dags/example_branch_operator.py
[2023-08-09T03:15:35.920+0000] {processor.py:836} INFO - DAG(s) dict_keys(['example_branch_operator']) retrieved from /home/airflow/.local/lib/python3.7/site-packages/airflow/example_dags/example_branch_operator.py
[2023-08-09T03:15:35.948+0000] {logging_mixin.py:150} INFO - [2023-08-09T03:15:35.948+0000] {dag.py:2742} INFO - Sync 1 DAGs
[2023-08-09T03:15:35.980+0000] {logging_mixin.py:150} INFO - [2023-08-09T03:15:35.980+0000] {dag.py:3508} INFO - Setting next_dagrun for example_branch_operator to 2023-08-08T00:00:00+00:00, run_after=2023-08-09T00:00:00+00:00
[2023-08-09T03:15:36.004+0000] {processor.py:179} INFO - Processing /home/airflow/.local/lib/python3.7/site-packages/airflow/example_dags/example_branch_operator.py took 0.106 seconds
[2023-08-09T03:16:07.016+0000] {processor.py:157} INFO - Started process (PID=651) to work on /home/airflow/.local/lib/python3.7/site-packages/airflow/example_dags/example_branch_operator.py
[2023-08-09T03:16:07.017+0000] {processor.py:826} INFO - Processing file /home/airflow/.local/lib/python3.7/site-packages/airflow/example_dags/example_branch_operator.py for tasks to queue
[2023-08-09T03:16:07.019+0000] {logging_mixin.py:150} INFO - [2023-08-09T03:16:07.018+0000] {dagbag.py:541} INFO - Filling up the DagBag from /home/airflow/.local/lib/python3.7/site-packages/airflow/example_dags/example_branch_operator.py
[2023-08-09T03:16:07.027+0000] {processor.py:836} INFO - DAG(s) dict_keys(['example_branch_operator']) retrieved from /home/airflow/.local/lib/python3.7/site-packages/airflow/example_dags/example_branch_operator.py
[2023-08-09T03:16:07.059+0000] {logging_mixin.py:150} INFO - [2023-08-09T03:16:07.059+0000] {dag.py:2742} INFO - Sync 1 DAGs
[2023-08-09T03:16:07.093+0000] {logging_mixin.py:150} INFO - [2023-08-09T03:16:07.093+0000] {dag.py:3508} INFO - Setting next_dagrun for example_branch_operator to 2023-08-08T00:00:00+00:00, run_after=2023-08-09T00:00:00+00:00
[2023-08-09T03:16:07.116+0000] {processor.py:179} INFO - Processing /home/airflow/.local/lib/python3.7/site-packages/airflow/example_dags/example_branch_operator.py took 0.102 seconds
[2023-08-09T03:16:37.357+0000] {processor.py:157} INFO - Started process (PID=706) to work on /home/airflow/.local/lib/python3.7/site-packages/airflow/example_dags/example_branch_operator.py
[2023-08-09T03:16:37.358+0000] {processor.py:826} INFO - Processing file /home/airflow/.local/lib/python3.7/site-packages/airflow/example_dags/example_branch_operator.py for tasks to queue
[2023-08-09T03:16:37.359+0000] {logging_mixin.py:150} INFO - [2023-08-09T03:16:37.359+0000] {dagbag.py:541} INFO - Filling up the DagBag from /home/airflow/.local/lib/python3.7/site-packages/airflow/example_dags/example_branch_operator.py
[2023-08-09T03:16:37.368+0000] {processor.py:836} INFO - DAG(s) dict_keys(['example_branch_operator']) retrieved from /home/airflow/.local/lib/python3.7/site-packages/airflow/example_dags/example_branch_operator.py
[2023-08-09T03:16:37.391+0000] {logging_mixin.py:150} INFO - [2023-08-09T03:16:37.391+0000] {dag.py:2742} INFO - Sync 1 DAGs
[2023-08-09T03:16:37.415+0000] {logging_mixin.py:150} INFO - [2023-08-09T03:16:37.415+0000] {dag.py:3508} INFO - Setting next_dagrun for example_branch_operator to 2023-08-08T00:00:00+00:00, run_after=2023-08-09T00:00:00+00:00
[2023-08-09T03:16:37.431+0000] {processor.py:179} INFO - Processing /home/airflow/.local/lib/python3.7/site-packages/airflow/example_dags/example_branch_operator.py took 0.077 seconds
[2023-08-09T03:17:07.612+0000] {processor.py:157} INFO - Started process (PID=761) to work on /home/airflow/.local/lib/python3.7/site-packages/airflow/example_dags/example_branch_operator.py
[2023-08-09T03:17:07.613+0000] {processor.py:826} INFO - Processing file /home/airflow/.local/lib/python3.7/site-packages/airflow/example_dags/example_branch_operator.py for tasks to queue
[2023-08-09T03:17:07.617+0000] {logging_mixin.py:150} INFO - [2023-08-09T03:17:07.616+0000] {dagbag.py:541} INFO - Filling up the DagBag from /home/airflow/.local/lib/python3.7/site-packages/airflow/example_dags/example_branch_operator.py
[2023-08-09T03:17:07.633+0000] {processor.py:836} INFO - DAG(s) dict_keys(['example_branch_operator']) retrieved from /home/airflow/.local/lib/python3.7/site-packages/airflow/example_dags/example_branch_operator.py
[2023-08-09T03:17:07.680+0000] {logging_mixin.py:150} INFO - [2023-08-09T03:17:07.680+0000] {dag.py:2742} INFO - Sync 1 DAGs
[2023-08-09T03:17:07.708+0000] {logging_mixin.py:150} INFO - [2023-08-09T03:17:07.708+0000] {dag.py:3508} INFO - Setting next_dagrun for example_branch_operator to 2023-08-08T00:00:00+00:00, run_after=2023-08-09T00:00:00+00:00
[2023-08-09T03:17:07.725+0000] {processor.py:179} INFO - Processing /home/airflow/.local/lib/python3.7/site-packages/airflow/example_dags/example_branch_operator.py took 0.118 seconds
[2023-08-09T03:17:38.044+0000] {processor.py:157} INFO - Started process (PID=816) to work on /home/airflow/.local/lib/python3.7/site-packages/airflow/example_dags/example_branch_operator.py
[2023-08-09T03:17:38.045+0000] {processor.py:826} INFO - Processing file /home/airflow/.local/lib/python3.7/site-packages/airflow/example_dags/example_branch_operator.py for tasks to queue
[2023-08-09T03:17:38.047+0000] {logging_mixin.py:150} INFO - [2023-08-09T03:17:38.047+0000] {dagbag.py:541} INFO - Filling up the DagBag from /home/airflow/.local/lib/python3.7/site-packages/airflow/example_dags/example_branch_operator.py
[2023-08-09T03:17:38.056+0000] {processor.py:836} INFO - DAG(s) dict_keys(['example_branch_operator']) retrieved from /home/airflow/.local/lib/python3.7/site-packages/airflow/example_dags/example_branch_operator.py
[2023-08-09T03:17:38.080+0000] {logging_mixin.py:150} INFO - [2023-08-09T03:17:38.079+0000] {dag.py:2742} INFO - Sync 1 DAGs
[2023-08-09T03:17:38.105+0000] {logging_mixin.py:150} INFO - [2023-08-09T03:17:38.105+0000] {dag.py:3508} INFO - Setting next_dagrun for example_branch_operator to 2023-08-08T00:00:00+00:00, run_after=2023-08-09T00:00:00+00:00
[2023-08-09T03:17:38.122+0000] {processor.py:179} INFO - Processing /home/airflow/.local/lib/python3.7/site-packages/airflow/example_dags/example_branch_operator.py took 0.080 seconds
[2023-08-09T03:18:08.313+0000] {processor.py:157} INFO - Started process (PID=871) to work on /home/airflow/.local/lib/python3.7/site-packages/airflow/example_dags/example_branch_operator.py
[2023-08-09T03:18:08.314+0000] {processor.py:826} INFO - Processing file /home/airflow/.local/lib/python3.7/site-packages/airflow/example_dags/example_branch_operator.py for tasks to queue
[2023-08-09T03:18:08.316+0000] {logging_mixin.py:150} INFO - [2023-08-09T03:18:08.316+0000] {dagbag.py:541} INFO - Filling up the DagBag from /home/airflow/.local/lib/python3.7/site-packages/airflow/example_dags/example_branch_operator.py
[2023-08-09T03:18:08.325+0000] {processor.py:836} INFO - DAG(s) dict_keys(['example_branch_operator']) retrieved from /home/airflow/.local/lib/python3.7/site-packages/airflow/example_dags/example_branch_operator.py
[2023-08-09T03:18:08.356+0000] {logging_mixin.py:150} INFO - [2023-08-09T03:18:08.356+0000] {dag.py:2742} INFO - Sync 1 DAGs
[2023-08-09T03:18:08.393+0000] {logging_mixin.py:150} INFO - [2023-08-09T03:18:08.392+0000] {dag.py:3508} INFO - Setting next_dagrun for example_branch_operator to 2023-08-08T00:00:00+00:00, run_after=2023-08-09T00:00:00+00:00
[2023-08-09T03:18:08.416+0000] {processor.py:179} INFO - Processing /home/airflow/.local/lib/python3.7/site-packages/airflow/example_dags/example_branch_operator.py took 0.106 seconds
[2023-08-09T03:18:38.685+0000] {processor.py:157} INFO - Started process (PID=926) to work on /home/airflow/.local/lib/python3.7/site-packages/airflow/example_dags/example_branch_operator.py
[2023-08-09T03:18:38.686+0000] {processor.py:826} INFO - Processing file /home/airflow/.local/lib/python3.7/site-packages/airflow/example_dags/example_branch_operator.py for tasks to queue
[2023-08-09T03:18:38.689+0000] {logging_mixin.py:150} INFO - [2023-08-09T03:18:38.689+0000] {dagbag.py:541} INFO - Filling up the DagBag from /home/airflow/.local/lib/python3.7/site-packages/airflow/example_dags/example_branch_operator.py
[2023-08-09T03:18:38.705+0000] {processor.py:836} INFO - DAG(s) dict_keys(['example_branch_operator']) retrieved from /home/airflow/.local/lib/python3.7/site-packages/airflow/example_dags/example_branch_operator.py
[2023-08-09T03:18:38.747+0000] {logging_mixin.py:150} INFO - [2023-08-09T03:18:38.746+0000] {dag.py:2742} INFO - Sync 1 DAGs
[2023-08-09T03:18:38.789+0000] {logging_mixin.py:150} INFO - [2023-08-09T03:18:38.789+0000] {dag.py:3508} INFO - Setting next_dagrun for example_branch_operator to 2023-08-08T00:00:00+00:00, run_after=2023-08-09T00:00:00+00:00
[2023-08-09T03:18:38.811+0000] {processor.py:179} INFO - Processing /home/airflow/.local/lib/python3.7/site-packages/airflow/example_dags/example_branch_operator.py took 0.131 seconds
[2023-08-09T03:19:09.171+0000] {processor.py:157} INFO - Started process (PID=981) to work on /home/airflow/.local/lib/python3.7/site-packages/airflow/example_dags/example_branch_operator.py
[2023-08-09T03:19:09.172+0000] {processor.py:826} INFO - Processing file /home/airflow/.local/lib/python3.7/site-packages/airflow/example_dags/example_branch_operator.py for tasks to queue
[2023-08-09T03:19:09.175+0000] {logging_mixin.py:150} INFO - [2023-08-09T03:19:09.175+0000] {dagbag.py:541} INFO - Filling up the DagBag from /home/airflow/.local/lib/python3.7/site-packages/airflow/example_dags/example_branch_operator.py
[2023-08-09T03:19:09.192+0000] {processor.py:836} INFO - DAG(s) dict_keys(['example_branch_operator']) retrieved from /home/airflow/.local/lib/python3.7/site-packages/airflow/example_dags/example_branch_operator.py
[2023-08-09T03:19:09.232+0000] {logging_mixin.py:150} INFO - [2023-08-09T03:19:09.231+0000] {dag.py:2742} INFO - Sync 1 DAGs
[2023-08-09T03:19:09.260+0000] {logging_mixin.py:150} INFO - [2023-08-09T03:19:09.260+0000] {dag.py:3508} INFO - Setting next_dagrun for example_branch_operator to 2023-08-08T00:00:00+00:00, run_after=2023-08-09T00:00:00+00:00
[2023-08-09T03:19:09.276+0000] {processor.py:179} INFO - Processing /home/airflow/.local/lib/python3.7/site-packages/airflow/example_dags/example_branch_operator.py took 0.110 seconds
[2023-08-09T03:19:39.446+0000] {processor.py:157} INFO - Started process (PID=1036) to work on /home/airflow/.local/lib/python3.7/site-packages/airflow/example_dags/example_branch_operator.py
[2023-08-09T03:19:39.447+0000] {processor.py:826} INFO - Processing file /home/airflow/.local/lib/python3.7/site-packages/airflow/example_dags/example_branch_operator.py for tasks to queue
[2023-08-09T03:19:39.450+0000] {logging_mixin.py:150} INFO - [2023-08-09T03:19:39.450+0000] {dagbag.py:541} INFO - Filling up the DagBag from /home/airflow/.local/lib/python3.7/site-packages/airflow/example_dags/example_branch_operator.py
[2023-08-09T03:19:39.467+0000] {processor.py:836} INFO - DAG(s) dict_keys(['example_branch_operator']) retrieved from /home/airflow/.local/lib/python3.7/site-packages/airflow/example_dags/example_branch_operator.py
[2023-08-09T03:19:39.509+0000] {logging_mixin.py:150} INFO - [2023-08-09T03:19:39.509+0000] {dag.py:2742} INFO - Sync 1 DAGs
[2023-08-09T03:19:39.539+0000] {logging_mixin.py:150} INFO - [2023-08-09T03:19:39.539+0000] {dag.py:3508} INFO - Setting next_dagrun for example_branch_operator to 2023-08-08T00:00:00+00:00, run_after=2023-08-09T00:00:00+00:00
[2023-08-09T03:19:39.556+0000] {processor.py:179} INFO - Processing /home/airflow/.local/lib/python3.7/site-packages/airflow/example_dags/example_branch_operator.py took 0.116 seconds
[2023-08-09T03:20:09.624+0000] {processor.py:157} INFO - Started process (PID=1091) to work on /home/airflow/.local/lib/python3.7/site-packages/airflow/example_dags/example_branch_operator.py
[2023-08-09T03:20:09.626+0000] {processor.py:826} INFO - Processing file /home/airflow/.local/lib/python3.7/site-packages/airflow/example_dags/example_branch_operator.py for tasks to queue
[2023-08-09T03:20:09.628+0000] {logging_mixin.py:150} INFO - [2023-08-09T03:20:09.628+0000] {dagbag.py:541} INFO - Filling up the DagBag from /home/airflow/.local/lib/python3.7/site-packages/airflow/example_dags/example_branch_operator.py
[2023-08-09T03:20:09.636+0000] {processor.py:836} INFO - DAG(s) dict_keys(['example_branch_operator']) retrieved from /home/airflow/.local/lib/python3.7/site-packages/airflow/example_dags/example_branch_operator.py
[2023-08-09T03:20:09.658+0000] {logging_mixin.py:150} INFO - [2023-08-09T03:20:09.657+0000] {dag.py:2742} INFO - Sync 1 DAGs
[2023-08-09T03:20:09.682+0000] {logging_mixin.py:150} INFO - [2023-08-09T03:20:09.682+0000] {dag.py:3508} INFO - Setting next_dagrun for example_branch_operator to 2023-08-08T00:00:00+00:00, run_after=2023-08-09T00:00:00+00:00
[2023-08-09T03:20:09.699+0000] {processor.py:179} INFO - Processing /home/airflow/.local/lib/python3.7/site-packages/airflow/example_dags/example_branch_operator.py took 0.078 seconds
[2023-08-09T03:20:40.383+0000] {processor.py:157} INFO - Started process (PID=1146) to work on /home/airflow/.local/lib/python3.7/site-packages/airflow/example_dags/example_branch_operator.py
[2023-08-09T03:20:40.383+0000] {processor.py:826} INFO - Processing file /home/airflow/.local/lib/python3.7/site-packages/airflow/example_dags/example_branch_operator.py for tasks to queue
[2023-08-09T03:20:40.385+0000] {logging_mixin.py:150} INFO - [2023-08-09T03:20:40.385+0000] {dagbag.py:541} INFO - Filling up the DagBag from /home/airflow/.local/lib/python3.7/site-packages/airflow/example_dags/example_branch_operator.py
[2023-08-09T03:20:40.393+0000] {processor.py:836} INFO - DAG(s) dict_keys(['example_branch_operator']) retrieved from /home/airflow/.local/lib/python3.7/site-packages/airflow/example_dags/example_branch_operator.py
[2023-08-09T03:20:40.416+0000] {logging_mixin.py:150} INFO - [2023-08-09T03:20:40.416+0000] {dag.py:2742} INFO - Sync 1 DAGs
[2023-08-09T03:20:40.439+0000] {logging_mixin.py:150} INFO - [2023-08-09T03:20:40.439+0000] {dag.py:3508} INFO - Setting next_dagrun for example_branch_operator to 2023-08-08T00:00:00+00:00, run_after=2023-08-09T00:00:00+00:00
[2023-08-09T03:20:40.455+0000] {processor.py:179} INFO - Processing /home/airflow/.local/lib/python3.7/site-packages/airflow/example_dags/example_branch_operator.py took 0.076 seconds
[2023-08-09T03:21:10.594+0000] {processor.py:157} INFO - Started process (PID=1201) to work on /home/airflow/.local/lib/python3.7/site-packages/airflow/example_dags/example_branch_operator.py
[2023-08-09T03:21:10.595+0000] {processor.py:826} INFO - Processing file /home/airflow/.local/lib/python3.7/site-packages/airflow/example_dags/example_branch_operator.py for tasks to queue
[2023-08-09T03:21:10.598+0000] {logging_mixin.py:150} INFO - [2023-08-09T03:21:10.597+0000] {dagbag.py:541} INFO - Filling up the DagBag from /home/airflow/.local/lib/python3.7/site-packages/airflow/example_dags/example_branch_operator.py
[2023-08-09T03:21:10.612+0000] {processor.py:836} INFO - DAG(s) dict_keys(['example_branch_operator']) retrieved from /home/airflow/.local/lib/python3.7/site-packages/airflow/example_dags/example_branch_operator.py
[2023-08-09T03:21:10.650+0000] {logging_mixin.py:150} INFO - [2023-08-09T03:21:10.649+0000] {dag.py:2742} INFO - Sync 1 DAGs
[2023-08-09T03:21:10.688+0000] {logging_mixin.py:150} INFO - [2023-08-09T03:21:10.687+0000] {dag.py:3508} INFO - Setting next_dagrun for example_branch_operator to 2023-08-08T00:00:00+00:00, run_after=2023-08-09T00:00:00+00:00
[2023-08-09T03:21:10.716+0000] {processor.py:179} INFO - Processing /home/airflow/.local/lib/python3.7/site-packages/airflow/example_dags/example_branch_operator.py took 0.125 seconds
[2023-08-09T03:21:40.806+0000] {processor.py:157} INFO - Started process (PID=1256) to work on /home/airflow/.local/lib/python3.7/site-packages/airflow/example_dags/example_branch_operator.py
[2023-08-09T03:21:40.807+0000] {processor.py:826} INFO - Processing file /home/airflow/.local/lib/python3.7/site-packages/airflow/example_dags/example_branch_operator.py for tasks to queue
[2023-08-09T03:21:40.809+0000] {logging_mixin.py:150} INFO - [2023-08-09T03:21:40.809+0000] {dagbag.py:541} INFO - Filling up the DagBag from /home/airflow/.local/lib/python3.7/site-packages/airflow/example_dags/example_branch_operator.py
[2023-08-09T03:21:40.821+0000] {processor.py:836} INFO - DAG(s) dict_keys(['example_branch_operator']) retrieved from /home/airflow/.local/lib/python3.7/site-packages/airflow/example_dags/example_branch_operator.py
[2023-08-09T03:21:40.847+0000] {logging_mixin.py:150} INFO - [2023-08-09T03:21:40.846+0000] {dag.py:2742} INFO - Sync 1 DAGs
[2023-08-09T03:21:40.872+0000] {logging_mixin.py:150} INFO - [2023-08-09T03:21:40.872+0000] {dag.py:3508} INFO - Setting next_dagrun for example_branch_operator to 2023-08-08T00:00:00+00:00, run_after=2023-08-09T00:00:00+00:00
[2023-08-09T03:21:40.888+0000] {processor.py:179} INFO - Processing /home/airflow/.local/lib/python3.7/site-packages/airflow/example_dags/example_branch_operator.py took 0.085 seconds
[2023-08-09T03:22:11.065+0000] {processor.py:157} INFO - Started process (PID=1311) to work on /home/airflow/.local/lib/python3.7/site-packages/airflow/example_dags/example_branch_operator.py
[2023-08-09T03:22:11.066+0000] {processor.py:826} INFO - Processing file /home/airflow/.local/lib/python3.7/site-packages/airflow/example_dags/example_branch_operator.py for tasks to queue
[2023-08-09T03:22:11.068+0000] {logging_mixin.py:150} INFO - [2023-08-09T03:22:11.068+0000] {dagbag.py:541} INFO - Filling up the DagBag from /home/airflow/.local/lib/python3.7/site-packages/airflow/example_dags/example_branch_operator.py
[2023-08-09T03:22:11.082+0000] {processor.py:836} INFO - DAG(s) dict_keys(['example_branch_operator']) retrieved from /home/airflow/.local/lib/python3.7/site-packages/airflow/example_dags/example_branch_operator.py
[2023-08-09T03:22:11.115+0000] {logging_mixin.py:150} INFO - [2023-08-09T03:22:11.114+0000] {dag.py:2742} INFO - Sync 1 DAGs
[2023-08-09T03:22:11.151+0000] {logging_mixin.py:150} INFO - [2023-08-09T03:22:11.151+0000] {dag.py:3508} INFO - Setting next_dagrun for example_branch_operator to 2023-08-08T00:00:00+00:00, run_after=2023-08-09T00:00:00+00:00
[2023-08-09T03:22:11.167+0000] {processor.py:179} INFO - Processing /home/airflow/.local/lib/python3.7/site-packages/airflow/example_dags/example_branch_operator.py took 0.106 seconds
[2023-08-09T03:22:41.258+0000] {processor.py:157} INFO - Started process (PID=1366) to work on /home/airflow/.local/lib/python3.7/site-packages/airflow/example_dags/example_branch_operator.py
[2023-08-09T03:22:41.259+0000] {processor.py:826} INFO - Processing file /home/airflow/.local/lib/python3.7/site-packages/airflow/example_dags/example_branch_operator.py for tasks to queue
[2023-08-09T03:22:41.262+0000] {logging_mixin.py:150} INFO - [2023-08-09T03:22:41.262+0000] {dagbag.py:541} INFO - Filling up the DagBag from /home/airflow/.local/lib/python3.7/site-packages/airflow/example_dags/example_branch_operator.py
[2023-08-09T03:22:41.276+0000] {processor.py:836} INFO - DAG(s) dict_keys(['example_branch_operator']) retrieved from /home/airflow/.local/lib/python3.7/site-packages/airflow/example_dags/example_branch_operator.py
[2023-08-09T03:22:41.304+0000] {logging_mixin.py:150} INFO - [2023-08-09T03:22:41.304+0000] {dag.py:2742} INFO - Sync 1 DAGs
[2023-08-09T03:22:41.329+0000] {logging_mixin.py:150} INFO - [2023-08-09T03:22:41.328+0000] {dag.py:3508} INFO - Setting next_dagrun for example_branch_operator to 2023-08-08T00:00:00+00:00, run_after=2023-08-09T00:00:00+00:00
[2023-08-09T03:22:41.345+0000] {processor.py:179} INFO - Processing /home/airflow/.local/lib/python3.7/site-packages/airflow/example_dags/example_branch_operator.py took 0.091 seconds
[2023-08-09T03:23:11.456+0000] {processor.py:157} INFO - Started process (PID=1420) to work on /home/airflow/.local/lib/python3.7/site-packages/airflow/example_dags/example_branch_operator.py
[2023-08-09T03:23:11.456+0000] {processor.py:826} INFO - Processing file /home/airflow/.local/lib/python3.7/site-packages/airflow/example_dags/example_branch_operator.py for tasks to queue
[2023-08-09T03:23:11.458+0000] {logging_mixin.py:150} INFO - [2023-08-09T03:23:11.458+0000] {dagbag.py:541} INFO - Filling up the DagBag from /home/airflow/.local/lib/python3.7/site-packages/airflow/example_dags/example_branch_operator.py
[2023-08-09T03:23:11.469+0000] {processor.py:836} INFO - DAG(s) dict_keys(['example_branch_operator']) retrieved from /home/airflow/.local/lib/python3.7/site-packages/airflow/example_dags/example_branch_operator.py
[2023-08-09T03:23:11.503+0000] {logging_mixin.py:150} INFO - [2023-08-09T03:23:11.502+0000] {dag.py:2742} INFO - Sync 1 DAGs
[2023-08-09T03:23:11.535+0000] {logging_mixin.py:150} INFO - [2023-08-09T03:23:11.535+0000] {dag.py:3508} INFO - Setting next_dagrun for example_branch_operator to 2023-08-08T00:00:00+00:00, run_after=2023-08-09T00:00:00+00:00
[2023-08-09T03:23:11.554+0000] {processor.py:179} INFO - Processing /home/airflow/.local/lib/python3.7/site-packages/airflow/example_dags/example_branch_operator.py took 0.101 seconds
[2023-08-09T03:23:41.812+0000] {processor.py:157} INFO - Started process (PID=1475) to work on /home/airflow/.local/lib/python3.7/site-packages/airflow/example_dags/example_branch_operator.py
[2023-08-09T03:23:41.813+0000] {processor.py:826} INFO - Processing file /home/airflow/.local/lib/python3.7/site-packages/airflow/example_dags/example_branch_operator.py for tasks to queue
[2023-08-09T03:23:41.815+0000] {logging_mixin.py:150} INFO - [2023-08-09T03:23:41.815+0000] {dagbag.py:541} INFO - Filling up the DagBag from /home/airflow/.local/lib/python3.7/site-packages/airflow/example_dags/example_branch_operator.py
[2023-08-09T03:23:41.829+0000] {processor.py:836} INFO - DAG(s) dict_keys(['example_branch_operator']) retrieved from /home/airflow/.local/lib/python3.7/site-packages/airflow/example_dags/example_branch_operator.py
[2023-08-09T03:23:41.864+0000] {logging_mixin.py:150} INFO - [2023-08-09T03:23:41.863+0000] {dag.py:2742} INFO - Sync 1 DAGs
[2023-08-09T03:23:41.909+0000] {logging_mixin.py:150} INFO - [2023-08-09T03:23:41.908+0000] {dag.py:3508} INFO - Setting next_dagrun for example_branch_operator to 2023-08-08T00:00:00+00:00, run_after=2023-08-09T00:00:00+00:00
[2023-08-09T03:23:41.947+0000] {processor.py:179} INFO - Processing /home/airflow/.local/lib/python3.7/site-packages/airflow/example_dags/example_branch_operator.py took 0.139 seconds
[2023-08-09T03:24:12.007+0000] {processor.py:157} INFO - Started process (PID=1530) to work on /home/airflow/.local/lib/python3.7/site-packages/airflow/example_dags/example_branch_operator.py
[2023-08-09T03:24:12.009+0000] {processor.py:826} INFO - Processing file /home/airflow/.local/lib/python3.7/site-packages/airflow/example_dags/example_branch_operator.py for tasks to queue
[2023-08-09T03:24:12.012+0000] {logging_mixin.py:150} INFO - [2023-08-09T03:24:12.011+0000] {dagbag.py:541} INFO - Filling up the DagBag from /home/airflow/.local/lib/python3.7/site-packages/airflow/example_dags/example_branch_operator.py
[2023-08-09T03:24:12.028+0000] {processor.py:836} INFO - DAG(s) dict_keys(['example_branch_operator']) retrieved from /home/airflow/.local/lib/python3.7/site-packages/airflow/example_dags/example_branch_operator.py
[2023-08-09T03:24:12.071+0000] {logging_mixin.py:150} INFO - [2023-08-09T03:24:12.070+0000] {dag.py:2742} INFO - Sync 1 DAGs
[2023-08-09T03:24:12.100+0000] {logging_mixin.py:150} INFO - [2023-08-09T03:24:12.100+0000] {dag.py:3508} INFO - Setting next_dagrun for example_branch_operator to 2023-08-08T00:00:00+00:00, run_after=2023-08-09T00:00:00+00:00
[2023-08-09T03:24:12.117+0000] {processor.py:179} INFO - Processing /home/airflow/.local/lib/python3.7/site-packages/airflow/example_dags/example_branch_operator.py took 0.115 seconds
[2023-08-09T03:24:42.239+0000] {processor.py:157} INFO - Started process (PID=1586) to work on /home/airflow/.local/lib/python3.7/site-packages/airflow/example_dags/example_branch_operator.py
[2023-08-09T03:24:42.239+0000] {processor.py:826} INFO - Processing file /home/airflow/.local/lib/python3.7/site-packages/airflow/example_dags/example_branch_operator.py for tasks to queue
[2023-08-09T03:24:42.241+0000] {logging_mixin.py:150} INFO - [2023-08-09T03:24:42.241+0000] {dagbag.py:541} INFO - Filling up the DagBag from /home/airflow/.local/lib/python3.7/site-packages/airflow/example_dags/example_branch_operator.py
[2023-08-09T03:24:42.249+0000] {processor.py:836} INFO - DAG(s) dict_keys(['example_branch_operator']) retrieved from /home/airflow/.local/lib/python3.7/site-packages/airflow/example_dags/example_branch_operator.py
[2023-08-09T03:24:42.280+0000] {logging_mixin.py:150} INFO - [2023-08-09T03:24:42.279+0000] {dag.py:2742} INFO - Sync 1 DAGs
[2023-08-09T03:24:42.309+0000] {logging_mixin.py:150} INFO - [2023-08-09T03:24:42.309+0000] {dag.py:3508} INFO - Setting next_dagrun for example_branch_operator to 2023-08-08T00:00:00+00:00, run_after=2023-08-09T00:00:00+00:00
[2023-08-09T03:24:42.324+0000] {processor.py:179} INFO - Processing /home/airflow/.local/lib/python3.7/site-packages/airflow/example_dags/example_branch_operator.py took 0.088 seconds
[2023-08-09T03:25:12.480+0000] {processor.py:157} INFO - Started process (PID=1639) to work on /home/airflow/.local/lib/python3.7/site-packages/airflow/example_dags/example_branch_operator.py
[2023-08-09T03:25:12.482+0000] {processor.py:826} INFO - Processing file /home/airflow/.local/lib/python3.7/site-packages/airflow/example_dags/example_branch_operator.py for tasks to queue
[2023-08-09T03:25:12.486+0000] {logging_mixin.py:150} INFO - [2023-08-09T03:25:12.485+0000] {dagbag.py:541} INFO - Filling up the DagBag from /home/airflow/.local/lib/python3.7/site-packages/airflow/example_dags/example_branch_operator.py
[2023-08-09T03:25:12.502+0000] {processor.py:836} INFO - DAG(s) dict_keys(['example_branch_operator']) retrieved from /home/airflow/.local/lib/python3.7/site-packages/airflow/example_dags/example_branch_operator.py
[2023-08-09T03:25:12.543+0000] {logging_mixin.py:150} INFO - [2023-08-09T03:25:12.542+0000] {dag.py:2742} INFO - Sync 1 DAGs
[2023-08-09T03:25:12.572+0000] {logging_mixin.py:150} INFO - [2023-08-09T03:25:12.572+0000] {dag.py:3508} INFO - Setting next_dagrun for example_branch_operator to 2023-08-08T00:00:00+00:00, run_after=2023-08-09T00:00:00+00:00
[2023-08-09T03:25:12.595+0000] {processor.py:179} INFO - Processing /home/airflow/.local/lib/python3.7/site-packages/airflow/example_dags/example_branch_operator.py took 0.120 seconds
[2023-08-09T03:25:42.802+0000] {processor.py:157} INFO - Started process (PID=1694) to work on /home/airflow/.local/lib/python3.7/site-packages/airflow/example_dags/example_branch_operator.py
[2023-08-09T03:25:42.803+0000] {processor.py:826} INFO - Processing file /home/airflow/.local/lib/python3.7/site-packages/airflow/example_dags/example_branch_operator.py for tasks to queue
[2023-08-09T03:25:42.806+0000] {logging_mixin.py:150} INFO - [2023-08-09T03:25:42.806+0000] {dagbag.py:541} INFO - Filling up the DagBag from /home/airflow/.local/lib/python3.7/site-packages/airflow/example_dags/example_branch_operator.py
[2023-08-09T03:25:42.818+0000] {processor.py:836} INFO - DAG(s) dict_keys(['example_branch_operator']) retrieved from /home/airflow/.local/lib/python3.7/site-packages/airflow/example_dags/example_branch_operator.py
[2023-08-09T03:25:42.850+0000] {logging_mixin.py:150} INFO - [2023-08-09T03:25:42.850+0000] {dag.py:2742} INFO - Sync 1 DAGs
[2023-08-09T03:25:42.883+0000] {logging_mixin.py:150} INFO - [2023-08-09T03:25:42.883+0000] {dag.py:3508} INFO - Setting next_dagrun for example_branch_operator to 2023-08-08T00:00:00+00:00, run_after=2023-08-09T00:00:00+00:00
[2023-08-09T03:25:42.900+0000] {processor.py:179} INFO - Processing /home/airflow/.local/lib/python3.7/site-packages/airflow/example_dags/example_branch_operator.py took 0.102 seconds
[2023-08-09T03:26:13.134+0000] {processor.py:157} INFO - Started process (PID=1748) to work on /home/airflow/.local/lib/python3.7/site-packages/airflow/example_dags/example_branch_operator.py
[2023-08-09T03:26:13.135+0000] {processor.py:826} INFO - Processing file /home/airflow/.local/lib/python3.7/site-packages/airflow/example_dags/example_branch_operator.py for tasks to queue
[2023-08-09T03:26:13.138+0000] {logging_mixin.py:150} INFO - [2023-08-09T03:26:13.138+0000] {dagbag.py:541} INFO - Filling up the DagBag from /home/airflow/.local/lib/python3.7/site-packages/airflow/example_dags/example_branch_operator.py
[2023-08-09T03:26:13.154+0000] {processor.py:836} INFO - DAG(s) dict_keys(['example_branch_operator']) retrieved from /home/airflow/.local/lib/python3.7/site-packages/airflow/example_dags/example_branch_operator.py
[2023-08-09T03:26:13.199+0000] {logging_mixin.py:150} INFO - [2023-08-09T03:26:13.198+0000] {dag.py:2742} INFO - Sync 1 DAGs
[2023-08-09T03:26:13.228+0000] {logging_mixin.py:150} INFO - [2023-08-09T03:26:13.228+0000] {dag.py:3508} INFO - Setting next_dagrun for example_branch_operator to 2023-08-08T00:00:00+00:00, run_after=2023-08-09T00:00:00+00:00
[2023-08-09T03:26:13.247+0000] {processor.py:179} INFO - Processing /home/airflow/.local/lib/python3.7/site-packages/airflow/example_dags/example_branch_operator.py took 0.119 seconds
[2023-08-09T03:26:43.280+0000] {processor.py:157} INFO - Started process (PID=1803) to work on /home/airflow/.local/lib/python3.7/site-packages/airflow/example_dags/example_branch_operator.py
[2023-08-09T03:26:43.281+0000] {processor.py:826} INFO - Processing file /home/airflow/.local/lib/python3.7/site-packages/airflow/example_dags/example_branch_operator.py for tasks to queue
[2023-08-09T03:26:43.283+0000] {logging_mixin.py:150} INFO - [2023-08-09T03:26:43.282+0000] {dagbag.py:541} INFO - Filling up the DagBag from /home/airflow/.local/lib/python3.7/site-packages/airflow/example_dags/example_branch_operator.py
[2023-08-09T03:26:43.292+0000] {processor.py:836} INFO - DAG(s) dict_keys(['example_branch_operator']) retrieved from /home/airflow/.local/lib/python3.7/site-packages/airflow/example_dags/example_branch_operator.py
[2023-08-09T03:26:43.319+0000] {logging_mixin.py:150} INFO - [2023-08-09T03:26:43.318+0000] {dag.py:2742} INFO - Sync 1 DAGs
[2023-08-09T03:26:43.350+0000] {logging_mixin.py:150} INFO - [2023-08-09T03:26:43.350+0000] {dag.py:3508} INFO - Setting next_dagrun for example_branch_operator to 2023-08-08T00:00:00+00:00, run_after=2023-08-09T00:00:00+00:00
[2023-08-09T03:26:43.375+0000] {processor.py:179} INFO - Processing /home/airflow/.local/lib/python3.7/site-packages/airflow/example_dags/example_branch_operator.py took 0.098 seconds
[2023-08-09T03:27:13.480+0000] {processor.py:157} INFO - Started process (PID=1857) to work on /home/airflow/.local/lib/python3.7/site-packages/airflow/example_dags/example_branch_operator.py
[2023-08-09T03:27:13.481+0000] {processor.py:826} INFO - Processing file /home/airflow/.local/lib/python3.7/site-packages/airflow/example_dags/example_branch_operator.py for tasks to queue
[2023-08-09T03:27:13.485+0000] {logging_mixin.py:150} INFO - [2023-08-09T03:27:13.484+0000] {dagbag.py:541} INFO - Filling up the DagBag from /home/airflow/.local/lib/python3.7/site-packages/airflow/example_dags/example_branch_operator.py
[2023-08-09T03:27:13.496+0000] {processor.py:836} INFO - DAG(s) dict_keys(['example_branch_operator']) retrieved from /home/airflow/.local/lib/python3.7/site-packages/airflow/example_dags/example_branch_operator.py
[2023-08-09T03:27:13.535+0000] {logging_mixin.py:150} INFO - [2023-08-09T03:27:13.534+0000] {dag.py:2742} INFO - Sync 1 DAGs
[2023-08-09T03:27:13.574+0000] {logging_mixin.py:150} INFO - [2023-08-09T03:27:13.574+0000] {dag.py:3508} INFO - Setting next_dagrun for example_branch_operator to 2023-08-08T00:00:00+00:00, run_after=2023-08-09T00:00:00+00:00
[2023-08-09T03:27:13.597+0000] {processor.py:179} INFO - Processing /home/airflow/.local/lib/python3.7/site-packages/airflow/example_dags/example_branch_operator.py took 0.121 seconds
[2023-08-09T03:27:43.862+0000] {processor.py:157} INFO - Started process (PID=1912) to work on /home/airflow/.local/lib/python3.7/site-packages/airflow/example_dags/example_branch_operator.py
[2023-08-09T03:27:43.863+0000] {processor.py:826} INFO - Processing file /home/airflow/.local/lib/python3.7/site-packages/airflow/example_dags/example_branch_operator.py for tasks to queue
[2023-08-09T03:27:43.866+0000] {logging_mixin.py:150} INFO - [2023-08-09T03:27:43.866+0000] {dagbag.py:541} INFO - Filling up the DagBag from /home/airflow/.local/lib/python3.7/site-packages/airflow/example_dags/example_branch_operator.py
[2023-08-09T03:27:43.874+0000] {processor.py:836} INFO - DAG(s) dict_keys(['example_branch_operator']) retrieved from /home/airflow/.local/lib/python3.7/site-packages/airflow/example_dags/example_branch_operator.py
[2023-08-09T03:27:43.897+0000] {logging_mixin.py:150} INFO - [2023-08-09T03:27:43.896+0000] {dag.py:2742} INFO - Sync 1 DAGs
[2023-08-09T03:27:43.921+0000] {logging_mixin.py:150} INFO - [2023-08-09T03:27:43.921+0000] {dag.py:3508} INFO - Setting next_dagrun for example_branch_operator to 2023-08-08T00:00:00+00:00, run_after=2023-08-09T00:00:00+00:00
[2023-08-09T03:27:43.936+0000] {processor.py:179} INFO - Processing /home/airflow/.local/lib/python3.7/site-packages/airflow/example_dags/example_branch_operator.py took 0.077 seconds
[2023-08-09T03:28:14.222+0000] {processor.py:157} INFO - Started process (PID=1967) to work on /home/airflow/.local/lib/python3.7/site-packages/airflow/example_dags/example_branch_operator.py
[2023-08-09T03:28:14.223+0000] {processor.py:826} INFO - Processing file /home/airflow/.local/lib/python3.7/site-packages/airflow/example_dags/example_branch_operator.py for tasks to queue
[2023-08-09T03:28:14.225+0000] {logging_mixin.py:150} INFO - [2023-08-09T03:28:14.225+0000] {dagbag.py:541} INFO - Filling up the DagBag from /home/airflow/.local/lib/python3.7/site-packages/airflow/example_dags/example_branch_operator.py
[2023-08-09T03:28:14.233+0000] {processor.py:836} INFO - DAG(s) dict_keys(['example_branch_operator']) retrieved from /home/airflow/.local/lib/python3.7/site-packages/airflow/example_dags/example_branch_operator.py
[2023-08-09T03:28:14.267+0000] {logging_mixin.py:150} INFO - [2023-08-09T03:28:14.266+0000] {dag.py:2742} INFO - Sync 1 DAGs
[2023-08-09T03:28:14.304+0000] {logging_mixin.py:150} INFO - [2023-08-09T03:28:14.304+0000] {dag.py:3508} INFO - Setting next_dagrun for example_branch_operator to 2023-08-08T00:00:00+00:00, run_after=2023-08-09T00:00:00+00:00
[2023-08-09T03:28:14.332+0000] {processor.py:179} INFO - Processing /home/airflow/.local/lib/python3.7/site-packages/airflow/example_dags/example_branch_operator.py took 0.114 seconds
[2023-08-09T03:28:44.407+0000] {processor.py:157} INFO - Started process (PID=2023) to work on /home/airflow/.local/lib/python3.7/site-packages/airflow/example_dags/example_branch_operator.py
[2023-08-09T03:28:44.409+0000] {processor.py:826} INFO - Processing file /home/airflow/.local/lib/python3.7/site-packages/airflow/example_dags/example_branch_operator.py for tasks to queue
[2023-08-09T03:28:44.414+0000] {logging_mixin.py:150} INFO - [2023-08-09T03:28:44.413+0000] {dagbag.py:541} INFO - Filling up the DagBag from /home/airflow/.local/lib/python3.7/site-packages/airflow/example_dags/example_branch_operator.py
[2023-08-09T03:28:44.429+0000] {processor.py:836} INFO - DAG(s) dict_keys(['example_branch_operator']) retrieved from /home/airflow/.local/lib/python3.7/site-packages/airflow/example_dags/example_branch_operator.py
[2023-08-09T03:28:44.472+0000] {logging_mixin.py:150} INFO - [2023-08-09T03:28:44.471+0000] {dag.py:2742} INFO - Sync 1 DAGs
[2023-08-09T03:28:44.503+0000] {logging_mixin.py:150} INFO - [2023-08-09T03:28:44.502+0000] {dag.py:3508} INFO - Setting next_dagrun for example_branch_operator to 2023-08-08T00:00:00+00:00, run_after=2023-08-09T00:00:00+00:00
[2023-08-09T03:28:44.520+0000] {processor.py:179} INFO - Processing /home/airflow/.local/lib/python3.7/site-packages/airflow/example_dags/example_branch_operator.py took 0.118 seconds
[2023-08-09T03:29:14.968+0000] {processor.py:157} INFO - Started process (PID=2078) to work on /home/airflow/.local/lib/python3.7/site-packages/airflow/example_dags/example_branch_operator.py
[2023-08-09T03:29:14.969+0000] {processor.py:826} INFO - Processing file /home/airflow/.local/lib/python3.7/site-packages/airflow/example_dags/example_branch_operator.py for tasks to queue
[2023-08-09T03:29:14.972+0000] {logging_mixin.py:150} INFO - [2023-08-09T03:29:14.972+0000] {dagbag.py:541} INFO - Filling up the DagBag from /home/airflow/.local/lib/python3.7/site-packages/airflow/example_dags/example_branch_operator.py
[2023-08-09T03:29:14.988+0000] {processor.py:836} INFO - DAG(s) dict_keys(['example_branch_operator']) retrieved from /home/airflow/.local/lib/python3.7/site-packages/airflow/example_dags/example_branch_operator.py
[2023-08-09T03:29:15.022+0000] {logging_mixin.py:150} INFO - [2023-08-09T03:29:15.022+0000] {dag.py:2742} INFO - Sync 1 DAGs
[2023-08-09T03:29:15.069+0000] {logging_mixin.py:150} INFO - [2023-08-09T03:29:15.068+0000] {dag.py:3508} INFO - Setting next_dagrun for example_branch_operator to 2023-08-08T00:00:00+00:00, run_after=2023-08-09T00:00:00+00:00
[2023-08-09T03:29:15.091+0000] {processor.py:179} INFO - Processing /home/airflow/.local/lib/python3.7/site-packages/airflow/example_dags/example_branch_operator.py took 0.126 seconds
[2023-08-09T03:29:45.134+0000] {processor.py:157} INFO - Started process (PID=2133) to work on /home/airflow/.local/lib/python3.7/site-packages/airflow/example_dags/example_branch_operator.py
[2023-08-09T03:29:45.135+0000] {processor.py:826} INFO - Processing file /home/airflow/.local/lib/python3.7/site-packages/airflow/example_dags/example_branch_operator.py for tasks to queue
[2023-08-09T03:29:45.136+0000] {logging_mixin.py:150} INFO - [2023-08-09T03:29:45.135+0000] {dagbag.py:541} INFO - Filling up the DagBag from /home/airflow/.local/lib/python3.7/site-packages/airflow/example_dags/example_branch_operator.py
[2023-08-09T03:29:45.149+0000] {processor.py:836} INFO - DAG(s) dict_keys(['example_branch_operator']) retrieved from /home/airflow/.local/lib/python3.7/site-packages/airflow/example_dags/example_branch_operator.py
[2023-08-09T03:29:45.174+0000] {logging_mixin.py:150} INFO - [2023-08-09T03:29:45.174+0000] {dag.py:2742} INFO - Sync 1 DAGs
[2023-08-09T03:29:45.206+0000] {logging_mixin.py:150} INFO - [2023-08-09T03:29:45.206+0000] {dag.py:3508} INFO - Setting next_dagrun for example_branch_operator to 2023-08-08T00:00:00+00:00, run_after=2023-08-09T00:00:00+00:00
[2023-08-09T03:29:45.225+0000] {processor.py:179} INFO - Processing /home/airflow/.local/lib/python3.7/site-packages/airflow/example_dags/example_branch_operator.py took 0.094 seconds
[2023-08-09T03:30:15.981+0000] {processor.py:157} INFO - Started process (PID=2188) to work on /home/airflow/.local/lib/python3.7/site-packages/airflow/example_dags/example_branch_operator.py
[2023-08-09T03:30:15.984+0000] {processor.py:826} INFO - Processing file /home/airflow/.local/lib/python3.7/site-packages/airflow/example_dags/example_branch_operator.py for tasks to queue
[2023-08-09T03:30:15.985+0000] {logging_mixin.py:150} INFO - [2023-08-09T03:30:15.984+0000] {dagbag.py:541} INFO - Filling up the DagBag from /home/airflow/.local/lib/python3.7/site-packages/airflow/example_dags/example_branch_operator.py
[2023-08-09T03:30:16.000+0000] {processor.py:836} INFO - DAG(s) dict_keys(['example_branch_operator']) retrieved from /home/airflow/.local/lib/python3.7/site-packages/airflow/example_dags/example_branch_operator.py
[2023-08-09T03:30:16.042+0000] {logging_mixin.py:150} INFO - [2023-08-09T03:30:16.042+0000] {dag.py:2742} INFO - Sync 1 DAGs
[2023-08-09T03:30:16.079+0000] {logging_mixin.py:150} INFO - [2023-08-09T03:30:16.079+0000] {dag.py:3508} INFO - Setting next_dagrun for example_branch_operator to 2023-08-08T00:00:00+00:00, run_after=2023-08-09T00:00:00+00:00
[2023-08-09T03:30:16.101+0000] {processor.py:179} INFO - Processing /home/airflow/.local/lib/python3.7/site-packages/airflow/example_dags/example_branch_operator.py took 0.124 seconds
[2023-08-09T03:30:46.246+0000] {processor.py:157} INFO - Started process (PID=2244) to work on /home/airflow/.local/lib/python3.7/site-packages/airflow/example_dags/example_branch_operator.py
[2023-08-09T03:30:46.247+0000] {processor.py:826} INFO - Processing file /home/airflow/.local/lib/python3.7/site-packages/airflow/example_dags/example_branch_operator.py for tasks to queue
[2023-08-09T03:30:46.248+0000] {logging_mixin.py:150} INFO - [2023-08-09T03:30:46.248+0000] {dagbag.py:541} INFO - Filling up the DagBag from /home/airflow/.local/lib/python3.7/site-packages/airflow/example_dags/example_branch_operator.py
[2023-08-09T03:30:46.265+0000] {processor.py:836} INFO - DAG(s) dict_keys(['example_branch_operator']) retrieved from /home/airflow/.local/lib/python3.7/site-packages/airflow/example_dags/example_branch_operator.py
[2023-08-09T03:30:46.307+0000] {logging_mixin.py:150} INFO - [2023-08-09T03:30:46.307+0000] {dag.py:2742} INFO - Sync 1 DAGs
[2023-08-09T03:30:46.345+0000] {logging_mixin.py:150} INFO - [2023-08-09T03:30:46.345+0000] {dag.py:3508} INFO - Setting next_dagrun for example_branch_operator to 2023-08-08T00:00:00+00:00, run_after=2023-08-09T00:00:00+00:00
[2023-08-09T03:30:46.362+0000] {processor.py:179} INFO - Processing /home/airflow/.local/lib/python3.7/site-packages/airflow/example_dags/example_branch_operator.py took 0.122 seconds
[2023-08-09T03:31:16.682+0000] {processor.py:157} INFO - Started process (PID=2302) to work on /home/airflow/.local/lib/python3.7/site-packages/airflow/example_dags/example_branch_operator.py
[2023-08-09T03:31:16.683+0000] {processor.py:826} INFO - Processing file /home/airflow/.local/lib/python3.7/site-packages/airflow/example_dags/example_branch_operator.py for tasks to queue
[2023-08-09T03:31:16.683+0000] {logging_mixin.py:150} INFO - [2023-08-09T03:31:16.683+0000] {dagbag.py:541} INFO - Filling up the DagBag from /home/airflow/.local/lib/python3.7/site-packages/airflow/example_dags/example_branch_operator.py
[2023-08-09T03:31:16.692+0000] {processor.py:836} INFO - DAG(s) dict_keys(['example_branch_operator']) retrieved from /home/airflow/.local/lib/python3.7/site-packages/airflow/example_dags/example_branch_operator.py
[2023-08-09T03:31:16.716+0000] {logging_mixin.py:150} INFO - [2023-08-09T03:31:16.716+0000] {dag.py:2742} INFO - Sync 1 DAGs
[2023-08-09T03:31:16.748+0000] {logging_mixin.py:150} INFO - [2023-08-09T03:31:16.748+0000] {dag.py:3508} INFO - Setting next_dagrun for example_branch_operator to 2023-08-08T00:00:00+00:00, run_after=2023-08-09T00:00:00+00:00
[2023-08-09T03:31:16.766+0000] {processor.py:179} INFO - Processing /home/airflow/.local/lib/python3.7/site-packages/airflow/example_dags/example_branch_operator.py took 0.088 seconds
[2023-08-09T03:31:46.789+0000] {processor.py:157} INFO - Started process (PID=2357) to work on /home/airflow/.local/lib/python3.7/site-packages/airflow/example_dags/example_branch_operator.py
[2023-08-09T03:31:46.790+0000] {processor.py:826} INFO - Processing file /home/airflow/.local/lib/python3.7/site-packages/airflow/example_dags/example_branch_operator.py for tasks to queue
[2023-08-09T03:31:46.790+0000] {logging_mixin.py:150} INFO - [2023-08-09T03:31:46.790+0000] {dagbag.py:541} INFO - Filling up the DagBag from /home/airflow/.local/lib/python3.7/site-packages/airflow/example_dags/example_branch_operator.py
[2023-08-09T03:31:46.798+0000] {processor.py:836} INFO - DAG(s) dict_keys(['example_branch_operator']) retrieved from /home/airflow/.local/lib/python3.7/site-packages/airflow/example_dags/example_branch_operator.py
[2023-08-09T03:31:46.828+0000] {logging_mixin.py:150} INFO - [2023-08-09T03:31:46.828+0000] {dag.py:2742} INFO - Sync 1 DAGs
[2023-08-09T03:31:46.865+0000] {logging_mixin.py:150} INFO - [2023-08-09T03:31:46.865+0000] {dag.py:3508} INFO - Setting next_dagrun for example_branch_operator to 2023-08-08T00:00:00+00:00, run_after=2023-08-09T00:00:00+00:00
[2023-08-09T03:31:46.889+0000] {processor.py:179} INFO - Processing /home/airflow/.local/lib/python3.7/site-packages/airflow/example_dags/example_branch_operator.py took 0.103 seconds
[2023-08-09T03:32:17.334+0000] {processor.py:157} INFO - Started process (PID=2412) to work on /home/airflow/.local/lib/python3.7/site-packages/airflow/example_dags/example_branch_operator.py
[2023-08-09T03:32:17.335+0000] {processor.py:826} INFO - Processing file /home/airflow/.local/lib/python3.7/site-packages/airflow/example_dags/example_branch_operator.py for tasks to queue
[2023-08-09T03:32:17.336+0000] {logging_mixin.py:150} INFO - [2023-08-09T03:32:17.336+0000] {dagbag.py:541} INFO - Filling up the DagBag from /home/airflow/.local/lib/python3.7/site-packages/airflow/example_dags/example_branch_operator.py
[2023-08-09T03:32:17.349+0000] {processor.py:836} INFO - DAG(s) dict_keys(['example_branch_operator']) retrieved from /home/airflow/.local/lib/python3.7/site-packages/airflow/example_dags/example_branch_operator.py
[2023-08-09T03:32:17.376+0000] {logging_mixin.py:150} INFO - [2023-08-09T03:32:17.376+0000] {dag.py:2742} INFO - Sync 1 DAGs
[2023-08-09T03:32:17.407+0000] {logging_mixin.py:150} INFO - [2023-08-09T03:32:17.407+0000] {dag.py:3508} INFO - Setting next_dagrun for example_branch_operator to 2023-08-08T00:00:00+00:00, run_after=2023-08-09T00:00:00+00:00
[2023-08-09T03:32:17.427+0000] {processor.py:179} INFO - Processing /home/airflow/.local/lib/python3.7/site-packages/airflow/example_dags/example_branch_operator.py took 0.097 seconds
[2023-08-09T03:32:47.575+0000] {processor.py:157} INFO - Started process (PID=2469) to work on /home/airflow/.local/lib/python3.7/site-packages/airflow/example_dags/example_branch_operator.py
[2023-08-09T03:32:47.576+0000] {processor.py:826} INFO - Processing file /home/airflow/.local/lib/python3.7/site-packages/airflow/example_dags/example_branch_operator.py for tasks to queue
[2023-08-09T03:32:47.577+0000] {logging_mixin.py:150} INFO - [2023-08-09T03:32:47.576+0000] {dagbag.py:541} INFO - Filling up the DagBag from /home/airflow/.local/lib/python3.7/site-packages/airflow/example_dags/example_branch_operator.py
[2023-08-09T03:32:47.590+0000] {processor.py:836} INFO - DAG(s) dict_keys(['example_branch_operator']) retrieved from /home/airflow/.local/lib/python3.7/site-packages/airflow/example_dags/example_branch_operator.py
[2023-08-09T03:32:47.617+0000] {logging_mixin.py:150} INFO - [2023-08-09T03:32:47.617+0000] {dag.py:2742} INFO - Sync 1 DAGs
[2023-08-09T03:32:47.642+0000] {logging_mixin.py:150} INFO - [2023-08-09T03:32:47.642+0000] {dag.py:3508} INFO - Setting next_dagrun for example_branch_operator to 2023-08-08T00:00:00+00:00, run_after=2023-08-09T00:00:00+00:00
[2023-08-09T03:32:47.659+0000] {processor.py:179} INFO - Processing /home/airflow/.local/lib/python3.7/site-packages/airflow/example_dags/example_branch_operator.py took 0.088 seconds
[2023-08-09T03:33:17.842+0000] {processor.py:157} INFO - Started process (PID=2523) to work on /home/airflow/.local/lib/python3.7/site-packages/airflow/example_dags/example_branch_operator.py
[2023-08-09T03:33:17.843+0000] {processor.py:826} INFO - Processing file /home/airflow/.local/lib/python3.7/site-packages/airflow/example_dags/example_branch_operator.py for tasks to queue
[2023-08-09T03:33:17.844+0000] {logging_mixin.py:150} INFO - [2023-08-09T03:33:17.843+0000] {dagbag.py:541} INFO - Filling up the DagBag from /home/airflow/.local/lib/python3.7/site-packages/airflow/example_dags/example_branch_operator.py
[2023-08-09T03:33:17.855+0000] {processor.py:836} INFO - DAG(s) dict_keys(['example_branch_operator']) retrieved from /home/airflow/.local/lib/python3.7/site-packages/airflow/example_dags/example_branch_operator.py
[2023-08-09T03:33:17.880+0000] {logging_mixin.py:150} INFO - [2023-08-09T03:33:17.880+0000] {dag.py:2742} INFO - Sync 1 DAGs
[2023-08-09T03:33:17.904+0000] {logging_mixin.py:150} INFO - [2023-08-09T03:33:17.903+0000] {dag.py:3508} INFO - Setting next_dagrun for example_branch_operator to 2023-08-08T00:00:00+00:00, run_after=2023-08-09T00:00:00+00:00
[2023-08-09T03:33:17.921+0000] {processor.py:179} INFO - Processing /home/airflow/.local/lib/python3.7/site-packages/airflow/example_dags/example_branch_operator.py took 0.082 seconds
[2023-08-09T03:33:48.289+0000] {processor.py:157} INFO - Started process (PID=2578) to work on /home/airflow/.local/lib/python3.7/site-packages/airflow/example_dags/example_branch_operator.py
[2023-08-09T03:33:48.290+0000] {processor.py:826} INFO - Processing file /home/airflow/.local/lib/python3.7/site-packages/airflow/example_dags/example_branch_operator.py for tasks to queue
[2023-08-09T03:33:48.291+0000] {logging_mixin.py:150} INFO - [2023-08-09T03:33:48.290+0000] {dagbag.py:541} INFO - Filling up the DagBag from /home/airflow/.local/lib/python3.7/site-packages/airflow/example_dags/example_branch_operator.py
[2023-08-09T03:33:48.300+0000] {processor.py:836} INFO - DAG(s) dict_keys(['example_branch_operator']) retrieved from /home/airflow/.local/lib/python3.7/site-packages/airflow/example_dags/example_branch_operator.py
[2023-08-09T03:33:48.326+0000] {logging_mixin.py:150} INFO - [2023-08-09T03:33:48.326+0000] {dag.py:2742} INFO - Sync 1 DAGs
[2023-08-09T03:33:48.351+0000] {logging_mixin.py:150} INFO - [2023-08-09T03:33:48.350+0000] {dag.py:3508} INFO - Setting next_dagrun for example_branch_operator to 2023-08-08T00:00:00+00:00, run_after=2023-08-09T00:00:00+00:00
[2023-08-09T03:33:48.368+0000] {processor.py:179} INFO - Processing /home/airflow/.local/lib/python3.7/site-packages/airflow/example_dags/example_branch_operator.py took 0.082 seconds
[2023-08-09T03:34:18.477+0000] {processor.py:157} INFO - Started process (PID=2635) to work on /home/airflow/.local/lib/python3.7/site-packages/airflow/example_dags/example_branch_operator.py
[2023-08-09T03:34:18.477+0000] {processor.py:826} INFO - Processing file /home/airflow/.local/lib/python3.7/site-packages/airflow/example_dags/example_branch_operator.py for tasks to queue
[2023-08-09T03:34:18.478+0000] {logging_mixin.py:150} INFO - [2023-08-09T03:34:18.478+0000] {dagbag.py:541} INFO - Filling up the DagBag from /home/airflow/.local/lib/python3.7/site-packages/airflow/example_dags/example_branch_operator.py
[2023-08-09T03:34:18.488+0000] {processor.py:836} INFO - DAG(s) dict_keys(['example_branch_operator']) retrieved from /home/airflow/.local/lib/python3.7/site-packages/airflow/example_dags/example_branch_operator.py
[2023-08-09T03:34:18.511+0000] {logging_mixin.py:150} INFO - [2023-08-09T03:34:18.511+0000] {dag.py:2742} INFO - Sync 1 DAGs
[2023-08-09T03:34:18.543+0000] {logging_mixin.py:150} INFO - [2023-08-09T03:34:18.543+0000] {dag.py:3508} INFO - Setting next_dagrun for example_branch_operator to 2023-08-08T00:00:00+00:00, run_after=2023-08-09T00:00:00+00:00
[2023-08-09T03:34:18.569+0000] {processor.py:179} INFO - Processing /home/airflow/.local/lib/python3.7/site-packages/airflow/example_dags/example_branch_operator.py took 0.095 seconds
[2023-08-09T03:34:48.800+0000] {processor.py:157} INFO - Started process (PID=2690) to work on /home/airflow/.local/lib/python3.7/site-packages/airflow/example_dags/example_branch_operator.py
[2023-08-09T03:34:48.801+0000] {processor.py:826} INFO - Processing file /home/airflow/.local/lib/python3.7/site-packages/airflow/example_dags/example_branch_operator.py for tasks to queue
[2023-08-09T03:34:48.801+0000] {logging_mixin.py:150} INFO - [2023-08-09T03:34:48.801+0000] {dagbag.py:541} INFO - Filling up the DagBag from /home/airflow/.local/lib/python3.7/site-packages/airflow/example_dags/example_branch_operator.py
[2023-08-09T03:34:48.809+0000] {processor.py:836} INFO - DAG(s) dict_keys(['example_branch_operator']) retrieved from /home/airflow/.local/lib/python3.7/site-packages/airflow/example_dags/example_branch_operator.py
[2023-08-09T03:34:48.831+0000] {logging_mixin.py:150} INFO - [2023-08-09T03:34:48.831+0000] {dag.py:2742} INFO - Sync 1 DAGs
[2023-08-09T03:34:48.856+0000] {logging_mixin.py:150} INFO - [2023-08-09T03:34:48.856+0000] {dag.py:3508} INFO - Setting next_dagrun for example_branch_operator to 2023-08-08T00:00:00+00:00, run_after=2023-08-09T00:00:00+00:00
[2023-08-09T03:34:48.879+0000] {processor.py:179} INFO - Processing /home/airflow/.local/lib/python3.7/site-packages/airflow/example_dags/example_branch_operator.py took 0.081 seconds
[2023-08-09T03:35:18.909+0000] {processor.py:157} INFO - Started process (PID=2744) to work on /home/airflow/.local/lib/python3.7/site-packages/airflow/example_dags/example_branch_operator.py
[2023-08-09T03:35:18.909+0000] {processor.py:826} INFO - Processing file /home/airflow/.local/lib/python3.7/site-packages/airflow/example_dags/example_branch_operator.py for tasks to queue
[2023-08-09T03:35:18.910+0000] {logging_mixin.py:150} INFO - [2023-08-09T03:35:18.910+0000] {dagbag.py:541} INFO - Filling up the DagBag from /home/airflow/.local/lib/python3.7/site-packages/airflow/example_dags/example_branch_operator.py
[2023-08-09T03:35:18.918+0000] {processor.py:836} INFO - DAG(s) dict_keys(['example_branch_operator']) retrieved from /home/airflow/.local/lib/python3.7/site-packages/airflow/example_dags/example_branch_operator.py
[2023-08-09T03:35:18.940+0000] {logging_mixin.py:150} INFO - [2023-08-09T03:35:18.940+0000] {dag.py:2742} INFO - Sync 1 DAGs
[2023-08-09T03:35:18.967+0000] {logging_mixin.py:150} INFO - [2023-08-09T03:35:18.967+0000] {dag.py:3508} INFO - Setting next_dagrun for example_branch_operator to 2023-08-08T00:00:00+00:00, run_after=2023-08-09T00:00:00+00:00
[2023-08-09T03:35:18.985+0000] {processor.py:179} INFO - Processing /home/airflow/.local/lib/python3.7/site-packages/airflow/example_dags/example_branch_operator.py took 0.079 seconds
[2023-08-09T03:35:49.161+0000] {processor.py:157} INFO - Started process (PID=2799) to work on /home/airflow/.local/lib/python3.7/site-packages/airflow/example_dags/example_branch_operator.py
[2023-08-09T03:35:49.162+0000] {processor.py:826} INFO - Processing file /home/airflow/.local/lib/python3.7/site-packages/airflow/example_dags/example_branch_operator.py for tasks to queue
[2023-08-09T03:35:49.163+0000] {logging_mixin.py:150} INFO - [2023-08-09T03:35:49.162+0000] {dagbag.py:541} INFO - Filling up the DagBag from /home/airflow/.local/lib/python3.7/site-packages/airflow/example_dags/example_branch_operator.py
[2023-08-09T03:35:49.171+0000] {processor.py:836} INFO - DAG(s) dict_keys(['example_branch_operator']) retrieved from /home/airflow/.local/lib/python3.7/site-packages/airflow/example_dags/example_branch_operator.py
[2023-08-09T03:35:49.201+0000] {logging_mixin.py:150} INFO - [2023-08-09T03:35:49.201+0000] {dag.py:2742} INFO - Sync 1 DAGs
[2023-08-09T03:35:49.225+0000] {logging_mixin.py:150} INFO - [2023-08-09T03:35:49.225+0000] {dag.py:3508} INFO - Setting next_dagrun for example_branch_operator to 2023-08-08T00:00:00+00:00, run_after=2023-08-09T00:00:00+00:00
[2023-08-09T03:35:49.242+0000] {processor.py:179} INFO - Processing /home/airflow/.local/lib/python3.7/site-packages/airflow/example_dags/example_branch_operator.py took 0.083 seconds
[2023-08-09T03:36:19.703+0000] {processor.py:157} INFO - Started process (PID=2854) to work on /home/airflow/.local/lib/python3.7/site-packages/airflow/example_dags/example_branch_operator.py
[2023-08-09T03:36:19.704+0000] {processor.py:826} INFO - Processing file /home/airflow/.local/lib/python3.7/site-packages/airflow/example_dags/example_branch_operator.py for tasks to queue
[2023-08-09T03:36:19.704+0000] {logging_mixin.py:150} INFO - [2023-08-09T03:36:19.704+0000] {dagbag.py:541} INFO - Filling up the DagBag from /home/airflow/.local/lib/python3.7/site-packages/airflow/example_dags/example_branch_operator.py
[2023-08-09T03:36:19.712+0000] {processor.py:836} INFO - DAG(s) dict_keys(['example_branch_operator']) retrieved from /home/airflow/.local/lib/python3.7/site-packages/airflow/example_dags/example_branch_operator.py
[2023-08-09T03:36:19.736+0000] {logging_mixin.py:150} INFO - [2023-08-09T03:36:19.735+0000] {dag.py:2742} INFO - Sync 1 DAGs
[2023-08-09T03:36:19.761+0000] {logging_mixin.py:150} INFO - [2023-08-09T03:36:19.761+0000] {dag.py:3508} INFO - Setting next_dagrun for example_branch_operator to 2023-08-08T00:00:00+00:00, run_after=2023-08-09T00:00:00+00:00
[2023-08-09T03:36:19.778+0000] {processor.py:179} INFO - Processing /home/airflow/.local/lib/python3.7/site-packages/airflow/example_dags/example_branch_operator.py took 0.079 seconds
