[2023-08-09T03:10:31.306+0000] {processor.py:157} INFO - Started process (PID=43) to work on /home/airflow/.local/lib/python3.7/site-packages/airflow/example_dags/example_latest_only.py
[2023-08-09T03:10:31.307+0000] {processor.py:826} INFO - Processing file /home/airflow/.local/lib/python3.7/site-packages/airflow/example_dags/example_latest_only.py for tasks to queue
[2023-08-09T03:10:31.310+0000] {logging_mixin.py:150} INFO - [2023-08-09T03:10:31.309+0000] {dagbag.py:541} INFO - Filling up the DagBag from /home/airflow/.local/lib/python3.7/site-packages/airflow/example_dags/example_latest_only.py
[2023-08-09T03:10:31.319+0000] {processor.py:836} INFO - DAG(s) dict_keys(['latest_only']) retrieved from /home/airflow/.local/lib/python3.7/site-packages/airflow/example_dags/example_latest_only.py
[2023-08-09T03:10:31.354+0000] {logging_mixin.py:150} INFO - [2023-08-09T03:10:31.353+0000] {dag.py:2742} INFO - Sync 1 DAGs
[2023-08-09T03:10:31.394+0000] {logging_mixin.py:150} INFO - [2023-08-09T03:10:31.394+0000] {dag.py:3508} INFO - Setting next_dagrun for latest_only to 2023-08-08T23:10:31.394335+00:00, run_after=2023-08-09T03:10:31.394335+00:00
[2023-08-09T03:10:31.422+0000] {processor.py:179} INFO - Processing /home/airflow/.local/lib/python3.7/site-packages/airflow/example_dags/example_latest_only.py took 0.120 seconds
[2023-08-09T03:11:01.667+0000] {processor.py:157} INFO - Started process (PID=98) to work on /home/airflow/.local/lib/python3.7/site-packages/airflow/example_dags/example_latest_only.py
[2023-08-09T03:11:01.668+0000] {processor.py:826} INFO - Processing file /home/airflow/.local/lib/python3.7/site-packages/airflow/example_dags/example_latest_only.py for tasks to queue
[2023-08-09T03:11:01.671+0000] {logging_mixin.py:150} INFO - [2023-08-09T03:11:01.671+0000] {dagbag.py:541} INFO - Filling up the DagBag from /home/airflow/.local/lib/python3.7/site-packages/airflow/example_dags/example_latest_only.py
[2023-08-09T03:11:01.677+0000] {processor.py:836} INFO - DAG(s) dict_keys(['latest_only']) retrieved from /home/airflow/.local/lib/python3.7/site-packages/airflow/example_dags/example_latest_only.py
[2023-08-09T03:11:01.703+0000] {logging_mixin.py:150} INFO - [2023-08-09T03:11:01.702+0000] {dag.py:2742} INFO - Sync 1 DAGs
[2023-08-09T03:11:01.733+0000] {logging_mixin.py:150} INFO - [2023-08-09T03:11:01.733+0000] {dag.py:3508} INFO - Setting next_dagrun for latest_only to 2023-08-08T23:11:01.733047+00:00, run_after=2023-08-09T03:11:01.733047+00:00
[2023-08-09T03:11:01.750+0000] {processor.py:179} INFO - Processing /home/airflow/.local/lib/python3.7/site-packages/airflow/example_dags/example_latest_only.py took 0.088 seconds
[2023-08-09T03:11:32.165+0000] {processor.py:157} INFO - Started process (PID=153) to work on /home/airflow/.local/lib/python3.7/site-packages/airflow/example_dags/example_latest_only.py
[2023-08-09T03:11:32.166+0000] {processor.py:826} INFO - Processing file /home/airflow/.local/lib/python3.7/site-packages/airflow/example_dags/example_latest_only.py for tasks to queue
[2023-08-09T03:11:32.169+0000] {logging_mixin.py:150} INFO - [2023-08-09T03:11:32.168+0000] {dagbag.py:541} INFO - Filling up the DagBag from /home/airflow/.local/lib/python3.7/site-packages/airflow/example_dags/example_latest_only.py
[2023-08-09T03:11:32.175+0000] {processor.py:836} INFO - DAG(s) dict_keys(['latest_only']) retrieved from /home/airflow/.local/lib/python3.7/site-packages/airflow/example_dags/example_latest_only.py
[2023-08-09T03:11:32.206+0000] {logging_mixin.py:150} INFO - [2023-08-09T03:11:32.205+0000] {dag.py:2742} INFO - Sync 1 DAGs
[2023-08-09T03:11:32.242+0000] {logging_mixin.py:150} INFO - [2023-08-09T03:11:32.242+0000] {dag.py:3508} INFO - Setting next_dagrun for latest_only to 2023-08-08T23:11:32.241789+00:00, run_after=2023-08-09T03:11:32.241789+00:00
[2023-08-09T03:11:32.263+0000] {processor.py:179} INFO - Processing /home/airflow/.local/lib/python3.7/site-packages/airflow/example_dags/example_latest_only.py took 0.101 seconds
[2023-08-09T03:12:02.848+0000] {processor.py:157} INFO - Started process (PID=209) to work on /home/airflow/.local/lib/python3.7/site-packages/airflow/example_dags/example_latest_only.py
[2023-08-09T03:12:02.848+0000] {processor.py:826} INFO - Processing file /home/airflow/.local/lib/python3.7/site-packages/airflow/example_dags/example_latest_only.py for tasks to queue
[2023-08-09T03:12:02.850+0000] {logging_mixin.py:150} INFO - [2023-08-09T03:12:02.850+0000] {dagbag.py:541} INFO - Filling up the DagBag from /home/airflow/.local/lib/python3.7/site-packages/airflow/example_dags/example_latest_only.py
[2023-08-09T03:12:02.854+0000] {processor.py:836} INFO - DAG(s) dict_keys(['latest_only']) retrieved from /home/airflow/.local/lib/python3.7/site-packages/airflow/example_dags/example_latest_only.py
[2023-08-09T03:12:02.878+0000] {logging_mixin.py:150} INFO - [2023-08-09T03:12:02.878+0000] {dag.py:2742} INFO - Sync 1 DAGs
[2023-08-09T03:12:02.903+0000] {logging_mixin.py:150} INFO - [2023-08-09T03:12:02.903+0000] {dag.py:3508} INFO - Setting next_dagrun for latest_only to 2023-08-08T23:12:02.902909+00:00, run_after=2023-08-09T03:12:02.902909+00:00
[2023-08-09T03:12:02.925+0000] {processor.py:179} INFO - Processing /home/airflow/.local/lib/python3.7/site-packages/airflow/example_dags/example_latest_only.py took 0.080 seconds
[2023-08-09T03:12:33.144+0000] {processor.py:157} INFO - Started process (PID=264) to work on /home/airflow/.local/lib/python3.7/site-packages/airflow/example_dags/example_latest_only.py
[2023-08-09T03:12:33.145+0000] {processor.py:826} INFO - Processing file /home/airflow/.local/lib/python3.7/site-packages/airflow/example_dags/example_latest_only.py for tasks to queue
[2023-08-09T03:12:33.146+0000] {logging_mixin.py:150} INFO - [2023-08-09T03:12:33.146+0000] {dagbag.py:541} INFO - Filling up the DagBag from /home/airflow/.local/lib/python3.7/site-packages/airflow/example_dags/example_latest_only.py
[2023-08-09T03:12:33.151+0000] {processor.py:836} INFO - DAG(s) dict_keys(['latest_only']) retrieved from /home/airflow/.local/lib/python3.7/site-packages/airflow/example_dags/example_latest_only.py
[2023-08-09T03:12:33.173+0000] {logging_mixin.py:150} INFO - [2023-08-09T03:12:33.172+0000] {dag.py:2742} INFO - Sync 1 DAGs
[2023-08-09T03:12:33.199+0000] {logging_mixin.py:150} INFO - [2023-08-09T03:12:33.198+0000] {dag.py:3508} INFO - Setting next_dagrun for latest_only to 2023-08-08T23:12:33.198690+00:00, run_after=2023-08-09T03:12:33.198690+00:00
[2023-08-09T03:12:33.218+0000] {processor.py:179} INFO - Processing /home/airflow/.local/lib/python3.7/site-packages/airflow/example_dags/example_latest_only.py took 0.077 seconds
[2023-08-09T03:13:03.444+0000] {processor.py:157} INFO - Started process (PID=319) to work on /home/airflow/.local/lib/python3.7/site-packages/airflow/example_dags/example_latest_only.py
[2023-08-09T03:13:03.444+0000] {processor.py:826} INFO - Processing file /home/airflow/.local/lib/python3.7/site-packages/airflow/example_dags/example_latest_only.py for tasks to queue
[2023-08-09T03:13:03.446+0000] {logging_mixin.py:150} INFO - [2023-08-09T03:13:03.446+0000] {dagbag.py:541} INFO - Filling up the DagBag from /home/airflow/.local/lib/python3.7/site-packages/airflow/example_dags/example_latest_only.py
[2023-08-09T03:13:03.450+0000] {processor.py:836} INFO - DAG(s) dict_keys(['latest_only']) retrieved from /home/airflow/.local/lib/python3.7/site-packages/airflow/example_dags/example_latest_only.py
[2023-08-09T03:13:03.470+0000] {logging_mixin.py:150} INFO - [2023-08-09T03:13:03.469+0000] {dag.py:2742} INFO - Sync 1 DAGs
[2023-08-09T03:13:03.493+0000] {logging_mixin.py:150} INFO - [2023-08-09T03:13:03.492+0000] {dag.py:3508} INFO - Setting next_dagrun for latest_only to 2023-08-08T23:13:03.492721+00:00, run_after=2023-08-09T03:13:03.492721+00:00
[2023-08-09T03:13:03.510+0000] {processor.py:179} INFO - Processing /home/airflow/.local/lib/python3.7/site-packages/airflow/example_dags/example_latest_only.py took 0.069 seconds
[2023-08-09T03:13:34.571+0000] {processor.py:157} INFO - Started process (PID=374) to work on /home/airflow/.local/lib/python3.7/site-packages/airflow/example_dags/example_latest_only.py
[2023-08-09T03:13:34.571+0000] {processor.py:826} INFO - Processing file /home/airflow/.local/lib/python3.7/site-packages/airflow/example_dags/example_latest_only.py for tasks to queue
[2023-08-09T03:13:34.573+0000] {logging_mixin.py:150} INFO - [2023-08-09T03:13:34.573+0000] {dagbag.py:541} INFO - Filling up the DagBag from /home/airflow/.local/lib/python3.7/site-packages/airflow/example_dags/example_latest_only.py
[2023-08-09T03:13:34.577+0000] {processor.py:836} INFO - DAG(s) dict_keys(['latest_only']) retrieved from /home/airflow/.local/lib/python3.7/site-packages/airflow/example_dags/example_latest_only.py
[2023-08-09T03:13:34.597+0000] {logging_mixin.py:150} INFO - [2023-08-09T03:13:34.597+0000] {dag.py:2742} INFO - Sync 1 DAGs
[2023-08-09T03:13:34.620+0000] {logging_mixin.py:150} INFO - [2023-08-09T03:13:34.619+0000] {dag.py:3508} INFO - Setting next_dagrun for latest_only to 2023-08-08T23:13:34.619704+00:00, run_after=2023-08-09T03:13:34.619704+00:00
[2023-08-09T03:13:34.637+0000] {processor.py:179} INFO - Processing /home/airflow/.local/lib/python3.7/site-packages/airflow/example_dags/example_latest_only.py took 0.069 seconds
[2023-08-09T03:14:04.863+0000] {processor.py:157} INFO - Started process (PID=429) to work on /home/airflow/.local/lib/python3.7/site-packages/airflow/example_dags/example_latest_only.py
[2023-08-09T03:14:04.864+0000] {processor.py:826} INFO - Processing file /home/airflow/.local/lib/python3.7/site-packages/airflow/example_dags/example_latest_only.py for tasks to queue
[2023-08-09T03:14:04.866+0000] {logging_mixin.py:150} INFO - [2023-08-09T03:14:04.866+0000] {dagbag.py:541} INFO - Filling up the DagBag from /home/airflow/.local/lib/python3.7/site-packages/airflow/example_dags/example_latest_only.py
[2023-08-09T03:14:04.871+0000] {processor.py:836} INFO - DAG(s) dict_keys(['latest_only']) retrieved from /home/airflow/.local/lib/python3.7/site-packages/airflow/example_dags/example_latest_only.py
[2023-08-09T03:14:04.891+0000] {logging_mixin.py:150} INFO - [2023-08-09T03:14:04.891+0000] {dag.py:2742} INFO - Sync 1 DAGs
[2023-08-09T03:14:04.926+0000] {logging_mixin.py:150} INFO - [2023-08-09T03:14:04.926+0000] {dag.py:3508} INFO - Setting next_dagrun for latest_only to 2023-08-08T23:14:04.925850+00:00, run_after=2023-08-09T03:14:04.925850+00:00
[2023-08-09T03:14:04.950+0000] {processor.py:179} INFO - Processing /home/airflow/.local/lib/python3.7/site-packages/airflow/example_dags/example_latest_only.py took 0.089 seconds
[2023-08-09T03:14:35.130+0000] {processor.py:157} INFO - Started process (PID=485) to work on /home/airflow/.local/lib/python3.7/site-packages/airflow/example_dags/example_latest_only.py
[2023-08-09T03:14:35.131+0000] {processor.py:826} INFO - Processing file /home/airflow/.local/lib/python3.7/site-packages/airflow/example_dags/example_latest_only.py for tasks to queue
[2023-08-09T03:14:35.132+0000] {logging_mixin.py:150} INFO - [2023-08-09T03:14:35.132+0000] {dagbag.py:541} INFO - Filling up the DagBag from /home/airflow/.local/lib/python3.7/site-packages/airflow/example_dags/example_latest_only.py
[2023-08-09T03:14:35.137+0000] {processor.py:836} INFO - DAG(s) dict_keys(['latest_only']) retrieved from /home/airflow/.local/lib/python3.7/site-packages/airflow/example_dags/example_latest_only.py
[2023-08-09T03:14:35.163+0000] {logging_mixin.py:150} INFO - [2023-08-09T03:14:35.163+0000] {dag.py:2742} INFO - Sync 1 DAGs
[2023-08-09T03:14:35.186+0000] {logging_mixin.py:150} INFO - [2023-08-09T03:14:35.186+0000] {dag.py:3508} INFO - Setting next_dagrun for latest_only to 2023-08-08T23:14:35.186140+00:00, run_after=2023-08-09T03:14:35.186140+00:00
[2023-08-09T03:14:35.203+0000] {processor.py:179} INFO - Processing /home/airflow/.local/lib/python3.7/site-packages/airflow/example_dags/example_latest_only.py took 0.075 seconds
[2023-08-09T03:15:05.487+0000] {processor.py:157} INFO - Started process (PID=540) to work on /home/airflow/.local/lib/python3.7/site-packages/airflow/example_dags/example_latest_only.py
[2023-08-09T03:15:05.488+0000] {processor.py:826} INFO - Processing file /home/airflow/.local/lib/python3.7/site-packages/airflow/example_dags/example_latest_only.py for tasks to queue
[2023-08-09T03:15:05.490+0000] {logging_mixin.py:150} INFO - [2023-08-09T03:15:05.490+0000] {dagbag.py:541} INFO - Filling up the DagBag from /home/airflow/.local/lib/python3.7/site-packages/airflow/example_dags/example_latest_only.py
[2023-08-09T03:15:05.497+0000] {processor.py:836} INFO - DAG(s) dict_keys(['latest_only']) retrieved from /home/airflow/.local/lib/python3.7/site-packages/airflow/example_dags/example_latest_only.py
[2023-08-09T03:15:05.535+0000] {logging_mixin.py:150} INFO - [2023-08-09T03:15:05.534+0000] {dag.py:2742} INFO - Sync 1 DAGs
[2023-08-09T03:15:05.560+0000] {logging_mixin.py:150} INFO - [2023-08-09T03:15:05.560+0000] {dag.py:3508} INFO - Setting next_dagrun for latest_only to 2023-08-08T23:15:05.560331+00:00, run_after=2023-08-09T03:15:05.560331+00:00
[2023-08-09T03:15:05.576+0000] {processor.py:179} INFO - Processing /home/airflow/.local/lib/python3.7/site-packages/airflow/example_dags/example_latest_only.py took 0.093 seconds
[2023-08-09T03:15:35.745+0000] {processor.py:157} INFO - Started process (PID=595) to work on /home/airflow/.local/lib/python3.7/site-packages/airflow/example_dags/example_latest_only.py
[2023-08-09T03:15:35.745+0000] {processor.py:826} INFO - Processing file /home/airflow/.local/lib/python3.7/site-packages/airflow/example_dags/example_latest_only.py for tasks to queue
[2023-08-09T03:15:35.749+0000] {logging_mixin.py:150} INFO - [2023-08-09T03:15:35.749+0000] {dagbag.py:541} INFO - Filling up the DagBag from /home/airflow/.local/lib/python3.7/site-packages/airflow/example_dags/example_latest_only.py
[2023-08-09T03:15:35.755+0000] {processor.py:836} INFO - DAG(s) dict_keys(['latest_only']) retrieved from /home/airflow/.local/lib/python3.7/site-packages/airflow/example_dags/example_latest_only.py
[2023-08-09T03:15:35.790+0000] {logging_mixin.py:150} INFO - [2023-08-09T03:15:35.789+0000] {dag.py:2742} INFO - Sync 1 DAGs
[2023-08-09T03:15:35.830+0000] {logging_mixin.py:150} INFO - [2023-08-09T03:15:35.829+0000] {dag.py:3508} INFO - Setting next_dagrun for latest_only to 2023-08-08T23:15:35.829465+00:00, run_after=2023-08-09T03:15:35.829465+00:00
[2023-08-09T03:15:35.857+0000] {processor.py:179} INFO - Processing /home/airflow/.local/lib/python3.7/site-packages/airflow/example_dags/example_latest_only.py took 0.116 seconds
[2023-08-09T03:16:05.937+0000] {processor.py:157} INFO - Started process (PID=650) to work on /home/airflow/.local/lib/python3.7/site-packages/airflow/example_dags/example_latest_only.py
[2023-08-09T03:16:05.938+0000] {processor.py:826} INFO - Processing file /home/airflow/.local/lib/python3.7/site-packages/airflow/example_dags/example_latest_only.py for tasks to queue
[2023-08-09T03:16:05.940+0000] {logging_mixin.py:150} INFO - [2023-08-09T03:16:05.940+0000] {dagbag.py:541} INFO - Filling up the DagBag from /home/airflow/.local/lib/python3.7/site-packages/airflow/example_dags/example_latest_only.py
[2023-08-09T03:16:05.944+0000] {processor.py:836} INFO - DAG(s) dict_keys(['latest_only']) retrieved from /home/airflow/.local/lib/python3.7/site-packages/airflow/example_dags/example_latest_only.py
[2023-08-09T03:16:05.964+0000] {logging_mixin.py:150} INFO - [2023-08-09T03:16:05.964+0000] {dag.py:2742} INFO - Sync 1 DAGs
[2023-08-09T03:16:05.987+0000] {logging_mixin.py:150} INFO - [2023-08-09T03:16:05.987+0000] {dag.py:3508} INFO - Setting next_dagrun for latest_only to 2023-08-08T23:16:05.987312+00:00, run_after=2023-08-09T03:16:05.987312+00:00
[2023-08-09T03:16:06.003+0000] {processor.py:179} INFO - Processing /home/airflow/.local/lib/python3.7/site-packages/airflow/example_dags/example_latest_only.py took 0.070 seconds
[2023-08-09T03:16:36.347+0000] {processor.py:157} INFO - Started process (PID=705) to work on /home/airflow/.local/lib/python3.7/site-packages/airflow/example_dags/example_latest_only.py
[2023-08-09T03:16:36.348+0000] {processor.py:826} INFO - Processing file /home/airflow/.local/lib/python3.7/site-packages/airflow/example_dags/example_latest_only.py for tasks to queue
[2023-08-09T03:16:36.350+0000] {logging_mixin.py:150} INFO - [2023-08-09T03:16:36.349+0000] {dagbag.py:541} INFO - Filling up the DagBag from /home/airflow/.local/lib/python3.7/site-packages/airflow/example_dags/example_latest_only.py
[2023-08-09T03:16:36.354+0000] {processor.py:836} INFO - DAG(s) dict_keys(['latest_only']) retrieved from /home/airflow/.local/lib/python3.7/site-packages/airflow/example_dags/example_latest_only.py
[2023-08-09T03:16:36.380+0000] {logging_mixin.py:150} INFO - [2023-08-09T03:16:36.379+0000] {dag.py:2742} INFO - Sync 1 DAGs
[2023-08-09T03:16:36.415+0000] {logging_mixin.py:150} INFO - [2023-08-09T03:16:36.415+0000] {dag.py:3508} INFO - Setting next_dagrun for latest_only to 2023-08-08T23:16:36.414874+00:00, run_after=2023-08-09T03:16:36.414874+00:00
[2023-08-09T03:16:36.432+0000] {processor.py:179} INFO - Processing /home/airflow/.local/lib/python3.7/site-packages/airflow/example_dags/example_latest_only.py took 0.087 seconds
[2023-08-09T03:17:06.513+0000] {processor.py:157} INFO - Started process (PID=760) to work on /home/airflow/.local/lib/python3.7/site-packages/airflow/example_dags/example_latest_only.py
[2023-08-09T03:17:06.514+0000] {processor.py:826} INFO - Processing file /home/airflow/.local/lib/python3.7/site-packages/airflow/example_dags/example_latest_only.py for tasks to queue
[2023-08-09T03:17:06.516+0000] {logging_mixin.py:150} INFO - [2023-08-09T03:17:06.515+0000] {dagbag.py:541} INFO - Filling up the DagBag from /home/airflow/.local/lib/python3.7/site-packages/airflow/example_dags/example_latest_only.py
[2023-08-09T03:17:06.520+0000] {processor.py:836} INFO - DAG(s) dict_keys(['latest_only']) retrieved from /home/airflow/.local/lib/python3.7/site-packages/airflow/example_dags/example_latest_only.py
[2023-08-09T03:17:06.540+0000] {logging_mixin.py:150} INFO - [2023-08-09T03:17:06.540+0000] {dag.py:2742} INFO - Sync 1 DAGs
[2023-08-09T03:17:06.565+0000] {logging_mixin.py:150} INFO - [2023-08-09T03:17:06.564+0000] {dag.py:3508} INFO - Setting next_dagrun for latest_only to 2023-08-08T23:17:06.564588+00:00, run_after=2023-08-09T03:17:06.564588+00:00
[2023-08-09T03:17:06.582+0000] {processor.py:179} INFO - Processing /home/airflow/.local/lib/python3.7/site-packages/airflow/example_dags/example_latest_only.py took 0.071 seconds
[2023-08-09T03:17:37.034+0000] {processor.py:157} INFO - Started process (PID=815) to work on /home/airflow/.local/lib/python3.7/site-packages/airflow/example_dags/example_latest_only.py
[2023-08-09T03:17:37.035+0000] {processor.py:826} INFO - Processing file /home/airflow/.local/lib/python3.7/site-packages/airflow/example_dags/example_latest_only.py for tasks to queue
[2023-08-09T03:17:37.037+0000] {logging_mixin.py:150} INFO - [2023-08-09T03:17:37.037+0000] {dagbag.py:541} INFO - Filling up the DagBag from /home/airflow/.local/lib/python3.7/site-packages/airflow/example_dags/example_latest_only.py
[2023-08-09T03:17:37.043+0000] {processor.py:836} INFO - DAG(s) dict_keys(['latest_only']) retrieved from /home/airflow/.local/lib/python3.7/site-packages/airflow/example_dags/example_latest_only.py
[2023-08-09T03:17:37.064+0000] {logging_mixin.py:150} INFO - [2023-08-09T03:17:37.064+0000] {dag.py:2742} INFO - Sync 1 DAGs
[2023-08-09T03:17:37.086+0000] {logging_mixin.py:150} INFO - [2023-08-09T03:17:37.086+0000] {dag.py:3508} INFO - Setting next_dagrun for latest_only to 2023-08-08T23:17:37.086478+00:00, run_after=2023-08-09T03:17:37.086478+00:00
[2023-08-09T03:17:37.103+0000] {processor.py:179} INFO - Processing /home/airflow/.local/lib/python3.7/site-packages/airflow/example_dags/example_latest_only.py took 0.071 seconds
[2023-08-09T03:18:07.300+0000] {processor.py:157} INFO - Started process (PID=870) to work on /home/airflow/.local/lib/python3.7/site-packages/airflow/example_dags/example_latest_only.py
[2023-08-09T03:18:07.300+0000] {processor.py:826} INFO - Processing file /home/airflow/.local/lib/python3.7/site-packages/airflow/example_dags/example_latest_only.py for tasks to queue
[2023-08-09T03:18:07.302+0000] {logging_mixin.py:150} INFO - [2023-08-09T03:18:07.302+0000] {dagbag.py:541} INFO - Filling up the DagBag from /home/airflow/.local/lib/python3.7/site-packages/airflow/example_dags/example_latest_only.py
[2023-08-09T03:18:07.306+0000] {processor.py:836} INFO - DAG(s) dict_keys(['latest_only']) retrieved from /home/airflow/.local/lib/python3.7/site-packages/airflow/example_dags/example_latest_only.py
[2023-08-09T03:18:07.329+0000] {logging_mixin.py:150} INFO - [2023-08-09T03:18:07.328+0000] {dag.py:2742} INFO - Sync 1 DAGs
[2023-08-09T03:18:07.366+0000] {logging_mixin.py:150} INFO - [2023-08-09T03:18:07.366+0000] {dag.py:3508} INFO - Setting next_dagrun for latest_only to 2023-08-08T23:18:07.366205+00:00, run_after=2023-08-09T03:18:07.366205+00:00
[2023-08-09T03:18:07.386+0000] {processor.py:179} INFO - Processing /home/airflow/.local/lib/python3.7/site-packages/airflow/example_dags/example_latest_only.py took 0.089 seconds
[2023-08-09T03:18:37.549+0000] {processor.py:157} INFO - Started process (PID=925) to work on /home/airflow/.local/lib/python3.7/site-packages/airflow/example_dags/example_latest_only.py
[2023-08-09T03:18:37.550+0000] {processor.py:826} INFO - Processing file /home/airflow/.local/lib/python3.7/site-packages/airflow/example_dags/example_latest_only.py for tasks to queue
[2023-08-09T03:18:37.551+0000] {logging_mixin.py:150} INFO - [2023-08-09T03:18:37.551+0000] {dagbag.py:541} INFO - Filling up the DagBag from /home/airflow/.local/lib/python3.7/site-packages/airflow/example_dags/example_latest_only.py
[2023-08-09T03:18:37.555+0000] {processor.py:836} INFO - DAG(s) dict_keys(['latest_only']) retrieved from /home/airflow/.local/lib/python3.7/site-packages/airflow/example_dags/example_latest_only.py
[2023-08-09T03:18:37.587+0000] {logging_mixin.py:150} INFO - [2023-08-09T03:18:37.586+0000] {dag.py:2742} INFO - Sync 1 DAGs
[2023-08-09T03:18:37.634+0000] {logging_mixin.py:150} INFO - [2023-08-09T03:18:37.634+0000] {dag.py:3508} INFO - Setting next_dagrun for latest_only to 2023-08-08T23:18:37.634253+00:00, run_after=2023-08-09T03:18:37.634253+00:00
[2023-08-09T03:18:37.663+0000] {processor.py:179} INFO - Processing /home/airflow/.local/lib/python3.7/site-packages/airflow/example_dags/example_latest_only.py took 0.116 seconds
[2023-08-09T03:19:08.069+0000] {processor.py:157} INFO - Started process (PID=980) to work on /home/airflow/.local/lib/python3.7/site-packages/airflow/example_dags/example_latest_only.py
[2023-08-09T03:19:08.070+0000] {processor.py:826} INFO - Processing file /home/airflow/.local/lib/python3.7/site-packages/airflow/example_dags/example_latest_only.py for tasks to queue
[2023-08-09T03:19:08.072+0000] {logging_mixin.py:150} INFO - [2023-08-09T03:19:08.072+0000] {dagbag.py:541} INFO - Filling up the DagBag from /home/airflow/.local/lib/python3.7/site-packages/airflow/example_dags/example_latest_only.py
[2023-08-09T03:19:08.077+0000] {processor.py:836} INFO - DAG(s) dict_keys(['latest_only']) retrieved from /home/airflow/.local/lib/python3.7/site-packages/airflow/example_dags/example_latest_only.py
[2023-08-09T03:19:08.107+0000] {logging_mixin.py:150} INFO - [2023-08-09T03:19:08.106+0000] {dag.py:2742} INFO - Sync 1 DAGs
[2023-08-09T03:19:08.143+0000] {logging_mixin.py:150} INFO - [2023-08-09T03:19:08.143+0000] {dag.py:3508} INFO - Setting next_dagrun for latest_only to 2023-08-08T23:19:08.143142+00:00, run_after=2023-08-09T03:19:08.143142+00:00
[2023-08-09T03:19:08.167+0000] {processor.py:179} INFO - Processing /home/airflow/.local/lib/python3.7/site-packages/airflow/example_dags/example_latest_only.py took 0.101 seconds
[2023-08-09T03:19:38.414+0000] {processor.py:157} INFO - Started process (PID=1035) to work on /home/airflow/.local/lib/python3.7/site-packages/airflow/example_dags/example_latest_only.py
[2023-08-09T03:19:38.415+0000] {processor.py:826} INFO - Processing file /home/airflow/.local/lib/python3.7/site-packages/airflow/example_dags/example_latest_only.py for tasks to queue
[2023-08-09T03:19:38.417+0000] {logging_mixin.py:150} INFO - [2023-08-09T03:19:38.417+0000] {dagbag.py:541} INFO - Filling up the DagBag from /home/airflow/.local/lib/python3.7/site-packages/airflow/example_dags/example_latest_only.py
[2023-08-09T03:19:38.422+0000] {processor.py:836} INFO - DAG(s) dict_keys(['latest_only']) retrieved from /home/airflow/.local/lib/python3.7/site-packages/airflow/example_dags/example_latest_only.py
[2023-08-09T03:19:38.456+0000] {logging_mixin.py:150} INFO - [2023-08-09T03:19:38.455+0000] {dag.py:2742} INFO - Sync 1 DAGs
[2023-08-09T03:19:38.489+0000] {logging_mixin.py:150} INFO - [2023-08-09T03:19:38.488+0000] {dag.py:3508} INFO - Setting next_dagrun for latest_only to 2023-08-08T23:19:38.488600+00:00, run_after=2023-08-09T03:19:38.488600+00:00
[2023-08-09T03:19:38.506+0000] {processor.py:179} INFO - Processing /home/airflow/.local/lib/python3.7/site-packages/airflow/example_dags/example_latest_only.py took 0.094 seconds
[2023-08-09T03:20:08.616+0000] {processor.py:157} INFO - Started process (PID=1090) to work on /home/airflow/.local/lib/python3.7/site-packages/airflow/example_dags/example_latest_only.py
[2023-08-09T03:20:08.617+0000] {processor.py:826} INFO - Processing file /home/airflow/.local/lib/python3.7/site-packages/airflow/example_dags/example_latest_only.py for tasks to queue
[2023-08-09T03:20:08.619+0000] {logging_mixin.py:150} INFO - [2023-08-09T03:20:08.619+0000] {dagbag.py:541} INFO - Filling up the DagBag from /home/airflow/.local/lib/python3.7/site-packages/airflow/example_dags/example_latest_only.py
[2023-08-09T03:20:08.625+0000] {processor.py:836} INFO - DAG(s) dict_keys(['latest_only']) retrieved from /home/airflow/.local/lib/python3.7/site-packages/airflow/example_dags/example_latest_only.py
[2023-08-09T03:20:08.653+0000] {logging_mixin.py:150} INFO - [2023-08-09T03:20:08.652+0000] {dag.py:2742} INFO - Sync 1 DAGs
[2023-08-09T03:20:08.677+0000] {logging_mixin.py:150} INFO - [2023-08-09T03:20:08.677+0000] {dag.py:3508} INFO - Setting next_dagrun for latest_only to 2023-08-08T23:20:08.677113+00:00, run_after=2023-08-09T03:20:08.677113+00:00
[2023-08-09T03:20:08.693+0000] {processor.py:179} INFO - Processing /home/airflow/.local/lib/python3.7/site-packages/airflow/example_dags/example_latest_only.py took 0.080 seconds
[2023-08-09T03:20:39.285+0000] {processor.py:157} INFO - Started process (PID=1145) to work on /home/airflow/.local/lib/python3.7/site-packages/airflow/example_dags/example_latest_only.py
[2023-08-09T03:20:39.285+0000] {processor.py:826} INFO - Processing file /home/airflow/.local/lib/python3.7/site-packages/airflow/example_dags/example_latest_only.py for tasks to queue
[2023-08-09T03:20:39.288+0000] {logging_mixin.py:150} INFO - [2023-08-09T03:20:39.287+0000] {dagbag.py:541} INFO - Filling up the DagBag from /home/airflow/.local/lib/python3.7/site-packages/airflow/example_dags/example_latest_only.py
[2023-08-09T03:20:39.291+0000] {processor.py:836} INFO - DAG(s) dict_keys(['latest_only']) retrieved from /home/airflow/.local/lib/python3.7/site-packages/airflow/example_dags/example_latest_only.py
[2023-08-09T03:20:39.313+0000] {logging_mixin.py:150} INFO - [2023-08-09T03:20:39.312+0000] {dag.py:2742} INFO - Sync 1 DAGs
[2023-08-09T03:20:39.337+0000] {logging_mixin.py:150} INFO - [2023-08-09T03:20:39.337+0000] {dag.py:3508} INFO - Setting next_dagrun for latest_only to 2023-08-08T23:20:39.337291+00:00, run_after=2023-08-09T03:20:39.337291+00:00
[2023-08-09T03:20:39.357+0000] {processor.py:179} INFO - Processing /home/airflow/.local/lib/python3.7/site-packages/airflow/example_dags/example_latest_only.py took 0.075 seconds
[2023-08-09T03:21:09.522+0000] {processor.py:157} INFO - Started process (PID=1200) to work on /home/airflow/.local/lib/python3.7/site-packages/airflow/example_dags/example_latest_only.py
[2023-08-09T03:21:09.523+0000] {processor.py:826} INFO - Processing file /home/airflow/.local/lib/python3.7/site-packages/airflow/example_dags/example_latest_only.py for tasks to queue
[2023-08-09T03:21:09.525+0000] {logging_mixin.py:150} INFO - [2023-08-09T03:21:09.525+0000] {dagbag.py:541} INFO - Filling up the DagBag from /home/airflow/.local/lib/python3.7/site-packages/airflow/example_dags/example_latest_only.py
[2023-08-09T03:21:09.532+0000] {processor.py:836} INFO - DAG(s) dict_keys(['latest_only']) retrieved from /home/airflow/.local/lib/python3.7/site-packages/airflow/example_dags/example_latest_only.py
[2023-08-09T03:21:09.567+0000] {logging_mixin.py:150} INFO - [2023-08-09T03:21:09.567+0000] {dag.py:2742} INFO - Sync 1 DAGs
[2023-08-09T03:21:09.600+0000] {logging_mixin.py:150} INFO - [2023-08-09T03:21:09.600+0000] {dag.py:3508} INFO - Setting next_dagrun for latest_only to 2023-08-08T23:21:09.600544+00:00, run_after=2023-08-09T03:21:09.600544+00:00
[2023-08-09T03:21:09.617+0000] {processor.py:179} INFO - Processing /home/airflow/.local/lib/python3.7/site-packages/airflow/example_dags/example_latest_only.py took 0.101 seconds
[2023-08-09T03:21:39.794+0000] {processor.py:157} INFO - Started process (PID=1255) to work on /home/airflow/.local/lib/python3.7/site-packages/airflow/example_dags/example_latest_only.py
[2023-08-09T03:21:39.795+0000] {processor.py:826} INFO - Processing file /home/airflow/.local/lib/python3.7/site-packages/airflow/example_dags/example_latest_only.py for tasks to queue
[2023-08-09T03:21:39.797+0000] {logging_mixin.py:150} INFO - [2023-08-09T03:21:39.796+0000] {dagbag.py:541} INFO - Filling up the DagBag from /home/airflow/.local/lib/python3.7/site-packages/airflow/example_dags/example_latest_only.py
[2023-08-09T03:21:39.801+0000] {processor.py:836} INFO - DAG(s) dict_keys(['latest_only']) retrieved from /home/airflow/.local/lib/python3.7/site-packages/airflow/example_dags/example_latest_only.py
[2023-08-09T03:21:39.821+0000] {logging_mixin.py:150} INFO - [2023-08-09T03:21:39.820+0000] {dag.py:2742} INFO - Sync 1 DAGs
[2023-08-09T03:21:39.842+0000] {logging_mixin.py:150} INFO - [2023-08-09T03:21:39.842+0000] {dag.py:3508} INFO - Setting next_dagrun for latest_only to 2023-08-08T23:21:39.842482+00:00, run_after=2023-08-09T03:21:39.842482+00:00
[2023-08-09T03:21:39.858+0000] {processor.py:179} INFO - Processing /home/airflow/.local/lib/python3.7/site-packages/airflow/example_dags/example_latest_only.py took 0.069 seconds
[2023-08-09T03:22:09.967+0000] {processor.py:157} INFO - Started process (PID=1310) to work on /home/airflow/.local/lib/python3.7/site-packages/airflow/example_dags/example_latest_only.py
[2023-08-09T03:22:09.968+0000] {processor.py:826} INFO - Processing file /home/airflow/.local/lib/python3.7/site-packages/airflow/example_dags/example_latest_only.py for tasks to queue
[2023-08-09T03:22:09.970+0000] {logging_mixin.py:150} INFO - [2023-08-09T03:22:09.970+0000] {dagbag.py:541} INFO - Filling up the DagBag from /home/airflow/.local/lib/python3.7/site-packages/airflow/example_dags/example_latest_only.py
[2023-08-09T03:22:09.976+0000] {processor.py:836} INFO - DAG(s) dict_keys(['latest_only']) retrieved from /home/airflow/.local/lib/python3.7/site-packages/airflow/example_dags/example_latest_only.py
[2023-08-09T03:22:10.003+0000] {logging_mixin.py:150} INFO - [2023-08-09T03:22:10.002+0000] {dag.py:2742} INFO - Sync 1 DAGs
[2023-08-09T03:22:10.028+0000] {logging_mixin.py:150} INFO - [2023-08-09T03:22:10.028+0000] {dag.py:3508} INFO - Setting next_dagrun for latest_only to 2023-08-08T23:22:10.027814+00:00, run_after=2023-08-09T03:22:10.027814+00:00
[2023-08-09T03:22:10.047+0000] {processor.py:179} INFO - Processing /home/airflow/.local/lib/python3.7/site-packages/airflow/example_dags/example_latest_only.py took 0.085 seconds
[2023-08-09T03:22:40.160+0000] {processor.py:157} INFO - Started process (PID=1364) to work on /home/airflow/.local/lib/python3.7/site-packages/airflow/example_dags/example_latest_only.py
[2023-08-09T03:22:40.161+0000] {processor.py:826} INFO - Processing file /home/airflow/.local/lib/python3.7/site-packages/airflow/example_dags/example_latest_only.py for tasks to queue
[2023-08-09T03:22:40.162+0000] {logging_mixin.py:150} INFO - [2023-08-09T03:22:40.162+0000] {dagbag.py:541} INFO - Filling up the DagBag from /home/airflow/.local/lib/python3.7/site-packages/airflow/example_dags/example_latest_only.py
[2023-08-09T03:22:40.166+0000] {processor.py:836} INFO - DAG(s) dict_keys(['latest_only']) retrieved from /home/airflow/.local/lib/python3.7/site-packages/airflow/example_dags/example_latest_only.py
[2023-08-09T03:22:40.186+0000] {logging_mixin.py:150} INFO - [2023-08-09T03:22:40.185+0000] {dag.py:2742} INFO - Sync 1 DAGs
[2023-08-09T03:22:40.208+0000] {logging_mixin.py:150} INFO - [2023-08-09T03:22:40.208+0000] {dag.py:3508} INFO - Setting next_dagrun for latest_only to 2023-08-08T23:22:40.208018+00:00, run_after=2023-08-09T03:22:40.208018+00:00
[2023-08-09T03:22:40.225+0000] {processor.py:179} INFO - Processing /home/airflow/.local/lib/python3.7/site-packages/airflow/example_dags/example_latest_only.py took 0.068 seconds
[2023-08-09T03:23:10.443+0000] {processor.py:157} INFO - Started process (PID=1419) to work on /home/airflow/.local/lib/python3.7/site-packages/airflow/example_dags/example_latest_only.py
[2023-08-09T03:23:10.444+0000] {processor.py:826} INFO - Processing file /home/airflow/.local/lib/python3.7/site-packages/airflow/example_dags/example_latest_only.py for tasks to queue
[2023-08-09T03:23:10.446+0000] {logging_mixin.py:150} INFO - [2023-08-09T03:23:10.445+0000] {dagbag.py:541} INFO - Filling up the DagBag from /home/airflow/.local/lib/python3.7/site-packages/airflow/example_dags/example_latest_only.py
[2023-08-09T03:23:10.449+0000] {processor.py:836} INFO - DAG(s) dict_keys(['latest_only']) retrieved from /home/airflow/.local/lib/python3.7/site-packages/airflow/example_dags/example_latest_only.py
[2023-08-09T03:23:10.469+0000] {logging_mixin.py:150} INFO - [2023-08-09T03:23:10.469+0000] {dag.py:2742} INFO - Sync 1 DAGs
[2023-08-09T03:23:10.492+0000] {logging_mixin.py:150} INFO - [2023-08-09T03:23:10.491+0000] {dag.py:3508} INFO - Setting next_dagrun for latest_only to 2023-08-08T23:23:10.491668+00:00, run_after=2023-08-09T03:23:10.491668+00:00
[2023-08-09T03:23:10.507+0000] {processor.py:179} INFO - Processing /home/airflow/.local/lib/python3.7/site-packages/airflow/example_dags/example_latest_only.py took 0.067 seconds
[2023-08-09T03:23:40.718+0000] {processor.py:157} INFO - Started process (PID=1474) to work on /home/airflow/.local/lib/python3.7/site-packages/airflow/example_dags/example_latest_only.py
[2023-08-09T03:23:40.719+0000] {processor.py:826} INFO - Processing file /home/airflow/.local/lib/python3.7/site-packages/airflow/example_dags/example_latest_only.py for tasks to queue
[2023-08-09T03:23:40.722+0000] {logging_mixin.py:150} INFO - [2023-08-09T03:23:40.722+0000] {dagbag.py:541} INFO - Filling up the DagBag from /home/airflow/.local/lib/python3.7/site-packages/airflow/example_dags/example_latest_only.py
[2023-08-09T03:23:40.731+0000] {processor.py:836} INFO - DAG(s) dict_keys(['latest_only']) retrieved from /home/airflow/.local/lib/python3.7/site-packages/airflow/example_dags/example_latest_only.py
[2023-08-09T03:23:40.758+0000] {logging_mixin.py:150} INFO - [2023-08-09T03:23:40.758+0000] {dag.py:2742} INFO - Sync 1 DAGs
[2023-08-09T03:23:40.782+0000] {logging_mixin.py:150} INFO - [2023-08-09T03:23:40.782+0000] {dag.py:3508} INFO - Setting next_dagrun for latest_only to 2023-08-08T23:23:40.782119+00:00, run_after=2023-08-09T03:23:40.782119+00:00
[2023-08-09T03:23:40.802+0000] {processor.py:179} INFO - Processing /home/airflow/.local/lib/python3.7/site-packages/airflow/example_dags/example_latest_only.py took 0.088 seconds
[2023-08-09T03:24:10.984+0000] {processor.py:157} INFO - Started process (PID=1529) to work on /home/airflow/.local/lib/python3.7/site-packages/airflow/example_dags/example_latest_only.py
[2023-08-09T03:24:10.985+0000] {processor.py:826} INFO - Processing file /home/airflow/.local/lib/python3.7/site-packages/airflow/example_dags/example_latest_only.py for tasks to queue
[2023-08-09T03:24:10.987+0000] {logging_mixin.py:150} INFO - [2023-08-09T03:24:10.987+0000] {dagbag.py:541} INFO - Filling up the DagBag from /home/airflow/.local/lib/python3.7/site-packages/airflow/example_dags/example_latest_only.py
[2023-08-09T03:24:10.991+0000] {processor.py:836} INFO - DAG(s) dict_keys(['latest_only']) retrieved from /home/airflow/.local/lib/python3.7/site-packages/airflow/example_dags/example_latest_only.py
[2023-08-09T03:24:11.016+0000] {logging_mixin.py:150} INFO - [2023-08-09T03:24:11.015+0000] {dag.py:2742} INFO - Sync 1 DAGs
[2023-08-09T03:24:11.053+0000] {logging_mixin.py:150} INFO - [2023-08-09T03:24:11.053+0000] {dag.py:3508} INFO - Setting next_dagrun for latest_only to 2023-08-08T23:24:11.053408+00:00, run_after=2023-08-09T03:24:11.053408+00:00
[2023-08-09T03:24:11.078+0000] {processor.py:179} INFO - Processing /home/airflow/.local/lib/python3.7/site-packages/airflow/example_dags/example_latest_only.py took 0.096 seconds
[2023-08-09T03:24:41.128+0000] {processor.py:157} INFO - Started process (PID=1584) to work on /home/airflow/.local/lib/python3.7/site-packages/airflow/example_dags/example_latest_only.py
[2023-08-09T03:24:41.129+0000] {processor.py:826} INFO - Processing file /home/airflow/.local/lib/python3.7/site-packages/airflow/example_dags/example_latest_only.py for tasks to queue
[2023-08-09T03:24:41.131+0000] {logging_mixin.py:150} INFO - [2023-08-09T03:24:41.131+0000] {dagbag.py:541} INFO - Filling up the DagBag from /home/airflow/.local/lib/python3.7/site-packages/airflow/example_dags/example_latest_only.py
[2023-08-09T03:24:41.138+0000] {processor.py:836} INFO - DAG(s) dict_keys(['latest_only']) retrieved from /home/airflow/.local/lib/python3.7/site-packages/airflow/example_dags/example_latest_only.py
[2023-08-09T03:24:41.176+0000] {logging_mixin.py:150} INFO - [2023-08-09T03:24:41.175+0000] {dag.py:2742} INFO - Sync 1 DAGs
[2023-08-09T03:24:41.210+0000] {logging_mixin.py:150} INFO - [2023-08-09T03:24:41.210+0000] {dag.py:3508} INFO - Setting next_dagrun for latest_only to 2023-08-08T23:24:41.210325+00:00, run_after=2023-08-09T03:24:41.210325+00:00
[2023-08-09T03:24:41.227+0000] {processor.py:179} INFO - Processing /home/airflow/.local/lib/python3.7/site-packages/airflow/example_dags/example_latest_only.py took 0.104 seconds
[2023-08-09T03:25:11.391+0000] {processor.py:157} INFO - Started process (PID=1638) to work on /home/airflow/.local/lib/python3.7/site-packages/airflow/example_dags/example_latest_only.py
[2023-08-09T03:25:11.392+0000] {processor.py:826} INFO - Processing file /home/airflow/.local/lib/python3.7/site-packages/airflow/example_dags/example_latest_only.py for tasks to queue
[2023-08-09T03:25:11.394+0000] {logging_mixin.py:150} INFO - [2023-08-09T03:25:11.394+0000] {dagbag.py:541} INFO - Filling up the DagBag from /home/airflow/.local/lib/python3.7/site-packages/airflow/example_dags/example_latest_only.py
[2023-08-09T03:25:11.398+0000] {processor.py:836} INFO - DAG(s) dict_keys(['latest_only']) retrieved from /home/airflow/.local/lib/python3.7/site-packages/airflow/example_dags/example_latest_only.py
[2023-08-09T03:25:11.418+0000] {logging_mixin.py:150} INFO - [2023-08-09T03:25:11.418+0000] {dag.py:2742} INFO - Sync 1 DAGs
[2023-08-09T03:25:11.440+0000] {logging_mixin.py:150} INFO - [2023-08-09T03:25:11.440+0000] {dag.py:3508} INFO - Setting next_dagrun for latest_only to 2023-08-08T23:25:11.440133+00:00, run_after=2023-08-09T03:25:11.440133+00:00
[2023-08-09T03:25:11.459+0000] {processor.py:179} INFO - Processing /home/airflow/.local/lib/python3.7/site-packages/airflow/example_dags/example_latest_only.py took 0.071 seconds
[2023-08-09T03:25:41.779+0000] {processor.py:157} INFO - Started process (PID=1693) to work on /home/airflow/.local/lib/python3.7/site-packages/airflow/example_dags/example_latest_only.py
[2023-08-09T03:25:41.780+0000] {processor.py:826} INFO - Processing file /home/airflow/.local/lib/python3.7/site-packages/airflow/example_dags/example_latest_only.py for tasks to queue
[2023-08-09T03:25:41.782+0000] {logging_mixin.py:150} INFO - [2023-08-09T03:25:41.781+0000] {dagbag.py:541} INFO - Filling up the DagBag from /home/airflow/.local/lib/python3.7/site-packages/airflow/example_dags/example_latest_only.py
[2023-08-09T03:25:41.786+0000] {processor.py:836} INFO - DAG(s) dict_keys(['latest_only']) retrieved from /home/airflow/.local/lib/python3.7/site-packages/airflow/example_dags/example_latest_only.py
[2023-08-09T03:25:41.806+0000] {logging_mixin.py:150} INFO - [2023-08-09T03:25:41.805+0000] {dag.py:2742} INFO - Sync 1 DAGs
[2023-08-09T03:25:41.829+0000] {logging_mixin.py:150} INFO - [2023-08-09T03:25:41.829+0000] {dag.py:3508} INFO - Setting next_dagrun for latest_only to 2023-08-08T23:25:41.828997+00:00, run_after=2023-08-09T03:25:41.828997+00:00
[2023-08-09T03:25:41.844+0000] {processor.py:179} INFO - Processing /home/airflow/.local/lib/python3.7/site-packages/airflow/example_dags/example_latest_only.py took 0.067 seconds
[2023-08-09T03:26:12.052+0000] {processor.py:157} INFO - Started process (PID=1747) to work on /home/airflow/.local/lib/python3.7/site-packages/airflow/example_dags/example_latest_only.py
[2023-08-09T03:26:12.052+0000] {processor.py:826} INFO - Processing file /home/airflow/.local/lib/python3.7/site-packages/airflow/example_dags/example_latest_only.py for tasks to queue
[2023-08-09T03:26:12.055+0000] {logging_mixin.py:150} INFO - [2023-08-09T03:26:12.055+0000] {dagbag.py:541} INFO - Filling up the DagBag from /home/airflow/.local/lib/python3.7/site-packages/airflow/example_dags/example_latest_only.py
[2023-08-09T03:26:12.059+0000] {processor.py:836} INFO - DAG(s) dict_keys(['latest_only']) retrieved from /home/airflow/.local/lib/python3.7/site-packages/airflow/example_dags/example_latest_only.py
[2023-08-09T03:26:12.086+0000] {logging_mixin.py:150} INFO - [2023-08-09T03:26:12.085+0000] {dag.py:2742} INFO - Sync 1 DAGs
[2023-08-09T03:26:12.121+0000] {logging_mixin.py:150} INFO - [2023-08-09T03:26:12.121+0000] {dag.py:3508} INFO - Setting next_dagrun for latest_only to 2023-08-08T23:26:12.121422+00:00, run_after=2023-08-09T03:26:12.121422+00:00
[2023-08-09T03:26:12.147+0000] {processor.py:179} INFO - Processing /home/airflow/.local/lib/python3.7/site-packages/airflow/example_dags/example_latest_only.py took 0.098 seconds
[2023-08-09T03:26:42.184+0000] {processor.py:157} INFO - Started process (PID=1802) to work on /home/airflow/.local/lib/python3.7/site-packages/airflow/example_dags/example_latest_only.py
[2023-08-09T03:26:42.185+0000] {processor.py:826} INFO - Processing file /home/airflow/.local/lib/python3.7/site-packages/airflow/example_dags/example_latest_only.py for tasks to queue
[2023-08-09T03:26:42.188+0000] {logging_mixin.py:150} INFO - [2023-08-09T03:26:42.187+0000] {dagbag.py:541} INFO - Filling up the DagBag from /home/airflow/.local/lib/python3.7/site-packages/airflow/example_dags/example_latest_only.py
[2023-08-09T03:26:42.193+0000] {processor.py:836} INFO - DAG(s) dict_keys(['latest_only']) retrieved from /home/airflow/.local/lib/python3.7/site-packages/airflow/example_dags/example_latest_only.py
[2023-08-09T03:26:42.216+0000] {logging_mixin.py:150} INFO - [2023-08-09T03:26:42.215+0000] {dag.py:2742} INFO - Sync 1 DAGs
[2023-08-09T03:26:42.240+0000] {logging_mixin.py:150} INFO - [2023-08-09T03:26:42.240+0000] {dag.py:3508} INFO - Setting next_dagrun for latest_only to 2023-08-08T23:26:42.240243+00:00, run_after=2023-08-09T03:26:42.240243+00:00
[2023-08-09T03:26:42.256+0000] {processor.py:179} INFO - Processing /home/airflow/.local/lib/python3.7/site-packages/airflow/example_dags/example_latest_only.py took 0.076 seconds
[2023-08-09T03:27:12.465+0000] {processor.py:157} INFO - Started process (PID=1856) to work on /home/airflow/.local/lib/python3.7/site-packages/airflow/example_dags/example_latest_only.py
[2023-08-09T03:27:12.466+0000] {processor.py:826} INFO - Processing file /home/airflow/.local/lib/python3.7/site-packages/airflow/example_dags/example_latest_only.py for tasks to queue
[2023-08-09T03:27:12.468+0000] {logging_mixin.py:150} INFO - [2023-08-09T03:27:12.468+0000] {dagbag.py:541} INFO - Filling up the DagBag from /home/airflow/.local/lib/python3.7/site-packages/airflow/example_dags/example_latest_only.py
[2023-08-09T03:27:12.472+0000] {processor.py:836} INFO - DAG(s) dict_keys(['latest_only']) retrieved from /home/airflow/.local/lib/python3.7/site-packages/airflow/example_dags/example_latest_only.py
[2023-08-09T03:27:12.492+0000] {logging_mixin.py:150} INFO - [2023-08-09T03:27:12.492+0000] {dag.py:2742} INFO - Sync 1 DAGs
[2023-08-09T03:27:12.518+0000] {logging_mixin.py:150} INFO - [2023-08-09T03:27:12.517+0000] {dag.py:3508} INFO - Setting next_dagrun for latest_only to 2023-08-08T23:27:12.517774+00:00, run_after=2023-08-09T03:27:12.517774+00:00
[2023-08-09T03:27:12.535+0000] {processor.py:179} INFO - Processing /home/airflow/.local/lib/python3.7/site-packages/airflow/example_dags/example_latest_only.py took 0.073 seconds
[2023-08-09T03:27:42.852+0000] {processor.py:157} INFO - Started process (PID=1911) to work on /home/airflow/.local/lib/python3.7/site-packages/airflow/example_dags/example_latest_only.py
[2023-08-09T03:27:42.852+0000] {processor.py:826} INFO - Processing file /home/airflow/.local/lib/python3.7/site-packages/airflow/example_dags/example_latest_only.py for tasks to queue
[2023-08-09T03:27:42.854+0000] {logging_mixin.py:150} INFO - [2023-08-09T03:27:42.854+0000] {dagbag.py:541} INFO - Filling up the DagBag from /home/airflow/.local/lib/python3.7/site-packages/airflow/example_dags/example_latest_only.py
[2023-08-09T03:27:42.858+0000] {processor.py:836} INFO - DAG(s) dict_keys(['latest_only']) retrieved from /home/airflow/.local/lib/python3.7/site-packages/airflow/example_dags/example_latest_only.py
[2023-08-09T03:27:42.880+0000] {logging_mixin.py:150} INFO - [2023-08-09T03:27:42.879+0000] {dag.py:2742} INFO - Sync 1 DAGs
[2023-08-09T03:27:42.903+0000] {logging_mixin.py:150} INFO - [2023-08-09T03:27:42.903+0000] {dag.py:3508} INFO - Setting next_dagrun for latest_only to 2023-08-08T23:27:42.903474+00:00, run_after=2023-08-09T03:27:42.903474+00:00
[2023-08-09T03:27:42.919+0000] {processor.py:179} INFO - Processing /home/airflow/.local/lib/python3.7/site-packages/airflow/example_dags/example_latest_only.py took 0.070 seconds
[2023-08-09T03:28:13.146+0000] {processor.py:157} INFO - Started process (PID=1966) to work on /home/airflow/.local/lib/python3.7/site-packages/airflow/example_dags/example_latest_only.py
[2023-08-09T03:28:13.146+0000] {processor.py:826} INFO - Processing file /home/airflow/.local/lib/python3.7/site-packages/airflow/example_dags/example_latest_only.py for tasks to queue
[2023-08-09T03:28:13.148+0000] {logging_mixin.py:150} INFO - [2023-08-09T03:28:13.148+0000] {dagbag.py:541} INFO - Filling up the DagBag from /home/airflow/.local/lib/python3.7/site-packages/airflow/example_dags/example_latest_only.py
[2023-08-09T03:28:13.153+0000] {processor.py:836} INFO - DAG(s) dict_keys(['latest_only']) retrieved from /home/airflow/.local/lib/python3.7/site-packages/airflow/example_dags/example_latest_only.py
[2023-08-09T03:28:13.173+0000] {logging_mixin.py:150} INFO - [2023-08-09T03:28:13.172+0000] {dag.py:2742} INFO - Sync 1 DAGs
[2023-08-09T03:28:13.197+0000] {logging_mixin.py:150} INFO - [2023-08-09T03:28:13.197+0000] {dag.py:3508} INFO - Setting next_dagrun for latest_only to 2023-08-08T23:28:13.197006+00:00, run_after=2023-08-09T03:28:13.197006+00:00
[2023-08-09T03:28:13.218+0000] {processor.py:179} INFO - Processing /home/airflow/.local/lib/python3.7/site-packages/airflow/example_dags/example_latest_only.py took 0.075 seconds
[2023-08-09T03:28:43.365+0000] {processor.py:157} INFO - Started process (PID=2022) to work on /home/airflow/.local/lib/python3.7/site-packages/airflow/example_dags/example_latest_only.py
[2023-08-09T03:28:43.365+0000] {processor.py:826} INFO - Processing file /home/airflow/.local/lib/python3.7/site-packages/airflow/example_dags/example_latest_only.py for tasks to queue
[2023-08-09T03:28:43.367+0000] {logging_mixin.py:150} INFO - [2023-08-09T03:28:43.367+0000] {dagbag.py:541} INFO - Filling up the DagBag from /home/airflow/.local/lib/python3.7/site-packages/airflow/example_dags/example_latest_only.py
[2023-08-09T03:28:43.371+0000] {processor.py:836} INFO - DAG(s) dict_keys(['latest_only']) retrieved from /home/airflow/.local/lib/python3.7/site-packages/airflow/example_dags/example_latest_only.py
[2023-08-09T03:28:43.393+0000] {logging_mixin.py:150} INFO - [2023-08-09T03:28:43.392+0000] {dag.py:2742} INFO - Sync 1 DAGs
[2023-08-09T03:28:43.418+0000] {logging_mixin.py:150} INFO - [2023-08-09T03:28:43.417+0000] {dag.py:3508} INFO - Setting next_dagrun for latest_only to 2023-08-08T23:28:43.417656+00:00, run_after=2023-08-09T03:28:43.417656+00:00
[2023-08-09T03:28:43.433+0000] {processor.py:179} INFO - Processing /home/airflow/.local/lib/python3.7/site-packages/airflow/example_dags/example_latest_only.py took 0.071 seconds
[2023-08-09T03:29:13.883+0000] {processor.py:157} INFO - Started process (PID=2077) to work on /home/airflow/.local/lib/python3.7/site-packages/airflow/example_dags/example_latest_only.py
[2023-08-09T03:29:13.884+0000] {processor.py:826} INFO - Processing file /home/airflow/.local/lib/python3.7/site-packages/airflow/example_dags/example_latest_only.py for tasks to queue
[2023-08-09T03:29:13.886+0000] {logging_mixin.py:150} INFO - [2023-08-09T03:29:13.886+0000] {dagbag.py:541} INFO - Filling up the DagBag from /home/airflow/.local/lib/python3.7/site-packages/airflow/example_dags/example_latest_only.py
[2023-08-09T03:29:13.891+0000] {processor.py:836} INFO - DAG(s) dict_keys(['latest_only']) retrieved from /home/airflow/.local/lib/python3.7/site-packages/airflow/example_dags/example_latest_only.py
[2023-08-09T03:29:13.913+0000] {logging_mixin.py:150} INFO - [2023-08-09T03:29:13.913+0000] {dag.py:2742} INFO - Sync 1 DAGs
[2023-08-09T03:29:13.940+0000] {logging_mixin.py:150} INFO - [2023-08-09T03:29:13.940+0000] {dag.py:3508} INFO - Setting next_dagrun for latest_only to 2023-08-08T23:29:13.939955+00:00, run_after=2023-08-09T03:29:13.939955+00:00
[2023-08-09T03:29:13.965+0000] {processor.py:179} INFO - Processing /home/airflow/.local/lib/python3.7/site-packages/airflow/example_dags/example_latest_only.py took 0.085 seconds
[2023-08-09T03:29:44.050+0000] {processor.py:157} INFO - Started process (PID=2132) to work on /home/airflow/.local/lib/python3.7/site-packages/airflow/example_dags/example_latest_only.py
[2023-08-09T03:29:44.051+0000] {processor.py:826} INFO - Processing file /home/airflow/.local/lib/python3.7/site-packages/airflow/example_dags/example_latest_only.py for tasks to queue
[2023-08-09T03:29:44.053+0000] {logging_mixin.py:150} INFO - [2023-08-09T03:29:44.052+0000] {dagbag.py:541} INFO - Filling up the DagBag from /home/airflow/.local/lib/python3.7/site-packages/airflow/example_dags/example_latest_only.py
[2023-08-09T03:29:44.062+0000] {processor.py:836} INFO - DAG(s) dict_keys(['latest_only']) retrieved from /home/airflow/.local/lib/python3.7/site-packages/airflow/example_dags/example_latest_only.py
[2023-08-09T03:29:44.090+0000] {logging_mixin.py:150} INFO - [2023-08-09T03:29:44.090+0000] {dag.py:2742} INFO - Sync 1 DAGs
[2023-08-09T03:29:44.115+0000] {logging_mixin.py:150} INFO - [2023-08-09T03:29:44.115+0000] {dag.py:3508} INFO - Setting next_dagrun for latest_only to 2023-08-08T23:29:44.115444+00:00, run_after=2023-08-09T03:29:44.115444+00:00
[2023-08-09T03:29:44.133+0000] {processor.py:179} INFO - Processing /home/airflow/.local/lib/python3.7/site-packages/airflow/example_dags/example_latest_only.py took 0.088 seconds
[2023-08-09T03:30:14.912+0000] {processor.py:157} INFO - Started process (PID=2187) to work on /home/airflow/.local/lib/python3.7/site-packages/airflow/example_dags/example_latest_only.py
[2023-08-09T03:30:14.913+0000] {processor.py:826} INFO - Processing file /home/airflow/.local/lib/python3.7/site-packages/airflow/example_dags/example_latest_only.py for tasks to queue
[2023-08-09T03:30:14.914+0000] {logging_mixin.py:150} INFO - [2023-08-09T03:30:14.914+0000] {dagbag.py:541} INFO - Filling up the DagBag from /home/airflow/.local/lib/python3.7/site-packages/airflow/example_dags/example_latest_only.py
[2023-08-09T03:30:14.921+0000] {processor.py:836} INFO - DAG(s) dict_keys(['latest_only']) retrieved from /home/airflow/.local/lib/python3.7/site-packages/airflow/example_dags/example_latest_only.py
[2023-08-09T03:30:14.946+0000] {logging_mixin.py:150} INFO - [2023-08-09T03:30:14.946+0000] {dag.py:2742} INFO - Sync 1 DAGs
[2023-08-09T03:30:14.971+0000] {logging_mixin.py:150} INFO - [2023-08-09T03:30:14.971+0000] {dag.py:3508} INFO - Setting next_dagrun for latest_only to 2023-08-08T23:30:14.971128+00:00, run_after=2023-08-09T03:30:14.971128+00:00
[2023-08-09T03:30:14.987+0000] {processor.py:179} INFO - Processing /home/airflow/.local/lib/python3.7/site-packages/airflow/example_dags/example_latest_only.py took 0.079 seconds
[2023-08-09T03:30:45.225+0000] {processor.py:157} INFO - Started process (PID=2243) to work on /home/airflow/.local/lib/python3.7/site-packages/airflow/example_dags/example_latest_only.py
[2023-08-09T03:30:45.226+0000] {processor.py:826} INFO - Processing file /home/airflow/.local/lib/python3.7/site-packages/airflow/example_dags/example_latest_only.py for tasks to queue
[2023-08-09T03:30:45.226+0000] {logging_mixin.py:150} INFO - [2023-08-09T03:30:45.226+0000] {dagbag.py:541} INFO - Filling up the DagBag from /home/airflow/.local/lib/python3.7/site-packages/airflow/example_dags/example_latest_only.py
[2023-08-09T03:30:45.231+0000] {processor.py:836} INFO - DAG(s) dict_keys(['latest_only']) retrieved from /home/airflow/.local/lib/python3.7/site-packages/airflow/example_dags/example_latest_only.py
[2023-08-09T03:30:45.256+0000] {logging_mixin.py:150} INFO - [2023-08-09T03:30:45.256+0000] {dag.py:2742} INFO - Sync 1 DAGs
[2023-08-09T03:30:45.288+0000] {logging_mixin.py:150} INFO - [2023-08-09T03:30:45.288+0000] {dag.py:3508} INFO - Setting next_dagrun for latest_only to 2023-08-08T23:30:45.288472+00:00, run_after=2023-08-09T03:30:45.288472+00:00
[2023-08-09T03:30:45.304+0000] {processor.py:179} INFO - Processing /home/airflow/.local/lib/python3.7/site-packages/airflow/example_dags/example_latest_only.py took 0.081 seconds
[2023-08-09T03:31:15.615+0000] {processor.py:157} INFO - Started process (PID=2300) to work on /home/airflow/.local/lib/python3.7/site-packages/airflow/example_dags/example_latest_only.py
[2023-08-09T03:31:15.615+0000] {processor.py:826} INFO - Processing file /home/airflow/.local/lib/python3.7/site-packages/airflow/example_dags/example_latest_only.py for tasks to queue
[2023-08-09T03:31:15.616+0000] {logging_mixin.py:150} INFO - [2023-08-09T03:31:15.616+0000] {dagbag.py:541} INFO - Filling up the DagBag from /home/airflow/.local/lib/python3.7/site-packages/airflow/example_dags/example_latest_only.py
[2023-08-09T03:31:15.621+0000] {processor.py:836} INFO - DAG(s) dict_keys(['latest_only']) retrieved from /home/airflow/.local/lib/python3.7/site-packages/airflow/example_dags/example_latest_only.py
[2023-08-09T03:31:15.654+0000] {logging_mixin.py:150} INFO - [2023-08-09T03:31:15.654+0000] {dag.py:2742} INFO - Sync 1 DAGs
[2023-08-09T03:31:15.689+0000] {logging_mixin.py:150} INFO - [2023-08-09T03:31:15.688+0000] {dag.py:3508} INFO - Setting next_dagrun for latest_only to 2023-08-08T23:31:15.688710+00:00, run_after=2023-08-09T03:31:15.688710+00:00
[2023-08-09T03:31:15.708+0000] {processor.py:179} INFO - Processing /home/airflow/.local/lib/python3.7/site-packages/airflow/example_dags/example_latest_only.py took 0.096 seconds
[2023-08-09T03:31:46.771+0000] {processor.py:157} INFO - Started process (PID=2356) to work on /home/airflow/.local/lib/python3.7/site-packages/airflow/example_dags/example_latest_only.py
[2023-08-09T03:31:46.772+0000] {processor.py:826} INFO - Processing file /home/airflow/.local/lib/python3.7/site-packages/airflow/example_dags/example_latest_only.py for tasks to queue
[2023-08-09T03:31:46.773+0000] {logging_mixin.py:150} INFO - [2023-08-09T03:31:46.772+0000] {dagbag.py:541} INFO - Filling up the DagBag from /home/airflow/.local/lib/python3.7/site-packages/airflow/example_dags/example_latest_only.py
[2023-08-09T03:31:46.778+0000] {processor.py:836} INFO - DAG(s) dict_keys(['latest_only']) retrieved from /home/airflow/.local/lib/python3.7/site-packages/airflow/example_dags/example_latest_only.py
[2023-08-09T03:31:46.805+0000] {logging_mixin.py:150} INFO - [2023-08-09T03:31:46.804+0000] {dag.py:2742} INFO - Sync 1 DAGs
[2023-08-09T03:31:46.843+0000] {logging_mixin.py:150} INFO - [2023-08-09T03:31:46.843+0000] {dag.py:3508} INFO - Setting next_dagrun for latest_only to 2023-08-08T23:31:46.843346+00:00, run_after=2023-08-09T03:31:46.843346+00:00
[2023-08-09T03:31:46.869+0000] {processor.py:179} INFO - Processing /home/airflow/.local/lib/python3.7/site-packages/airflow/example_dags/example_latest_only.py took 0.101 seconds
[2023-08-09T03:32:17.323+0000] {processor.py:157} INFO - Started process (PID=2411) to work on /home/airflow/.local/lib/python3.7/site-packages/airflow/example_dags/example_latest_only.py
[2023-08-09T03:32:17.324+0000] {processor.py:826} INFO - Processing file /home/airflow/.local/lib/python3.7/site-packages/airflow/example_dags/example_latest_only.py for tasks to queue
[2023-08-09T03:32:17.325+0000] {logging_mixin.py:150} INFO - [2023-08-09T03:32:17.324+0000] {dagbag.py:541} INFO - Filling up the DagBag from /home/airflow/.local/lib/python3.7/site-packages/airflow/example_dags/example_latest_only.py
[2023-08-09T03:32:17.331+0000] {processor.py:836} INFO - DAG(s) dict_keys(['latest_only']) retrieved from /home/airflow/.local/lib/python3.7/site-packages/airflow/example_dags/example_latest_only.py
[2023-08-09T03:32:17.361+0000] {logging_mixin.py:150} INFO - [2023-08-09T03:32:17.361+0000] {dag.py:2742} INFO - Sync 1 DAGs
[2023-08-09T03:32:17.388+0000] {logging_mixin.py:150} INFO - [2023-08-09T03:32:17.388+0000] {dag.py:3508} INFO - Setting next_dagrun for latest_only to 2023-08-08T23:32:17.388316+00:00, run_after=2023-08-09T03:32:17.388316+00:00
[2023-08-09T03:32:17.406+0000] {processor.py:179} INFO - Processing /home/airflow/.local/lib/python3.7/site-packages/airflow/example_dags/example_latest_only.py took 0.087 seconds
[2023-08-09T03:32:47.483+0000] {processor.py:157} INFO - Started process (PID=2468) to work on /home/airflow/.local/lib/python3.7/site-packages/airflow/example_dags/example_latest_only.py
[2023-08-09T03:32:47.484+0000] {processor.py:826} INFO - Processing file /home/airflow/.local/lib/python3.7/site-packages/airflow/example_dags/example_latest_only.py for tasks to queue
[2023-08-09T03:32:47.485+0000] {logging_mixin.py:150} INFO - [2023-08-09T03:32:47.485+0000] {dagbag.py:541} INFO - Filling up the DagBag from /home/airflow/.local/lib/python3.7/site-packages/airflow/example_dags/example_latest_only.py
[2023-08-09T03:32:47.490+0000] {processor.py:836} INFO - DAG(s) dict_keys(['latest_only']) retrieved from /home/airflow/.local/lib/python3.7/site-packages/airflow/example_dags/example_latest_only.py
[2023-08-09T03:32:47.515+0000] {logging_mixin.py:150} INFO - [2023-08-09T03:32:47.514+0000] {dag.py:2742} INFO - Sync 1 DAGs
[2023-08-09T03:32:47.543+0000] {logging_mixin.py:150} INFO - [2023-08-09T03:32:47.542+0000] {dag.py:3508} INFO - Setting next_dagrun for latest_only to 2023-08-08T23:32:47.542385+00:00, run_after=2023-08-09T03:32:47.542385+00:00
[2023-08-09T03:32:47.564+0000] {processor.py:179} INFO - Processing /home/airflow/.local/lib/python3.7/site-packages/airflow/example_dags/example_latest_only.py took 0.083 seconds
[2023-08-09T03:33:17.830+0000] {processor.py:157} INFO - Started process (PID=2522) to work on /home/airflow/.local/lib/python3.7/site-packages/airflow/example_dags/example_latest_only.py
[2023-08-09T03:33:17.831+0000] {processor.py:826} INFO - Processing file /home/airflow/.local/lib/python3.7/site-packages/airflow/example_dags/example_latest_only.py for tasks to queue
[2023-08-09T03:33:17.831+0000] {logging_mixin.py:150} INFO - [2023-08-09T03:33:17.831+0000] {dagbag.py:541} INFO - Filling up the DagBag from /home/airflow/.local/lib/python3.7/site-packages/airflow/example_dags/example_latest_only.py
[2023-08-09T03:33:17.836+0000] {processor.py:836} INFO - DAG(s) dict_keys(['latest_only']) retrieved from /home/airflow/.local/lib/python3.7/site-packages/airflow/example_dags/example_latest_only.py
[2023-08-09T03:33:17.860+0000] {logging_mixin.py:150} INFO - [2023-08-09T03:33:17.860+0000] {dag.py:2742} INFO - Sync 1 DAGs
[2023-08-09T03:33:17.886+0000] {logging_mixin.py:150} INFO - [2023-08-09T03:33:17.886+0000] {dag.py:3508} INFO - Setting next_dagrun for latest_only to 2023-08-08T23:33:17.886543+00:00, run_after=2023-08-09T03:33:17.886543+00:00
[2023-08-09T03:33:17.903+0000] {processor.py:179} INFO - Processing /home/airflow/.local/lib/python3.7/site-packages/airflow/example_dags/example_latest_only.py took 0.075 seconds
[2023-08-09T03:33:48.158+0000] {processor.py:157} INFO - Started process (PID=2577) to work on /home/airflow/.local/lib/python3.7/site-packages/airflow/example_dags/example_latest_only.py
[2023-08-09T03:33:48.160+0000] {processor.py:826} INFO - Processing file /home/airflow/.local/lib/python3.7/site-packages/airflow/example_dags/example_latest_only.py for tasks to queue
[2023-08-09T03:33:48.168+0000] {logging_mixin.py:150} INFO - [2023-08-09T03:33:48.167+0000] {dagbag.py:541} INFO - Filling up the DagBag from /home/airflow/.local/lib/python3.7/site-packages/airflow/example_dags/example_latest_only.py
[2023-08-09T03:33:48.184+0000] {processor.py:836} INFO - DAG(s) dict_keys(['latest_only']) retrieved from /home/airflow/.local/lib/python3.7/site-packages/airflow/example_dags/example_latest_only.py
[2023-08-09T03:33:48.210+0000] {logging_mixin.py:150} INFO - [2023-08-09T03:33:48.210+0000] {dag.py:2742} INFO - Sync 1 DAGs
[2023-08-09T03:33:48.236+0000] {logging_mixin.py:150} INFO - [2023-08-09T03:33:48.236+0000] {dag.py:3508} INFO - Setting next_dagrun for latest_only to 2023-08-08T23:33:48.236351+00:00, run_after=2023-08-09T03:33:48.236351+00:00
[2023-08-09T03:33:48.259+0000] {processor.py:179} INFO - Processing /home/airflow/.local/lib/python3.7/site-packages/airflow/example_dags/example_latest_only.py took 0.107 seconds
[2023-08-09T03:34:18.378+0000] {processor.py:157} INFO - Started process (PID=2633) to work on /home/airflow/.local/lib/python3.7/site-packages/airflow/example_dags/example_latest_only.py
[2023-08-09T03:34:18.378+0000] {processor.py:826} INFO - Processing file /home/airflow/.local/lib/python3.7/site-packages/airflow/example_dags/example_latest_only.py for tasks to queue
[2023-08-09T03:34:18.379+0000] {logging_mixin.py:150} INFO - [2023-08-09T03:34:18.379+0000] {dagbag.py:541} INFO - Filling up the DagBag from /home/airflow/.local/lib/python3.7/site-packages/airflow/example_dags/example_latest_only.py
[2023-08-09T03:34:18.383+0000] {processor.py:836} INFO - DAG(s) dict_keys(['latest_only']) retrieved from /home/airflow/.local/lib/python3.7/site-packages/airflow/example_dags/example_latest_only.py
[2023-08-09T03:34:18.408+0000] {logging_mixin.py:150} INFO - [2023-08-09T03:34:18.408+0000] {dag.py:2742} INFO - Sync 1 DAGs
[2023-08-09T03:34:18.433+0000] {logging_mixin.py:150} INFO - [2023-08-09T03:34:18.433+0000] {dag.py:3508} INFO - Setting next_dagrun for latest_only to 2023-08-08T23:34:18.433205+00:00, run_after=2023-08-09T03:34:18.433205+00:00
[2023-08-09T03:34:18.456+0000] {processor.py:179} INFO - Processing /home/airflow/.local/lib/python3.7/site-packages/airflow/example_dags/example_latest_only.py took 0.081 seconds
[2023-08-09T03:34:48.619+0000] {processor.py:157} INFO - Started process (PID=2688) to work on /home/airflow/.local/lib/python3.7/site-packages/airflow/example_dags/example_latest_only.py
[2023-08-09T03:34:48.620+0000] {processor.py:826} INFO - Processing file /home/airflow/.local/lib/python3.7/site-packages/airflow/example_dags/example_latest_only.py for tasks to queue
[2023-08-09T03:34:48.620+0000] {logging_mixin.py:150} INFO - [2023-08-09T03:34:48.620+0000] {dagbag.py:541} INFO - Filling up the DagBag from /home/airflow/.local/lib/python3.7/site-packages/airflow/example_dags/example_latest_only.py
[2023-08-09T03:34:48.625+0000] {processor.py:836} INFO - DAG(s) dict_keys(['latest_only']) retrieved from /home/airflow/.local/lib/python3.7/site-packages/airflow/example_dags/example_latest_only.py
[2023-08-09T03:34:48.651+0000] {logging_mixin.py:150} INFO - [2023-08-09T03:34:48.651+0000] {dag.py:2742} INFO - Sync 1 DAGs
[2023-08-09T03:34:48.679+0000] {logging_mixin.py:150} INFO - [2023-08-09T03:34:48.679+0000] {dag.py:3508} INFO - Setting next_dagrun for latest_only to 2023-08-08T23:34:48.679592+00:00, run_after=2023-08-09T03:34:48.679592+00:00
[2023-08-09T03:34:48.696+0000] {processor.py:179} INFO - Processing /home/airflow/.local/lib/python3.7/site-packages/airflow/example_dags/example_latest_only.py took 0.080 seconds
[2023-08-09T03:35:18.822+0000] {processor.py:157} INFO - Started process (PID=2743) to work on /home/airflow/.local/lib/python3.7/site-packages/airflow/example_dags/example_latest_only.py
[2023-08-09T03:35:18.823+0000] {processor.py:826} INFO - Processing file /home/airflow/.local/lib/python3.7/site-packages/airflow/example_dags/example_latest_only.py for tasks to queue
[2023-08-09T03:35:18.824+0000] {logging_mixin.py:150} INFO - [2023-08-09T03:35:18.824+0000] {dagbag.py:541} INFO - Filling up the DagBag from /home/airflow/.local/lib/python3.7/site-packages/airflow/example_dags/example_latest_only.py
[2023-08-09T03:35:18.830+0000] {processor.py:836} INFO - DAG(s) dict_keys(['latest_only']) retrieved from /home/airflow/.local/lib/python3.7/site-packages/airflow/example_dags/example_latest_only.py
[2023-08-09T03:35:18.852+0000] {logging_mixin.py:150} INFO - [2023-08-09T03:35:18.852+0000] {dag.py:2742} INFO - Sync 1 DAGs
[2023-08-09T03:35:18.878+0000] {logging_mixin.py:150} INFO - [2023-08-09T03:35:18.878+0000] {dag.py:3508} INFO - Setting next_dagrun for latest_only to 2023-08-08T23:35:18.878409+00:00, run_after=2023-08-09T03:35:18.878409+00:00
[2023-08-09T03:35:18.896+0000] {processor.py:179} INFO - Processing /home/airflow/.local/lib/python3.7/site-packages/airflow/example_dags/example_latest_only.py took 0.077 seconds
[2023-08-09T03:35:49.095+0000] {processor.py:157} INFO - Started process (PID=2798) to work on /home/airflow/.local/lib/python3.7/site-packages/airflow/example_dags/example_latest_only.py
[2023-08-09T03:35:49.096+0000] {processor.py:826} INFO - Processing file /home/airflow/.local/lib/python3.7/site-packages/airflow/example_dags/example_latest_only.py for tasks to queue
[2023-08-09T03:35:49.096+0000] {logging_mixin.py:150} INFO - [2023-08-09T03:35:49.096+0000] {dagbag.py:541} INFO - Filling up the DagBag from /home/airflow/.local/lib/python3.7/site-packages/airflow/example_dags/example_latest_only.py
[2023-08-09T03:35:49.101+0000] {processor.py:836} INFO - DAG(s) dict_keys(['latest_only']) retrieved from /home/airflow/.local/lib/python3.7/site-packages/airflow/example_dags/example_latest_only.py
[2023-08-09T03:35:49.121+0000] {logging_mixin.py:150} INFO - [2023-08-09T03:35:49.121+0000] {dag.py:2742} INFO - Sync 1 DAGs
[2023-08-09T03:35:49.146+0000] {logging_mixin.py:150} INFO - [2023-08-09T03:35:49.145+0000] {dag.py:3508} INFO - Setting next_dagrun for latest_only to 2023-08-08T23:35:49.145666+00:00, run_after=2023-08-09T03:35:49.145666+00:00
[2023-08-09T03:35:49.162+0000] {processor.py:179} INFO - Processing /home/airflow/.local/lib/python3.7/site-packages/airflow/example_dags/example_latest_only.py took 0.070 seconds
[2023-08-09T03:36:19.602+0000] {processor.py:157} INFO - Started process (PID=2853) to work on /home/airflow/.local/lib/python3.7/site-packages/airflow/example_dags/example_latest_only.py
[2023-08-09T03:36:19.603+0000] {processor.py:826} INFO - Processing file /home/airflow/.local/lib/python3.7/site-packages/airflow/example_dags/example_latest_only.py for tasks to queue
[2023-08-09T03:36:19.603+0000] {logging_mixin.py:150} INFO - [2023-08-09T03:36:19.603+0000] {dagbag.py:541} INFO - Filling up the DagBag from /home/airflow/.local/lib/python3.7/site-packages/airflow/example_dags/example_latest_only.py
[2023-08-09T03:36:19.611+0000] {processor.py:836} INFO - DAG(s) dict_keys(['latest_only']) retrieved from /home/airflow/.local/lib/python3.7/site-packages/airflow/example_dags/example_latest_only.py
[2023-08-09T03:36:19.643+0000] {logging_mixin.py:150} INFO - [2023-08-09T03:36:19.643+0000] {dag.py:2742} INFO - Sync 1 DAGs
[2023-08-09T03:36:19.667+0000] {logging_mixin.py:150} INFO - [2023-08-09T03:36:19.667+0000] {dag.py:3508} INFO - Setting next_dagrun for latest_only to 2023-08-08T23:36:19.666921+00:00, run_after=2023-08-09T03:36:19.666921+00:00
[2023-08-09T03:36:19.683+0000] {processor.py:179} INFO - Processing /home/airflow/.local/lib/python3.7/site-packages/airflow/example_dags/example_latest_only.py took 0.085 seconds
