[2023-08-09T03:10:34.194+0000] {processor.py:157} INFO - Started process (PID=67) to work on /home/airflow/.local/lib/python3.7/site-packages/airflow/example_dags/example_dynamic_task_mapping_with_no_taskflow_operators.py
[2023-08-09T03:10:34.195+0000] {processor.py:826} INFO - Processing file /home/airflow/.local/lib/python3.7/site-packages/airflow/example_dags/example_dynamic_task_mapping_with_no_taskflow_operators.py for tasks to queue
[2023-08-09T03:10:34.198+0000] {logging_mixin.py:150} INFO - [2023-08-09T03:10:34.197+0000] {dagbag.py:541} INFO - Filling up the DagBag from /home/airflow/.local/lib/python3.7/site-packages/airflow/example_dags/example_dynamic_task_mapping_with_no_taskflow_operators.py
[2023-08-09T03:10:34.226+0000] {processor.py:836} INFO - DAG(s) dict_keys(['example_dynamic_task_mapping_with_no_taskflow_operators']) retrieved from /home/airflow/.local/lib/python3.7/site-packages/airflow/example_dags/example_dynamic_task_mapping_with_no_taskflow_operators.py
[2023-08-09T03:10:34.329+0000] {logging_mixin.py:150} INFO - [2023-08-09T03:10:34.328+0000] {dag.py:2742} INFO - Sync 1 DAGs
[2023-08-09T03:10:34.391+0000] {logging_mixin.py:150} INFO - [2023-08-09T03:10:34.390+0000] {dag.py:3508} INFO - Setting next_dagrun for example_dynamic_task_mapping_with_no_taskflow_operators to 2023-08-08T03:10:34.390481+00:00, run_after=2023-08-09T03:10:34.390481+00:00
[2023-08-09T03:10:34.439+0000] {processor.py:179} INFO - Processing /home/airflow/.local/lib/python3.7/site-packages/airflow/example_dags/example_dynamic_task_mapping_with_no_taskflow_operators.py took 0.248 seconds
[2023-08-09T03:11:04.642+0000] {processor.py:157} INFO - Started process (PID=122) to work on /home/airflow/.local/lib/python3.7/site-packages/airflow/example_dags/example_dynamic_task_mapping_with_no_taskflow_operators.py
[2023-08-09T03:11:04.643+0000] {processor.py:826} INFO - Processing file /home/airflow/.local/lib/python3.7/site-packages/airflow/example_dags/example_dynamic_task_mapping_with_no_taskflow_operators.py for tasks to queue
[2023-08-09T03:11:04.645+0000] {logging_mixin.py:150} INFO - [2023-08-09T03:11:04.645+0000] {dagbag.py:541} INFO - Filling up the DagBag from /home/airflow/.local/lib/python3.7/site-packages/airflow/example_dags/example_dynamic_task_mapping_with_no_taskflow_operators.py
[2023-08-09T03:11:04.652+0000] {processor.py:836} INFO - DAG(s) dict_keys(['example_dynamic_task_mapping_with_no_taskflow_operators']) retrieved from /home/airflow/.local/lib/python3.7/site-packages/airflow/example_dags/example_dynamic_task_mapping_with_no_taskflow_operators.py
[2023-08-09T03:11:04.676+0000] {logging_mixin.py:150} INFO - [2023-08-09T03:11:04.676+0000] {dag.py:2742} INFO - Sync 1 DAGs
[2023-08-09T03:11:04.702+0000] {logging_mixin.py:150} INFO - [2023-08-09T03:11:04.701+0000] {dag.py:3508} INFO - Setting next_dagrun for example_dynamic_task_mapping_with_no_taskflow_operators to 2023-08-08T03:11:04.701551+00:00, run_after=2023-08-09T03:11:04.701551+00:00
[2023-08-09T03:11:04.721+0000] {processor.py:179} INFO - Processing /home/airflow/.local/lib/python3.7/site-packages/airflow/example_dags/example_dynamic_task_mapping_with_no_taskflow_operators.py took 0.082 seconds
[2023-08-09T03:11:35.056+0000] {processor.py:157} INFO - Started process (PID=177) to work on /home/airflow/.local/lib/python3.7/site-packages/airflow/example_dags/example_dynamic_task_mapping_with_no_taskflow_operators.py
[2023-08-09T03:11:35.057+0000] {processor.py:826} INFO - Processing file /home/airflow/.local/lib/python3.7/site-packages/airflow/example_dags/example_dynamic_task_mapping_with_no_taskflow_operators.py for tasks to queue
[2023-08-09T03:11:35.059+0000] {logging_mixin.py:150} INFO - [2023-08-09T03:11:35.059+0000] {dagbag.py:541} INFO - Filling up the DagBag from /home/airflow/.local/lib/python3.7/site-packages/airflow/example_dags/example_dynamic_task_mapping_with_no_taskflow_operators.py
[2023-08-09T03:11:35.067+0000] {processor.py:836} INFO - DAG(s) dict_keys(['example_dynamic_task_mapping_with_no_taskflow_operators']) retrieved from /home/airflow/.local/lib/python3.7/site-packages/airflow/example_dags/example_dynamic_task_mapping_with_no_taskflow_operators.py
[2023-08-09T03:11:35.097+0000] {logging_mixin.py:150} INFO - [2023-08-09T03:11:35.096+0000] {dag.py:2742} INFO - Sync 1 DAGs
[2023-08-09T03:11:35.134+0000] {logging_mixin.py:150} INFO - [2023-08-09T03:11:35.134+0000] {dag.py:3508} INFO - Setting next_dagrun for example_dynamic_task_mapping_with_no_taskflow_operators to 2023-08-08T03:11:35.134194+00:00, run_after=2023-08-09T03:11:35.134194+00:00
[2023-08-09T03:11:35.158+0000] {processor.py:179} INFO - Processing /home/airflow/.local/lib/python3.7/site-packages/airflow/example_dags/example_dynamic_task_mapping_with_no_taskflow_operators.py took 0.107 seconds
[2023-08-09T03:12:05.459+0000] {processor.py:157} INFO - Started process (PID=233) to work on /home/airflow/.local/lib/python3.7/site-packages/airflow/example_dags/example_dynamic_task_mapping_with_no_taskflow_operators.py
[2023-08-09T03:12:05.459+0000] {processor.py:826} INFO - Processing file /home/airflow/.local/lib/python3.7/site-packages/airflow/example_dags/example_dynamic_task_mapping_with_no_taskflow_operators.py for tasks to queue
[2023-08-09T03:12:05.461+0000] {logging_mixin.py:150} INFO - [2023-08-09T03:12:05.461+0000] {dagbag.py:541} INFO - Filling up the DagBag from /home/airflow/.local/lib/python3.7/site-packages/airflow/example_dags/example_dynamic_task_mapping_with_no_taskflow_operators.py
[2023-08-09T03:12:05.467+0000] {processor.py:836} INFO - DAG(s) dict_keys(['example_dynamic_task_mapping_with_no_taskflow_operators']) retrieved from /home/airflow/.local/lib/python3.7/site-packages/airflow/example_dags/example_dynamic_task_mapping_with_no_taskflow_operators.py
[2023-08-09T03:12:05.486+0000] {logging_mixin.py:150} INFO - [2023-08-09T03:12:05.486+0000] {dag.py:2742} INFO - Sync 1 DAGs
[2023-08-09T03:12:05.508+0000] {logging_mixin.py:150} INFO - [2023-08-09T03:12:05.508+0000] {dag.py:3508} INFO - Setting next_dagrun for example_dynamic_task_mapping_with_no_taskflow_operators to 2023-08-08T03:12:05.508383+00:00, run_after=2023-08-09T03:12:05.508383+00:00
[2023-08-09T03:12:05.527+0000] {processor.py:179} INFO - Processing /home/airflow/.local/lib/python3.7/site-packages/airflow/example_dags/example_dynamic_task_mapping_with_no_taskflow_operators.py took 0.071 seconds
[2023-08-09T03:12:36.679+0000] {processor.py:157} INFO - Started process (PID=288) to work on /home/airflow/.local/lib/python3.7/site-packages/airflow/example_dags/example_dynamic_task_mapping_with_no_taskflow_operators.py
[2023-08-09T03:12:36.680+0000] {processor.py:826} INFO - Processing file /home/airflow/.local/lib/python3.7/site-packages/airflow/example_dags/example_dynamic_task_mapping_with_no_taskflow_operators.py for tasks to queue
[2023-08-09T03:12:36.681+0000] {logging_mixin.py:150} INFO - [2023-08-09T03:12:36.681+0000] {dagbag.py:541} INFO - Filling up the DagBag from /home/airflow/.local/lib/python3.7/site-packages/airflow/example_dags/example_dynamic_task_mapping_with_no_taskflow_operators.py
[2023-08-09T03:12:36.687+0000] {processor.py:836} INFO - DAG(s) dict_keys(['example_dynamic_task_mapping_with_no_taskflow_operators']) retrieved from /home/airflow/.local/lib/python3.7/site-packages/airflow/example_dags/example_dynamic_task_mapping_with_no_taskflow_operators.py
[2023-08-09T03:12:36.707+0000] {logging_mixin.py:150} INFO - [2023-08-09T03:12:36.706+0000] {dag.py:2742} INFO - Sync 1 DAGs
[2023-08-09T03:12:36.729+0000] {logging_mixin.py:150} INFO - [2023-08-09T03:12:36.729+0000] {dag.py:3508} INFO - Setting next_dagrun for example_dynamic_task_mapping_with_no_taskflow_operators to 2023-08-08T03:12:36.729271+00:00, run_after=2023-08-09T03:12:36.729271+00:00
[2023-08-09T03:12:36.745+0000] {processor.py:179} INFO - Processing /home/airflow/.local/lib/python3.7/site-packages/airflow/example_dags/example_dynamic_task_mapping_with_no_taskflow_operators.py took 0.069 seconds
[2023-08-09T03:13:06.907+0000] {processor.py:157} INFO - Started process (PID=343) to work on /home/airflow/.local/lib/python3.7/site-packages/airflow/example_dags/example_dynamic_task_mapping_with_no_taskflow_operators.py
[2023-08-09T03:13:06.908+0000] {processor.py:826} INFO - Processing file /home/airflow/.local/lib/python3.7/site-packages/airflow/example_dags/example_dynamic_task_mapping_with_no_taskflow_operators.py for tasks to queue
[2023-08-09T03:13:06.909+0000] {logging_mixin.py:150} INFO - [2023-08-09T03:13:06.909+0000] {dagbag.py:541} INFO - Filling up the DagBag from /home/airflow/.local/lib/python3.7/site-packages/airflow/example_dags/example_dynamic_task_mapping_with_no_taskflow_operators.py
[2023-08-09T03:13:06.915+0000] {processor.py:836} INFO - DAG(s) dict_keys(['example_dynamic_task_mapping_with_no_taskflow_operators']) retrieved from /home/airflow/.local/lib/python3.7/site-packages/airflow/example_dags/example_dynamic_task_mapping_with_no_taskflow_operators.py
[2023-08-09T03:13:06.932+0000] {logging_mixin.py:150} INFO - [2023-08-09T03:13:06.932+0000] {dag.py:2742} INFO - Sync 1 DAGs
[2023-08-09T03:13:06.955+0000] {logging_mixin.py:150} INFO - [2023-08-09T03:13:06.954+0000] {dag.py:3508} INFO - Setting next_dagrun for example_dynamic_task_mapping_with_no_taskflow_operators to 2023-08-08T03:13:06.954685+00:00, run_after=2023-08-09T03:13:06.954685+00:00
[2023-08-09T03:13:06.970+0000] {processor.py:179} INFO - Processing /home/airflow/.local/lib/python3.7/site-packages/airflow/example_dags/example_dynamic_task_mapping_with_no_taskflow_operators.py took 0.066 seconds
[2023-08-09T03:13:38.125+0000] {processor.py:157} INFO - Started process (PID=398) to work on /home/airflow/.local/lib/python3.7/site-packages/airflow/example_dags/example_dynamic_task_mapping_with_no_taskflow_operators.py
[2023-08-09T03:13:38.126+0000] {processor.py:826} INFO - Processing file /home/airflow/.local/lib/python3.7/site-packages/airflow/example_dags/example_dynamic_task_mapping_with_no_taskflow_operators.py for tasks to queue
[2023-08-09T03:13:38.128+0000] {logging_mixin.py:150} INFO - [2023-08-09T03:13:38.127+0000] {dagbag.py:541} INFO - Filling up the DagBag from /home/airflow/.local/lib/python3.7/site-packages/airflow/example_dags/example_dynamic_task_mapping_with_no_taskflow_operators.py
[2023-08-09T03:13:38.133+0000] {processor.py:836} INFO - DAG(s) dict_keys(['example_dynamic_task_mapping_with_no_taskflow_operators']) retrieved from /home/airflow/.local/lib/python3.7/site-packages/airflow/example_dags/example_dynamic_task_mapping_with_no_taskflow_operators.py
[2023-08-09T03:13:38.153+0000] {logging_mixin.py:150} INFO - [2023-08-09T03:13:38.152+0000] {dag.py:2742} INFO - Sync 1 DAGs
[2023-08-09T03:13:38.177+0000] {logging_mixin.py:150} INFO - [2023-08-09T03:13:38.176+0000] {dag.py:3508} INFO - Setting next_dagrun for example_dynamic_task_mapping_with_no_taskflow_operators to 2023-08-08T03:13:38.176796+00:00, run_after=2023-08-09T03:13:38.176796+00:00
[2023-08-09T03:13:38.192+0000] {processor.py:179} INFO - Processing /home/airflow/.local/lib/python3.7/site-packages/airflow/example_dags/example_dynamic_task_mapping_with_no_taskflow_operators.py took 0.070 seconds
[2023-08-09T03:14:08.552+0000] {processor.py:157} INFO - Started process (PID=453) to work on /home/airflow/.local/lib/python3.7/site-packages/airflow/example_dags/example_dynamic_task_mapping_with_no_taskflow_operators.py
[2023-08-09T03:14:08.553+0000] {processor.py:826} INFO - Processing file /home/airflow/.local/lib/python3.7/site-packages/airflow/example_dags/example_dynamic_task_mapping_with_no_taskflow_operators.py for tasks to queue
[2023-08-09T03:14:08.555+0000] {logging_mixin.py:150} INFO - [2023-08-09T03:14:08.555+0000] {dagbag.py:541} INFO - Filling up the DagBag from /home/airflow/.local/lib/python3.7/site-packages/airflow/example_dags/example_dynamic_task_mapping_with_no_taskflow_operators.py
[2023-08-09T03:14:08.561+0000] {processor.py:836} INFO - DAG(s) dict_keys(['example_dynamic_task_mapping_with_no_taskflow_operators']) retrieved from /home/airflow/.local/lib/python3.7/site-packages/airflow/example_dags/example_dynamic_task_mapping_with_no_taskflow_operators.py
[2023-08-09T03:14:08.583+0000] {logging_mixin.py:150} INFO - [2023-08-09T03:14:08.583+0000] {dag.py:2742} INFO - Sync 1 DAGs
[2023-08-09T03:14:08.611+0000] {logging_mixin.py:150} INFO - [2023-08-09T03:14:08.610+0000] {dag.py:3508} INFO - Setting next_dagrun for example_dynamic_task_mapping_with_no_taskflow_operators to 2023-08-08T03:14:08.610671+00:00, run_after=2023-08-09T03:14:08.610671+00:00
[2023-08-09T03:14:08.634+0000] {processor.py:179} INFO - Processing /home/airflow/.local/lib/python3.7/site-packages/airflow/example_dags/example_dynamic_task_mapping_with_no_taskflow_operators.py took 0.085 seconds
[2023-08-09T03:14:38.852+0000] {processor.py:157} INFO - Started process (PID=509) to work on /home/airflow/.local/lib/python3.7/site-packages/airflow/example_dags/example_dynamic_task_mapping_with_no_taskflow_operators.py
[2023-08-09T03:14:38.853+0000] {processor.py:826} INFO - Processing file /home/airflow/.local/lib/python3.7/site-packages/airflow/example_dags/example_dynamic_task_mapping_with_no_taskflow_operators.py for tasks to queue
[2023-08-09T03:14:38.854+0000] {logging_mixin.py:150} INFO - [2023-08-09T03:14:38.854+0000] {dagbag.py:541} INFO - Filling up the DagBag from /home/airflow/.local/lib/python3.7/site-packages/airflow/example_dags/example_dynamic_task_mapping_with_no_taskflow_operators.py
[2023-08-09T03:14:38.860+0000] {processor.py:836} INFO - DAG(s) dict_keys(['example_dynamic_task_mapping_with_no_taskflow_operators']) retrieved from /home/airflow/.local/lib/python3.7/site-packages/airflow/example_dags/example_dynamic_task_mapping_with_no_taskflow_operators.py
[2023-08-09T03:14:38.880+0000] {logging_mixin.py:150} INFO - [2023-08-09T03:14:38.879+0000] {dag.py:2742} INFO - Sync 1 DAGs
[2023-08-09T03:14:38.902+0000] {logging_mixin.py:150} INFO - [2023-08-09T03:14:38.902+0000] {dag.py:3508} INFO - Setting next_dagrun for example_dynamic_task_mapping_with_no_taskflow_operators to 2023-08-08T03:14:38.902407+00:00, run_after=2023-08-09T03:14:38.902407+00:00
[2023-08-09T03:14:38.920+0000] {processor.py:179} INFO - Processing /home/airflow/.local/lib/python3.7/site-packages/airflow/example_dags/example_dynamic_task_mapping_with_no_taskflow_operators.py took 0.071 seconds
[2023-08-09T03:15:09.094+0000] {processor.py:157} INFO - Started process (PID=564) to work on /home/airflow/.local/lib/python3.7/site-packages/airflow/example_dags/example_dynamic_task_mapping_with_no_taskflow_operators.py
[2023-08-09T03:15:09.095+0000] {processor.py:826} INFO - Processing file /home/airflow/.local/lib/python3.7/site-packages/airflow/example_dags/example_dynamic_task_mapping_with_no_taskflow_operators.py for tasks to queue
[2023-08-09T03:15:09.096+0000] {logging_mixin.py:150} INFO - [2023-08-09T03:15:09.096+0000] {dagbag.py:541} INFO - Filling up the DagBag from /home/airflow/.local/lib/python3.7/site-packages/airflow/example_dags/example_dynamic_task_mapping_with_no_taskflow_operators.py
[2023-08-09T03:15:09.102+0000] {processor.py:836} INFO - DAG(s) dict_keys(['example_dynamic_task_mapping_with_no_taskflow_operators']) retrieved from /home/airflow/.local/lib/python3.7/site-packages/airflow/example_dags/example_dynamic_task_mapping_with_no_taskflow_operators.py
[2023-08-09T03:15:09.122+0000] {logging_mixin.py:150} INFO - [2023-08-09T03:15:09.121+0000] {dag.py:2742} INFO - Sync 1 DAGs
[2023-08-09T03:15:09.146+0000] {logging_mixin.py:150} INFO - [2023-08-09T03:15:09.146+0000] {dag.py:3508} INFO - Setting next_dagrun for example_dynamic_task_mapping_with_no_taskflow_operators to 2023-08-08T03:15:09.146452+00:00, run_after=2023-08-09T03:15:09.146452+00:00
[2023-08-09T03:15:09.165+0000] {processor.py:179} INFO - Processing /home/airflow/.local/lib/python3.7/site-packages/airflow/example_dags/example_dynamic_task_mapping_with_no_taskflow_operators.py took 0.074 seconds
[2023-08-09T03:15:40.220+0000] {processor.py:157} INFO - Started process (PID=619) to work on /home/airflow/.local/lib/python3.7/site-packages/airflow/example_dags/example_dynamic_task_mapping_with_no_taskflow_operators.py
[2023-08-09T03:15:40.244+0000] {processor.py:826} INFO - Processing file /home/airflow/.local/lib/python3.7/site-packages/airflow/example_dags/example_dynamic_task_mapping_with_no_taskflow_operators.py for tasks to queue
[2023-08-09T03:15:40.248+0000] {logging_mixin.py:150} INFO - [2023-08-09T03:15:40.247+0000] {dagbag.py:541} INFO - Filling up the DagBag from /home/airflow/.local/lib/python3.7/site-packages/airflow/example_dags/example_dynamic_task_mapping_with_no_taskflow_operators.py
[2023-08-09T03:15:40.270+0000] {processor.py:836} INFO - DAG(s) dict_keys(['example_dynamic_task_mapping_with_no_taskflow_operators']) retrieved from /home/airflow/.local/lib/python3.7/site-packages/airflow/example_dags/example_dynamic_task_mapping_with_no_taskflow_operators.py
[2023-08-09T03:15:40.314+0000] {logging_mixin.py:150} INFO - [2023-08-09T03:15:40.313+0000] {dag.py:2742} INFO - Sync 1 DAGs
[2023-08-09T03:15:40.353+0000] {logging_mixin.py:150} INFO - [2023-08-09T03:15:40.353+0000] {dag.py:3508} INFO - Setting next_dagrun for example_dynamic_task_mapping_with_no_taskflow_operators to 2023-08-08T03:15:40.353185+00:00, run_after=2023-08-09T03:15:40.353185+00:00
[2023-08-09T03:15:40.374+0000] {processor.py:179} INFO - Processing /home/airflow/.local/lib/python3.7/site-packages/airflow/example_dags/example_dynamic_task_mapping_with_no_taskflow_operators.py took 0.158 seconds
[2023-08-09T03:16:10.662+0000] {processor.py:157} INFO - Started process (PID=674) to work on /home/airflow/.local/lib/python3.7/site-packages/airflow/example_dags/example_dynamic_task_mapping_with_no_taskflow_operators.py
[2023-08-09T03:16:10.663+0000] {processor.py:826} INFO - Processing file /home/airflow/.local/lib/python3.7/site-packages/airflow/example_dags/example_dynamic_task_mapping_with_no_taskflow_operators.py for tasks to queue
[2023-08-09T03:16:10.664+0000] {logging_mixin.py:150} INFO - [2023-08-09T03:16:10.664+0000] {dagbag.py:541} INFO - Filling up the DagBag from /home/airflow/.local/lib/python3.7/site-packages/airflow/example_dags/example_dynamic_task_mapping_with_no_taskflow_operators.py
[2023-08-09T03:16:10.672+0000] {processor.py:836} INFO - DAG(s) dict_keys(['example_dynamic_task_mapping_with_no_taskflow_operators']) retrieved from /home/airflow/.local/lib/python3.7/site-packages/airflow/example_dags/example_dynamic_task_mapping_with_no_taskflow_operators.py
[2023-08-09T03:16:10.701+0000] {logging_mixin.py:150} INFO - [2023-08-09T03:16:10.700+0000] {dag.py:2742} INFO - Sync 1 DAGs
[2023-08-09T03:16:10.732+0000] {logging_mixin.py:150} INFO - [2023-08-09T03:16:10.732+0000] {dag.py:3508} INFO - Setting next_dagrun for example_dynamic_task_mapping_with_no_taskflow_operators to 2023-08-08T03:16:10.732339+00:00, run_after=2023-08-09T03:16:10.732339+00:00
[2023-08-09T03:16:10.761+0000] {processor.py:179} INFO - Processing /home/airflow/.local/lib/python3.7/site-packages/airflow/example_dags/example_dynamic_task_mapping_with_no_taskflow_operators.py took 0.101 seconds
[2023-08-09T03:16:40.844+0000] {processor.py:157} INFO - Started process (PID=729) to work on /home/airflow/.local/lib/python3.7/site-packages/airflow/example_dags/example_dynamic_task_mapping_with_no_taskflow_operators.py
[2023-08-09T03:16:40.844+0000] {processor.py:826} INFO - Processing file /home/airflow/.local/lib/python3.7/site-packages/airflow/example_dags/example_dynamic_task_mapping_with_no_taskflow_operators.py for tasks to queue
[2023-08-09T03:16:40.846+0000] {logging_mixin.py:150} INFO - [2023-08-09T03:16:40.846+0000] {dagbag.py:541} INFO - Filling up the DagBag from /home/airflow/.local/lib/python3.7/site-packages/airflow/example_dags/example_dynamic_task_mapping_with_no_taskflow_operators.py
[2023-08-09T03:16:40.853+0000] {processor.py:836} INFO - DAG(s) dict_keys(['example_dynamic_task_mapping_with_no_taskflow_operators']) retrieved from /home/airflow/.local/lib/python3.7/site-packages/airflow/example_dags/example_dynamic_task_mapping_with_no_taskflow_operators.py
[2023-08-09T03:16:40.881+0000] {logging_mixin.py:150} INFO - [2023-08-09T03:16:40.880+0000] {dag.py:2742} INFO - Sync 1 DAGs
[2023-08-09T03:16:40.907+0000] {logging_mixin.py:150} INFO - [2023-08-09T03:16:40.907+0000] {dag.py:3508} INFO - Setting next_dagrun for example_dynamic_task_mapping_with_no_taskflow_operators to 2023-08-08T03:16:40.907305+00:00, run_after=2023-08-09T03:16:40.907305+00:00
[2023-08-09T03:16:40.927+0000] {processor.py:179} INFO - Processing /home/airflow/.local/lib/python3.7/site-packages/airflow/example_dags/example_dynamic_task_mapping_with_no_taskflow_operators.py took 0.087 seconds
[2023-08-09T03:17:11.347+0000] {processor.py:157} INFO - Started process (PID=784) to work on /home/airflow/.local/lib/python3.7/site-packages/airflow/example_dags/example_dynamic_task_mapping_with_no_taskflow_operators.py
[2023-08-09T03:17:11.347+0000] {processor.py:826} INFO - Processing file /home/airflow/.local/lib/python3.7/site-packages/airflow/example_dags/example_dynamic_task_mapping_with_no_taskflow_operators.py for tasks to queue
[2023-08-09T03:17:11.349+0000] {logging_mixin.py:150} INFO - [2023-08-09T03:17:11.349+0000] {dagbag.py:541} INFO - Filling up the DagBag from /home/airflow/.local/lib/python3.7/site-packages/airflow/example_dags/example_dynamic_task_mapping_with_no_taskflow_operators.py
[2023-08-09T03:17:11.355+0000] {processor.py:836} INFO - DAG(s) dict_keys(['example_dynamic_task_mapping_with_no_taskflow_operators']) retrieved from /home/airflow/.local/lib/python3.7/site-packages/airflow/example_dags/example_dynamic_task_mapping_with_no_taskflow_operators.py
[2023-08-09T03:17:11.380+0000] {logging_mixin.py:150} INFO - [2023-08-09T03:17:11.379+0000] {dag.py:2742} INFO - Sync 1 DAGs
[2023-08-09T03:17:11.413+0000] {logging_mixin.py:150} INFO - [2023-08-09T03:17:11.413+0000] {dag.py:3508} INFO - Setting next_dagrun for example_dynamic_task_mapping_with_no_taskflow_operators to 2023-08-08T03:17:11.413005+00:00, run_after=2023-08-09T03:17:11.413005+00:00
[2023-08-09T03:17:11.433+0000] {processor.py:179} INFO - Processing /home/airflow/.local/lib/python3.7/site-packages/airflow/example_dags/example_dynamic_task_mapping_with_no_taskflow_operators.py took 0.089 seconds
[2023-08-09T03:17:41.604+0000] {processor.py:157} INFO - Started process (PID=839) to work on /home/airflow/.local/lib/python3.7/site-packages/airflow/example_dags/example_dynamic_task_mapping_with_no_taskflow_operators.py
[2023-08-09T03:17:41.610+0000] {processor.py:826} INFO - Processing file /home/airflow/.local/lib/python3.7/site-packages/airflow/example_dags/example_dynamic_task_mapping_with_no_taskflow_operators.py for tasks to queue
[2023-08-09T03:17:41.612+0000] {logging_mixin.py:150} INFO - [2023-08-09T03:17:41.612+0000] {dagbag.py:541} INFO - Filling up the DagBag from /home/airflow/.local/lib/python3.7/site-packages/airflow/example_dags/example_dynamic_task_mapping_with_no_taskflow_operators.py
[2023-08-09T03:17:41.619+0000] {processor.py:836} INFO - DAG(s) dict_keys(['example_dynamic_task_mapping_with_no_taskflow_operators']) retrieved from /home/airflow/.local/lib/python3.7/site-packages/airflow/example_dags/example_dynamic_task_mapping_with_no_taskflow_operators.py
[2023-08-09T03:17:41.645+0000] {logging_mixin.py:150} INFO - [2023-08-09T03:17:41.644+0000] {dag.py:2742} INFO - Sync 1 DAGs
[2023-08-09T03:17:41.678+0000] {logging_mixin.py:150} INFO - [2023-08-09T03:17:41.678+0000] {dag.py:3508} INFO - Setting next_dagrun for example_dynamic_task_mapping_with_no_taskflow_operators to 2023-08-08T03:17:41.678196+00:00, run_after=2023-08-09T03:17:41.678196+00:00
[2023-08-09T03:17:41.693+0000] {processor.py:179} INFO - Processing /home/airflow/.local/lib/python3.7/site-packages/airflow/example_dags/example_dynamic_task_mapping_with_no_taskflow_operators.py took 0.093 seconds
[2023-08-09T03:18:11.867+0000] {processor.py:157} INFO - Started process (PID=894) to work on /home/airflow/.local/lib/python3.7/site-packages/airflow/example_dags/example_dynamic_task_mapping_with_no_taskflow_operators.py
[2023-08-09T03:18:11.869+0000] {processor.py:826} INFO - Processing file /home/airflow/.local/lib/python3.7/site-packages/airflow/example_dags/example_dynamic_task_mapping_with_no_taskflow_operators.py for tasks to queue
[2023-08-09T03:18:11.873+0000] {logging_mixin.py:150} INFO - [2023-08-09T03:18:11.872+0000] {dagbag.py:541} INFO - Filling up the DagBag from /home/airflow/.local/lib/python3.7/site-packages/airflow/example_dags/example_dynamic_task_mapping_with_no_taskflow_operators.py
[2023-08-09T03:18:11.885+0000] {processor.py:836} INFO - DAG(s) dict_keys(['example_dynamic_task_mapping_with_no_taskflow_operators']) retrieved from /home/airflow/.local/lib/python3.7/site-packages/airflow/example_dags/example_dynamic_task_mapping_with_no_taskflow_operators.py
[2023-08-09T03:18:11.928+0000] {logging_mixin.py:150} INFO - [2023-08-09T03:18:11.927+0000] {dag.py:2742} INFO - Sync 1 DAGs
[2023-08-09T03:18:11.955+0000] {logging_mixin.py:150} INFO - [2023-08-09T03:18:11.955+0000] {dag.py:3508} INFO - Setting next_dagrun for example_dynamic_task_mapping_with_no_taskflow_operators to 2023-08-08T03:18:11.955164+00:00, run_after=2023-08-09T03:18:11.955164+00:00
[2023-08-09T03:18:11.974+0000] {processor.py:179} INFO - Processing /home/airflow/.local/lib/python3.7/site-packages/airflow/example_dags/example_dynamic_task_mapping_with_no_taskflow_operators.py took 0.112 seconds
[2023-08-09T03:18:42.420+0000] {processor.py:157} INFO - Started process (PID=949) to work on /home/airflow/.local/lib/python3.7/site-packages/airflow/example_dags/example_dynamic_task_mapping_with_no_taskflow_operators.py
[2023-08-09T03:18:42.420+0000] {processor.py:826} INFO - Processing file /home/airflow/.local/lib/python3.7/site-packages/airflow/example_dags/example_dynamic_task_mapping_with_no_taskflow_operators.py for tasks to queue
[2023-08-09T03:18:42.423+0000] {logging_mixin.py:150} INFO - [2023-08-09T03:18:42.422+0000] {dagbag.py:541} INFO - Filling up the DagBag from /home/airflow/.local/lib/python3.7/site-packages/airflow/example_dags/example_dynamic_task_mapping_with_no_taskflow_operators.py
[2023-08-09T03:18:42.430+0000] {processor.py:836} INFO - DAG(s) dict_keys(['example_dynamic_task_mapping_with_no_taskflow_operators']) retrieved from /home/airflow/.local/lib/python3.7/site-packages/airflow/example_dags/example_dynamic_task_mapping_with_no_taskflow_operators.py
[2023-08-09T03:18:42.467+0000] {logging_mixin.py:150} INFO - [2023-08-09T03:18:42.467+0000] {dag.py:2742} INFO - Sync 1 DAGs
[2023-08-09T03:18:42.501+0000] {logging_mixin.py:150} INFO - [2023-08-09T03:18:42.501+0000] {dag.py:3508} INFO - Setting next_dagrun for example_dynamic_task_mapping_with_no_taskflow_operators to 2023-08-08T03:18:42.500804+00:00, run_after=2023-08-09T03:18:42.500804+00:00
[2023-08-09T03:18:42.524+0000] {processor.py:179} INFO - Processing /home/airflow/.local/lib/python3.7/site-packages/airflow/example_dags/example_dynamic_task_mapping_with_no_taskflow_operators.py took 0.108 seconds
[2023-08-09T03:19:12.747+0000] {processor.py:157} INFO - Started process (PID=1004) to work on /home/airflow/.local/lib/python3.7/site-packages/airflow/example_dags/example_dynamic_task_mapping_with_no_taskflow_operators.py
[2023-08-09T03:19:12.748+0000] {processor.py:826} INFO - Processing file /home/airflow/.local/lib/python3.7/site-packages/airflow/example_dags/example_dynamic_task_mapping_with_no_taskflow_operators.py for tasks to queue
[2023-08-09T03:19:12.750+0000] {logging_mixin.py:150} INFO - [2023-08-09T03:19:12.750+0000] {dagbag.py:541} INFO - Filling up the DagBag from /home/airflow/.local/lib/python3.7/site-packages/airflow/example_dags/example_dynamic_task_mapping_with_no_taskflow_operators.py
[2023-08-09T03:19:12.757+0000] {processor.py:836} INFO - DAG(s) dict_keys(['example_dynamic_task_mapping_with_no_taskflow_operators']) retrieved from /home/airflow/.local/lib/python3.7/site-packages/airflow/example_dags/example_dynamic_task_mapping_with_no_taskflow_operators.py
[2023-08-09T03:19:12.792+0000] {logging_mixin.py:150} INFO - [2023-08-09T03:19:12.792+0000] {dag.py:2742} INFO - Sync 1 DAGs
[2023-08-09T03:19:12.816+0000] {logging_mixin.py:150} INFO - [2023-08-09T03:19:12.816+0000] {dag.py:3508} INFO - Setting next_dagrun for example_dynamic_task_mapping_with_no_taskflow_operators to 2023-08-08T03:19:12.816118+00:00, run_after=2023-08-09T03:19:12.816118+00:00
[2023-08-09T03:19:12.834+0000] {processor.py:179} INFO - Processing /home/airflow/.local/lib/python3.7/site-packages/airflow/example_dags/example_dynamic_task_mapping_with_no_taskflow_operators.py took 0.091 seconds
[2023-08-09T03:19:43.015+0000] {processor.py:157} INFO - Started process (PID=1059) to work on /home/airflow/.local/lib/python3.7/site-packages/airflow/example_dags/example_dynamic_task_mapping_with_no_taskflow_operators.py
[2023-08-09T03:19:43.016+0000] {processor.py:826} INFO - Processing file /home/airflow/.local/lib/python3.7/site-packages/airflow/example_dags/example_dynamic_task_mapping_with_no_taskflow_operators.py for tasks to queue
[2023-08-09T03:19:43.018+0000] {logging_mixin.py:150} INFO - [2023-08-09T03:19:43.017+0000] {dagbag.py:541} INFO - Filling up the DagBag from /home/airflow/.local/lib/python3.7/site-packages/airflow/example_dags/example_dynamic_task_mapping_with_no_taskflow_operators.py
[2023-08-09T03:19:43.023+0000] {processor.py:836} INFO - DAG(s) dict_keys(['example_dynamic_task_mapping_with_no_taskflow_operators']) retrieved from /home/airflow/.local/lib/python3.7/site-packages/airflow/example_dags/example_dynamic_task_mapping_with_no_taskflow_operators.py
[2023-08-09T03:19:43.053+0000] {logging_mixin.py:150} INFO - [2023-08-09T03:19:43.052+0000] {dag.py:2742} INFO - Sync 1 DAGs
[2023-08-09T03:19:43.081+0000] {logging_mixin.py:150} INFO - [2023-08-09T03:19:43.081+0000] {dag.py:3508} INFO - Setting next_dagrun for example_dynamic_task_mapping_with_no_taskflow_operators to 2023-08-08T03:19:43.081438+00:00, run_after=2023-08-09T03:19:43.081438+00:00
[2023-08-09T03:19:43.100+0000] {processor.py:179} INFO - Processing /home/airflow/.local/lib/python3.7/site-packages/airflow/example_dags/example_dynamic_task_mapping_with_no_taskflow_operators.py took 0.088 seconds
[2023-08-09T03:20:13.956+0000] {processor.py:157} INFO - Started process (PID=1114) to work on /home/airflow/.local/lib/python3.7/site-packages/airflow/example_dags/example_dynamic_task_mapping_with_no_taskflow_operators.py
[2023-08-09T03:20:13.956+0000] {processor.py:826} INFO - Processing file /home/airflow/.local/lib/python3.7/site-packages/airflow/example_dags/example_dynamic_task_mapping_with_no_taskflow_operators.py for tasks to queue
[2023-08-09T03:20:13.958+0000] {logging_mixin.py:150} INFO - [2023-08-09T03:20:13.958+0000] {dagbag.py:541} INFO - Filling up the DagBag from /home/airflow/.local/lib/python3.7/site-packages/airflow/example_dags/example_dynamic_task_mapping_with_no_taskflow_operators.py
[2023-08-09T03:20:13.963+0000] {processor.py:836} INFO - DAG(s) dict_keys(['example_dynamic_task_mapping_with_no_taskflow_operators']) retrieved from /home/airflow/.local/lib/python3.7/site-packages/airflow/example_dags/example_dynamic_task_mapping_with_no_taskflow_operators.py
[2023-08-09T03:20:13.983+0000] {logging_mixin.py:150} INFO - [2023-08-09T03:20:13.983+0000] {dag.py:2742} INFO - Sync 1 DAGs
[2023-08-09T03:20:14.006+0000] {logging_mixin.py:150} INFO - [2023-08-09T03:20:14.006+0000] {dag.py:3508} INFO - Setting next_dagrun for example_dynamic_task_mapping_with_no_taskflow_operators to 2023-08-08T03:20:14.005995+00:00, run_after=2023-08-09T03:20:14.005995+00:00
[2023-08-09T03:20:14.024+0000] {processor.py:179} INFO - Processing /home/airflow/.local/lib/python3.7/site-packages/airflow/example_dags/example_dynamic_task_mapping_with_no_taskflow_operators.py took 0.071 seconds
[2023-08-09T03:20:44.816+0000] {processor.py:157} INFO - Started process (PID=1169) to work on /home/airflow/.local/lib/python3.7/site-packages/airflow/example_dags/example_dynamic_task_mapping_with_no_taskflow_operators.py
[2023-08-09T03:20:44.817+0000] {processor.py:826} INFO - Processing file /home/airflow/.local/lib/python3.7/site-packages/airflow/example_dags/example_dynamic_task_mapping_with_no_taskflow_operators.py for tasks to queue
[2023-08-09T03:20:44.819+0000] {logging_mixin.py:150} INFO - [2023-08-09T03:20:44.819+0000] {dagbag.py:541} INFO - Filling up the DagBag from /home/airflow/.local/lib/python3.7/site-packages/airflow/example_dags/example_dynamic_task_mapping_with_no_taskflow_operators.py
[2023-08-09T03:20:44.824+0000] {processor.py:836} INFO - DAG(s) dict_keys(['example_dynamic_task_mapping_with_no_taskflow_operators']) retrieved from /home/airflow/.local/lib/python3.7/site-packages/airflow/example_dags/example_dynamic_task_mapping_with_no_taskflow_operators.py
[2023-08-09T03:20:44.852+0000] {logging_mixin.py:150} INFO - [2023-08-09T03:20:44.851+0000] {dag.py:2742} INFO - Sync 1 DAGs
[2023-08-09T03:20:44.901+0000] {logging_mixin.py:150} INFO - [2023-08-09T03:20:44.901+0000] {dag.py:3508} INFO - Setting next_dagrun for example_dynamic_task_mapping_with_no_taskflow_operators to 2023-08-08T03:20:44.900740+00:00, run_after=2023-08-09T03:20:44.900740+00:00
[2023-08-09T03:20:44.929+0000] {processor.py:179} INFO - Processing /home/airflow/.local/lib/python3.7/site-packages/airflow/example_dags/example_dynamic_task_mapping_with_no_taskflow_operators.py took 0.116 seconds
[2023-08-09T03:21:15.131+0000] {processor.py:157} INFO - Started process (PID=1224) to work on /home/airflow/.local/lib/python3.7/site-packages/airflow/example_dags/example_dynamic_task_mapping_with_no_taskflow_operators.py
[2023-08-09T03:21:15.132+0000] {processor.py:826} INFO - Processing file /home/airflow/.local/lib/python3.7/site-packages/airflow/example_dags/example_dynamic_task_mapping_with_no_taskflow_operators.py for tasks to queue
[2023-08-09T03:21:15.134+0000] {logging_mixin.py:150} INFO - [2023-08-09T03:21:15.133+0000] {dagbag.py:541} INFO - Filling up the DagBag from /home/airflow/.local/lib/python3.7/site-packages/airflow/example_dags/example_dynamic_task_mapping_with_no_taskflow_operators.py
[2023-08-09T03:21:15.139+0000] {processor.py:836} INFO - DAG(s) dict_keys(['example_dynamic_task_mapping_with_no_taskflow_operators']) retrieved from /home/airflow/.local/lib/python3.7/site-packages/airflow/example_dags/example_dynamic_task_mapping_with_no_taskflow_operators.py
[2023-08-09T03:21:15.157+0000] {logging_mixin.py:150} INFO - [2023-08-09T03:21:15.157+0000] {dag.py:2742} INFO - Sync 1 DAGs
[2023-08-09T03:21:15.179+0000] {logging_mixin.py:150} INFO - [2023-08-09T03:21:15.179+0000] {dag.py:3508} INFO - Setting next_dagrun for example_dynamic_task_mapping_with_no_taskflow_operators to 2023-08-08T03:21:15.179405+00:00, run_after=2023-08-09T03:21:15.179405+00:00
[2023-08-09T03:21:15.198+0000] {processor.py:179} INFO - Processing /home/airflow/.local/lib/python3.7/site-packages/airflow/example_dags/example_dynamic_task_mapping_with_no_taskflow_operators.py took 0.069 seconds
[2023-08-09T03:21:45.496+0000] {processor.py:157} INFO - Started process (PID=1279) to work on /home/airflow/.local/lib/python3.7/site-packages/airflow/example_dags/example_dynamic_task_mapping_with_no_taskflow_operators.py
[2023-08-09T03:21:45.496+0000] {processor.py:826} INFO - Processing file /home/airflow/.local/lib/python3.7/site-packages/airflow/example_dags/example_dynamic_task_mapping_with_no_taskflow_operators.py for tasks to queue
[2023-08-09T03:21:45.498+0000] {logging_mixin.py:150} INFO - [2023-08-09T03:21:45.498+0000] {dagbag.py:541} INFO - Filling up the DagBag from /home/airflow/.local/lib/python3.7/site-packages/airflow/example_dags/example_dynamic_task_mapping_with_no_taskflow_operators.py
[2023-08-09T03:21:45.503+0000] {processor.py:836} INFO - DAG(s) dict_keys(['example_dynamic_task_mapping_with_no_taskflow_operators']) retrieved from /home/airflow/.local/lib/python3.7/site-packages/airflow/example_dags/example_dynamic_task_mapping_with_no_taskflow_operators.py
[2023-08-09T03:21:45.524+0000] {logging_mixin.py:150} INFO - [2023-08-09T03:21:45.523+0000] {dag.py:2742} INFO - Sync 1 DAGs
[2023-08-09T03:21:45.559+0000] {logging_mixin.py:150} INFO - [2023-08-09T03:21:45.559+0000] {dag.py:3508} INFO - Setting next_dagrun for example_dynamic_task_mapping_with_no_taskflow_operators to 2023-08-08T03:21:45.558832+00:00, run_after=2023-08-09T03:21:45.558832+00:00
[2023-08-09T03:21:45.575+0000] {processor.py:179} INFO - Processing /home/airflow/.local/lib/python3.7/site-packages/airflow/example_dags/example_dynamic_task_mapping_with_no_taskflow_operators.py took 0.082 seconds
[2023-08-09T03:22:16.550+0000] {processor.py:157} INFO - Started process (PID=1334) to work on /home/airflow/.local/lib/python3.7/site-packages/airflow/example_dags/example_dynamic_task_mapping_with_no_taskflow_operators.py
[2023-08-09T03:22:16.550+0000] {processor.py:826} INFO - Processing file /home/airflow/.local/lib/python3.7/site-packages/airflow/example_dags/example_dynamic_task_mapping_with_no_taskflow_operators.py for tasks to queue
[2023-08-09T03:22:16.552+0000] {logging_mixin.py:150} INFO - [2023-08-09T03:22:16.552+0000] {dagbag.py:541} INFO - Filling up the DagBag from /home/airflow/.local/lib/python3.7/site-packages/airflow/example_dags/example_dynamic_task_mapping_with_no_taskflow_operators.py
[2023-08-09T03:22:16.557+0000] {processor.py:836} INFO - DAG(s) dict_keys(['example_dynamic_task_mapping_with_no_taskflow_operators']) retrieved from /home/airflow/.local/lib/python3.7/site-packages/airflow/example_dags/example_dynamic_task_mapping_with_no_taskflow_operators.py
[2023-08-09T03:22:16.577+0000] {logging_mixin.py:150} INFO - [2023-08-09T03:22:16.576+0000] {dag.py:2742} INFO - Sync 1 DAGs
[2023-08-09T03:22:16.609+0000] {logging_mixin.py:150} INFO - [2023-08-09T03:22:16.609+0000] {dag.py:3508} INFO - Setting next_dagrun for example_dynamic_task_mapping_with_no_taskflow_operators to 2023-08-08T03:22:16.609244+00:00, run_after=2023-08-09T03:22:16.609244+00:00
[2023-08-09T03:22:16.636+0000] {processor.py:179} INFO - Processing /home/airflow/.local/lib/python3.7/site-packages/airflow/example_dags/example_dynamic_task_mapping_with_no_taskflow_operators.py took 0.089 seconds
[2023-08-09T03:22:46.911+0000] {processor.py:157} INFO - Started process (PID=1388) to work on /home/airflow/.local/lib/python3.7/site-packages/airflow/example_dags/example_dynamic_task_mapping_with_no_taskflow_operators.py
[2023-08-09T03:22:46.912+0000] {processor.py:826} INFO - Processing file /home/airflow/.local/lib/python3.7/site-packages/airflow/example_dags/example_dynamic_task_mapping_with_no_taskflow_operators.py for tasks to queue
[2023-08-09T03:22:46.914+0000] {logging_mixin.py:150} INFO - [2023-08-09T03:22:46.914+0000] {dagbag.py:541} INFO - Filling up the DagBag from /home/airflow/.local/lib/python3.7/site-packages/airflow/example_dags/example_dynamic_task_mapping_with_no_taskflow_operators.py
[2023-08-09T03:22:46.923+0000] {processor.py:836} INFO - DAG(s) dict_keys(['example_dynamic_task_mapping_with_no_taskflow_operators']) retrieved from /home/airflow/.local/lib/python3.7/site-packages/airflow/example_dags/example_dynamic_task_mapping_with_no_taskflow_operators.py
[2023-08-09T03:22:46.956+0000] {logging_mixin.py:150} INFO - [2023-08-09T03:22:46.955+0000] {dag.py:2742} INFO - Sync 1 DAGs
[2023-08-09T03:22:46.988+0000] {logging_mixin.py:150} INFO - [2023-08-09T03:22:46.988+0000] {dag.py:3508} INFO - Setting next_dagrun for example_dynamic_task_mapping_with_no_taskflow_operators to 2023-08-08T03:22:46.987928+00:00, run_after=2023-08-09T03:22:46.987928+00:00
[2023-08-09T03:22:47.004+0000] {processor.py:179} INFO - Processing /home/airflow/.local/lib/python3.7/site-packages/airflow/example_dags/example_dynamic_task_mapping_with_no_taskflow_operators.py took 0.098 seconds
[2023-08-09T03:23:17.077+0000] {processor.py:157} INFO - Started process (PID=1443) to work on /home/airflow/.local/lib/python3.7/site-packages/airflow/example_dags/example_dynamic_task_mapping_with_no_taskflow_operators.py
[2023-08-09T03:23:17.077+0000] {processor.py:826} INFO - Processing file /home/airflow/.local/lib/python3.7/site-packages/airflow/example_dags/example_dynamic_task_mapping_with_no_taskflow_operators.py for tasks to queue
[2023-08-09T03:23:17.079+0000] {logging_mixin.py:150} INFO - [2023-08-09T03:23:17.079+0000] {dagbag.py:541} INFO - Filling up the DagBag from /home/airflow/.local/lib/python3.7/site-packages/airflow/example_dags/example_dynamic_task_mapping_with_no_taskflow_operators.py
[2023-08-09T03:23:17.085+0000] {processor.py:836} INFO - DAG(s) dict_keys(['example_dynamic_task_mapping_with_no_taskflow_operators']) retrieved from /home/airflow/.local/lib/python3.7/site-packages/airflow/example_dags/example_dynamic_task_mapping_with_no_taskflow_operators.py
[2023-08-09T03:23:17.106+0000] {logging_mixin.py:150} INFO - [2023-08-09T03:23:17.106+0000] {dag.py:2742} INFO - Sync 1 DAGs
[2023-08-09T03:23:17.129+0000] {logging_mixin.py:150} INFO - [2023-08-09T03:23:17.128+0000] {dag.py:3508} INFO - Setting next_dagrun for example_dynamic_task_mapping_with_no_taskflow_operators to 2023-08-08T03:23:17.128690+00:00, run_after=2023-08-09T03:23:17.128690+00:00
[2023-08-09T03:23:17.145+0000] {processor.py:179} INFO - Processing /home/airflow/.local/lib/python3.7/site-packages/airflow/example_dags/example_dynamic_task_mapping_with_no_taskflow_operators.py took 0.071 seconds
[2023-08-09T03:23:47.274+0000] {processor.py:157} INFO - Started process (PID=1498) to work on /home/airflow/.local/lib/python3.7/site-packages/airflow/example_dags/example_dynamic_task_mapping_with_no_taskflow_operators.py
[2023-08-09T03:23:47.274+0000] {processor.py:826} INFO - Processing file /home/airflow/.local/lib/python3.7/site-packages/airflow/example_dags/example_dynamic_task_mapping_with_no_taskflow_operators.py for tasks to queue
[2023-08-09T03:23:47.276+0000] {logging_mixin.py:150} INFO - [2023-08-09T03:23:47.276+0000] {dagbag.py:541} INFO - Filling up the DagBag from /home/airflow/.local/lib/python3.7/site-packages/airflow/example_dags/example_dynamic_task_mapping_with_no_taskflow_operators.py
[2023-08-09T03:23:47.282+0000] {processor.py:836} INFO - DAG(s) dict_keys(['example_dynamic_task_mapping_with_no_taskflow_operators']) retrieved from /home/airflow/.local/lib/python3.7/site-packages/airflow/example_dags/example_dynamic_task_mapping_with_no_taskflow_operators.py
[2023-08-09T03:23:47.309+0000] {logging_mixin.py:150} INFO - [2023-08-09T03:23:47.308+0000] {dag.py:2742} INFO - Sync 1 DAGs
[2023-08-09T03:23:47.337+0000] {logging_mixin.py:150} INFO - [2023-08-09T03:23:47.337+0000] {dag.py:3508} INFO - Setting next_dagrun for example_dynamic_task_mapping_with_no_taskflow_operators to 2023-08-08T03:23:47.336844+00:00, run_after=2023-08-09T03:23:47.336844+00:00
[2023-08-09T03:23:47.356+0000] {processor.py:179} INFO - Processing /home/airflow/.local/lib/python3.7/site-packages/airflow/example_dags/example_dynamic_task_mapping_with_no_taskflow_operators.py took 0.086 seconds
[2023-08-09T03:24:17.451+0000] {processor.py:157} INFO - Started process (PID=1552) to work on /home/airflow/.local/lib/python3.7/site-packages/airflow/example_dags/example_dynamic_task_mapping_with_no_taskflow_operators.py
[2023-08-09T03:24:17.452+0000] {processor.py:826} INFO - Processing file /home/airflow/.local/lib/python3.7/site-packages/airflow/example_dags/example_dynamic_task_mapping_with_no_taskflow_operators.py for tasks to queue
[2023-08-09T03:24:17.454+0000] {logging_mixin.py:150} INFO - [2023-08-09T03:24:17.454+0000] {dagbag.py:541} INFO - Filling up the DagBag from /home/airflow/.local/lib/python3.7/site-packages/airflow/example_dags/example_dynamic_task_mapping_with_no_taskflow_operators.py
[2023-08-09T03:24:17.459+0000] {processor.py:836} INFO - DAG(s) dict_keys(['example_dynamic_task_mapping_with_no_taskflow_operators']) retrieved from /home/airflow/.local/lib/python3.7/site-packages/airflow/example_dags/example_dynamic_task_mapping_with_no_taskflow_operators.py
[2023-08-09T03:24:17.482+0000] {logging_mixin.py:150} INFO - [2023-08-09T03:24:17.481+0000] {dag.py:2742} INFO - Sync 1 DAGs
[2023-08-09T03:24:17.513+0000] {logging_mixin.py:150} INFO - [2023-08-09T03:24:17.512+0000] {dag.py:3508} INFO - Setting next_dagrun for example_dynamic_task_mapping_with_no_taskflow_operators to 2023-08-08T03:24:17.512579+00:00, run_after=2023-08-09T03:24:17.512579+00:00
[2023-08-09T03:24:17.535+0000] {processor.py:179} INFO - Processing /home/airflow/.local/lib/python3.7/site-packages/airflow/example_dags/example_dynamic_task_mapping_with_no_taskflow_operators.py took 0.086 seconds
[2023-08-09T03:24:47.669+0000] {processor.py:157} INFO - Started process (PID=1607) to work on /home/airflow/.local/lib/python3.7/site-packages/airflow/example_dags/example_dynamic_task_mapping_with_no_taskflow_operators.py
[2023-08-09T03:24:47.669+0000] {processor.py:826} INFO - Processing file /home/airflow/.local/lib/python3.7/site-packages/airflow/example_dags/example_dynamic_task_mapping_with_no_taskflow_operators.py for tasks to queue
[2023-08-09T03:24:47.671+0000] {logging_mixin.py:150} INFO - [2023-08-09T03:24:47.671+0000] {dagbag.py:541} INFO - Filling up the DagBag from /home/airflow/.local/lib/python3.7/site-packages/airflow/example_dags/example_dynamic_task_mapping_with_no_taskflow_operators.py
[2023-08-09T03:24:47.676+0000] {processor.py:836} INFO - DAG(s) dict_keys(['example_dynamic_task_mapping_with_no_taskflow_operators']) retrieved from /home/airflow/.local/lib/python3.7/site-packages/airflow/example_dags/example_dynamic_task_mapping_with_no_taskflow_operators.py
[2023-08-09T03:24:47.709+0000] {logging_mixin.py:150} INFO - [2023-08-09T03:24:47.707+0000] {dag.py:2742} INFO - Sync 1 DAGs
[2023-08-09T03:24:47.749+0000] {logging_mixin.py:150} INFO - [2023-08-09T03:24:47.749+0000] {dag.py:3508} INFO - Setting next_dagrun for example_dynamic_task_mapping_with_no_taskflow_operators to 2023-08-08T03:24:47.749210+00:00, run_after=2023-08-09T03:24:47.749210+00:00
[2023-08-09T03:24:47.770+0000] {processor.py:179} INFO - Processing /home/airflow/.local/lib/python3.7/site-packages/airflow/example_dags/example_dynamic_task_mapping_with_no_taskflow_operators.py took 0.104 seconds
[2023-08-09T03:25:17.888+0000] {processor.py:157} INFO - Started process (PID=1661) to work on /home/airflow/.local/lib/python3.7/site-packages/airflow/example_dags/example_dynamic_task_mapping_with_no_taskflow_operators.py
[2023-08-09T03:25:17.889+0000] {processor.py:826} INFO - Processing file /home/airflow/.local/lib/python3.7/site-packages/airflow/example_dags/example_dynamic_task_mapping_with_no_taskflow_operators.py for tasks to queue
[2023-08-09T03:25:17.891+0000] {logging_mixin.py:150} INFO - [2023-08-09T03:25:17.891+0000] {dagbag.py:541} INFO - Filling up the DagBag from /home/airflow/.local/lib/python3.7/site-packages/airflow/example_dags/example_dynamic_task_mapping_with_no_taskflow_operators.py
[2023-08-09T03:25:17.899+0000] {processor.py:836} INFO - DAG(s) dict_keys(['example_dynamic_task_mapping_with_no_taskflow_operators']) retrieved from /home/airflow/.local/lib/python3.7/site-packages/airflow/example_dags/example_dynamic_task_mapping_with_no_taskflow_operators.py
[2023-08-09T03:25:17.923+0000] {logging_mixin.py:150} INFO - [2023-08-09T03:25:17.922+0000] {dag.py:2742} INFO - Sync 1 DAGs
[2023-08-09T03:25:17.951+0000] {logging_mixin.py:150} INFO - [2023-08-09T03:25:17.951+0000] {dag.py:3508} INFO - Setting next_dagrun for example_dynamic_task_mapping_with_no_taskflow_operators to 2023-08-08T03:25:17.951343+00:00, run_after=2023-08-09T03:25:17.951343+00:00
[2023-08-09T03:25:17.973+0000] {processor.py:179} INFO - Processing /home/airflow/.local/lib/python3.7/site-packages/airflow/example_dags/example_dynamic_task_mapping_with_no_taskflow_operators.py took 0.088 seconds
[2023-08-09T03:25:48.095+0000] {processor.py:157} INFO - Started process (PID=1716) to work on /home/airflow/.local/lib/python3.7/site-packages/airflow/example_dags/example_dynamic_task_mapping_with_no_taskflow_operators.py
[2023-08-09T03:25:48.096+0000] {processor.py:826} INFO - Processing file /home/airflow/.local/lib/python3.7/site-packages/airflow/example_dags/example_dynamic_task_mapping_with_no_taskflow_operators.py for tasks to queue
[2023-08-09T03:25:48.098+0000] {logging_mixin.py:150} INFO - [2023-08-09T03:25:48.098+0000] {dagbag.py:541} INFO - Filling up the DagBag from /home/airflow/.local/lib/python3.7/site-packages/airflow/example_dags/example_dynamic_task_mapping_with_no_taskflow_operators.py
[2023-08-09T03:25:48.103+0000] {processor.py:836} INFO - DAG(s) dict_keys(['example_dynamic_task_mapping_with_no_taskflow_operators']) retrieved from /home/airflow/.local/lib/python3.7/site-packages/airflow/example_dags/example_dynamic_task_mapping_with_no_taskflow_operators.py
[2023-08-09T03:25:48.126+0000] {logging_mixin.py:150} INFO - [2023-08-09T03:25:48.125+0000] {dag.py:2742} INFO - Sync 1 DAGs
[2023-08-09T03:25:48.152+0000] {logging_mixin.py:150} INFO - [2023-08-09T03:25:48.151+0000] {dag.py:3508} INFO - Setting next_dagrun for example_dynamic_task_mapping_with_no_taskflow_operators to 2023-08-08T03:25:48.151643+00:00, run_after=2023-08-09T03:25:48.151643+00:00
[2023-08-09T03:25:48.169+0000] {processor.py:179} INFO - Processing /home/airflow/.local/lib/python3.7/site-packages/airflow/example_dags/example_dynamic_task_mapping_with_no_taskflow_operators.py took 0.077 seconds
[2023-08-09T03:26:18.634+0000] {processor.py:157} INFO - Started process (PID=1770) to work on /home/airflow/.local/lib/python3.7/site-packages/airflow/example_dags/example_dynamic_task_mapping_with_no_taskflow_operators.py
[2023-08-09T03:26:18.635+0000] {processor.py:826} INFO - Processing file /home/airflow/.local/lib/python3.7/site-packages/airflow/example_dags/example_dynamic_task_mapping_with_no_taskflow_operators.py for tasks to queue
[2023-08-09T03:26:18.637+0000] {logging_mixin.py:150} INFO - [2023-08-09T03:26:18.637+0000] {dagbag.py:541} INFO - Filling up the DagBag from /home/airflow/.local/lib/python3.7/site-packages/airflow/example_dags/example_dynamic_task_mapping_with_no_taskflow_operators.py
[2023-08-09T03:26:18.643+0000] {processor.py:836} INFO - DAG(s) dict_keys(['example_dynamic_task_mapping_with_no_taskflow_operators']) retrieved from /home/airflow/.local/lib/python3.7/site-packages/airflow/example_dags/example_dynamic_task_mapping_with_no_taskflow_operators.py
[2023-08-09T03:26:18.672+0000] {logging_mixin.py:150} INFO - [2023-08-09T03:26:18.670+0000] {dag.py:2742} INFO - Sync 1 DAGs
[2023-08-09T03:26:18.720+0000] {logging_mixin.py:150} INFO - [2023-08-09T03:26:18.720+0000] {dag.py:3508} INFO - Setting next_dagrun for example_dynamic_task_mapping_with_no_taskflow_operators to 2023-08-08T03:26:18.719896+00:00, run_after=2023-08-09T03:26:18.719896+00:00
[2023-08-09T03:26:18.739+0000] {processor.py:179} INFO - Processing /home/airflow/.local/lib/python3.7/site-packages/airflow/example_dags/example_dynamic_task_mapping_with_no_taskflow_operators.py took 0.108 seconds
[2023-08-09T03:26:49.714+0000] {processor.py:157} INFO - Started process (PID=1826) to work on /home/airflow/.local/lib/python3.7/site-packages/airflow/example_dags/example_dynamic_task_mapping_with_no_taskflow_operators.py
[2023-08-09T03:26:49.715+0000] {processor.py:826} INFO - Processing file /home/airflow/.local/lib/python3.7/site-packages/airflow/example_dags/example_dynamic_task_mapping_with_no_taskflow_operators.py for tasks to queue
[2023-08-09T03:26:49.716+0000] {logging_mixin.py:150} INFO - [2023-08-09T03:26:49.716+0000] {dagbag.py:541} INFO - Filling up the DagBag from /home/airflow/.local/lib/python3.7/site-packages/airflow/example_dags/example_dynamic_task_mapping_with_no_taskflow_operators.py
[2023-08-09T03:26:49.722+0000] {processor.py:836} INFO - DAG(s) dict_keys(['example_dynamic_task_mapping_with_no_taskflow_operators']) retrieved from /home/airflow/.local/lib/python3.7/site-packages/airflow/example_dags/example_dynamic_task_mapping_with_no_taskflow_operators.py
[2023-08-09T03:26:49.748+0000] {logging_mixin.py:150} INFO - [2023-08-09T03:26:49.747+0000] {dag.py:2742} INFO - Sync 1 DAGs
[2023-08-09T03:26:49.783+0000] {logging_mixin.py:150} INFO - [2023-08-09T03:26:49.782+0000] {dag.py:3508} INFO - Setting next_dagrun for example_dynamic_task_mapping_with_no_taskflow_operators to 2023-08-08T03:26:49.782513+00:00, run_after=2023-08-09T03:26:49.782513+00:00
[2023-08-09T03:26:49.806+0000] {processor.py:179} INFO - Processing /home/airflow/.local/lib/python3.7/site-packages/airflow/example_dags/example_dynamic_task_mapping_with_no_taskflow_operators.py took 0.094 seconds
[2023-08-09T03:27:20.183+0000] {processor.py:157} INFO - Started process (PID=1880) to work on /home/airflow/.local/lib/python3.7/site-packages/airflow/example_dags/example_dynamic_task_mapping_with_no_taskflow_operators.py
[2023-08-09T03:27:20.185+0000] {processor.py:826} INFO - Processing file /home/airflow/.local/lib/python3.7/site-packages/airflow/example_dags/example_dynamic_task_mapping_with_no_taskflow_operators.py for tasks to queue
[2023-08-09T03:27:20.187+0000] {logging_mixin.py:150} INFO - [2023-08-09T03:27:20.187+0000] {dagbag.py:541} INFO - Filling up the DagBag from /home/airflow/.local/lib/python3.7/site-packages/airflow/example_dags/example_dynamic_task_mapping_with_no_taskflow_operators.py
[2023-08-09T03:27:20.195+0000] {processor.py:836} INFO - DAG(s) dict_keys(['example_dynamic_task_mapping_with_no_taskflow_operators']) retrieved from /home/airflow/.local/lib/python3.7/site-packages/airflow/example_dags/example_dynamic_task_mapping_with_no_taskflow_operators.py
[2023-08-09T03:27:20.228+0000] {logging_mixin.py:150} INFO - [2023-08-09T03:27:20.227+0000] {dag.py:2742} INFO - Sync 1 DAGs
[2023-08-09T03:27:20.275+0000] {logging_mixin.py:150} INFO - [2023-08-09T03:27:20.275+0000] {dag.py:3508} INFO - Setting next_dagrun for example_dynamic_task_mapping_with_no_taskflow_operators to 2023-08-08T03:27:20.275277+00:00, run_after=2023-08-09T03:27:20.275277+00:00
[2023-08-09T03:27:20.305+0000] {processor.py:179} INFO - Processing /home/airflow/.local/lib/python3.7/site-packages/airflow/example_dags/example_dynamic_task_mapping_with_no_taskflow_operators.py took 0.125 seconds
[2023-08-09T03:27:50.450+0000] {processor.py:157} INFO - Started process (PID=1941) to work on /home/airflow/.local/lib/python3.7/site-packages/airflow/example_dags/example_dynamic_task_mapping_with_no_taskflow_operators.py
[2023-08-09T03:27:50.450+0000] {processor.py:826} INFO - Processing file /home/airflow/.local/lib/python3.7/site-packages/airflow/example_dags/example_dynamic_task_mapping_with_no_taskflow_operators.py for tasks to queue
[2023-08-09T03:27:50.452+0000] {logging_mixin.py:150} INFO - [2023-08-09T03:27:50.452+0000] {dagbag.py:541} INFO - Filling up the DagBag from /home/airflow/.local/lib/python3.7/site-packages/airflow/example_dags/example_dynamic_task_mapping_with_no_taskflow_operators.py
[2023-08-09T03:27:50.459+0000] {processor.py:836} INFO - DAG(s) dict_keys(['example_dynamic_task_mapping_with_no_taskflow_operators']) retrieved from /home/airflow/.local/lib/python3.7/site-packages/airflow/example_dags/example_dynamic_task_mapping_with_no_taskflow_operators.py
[2023-08-09T03:27:50.493+0000] {logging_mixin.py:150} INFO - [2023-08-09T03:27:50.491+0000] {dag.py:2742} INFO - Sync 1 DAGs
[2023-08-09T03:27:50.525+0000] {logging_mixin.py:150} INFO - [2023-08-09T03:27:50.525+0000] {dag.py:3508} INFO - Setting next_dagrun for example_dynamic_task_mapping_with_no_taskflow_operators to 2023-08-08T03:27:50.525472+00:00, run_after=2023-08-09T03:27:50.525472+00:00
[2023-08-09T03:27:50.545+0000] {processor.py:179} INFO - Processing /home/airflow/.local/lib/python3.7/site-packages/airflow/example_dags/example_dynamic_task_mapping_with_no_taskflow_operators.py took 0.099 seconds
[2023-08-09T03:28:20.908+0000] {processor.py:157} INFO - Started process (PID=1998) to work on /home/airflow/.local/lib/python3.7/site-packages/airflow/example_dags/example_dynamic_task_mapping_with_no_taskflow_operators.py
[2023-08-09T03:28:20.908+0000] {processor.py:826} INFO - Processing file /home/airflow/.local/lib/python3.7/site-packages/airflow/example_dags/example_dynamic_task_mapping_with_no_taskflow_operators.py for tasks to queue
[2023-08-09T03:28:20.910+0000] {logging_mixin.py:150} INFO - [2023-08-09T03:28:20.910+0000] {dagbag.py:541} INFO - Filling up the DagBag from /home/airflow/.local/lib/python3.7/site-packages/airflow/example_dags/example_dynamic_task_mapping_with_no_taskflow_operators.py
[2023-08-09T03:28:20.916+0000] {processor.py:836} INFO - DAG(s) dict_keys(['example_dynamic_task_mapping_with_no_taskflow_operators']) retrieved from /home/airflow/.local/lib/python3.7/site-packages/airflow/example_dags/example_dynamic_task_mapping_with_no_taskflow_operators.py
[2023-08-09T03:28:20.937+0000] {logging_mixin.py:150} INFO - [2023-08-09T03:28:20.936+0000] {dag.py:2742} INFO - Sync 1 DAGs
[2023-08-09T03:28:20.969+0000] {logging_mixin.py:150} INFO - [2023-08-09T03:28:20.969+0000] {dag.py:3508} INFO - Setting next_dagrun for example_dynamic_task_mapping_with_no_taskflow_operators to 2023-08-08T03:28:20.969005+00:00, run_after=2023-08-09T03:28:20.969005+00:00
[2023-08-09T03:28:20.987+0000] {processor.py:179} INFO - Processing /home/airflow/.local/lib/python3.7/site-packages/airflow/example_dags/example_dynamic_task_mapping_with_no_taskflow_operators.py took 0.083 seconds
[2023-08-09T03:28:51.181+0000] {processor.py:157} INFO - Started process (PID=2053) to work on /home/airflow/.local/lib/python3.7/site-packages/airflow/example_dags/example_dynamic_task_mapping_with_no_taskflow_operators.py
[2023-08-09T03:28:51.182+0000] {processor.py:826} INFO - Processing file /home/airflow/.local/lib/python3.7/site-packages/airflow/example_dags/example_dynamic_task_mapping_with_no_taskflow_operators.py for tasks to queue
[2023-08-09T03:28:51.184+0000] {logging_mixin.py:150} INFO - [2023-08-09T03:28:51.184+0000] {dagbag.py:541} INFO - Filling up the DagBag from /home/airflow/.local/lib/python3.7/site-packages/airflow/example_dags/example_dynamic_task_mapping_with_no_taskflow_operators.py
[2023-08-09T03:28:51.191+0000] {processor.py:836} INFO - DAG(s) dict_keys(['example_dynamic_task_mapping_with_no_taskflow_operators']) retrieved from /home/airflow/.local/lib/python3.7/site-packages/airflow/example_dags/example_dynamic_task_mapping_with_no_taskflow_operators.py
[2023-08-09T03:28:51.219+0000] {logging_mixin.py:150} INFO - [2023-08-09T03:28:51.219+0000] {dag.py:2742} INFO - Sync 1 DAGs
[2023-08-09T03:28:51.250+0000] {logging_mixin.py:150} INFO - [2023-08-09T03:28:51.250+0000] {dag.py:3508} INFO - Setting next_dagrun for example_dynamic_task_mapping_with_no_taskflow_operators to 2023-08-08T03:28:51.250199+00:00, run_after=2023-08-09T03:28:51.250199+00:00
[2023-08-09T03:28:51.278+0000] {processor.py:179} INFO - Processing /home/airflow/.local/lib/python3.7/site-packages/airflow/example_dags/example_dynamic_task_mapping_with_no_taskflow_operators.py took 0.100 seconds
[2023-08-09T03:29:21.513+0000] {processor.py:157} INFO - Started process (PID=2108) to work on /home/airflow/.local/lib/python3.7/site-packages/airflow/example_dags/example_dynamic_task_mapping_with_no_taskflow_operators.py
[2023-08-09T03:29:21.514+0000] {processor.py:826} INFO - Processing file /home/airflow/.local/lib/python3.7/site-packages/airflow/example_dags/example_dynamic_task_mapping_with_no_taskflow_operators.py for tasks to queue
[2023-08-09T03:29:21.517+0000] {logging_mixin.py:150} INFO - [2023-08-09T03:29:21.516+0000] {dagbag.py:541} INFO - Filling up the DagBag from /home/airflow/.local/lib/python3.7/site-packages/airflow/example_dags/example_dynamic_task_mapping_with_no_taskflow_operators.py
[2023-08-09T03:29:21.523+0000] {processor.py:836} INFO - DAG(s) dict_keys(['example_dynamic_task_mapping_with_no_taskflow_operators']) retrieved from /home/airflow/.local/lib/python3.7/site-packages/airflow/example_dags/example_dynamic_task_mapping_with_no_taskflow_operators.py
[2023-08-09T03:29:21.548+0000] {logging_mixin.py:150} INFO - [2023-08-09T03:29:21.547+0000] {dag.py:2742} INFO - Sync 1 DAGs
[2023-08-09T03:29:21.573+0000] {logging_mixin.py:150} INFO - [2023-08-09T03:29:21.573+0000] {dag.py:3508} INFO - Setting next_dagrun for example_dynamic_task_mapping_with_no_taskflow_operators to 2023-08-08T03:29:21.573262+00:00, run_after=2023-08-09T03:29:21.573262+00:00
[2023-08-09T03:29:21.594+0000] {processor.py:179} INFO - Processing /home/airflow/.local/lib/python3.7/site-packages/airflow/example_dags/example_dynamic_task_mapping_with_no_taskflow_operators.py took 0.084 seconds
[2023-08-09T03:29:52.520+0000] {processor.py:157} INFO - Started process (PID=2163) to work on /home/airflow/.local/lib/python3.7/site-packages/airflow/example_dags/example_dynamic_task_mapping_with_no_taskflow_operators.py
[2023-08-09T03:29:52.521+0000] {processor.py:826} INFO - Processing file /home/airflow/.local/lib/python3.7/site-packages/airflow/example_dags/example_dynamic_task_mapping_with_no_taskflow_operators.py for tasks to queue
[2023-08-09T03:29:52.522+0000] {logging_mixin.py:150} INFO - [2023-08-09T03:29:52.522+0000] {dagbag.py:541} INFO - Filling up the DagBag from /home/airflow/.local/lib/python3.7/site-packages/airflow/example_dags/example_dynamic_task_mapping_with_no_taskflow_operators.py
[2023-08-09T03:29:52.528+0000] {processor.py:836} INFO - DAG(s) dict_keys(['example_dynamic_task_mapping_with_no_taskflow_operators']) retrieved from /home/airflow/.local/lib/python3.7/site-packages/airflow/example_dags/example_dynamic_task_mapping_with_no_taskflow_operators.py
[2023-08-09T03:29:52.548+0000] {logging_mixin.py:150} INFO - [2023-08-09T03:29:52.548+0000] {dag.py:2742} INFO - Sync 1 DAGs
[2023-08-09T03:29:52.575+0000] {logging_mixin.py:150} INFO - [2023-08-09T03:29:52.575+0000] {dag.py:3508} INFO - Setting next_dagrun for example_dynamic_task_mapping_with_no_taskflow_operators to 2023-08-08T03:29:52.574899+00:00, run_after=2023-08-09T03:29:52.574899+00:00
[2023-08-09T03:29:52.596+0000] {processor.py:179} INFO - Processing /home/airflow/.local/lib/python3.7/site-packages/airflow/example_dags/example_dynamic_task_mapping_with_no_taskflow_operators.py took 0.078 seconds
[2023-08-09T03:30:23.538+0000] {processor.py:157} INFO - Started process (PID=2218) to work on /home/airflow/.local/lib/python3.7/site-packages/airflow/example_dags/example_dynamic_task_mapping_with_no_taskflow_operators.py
[2023-08-09T03:30:23.539+0000] {processor.py:826} INFO - Processing file /home/airflow/.local/lib/python3.7/site-packages/airflow/example_dags/example_dynamic_task_mapping_with_no_taskflow_operators.py for tasks to queue
[2023-08-09T03:30:23.539+0000] {logging_mixin.py:150} INFO - [2023-08-09T03:30:23.539+0000] {dagbag.py:541} INFO - Filling up the DagBag from /home/airflow/.local/lib/python3.7/site-packages/airflow/example_dags/example_dynamic_task_mapping_with_no_taskflow_operators.py
[2023-08-09T03:30:23.546+0000] {processor.py:836} INFO - DAG(s) dict_keys(['example_dynamic_task_mapping_with_no_taskflow_operators']) retrieved from /home/airflow/.local/lib/python3.7/site-packages/airflow/example_dags/example_dynamic_task_mapping_with_no_taskflow_operators.py
[2023-08-09T03:30:23.565+0000] {logging_mixin.py:150} INFO - [2023-08-09T03:30:23.565+0000] {dag.py:2742} INFO - Sync 1 DAGs
[2023-08-09T03:30:23.590+0000] {logging_mixin.py:150} INFO - [2023-08-09T03:30:23.590+0000] {dag.py:3508} INFO - Setting next_dagrun for example_dynamic_task_mapping_with_no_taskflow_operators to 2023-08-08T03:30:23.590315+00:00, run_after=2023-08-09T03:30:23.590315+00:00
[2023-08-09T03:30:23.606+0000] {processor.py:179} INFO - Processing /home/airflow/.local/lib/python3.7/site-packages/airflow/example_dags/example_dynamic_task_mapping_with_no_taskflow_operators.py took 0.071 seconds
[2023-08-09T03:30:53.678+0000] {processor.py:157} INFO - Started process (PID=2273) to work on /home/airflow/.local/lib/python3.7/site-packages/airflow/example_dags/example_dynamic_task_mapping_with_no_taskflow_operators.py
[2023-08-09T03:30:53.679+0000] {processor.py:826} INFO - Processing file /home/airflow/.local/lib/python3.7/site-packages/airflow/example_dags/example_dynamic_task_mapping_with_no_taskflow_operators.py for tasks to queue
[2023-08-09T03:30:53.681+0000] {logging_mixin.py:150} INFO - [2023-08-09T03:30:53.680+0000] {dagbag.py:541} INFO - Filling up the DagBag from /home/airflow/.local/lib/python3.7/site-packages/airflow/example_dags/example_dynamic_task_mapping_with_no_taskflow_operators.py
[2023-08-09T03:30:53.693+0000] {processor.py:836} INFO - DAG(s) dict_keys(['example_dynamic_task_mapping_with_no_taskflow_operators']) retrieved from /home/airflow/.local/lib/python3.7/site-packages/airflow/example_dags/example_dynamic_task_mapping_with_no_taskflow_operators.py
[2023-08-09T03:30:53.730+0000] {logging_mixin.py:150} INFO - [2023-08-09T03:30:53.729+0000] {dag.py:2742} INFO - Sync 1 DAGs
[2023-08-09T03:30:53.763+0000] {logging_mixin.py:150} INFO - [2023-08-09T03:30:53.763+0000] {dag.py:3508} INFO - Setting next_dagrun for example_dynamic_task_mapping_with_no_taskflow_operators to 2023-08-08T03:30:53.763120+00:00, run_after=2023-08-09T03:30:53.763120+00:00
[2023-08-09T03:30:53.786+0000] {processor.py:179} INFO - Processing /home/airflow/.local/lib/python3.7/site-packages/airflow/example_dags/example_dynamic_task_mapping_with_no_taskflow_operators.py took 0.113 seconds
[2023-08-09T03:31:24.339+0000] {processor.py:157} INFO - Started process (PID=2332) to work on /home/airflow/.local/lib/python3.7/site-packages/airflow/example_dags/example_dynamic_task_mapping_with_no_taskflow_operators.py
[2023-08-09T03:31:24.340+0000] {processor.py:826} INFO - Processing file /home/airflow/.local/lib/python3.7/site-packages/airflow/example_dags/example_dynamic_task_mapping_with_no_taskflow_operators.py for tasks to queue
[2023-08-09T03:31:24.341+0000] {logging_mixin.py:150} INFO - [2023-08-09T03:31:24.340+0000] {dagbag.py:541} INFO - Filling up the DagBag from /home/airflow/.local/lib/python3.7/site-packages/airflow/example_dags/example_dynamic_task_mapping_with_no_taskflow_operators.py
[2023-08-09T03:31:24.347+0000] {processor.py:836} INFO - DAG(s) dict_keys(['example_dynamic_task_mapping_with_no_taskflow_operators']) retrieved from /home/airflow/.local/lib/python3.7/site-packages/airflow/example_dags/example_dynamic_task_mapping_with_no_taskflow_operators.py
[2023-08-09T03:31:24.366+0000] {logging_mixin.py:150} INFO - [2023-08-09T03:31:24.366+0000] {dag.py:2742} INFO - Sync 1 DAGs
[2023-08-09T03:31:24.390+0000] {logging_mixin.py:150} INFO - [2023-08-09T03:31:24.389+0000] {dag.py:3508} INFO - Setting next_dagrun for example_dynamic_task_mapping_with_no_taskflow_operators to 2023-08-08T03:31:24.389619+00:00, run_after=2023-08-09T03:31:24.389619+00:00
[2023-08-09T03:31:24.405+0000] {processor.py:179} INFO - Processing /home/airflow/.local/lib/python3.7/site-packages/airflow/example_dags/example_dynamic_task_mapping_with_no_taskflow_operators.py took 0.068 seconds
[2023-08-09T03:31:54.444+0000] {processor.py:157} INFO - Started process (PID=2386) to work on /home/airflow/.local/lib/python3.7/site-packages/airflow/example_dags/example_dynamic_task_mapping_with_no_taskflow_operators.py
[2023-08-09T03:31:54.445+0000] {processor.py:826} INFO - Processing file /home/airflow/.local/lib/python3.7/site-packages/airflow/example_dags/example_dynamic_task_mapping_with_no_taskflow_operators.py for tasks to queue
[2023-08-09T03:31:54.446+0000] {logging_mixin.py:150} INFO - [2023-08-09T03:31:54.446+0000] {dagbag.py:541} INFO - Filling up the DagBag from /home/airflow/.local/lib/python3.7/site-packages/airflow/example_dags/example_dynamic_task_mapping_with_no_taskflow_operators.py
[2023-08-09T03:31:54.457+0000] {processor.py:836} INFO - DAG(s) dict_keys(['example_dynamic_task_mapping_with_no_taskflow_operators']) retrieved from /home/airflow/.local/lib/python3.7/site-packages/airflow/example_dags/example_dynamic_task_mapping_with_no_taskflow_operators.py
[2023-08-09T03:31:54.496+0000] {logging_mixin.py:150} INFO - [2023-08-09T03:31:54.495+0000] {dag.py:2742} INFO - Sync 1 DAGs
[2023-08-09T03:31:54.524+0000] {logging_mixin.py:150} INFO - [2023-08-09T03:31:54.524+0000] {dag.py:3508} INFO - Setting next_dagrun for example_dynamic_task_mapping_with_no_taskflow_operators to 2023-08-08T03:31:54.523794+00:00, run_after=2023-08-09T03:31:54.523794+00:00
[2023-08-09T03:31:54.550+0000] {processor.py:179} INFO - Processing /home/airflow/.local/lib/python3.7/site-packages/airflow/example_dags/example_dynamic_task_mapping_with_no_taskflow_operators.py took 0.111 seconds
[2023-08-09T03:32:24.959+0000] {processor.py:157} INFO - Started process (PID=2444) to work on /home/airflow/.local/lib/python3.7/site-packages/airflow/example_dags/example_dynamic_task_mapping_with_no_taskflow_operators.py
[2023-08-09T03:32:24.960+0000] {processor.py:826} INFO - Processing file /home/airflow/.local/lib/python3.7/site-packages/airflow/example_dags/example_dynamic_task_mapping_with_no_taskflow_operators.py for tasks to queue
[2023-08-09T03:32:24.960+0000] {logging_mixin.py:150} INFO - [2023-08-09T03:32:24.960+0000] {dagbag.py:541} INFO - Filling up the DagBag from /home/airflow/.local/lib/python3.7/site-packages/airflow/example_dags/example_dynamic_task_mapping_with_no_taskflow_operators.py
[2023-08-09T03:32:24.967+0000] {processor.py:836} INFO - DAG(s) dict_keys(['example_dynamic_task_mapping_with_no_taskflow_operators']) retrieved from /home/airflow/.local/lib/python3.7/site-packages/airflow/example_dags/example_dynamic_task_mapping_with_no_taskflow_operators.py
[2023-08-09T03:32:24.991+0000] {logging_mixin.py:150} INFO - [2023-08-09T03:32:24.991+0000] {dag.py:2742} INFO - Sync 1 DAGs
[2023-08-09T03:32:25.015+0000] {logging_mixin.py:150} INFO - [2023-08-09T03:32:25.015+0000] {dag.py:3508} INFO - Setting next_dagrun for example_dynamic_task_mapping_with_no_taskflow_operators to 2023-08-08T03:32:25.015068+00:00, run_after=2023-08-09T03:32:25.015068+00:00
[2023-08-09T03:32:25.031+0000] {processor.py:179} INFO - Processing /home/airflow/.local/lib/python3.7/site-packages/airflow/example_dags/example_dynamic_task_mapping_with_no_taskflow_operators.py took 0.076 seconds
[2023-08-09T03:32:56.310+0000] {processor.py:157} INFO - Started process (PID=2499) to work on /home/airflow/.local/lib/python3.7/site-packages/airflow/example_dags/example_dynamic_task_mapping_with_no_taskflow_operators.py
[2023-08-09T03:32:56.321+0000] {processor.py:826} INFO - Processing file /home/airflow/.local/lib/python3.7/site-packages/airflow/example_dags/example_dynamic_task_mapping_with_no_taskflow_operators.py for tasks to queue
[2023-08-09T03:32:56.334+0000] {logging_mixin.py:150} INFO - [2023-08-09T03:32:56.330+0000] {dagbag.py:541} INFO - Filling up the DagBag from /home/airflow/.local/lib/python3.7/site-packages/airflow/example_dags/example_dynamic_task_mapping_with_no_taskflow_operators.py
[2023-08-09T03:32:56.451+0000] {processor.py:836} INFO - DAG(s) dict_keys(['example_dynamic_task_mapping_with_no_taskflow_operators']) retrieved from /home/airflow/.local/lib/python3.7/site-packages/airflow/example_dags/example_dynamic_task_mapping_with_no_taskflow_operators.py
[2023-08-09T03:32:57.120+0000] {logging_mixin.py:150} INFO - [2023-08-09T03:32:57.118+0000] {dag.py:2742} INFO - Sync 1 DAGs
[2023-08-09T03:32:57.222+0000] {logging_mixin.py:150} INFO - [2023-08-09T03:32:57.222+0000] {dag.py:3508} INFO - Setting next_dagrun for example_dynamic_task_mapping_with_no_taskflow_operators to 2023-08-08T03:32:57.221814+00:00, run_after=2023-08-09T03:32:57.221814+00:00
[2023-08-09T03:32:57.248+0000] {processor.py:179} INFO - Processing /home/airflow/.local/lib/python3.7/site-packages/airflow/example_dags/example_dynamic_task_mapping_with_no_taskflow_operators.py took 0.995 seconds
[2023-08-09T03:33:27.328+0000] {processor.py:157} INFO - Started process (PID=2553) to work on /home/airflow/.local/lib/python3.7/site-packages/airflow/example_dags/example_dynamic_task_mapping_with_no_taskflow_operators.py
[2023-08-09T03:33:27.329+0000] {processor.py:826} INFO - Processing file /home/airflow/.local/lib/python3.7/site-packages/airflow/example_dags/example_dynamic_task_mapping_with_no_taskflow_operators.py for tasks to queue
[2023-08-09T03:33:27.330+0000] {logging_mixin.py:150} INFO - [2023-08-09T03:33:27.330+0000] {dagbag.py:541} INFO - Filling up the DagBag from /home/airflow/.local/lib/python3.7/site-packages/airflow/example_dags/example_dynamic_task_mapping_with_no_taskflow_operators.py
[2023-08-09T03:33:27.336+0000] {processor.py:836} INFO - DAG(s) dict_keys(['example_dynamic_task_mapping_with_no_taskflow_operators']) retrieved from /home/airflow/.local/lib/python3.7/site-packages/airflow/example_dags/example_dynamic_task_mapping_with_no_taskflow_operators.py
[2023-08-09T03:33:27.364+0000] {logging_mixin.py:150} INFO - [2023-08-09T03:33:27.364+0000] {dag.py:2742} INFO - Sync 1 DAGs
[2023-08-09T03:33:27.409+0000] {logging_mixin.py:150} INFO - [2023-08-09T03:33:27.409+0000] {dag.py:3508} INFO - Setting next_dagrun for example_dynamic_task_mapping_with_no_taskflow_operators to 2023-08-08T03:33:27.408714+00:00, run_after=2023-08-09T03:33:27.408714+00:00
[2023-08-09T03:33:27.432+0000] {processor.py:179} INFO - Processing /home/airflow/.local/lib/python3.7/site-packages/airflow/example_dags/example_dynamic_task_mapping_with_no_taskflow_operators.py took 0.106 seconds
[2023-08-09T03:33:57.792+0000] {processor.py:157} INFO - Started process (PID=2609) to work on /home/airflow/.local/lib/python3.7/site-packages/airflow/example_dags/example_dynamic_task_mapping_with_no_taskflow_operators.py
[2023-08-09T03:33:57.793+0000] {processor.py:826} INFO - Processing file /home/airflow/.local/lib/python3.7/site-packages/airflow/example_dags/example_dynamic_task_mapping_with_no_taskflow_operators.py for tasks to queue
[2023-08-09T03:33:57.794+0000] {logging_mixin.py:150} INFO - [2023-08-09T03:33:57.793+0000] {dagbag.py:541} INFO - Filling up the DagBag from /home/airflow/.local/lib/python3.7/site-packages/airflow/example_dags/example_dynamic_task_mapping_with_no_taskflow_operators.py
[2023-08-09T03:33:57.800+0000] {processor.py:836} INFO - DAG(s) dict_keys(['example_dynamic_task_mapping_with_no_taskflow_operators']) retrieved from /home/airflow/.local/lib/python3.7/site-packages/airflow/example_dags/example_dynamic_task_mapping_with_no_taskflow_operators.py
[2023-08-09T03:33:57.820+0000] {logging_mixin.py:150} INFO - [2023-08-09T03:33:57.820+0000] {dag.py:2742} INFO - Sync 1 DAGs
[2023-08-09T03:33:57.842+0000] {logging_mixin.py:150} INFO - [2023-08-09T03:33:57.842+0000] {dag.py:3508} INFO - Setting next_dagrun for example_dynamic_task_mapping_with_no_taskflow_operators to 2023-08-08T03:33:57.842091+00:00, run_after=2023-08-09T03:33:57.842091+00:00
[2023-08-09T03:33:57.858+0000] {processor.py:179} INFO - Processing /home/airflow/.local/lib/python3.7/site-packages/airflow/example_dags/example_dynamic_task_mapping_with_no_taskflow_operators.py took 0.068 seconds
[2023-08-09T03:34:28.013+0000] {processor.py:157} INFO - Started process (PID=2664) to work on /home/airflow/.local/lib/python3.7/site-packages/airflow/example_dags/example_dynamic_task_mapping_with_no_taskflow_operators.py
[2023-08-09T03:34:28.014+0000] {processor.py:826} INFO - Processing file /home/airflow/.local/lib/python3.7/site-packages/airflow/example_dags/example_dynamic_task_mapping_with_no_taskflow_operators.py for tasks to queue
[2023-08-09T03:34:28.015+0000] {logging_mixin.py:150} INFO - [2023-08-09T03:34:28.015+0000] {dagbag.py:541} INFO - Filling up the DagBag from /home/airflow/.local/lib/python3.7/site-packages/airflow/example_dags/example_dynamic_task_mapping_with_no_taskflow_operators.py
[2023-08-09T03:34:28.027+0000] {processor.py:836} INFO - DAG(s) dict_keys(['example_dynamic_task_mapping_with_no_taskflow_operators']) retrieved from /home/airflow/.local/lib/python3.7/site-packages/airflow/example_dags/example_dynamic_task_mapping_with_no_taskflow_operators.py
[2023-08-09T03:34:28.061+0000] {logging_mixin.py:150} INFO - [2023-08-09T03:34:28.061+0000] {dag.py:2742} INFO - Sync 1 DAGs
[2023-08-09T03:34:28.096+0000] {logging_mixin.py:150} INFO - [2023-08-09T03:34:28.096+0000] {dag.py:3508} INFO - Setting next_dagrun for example_dynamic_task_mapping_with_no_taskflow_operators to 2023-08-08T03:34:28.096186+00:00, run_after=2023-08-09T03:34:28.096186+00:00
[2023-08-09T03:34:28.112+0000] {processor.py:179} INFO - Processing /home/airflow/.local/lib/python3.7/site-packages/airflow/example_dags/example_dynamic_task_mapping_with_no_taskflow_operators.py took 0.104 seconds
[2023-08-09T03:34:58.426+0000] {processor.py:157} INFO - Started process (PID=2718) to work on /home/airflow/.local/lib/python3.7/site-packages/airflow/example_dags/example_dynamic_task_mapping_with_no_taskflow_operators.py
[2023-08-09T03:34:58.428+0000] {processor.py:826} INFO - Processing file /home/airflow/.local/lib/python3.7/site-packages/airflow/example_dags/example_dynamic_task_mapping_with_no_taskflow_operators.py for tasks to queue
[2023-08-09T03:34:58.429+0000] {logging_mixin.py:150} INFO - [2023-08-09T03:34:58.429+0000] {dagbag.py:541} INFO - Filling up the DagBag from /home/airflow/.local/lib/python3.7/site-packages/airflow/example_dags/example_dynamic_task_mapping_with_no_taskflow_operators.py
[2023-08-09T03:34:58.441+0000] {processor.py:836} INFO - DAG(s) dict_keys(['example_dynamic_task_mapping_with_no_taskflow_operators']) retrieved from /home/airflow/.local/lib/python3.7/site-packages/airflow/example_dags/example_dynamic_task_mapping_with_no_taskflow_operators.py
[2023-08-09T03:34:58.476+0000] {logging_mixin.py:150} INFO - [2023-08-09T03:34:58.475+0000] {dag.py:2742} INFO - Sync 1 DAGs
[2023-08-09T03:34:58.518+0000] {logging_mixin.py:150} INFO - [2023-08-09T03:34:58.517+0000] {dag.py:3508} INFO - Setting next_dagrun for example_dynamic_task_mapping_with_no_taskflow_operators to 2023-08-08T03:34:58.517577+00:00, run_after=2023-08-09T03:34:58.517577+00:00
[2023-08-09T03:34:58.536+0000] {processor.py:179} INFO - Processing /home/airflow/.local/lib/python3.7/site-packages/airflow/example_dags/example_dynamic_task_mapping_with_no_taskflow_operators.py took 0.115 seconds
[2023-08-09T03:35:28.600+0000] {processor.py:157} INFO - Started process (PID=2773) to work on /home/airflow/.local/lib/python3.7/site-packages/airflow/example_dags/example_dynamic_task_mapping_with_no_taskflow_operators.py
[2023-08-09T03:35:28.601+0000] {processor.py:826} INFO - Processing file /home/airflow/.local/lib/python3.7/site-packages/airflow/example_dags/example_dynamic_task_mapping_with_no_taskflow_operators.py for tasks to queue
[2023-08-09T03:35:28.602+0000] {logging_mixin.py:150} INFO - [2023-08-09T03:35:28.602+0000] {dagbag.py:541} INFO - Filling up the DagBag from /home/airflow/.local/lib/python3.7/site-packages/airflow/example_dags/example_dynamic_task_mapping_with_no_taskflow_operators.py
[2023-08-09T03:35:28.609+0000] {processor.py:836} INFO - DAG(s) dict_keys(['example_dynamic_task_mapping_with_no_taskflow_operators']) retrieved from /home/airflow/.local/lib/python3.7/site-packages/airflow/example_dags/example_dynamic_task_mapping_with_no_taskflow_operators.py
[2023-08-09T03:35:28.630+0000] {logging_mixin.py:150} INFO - [2023-08-09T03:35:28.630+0000] {dag.py:2742} INFO - Sync 1 DAGs
[2023-08-09T03:35:28.656+0000] {logging_mixin.py:150} INFO - [2023-08-09T03:35:28.655+0000] {dag.py:3508} INFO - Setting next_dagrun for example_dynamic_task_mapping_with_no_taskflow_operators to 2023-08-08T03:35:28.655780+00:00, run_after=2023-08-09T03:35:28.655780+00:00
[2023-08-09T03:35:28.677+0000] {processor.py:179} INFO - Processing /home/airflow/.local/lib/python3.7/site-packages/airflow/example_dags/example_dynamic_task_mapping_with_no_taskflow_operators.py took 0.080 seconds
[2023-08-09T03:35:58.844+0000] {processor.py:157} INFO - Started process (PID=2828) to work on /home/airflow/.local/lib/python3.7/site-packages/airflow/example_dags/example_dynamic_task_mapping_with_no_taskflow_operators.py
[2023-08-09T03:35:58.845+0000] {processor.py:826} INFO - Processing file /home/airflow/.local/lib/python3.7/site-packages/airflow/example_dags/example_dynamic_task_mapping_with_no_taskflow_operators.py for tasks to queue
[2023-08-09T03:35:58.846+0000] {logging_mixin.py:150} INFO - [2023-08-09T03:35:58.845+0000] {dagbag.py:541} INFO - Filling up the DagBag from /home/airflow/.local/lib/python3.7/site-packages/airflow/example_dags/example_dynamic_task_mapping_with_no_taskflow_operators.py
[2023-08-09T03:35:58.855+0000] {processor.py:836} INFO - DAG(s) dict_keys(['example_dynamic_task_mapping_with_no_taskflow_operators']) retrieved from /home/airflow/.local/lib/python3.7/site-packages/airflow/example_dags/example_dynamic_task_mapping_with_no_taskflow_operators.py
[2023-08-09T03:35:58.882+0000] {logging_mixin.py:150} INFO - [2023-08-09T03:35:58.881+0000] {dag.py:2742} INFO - Sync 1 DAGs
[2023-08-09T03:35:58.919+0000] {logging_mixin.py:150} INFO - [2023-08-09T03:35:58.919+0000] {dag.py:3508} INFO - Setting next_dagrun for example_dynamic_task_mapping_with_no_taskflow_operators to 2023-08-08T03:35:58.918772+00:00, run_after=2023-08-09T03:35:58.918772+00:00
[2023-08-09T03:35:58.944+0000] {processor.py:179} INFO - Processing /home/airflow/.local/lib/python3.7/site-packages/airflow/example_dags/example_dynamic_task_mapping_with_no_taskflow_operators.py took 0.103 seconds
[2023-08-09T03:36:29.187+0000] {processor.py:157} INFO - Started process (PID=2884) to work on /home/airflow/.local/lib/python3.7/site-packages/airflow/example_dags/example_dynamic_task_mapping_with_no_taskflow_operators.py
[2023-08-09T03:36:29.188+0000] {processor.py:826} INFO - Processing file /home/airflow/.local/lib/python3.7/site-packages/airflow/example_dags/example_dynamic_task_mapping_with_no_taskflow_operators.py for tasks to queue
[2023-08-09T03:36:29.189+0000] {logging_mixin.py:150} INFO - [2023-08-09T03:36:29.189+0000] {dagbag.py:541} INFO - Filling up the DagBag from /home/airflow/.local/lib/python3.7/site-packages/airflow/example_dags/example_dynamic_task_mapping_with_no_taskflow_operators.py
[2023-08-09T03:36:29.195+0000] {processor.py:836} INFO - DAG(s) dict_keys(['example_dynamic_task_mapping_with_no_taskflow_operators']) retrieved from /home/airflow/.local/lib/python3.7/site-packages/airflow/example_dags/example_dynamic_task_mapping_with_no_taskflow_operators.py
[2023-08-09T03:36:29.216+0000] {logging_mixin.py:150} INFO - [2023-08-09T03:36:29.215+0000] {dag.py:2742} INFO - Sync 1 DAGs
[2023-08-09T03:36:29.239+0000] {logging_mixin.py:150} INFO - [2023-08-09T03:36:29.239+0000] {dag.py:3508} INFO - Setting next_dagrun for example_dynamic_task_mapping_with_no_taskflow_operators to 2023-08-08T03:36:29.239369+00:00, run_after=2023-08-09T03:36:29.239369+00:00
[2023-08-09T03:36:29.257+0000] {processor.py:179} INFO - Processing /home/airflow/.local/lib/python3.7/site-packages/airflow/example_dags/example_dynamic_task_mapping_with_no_taskflow_operators.py took 0.072 seconds
