[2023-08-09T03:10:35.553+0000] {processor.py:157} INFO - Started process (PID=79) to work on /home/airflow/.local/lib/python3.7/site-packages/airflow/example_dags/example_nested_branch_dag.py
[2023-08-09T03:10:35.553+0000] {processor.py:826} INFO - Processing file /home/airflow/.local/lib/python3.7/site-packages/airflow/example_dags/example_nested_branch_dag.py for tasks to queue
[2023-08-09T03:10:35.556+0000] {logging_mixin.py:150} INFO - [2023-08-09T03:10:35.555+0000] {dagbag.py:541} INFO - Filling up the DagBag from /home/airflow/.local/lib/python3.7/site-packages/airflow/example_dags/example_nested_branch_dag.py
[2023-08-09T03:10:35.569+0000] {processor.py:836} INFO - DAG(s) dict_keys(['example_nested_branch_dag']) retrieved from /home/airflow/.local/lib/python3.7/site-packages/airflow/example_dags/example_nested_branch_dag.py
[2023-08-09T03:10:35.594+0000] {logging_mixin.py:150} INFO - [2023-08-09T03:10:35.593+0000] {dag.py:2742} INFO - Sync 1 DAGs
[2023-08-09T03:10:35.631+0000] {logging_mixin.py:150} INFO - [2023-08-09T03:10:35.631+0000] {dag.py:3508} INFO - Setting next_dagrun for example_nested_branch_dag to 2023-08-08T00:00:00+00:00, run_after=2023-08-09T00:00:00+00:00
[2023-08-09T03:10:35.662+0000] {processor.py:179} INFO - Processing /home/airflow/.local/lib/python3.7/site-packages/airflow/example_dags/example_nested_branch_dag.py took 0.113 seconds
[2023-08-09T03:11:06.449+0000] {processor.py:157} INFO - Started process (PID=134) to work on /home/airflow/.local/lib/python3.7/site-packages/airflow/example_dags/example_nested_branch_dag.py
[2023-08-09T03:11:06.450+0000] {processor.py:826} INFO - Processing file /home/airflow/.local/lib/python3.7/site-packages/airflow/example_dags/example_nested_branch_dag.py for tasks to queue
[2023-08-09T03:11:06.452+0000] {logging_mixin.py:150} INFO - [2023-08-09T03:11:06.452+0000] {dagbag.py:541} INFO - Filling up the DagBag from /home/airflow/.local/lib/python3.7/site-packages/airflow/example_dags/example_nested_branch_dag.py
[2023-08-09T03:11:06.464+0000] {processor.py:836} INFO - DAG(s) dict_keys(['example_nested_branch_dag']) retrieved from /home/airflow/.local/lib/python3.7/site-packages/airflow/example_dags/example_nested_branch_dag.py
[2023-08-09T03:11:06.507+0000] {logging_mixin.py:150} INFO - [2023-08-09T03:11:06.506+0000] {dag.py:2742} INFO - Sync 1 DAGs
[2023-08-09T03:11:06.545+0000] {logging_mixin.py:150} INFO - [2023-08-09T03:11:06.545+0000] {dag.py:3508} INFO - Setting next_dagrun for example_nested_branch_dag to 2023-08-08T00:00:00+00:00, run_after=2023-08-09T00:00:00+00:00
[2023-08-09T03:11:06.572+0000] {processor.py:179} INFO - Processing /home/airflow/.local/lib/python3.7/site-packages/airflow/example_dags/example_nested_branch_dag.py took 0.125 seconds
[2023-08-09T03:11:37.144+0000] {processor.py:157} INFO - Started process (PID=189) to work on /home/airflow/.local/lib/python3.7/site-packages/airflow/example_dags/example_nested_branch_dag.py
[2023-08-09T03:11:37.145+0000] {processor.py:826} INFO - Processing file /home/airflow/.local/lib/python3.7/site-packages/airflow/example_dags/example_nested_branch_dag.py for tasks to queue
[2023-08-09T03:11:37.147+0000] {logging_mixin.py:150} INFO - [2023-08-09T03:11:37.146+0000] {dagbag.py:541} INFO - Filling up the DagBag from /home/airflow/.local/lib/python3.7/site-packages/airflow/example_dags/example_nested_branch_dag.py
[2023-08-09T03:11:37.156+0000] {processor.py:836} INFO - DAG(s) dict_keys(['example_nested_branch_dag']) retrieved from /home/airflow/.local/lib/python3.7/site-packages/airflow/example_dags/example_nested_branch_dag.py
[2023-08-09T03:11:37.186+0000] {logging_mixin.py:150} INFO - [2023-08-09T03:11:37.186+0000] {dag.py:2742} INFO - Sync 1 DAGs
[2023-08-09T03:11:37.215+0000] {logging_mixin.py:150} INFO - [2023-08-09T03:11:37.214+0000] {dag.py:3508} INFO - Setting next_dagrun for example_nested_branch_dag to 2023-08-08T00:00:00+00:00, run_after=2023-08-09T00:00:00+00:00
[2023-08-09T03:11:37.239+0000] {processor.py:179} INFO - Processing /home/airflow/.local/lib/python3.7/site-packages/airflow/example_dags/example_nested_branch_dag.py took 0.098 seconds
[2023-08-09T03:12:07.336+0000] {processor.py:157} INFO - Started process (PID=245) to work on /home/airflow/.local/lib/python3.7/site-packages/airflow/example_dags/example_nested_branch_dag.py
[2023-08-09T03:12:07.337+0000] {processor.py:826} INFO - Processing file /home/airflow/.local/lib/python3.7/site-packages/airflow/example_dags/example_nested_branch_dag.py for tasks to queue
[2023-08-09T03:12:07.339+0000] {logging_mixin.py:150} INFO - [2023-08-09T03:12:07.339+0000] {dagbag.py:541} INFO - Filling up the DagBag from /home/airflow/.local/lib/python3.7/site-packages/airflow/example_dags/example_nested_branch_dag.py
[2023-08-09T03:12:07.352+0000] {processor.py:836} INFO - DAG(s) dict_keys(['example_nested_branch_dag']) retrieved from /home/airflow/.local/lib/python3.7/site-packages/airflow/example_dags/example_nested_branch_dag.py
[2023-08-09T03:12:07.387+0000] {logging_mixin.py:150} INFO - [2023-08-09T03:12:07.386+0000] {dag.py:2742} INFO - Sync 1 DAGs
[2023-08-09T03:12:07.425+0000] {logging_mixin.py:150} INFO - [2023-08-09T03:12:07.425+0000] {dag.py:3508} INFO - Setting next_dagrun for example_nested_branch_dag to 2023-08-08T00:00:00+00:00, run_after=2023-08-09T00:00:00+00:00
[2023-08-09T03:12:07.452+0000] {processor.py:179} INFO - Processing /home/airflow/.local/lib/python3.7/site-packages/airflow/example_dags/example_nested_branch_dag.py took 0.120 seconds
[2023-08-09T03:12:37.499+0000] {processor.py:157} INFO - Started process (PID=299) to work on /home/airflow/.local/lib/python3.7/site-packages/airflow/example_dags/example_nested_branch_dag.py
[2023-08-09T03:12:37.499+0000] {processor.py:826} INFO - Processing file /home/airflow/.local/lib/python3.7/site-packages/airflow/example_dags/example_nested_branch_dag.py for tasks to queue
[2023-08-09T03:12:37.501+0000] {logging_mixin.py:150} INFO - [2023-08-09T03:12:37.501+0000] {dagbag.py:541} INFO - Filling up the DagBag from /home/airflow/.local/lib/python3.7/site-packages/airflow/example_dags/example_nested_branch_dag.py
[2023-08-09T03:12:37.511+0000] {processor.py:836} INFO - DAG(s) dict_keys(['example_nested_branch_dag']) retrieved from /home/airflow/.local/lib/python3.7/site-packages/airflow/example_dags/example_nested_branch_dag.py
[2023-08-09T03:12:37.532+0000] {logging_mixin.py:150} INFO - [2023-08-09T03:12:37.531+0000] {dag.py:2742} INFO - Sync 1 DAGs
[2023-08-09T03:12:37.555+0000] {logging_mixin.py:150} INFO - [2023-08-09T03:12:37.555+0000] {dag.py:3508} INFO - Setting next_dagrun for example_nested_branch_dag to 2023-08-08T00:00:00+00:00, run_after=2023-08-09T00:00:00+00:00
[2023-08-09T03:12:37.572+0000] {processor.py:179} INFO - Processing /home/airflow/.local/lib/python3.7/site-packages/airflow/example_dags/example_nested_branch_dag.py took 0.076 seconds
[2023-08-09T03:13:07.617+0000] {processor.py:157} INFO - Started process (PID=354) to work on /home/airflow/.local/lib/python3.7/site-packages/airflow/example_dags/example_nested_branch_dag.py
[2023-08-09T03:13:07.618+0000] {processor.py:826} INFO - Processing file /home/airflow/.local/lib/python3.7/site-packages/airflow/example_dags/example_nested_branch_dag.py for tasks to queue
[2023-08-09T03:13:07.619+0000] {logging_mixin.py:150} INFO - [2023-08-09T03:13:07.619+0000] {dagbag.py:541} INFO - Filling up the DagBag from /home/airflow/.local/lib/python3.7/site-packages/airflow/example_dags/example_nested_branch_dag.py
[2023-08-09T03:13:07.629+0000] {processor.py:836} INFO - DAG(s) dict_keys(['example_nested_branch_dag']) retrieved from /home/airflow/.local/lib/python3.7/site-packages/airflow/example_dags/example_nested_branch_dag.py
[2023-08-09T03:13:07.664+0000] {logging_mixin.py:150} INFO - [2023-08-09T03:13:07.663+0000] {dag.py:2742} INFO - Sync 1 DAGs
[2023-08-09T03:13:07.690+0000] {logging_mixin.py:150} INFO - [2023-08-09T03:13:07.690+0000] {dag.py:3508} INFO - Setting next_dagrun for example_nested_branch_dag to 2023-08-08T00:00:00+00:00, run_after=2023-08-09T00:00:00+00:00
[2023-08-09T03:13:07.707+0000] {processor.py:179} INFO - Processing /home/airflow/.local/lib/python3.7/site-packages/airflow/example_dags/example_nested_branch_dag.py took 0.092 seconds
[2023-08-09T03:13:38.890+0000] {processor.py:157} INFO - Started process (PID=409) to work on /home/airflow/.local/lib/python3.7/site-packages/airflow/example_dags/example_nested_branch_dag.py
[2023-08-09T03:13:38.891+0000] {processor.py:826} INFO - Processing file /home/airflow/.local/lib/python3.7/site-packages/airflow/example_dags/example_nested_branch_dag.py for tasks to queue
[2023-08-09T03:13:38.892+0000] {logging_mixin.py:150} INFO - [2023-08-09T03:13:38.892+0000] {dagbag.py:541} INFO - Filling up the DagBag from /home/airflow/.local/lib/python3.7/site-packages/airflow/example_dags/example_nested_branch_dag.py
[2023-08-09T03:13:38.900+0000] {processor.py:836} INFO - DAG(s) dict_keys(['example_nested_branch_dag']) retrieved from /home/airflow/.local/lib/python3.7/site-packages/airflow/example_dags/example_nested_branch_dag.py
[2023-08-09T03:13:38.922+0000] {logging_mixin.py:150} INFO - [2023-08-09T03:13:38.921+0000] {dag.py:2742} INFO - Sync 1 DAGs
[2023-08-09T03:13:38.945+0000] {logging_mixin.py:150} INFO - [2023-08-09T03:13:38.945+0000] {dag.py:3508} INFO - Setting next_dagrun for example_nested_branch_dag to 2023-08-08T00:00:00+00:00, run_after=2023-08-09T00:00:00+00:00
[2023-08-09T03:13:38.962+0000] {processor.py:179} INFO - Processing /home/airflow/.local/lib/python3.7/site-packages/airflow/example_dags/example_nested_branch_dag.py took 0.074 seconds
[2023-08-09T03:14:09.286+0000] {processor.py:157} INFO - Started process (PID=464) to work on /home/airflow/.local/lib/python3.7/site-packages/airflow/example_dags/example_nested_branch_dag.py
[2023-08-09T03:14:09.287+0000] {processor.py:826} INFO - Processing file /home/airflow/.local/lib/python3.7/site-packages/airflow/example_dags/example_nested_branch_dag.py for tasks to queue
[2023-08-09T03:14:09.289+0000] {logging_mixin.py:150} INFO - [2023-08-09T03:14:09.289+0000] {dagbag.py:541} INFO - Filling up the DagBag from /home/airflow/.local/lib/python3.7/site-packages/airflow/example_dags/example_nested_branch_dag.py
[2023-08-09T03:14:09.298+0000] {processor.py:836} INFO - DAG(s) dict_keys(['example_nested_branch_dag']) retrieved from /home/airflow/.local/lib/python3.7/site-packages/airflow/example_dags/example_nested_branch_dag.py
[2023-08-09T03:14:09.324+0000] {logging_mixin.py:150} INFO - [2023-08-09T03:14:09.324+0000] {dag.py:2742} INFO - Sync 1 DAGs
[2023-08-09T03:14:09.362+0000] {logging_mixin.py:150} INFO - [2023-08-09T03:14:09.361+0000] {dag.py:3508} INFO - Setting next_dagrun for example_nested_branch_dag to 2023-08-08T00:00:00+00:00, run_after=2023-08-09T00:00:00+00:00
[2023-08-09T03:14:09.384+0000] {processor.py:179} INFO - Processing /home/airflow/.local/lib/python3.7/site-packages/airflow/example_dags/example_nested_branch_dag.py took 0.101 seconds
[2023-08-09T03:14:39.564+0000] {processor.py:157} INFO - Started process (PID=520) to work on /home/airflow/.local/lib/python3.7/site-packages/airflow/example_dags/example_nested_branch_dag.py
[2023-08-09T03:14:39.564+0000] {processor.py:826} INFO - Processing file /home/airflow/.local/lib/python3.7/site-packages/airflow/example_dags/example_nested_branch_dag.py for tasks to queue
[2023-08-09T03:14:39.566+0000] {logging_mixin.py:150} INFO - [2023-08-09T03:14:39.566+0000] {dagbag.py:541} INFO - Filling up the DagBag from /home/airflow/.local/lib/python3.7/site-packages/airflow/example_dags/example_nested_branch_dag.py
[2023-08-09T03:14:39.575+0000] {processor.py:836} INFO - DAG(s) dict_keys(['example_nested_branch_dag']) retrieved from /home/airflow/.local/lib/python3.7/site-packages/airflow/example_dags/example_nested_branch_dag.py
[2023-08-09T03:14:39.604+0000] {logging_mixin.py:150} INFO - [2023-08-09T03:14:39.603+0000] {dag.py:2742} INFO - Sync 1 DAGs
[2023-08-09T03:14:39.633+0000] {logging_mixin.py:150} INFO - [2023-08-09T03:14:39.633+0000] {dag.py:3508} INFO - Setting next_dagrun for example_nested_branch_dag to 2023-08-08T00:00:00+00:00, run_after=2023-08-09T00:00:00+00:00
[2023-08-09T03:14:39.649+0000] {processor.py:179} INFO - Processing /home/airflow/.local/lib/python3.7/site-packages/airflow/example_dags/example_nested_branch_dag.py took 0.088 seconds
[2023-08-09T03:15:09.861+0000] {processor.py:157} INFO - Started process (PID=575) to work on /home/airflow/.local/lib/python3.7/site-packages/airflow/example_dags/example_nested_branch_dag.py
[2023-08-09T03:15:09.862+0000] {processor.py:826} INFO - Processing file /home/airflow/.local/lib/python3.7/site-packages/airflow/example_dags/example_nested_branch_dag.py for tasks to queue
[2023-08-09T03:15:09.865+0000] {logging_mixin.py:150} INFO - [2023-08-09T03:15:09.864+0000] {dagbag.py:541} INFO - Filling up the DagBag from /home/airflow/.local/lib/python3.7/site-packages/airflow/example_dags/example_nested_branch_dag.py
[2023-08-09T03:15:09.878+0000] {processor.py:836} INFO - DAG(s) dict_keys(['example_nested_branch_dag']) retrieved from /home/airflow/.local/lib/python3.7/site-packages/airflow/example_dags/example_nested_branch_dag.py
[2023-08-09T03:15:09.902+0000] {logging_mixin.py:150} INFO - [2023-08-09T03:15:09.902+0000] {dag.py:2742} INFO - Sync 1 DAGs
[2023-08-09T03:15:09.929+0000] {logging_mixin.py:150} INFO - [2023-08-09T03:15:09.929+0000] {dag.py:3508} INFO - Setting next_dagrun for example_nested_branch_dag to 2023-08-08T00:00:00+00:00, run_after=2023-08-09T00:00:00+00:00
[2023-08-09T03:15:09.946+0000] {processor.py:179} INFO - Processing /home/airflow/.local/lib/python3.7/site-packages/airflow/example_dags/example_nested_branch_dag.py took 0.088 seconds
[2023-08-09T03:15:41.817+0000] {processor.py:157} INFO - Started process (PID=631) to work on /home/airflow/.local/lib/python3.7/site-packages/airflow/example_dags/example_nested_branch_dag.py
[2023-08-09T03:15:41.820+0000] {processor.py:826} INFO - Processing file /home/airflow/.local/lib/python3.7/site-packages/airflow/example_dags/example_nested_branch_dag.py for tasks to queue
[2023-08-09T03:15:41.823+0000] {logging_mixin.py:150} INFO - [2023-08-09T03:15:41.823+0000] {dagbag.py:541} INFO - Filling up the DagBag from /home/airflow/.local/lib/python3.7/site-packages/airflow/example_dags/example_nested_branch_dag.py
[2023-08-09T03:15:41.836+0000] {processor.py:836} INFO - DAG(s) dict_keys(['example_nested_branch_dag']) retrieved from /home/airflow/.local/lib/python3.7/site-packages/airflow/example_dags/example_nested_branch_dag.py
[2023-08-09T03:15:41.895+0000] {logging_mixin.py:150} INFO - [2023-08-09T03:15:41.894+0000] {dag.py:2742} INFO - Sync 1 DAGs
[2023-08-09T03:15:41.952+0000] {logging_mixin.py:150} INFO - [2023-08-09T03:15:41.951+0000] {dag.py:3508} INFO - Setting next_dagrun for example_nested_branch_dag to 2023-08-08T00:00:00+00:00, run_after=2023-08-09T00:00:00+00:00
[2023-08-09T03:15:42.005+0000] {processor.py:179} INFO - Processing /home/airflow/.local/lib/python3.7/site-packages/airflow/example_dags/example_nested_branch_dag.py took 0.194 seconds
[2023-08-09T03:16:12.562+0000] {processor.py:157} INFO - Started process (PID=686) to work on /home/airflow/.local/lib/python3.7/site-packages/airflow/example_dags/example_nested_branch_dag.py
[2023-08-09T03:16:12.563+0000] {processor.py:826} INFO - Processing file /home/airflow/.local/lib/python3.7/site-packages/airflow/example_dags/example_nested_branch_dag.py for tasks to queue
[2023-08-09T03:16:12.565+0000] {logging_mixin.py:150} INFO - [2023-08-09T03:16:12.565+0000] {dagbag.py:541} INFO - Filling up the DagBag from /home/airflow/.local/lib/python3.7/site-packages/airflow/example_dags/example_nested_branch_dag.py
[2023-08-09T03:16:12.576+0000] {processor.py:836} INFO - DAG(s) dict_keys(['example_nested_branch_dag']) retrieved from /home/airflow/.local/lib/python3.7/site-packages/airflow/example_dags/example_nested_branch_dag.py
[2023-08-09T03:16:12.599+0000] {logging_mixin.py:150} INFO - [2023-08-09T03:16:12.598+0000] {dag.py:2742} INFO - Sync 1 DAGs
[2023-08-09T03:16:12.634+0000] {logging_mixin.py:150} INFO - [2023-08-09T03:16:12.634+0000] {dag.py:3508} INFO - Setting next_dagrun for example_nested_branch_dag to 2023-08-08T00:00:00+00:00, run_after=2023-08-09T00:00:00+00:00
[2023-08-09T03:16:12.650+0000] {processor.py:179} INFO - Processing /home/airflow/.local/lib/python3.7/site-packages/airflow/example_dags/example_nested_branch_dag.py took 0.092 seconds
[2023-08-09T03:16:42.878+0000] {processor.py:157} INFO - Started process (PID=741) to work on /home/airflow/.local/lib/python3.7/site-packages/airflow/example_dags/example_nested_branch_dag.py
[2023-08-09T03:16:42.879+0000] {processor.py:826} INFO - Processing file /home/airflow/.local/lib/python3.7/site-packages/airflow/example_dags/example_nested_branch_dag.py for tasks to queue
[2023-08-09T03:16:42.881+0000] {logging_mixin.py:150} INFO - [2023-08-09T03:16:42.880+0000] {dagbag.py:541} INFO - Filling up the DagBag from /home/airflow/.local/lib/python3.7/site-packages/airflow/example_dags/example_nested_branch_dag.py
[2023-08-09T03:16:42.890+0000] {processor.py:836} INFO - DAG(s) dict_keys(['example_nested_branch_dag']) retrieved from /home/airflow/.local/lib/python3.7/site-packages/airflow/example_dags/example_nested_branch_dag.py
[2023-08-09T03:16:42.918+0000] {logging_mixin.py:150} INFO - [2023-08-09T03:16:42.917+0000] {dag.py:2742} INFO - Sync 1 DAGs
[2023-08-09T03:16:42.949+0000] {logging_mixin.py:150} INFO - [2023-08-09T03:16:42.949+0000] {dag.py:3508} INFO - Setting next_dagrun for example_nested_branch_dag to 2023-08-08T00:00:00+00:00, run_after=2023-08-09T00:00:00+00:00
[2023-08-09T03:16:42.971+0000] {processor.py:179} INFO - Processing /home/airflow/.local/lib/python3.7/site-packages/airflow/example_dags/example_nested_branch_dag.py took 0.095 seconds
[2023-08-09T03:17:13.079+0000] {processor.py:157} INFO - Started process (PID=795) to work on /home/airflow/.local/lib/python3.7/site-packages/airflow/example_dags/example_nested_branch_dag.py
[2023-08-09T03:17:13.079+0000] {processor.py:826} INFO - Processing file /home/airflow/.local/lib/python3.7/site-packages/airflow/example_dags/example_nested_branch_dag.py for tasks to queue
[2023-08-09T03:17:13.081+0000] {logging_mixin.py:150} INFO - [2023-08-09T03:17:13.081+0000] {dagbag.py:541} INFO - Filling up the DagBag from /home/airflow/.local/lib/python3.7/site-packages/airflow/example_dags/example_nested_branch_dag.py
[2023-08-09T03:17:13.093+0000] {processor.py:836} INFO - DAG(s) dict_keys(['example_nested_branch_dag']) retrieved from /home/airflow/.local/lib/python3.7/site-packages/airflow/example_dags/example_nested_branch_dag.py
[2023-08-09T03:17:13.123+0000] {logging_mixin.py:150} INFO - [2023-08-09T03:17:13.123+0000] {dag.py:2742} INFO - Sync 1 DAGs
[2023-08-09T03:17:13.152+0000] {logging_mixin.py:150} INFO - [2023-08-09T03:17:13.152+0000] {dag.py:3508} INFO - Setting next_dagrun for example_nested_branch_dag to 2023-08-08T00:00:00+00:00, run_after=2023-08-09T00:00:00+00:00
[2023-08-09T03:17:13.171+0000] {processor.py:179} INFO - Processing /home/airflow/.local/lib/python3.7/site-packages/airflow/example_dags/example_nested_branch_dag.py took 0.096 seconds
[2023-08-09T03:17:43.380+0000] {processor.py:157} INFO - Started process (PID=850) to work on /home/airflow/.local/lib/python3.7/site-packages/airflow/example_dags/example_nested_branch_dag.py
[2023-08-09T03:17:43.381+0000] {processor.py:826} INFO - Processing file /home/airflow/.local/lib/python3.7/site-packages/airflow/example_dags/example_nested_branch_dag.py for tasks to queue
[2023-08-09T03:17:43.384+0000] {logging_mixin.py:150} INFO - [2023-08-09T03:17:43.383+0000] {dagbag.py:541} INFO - Filling up the DagBag from /home/airflow/.local/lib/python3.7/site-packages/airflow/example_dags/example_nested_branch_dag.py
[2023-08-09T03:17:43.397+0000] {processor.py:836} INFO - DAG(s) dict_keys(['example_nested_branch_dag']) retrieved from /home/airflow/.local/lib/python3.7/site-packages/airflow/example_dags/example_nested_branch_dag.py
[2023-08-09T03:17:43.429+0000] {logging_mixin.py:150} INFO - [2023-08-09T03:17:43.428+0000] {dag.py:2742} INFO - Sync 1 DAGs
[2023-08-09T03:17:43.461+0000] {logging_mixin.py:150} INFO - [2023-08-09T03:17:43.461+0000] {dag.py:3508} INFO - Setting next_dagrun for example_nested_branch_dag to 2023-08-08T00:00:00+00:00, run_after=2023-08-09T00:00:00+00:00
[2023-08-09T03:17:43.478+0000] {processor.py:179} INFO - Processing /home/airflow/.local/lib/python3.7/site-packages/airflow/example_dags/example_nested_branch_dag.py took 0.102 seconds
[2023-08-09T03:18:13.575+0000] {processor.py:157} INFO - Started process (PID=905) to work on /home/airflow/.local/lib/python3.7/site-packages/airflow/example_dags/example_nested_branch_dag.py
[2023-08-09T03:18:13.576+0000] {processor.py:826} INFO - Processing file /home/airflow/.local/lib/python3.7/site-packages/airflow/example_dags/example_nested_branch_dag.py for tasks to queue
[2023-08-09T03:18:13.578+0000] {logging_mixin.py:150} INFO - [2023-08-09T03:18:13.577+0000] {dagbag.py:541} INFO - Filling up the DagBag from /home/airflow/.local/lib/python3.7/site-packages/airflow/example_dags/example_nested_branch_dag.py
[2023-08-09T03:18:13.589+0000] {processor.py:836} INFO - DAG(s) dict_keys(['example_nested_branch_dag']) retrieved from /home/airflow/.local/lib/python3.7/site-packages/airflow/example_dags/example_nested_branch_dag.py
[2023-08-09T03:18:13.622+0000] {logging_mixin.py:150} INFO - [2023-08-09T03:18:13.621+0000] {dag.py:2742} INFO - Sync 1 DAGs
[2023-08-09T03:18:13.649+0000] {logging_mixin.py:150} INFO - [2023-08-09T03:18:13.649+0000] {dag.py:3508} INFO - Setting next_dagrun for example_nested_branch_dag to 2023-08-08T00:00:00+00:00, run_after=2023-08-09T00:00:00+00:00
[2023-08-09T03:18:13.670+0000] {processor.py:179} INFO - Processing /home/airflow/.local/lib/python3.7/site-packages/airflow/example_dags/example_nested_branch_dag.py took 0.098 seconds
[2023-08-09T03:18:44.189+0000] {processor.py:157} INFO - Started process (PID=960) to work on /home/airflow/.local/lib/python3.7/site-packages/airflow/example_dags/example_nested_branch_dag.py
[2023-08-09T03:18:44.190+0000] {processor.py:826} INFO - Processing file /home/airflow/.local/lib/python3.7/site-packages/airflow/example_dags/example_nested_branch_dag.py for tasks to queue
[2023-08-09T03:18:44.192+0000] {logging_mixin.py:150} INFO - [2023-08-09T03:18:44.192+0000] {dagbag.py:541} INFO - Filling up the DagBag from /home/airflow/.local/lib/python3.7/site-packages/airflow/example_dags/example_nested_branch_dag.py
[2023-08-09T03:18:44.203+0000] {processor.py:836} INFO - DAG(s) dict_keys(['example_nested_branch_dag']) retrieved from /home/airflow/.local/lib/python3.7/site-packages/airflow/example_dags/example_nested_branch_dag.py
[2023-08-09T03:18:44.240+0000] {logging_mixin.py:150} INFO - [2023-08-09T03:18:44.239+0000] {dag.py:2742} INFO - Sync 1 DAGs
[2023-08-09T03:18:44.272+0000] {logging_mixin.py:150} INFO - [2023-08-09T03:18:44.272+0000] {dag.py:3508} INFO - Setting next_dagrun for example_nested_branch_dag to 2023-08-08T00:00:00+00:00, run_after=2023-08-09T00:00:00+00:00
[2023-08-09T03:18:44.296+0000] {processor.py:179} INFO - Processing /home/airflow/.local/lib/python3.7/site-packages/airflow/example_dags/example_nested_branch_dag.py took 0.111 seconds
[2023-08-09T03:19:14.542+0000] {processor.py:157} INFO - Started process (PID=1015) to work on /home/airflow/.local/lib/python3.7/site-packages/airflow/example_dags/example_nested_branch_dag.py
[2023-08-09T03:19:14.542+0000] {processor.py:826} INFO - Processing file /home/airflow/.local/lib/python3.7/site-packages/airflow/example_dags/example_nested_branch_dag.py for tasks to queue
[2023-08-09T03:19:14.544+0000] {logging_mixin.py:150} INFO - [2023-08-09T03:19:14.544+0000] {dagbag.py:541} INFO - Filling up the DagBag from /home/airflow/.local/lib/python3.7/site-packages/airflow/example_dags/example_nested_branch_dag.py
[2023-08-09T03:19:14.552+0000] {processor.py:836} INFO - DAG(s) dict_keys(['example_nested_branch_dag']) retrieved from /home/airflow/.local/lib/python3.7/site-packages/airflow/example_dags/example_nested_branch_dag.py
[2023-08-09T03:19:14.574+0000] {logging_mixin.py:150} INFO - [2023-08-09T03:19:14.574+0000] {dag.py:2742} INFO - Sync 1 DAGs
[2023-08-09T03:19:14.599+0000] {logging_mixin.py:150} INFO - [2023-08-09T03:19:14.599+0000] {dag.py:3508} INFO - Setting next_dagrun for example_nested_branch_dag to 2023-08-08T00:00:00+00:00, run_after=2023-08-09T00:00:00+00:00
[2023-08-09T03:19:14.616+0000] {processor.py:179} INFO - Processing /home/airflow/.local/lib/python3.7/site-packages/airflow/example_dags/example_nested_branch_dag.py took 0.077 seconds
[2023-08-09T03:19:44.766+0000] {processor.py:157} INFO - Started process (PID=1070) to work on /home/airflow/.local/lib/python3.7/site-packages/airflow/example_dags/example_nested_branch_dag.py
[2023-08-09T03:19:44.766+0000] {processor.py:826} INFO - Processing file /home/airflow/.local/lib/python3.7/site-packages/airflow/example_dags/example_nested_branch_dag.py for tasks to queue
[2023-08-09T03:19:44.768+0000] {logging_mixin.py:150} INFO - [2023-08-09T03:19:44.768+0000] {dagbag.py:541} INFO - Filling up the DagBag from /home/airflow/.local/lib/python3.7/site-packages/airflow/example_dags/example_nested_branch_dag.py
[2023-08-09T03:19:44.776+0000] {processor.py:836} INFO - DAG(s) dict_keys(['example_nested_branch_dag']) retrieved from /home/airflow/.local/lib/python3.7/site-packages/airflow/example_dags/example_nested_branch_dag.py
[2023-08-09T03:19:44.799+0000] {logging_mixin.py:150} INFO - [2023-08-09T03:19:44.799+0000] {dag.py:2742} INFO - Sync 1 DAGs
[2023-08-09T03:19:44.825+0000] {logging_mixin.py:150} INFO - [2023-08-09T03:19:44.824+0000] {dag.py:3508} INFO - Setting next_dagrun for example_nested_branch_dag to 2023-08-08T00:00:00+00:00, run_after=2023-08-09T00:00:00+00:00
[2023-08-09T03:19:44.840+0000] {processor.py:179} INFO - Processing /home/airflow/.local/lib/python3.7/site-packages/airflow/example_dags/example_nested_branch_dag.py took 0.077 seconds
[2023-08-09T03:20:15.559+0000] {processor.py:157} INFO - Started process (PID=1125) to work on /home/airflow/.local/lib/python3.7/site-packages/airflow/example_dags/example_nested_branch_dag.py
[2023-08-09T03:20:15.560+0000] {processor.py:826} INFO - Processing file /home/airflow/.local/lib/python3.7/site-packages/airflow/example_dags/example_nested_branch_dag.py for tasks to queue
[2023-08-09T03:20:15.562+0000] {logging_mixin.py:150} INFO - [2023-08-09T03:20:15.561+0000] {dagbag.py:541} INFO - Filling up the DagBag from /home/airflow/.local/lib/python3.7/site-packages/airflow/example_dags/example_nested_branch_dag.py
[2023-08-09T03:20:15.570+0000] {processor.py:836} INFO - DAG(s) dict_keys(['example_nested_branch_dag']) retrieved from /home/airflow/.local/lib/python3.7/site-packages/airflow/example_dags/example_nested_branch_dag.py
[2023-08-09T03:20:15.592+0000] {logging_mixin.py:150} INFO - [2023-08-09T03:20:15.592+0000] {dag.py:2742} INFO - Sync 1 DAGs
[2023-08-09T03:20:15.624+0000] {logging_mixin.py:150} INFO - [2023-08-09T03:20:15.624+0000] {dag.py:3508} INFO - Setting next_dagrun for example_nested_branch_dag to 2023-08-08T00:00:00+00:00, run_after=2023-08-09T00:00:00+00:00
[2023-08-09T03:20:15.645+0000] {processor.py:179} INFO - Processing /home/airflow/.local/lib/python3.7/site-packages/airflow/example_dags/example_nested_branch_dag.py took 0.089 seconds
[2023-08-09T03:20:46.705+0000] {processor.py:157} INFO - Started process (PID=1181) to work on /home/airflow/.local/lib/python3.7/site-packages/airflow/example_dags/example_nested_branch_dag.py
[2023-08-09T03:20:46.705+0000] {processor.py:826} INFO - Processing file /home/airflow/.local/lib/python3.7/site-packages/airflow/example_dags/example_nested_branch_dag.py for tasks to queue
[2023-08-09T03:20:46.708+0000] {logging_mixin.py:150} INFO - [2023-08-09T03:20:46.707+0000] {dagbag.py:541} INFO - Filling up the DagBag from /home/airflow/.local/lib/python3.7/site-packages/airflow/example_dags/example_nested_branch_dag.py
[2023-08-09T03:20:46.720+0000] {processor.py:836} INFO - DAG(s) dict_keys(['example_nested_branch_dag']) retrieved from /home/airflow/.local/lib/python3.7/site-packages/airflow/example_dags/example_nested_branch_dag.py
[2023-08-09T03:20:46.754+0000] {logging_mixin.py:150} INFO - [2023-08-09T03:20:46.753+0000] {dag.py:2742} INFO - Sync 1 DAGs
[2023-08-09T03:20:46.793+0000] {logging_mixin.py:150} INFO - [2023-08-09T03:20:46.793+0000] {dag.py:3508} INFO - Setting next_dagrun for example_nested_branch_dag to 2023-08-08T00:00:00+00:00, run_after=2023-08-09T00:00:00+00:00
[2023-08-09T03:20:46.817+0000] {processor.py:179} INFO - Processing /home/airflow/.local/lib/python3.7/site-packages/airflow/example_dags/example_nested_branch_dag.py took 0.116 seconds
[2023-08-09T03:21:16.874+0000] {processor.py:157} INFO - Started process (PID=1236) to work on /home/airflow/.local/lib/python3.7/site-packages/airflow/example_dags/example_nested_branch_dag.py
[2023-08-09T03:21:16.875+0000] {processor.py:826} INFO - Processing file /home/airflow/.local/lib/python3.7/site-packages/airflow/example_dags/example_nested_branch_dag.py for tasks to queue
[2023-08-09T03:21:16.877+0000] {logging_mixin.py:150} INFO - [2023-08-09T03:21:16.876+0000] {dagbag.py:541} INFO - Filling up the DagBag from /home/airflow/.local/lib/python3.7/site-packages/airflow/example_dags/example_nested_branch_dag.py
[2023-08-09T03:21:16.885+0000] {processor.py:836} INFO - DAG(s) dict_keys(['example_nested_branch_dag']) retrieved from /home/airflow/.local/lib/python3.7/site-packages/airflow/example_dags/example_nested_branch_dag.py
[2023-08-09T03:21:16.922+0000] {logging_mixin.py:150} INFO - [2023-08-09T03:21:16.921+0000] {dag.py:2742} INFO - Sync 1 DAGs
[2023-08-09T03:21:16.964+0000] {logging_mixin.py:150} INFO - [2023-08-09T03:21:16.964+0000] {dag.py:3508} INFO - Setting next_dagrun for example_nested_branch_dag to 2023-08-08T00:00:00+00:00, run_after=2023-08-09T00:00:00+00:00
[2023-08-09T03:21:16.991+0000] {processor.py:179} INFO - Processing /home/airflow/.local/lib/python3.7/site-packages/airflow/example_dags/example_nested_branch_dag.py took 0.119 seconds
[2023-08-09T03:21:47.204+0000] {processor.py:157} INFO - Started process (PID=1291) to work on /home/airflow/.local/lib/python3.7/site-packages/airflow/example_dags/example_nested_branch_dag.py
[2023-08-09T03:21:47.204+0000] {processor.py:826} INFO - Processing file /home/airflow/.local/lib/python3.7/site-packages/airflow/example_dags/example_nested_branch_dag.py for tasks to queue
[2023-08-09T03:21:47.206+0000] {logging_mixin.py:150} INFO - [2023-08-09T03:21:47.206+0000] {dagbag.py:541} INFO - Filling up the DagBag from /home/airflow/.local/lib/python3.7/site-packages/airflow/example_dags/example_nested_branch_dag.py
[2023-08-09T03:21:47.218+0000] {processor.py:836} INFO - DAG(s) dict_keys(['example_nested_branch_dag']) retrieved from /home/airflow/.local/lib/python3.7/site-packages/airflow/example_dags/example_nested_branch_dag.py
[2023-08-09T03:21:47.250+0000] {logging_mixin.py:150} INFO - [2023-08-09T03:21:47.249+0000] {dag.py:2742} INFO - Sync 1 DAGs
[2023-08-09T03:21:47.286+0000] {logging_mixin.py:150} INFO - [2023-08-09T03:21:47.286+0000] {dag.py:3508} INFO - Setting next_dagrun for example_nested_branch_dag to 2023-08-08T00:00:00+00:00, run_after=2023-08-09T00:00:00+00:00
[2023-08-09T03:21:47.304+0000] {processor.py:179} INFO - Processing /home/airflow/.local/lib/python3.7/site-packages/airflow/example_dags/example_nested_branch_dag.py took 0.103 seconds
[2023-08-09T03:22:18.245+0000] {processor.py:157} INFO - Started process (PID=1346) to work on /home/airflow/.local/lib/python3.7/site-packages/airflow/example_dags/example_nested_branch_dag.py
[2023-08-09T03:22:18.245+0000] {processor.py:826} INFO - Processing file /home/airflow/.local/lib/python3.7/site-packages/airflow/example_dags/example_nested_branch_dag.py for tasks to queue
[2023-08-09T03:22:18.248+0000] {logging_mixin.py:150} INFO - [2023-08-09T03:22:18.247+0000] {dagbag.py:541} INFO - Filling up the DagBag from /home/airflow/.local/lib/python3.7/site-packages/airflow/example_dags/example_nested_branch_dag.py
[2023-08-09T03:22:18.260+0000] {processor.py:836} INFO - DAG(s) dict_keys(['example_nested_branch_dag']) retrieved from /home/airflow/.local/lib/python3.7/site-packages/airflow/example_dags/example_nested_branch_dag.py
[2023-08-09T03:22:18.307+0000] {logging_mixin.py:150} INFO - [2023-08-09T03:22:18.306+0000] {dag.py:2742} INFO - Sync 1 DAGs
[2023-08-09T03:22:18.340+0000] {logging_mixin.py:150} INFO - [2023-08-09T03:22:18.340+0000] {dag.py:3508} INFO - Setting next_dagrun for example_nested_branch_dag to 2023-08-08T00:00:00+00:00, run_after=2023-08-09T00:00:00+00:00
[2023-08-09T03:22:18.362+0000] {processor.py:179} INFO - Processing /home/airflow/.local/lib/python3.7/site-packages/airflow/example_dags/example_nested_branch_dag.py took 0.121 seconds
[2023-08-09T03:22:48.680+0000] {processor.py:157} INFO - Started process (PID=1400) to work on /home/airflow/.local/lib/python3.7/site-packages/airflow/example_dags/example_nested_branch_dag.py
[2023-08-09T03:22:48.681+0000] {processor.py:826} INFO - Processing file /home/airflow/.local/lib/python3.7/site-packages/airflow/example_dags/example_nested_branch_dag.py for tasks to queue
[2023-08-09T03:22:48.684+0000] {logging_mixin.py:150} INFO - [2023-08-09T03:22:48.683+0000] {dagbag.py:541} INFO - Filling up the DagBag from /home/airflow/.local/lib/python3.7/site-packages/airflow/example_dags/example_nested_branch_dag.py
[2023-08-09T03:22:48.699+0000] {processor.py:836} INFO - DAG(s) dict_keys(['example_nested_branch_dag']) retrieved from /home/airflow/.local/lib/python3.7/site-packages/airflow/example_dags/example_nested_branch_dag.py
[2023-08-09T03:22:48.734+0000] {logging_mixin.py:150} INFO - [2023-08-09T03:22:48.733+0000] {dag.py:2742} INFO - Sync 1 DAGs
[2023-08-09T03:22:48.758+0000] {logging_mixin.py:150} INFO - [2023-08-09T03:22:48.757+0000] {dag.py:3508} INFO - Setting next_dagrun for example_nested_branch_dag to 2023-08-08T00:00:00+00:00, run_after=2023-08-09T00:00:00+00:00
[2023-08-09T03:22:48.773+0000] {processor.py:179} INFO - Processing /home/airflow/.local/lib/python3.7/site-packages/airflow/example_dags/example_nested_branch_dag.py took 0.098 seconds
[2023-08-09T03:23:18.824+0000] {processor.py:157} INFO - Started process (PID=1454) to work on /home/airflow/.local/lib/python3.7/site-packages/airflow/example_dags/example_nested_branch_dag.py
[2023-08-09T03:23:18.825+0000] {processor.py:826} INFO - Processing file /home/airflow/.local/lib/python3.7/site-packages/airflow/example_dags/example_nested_branch_dag.py for tasks to queue
[2023-08-09T03:23:18.829+0000] {logging_mixin.py:150} INFO - [2023-08-09T03:23:18.829+0000] {dagbag.py:541} INFO - Filling up the DagBag from /home/airflow/.local/lib/python3.7/site-packages/airflow/example_dags/example_nested_branch_dag.py
[2023-08-09T03:23:18.845+0000] {processor.py:836} INFO - DAG(s) dict_keys(['example_nested_branch_dag']) retrieved from /home/airflow/.local/lib/python3.7/site-packages/airflow/example_dags/example_nested_branch_dag.py
[2023-08-09T03:23:18.880+0000] {logging_mixin.py:150} INFO - [2023-08-09T03:23:18.880+0000] {dag.py:2742} INFO - Sync 1 DAGs
[2023-08-09T03:23:18.904+0000] {logging_mixin.py:150} INFO - [2023-08-09T03:23:18.904+0000] {dag.py:3508} INFO - Setting next_dagrun for example_nested_branch_dag to 2023-08-08T00:00:00+00:00, run_after=2023-08-09T00:00:00+00:00
[2023-08-09T03:23:18.920+0000] {processor.py:179} INFO - Processing /home/airflow/.local/lib/python3.7/site-packages/airflow/example_dags/example_nested_branch_dag.py took 0.101 seconds
[2023-08-09T03:23:49.028+0000] {processor.py:157} INFO - Started process (PID=1509) to work on /home/airflow/.local/lib/python3.7/site-packages/airflow/example_dags/example_nested_branch_dag.py
[2023-08-09T03:23:49.029+0000] {processor.py:826} INFO - Processing file /home/airflow/.local/lib/python3.7/site-packages/airflow/example_dags/example_nested_branch_dag.py for tasks to queue
[2023-08-09T03:23:49.033+0000] {logging_mixin.py:150} INFO - [2023-08-09T03:23:49.032+0000] {dagbag.py:541} INFO - Filling up the DagBag from /home/airflow/.local/lib/python3.7/site-packages/airflow/example_dags/example_nested_branch_dag.py
[2023-08-09T03:23:49.049+0000] {processor.py:836} INFO - DAG(s) dict_keys(['example_nested_branch_dag']) retrieved from /home/airflow/.local/lib/python3.7/site-packages/airflow/example_dags/example_nested_branch_dag.py
[2023-08-09T03:23:49.093+0000] {logging_mixin.py:150} INFO - [2023-08-09T03:23:49.093+0000] {dag.py:2742} INFO - Sync 1 DAGs
[2023-08-09T03:23:49.122+0000] {logging_mixin.py:150} INFO - [2023-08-09T03:23:49.122+0000] {dag.py:3508} INFO - Setting next_dagrun for example_nested_branch_dag to 2023-08-08T00:00:00+00:00, run_after=2023-08-09T00:00:00+00:00
[2023-08-09T03:23:49.144+0000] {processor.py:179} INFO - Processing /home/airflow/.local/lib/python3.7/site-packages/airflow/example_dags/example_nested_branch_dag.py took 0.121 seconds
[2023-08-09T03:24:19.364+0000] {processor.py:157} INFO - Started process (PID=1564) to work on /home/airflow/.local/lib/python3.7/site-packages/airflow/example_dags/example_nested_branch_dag.py
[2023-08-09T03:24:19.365+0000] {processor.py:826} INFO - Processing file /home/airflow/.local/lib/python3.7/site-packages/airflow/example_dags/example_nested_branch_dag.py for tasks to queue
[2023-08-09T03:24:19.368+0000] {logging_mixin.py:150} INFO - [2023-08-09T03:24:19.368+0000] {dagbag.py:541} INFO - Filling up the DagBag from /home/airflow/.local/lib/python3.7/site-packages/airflow/example_dags/example_nested_branch_dag.py
[2023-08-09T03:24:19.385+0000] {processor.py:836} INFO - DAG(s) dict_keys(['example_nested_branch_dag']) retrieved from /home/airflow/.local/lib/python3.7/site-packages/airflow/example_dags/example_nested_branch_dag.py
[2023-08-09T03:24:19.426+0000] {logging_mixin.py:150} INFO - [2023-08-09T03:24:19.425+0000] {dag.py:2742} INFO - Sync 1 DAGs
[2023-08-09T03:24:19.457+0000] {logging_mixin.py:150} INFO - [2023-08-09T03:24:19.456+0000] {dag.py:3508} INFO - Setting next_dagrun for example_nested_branch_dag to 2023-08-08T00:00:00+00:00, run_after=2023-08-09T00:00:00+00:00
[2023-08-09T03:24:19.473+0000] {processor.py:179} INFO - Processing /home/airflow/.local/lib/python3.7/site-packages/airflow/example_dags/example_nested_branch_dag.py took 0.114 seconds
[2023-08-09T03:24:49.551+0000] {processor.py:157} INFO - Started process (PID=1619) to work on /home/airflow/.local/lib/python3.7/site-packages/airflow/example_dags/example_nested_branch_dag.py
[2023-08-09T03:24:49.552+0000] {processor.py:826} INFO - Processing file /home/airflow/.local/lib/python3.7/site-packages/airflow/example_dags/example_nested_branch_dag.py for tasks to queue
[2023-08-09T03:24:49.554+0000] {logging_mixin.py:150} INFO - [2023-08-09T03:24:49.554+0000] {dagbag.py:541} INFO - Filling up the DagBag from /home/airflow/.local/lib/python3.7/site-packages/airflow/example_dags/example_nested_branch_dag.py
[2023-08-09T03:24:49.563+0000] {processor.py:836} INFO - DAG(s) dict_keys(['example_nested_branch_dag']) retrieved from /home/airflow/.local/lib/python3.7/site-packages/airflow/example_dags/example_nested_branch_dag.py
[2023-08-09T03:24:49.593+0000] {logging_mixin.py:150} INFO - [2023-08-09T03:24:49.592+0000] {dag.py:2742} INFO - Sync 1 DAGs
[2023-08-09T03:24:49.629+0000] {logging_mixin.py:150} INFO - [2023-08-09T03:24:49.629+0000] {dag.py:3508} INFO - Setting next_dagrun for example_nested_branch_dag to 2023-08-08T00:00:00+00:00, run_after=2023-08-09T00:00:00+00:00
[2023-08-09T03:24:49.649+0000] {processor.py:179} INFO - Processing /home/airflow/.local/lib/python3.7/site-packages/airflow/example_dags/example_nested_branch_dag.py took 0.102 seconds
[2023-08-09T03:25:19.948+0000] {processor.py:157} INFO - Started process (PID=1679) to work on /home/airflow/.local/lib/python3.7/site-packages/airflow/example_dags/example_nested_branch_dag.py
[2023-08-09T03:25:19.949+0000] {processor.py:826} INFO - Processing file /home/airflow/.local/lib/python3.7/site-packages/airflow/example_dags/example_nested_branch_dag.py for tasks to queue
[2023-08-09T03:25:19.951+0000] {logging_mixin.py:150} INFO - [2023-08-09T03:25:19.951+0000] {dagbag.py:541} INFO - Filling up the DagBag from /home/airflow/.local/lib/python3.7/site-packages/airflow/example_dags/example_nested_branch_dag.py
[2023-08-09T03:25:19.962+0000] {processor.py:836} INFO - DAG(s) dict_keys(['example_nested_branch_dag']) retrieved from /home/airflow/.local/lib/python3.7/site-packages/airflow/example_dags/example_nested_branch_dag.py
[2023-08-09T03:25:19.997+0000] {logging_mixin.py:150} INFO - [2023-08-09T03:25:19.996+0000] {dag.py:2742} INFO - Sync 1 DAGs
[2023-08-09T03:25:20.037+0000] {logging_mixin.py:150} INFO - [2023-08-09T03:25:20.036+0000] {dag.py:3508} INFO - Setting next_dagrun for example_nested_branch_dag to 2023-08-08T00:00:00+00:00, run_after=2023-08-09T00:00:00+00:00
[2023-08-09T03:25:20.056+0000] {processor.py:179} INFO - Processing /home/airflow/.local/lib/python3.7/site-packages/airflow/example_dags/example_nested_branch_dag.py took 0.112 seconds
[2023-08-09T03:25:50.193+0000] {processor.py:157} INFO - Started process (PID=1734) to work on /home/airflow/.local/lib/python3.7/site-packages/airflow/example_dags/example_nested_branch_dag.py
[2023-08-09T03:25:50.194+0000] {processor.py:826} INFO - Processing file /home/airflow/.local/lib/python3.7/site-packages/airflow/example_dags/example_nested_branch_dag.py for tasks to queue
[2023-08-09T03:25:50.196+0000] {logging_mixin.py:150} INFO - [2023-08-09T03:25:50.196+0000] {dagbag.py:541} INFO - Filling up the DagBag from /home/airflow/.local/lib/python3.7/site-packages/airflow/example_dags/example_nested_branch_dag.py
[2023-08-09T03:25:50.211+0000] {processor.py:836} INFO - DAG(s) dict_keys(['example_nested_branch_dag']) retrieved from /home/airflow/.local/lib/python3.7/site-packages/airflow/example_dags/example_nested_branch_dag.py
[2023-08-09T03:25:50.237+0000] {logging_mixin.py:150} INFO - [2023-08-09T03:25:50.237+0000] {dag.py:2742} INFO - Sync 1 DAGs
[2023-08-09T03:25:50.261+0000] {logging_mixin.py:150} INFO - [2023-08-09T03:25:50.261+0000] {dag.py:3508} INFO - Setting next_dagrun for example_nested_branch_dag to 2023-08-08T00:00:00+00:00, run_after=2023-08-09T00:00:00+00:00
[2023-08-09T03:25:50.277+0000] {processor.py:179} INFO - Processing /home/airflow/.local/lib/python3.7/site-packages/airflow/example_dags/example_nested_branch_dag.py took 0.086 seconds
[2023-08-09T03:26:20.370+0000] {processor.py:157} INFO - Started process (PID=1789) to work on /home/airflow/.local/lib/python3.7/site-packages/airflow/example_dags/example_nested_branch_dag.py
[2023-08-09T03:26:20.372+0000] {processor.py:826} INFO - Processing file /home/airflow/.local/lib/python3.7/site-packages/airflow/example_dags/example_nested_branch_dag.py for tasks to queue
[2023-08-09T03:26:20.375+0000] {logging_mixin.py:150} INFO - [2023-08-09T03:26:20.375+0000] {dagbag.py:541} INFO - Filling up the DagBag from /home/airflow/.local/lib/python3.7/site-packages/airflow/example_dags/example_nested_branch_dag.py
[2023-08-09T03:26:20.392+0000] {processor.py:836} INFO - DAG(s) dict_keys(['example_nested_branch_dag']) retrieved from /home/airflow/.local/lib/python3.7/site-packages/airflow/example_dags/example_nested_branch_dag.py
[2023-08-09T03:26:20.432+0000] {logging_mixin.py:150} INFO - [2023-08-09T03:26:20.431+0000] {dag.py:2742} INFO - Sync 1 DAGs
[2023-08-09T03:26:20.462+0000] {logging_mixin.py:150} INFO - [2023-08-09T03:26:20.461+0000] {dag.py:3508} INFO - Setting next_dagrun for example_nested_branch_dag to 2023-08-08T00:00:00+00:00, run_after=2023-08-09T00:00:00+00:00
[2023-08-09T03:26:20.476+0000] {processor.py:179} INFO - Processing /home/airflow/.local/lib/python3.7/site-packages/airflow/example_dags/example_nested_branch_dag.py took 0.111 seconds
[2023-08-09T03:26:50.617+0000] {processor.py:157} INFO - Started process (PID=1843) to work on /home/airflow/.local/lib/python3.7/site-packages/airflow/example_dags/example_nested_branch_dag.py
[2023-08-09T03:26:50.618+0000] {processor.py:826} INFO - Processing file /home/airflow/.local/lib/python3.7/site-packages/airflow/example_dags/example_nested_branch_dag.py for tasks to queue
[2023-08-09T03:26:50.619+0000] {logging_mixin.py:150} INFO - [2023-08-09T03:26:50.619+0000] {dagbag.py:541} INFO - Filling up the DagBag from /home/airflow/.local/lib/python3.7/site-packages/airflow/example_dags/example_nested_branch_dag.py
[2023-08-09T03:26:50.630+0000] {processor.py:836} INFO - DAG(s) dict_keys(['example_nested_branch_dag']) retrieved from /home/airflow/.local/lib/python3.7/site-packages/airflow/example_dags/example_nested_branch_dag.py
[2023-08-09T03:26:50.668+0000] {logging_mixin.py:150} INFO - [2023-08-09T03:26:50.666+0000] {dag.py:2742} INFO - Sync 1 DAGs
[2023-08-09T03:26:50.704+0000] {logging_mixin.py:150} INFO - [2023-08-09T03:26:50.704+0000] {dag.py:3508} INFO - Setting next_dagrun for example_nested_branch_dag to 2023-08-08T00:00:00+00:00, run_after=2023-08-09T00:00:00+00:00
[2023-08-09T03:26:50.723+0000] {processor.py:179} INFO - Processing /home/airflow/.local/lib/python3.7/site-packages/airflow/example_dags/example_nested_branch_dag.py took 0.108 seconds
[2023-08-09T03:27:21.164+0000] {processor.py:157} INFO - Started process (PID=1898) to work on /home/airflow/.local/lib/python3.7/site-packages/airflow/example_dags/example_nested_branch_dag.py
[2023-08-09T03:27:21.165+0000] {processor.py:826} INFO - Processing file /home/airflow/.local/lib/python3.7/site-packages/airflow/example_dags/example_nested_branch_dag.py for tasks to queue
[2023-08-09T03:27:21.168+0000] {logging_mixin.py:150} INFO - [2023-08-09T03:27:21.168+0000] {dagbag.py:541} INFO - Filling up the DagBag from /home/airflow/.local/lib/python3.7/site-packages/airflow/example_dags/example_nested_branch_dag.py
[2023-08-09T03:27:21.181+0000] {processor.py:836} INFO - DAG(s) dict_keys(['example_nested_branch_dag']) retrieved from /home/airflow/.local/lib/python3.7/site-packages/airflow/example_dags/example_nested_branch_dag.py
[2023-08-09T03:27:21.218+0000] {logging_mixin.py:150} INFO - [2023-08-09T03:27:21.217+0000] {dag.py:2742} INFO - Sync 1 DAGs
[2023-08-09T03:27:21.251+0000] {logging_mixin.py:150} INFO - [2023-08-09T03:27:21.250+0000] {dag.py:3508} INFO - Setting next_dagrun for example_nested_branch_dag to 2023-08-08T00:00:00+00:00, run_after=2023-08-09T00:00:00+00:00
[2023-08-09T03:27:21.269+0000] {processor.py:179} INFO - Processing /home/airflow/.local/lib/python3.7/site-packages/airflow/example_dags/example_nested_branch_dag.py took 0.108 seconds
[2023-08-09T03:27:51.417+0000] {processor.py:157} INFO - Started process (PID=1953) to work on /home/airflow/.local/lib/python3.7/site-packages/airflow/example_dags/example_nested_branch_dag.py
[2023-08-09T03:27:51.419+0000] {processor.py:826} INFO - Processing file /home/airflow/.local/lib/python3.7/site-packages/airflow/example_dags/example_nested_branch_dag.py for tasks to queue
[2023-08-09T03:27:51.421+0000] {logging_mixin.py:150} INFO - [2023-08-09T03:27:51.420+0000] {dagbag.py:541} INFO - Filling up the DagBag from /home/airflow/.local/lib/python3.7/site-packages/airflow/example_dags/example_nested_branch_dag.py
[2023-08-09T03:27:51.431+0000] {processor.py:836} INFO - DAG(s) dict_keys(['example_nested_branch_dag']) retrieved from /home/airflow/.local/lib/python3.7/site-packages/airflow/example_dags/example_nested_branch_dag.py
[2023-08-09T03:27:51.464+0000] {logging_mixin.py:150} INFO - [2023-08-09T03:27:51.464+0000] {dag.py:2742} INFO - Sync 1 DAGs
[2023-08-09T03:27:51.506+0000] {logging_mixin.py:150} INFO - [2023-08-09T03:27:51.505+0000] {dag.py:3508} INFO - Setting next_dagrun for example_nested_branch_dag to 2023-08-08T00:00:00+00:00, run_after=2023-08-09T00:00:00+00:00
[2023-08-09T03:27:51.532+0000] {processor.py:179} INFO - Processing /home/airflow/.local/lib/python3.7/site-packages/airflow/example_dags/example_nested_branch_dag.py took 0.119 seconds
[2023-08-09T03:28:21.591+0000] {processor.py:157} INFO - Started process (PID=2009) to work on /home/airflow/.local/lib/python3.7/site-packages/airflow/example_dags/example_nested_branch_dag.py
[2023-08-09T03:28:21.592+0000] {processor.py:826} INFO - Processing file /home/airflow/.local/lib/python3.7/site-packages/airflow/example_dags/example_nested_branch_dag.py for tasks to queue
[2023-08-09T03:28:21.594+0000] {logging_mixin.py:150} INFO - [2023-08-09T03:28:21.593+0000] {dagbag.py:541} INFO - Filling up the DagBag from /home/airflow/.local/lib/python3.7/site-packages/airflow/example_dags/example_nested_branch_dag.py
[2023-08-09T03:28:21.602+0000] {processor.py:836} INFO - DAG(s) dict_keys(['example_nested_branch_dag']) retrieved from /home/airflow/.local/lib/python3.7/site-packages/airflow/example_dags/example_nested_branch_dag.py
[2023-08-09T03:28:21.626+0000] {logging_mixin.py:150} INFO - [2023-08-09T03:28:21.626+0000] {dag.py:2742} INFO - Sync 1 DAGs
[2023-08-09T03:28:21.664+0000] {logging_mixin.py:150} INFO - [2023-08-09T03:28:21.664+0000] {dag.py:3508} INFO - Setting next_dagrun for example_nested_branch_dag to 2023-08-08T00:00:00+00:00, run_after=2023-08-09T00:00:00+00:00
[2023-08-09T03:28:21.682+0000] {processor.py:179} INFO - Processing /home/airflow/.local/lib/python3.7/site-packages/airflow/example_dags/example_nested_branch_dag.py took 0.094 seconds
[2023-08-09T03:28:51.943+0000] {processor.py:157} INFO - Started process (PID=2064) to work on /home/airflow/.local/lib/python3.7/site-packages/airflow/example_dags/example_nested_branch_dag.py
[2023-08-09T03:28:51.945+0000] {processor.py:826} INFO - Processing file /home/airflow/.local/lib/python3.7/site-packages/airflow/example_dags/example_nested_branch_dag.py for tasks to queue
[2023-08-09T03:28:51.947+0000] {logging_mixin.py:150} INFO - [2023-08-09T03:28:51.947+0000] {dagbag.py:541} INFO - Filling up the DagBag from /home/airflow/.local/lib/python3.7/site-packages/airflow/example_dags/example_nested_branch_dag.py
[2023-08-09T03:28:51.962+0000] {processor.py:836} INFO - DAG(s) dict_keys(['example_nested_branch_dag']) retrieved from /home/airflow/.local/lib/python3.7/site-packages/airflow/example_dags/example_nested_branch_dag.py
[2023-08-09T03:28:51.999+0000] {logging_mixin.py:150} INFO - [2023-08-09T03:28:51.999+0000] {dag.py:2742} INFO - Sync 1 DAGs
[2023-08-09T03:28:52.039+0000] {logging_mixin.py:150} INFO - [2023-08-09T03:28:52.039+0000] {dag.py:3508} INFO - Setting next_dagrun for example_nested_branch_dag to 2023-08-08T00:00:00+00:00, run_after=2023-08-09T00:00:00+00:00
[2023-08-09T03:28:52.080+0000] {processor.py:179} INFO - Processing /home/airflow/.local/lib/python3.7/site-packages/airflow/example_dags/example_nested_branch_dag.py took 0.141 seconds
[2023-08-09T03:29:22.323+0000] {processor.py:157} INFO - Started process (PID=2119) to work on /home/airflow/.local/lib/python3.7/site-packages/airflow/example_dags/example_nested_branch_dag.py
[2023-08-09T03:29:22.324+0000] {processor.py:826} INFO - Processing file /home/airflow/.local/lib/python3.7/site-packages/airflow/example_dags/example_nested_branch_dag.py for tasks to queue
[2023-08-09T03:29:22.327+0000] {logging_mixin.py:150} INFO - [2023-08-09T03:29:22.327+0000] {dagbag.py:541} INFO - Filling up the DagBag from /home/airflow/.local/lib/python3.7/site-packages/airflow/example_dags/example_nested_branch_dag.py
[2023-08-09T03:29:22.340+0000] {processor.py:836} INFO - DAG(s) dict_keys(['example_nested_branch_dag']) retrieved from /home/airflow/.local/lib/python3.7/site-packages/airflow/example_dags/example_nested_branch_dag.py
[2023-08-09T03:29:22.376+0000] {logging_mixin.py:150} INFO - [2023-08-09T03:29:22.375+0000] {dag.py:2742} INFO - Sync 1 DAGs
[2023-08-09T03:29:22.405+0000] {logging_mixin.py:150} INFO - [2023-08-09T03:29:22.405+0000] {dag.py:3508} INFO - Setting next_dagrun for example_nested_branch_dag to 2023-08-08T00:00:00+00:00, run_after=2023-08-09T00:00:00+00:00
[2023-08-09T03:29:22.424+0000] {processor.py:179} INFO - Processing /home/airflow/.local/lib/python3.7/site-packages/airflow/example_dags/example_nested_branch_dag.py took 0.106 seconds
[2023-08-09T03:29:53.133+0000] {processor.py:157} INFO - Started process (PID=2174) to work on /home/airflow/.local/lib/python3.7/site-packages/airflow/example_dags/example_nested_branch_dag.py
[2023-08-09T03:29:53.134+0000] {processor.py:826} INFO - Processing file /home/airflow/.local/lib/python3.7/site-packages/airflow/example_dags/example_nested_branch_dag.py for tasks to queue
[2023-08-09T03:29:53.135+0000] {logging_mixin.py:150} INFO - [2023-08-09T03:29:53.134+0000] {dagbag.py:541} INFO - Filling up the DagBag from /home/airflow/.local/lib/python3.7/site-packages/airflow/example_dags/example_nested_branch_dag.py
[2023-08-09T03:29:53.148+0000] {processor.py:836} INFO - DAG(s) dict_keys(['example_nested_branch_dag']) retrieved from /home/airflow/.local/lib/python3.7/site-packages/airflow/example_dags/example_nested_branch_dag.py
[2023-08-09T03:29:53.175+0000] {logging_mixin.py:150} INFO - [2023-08-09T03:29:53.175+0000] {dag.py:2742} INFO - Sync 1 DAGs
[2023-08-09T03:29:53.199+0000] {logging_mixin.py:150} INFO - [2023-08-09T03:29:53.199+0000] {dag.py:3508} INFO - Setting next_dagrun for example_nested_branch_dag to 2023-08-08T00:00:00+00:00, run_after=2023-08-09T00:00:00+00:00
[2023-08-09T03:29:53.217+0000] {processor.py:179} INFO - Processing /home/airflow/.local/lib/python3.7/site-packages/airflow/example_dags/example_nested_branch_dag.py took 0.086 seconds
[2023-08-09T03:30:24.380+0000] {processor.py:157} INFO - Started process (PID=2229) to work on /home/airflow/.local/lib/python3.7/site-packages/airflow/example_dags/example_nested_branch_dag.py
[2023-08-09T03:30:24.381+0000] {processor.py:826} INFO - Processing file /home/airflow/.local/lib/python3.7/site-packages/airflow/example_dags/example_nested_branch_dag.py for tasks to queue
[2023-08-09T03:30:24.382+0000] {logging_mixin.py:150} INFO - [2023-08-09T03:30:24.381+0000] {dagbag.py:541} INFO - Filling up the DagBag from /home/airflow/.local/lib/python3.7/site-packages/airflow/example_dags/example_nested_branch_dag.py
[2023-08-09T03:30:24.390+0000] {processor.py:836} INFO - DAG(s) dict_keys(['example_nested_branch_dag']) retrieved from /home/airflow/.local/lib/python3.7/site-packages/airflow/example_dags/example_nested_branch_dag.py
[2023-08-09T03:30:24.421+0000] {logging_mixin.py:150} INFO - [2023-08-09T03:30:24.421+0000] {dag.py:2742} INFO - Sync 1 DAGs
[2023-08-09T03:30:24.447+0000] {logging_mixin.py:150} INFO - [2023-08-09T03:30:24.447+0000] {dag.py:3508} INFO - Setting next_dagrun for example_nested_branch_dag to 2023-08-08T00:00:00+00:00, run_after=2023-08-09T00:00:00+00:00
[2023-08-09T03:30:24.464+0000] {processor.py:179} INFO - Processing /home/airflow/.local/lib/python3.7/site-packages/airflow/example_dags/example_nested_branch_dag.py took 0.086 seconds
[2023-08-09T03:30:54.692+0000] {processor.py:157} INFO - Started process (PID=2285) to work on /home/airflow/.local/lib/python3.7/site-packages/airflow/example_dags/example_nested_branch_dag.py
[2023-08-09T03:30:54.693+0000] {processor.py:826} INFO - Processing file /home/airflow/.local/lib/python3.7/site-packages/airflow/example_dags/example_nested_branch_dag.py for tasks to queue
[2023-08-09T03:30:54.694+0000] {logging_mixin.py:150} INFO - [2023-08-09T03:30:54.694+0000] {dagbag.py:541} INFO - Filling up the DagBag from /home/airflow/.local/lib/python3.7/site-packages/airflow/example_dags/example_nested_branch_dag.py
[2023-08-09T03:30:54.703+0000] {processor.py:836} INFO - DAG(s) dict_keys(['example_nested_branch_dag']) retrieved from /home/airflow/.local/lib/python3.7/site-packages/airflow/example_dags/example_nested_branch_dag.py
[2023-08-09T03:30:54.728+0000] {logging_mixin.py:150} INFO - [2023-08-09T03:30:54.728+0000] {dag.py:2742} INFO - Sync 1 DAGs
[2023-08-09T03:30:54.769+0000] {logging_mixin.py:150} INFO - [2023-08-09T03:30:54.769+0000] {dag.py:3508} INFO - Setting next_dagrun for example_nested_branch_dag to 2023-08-08T00:00:00+00:00, run_after=2023-08-09T00:00:00+00:00
[2023-08-09T03:30:54.802+0000] {processor.py:179} INFO - Processing /home/airflow/.local/lib/python3.7/site-packages/airflow/example_dags/example_nested_branch_dag.py took 0.112 seconds
[2023-08-09T03:31:25.052+0000] {processor.py:157} INFO - Started process (PID=2343) to work on /home/airflow/.local/lib/python3.7/site-packages/airflow/example_dags/example_nested_branch_dag.py
[2023-08-09T03:31:25.053+0000] {processor.py:826} INFO - Processing file /home/airflow/.local/lib/python3.7/site-packages/airflow/example_dags/example_nested_branch_dag.py for tasks to queue
[2023-08-09T03:31:25.053+0000] {logging_mixin.py:150} INFO - [2023-08-09T03:31:25.053+0000] {dagbag.py:541} INFO - Filling up the DagBag from /home/airflow/.local/lib/python3.7/site-packages/airflow/example_dags/example_nested_branch_dag.py
[2023-08-09T03:31:25.062+0000] {processor.py:836} INFO - DAG(s) dict_keys(['example_nested_branch_dag']) retrieved from /home/airflow/.local/lib/python3.7/site-packages/airflow/example_dags/example_nested_branch_dag.py
[2023-08-09T03:31:25.084+0000] {logging_mixin.py:150} INFO - [2023-08-09T03:31:25.084+0000] {dag.py:2742} INFO - Sync 1 DAGs
[2023-08-09T03:31:25.109+0000] {logging_mixin.py:150} INFO - [2023-08-09T03:31:25.108+0000] {dag.py:3508} INFO - Setting next_dagrun for example_nested_branch_dag to 2023-08-08T00:00:00+00:00, run_after=2023-08-09T00:00:00+00:00
[2023-08-09T03:31:25.127+0000] {processor.py:179} INFO - Processing /home/airflow/.local/lib/python3.7/site-packages/airflow/example_dags/example_nested_branch_dag.py took 0.078 seconds
[2023-08-09T03:31:55.590+0000] {processor.py:157} INFO - Started process (PID=2398) to work on /home/airflow/.local/lib/python3.7/site-packages/airflow/example_dags/example_nested_branch_dag.py
[2023-08-09T03:31:55.590+0000] {processor.py:826} INFO - Processing file /home/airflow/.local/lib/python3.7/site-packages/airflow/example_dags/example_nested_branch_dag.py for tasks to queue
[2023-08-09T03:31:55.591+0000] {logging_mixin.py:150} INFO - [2023-08-09T03:31:55.591+0000] {dagbag.py:541} INFO - Filling up the DagBag from /home/airflow/.local/lib/python3.7/site-packages/airflow/example_dags/example_nested_branch_dag.py
[2023-08-09T03:31:55.601+0000] {processor.py:836} INFO - DAG(s) dict_keys(['example_nested_branch_dag']) retrieved from /home/airflow/.local/lib/python3.7/site-packages/airflow/example_dags/example_nested_branch_dag.py
[2023-08-09T03:31:55.625+0000] {logging_mixin.py:150} INFO - [2023-08-09T03:31:55.624+0000] {dag.py:2742} INFO - Sync 1 DAGs
[2023-08-09T03:31:55.653+0000] {logging_mixin.py:150} INFO - [2023-08-09T03:31:55.653+0000] {dag.py:3508} INFO - Setting next_dagrun for example_nested_branch_dag to 2023-08-08T00:00:00+00:00, run_after=2023-08-09T00:00:00+00:00
[2023-08-09T03:31:55.678+0000] {processor.py:179} INFO - Processing /home/airflow/.local/lib/python3.7/site-packages/airflow/example_dags/example_nested_branch_dag.py took 0.091 seconds
[2023-08-09T03:32:25.972+0000] {processor.py:157} INFO - Started process (PID=2456) to work on /home/airflow/.local/lib/python3.7/site-packages/airflow/example_dags/example_nested_branch_dag.py
[2023-08-09T03:32:25.973+0000] {processor.py:826} INFO - Processing file /home/airflow/.local/lib/python3.7/site-packages/airflow/example_dags/example_nested_branch_dag.py for tasks to queue
[2023-08-09T03:32:25.974+0000] {logging_mixin.py:150} INFO - [2023-08-09T03:32:25.974+0000] {dagbag.py:541} INFO - Filling up the DagBag from /home/airflow/.local/lib/python3.7/site-packages/airflow/example_dags/example_nested_branch_dag.py
[2023-08-09T03:32:25.985+0000] {processor.py:836} INFO - DAG(s) dict_keys(['example_nested_branch_dag']) retrieved from /home/airflow/.local/lib/python3.7/site-packages/airflow/example_dags/example_nested_branch_dag.py
[2023-08-09T03:32:26.007+0000] {logging_mixin.py:150} INFO - [2023-08-09T03:32:26.007+0000] {dag.py:2742} INFO - Sync 1 DAGs
[2023-08-09T03:32:26.032+0000] {logging_mixin.py:150} INFO - [2023-08-09T03:32:26.032+0000] {dag.py:3508} INFO - Setting next_dagrun for example_nested_branch_dag to 2023-08-08T00:00:00+00:00, run_after=2023-08-09T00:00:00+00:00
[2023-08-09T03:32:26.049+0000] {processor.py:179} INFO - Processing /home/airflow/.local/lib/python3.7/site-packages/airflow/example_dags/example_nested_branch_dag.py took 0.080 seconds
[2023-08-09T03:33:01.766+0000] {processor.py:157} INFO - Started process (PID=2510) to work on /home/airflow/.local/lib/python3.7/site-packages/airflow/example_dags/example_nested_branch_dag.py
[2023-08-09T03:33:01.816+0000] {processor.py:826} INFO - Processing file /home/airflow/.local/lib/python3.7/site-packages/airflow/example_dags/example_nested_branch_dag.py for tasks to queue
[2023-08-09T03:33:01.851+0000] {logging_mixin.py:150} INFO - [2023-08-09T03:33:01.851+0000] {dagbag.py:541} INFO - Filling up the DagBag from /home/airflow/.local/lib/python3.7/site-packages/airflow/example_dags/example_nested_branch_dag.py
[2023-08-09T03:33:01.891+0000] {processor.py:836} INFO - DAG(s) dict_keys(['example_nested_branch_dag']) retrieved from /home/airflow/.local/lib/python3.7/site-packages/airflow/example_dags/example_nested_branch_dag.py
[2023-08-09T03:33:02.021+0000] {logging_mixin.py:150} INFO - [2023-08-09T03:33:02.021+0000] {dag.py:2742} INFO - Sync 1 DAGs
[2023-08-09T03:33:02.636+0000] {logging_mixin.py:150} INFO - [2023-08-09T03:33:02.633+0000] {dag.py:3508} INFO - Setting next_dagrun for example_nested_branch_dag to 2023-08-08T00:00:00+00:00, run_after=2023-08-09T00:00:00+00:00
[2023-08-09T03:33:03.373+0000] {processor.py:179} INFO - Processing /home/airflow/.local/lib/python3.7/site-packages/airflow/example_dags/example_nested_branch_dag.py took 2.072 seconds
[2023-08-09T03:33:34.243+0000] {processor.py:157} INFO - Started process (PID=2565) to work on /home/airflow/.local/lib/python3.7/site-packages/airflow/example_dags/example_nested_branch_dag.py
[2023-08-09T03:33:34.244+0000] {processor.py:826} INFO - Processing file /home/airflow/.local/lib/python3.7/site-packages/airflow/example_dags/example_nested_branch_dag.py for tasks to queue
[2023-08-09T03:33:34.245+0000] {logging_mixin.py:150} INFO - [2023-08-09T03:33:34.244+0000] {dagbag.py:541} INFO - Filling up the DagBag from /home/airflow/.local/lib/python3.7/site-packages/airflow/example_dags/example_nested_branch_dag.py
[2023-08-09T03:33:34.255+0000] {processor.py:836} INFO - DAG(s) dict_keys(['example_nested_branch_dag']) retrieved from /home/airflow/.local/lib/python3.7/site-packages/airflow/example_dags/example_nested_branch_dag.py
[2023-08-09T03:33:34.277+0000] {logging_mixin.py:150} INFO - [2023-08-09T03:33:34.277+0000] {dag.py:2742} INFO - Sync 1 DAGs
[2023-08-09T03:33:34.303+0000] {logging_mixin.py:150} INFO - [2023-08-09T03:33:34.303+0000] {dag.py:3508} INFO - Setting next_dagrun for example_nested_branch_dag to 2023-08-08T00:00:00+00:00, run_after=2023-08-09T00:00:00+00:00
[2023-08-09T03:33:34.319+0000] {processor.py:179} INFO - Processing /home/airflow/.local/lib/python3.7/site-packages/airflow/example_dags/example_nested_branch_dag.py took 0.078 seconds
[2023-08-09T03:34:04.776+0000] {processor.py:157} INFO - Started process (PID=2621) to work on /home/airflow/.local/lib/python3.7/site-packages/airflow/example_dags/example_nested_branch_dag.py
[2023-08-09T03:34:04.776+0000] {processor.py:826} INFO - Processing file /home/airflow/.local/lib/python3.7/site-packages/airflow/example_dags/example_nested_branch_dag.py for tasks to queue
[2023-08-09T03:34:04.777+0000] {logging_mixin.py:150} INFO - [2023-08-09T03:34:04.777+0000] {dagbag.py:541} INFO - Filling up the DagBag from /home/airflow/.local/lib/python3.7/site-packages/airflow/example_dags/example_nested_branch_dag.py
[2023-08-09T03:34:04.789+0000] {processor.py:836} INFO - DAG(s) dict_keys(['example_nested_branch_dag']) retrieved from /home/airflow/.local/lib/python3.7/site-packages/airflow/example_dags/example_nested_branch_dag.py
[2023-08-09T03:34:04.819+0000] {logging_mixin.py:150} INFO - [2023-08-09T03:34:04.819+0000] {dag.py:2742} INFO - Sync 1 DAGs
[2023-08-09T03:34:04.844+0000] {logging_mixin.py:150} INFO - [2023-08-09T03:34:04.844+0000] {dag.py:3508} INFO - Setting next_dagrun for example_nested_branch_dag to 2023-08-08T00:00:00+00:00, run_after=2023-08-09T00:00:00+00:00
[2023-08-09T03:34:04.859+0000] {processor.py:179} INFO - Processing /home/airflow/.local/lib/python3.7/site-packages/airflow/example_dags/example_nested_branch_dag.py took 0.086 seconds
[2023-08-09T03:34:35.769+0000] {processor.py:157} INFO - Started process (PID=2676) to work on /home/airflow/.local/lib/python3.7/site-packages/airflow/example_dags/example_nested_branch_dag.py
[2023-08-09T03:34:35.770+0000] {processor.py:826} INFO - Processing file /home/airflow/.local/lib/python3.7/site-packages/airflow/example_dags/example_nested_branch_dag.py for tasks to queue
[2023-08-09T03:34:35.771+0000] {logging_mixin.py:150} INFO - [2023-08-09T03:34:35.771+0000] {dagbag.py:541} INFO - Filling up the DagBag from /home/airflow/.local/lib/python3.7/site-packages/airflow/example_dags/example_nested_branch_dag.py
[2023-08-09T03:34:35.789+0000] {processor.py:836} INFO - DAG(s) dict_keys(['example_nested_branch_dag']) retrieved from /home/airflow/.local/lib/python3.7/site-packages/airflow/example_dags/example_nested_branch_dag.py
[2023-08-09T03:34:35.828+0000] {logging_mixin.py:150} INFO - [2023-08-09T03:34:35.827+0000] {dag.py:2742} INFO - Sync 1 DAGs
[2023-08-09T03:34:35.857+0000] {logging_mixin.py:150} INFO - [2023-08-09T03:34:35.857+0000] {dag.py:3508} INFO - Setting next_dagrun for example_nested_branch_dag to 2023-08-08T00:00:00+00:00, run_after=2023-08-09T00:00:00+00:00
[2023-08-09T03:34:35.874+0000] {processor.py:179} INFO - Processing /home/airflow/.local/lib/python3.7/site-packages/airflow/example_dags/example_nested_branch_dag.py took 0.110 seconds
[2023-08-09T03:35:06.159+0000] {processor.py:157} INFO - Started process (PID=2730) to work on /home/airflow/.local/lib/python3.7/site-packages/airflow/example_dags/example_nested_branch_dag.py
[2023-08-09T03:35:06.160+0000] {processor.py:826} INFO - Processing file /home/airflow/.local/lib/python3.7/site-packages/airflow/example_dags/example_nested_branch_dag.py for tasks to queue
[2023-08-09T03:35:06.161+0000] {logging_mixin.py:150} INFO - [2023-08-09T03:35:06.161+0000] {dagbag.py:541} INFO - Filling up the DagBag from /home/airflow/.local/lib/python3.7/site-packages/airflow/example_dags/example_nested_branch_dag.py
[2023-08-09T03:35:06.177+0000] {processor.py:836} INFO - DAG(s) dict_keys(['example_nested_branch_dag']) retrieved from /home/airflow/.local/lib/python3.7/site-packages/airflow/example_dags/example_nested_branch_dag.py
[2023-08-09T03:35:06.222+0000] {logging_mixin.py:150} INFO - [2023-08-09T03:35:06.222+0000] {dag.py:2742} INFO - Sync 1 DAGs
[2023-08-09T03:35:06.254+0000] {logging_mixin.py:150} INFO - [2023-08-09T03:35:06.254+0000] {dag.py:3508} INFO - Setting next_dagrun for example_nested_branch_dag to 2023-08-08T00:00:00+00:00, run_after=2023-08-09T00:00:00+00:00
[2023-08-09T03:35:06.271+0000] {processor.py:179} INFO - Processing /home/airflow/.local/lib/python3.7/site-packages/airflow/example_dags/example_nested_branch_dag.py took 0.117 seconds
[2023-08-09T03:35:36.469+0000] {processor.py:157} INFO - Started process (PID=2785) to work on /home/airflow/.local/lib/python3.7/site-packages/airflow/example_dags/example_nested_branch_dag.py
[2023-08-09T03:35:36.470+0000] {processor.py:826} INFO - Processing file /home/airflow/.local/lib/python3.7/site-packages/airflow/example_dags/example_nested_branch_dag.py for tasks to queue
[2023-08-09T03:35:36.471+0000] {logging_mixin.py:150} INFO - [2023-08-09T03:35:36.470+0000] {dagbag.py:541} INFO - Filling up the DagBag from /home/airflow/.local/lib/python3.7/site-packages/airflow/example_dags/example_nested_branch_dag.py
[2023-08-09T03:35:36.482+0000] {processor.py:836} INFO - DAG(s) dict_keys(['example_nested_branch_dag']) retrieved from /home/airflow/.local/lib/python3.7/site-packages/airflow/example_dags/example_nested_branch_dag.py
[2023-08-09T03:35:36.515+0000] {logging_mixin.py:150} INFO - [2023-08-09T03:35:36.515+0000] {dag.py:2742} INFO - Sync 1 DAGs
[2023-08-09T03:35:36.544+0000] {logging_mixin.py:150} INFO - [2023-08-09T03:35:36.544+0000] {dag.py:3508} INFO - Setting next_dagrun for example_nested_branch_dag to 2023-08-08T00:00:00+00:00, run_after=2023-08-09T00:00:00+00:00
[2023-08-09T03:35:36.566+0000] {processor.py:179} INFO - Processing /home/airflow/.local/lib/python3.7/site-packages/airflow/example_dags/example_nested_branch_dag.py took 0.100 seconds
[2023-08-09T03:36:06.930+0000] {processor.py:157} INFO - Started process (PID=2840) to work on /home/airflow/.local/lib/python3.7/site-packages/airflow/example_dags/example_nested_branch_dag.py
[2023-08-09T03:36:06.931+0000] {processor.py:826} INFO - Processing file /home/airflow/.local/lib/python3.7/site-packages/airflow/example_dags/example_nested_branch_dag.py for tasks to queue
[2023-08-09T03:36:06.932+0000] {logging_mixin.py:150} INFO - [2023-08-09T03:36:06.932+0000] {dagbag.py:541} INFO - Filling up the DagBag from /home/airflow/.local/lib/python3.7/site-packages/airflow/example_dags/example_nested_branch_dag.py
[2023-08-09T03:36:06.941+0000] {processor.py:836} INFO - DAG(s) dict_keys(['example_nested_branch_dag']) retrieved from /home/airflow/.local/lib/python3.7/site-packages/airflow/example_dags/example_nested_branch_dag.py
[2023-08-09T03:36:06.973+0000] {logging_mixin.py:150} INFO - [2023-08-09T03:36:06.973+0000] {dag.py:2742} INFO - Sync 1 DAGs
[2023-08-09T03:36:07.010+0000] {logging_mixin.py:150} INFO - [2023-08-09T03:36:07.009+0000] {dag.py:3508} INFO - Setting next_dagrun for example_nested_branch_dag to 2023-08-08T00:00:00+00:00, run_after=2023-08-09T00:00:00+00:00
[2023-08-09T03:36:07.030+0000] {processor.py:179} INFO - Processing /home/airflow/.local/lib/python3.7/site-packages/airflow/example_dags/example_nested_branch_dag.py took 0.103 seconds
[2023-08-09T03:36:37.250+0000] {processor.py:157} INFO - Started process (PID=2896) to work on /home/airflow/.local/lib/python3.7/site-packages/airflow/example_dags/example_nested_branch_dag.py
[2023-08-09T03:36:37.251+0000] {processor.py:826} INFO - Processing file /home/airflow/.local/lib/python3.7/site-packages/airflow/example_dags/example_nested_branch_dag.py for tasks to queue
[2023-08-09T03:36:37.252+0000] {logging_mixin.py:150} INFO - [2023-08-09T03:36:37.251+0000] {dagbag.py:541} INFO - Filling up the DagBag from /home/airflow/.local/lib/python3.7/site-packages/airflow/example_dags/example_nested_branch_dag.py
[2023-08-09T03:36:37.265+0000] {processor.py:836} INFO - DAG(s) dict_keys(['example_nested_branch_dag']) retrieved from /home/airflow/.local/lib/python3.7/site-packages/airflow/example_dags/example_nested_branch_dag.py
[2023-08-09T03:36:37.305+0000] {logging_mixin.py:150} INFO - [2023-08-09T03:36:37.305+0000] {dag.py:2742} INFO - Sync 1 DAGs
[2023-08-09T03:36:37.347+0000] {logging_mixin.py:150} INFO - [2023-08-09T03:36:37.347+0000] {dag.py:3508} INFO - Setting next_dagrun for example_nested_branch_dag to 2023-08-08T00:00:00+00:00, run_after=2023-08-09T00:00:00+00:00
[2023-08-09T03:36:37.371+0000] {processor.py:179} INFO - Processing /home/airflow/.local/lib/python3.7/site-packages/airflow/example_dags/example_nested_branch_dag.py took 0.124 seconds
