[2023-08-09T03:10:35.829+0000] {processor.py:157} INFO - Started process (PID=82) to work on /home/airflow/.local/lib/python3.7/site-packages/airflow/example_dags/example_time_delta_sensor_async.py
[2023-08-09T03:10:35.832+0000] {processor.py:826} INFO - Processing file /home/airflow/.local/lib/python3.7/site-packages/airflow/example_dags/example_time_delta_sensor_async.py for tasks to queue
[2023-08-09T03:10:35.834+0000] {logging_mixin.py:150} INFO - [2023-08-09T03:10:35.834+0000] {dagbag.py:541} INFO - Filling up the DagBag from /home/airflow/.local/lib/python3.7/site-packages/airflow/example_dags/example_time_delta_sensor_async.py
[2023-08-09T03:10:35.838+0000] {processor.py:836} INFO - DAG(s) dict_keys(['example_time_delta_sensor_async']) retrieved from /home/airflow/.local/lib/python3.7/site-packages/airflow/example_dags/example_time_delta_sensor_async.py
[2023-08-09T03:10:35.867+0000] {logging_mixin.py:150} INFO - [2023-08-09T03:10:35.866+0000] {dag.py:2742} INFO - Sync 1 DAGs
[2023-08-09T03:10:35.902+0000] {logging_mixin.py:150} INFO - [2023-08-09T03:10:35.902+0000] {dag.py:3508} INFO - Setting next_dagrun for example_time_delta_sensor_async to None, run_after=None
[2023-08-09T03:10:35.932+0000] {processor.py:179} INFO - Processing /home/airflow/.local/lib/python3.7/site-packages/airflow/example_dags/example_time_delta_sensor_async.py took 0.108 seconds
[2023-08-09T03:11:06.656+0000] {processor.py:157} INFO - Started process (PID=137) to work on /home/airflow/.local/lib/python3.7/site-packages/airflow/example_dags/example_time_delta_sensor_async.py
[2023-08-09T03:11:06.657+0000] {processor.py:826} INFO - Processing file /home/airflow/.local/lib/python3.7/site-packages/airflow/example_dags/example_time_delta_sensor_async.py for tasks to queue
[2023-08-09T03:11:06.659+0000] {logging_mixin.py:150} INFO - [2023-08-09T03:11:06.658+0000] {dagbag.py:541} INFO - Filling up the DagBag from /home/airflow/.local/lib/python3.7/site-packages/airflow/example_dags/example_time_delta_sensor_async.py
[2023-08-09T03:11:06.663+0000] {processor.py:836} INFO - DAG(s) dict_keys(['example_time_delta_sensor_async']) retrieved from /home/airflow/.local/lib/python3.7/site-packages/airflow/example_dags/example_time_delta_sensor_async.py
[2023-08-09T03:11:06.686+0000] {logging_mixin.py:150} INFO - [2023-08-09T03:11:06.685+0000] {dag.py:2742} INFO - Sync 1 DAGs
[2023-08-09T03:11:06.719+0000] {logging_mixin.py:150} INFO - [2023-08-09T03:11:06.718+0000] {dag.py:3508} INFO - Setting next_dagrun for example_time_delta_sensor_async to None, run_after=None
[2023-08-09T03:11:06.746+0000] {processor.py:179} INFO - Processing /home/airflow/.local/lib/python3.7/site-packages/airflow/example_dags/example_time_delta_sensor_async.py took 0.093 seconds
[2023-08-09T03:11:37.337+0000] {processor.py:157} INFO - Started process (PID=192) to work on /home/airflow/.local/lib/python3.7/site-packages/airflow/example_dags/example_time_delta_sensor_async.py
[2023-08-09T03:11:37.338+0000] {processor.py:826} INFO - Processing file /home/airflow/.local/lib/python3.7/site-packages/airflow/example_dags/example_time_delta_sensor_async.py for tasks to queue
[2023-08-09T03:11:37.340+0000] {logging_mixin.py:150} INFO - [2023-08-09T03:11:37.340+0000] {dagbag.py:541} INFO - Filling up the DagBag from /home/airflow/.local/lib/python3.7/site-packages/airflow/example_dags/example_time_delta_sensor_async.py
[2023-08-09T03:11:37.344+0000] {processor.py:836} INFO - DAG(s) dict_keys(['example_time_delta_sensor_async']) retrieved from /home/airflow/.local/lib/python3.7/site-packages/airflow/example_dags/example_time_delta_sensor_async.py
[2023-08-09T03:11:37.372+0000] {logging_mixin.py:150} INFO - [2023-08-09T03:11:37.371+0000] {dag.py:2742} INFO - Sync 1 DAGs
[2023-08-09T03:11:37.409+0000] {logging_mixin.py:150} INFO - [2023-08-09T03:11:37.409+0000] {dag.py:3508} INFO - Setting next_dagrun for example_time_delta_sensor_async to None, run_after=None
[2023-08-09T03:11:37.438+0000] {processor.py:179} INFO - Processing /home/airflow/.local/lib/python3.7/site-packages/airflow/example_dags/example_time_delta_sensor_async.py took 0.103 seconds
[2023-08-09T03:12:07.617+0000] {processor.py:157} INFO - Started process (PID=248) to work on /home/airflow/.local/lib/python3.7/site-packages/airflow/example_dags/example_time_delta_sensor_async.py
[2023-08-09T03:12:07.618+0000] {processor.py:826} INFO - Processing file /home/airflow/.local/lib/python3.7/site-packages/airflow/example_dags/example_time_delta_sensor_async.py for tasks to queue
[2023-08-09T03:12:07.620+0000] {logging_mixin.py:150} INFO - [2023-08-09T03:12:07.619+0000] {dagbag.py:541} INFO - Filling up the DagBag from /home/airflow/.local/lib/python3.7/site-packages/airflow/example_dags/example_time_delta_sensor_async.py
[2023-08-09T03:12:07.624+0000] {processor.py:836} INFO - DAG(s) dict_keys(['example_time_delta_sensor_async']) retrieved from /home/airflow/.local/lib/python3.7/site-packages/airflow/example_dags/example_time_delta_sensor_async.py
[2023-08-09T03:12:07.647+0000] {logging_mixin.py:150} INFO - [2023-08-09T03:12:07.647+0000] {dag.py:2742} INFO - Sync 1 DAGs
[2023-08-09T03:12:07.672+0000] {logging_mixin.py:150} INFO - [2023-08-09T03:12:07.672+0000] {dag.py:3508} INFO - Setting next_dagrun for example_time_delta_sensor_async to None, run_after=None
[2023-08-09T03:12:07.692+0000] {processor.py:179} INFO - Processing /home/airflow/.local/lib/python3.7/site-packages/airflow/example_dags/example_time_delta_sensor_async.py took 0.078 seconds
[2023-08-09T03:12:37.959+0000] {processor.py:157} INFO - Started process (PID=303) to work on /home/airflow/.local/lib/python3.7/site-packages/airflow/example_dags/example_time_delta_sensor_async.py
[2023-08-09T03:12:37.960+0000] {processor.py:826} INFO - Processing file /home/airflow/.local/lib/python3.7/site-packages/airflow/example_dags/example_time_delta_sensor_async.py for tasks to queue
[2023-08-09T03:12:37.961+0000] {logging_mixin.py:150} INFO - [2023-08-09T03:12:37.961+0000] {dagbag.py:541} INFO - Filling up the DagBag from /home/airflow/.local/lib/python3.7/site-packages/airflow/example_dags/example_time_delta_sensor_async.py
[2023-08-09T03:12:37.965+0000] {processor.py:836} INFO - DAG(s) dict_keys(['example_time_delta_sensor_async']) retrieved from /home/airflow/.local/lib/python3.7/site-packages/airflow/example_dags/example_time_delta_sensor_async.py
[2023-08-09T03:12:37.993+0000] {logging_mixin.py:150} INFO - [2023-08-09T03:12:37.993+0000] {dag.py:2742} INFO - Sync 1 DAGs
[2023-08-09T03:12:38.017+0000] {logging_mixin.py:150} INFO - [2023-08-09T03:12:38.017+0000] {dag.py:3508} INFO - Setting next_dagrun for example_time_delta_sensor_async to None, run_after=None
[2023-08-09T03:12:38.033+0000] {processor.py:179} INFO - Processing /home/airflow/.local/lib/python3.7/site-packages/airflow/example_dags/example_time_delta_sensor_async.py took 0.076 seconds
[2023-08-09T03:13:08.958+0000] {processor.py:157} INFO - Started process (PID=358) to work on /home/airflow/.local/lib/python3.7/site-packages/airflow/example_dags/example_time_delta_sensor_async.py
[2023-08-09T03:13:08.959+0000] {processor.py:826} INFO - Processing file /home/airflow/.local/lib/python3.7/site-packages/airflow/example_dags/example_time_delta_sensor_async.py for tasks to queue
[2023-08-09T03:13:08.960+0000] {logging_mixin.py:150} INFO - [2023-08-09T03:13:08.960+0000] {dagbag.py:541} INFO - Filling up the DagBag from /home/airflow/.local/lib/python3.7/site-packages/airflow/example_dags/example_time_delta_sensor_async.py
[2023-08-09T03:13:08.964+0000] {processor.py:836} INFO - DAG(s) dict_keys(['example_time_delta_sensor_async']) retrieved from /home/airflow/.local/lib/python3.7/site-packages/airflow/example_dags/example_time_delta_sensor_async.py
[2023-08-09T03:13:08.984+0000] {logging_mixin.py:150} INFO - [2023-08-09T03:13:08.984+0000] {dag.py:2742} INFO - Sync 1 DAGs
[2023-08-09T03:13:09.008+0000] {logging_mixin.py:150} INFO - [2023-08-09T03:13:09.008+0000] {dag.py:3508} INFO - Setting next_dagrun for example_time_delta_sensor_async to None, run_after=None
[2023-08-09T03:13:09.030+0000] {processor.py:179} INFO - Processing /home/airflow/.local/lib/python3.7/site-packages/airflow/example_dags/example_time_delta_sensor_async.py took 0.075 seconds
[2023-08-09T03:13:39.341+0000] {processor.py:157} INFO - Started process (PID=413) to work on /home/airflow/.local/lib/python3.7/site-packages/airflow/example_dags/example_time_delta_sensor_async.py
[2023-08-09T03:13:39.342+0000] {processor.py:826} INFO - Processing file /home/airflow/.local/lib/python3.7/site-packages/airflow/example_dags/example_time_delta_sensor_async.py for tasks to queue
[2023-08-09T03:13:39.344+0000] {logging_mixin.py:150} INFO - [2023-08-09T03:13:39.344+0000] {dagbag.py:541} INFO - Filling up the DagBag from /home/airflow/.local/lib/python3.7/site-packages/airflow/example_dags/example_time_delta_sensor_async.py
[2023-08-09T03:13:39.348+0000] {processor.py:836} INFO - DAG(s) dict_keys(['example_time_delta_sensor_async']) retrieved from /home/airflow/.local/lib/python3.7/site-packages/airflow/example_dags/example_time_delta_sensor_async.py
[2023-08-09T03:13:39.377+0000] {logging_mixin.py:150} INFO - [2023-08-09T03:13:39.376+0000] {dag.py:2742} INFO - Sync 1 DAGs
[2023-08-09T03:13:39.415+0000] {logging_mixin.py:150} INFO - [2023-08-09T03:13:39.415+0000] {dag.py:3508} INFO - Setting next_dagrun for example_time_delta_sensor_async to None, run_after=None
[2023-08-09T03:13:39.434+0000] {processor.py:179} INFO - Processing /home/airflow/.local/lib/python3.7/site-packages/airflow/example_dags/example_time_delta_sensor_async.py took 0.096 seconds
[2023-08-09T03:14:09.647+0000] {processor.py:157} INFO - Started process (PID=469) to work on /home/airflow/.local/lib/python3.7/site-packages/airflow/example_dags/example_time_delta_sensor_async.py
[2023-08-09T03:14:09.648+0000] {processor.py:826} INFO - Processing file /home/airflow/.local/lib/python3.7/site-packages/airflow/example_dags/example_time_delta_sensor_async.py for tasks to queue
[2023-08-09T03:14:09.650+0000] {logging_mixin.py:150} INFO - [2023-08-09T03:14:09.650+0000] {dagbag.py:541} INFO - Filling up the DagBag from /home/airflow/.local/lib/python3.7/site-packages/airflow/example_dags/example_time_delta_sensor_async.py
[2023-08-09T03:14:09.653+0000] {processor.py:836} INFO - DAG(s) dict_keys(['example_time_delta_sensor_async']) retrieved from /home/airflow/.local/lib/python3.7/site-packages/airflow/example_dags/example_time_delta_sensor_async.py
[2023-08-09T03:14:09.681+0000] {logging_mixin.py:150} INFO - [2023-08-09T03:14:09.680+0000] {dag.py:2742} INFO - Sync 1 DAGs
[2023-08-09T03:14:09.715+0000] {logging_mixin.py:150} INFO - [2023-08-09T03:14:09.714+0000] {dag.py:3508} INFO - Setting next_dagrun for example_time_delta_sensor_async to None, run_after=None
[2023-08-09T03:14:09.738+0000] {processor.py:179} INFO - Processing /home/airflow/.local/lib/python3.7/site-packages/airflow/example_dags/example_time_delta_sensor_async.py took 0.094 seconds
[2023-08-09T03:14:39.833+0000] {processor.py:157} INFO - Started process (PID=525) to work on /home/airflow/.local/lib/python3.7/site-packages/airflow/example_dags/example_time_delta_sensor_async.py
[2023-08-09T03:14:39.834+0000] {processor.py:826} INFO - Processing file /home/airflow/.local/lib/python3.7/site-packages/airflow/example_dags/example_time_delta_sensor_async.py for tasks to queue
[2023-08-09T03:14:39.837+0000] {logging_mixin.py:150} INFO - [2023-08-09T03:14:39.837+0000] {dagbag.py:541} INFO - Filling up the DagBag from /home/airflow/.local/lib/python3.7/site-packages/airflow/example_dags/example_time_delta_sensor_async.py
[2023-08-09T03:14:39.845+0000] {processor.py:836} INFO - DAG(s) dict_keys(['example_time_delta_sensor_async']) retrieved from /home/airflow/.local/lib/python3.7/site-packages/airflow/example_dags/example_time_delta_sensor_async.py
[2023-08-09T03:14:39.869+0000] {logging_mixin.py:150} INFO - [2023-08-09T03:14:39.868+0000] {dag.py:2742} INFO - Sync 1 DAGs
[2023-08-09T03:14:39.892+0000] {logging_mixin.py:150} INFO - [2023-08-09T03:14:39.892+0000] {dag.py:3508} INFO - Setting next_dagrun for example_time_delta_sensor_async to None, run_after=None
[2023-08-09T03:14:39.908+0000] {processor.py:179} INFO - Processing /home/airflow/.local/lib/python3.7/site-packages/airflow/example_dags/example_time_delta_sensor_async.py took 0.080 seconds
[2023-08-09T03:15:10.014+0000] {processor.py:157} INFO - Started process (PID=579) to work on /home/airflow/.local/lib/python3.7/site-packages/airflow/example_dags/example_time_delta_sensor_async.py
[2023-08-09T03:15:10.015+0000] {processor.py:826} INFO - Processing file /home/airflow/.local/lib/python3.7/site-packages/airflow/example_dags/example_time_delta_sensor_async.py for tasks to queue
[2023-08-09T03:15:10.016+0000] {logging_mixin.py:150} INFO - [2023-08-09T03:15:10.016+0000] {dagbag.py:541} INFO - Filling up the DagBag from /home/airflow/.local/lib/python3.7/site-packages/airflow/example_dags/example_time_delta_sensor_async.py
[2023-08-09T03:15:10.021+0000] {processor.py:836} INFO - DAG(s) dict_keys(['example_time_delta_sensor_async']) retrieved from /home/airflow/.local/lib/python3.7/site-packages/airflow/example_dags/example_time_delta_sensor_async.py
[2023-08-09T03:15:10.044+0000] {logging_mixin.py:150} INFO - [2023-08-09T03:15:10.043+0000] {dag.py:2742} INFO - Sync 1 DAGs
[2023-08-09T03:15:10.067+0000] {logging_mixin.py:150} INFO - [2023-08-09T03:15:10.067+0000] {dag.py:3508} INFO - Setting next_dagrun for example_time_delta_sensor_async to None, run_after=None
[2023-08-09T03:15:10.087+0000] {processor.py:179} INFO - Processing /home/airflow/.local/lib/python3.7/site-packages/airflow/example_dags/example_time_delta_sensor_async.py took 0.075 seconds
[2023-08-09T03:15:42.363+0000] {processor.py:157} INFO - Started process (PID=634) to work on /home/airflow/.local/lib/python3.7/site-packages/airflow/example_dags/example_time_delta_sensor_async.py
[2023-08-09T03:15:42.369+0000] {processor.py:826} INFO - Processing file /home/airflow/.local/lib/python3.7/site-packages/airflow/example_dags/example_time_delta_sensor_async.py for tasks to queue
[2023-08-09T03:15:42.375+0000] {logging_mixin.py:150} INFO - [2023-08-09T03:15:42.375+0000] {dagbag.py:541} INFO - Filling up the DagBag from /home/airflow/.local/lib/python3.7/site-packages/airflow/example_dags/example_time_delta_sensor_async.py
[2023-08-09T03:15:42.380+0000] {processor.py:836} INFO - DAG(s) dict_keys(['example_time_delta_sensor_async']) retrieved from /home/airflow/.local/lib/python3.7/site-packages/airflow/example_dags/example_time_delta_sensor_async.py
[2023-08-09T03:15:42.452+0000] {logging_mixin.py:150} INFO - [2023-08-09T03:15:42.451+0000] {dag.py:2742} INFO - Sync 1 DAGs
[2023-08-09T03:15:42.554+0000] {logging_mixin.py:150} INFO - [2023-08-09T03:15:42.554+0000] {dag.py:3508} INFO - Setting next_dagrun for example_time_delta_sensor_async to None, run_after=None
[2023-08-09T03:15:42.597+0000] {processor.py:179} INFO - Processing /home/airflow/.local/lib/python3.7/site-packages/airflow/example_dags/example_time_delta_sensor_async.py took 0.238 seconds
[2023-08-09T03:16:12.786+0000] {processor.py:157} INFO - Started process (PID=689) to work on /home/airflow/.local/lib/python3.7/site-packages/airflow/example_dags/example_time_delta_sensor_async.py
[2023-08-09T03:16:12.787+0000] {processor.py:826} INFO - Processing file /home/airflow/.local/lib/python3.7/site-packages/airflow/example_dags/example_time_delta_sensor_async.py for tasks to queue
[2023-08-09T03:16:12.789+0000] {logging_mixin.py:150} INFO - [2023-08-09T03:16:12.788+0000] {dagbag.py:541} INFO - Filling up the DagBag from /home/airflow/.local/lib/python3.7/site-packages/airflow/example_dags/example_time_delta_sensor_async.py
[2023-08-09T03:16:12.792+0000] {processor.py:836} INFO - DAG(s) dict_keys(['example_time_delta_sensor_async']) retrieved from /home/airflow/.local/lib/python3.7/site-packages/airflow/example_dags/example_time_delta_sensor_async.py
[2023-08-09T03:16:12.814+0000] {logging_mixin.py:150} INFO - [2023-08-09T03:16:12.813+0000] {dag.py:2742} INFO - Sync 1 DAGs
[2023-08-09T03:16:12.836+0000] {logging_mixin.py:150} INFO - [2023-08-09T03:16:12.836+0000] {dag.py:3508} INFO - Setting next_dagrun for example_time_delta_sensor_async to None, run_after=None
[2023-08-09T03:16:12.854+0000] {processor.py:179} INFO - Processing /home/airflow/.local/lib/python3.7/site-packages/airflow/example_dags/example_time_delta_sensor_async.py took 0.070 seconds
[2023-08-09T03:16:43.113+0000] {processor.py:157} INFO - Started process (PID=744) to work on /home/airflow/.local/lib/python3.7/site-packages/airflow/example_dags/example_time_delta_sensor_async.py
[2023-08-09T03:16:43.114+0000] {processor.py:826} INFO - Processing file /home/airflow/.local/lib/python3.7/site-packages/airflow/example_dags/example_time_delta_sensor_async.py for tasks to queue
[2023-08-09T03:16:43.115+0000] {logging_mixin.py:150} INFO - [2023-08-09T03:16:43.115+0000] {dagbag.py:541} INFO - Filling up the DagBag from /home/airflow/.local/lib/python3.7/site-packages/airflow/example_dags/example_time_delta_sensor_async.py
[2023-08-09T03:16:43.119+0000] {processor.py:836} INFO - DAG(s) dict_keys(['example_time_delta_sensor_async']) retrieved from /home/airflow/.local/lib/python3.7/site-packages/airflow/example_dags/example_time_delta_sensor_async.py
[2023-08-09T03:16:43.142+0000] {logging_mixin.py:150} INFO - [2023-08-09T03:16:43.141+0000] {dag.py:2742} INFO - Sync 1 DAGs
[2023-08-09T03:16:43.166+0000] {logging_mixin.py:150} INFO - [2023-08-09T03:16:43.166+0000] {dag.py:3508} INFO - Setting next_dagrun for example_time_delta_sensor_async to None, run_after=None
[2023-08-09T03:16:43.184+0000] {processor.py:179} INFO - Processing /home/airflow/.local/lib/python3.7/site-packages/airflow/example_dags/example_time_delta_sensor_async.py took 0.075 seconds
[2023-08-09T03:17:13.405+0000] {processor.py:157} INFO - Started process (PID=799) to work on /home/airflow/.local/lib/python3.7/site-packages/airflow/example_dags/example_time_delta_sensor_async.py
[2023-08-09T03:17:13.405+0000] {processor.py:826} INFO - Processing file /home/airflow/.local/lib/python3.7/site-packages/airflow/example_dags/example_time_delta_sensor_async.py for tasks to queue
[2023-08-09T03:17:13.407+0000] {logging_mixin.py:150} INFO - [2023-08-09T03:17:13.406+0000] {dagbag.py:541} INFO - Filling up the DagBag from /home/airflow/.local/lib/python3.7/site-packages/airflow/example_dags/example_time_delta_sensor_async.py
[2023-08-09T03:17:13.410+0000] {processor.py:836} INFO - DAG(s) dict_keys(['example_time_delta_sensor_async']) retrieved from /home/airflow/.local/lib/python3.7/site-packages/airflow/example_dags/example_time_delta_sensor_async.py
[2023-08-09T03:17:13.436+0000] {logging_mixin.py:150} INFO - [2023-08-09T03:17:13.435+0000] {dag.py:2742} INFO - Sync 1 DAGs
[2023-08-09T03:17:13.461+0000] {logging_mixin.py:150} INFO - [2023-08-09T03:17:13.461+0000] {dag.py:3508} INFO - Setting next_dagrun for example_time_delta_sensor_async to None, run_after=None
[2023-08-09T03:17:13.476+0000] {processor.py:179} INFO - Processing /home/airflow/.local/lib/python3.7/site-packages/airflow/example_dags/example_time_delta_sensor_async.py took 0.074 seconds
[2023-08-09T03:17:43.715+0000] {processor.py:157} INFO - Started process (PID=854) to work on /home/airflow/.local/lib/python3.7/site-packages/airflow/example_dags/example_time_delta_sensor_async.py
[2023-08-09T03:17:43.716+0000] {processor.py:826} INFO - Processing file /home/airflow/.local/lib/python3.7/site-packages/airflow/example_dags/example_time_delta_sensor_async.py for tasks to queue
[2023-08-09T03:17:43.718+0000] {logging_mixin.py:150} INFO - [2023-08-09T03:17:43.718+0000] {dagbag.py:541} INFO - Filling up the DagBag from /home/airflow/.local/lib/python3.7/site-packages/airflow/example_dags/example_time_delta_sensor_async.py
[2023-08-09T03:17:43.722+0000] {processor.py:836} INFO - DAG(s) dict_keys(['example_time_delta_sensor_async']) retrieved from /home/airflow/.local/lib/python3.7/site-packages/airflow/example_dags/example_time_delta_sensor_async.py
[2023-08-09T03:17:43.744+0000] {logging_mixin.py:150} INFO - [2023-08-09T03:17:43.743+0000] {dag.py:2742} INFO - Sync 1 DAGs
[2023-08-09T03:17:43.767+0000] {logging_mixin.py:150} INFO - [2023-08-09T03:17:43.767+0000] {dag.py:3508} INFO - Setting next_dagrun for example_time_delta_sensor_async to None, run_after=None
[2023-08-09T03:17:43.790+0000] {processor.py:179} INFO - Processing /home/airflow/.local/lib/python3.7/site-packages/airflow/example_dags/example_time_delta_sensor_async.py took 0.079 seconds
[2023-08-09T03:18:13.881+0000] {processor.py:157} INFO - Started process (PID=909) to work on /home/airflow/.local/lib/python3.7/site-packages/airflow/example_dags/example_time_delta_sensor_async.py
[2023-08-09T03:18:13.882+0000] {processor.py:826} INFO - Processing file /home/airflow/.local/lib/python3.7/site-packages/airflow/example_dags/example_time_delta_sensor_async.py for tasks to queue
[2023-08-09T03:18:13.884+0000] {logging_mixin.py:150} INFO - [2023-08-09T03:18:13.884+0000] {dagbag.py:541} INFO - Filling up the DagBag from /home/airflow/.local/lib/python3.7/site-packages/airflow/example_dags/example_time_delta_sensor_async.py
[2023-08-09T03:18:13.891+0000] {processor.py:836} INFO - DAG(s) dict_keys(['example_time_delta_sensor_async']) retrieved from /home/airflow/.local/lib/python3.7/site-packages/airflow/example_dags/example_time_delta_sensor_async.py
[2023-08-09T03:18:13.930+0000] {logging_mixin.py:150} INFO - [2023-08-09T03:18:13.929+0000] {dag.py:2742} INFO - Sync 1 DAGs
[2023-08-09T03:18:13.971+0000] {logging_mixin.py:150} INFO - [2023-08-09T03:18:13.970+0000] {dag.py:3508} INFO - Setting next_dagrun for example_time_delta_sensor_async to None, run_after=None
[2023-08-09T03:18:14.006+0000] {processor.py:179} INFO - Processing /home/airflow/.local/lib/python3.7/site-packages/airflow/example_dags/example_time_delta_sensor_async.py took 0.129 seconds
[2023-08-09T03:18:44.562+0000] {processor.py:157} INFO - Started process (PID=964) to work on /home/airflow/.local/lib/python3.7/site-packages/airflow/example_dags/example_time_delta_sensor_async.py
[2023-08-09T03:18:44.563+0000] {processor.py:826} INFO - Processing file /home/airflow/.local/lib/python3.7/site-packages/airflow/example_dags/example_time_delta_sensor_async.py for tasks to queue
[2023-08-09T03:18:44.565+0000] {logging_mixin.py:150} INFO - [2023-08-09T03:18:44.565+0000] {dagbag.py:541} INFO - Filling up the DagBag from /home/airflow/.local/lib/python3.7/site-packages/airflow/example_dags/example_time_delta_sensor_async.py
[2023-08-09T03:18:44.569+0000] {processor.py:836} INFO - DAG(s) dict_keys(['example_time_delta_sensor_async']) retrieved from /home/airflow/.local/lib/python3.7/site-packages/airflow/example_dags/example_time_delta_sensor_async.py
[2023-08-09T03:18:44.595+0000] {logging_mixin.py:150} INFO - [2023-08-09T03:18:44.594+0000] {dag.py:2742} INFO - Sync 1 DAGs
[2023-08-09T03:18:44.630+0000] {logging_mixin.py:150} INFO - [2023-08-09T03:18:44.630+0000] {dag.py:3508} INFO - Setting next_dagrun for example_time_delta_sensor_async to None, run_after=None
[2023-08-09T03:18:44.655+0000] {processor.py:179} INFO - Processing /home/airflow/.local/lib/python3.7/site-packages/airflow/example_dags/example_time_delta_sensor_async.py took 0.095 seconds
[2023-08-09T03:19:14.681+0000] {processor.py:157} INFO - Started process (PID=1018) to work on /home/airflow/.local/lib/python3.7/site-packages/airflow/example_dags/example_time_delta_sensor_async.py
[2023-08-09T03:19:14.681+0000] {processor.py:826} INFO - Processing file /home/airflow/.local/lib/python3.7/site-packages/airflow/example_dags/example_time_delta_sensor_async.py for tasks to queue
[2023-08-09T03:19:14.683+0000] {logging_mixin.py:150} INFO - [2023-08-09T03:19:14.683+0000] {dagbag.py:541} INFO - Filling up the DagBag from /home/airflow/.local/lib/python3.7/site-packages/airflow/example_dags/example_time_delta_sensor_async.py
[2023-08-09T03:19:14.687+0000] {processor.py:836} INFO - DAG(s) dict_keys(['example_time_delta_sensor_async']) retrieved from /home/airflow/.local/lib/python3.7/site-packages/airflow/example_dags/example_time_delta_sensor_async.py
[2023-08-09T03:19:14.708+0000] {logging_mixin.py:150} INFO - [2023-08-09T03:19:14.708+0000] {dag.py:2742} INFO - Sync 1 DAGs
[2023-08-09T03:19:14.734+0000] {logging_mixin.py:150} INFO - [2023-08-09T03:19:14.734+0000] {dag.py:3508} INFO - Setting next_dagrun for example_time_delta_sensor_async to None, run_after=None
[2023-08-09T03:19:14.759+0000] {processor.py:179} INFO - Processing /home/airflow/.local/lib/python3.7/site-packages/airflow/example_dags/example_time_delta_sensor_async.py took 0.081 seconds
[2023-08-09T03:19:44.896+0000] {processor.py:157} INFO - Started process (PID=1073) to work on /home/airflow/.local/lib/python3.7/site-packages/airflow/example_dags/example_time_delta_sensor_async.py
[2023-08-09T03:19:44.896+0000] {processor.py:826} INFO - Processing file /home/airflow/.local/lib/python3.7/site-packages/airflow/example_dags/example_time_delta_sensor_async.py for tasks to queue
[2023-08-09T03:19:44.898+0000] {logging_mixin.py:150} INFO - [2023-08-09T03:19:44.898+0000] {dagbag.py:541} INFO - Filling up the DagBag from /home/airflow/.local/lib/python3.7/site-packages/airflow/example_dags/example_time_delta_sensor_async.py
[2023-08-09T03:19:44.902+0000] {processor.py:836} INFO - DAG(s) dict_keys(['example_time_delta_sensor_async']) retrieved from /home/airflow/.local/lib/python3.7/site-packages/airflow/example_dags/example_time_delta_sensor_async.py
[2023-08-09T03:19:44.921+0000] {logging_mixin.py:150} INFO - [2023-08-09T03:19:44.921+0000] {dag.py:2742} INFO - Sync 1 DAGs
[2023-08-09T03:19:44.943+0000] {logging_mixin.py:150} INFO - [2023-08-09T03:19:44.943+0000] {dag.py:3508} INFO - Setting next_dagrun for example_time_delta_sensor_async to None, run_after=None
[2023-08-09T03:19:44.961+0000] {processor.py:179} INFO - Processing /home/airflow/.local/lib/python3.7/site-packages/airflow/example_dags/example_time_delta_sensor_async.py took 0.067 seconds
[2023-08-09T03:20:15.727+0000] {processor.py:157} INFO - Started process (PID=1128) to work on /home/airflow/.local/lib/python3.7/site-packages/airflow/example_dags/example_time_delta_sensor_async.py
[2023-08-09T03:20:15.727+0000] {processor.py:826} INFO - Processing file /home/airflow/.local/lib/python3.7/site-packages/airflow/example_dags/example_time_delta_sensor_async.py for tasks to queue
[2023-08-09T03:20:15.729+0000] {logging_mixin.py:150} INFO - [2023-08-09T03:20:15.729+0000] {dagbag.py:541} INFO - Filling up the DagBag from /home/airflow/.local/lib/python3.7/site-packages/airflow/example_dags/example_time_delta_sensor_async.py
[2023-08-09T03:20:15.734+0000] {processor.py:836} INFO - DAG(s) dict_keys(['example_time_delta_sensor_async']) retrieved from /home/airflow/.local/lib/python3.7/site-packages/airflow/example_dags/example_time_delta_sensor_async.py
[2023-08-09T03:20:15.774+0000] {logging_mixin.py:150} INFO - [2023-08-09T03:20:15.773+0000] {dag.py:2742} INFO - Sync 1 DAGs
[2023-08-09T03:20:15.804+0000] {logging_mixin.py:150} INFO - [2023-08-09T03:20:15.804+0000] {dag.py:3508} INFO - Setting next_dagrun for example_time_delta_sensor_async to None, run_after=None
[2023-08-09T03:20:15.822+0000] {processor.py:179} INFO - Processing /home/airflow/.local/lib/python3.7/site-packages/airflow/example_dags/example_time_delta_sensor_async.py took 0.098 seconds
[2023-08-09T03:20:46.848+0000] {processor.py:157} INFO - Started process (PID=1184) to work on /home/airflow/.local/lib/python3.7/site-packages/airflow/example_dags/example_time_delta_sensor_async.py
[2023-08-09T03:20:46.848+0000] {processor.py:826} INFO - Processing file /home/airflow/.local/lib/python3.7/site-packages/airflow/example_dags/example_time_delta_sensor_async.py for tasks to queue
[2023-08-09T03:20:46.850+0000] {logging_mixin.py:150} INFO - [2023-08-09T03:20:46.850+0000] {dagbag.py:541} INFO - Filling up the DagBag from /home/airflow/.local/lib/python3.7/site-packages/airflow/example_dags/example_time_delta_sensor_async.py
[2023-08-09T03:20:46.855+0000] {processor.py:836} INFO - DAG(s) dict_keys(['example_time_delta_sensor_async']) retrieved from /home/airflow/.local/lib/python3.7/site-packages/airflow/example_dags/example_time_delta_sensor_async.py
[2023-08-09T03:20:46.882+0000] {logging_mixin.py:150} INFO - [2023-08-09T03:20:46.881+0000] {dag.py:2742} INFO - Sync 1 DAGs
[2023-08-09T03:20:46.923+0000] {logging_mixin.py:150} INFO - [2023-08-09T03:20:46.922+0000] {dag.py:3508} INFO - Setting next_dagrun for example_time_delta_sensor_async to None, run_after=None
[2023-08-09T03:20:46.949+0000] {processor.py:179} INFO - Processing /home/airflow/.local/lib/python3.7/site-packages/airflow/example_dags/example_time_delta_sensor_async.py took 0.105 seconds
[2023-08-09T03:21:17.148+0000] {processor.py:157} INFO - Started process (PID=1239) to work on /home/airflow/.local/lib/python3.7/site-packages/airflow/example_dags/example_time_delta_sensor_async.py
[2023-08-09T03:21:17.149+0000] {processor.py:826} INFO - Processing file /home/airflow/.local/lib/python3.7/site-packages/airflow/example_dags/example_time_delta_sensor_async.py for tasks to queue
[2023-08-09T03:21:17.152+0000] {logging_mixin.py:150} INFO - [2023-08-09T03:21:17.151+0000] {dagbag.py:541} INFO - Filling up the DagBag from /home/airflow/.local/lib/python3.7/site-packages/airflow/example_dags/example_time_delta_sensor_async.py
[2023-08-09T03:21:17.157+0000] {processor.py:836} INFO - DAG(s) dict_keys(['example_time_delta_sensor_async']) retrieved from /home/airflow/.local/lib/python3.7/site-packages/airflow/example_dags/example_time_delta_sensor_async.py
[2023-08-09T03:21:17.189+0000] {logging_mixin.py:150} INFO - [2023-08-09T03:21:17.188+0000] {dag.py:2742} INFO - Sync 1 DAGs
[2023-08-09T03:21:17.229+0000] {logging_mixin.py:150} INFO - [2023-08-09T03:21:17.229+0000] {dag.py:3508} INFO - Setting next_dagrun for example_time_delta_sensor_async to None, run_after=None
[2023-08-09T03:21:17.260+0000] {processor.py:179} INFO - Processing /home/airflow/.local/lib/python3.7/site-packages/airflow/example_dags/example_time_delta_sensor_async.py took 0.116 seconds
[2023-08-09T03:21:47.460+0000] {processor.py:157} INFO - Started process (PID=1294) to work on /home/airflow/.local/lib/python3.7/site-packages/airflow/example_dags/example_time_delta_sensor_async.py
[2023-08-09T03:21:47.461+0000] {processor.py:826} INFO - Processing file /home/airflow/.local/lib/python3.7/site-packages/airflow/example_dags/example_time_delta_sensor_async.py for tasks to queue
[2023-08-09T03:21:47.463+0000] {logging_mixin.py:150} INFO - [2023-08-09T03:21:47.463+0000] {dagbag.py:541} INFO - Filling up the DagBag from /home/airflow/.local/lib/python3.7/site-packages/airflow/example_dags/example_time_delta_sensor_async.py
[2023-08-09T03:21:47.468+0000] {processor.py:836} INFO - DAG(s) dict_keys(['example_time_delta_sensor_async']) retrieved from /home/airflow/.local/lib/python3.7/site-packages/airflow/example_dags/example_time_delta_sensor_async.py
[2023-08-09T03:21:47.495+0000] {logging_mixin.py:150} INFO - [2023-08-09T03:21:47.494+0000] {dag.py:2742} INFO - Sync 1 DAGs
[2023-08-09T03:21:47.519+0000] {logging_mixin.py:150} INFO - [2023-08-09T03:21:47.519+0000] {dag.py:3508} INFO - Setting next_dagrun for example_time_delta_sensor_async to None, run_after=None
[2023-08-09T03:21:47.538+0000] {processor.py:179} INFO - Processing /home/airflow/.local/lib/python3.7/site-packages/airflow/example_dags/example_time_delta_sensor_async.py took 0.083 seconds
[2023-08-09T03:22:18.628+0000] {processor.py:157} INFO - Started process (PID=1349) to work on /home/airflow/.local/lib/python3.7/site-packages/airflow/example_dags/example_time_delta_sensor_async.py
[2023-08-09T03:22:18.629+0000] {processor.py:826} INFO - Processing file /home/airflow/.local/lib/python3.7/site-packages/airflow/example_dags/example_time_delta_sensor_async.py for tasks to queue
[2023-08-09T03:22:18.632+0000] {logging_mixin.py:150} INFO - [2023-08-09T03:22:18.632+0000] {dagbag.py:541} INFO - Filling up the DagBag from /home/airflow/.local/lib/python3.7/site-packages/airflow/example_dags/example_time_delta_sensor_async.py
[2023-08-09T03:22:18.637+0000] {processor.py:836} INFO - DAG(s) dict_keys(['example_time_delta_sensor_async']) retrieved from /home/airflow/.local/lib/python3.7/site-packages/airflow/example_dags/example_time_delta_sensor_async.py
[2023-08-09T03:22:18.678+0000] {logging_mixin.py:150} INFO - [2023-08-09T03:22:18.677+0000] {dag.py:2742} INFO - Sync 1 DAGs
[2023-08-09T03:22:18.705+0000] {logging_mixin.py:150} INFO - [2023-08-09T03:22:18.705+0000] {dag.py:3508} INFO - Setting next_dagrun for example_time_delta_sensor_async to None, run_after=None
[2023-08-09T03:22:18.741+0000] {processor.py:179} INFO - Processing /home/airflow/.local/lib/python3.7/site-packages/airflow/example_dags/example_time_delta_sensor_async.py took 0.116 seconds
[2023-08-09T03:22:48.956+0000] {processor.py:157} INFO - Started process (PID=1403) to work on /home/airflow/.local/lib/python3.7/site-packages/airflow/example_dags/example_time_delta_sensor_async.py
[2023-08-09T03:22:48.956+0000] {processor.py:826} INFO - Processing file /home/airflow/.local/lib/python3.7/site-packages/airflow/example_dags/example_time_delta_sensor_async.py for tasks to queue
[2023-08-09T03:22:48.958+0000] {logging_mixin.py:150} INFO - [2023-08-09T03:22:48.958+0000] {dagbag.py:541} INFO - Filling up the DagBag from /home/airflow/.local/lib/python3.7/site-packages/airflow/example_dags/example_time_delta_sensor_async.py
[2023-08-09T03:22:48.962+0000] {processor.py:836} INFO - DAG(s) dict_keys(['example_time_delta_sensor_async']) retrieved from /home/airflow/.local/lib/python3.7/site-packages/airflow/example_dags/example_time_delta_sensor_async.py
[2023-08-09T03:22:48.982+0000] {logging_mixin.py:150} INFO - [2023-08-09T03:22:48.982+0000] {dag.py:2742} INFO - Sync 1 DAGs
[2023-08-09T03:22:49.008+0000] {logging_mixin.py:150} INFO - [2023-08-09T03:22:49.008+0000] {dag.py:3508} INFO - Setting next_dagrun for example_time_delta_sensor_async to None, run_after=None
[2023-08-09T03:22:49.025+0000] {processor.py:179} INFO - Processing /home/airflow/.local/lib/python3.7/site-packages/airflow/example_dags/example_time_delta_sensor_async.py took 0.072 seconds
[2023-08-09T03:23:19.193+0000] {processor.py:157} INFO - Started process (PID=1458) to work on /home/airflow/.local/lib/python3.7/site-packages/airflow/example_dags/example_time_delta_sensor_async.py
[2023-08-09T03:23:19.194+0000] {processor.py:826} INFO - Processing file /home/airflow/.local/lib/python3.7/site-packages/airflow/example_dags/example_time_delta_sensor_async.py for tasks to queue
[2023-08-09T03:23:19.196+0000] {logging_mixin.py:150} INFO - [2023-08-09T03:23:19.196+0000] {dagbag.py:541} INFO - Filling up the DagBag from /home/airflow/.local/lib/python3.7/site-packages/airflow/example_dags/example_time_delta_sensor_async.py
[2023-08-09T03:23:19.202+0000] {processor.py:836} INFO - DAG(s) dict_keys(['example_time_delta_sensor_async']) retrieved from /home/airflow/.local/lib/python3.7/site-packages/airflow/example_dags/example_time_delta_sensor_async.py
[2023-08-09T03:23:19.231+0000] {logging_mixin.py:150} INFO - [2023-08-09T03:23:19.230+0000] {dag.py:2742} INFO - Sync 1 DAGs
[2023-08-09T03:23:19.266+0000] {logging_mixin.py:150} INFO - [2023-08-09T03:23:19.265+0000] {dag.py:3508} INFO - Setting next_dagrun for example_time_delta_sensor_async to None, run_after=None
[2023-08-09T03:23:19.286+0000] {processor.py:179} INFO - Processing /home/airflow/.local/lib/python3.7/site-packages/airflow/example_dags/example_time_delta_sensor_async.py took 0.097 seconds
[2023-08-09T03:23:50.223+0000] {processor.py:157} INFO - Started process (PID=1520) to work on /home/airflow/.local/lib/python3.7/site-packages/airflow/example_dags/example_time_delta_sensor_async.py
[2023-08-09T03:23:50.224+0000] {processor.py:826} INFO - Processing file /home/airflow/.local/lib/python3.7/site-packages/airflow/example_dags/example_time_delta_sensor_async.py for tasks to queue
[2023-08-09T03:23:50.226+0000] {logging_mixin.py:150} INFO - [2023-08-09T03:23:50.226+0000] {dagbag.py:541} INFO - Filling up the DagBag from /home/airflow/.local/lib/python3.7/site-packages/airflow/example_dags/example_time_delta_sensor_async.py
[2023-08-09T03:23:50.231+0000] {processor.py:836} INFO - DAG(s) dict_keys(['example_time_delta_sensor_async']) retrieved from /home/airflow/.local/lib/python3.7/site-packages/airflow/example_dags/example_time_delta_sensor_async.py
[2023-08-09T03:23:50.255+0000] {logging_mixin.py:150} INFO - [2023-08-09T03:23:50.254+0000] {dag.py:2742} INFO - Sync 1 DAGs
[2023-08-09T03:23:50.278+0000] {logging_mixin.py:150} INFO - [2023-08-09T03:23:50.278+0000] {dag.py:3508} INFO - Setting next_dagrun for example_time_delta_sensor_async to None, run_after=None
[2023-08-09T03:23:50.298+0000] {processor.py:179} INFO - Processing /home/airflow/.local/lib/python3.7/site-packages/airflow/example_dags/example_time_delta_sensor_async.py took 0.079 seconds
[2023-08-09T03:24:20.521+0000] {processor.py:157} INFO - Started process (PID=1575) to work on /home/airflow/.local/lib/python3.7/site-packages/airflow/example_dags/example_time_delta_sensor_async.py
[2023-08-09T03:24:20.522+0000] {processor.py:826} INFO - Processing file /home/airflow/.local/lib/python3.7/site-packages/airflow/example_dags/example_time_delta_sensor_async.py for tasks to queue
[2023-08-09T03:24:20.523+0000] {logging_mixin.py:150} INFO - [2023-08-09T03:24:20.523+0000] {dagbag.py:541} INFO - Filling up the DagBag from /home/airflow/.local/lib/python3.7/site-packages/airflow/example_dags/example_time_delta_sensor_async.py
[2023-08-09T03:24:20.527+0000] {processor.py:836} INFO - DAG(s) dict_keys(['example_time_delta_sensor_async']) retrieved from /home/airflow/.local/lib/python3.7/site-packages/airflow/example_dags/example_time_delta_sensor_async.py
[2023-08-09T03:24:20.548+0000] {logging_mixin.py:150} INFO - [2023-08-09T03:24:20.547+0000] {dag.py:2742} INFO - Sync 1 DAGs
[2023-08-09T03:24:20.570+0000] {logging_mixin.py:150} INFO - [2023-08-09T03:24:20.569+0000] {dag.py:3508} INFO - Setting next_dagrun for example_time_delta_sensor_async to None, run_after=None
[2023-08-09T03:24:20.586+0000] {processor.py:179} INFO - Processing /home/airflow/.local/lib/python3.7/site-packages/airflow/example_dags/example_time_delta_sensor_async.py took 0.068 seconds
[2023-08-09T03:24:50.722+0000] {processor.py:157} INFO - Started process (PID=1628) to work on /home/airflow/.local/lib/python3.7/site-packages/airflow/example_dags/example_time_delta_sensor_async.py
[2023-08-09T03:24:50.723+0000] {processor.py:826} INFO - Processing file /home/airflow/.local/lib/python3.7/site-packages/airflow/example_dags/example_time_delta_sensor_async.py for tasks to queue
[2023-08-09T03:24:50.725+0000] {logging_mixin.py:150} INFO - [2023-08-09T03:24:50.725+0000] {dagbag.py:541} INFO - Filling up the DagBag from /home/airflow/.local/lib/python3.7/site-packages/airflow/example_dags/example_time_delta_sensor_async.py
[2023-08-09T03:24:50.729+0000] {processor.py:836} INFO - DAG(s) dict_keys(['example_time_delta_sensor_async']) retrieved from /home/airflow/.local/lib/python3.7/site-packages/airflow/example_dags/example_time_delta_sensor_async.py
[2023-08-09T03:24:50.753+0000] {logging_mixin.py:150} INFO - [2023-08-09T03:24:50.752+0000] {dag.py:2742} INFO - Sync 1 DAGs
[2023-08-09T03:24:50.778+0000] {logging_mixin.py:150} INFO - [2023-08-09T03:24:50.778+0000] {dag.py:3508} INFO - Setting next_dagrun for example_time_delta_sensor_async to None, run_after=None
[2023-08-09T03:24:50.797+0000] {processor.py:179} INFO - Processing /home/airflow/.local/lib/python3.7/site-packages/airflow/example_dags/example_time_delta_sensor_async.py took 0.078 seconds
[2023-08-09T03:25:21.106+0000] {processor.py:157} INFO - Started process (PID=1684) to work on /home/airflow/.local/lib/python3.7/site-packages/airflow/example_dags/example_time_delta_sensor_async.py
[2023-08-09T03:25:21.107+0000] {processor.py:826} INFO - Processing file /home/airflow/.local/lib/python3.7/site-packages/airflow/example_dags/example_time_delta_sensor_async.py for tasks to queue
[2023-08-09T03:25:21.109+0000] {logging_mixin.py:150} INFO - [2023-08-09T03:25:21.109+0000] {dagbag.py:541} INFO - Filling up the DagBag from /home/airflow/.local/lib/python3.7/site-packages/airflow/example_dags/example_time_delta_sensor_async.py
[2023-08-09T03:25:21.114+0000] {processor.py:836} INFO - DAG(s) dict_keys(['example_time_delta_sensor_async']) retrieved from /home/airflow/.local/lib/python3.7/site-packages/airflow/example_dags/example_time_delta_sensor_async.py
[2023-08-09T03:25:21.143+0000] {logging_mixin.py:150} INFO - [2023-08-09T03:25:21.143+0000] {dag.py:2742} INFO - Sync 1 DAGs
[2023-08-09T03:25:21.183+0000] {logging_mixin.py:150} INFO - [2023-08-09T03:25:21.182+0000] {dag.py:3508} INFO - Setting next_dagrun for example_time_delta_sensor_async to None, run_after=None
[2023-08-09T03:25:21.215+0000] {processor.py:179} INFO - Processing /home/airflow/.local/lib/python3.7/site-packages/airflow/example_dags/example_time_delta_sensor_async.py took 0.113 seconds
[2023-08-09T03:25:51.329+0000] {processor.py:157} INFO - Started process (PID=1737) to work on /home/airflow/.local/lib/python3.7/site-packages/airflow/example_dags/example_time_delta_sensor_async.py
[2023-08-09T03:25:51.330+0000] {processor.py:826} INFO - Processing file /home/airflow/.local/lib/python3.7/site-packages/airflow/example_dags/example_time_delta_sensor_async.py for tasks to queue
[2023-08-09T03:25:51.334+0000] {logging_mixin.py:150} INFO - [2023-08-09T03:25:51.333+0000] {dagbag.py:541} INFO - Filling up the DagBag from /home/airflow/.local/lib/python3.7/site-packages/airflow/example_dags/example_time_delta_sensor_async.py
[2023-08-09T03:25:51.341+0000] {processor.py:836} INFO - DAG(s) dict_keys(['example_time_delta_sensor_async']) retrieved from /home/airflow/.local/lib/python3.7/site-packages/airflow/example_dags/example_time_delta_sensor_async.py
[2023-08-09T03:25:51.389+0000] {logging_mixin.py:150} INFO - [2023-08-09T03:25:51.387+0000] {dag.py:2742} INFO - Sync 1 DAGs
[2023-08-09T03:25:51.437+0000] {logging_mixin.py:150} INFO - [2023-08-09T03:25:51.436+0000] {dag.py:3508} INFO - Setting next_dagrun for example_time_delta_sensor_async to None, run_after=None
[2023-08-09T03:25:51.470+0000] {processor.py:179} INFO - Processing /home/airflow/.local/lib/python3.7/site-packages/airflow/example_dags/example_time_delta_sensor_async.py took 0.147 seconds
[2023-08-09T03:26:21.528+0000] {processor.py:157} INFO - Started process (PID=1792) to work on /home/airflow/.local/lib/python3.7/site-packages/airflow/example_dags/example_time_delta_sensor_async.py
[2023-08-09T03:26:21.530+0000] {processor.py:826} INFO - Processing file /home/airflow/.local/lib/python3.7/site-packages/airflow/example_dags/example_time_delta_sensor_async.py for tasks to queue
[2023-08-09T03:26:21.533+0000] {logging_mixin.py:150} INFO - [2023-08-09T03:26:21.532+0000] {dagbag.py:541} INFO - Filling up the DagBag from /home/airflow/.local/lib/python3.7/site-packages/airflow/example_dags/example_time_delta_sensor_async.py
[2023-08-09T03:26:21.540+0000] {processor.py:836} INFO - DAG(s) dict_keys(['example_time_delta_sensor_async']) retrieved from /home/airflow/.local/lib/python3.7/site-packages/airflow/example_dags/example_time_delta_sensor_async.py
[2023-08-09T03:26:21.586+0000] {logging_mixin.py:150} INFO - [2023-08-09T03:26:21.585+0000] {dag.py:2742} INFO - Sync 1 DAGs
[2023-08-09T03:26:21.614+0000] {logging_mixin.py:150} INFO - [2023-08-09T03:26:21.614+0000] {dag.py:3508} INFO - Setting next_dagrun for example_time_delta_sensor_async to None, run_after=None
[2023-08-09T03:26:21.641+0000] {processor.py:179} INFO - Processing /home/airflow/.local/lib/python3.7/site-packages/airflow/example_dags/example_time_delta_sensor_async.py took 0.118 seconds
[2023-08-09T03:26:51.758+0000] {processor.py:157} INFO - Started process (PID=1846) to work on /home/airflow/.local/lib/python3.7/site-packages/airflow/example_dags/example_time_delta_sensor_async.py
[2023-08-09T03:26:51.759+0000] {processor.py:826} INFO - Processing file /home/airflow/.local/lib/python3.7/site-packages/airflow/example_dags/example_time_delta_sensor_async.py for tasks to queue
[2023-08-09T03:26:51.761+0000] {logging_mixin.py:150} INFO - [2023-08-09T03:26:51.761+0000] {dagbag.py:541} INFO - Filling up the DagBag from /home/airflow/.local/lib/python3.7/site-packages/airflow/example_dags/example_time_delta_sensor_async.py
[2023-08-09T03:26:51.766+0000] {processor.py:836} INFO - DAG(s) dict_keys(['example_time_delta_sensor_async']) retrieved from /home/airflow/.local/lib/python3.7/site-packages/airflow/example_dags/example_time_delta_sensor_async.py
[2023-08-09T03:26:51.788+0000] {logging_mixin.py:150} INFO - [2023-08-09T03:26:51.788+0000] {dag.py:2742} INFO - Sync 1 DAGs
[2023-08-09T03:26:51.813+0000] {logging_mixin.py:150} INFO - [2023-08-09T03:26:51.813+0000] {dag.py:3508} INFO - Setting next_dagrun for example_time_delta_sensor_async to None, run_after=None
[2023-08-09T03:26:51.835+0000] {processor.py:179} INFO - Processing /home/airflow/.local/lib/python3.7/site-packages/airflow/example_dags/example_time_delta_sensor_async.py took 0.080 seconds
[2023-08-09T03:27:22.367+0000] {processor.py:157} INFO - Started process (PID=1901) to work on /home/airflow/.local/lib/python3.7/site-packages/airflow/example_dags/example_time_delta_sensor_async.py
[2023-08-09T03:27:22.368+0000] {processor.py:826} INFO - Processing file /home/airflow/.local/lib/python3.7/site-packages/airflow/example_dags/example_time_delta_sensor_async.py for tasks to queue
[2023-08-09T03:27:22.371+0000] {logging_mixin.py:150} INFO - [2023-08-09T03:27:22.371+0000] {dagbag.py:541} INFO - Filling up the DagBag from /home/airflow/.local/lib/python3.7/site-packages/airflow/example_dags/example_time_delta_sensor_async.py
[2023-08-09T03:27:22.376+0000] {processor.py:836} INFO - DAG(s) dict_keys(['example_time_delta_sensor_async']) retrieved from /home/airflow/.local/lib/python3.7/site-packages/airflow/example_dags/example_time_delta_sensor_async.py
[2023-08-09T03:27:22.411+0000] {logging_mixin.py:150} INFO - [2023-08-09T03:27:22.408+0000] {dag.py:2742} INFO - Sync 1 DAGs
[2023-08-09T03:27:22.442+0000] {logging_mixin.py:150} INFO - [2023-08-09T03:27:22.442+0000] {dag.py:3508} INFO - Setting next_dagrun for example_time_delta_sensor_async to None, run_after=None
[2023-08-09T03:27:22.469+0000] {processor.py:179} INFO - Processing /home/airflow/.local/lib/python3.7/site-packages/airflow/example_dags/example_time_delta_sensor_async.py took 0.106 seconds
[2023-08-09T03:27:52.684+0000] {processor.py:157} INFO - Started process (PID=1956) to work on /home/airflow/.local/lib/python3.7/site-packages/airflow/example_dags/example_time_delta_sensor_async.py
[2023-08-09T03:27:52.685+0000] {processor.py:826} INFO - Processing file /home/airflow/.local/lib/python3.7/site-packages/airflow/example_dags/example_time_delta_sensor_async.py for tasks to queue
[2023-08-09T03:27:52.686+0000] {logging_mixin.py:150} INFO - [2023-08-09T03:27:52.686+0000] {dagbag.py:541} INFO - Filling up the DagBag from /home/airflow/.local/lib/python3.7/site-packages/airflow/example_dags/example_time_delta_sensor_async.py
[2023-08-09T03:27:52.693+0000] {processor.py:836} INFO - DAG(s) dict_keys(['example_time_delta_sensor_async']) retrieved from /home/airflow/.local/lib/python3.7/site-packages/airflow/example_dags/example_time_delta_sensor_async.py
[2023-08-09T03:27:52.735+0000] {logging_mixin.py:150} INFO - [2023-08-09T03:27:52.734+0000] {dag.py:2742} INFO - Sync 1 DAGs
[2023-08-09T03:27:52.780+0000] {logging_mixin.py:150} INFO - [2023-08-09T03:27:52.780+0000] {dag.py:3508} INFO - Setting next_dagrun for example_time_delta_sensor_async to None, run_after=None
[2023-08-09T03:27:52.811+0000] {processor.py:179} INFO - Processing /home/airflow/.local/lib/python3.7/site-packages/airflow/example_dags/example_time_delta_sensor_async.py took 0.130 seconds
[2023-08-09T03:28:22.864+0000] {processor.py:157} INFO - Started process (PID=2012) to work on /home/airflow/.local/lib/python3.7/site-packages/airflow/example_dags/example_time_delta_sensor_async.py
[2023-08-09T03:28:22.864+0000] {processor.py:826} INFO - Processing file /home/airflow/.local/lib/python3.7/site-packages/airflow/example_dags/example_time_delta_sensor_async.py for tasks to queue
[2023-08-09T03:28:22.867+0000] {logging_mixin.py:150} INFO - [2023-08-09T03:28:22.867+0000] {dagbag.py:541} INFO - Filling up the DagBag from /home/airflow/.local/lib/python3.7/site-packages/airflow/example_dags/example_time_delta_sensor_async.py
[2023-08-09T03:28:22.872+0000] {processor.py:836} INFO - DAG(s) dict_keys(['example_time_delta_sensor_async']) retrieved from /home/airflow/.local/lib/python3.7/site-packages/airflow/example_dags/example_time_delta_sensor_async.py
[2023-08-09T03:28:22.898+0000] {logging_mixin.py:150} INFO - [2023-08-09T03:28:22.897+0000] {dag.py:2742} INFO - Sync 1 DAGs
[2023-08-09T03:28:22.928+0000] {logging_mixin.py:150} INFO - [2023-08-09T03:28:22.928+0000] {dag.py:3508} INFO - Setting next_dagrun for example_time_delta_sensor_async to None, run_after=None
[2023-08-09T03:28:22.948+0000] {processor.py:179} INFO - Processing /home/airflow/.local/lib/python3.7/site-packages/airflow/example_dags/example_time_delta_sensor_async.py took 0.088 seconds
[2023-08-09T03:28:53.247+0000] {processor.py:157} INFO - Started process (PID=2067) to work on /home/airflow/.local/lib/python3.7/site-packages/airflow/example_dags/example_time_delta_sensor_async.py
[2023-08-09T03:28:53.249+0000] {processor.py:826} INFO - Processing file /home/airflow/.local/lib/python3.7/site-packages/airflow/example_dags/example_time_delta_sensor_async.py for tasks to queue
[2023-08-09T03:28:53.253+0000] {logging_mixin.py:150} INFO - [2023-08-09T03:28:53.252+0000] {dagbag.py:541} INFO - Filling up the DagBag from /home/airflow/.local/lib/python3.7/site-packages/airflow/example_dags/example_time_delta_sensor_async.py
[2023-08-09T03:28:53.261+0000] {processor.py:836} INFO - DAG(s) dict_keys(['example_time_delta_sensor_async']) retrieved from /home/airflow/.local/lib/python3.7/site-packages/airflow/example_dags/example_time_delta_sensor_async.py
[2023-08-09T03:28:53.288+0000] {logging_mixin.py:150} INFO - [2023-08-09T03:28:53.287+0000] {dag.py:2742} INFO - Sync 1 DAGs
[2023-08-09T03:28:53.312+0000] {logging_mixin.py:150} INFO - [2023-08-09T03:28:53.312+0000] {dag.py:3508} INFO - Setting next_dagrun for example_time_delta_sensor_async to None, run_after=None
[2023-08-09T03:28:53.331+0000] {processor.py:179} INFO - Processing /home/airflow/.local/lib/python3.7/site-packages/airflow/example_dags/example_time_delta_sensor_async.py took 0.090 seconds
[2023-08-09T03:29:23.554+0000] {processor.py:157} INFO - Started process (PID=2122) to work on /home/airflow/.local/lib/python3.7/site-packages/airflow/example_dags/example_time_delta_sensor_async.py
[2023-08-09T03:29:23.554+0000] {processor.py:826} INFO - Processing file /home/airflow/.local/lib/python3.7/site-packages/airflow/example_dags/example_time_delta_sensor_async.py for tasks to queue
[2023-08-09T03:29:23.557+0000] {logging_mixin.py:150} INFO - [2023-08-09T03:29:23.556+0000] {dagbag.py:541} INFO - Filling up the DagBag from /home/airflow/.local/lib/python3.7/site-packages/airflow/example_dags/example_time_delta_sensor_async.py
[2023-08-09T03:29:23.561+0000] {processor.py:836} INFO - DAG(s) dict_keys(['example_time_delta_sensor_async']) retrieved from /home/airflow/.local/lib/python3.7/site-packages/airflow/example_dags/example_time_delta_sensor_async.py
[2023-08-09T03:29:23.582+0000] {logging_mixin.py:150} INFO - [2023-08-09T03:29:23.581+0000] {dag.py:2742} INFO - Sync 1 DAGs
[2023-08-09T03:29:23.606+0000] {logging_mixin.py:150} INFO - [2023-08-09T03:29:23.606+0000] {dag.py:3508} INFO - Setting next_dagrun for example_time_delta_sensor_async to None, run_after=None
[2023-08-09T03:29:23.628+0000] {processor.py:179} INFO - Processing /home/airflow/.local/lib/python3.7/site-packages/airflow/example_dags/example_time_delta_sensor_async.py took 0.077 seconds
[2023-08-09T03:29:54.335+0000] {processor.py:157} INFO - Started process (PID=2177) to work on /home/airflow/.local/lib/python3.7/site-packages/airflow/example_dags/example_time_delta_sensor_async.py
[2023-08-09T03:29:54.336+0000] {processor.py:826} INFO - Processing file /home/airflow/.local/lib/python3.7/site-packages/airflow/example_dags/example_time_delta_sensor_async.py for tasks to queue
[2023-08-09T03:29:54.336+0000] {logging_mixin.py:150} INFO - [2023-08-09T03:29:54.336+0000] {dagbag.py:541} INFO - Filling up the DagBag from /home/airflow/.local/lib/python3.7/site-packages/airflow/example_dags/example_time_delta_sensor_async.py
[2023-08-09T03:29:54.342+0000] {processor.py:836} INFO - DAG(s) dict_keys(['example_time_delta_sensor_async']) retrieved from /home/airflow/.local/lib/python3.7/site-packages/airflow/example_dags/example_time_delta_sensor_async.py
[2023-08-09T03:29:54.363+0000] {logging_mixin.py:150} INFO - [2023-08-09T03:29:54.363+0000] {dag.py:2742} INFO - Sync 1 DAGs
[2023-08-09T03:29:54.386+0000] {logging_mixin.py:150} INFO - [2023-08-09T03:29:54.386+0000] {dag.py:3508} INFO - Setting next_dagrun for example_time_delta_sensor_async to None, run_after=None
[2023-08-09T03:29:54.403+0000] {processor.py:179} INFO - Processing /home/airflow/.local/lib/python3.7/site-packages/airflow/example_dags/example_time_delta_sensor_async.py took 0.072 seconds
[2023-08-09T03:30:24.642+0000] {processor.py:157} INFO - Started process (PID=2233) to work on /home/airflow/.local/lib/python3.7/site-packages/airflow/example_dags/example_time_delta_sensor_async.py
[2023-08-09T03:30:24.643+0000] {processor.py:826} INFO - Processing file /home/airflow/.local/lib/python3.7/site-packages/airflow/example_dags/example_time_delta_sensor_async.py for tasks to queue
[2023-08-09T03:30:24.643+0000] {logging_mixin.py:150} INFO - [2023-08-09T03:30:24.643+0000] {dagbag.py:541} INFO - Filling up the DagBag from /home/airflow/.local/lib/python3.7/site-packages/airflow/example_dags/example_time_delta_sensor_async.py
[2023-08-09T03:30:24.647+0000] {processor.py:836} INFO - DAG(s) dict_keys(['example_time_delta_sensor_async']) retrieved from /home/airflow/.local/lib/python3.7/site-packages/airflow/example_dags/example_time_delta_sensor_async.py
[2023-08-09T03:30:24.676+0000] {logging_mixin.py:150} INFO - [2023-08-09T03:30:24.676+0000] {dag.py:2742} INFO - Sync 1 DAGs
[2023-08-09T03:30:24.712+0000] {logging_mixin.py:150} INFO - [2023-08-09T03:30:24.712+0000] {dag.py:3508} INFO - Setting next_dagrun for example_time_delta_sensor_async to None, run_after=None
[2023-08-09T03:30:24.736+0000] {processor.py:179} INFO - Processing /home/airflow/.local/lib/python3.7/site-packages/airflow/example_dags/example_time_delta_sensor_async.py took 0.096 seconds
[2023-08-09T03:30:54.897+0000] {processor.py:157} INFO - Started process (PID=2288) to work on /home/airflow/.local/lib/python3.7/site-packages/airflow/example_dags/example_time_delta_sensor_async.py
[2023-08-09T03:30:54.898+0000] {processor.py:826} INFO - Processing file /home/airflow/.local/lib/python3.7/site-packages/airflow/example_dags/example_time_delta_sensor_async.py for tasks to queue
[2023-08-09T03:30:54.898+0000] {logging_mixin.py:150} INFO - [2023-08-09T03:30:54.898+0000] {dagbag.py:541} INFO - Filling up the DagBag from /home/airflow/.local/lib/python3.7/site-packages/airflow/example_dags/example_time_delta_sensor_async.py
[2023-08-09T03:30:54.903+0000] {processor.py:836} INFO - DAG(s) dict_keys(['example_time_delta_sensor_async']) retrieved from /home/airflow/.local/lib/python3.7/site-packages/airflow/example_dags/example_time_delta_sensor_async.py
[2023-08-09T03:30:54.930+0000] {logging_mixin.py:150} INFO - [2023-08-09T03:30:54.930+0000] {dag.py:2742} INFO - Sync 1 DAGs
[2023-08-09T03:30:54.959+0000] {logging_mixin.py:150} INFO - [2023-08-09T03:30:54.959+0000] {dag.py:3508} INFO - Setting next_dagrun for example_time_delta_sensor_async to None, run_after=None
[2023-08-09T03:30:54.979+0000] {processor.py:179} INFO - Processing /home/airflow/.local/lib/python3.7/site-packages/airflow/example_dags/example_time_delta_sensor_async.py took 0.085 seconds
[2023-08-09T03:31:25.171+0000] {processor.py:157} INFO - Started process (PID=2346) to work on /home/airflow/.local/lib/python3.7/site-packages/airflow/example_dags/example_time_delta_sensor_async.py
[2023-08-09T03:31:25.171+0000] {processor.py:826} INFO - Processing file /home/airflow/.local/lib/python3.7/site-packages/airflow/example_dags/example_time_delta_sensor_async.py for tasks to queue
[2023-08-09T03:31:25.172+0000] {logging_mixin.py:150} INFO - [2023-08-09T03:31:25.172+0000] {dagbag.py:541} INFO - Filling up the DagBag from /home/airflow/.local/lib/python3.7/site-packages/airflow/example_dags/example_time_delta_sensor_async.py
[2023-08-09T03:31:25.176+0000] {processor.py:836} INFO - DAG(s) dict_keys(['example_time_delta_sensor_async']) retrieved from /home/airflow/.local/lib/python3.7/site-packages/airflow/example_dags/example_time_delta_sensor_async.py
[2023-08-09T03:31:25.196+0000] {logging_mixin.py:150} INFO - [2023-08-09T03:31:25.196+0000] {dag.py:2742} INFO - Sync 1 DAGs
[2023-08-09T03:31:25.218+0000] {logging_mixin.py:150} INFO - [2023-08-09T03:31:25.218+0000] {dag.py:3508} INFO - Setting next_dagrun for example_time_delta_sensor_async to None, run_after=None
[2023-08-09T03:31:25.236+0000] {processor.py:179} INFO - Processing /home/airflow/.local/lib/python3.7/site-packages/airflow/example_dags/example_time_delta_sensor_async.py took 0.068 seconds
[2023-08-09T03:31:55.784+0000] {processor.py:157} INFO - Started process (PID=2401) to work on /home/airflow/.local/lib/python3.7/site-packages/airflow/example_dags/example_time_delta_sensor_async.py
[2023-08-09T03:31:55.785+0000] {processor.py:826} INFO - Processing file /home/airflow/.local/lib/python3.7/site-packages/airflow/example_dags/example_time_delta_sensor_async.py for tasks to queue
[2023-08-09T03:31:55.786+0000] {logging_mixin.py:150} INFO - [2023-08-09T03:31:55.786+0000] {dagbag.py:541} INFO - Filling up the DagBag from /home/airflow/.local/lib/python3.7/site-packages/airflow/example_dags/example_time_delta_sensor_async.py
[2023-08-09T03:31:55.790+0000] {processor.py:836} INFO - DAG(s) dict_keys(['example_time_delta_sensor_async']) retrieved from /home/airflow/.local/lib/python3.7/site-packages/airflow/example_dags/example_time_delta_sensor_async.py
[2023-08-09T03:31:55.813+0000] {logging_mixin.py:150} INFO - [2023-08-09T03:31:55.813+0000] {dag.py:2742} INFO - Sync 1 DAGs
[2023-08-09T03:31:55.840+0000] {logging_mixin.py:150} INFO - [2023-08-09T03:31:55.839+0000] {dag.py:3508} INFO - Setting next_dagrun for example_time_delta_sensor_async to None, run_after=None
[2023-08-09T03:31:55.858+0000] {processor.py:179} INFO - Processing /home/airflow/.local/lib/python3.7/site-packages/airflow/example_dags/example_time_delta_sensor_async.py took 0.077 seconds
[2023-08-09T03:32:26.145+0000] {processor.py:157} INFO - Started process (PID=2459) to work on /home/airflow/.local/lib/python3.7/site-packages/airflow/example_dags/example_time_delta_sensor_async.py
[2023-08-09T03:32:26.146+0000] {processor.py:826} INFO - Processing file /home/airflow/.local/lib/python3.7/site-packages/airflow/example_dags/example_time_delta_sensor_async.py for tasks to queue
[2023-08-09T03:32:26.146+0000] {logging_mixin.py:150} INFO - [2023-08-09T03:32:26.146+0000] {dagbag.py:541} INFO - Filling up the DagBag from /home/airflow/.local/lib/python3.7/site-packages/airflow/example_dags/example_time_delta_sensor_async.py
[2023-08-09T03:32:26.150+0000] {processor.py:836} INFO - DAG(s) dict_keys(['example_time_delta_sensor_async']) retrieved from /home/airflow/.local/lib/python3.7/site-packages/airflow/example_dags/example_time_delta_sensor_async.py
[2023-08-09T03:32:26.172+0000] {logging_mixin.py:150} INFO - [2023-08-09T03:32:26.172+0000] {dag.py:2742} INFO - Sync 1 DAGs
[2023-08-09T03:32:26.196+0000] {logging_mixin.py:150} INFO - [2023-08-09T03:32:26.196+0000] {dag.py:3508} INFO - Setting next_dagrun for example_time_delta_sensor_async to None, run_after=None
[2023-08-09T03:32:26.214+0000] {processor.py:179} INFO - Processing /home/airflow/.local/lib/python3.7/site-packages/airflow/example_dags/example_time_delta_sensor_async.py took 0.072 seconds
[2023-08-09T03:33:04.918+0000] {processor.py:157} INFO - Started process (PID=2513) to work on /home/airflow/.local/lib/python3.7/site-packages/airflow/example_dags/example_time_delta_sensor_async.py
[2023-08-09T03:33:04.923+0000] {processor.py:826} INFO - Processing file /home/airflow/.local/lib/python3.7/site-packages/airflow/example_dags/example_time_delta_sensor_async.py for tasks to queue
[2023-08-09T03:33:04.924+0000] {logging_mixin.py:150} INFO - [2023-08-09T03:33:04.924+0000] {dagbag.py:541} INFO - Filling up the DagBag from /home/airflow/.local/lib/python3.7/site-packages/airflow/example_dags/example_time_delta_sensor_async.py
[2023-08-09T03:33:04.931+0000] {processor.py:836} INFO - DAG(s) dict_keys(['example_time_delta_sensor_async']) retrieved from /home/airflow/.local/lib/python3.7/site-packages/airflow/example_dags/example_time_delta_sensor_async.py
[2023-08-09T03:33:04.998+0000] {logging_mixin.py:150} INFO - [2023-08-09T03:33:04.997+0000] {dag.py:2742} INFO - Sync 1 DAGs
[2023-08-09T03:33:05.045+0000] {logging_mixin.py:150} INFO - [2023-08-09T03:33:05.045+0000] {dag.py:3508} INFO - Setting next_dagrun for example_time_delta_sensor_async to None, run_after=None
[2023-08-09T03:33:05.074+0000] {processor.py:179} INFO - Processing /home/airflow/.local/lib/python3.7/site-packages/airflow/example_dags/example_time_delta_sensor_async.py took 0.161 seconds
[2023-08-09T03:33:35.397+0000] {processor.py:157} INFO - Started process (PID=2568) to work on /home/airflow/.local/lib/python3.7/site-packages/airflow/example_dags/example_time_delta_sensor_async.py
[2023-08-09T03:33:35.397+0000] {processor.py:826} INFO - Processing file /home/airflow/.local/lib/python3.7/site-packages/airflow/example_dags/example_time_delta_sensor_async.py for tasks to queue
[2023-08-09T03:33:35.398+0000] {logging_mixin.py:150} INFO - [2023-08-09T03:33:35.398+0000] {dagbag.py:541} INFO - Filling up the DagBag from /home/airflow/.local/lib/python3.7/site-packages/airflow/example_dags/example_time_delta_sensor_async.py
[2023-08-09T03:33:35.401+0000] {processor.py:836} INFO - DAG(s) dict_keys(['example_time_delta_sensor_async']) retrieved from /home/airflow/.local/lib/python3.7/site-packages/airflow/example_dags/example_time_delta_sensor_async.py
[2023-08-09T03:33:35.432+0000] {logging_mixin.py:150} INFO - [2023-08-09T03:33:35.431+0000] {dag.py:2742} INFO - Sync 1 DAGs
[2023-08-09T03:33:35.466+0000] {logging_mixin.py:150} INFO - [2023-08-09T03:33:35.466+0000] {dag.py:3508} INFO - Setting next_dagrun for example_time_delta_sensor_async to None, run_after=None
[2023-08-09T03:33:35.494+0000] {processor.py:179} INFO - Processing /home/airflow/.local/lib/python3.7/site-packages/airflow/example_dags/example_time_delta_sensor_async.py took 0.100 seconds
[2023-08-09T03:34:06.006+0000] {processor.py:157} INFO - Started process (PID=2624) to work on /home/airflow/.local/lib/python3.7/site-packages/airflow/example_dags/example_time_delta_sensor_async.py
[2023-08-09T03:34:06.007+0000] {processor.py:826} INFO - Processing file /home/airflow/.local/lib/python3.7/site-packages/airflow/example_dags/example_time_delta_sensor_async.py for tasks to queue
[2023-08-09T03:34:06.007+0000] {logging_mixin.py:150} INFO - [2023-08-09T03:34:06.007+0000] {dagbag.py:541} INFO - Filling up the DagBag from /home/airflow/.local/lib/python3.7/site-packages/airflow/example_dags/example_time_delta_sensor_async.py
[2023-08-09T03:34:06.011+0000] {processor.py:836} INFO - DAG(s) dict_keys(['example_time_delta_sensor_async']) retrieved from /home/airflow/.local/lib/python3.7/site-packages/airflow/example_dags/example_time_delta_sensor_async.py
[2023-08-09T03:34:06.033+0000] {logging_mixin.py:150} INFO - [2023-08-09T03:34:06.033+0000] {dag.py:2742} INFO - Sync 1 DAGs
[2023-08-09T03:34:06.057+0000] {logging_mixin.py:150} INFO - [2023-08-09T03:34:06.057+0000] {dag.py:3508} INFO - Setting next_dagrun for example_time_delta_sensor_async to None, run_after=None
[2023-08-09T03:34:06.074+0000] {processor.py:179} INFO - Processing /home/airflow/.local/lib/python3.7/site-packages/airflow/example_dags/example_time_delta_sensor_async.py took 0.071 seconds
[2023-08-09T03:34:36.975+0000] {processor.py:157} INFO - Started process (PID=2679) to work on /home/airflow/.local/lib/python3.7/site-packages/airflow/example_dags/example_time_delta_sensor_async.py
[2023-08-09T03:34:36.976+0000] {processor.py:826} INFO - Processing file /home/airflow/.local/lib/python3.7/site-packages/airflow/example_dags/example_time_delta_sensor_async.py for tasks to queue
[2023-08-09T03:34:36.977+0000] {logging_mixin.py:150} INFO - [2023-08-09T03:34:36.977+0000] {dagbag.py:541} INFO - Filling up the DagBag from /home/airflow/.local/lib/python3.7/site-packages/airflow/example_dags/example_time_delta_sensor_async.py
[2023-08-09T03:34:36.981+0000] {processor.py:836} INFO - DAG(s) dict_keys(['example_time_delta_sensor_async']) retrieved from /home/airflow/.local/lib/python3.7/site-packages/airflow/example_dags/example_time_delta_sensor_async.py
[2023-08-09T03:34:37.008+0000] {logging_mixin.py:150} INFO - [2023-08-09T03:34:37.008+0000] {dag.py:2742} INFO - Sync 1 DAGs
[2023-08-09T03:34:37.033+0000] {logging_mixin.py:150} INFO - [2023-08-09T03:34:37.033+0000] {dag.py:3508} INFO - Setting next_dagrun for example_time_delta_sensor_async to None, run_after=None
[2023-08-09T03:34:37.050+0000] {processor.py:179} INFO - Processing /home/airflow/.local/lib/python3.7/site-packages/airflow/example_dags/example_time_delta_sensor_async.py took 0.078 seconds
[2023-08-09T03:35:07.360+0000] {processor.py:157} INFO - Started process (PID=2733) to work on /home/airflow/.local/lib/python3.7/site-packages/airflow/example_dags/example_time_delta_sensor_async.py
[2023-08-09T03:35:07.361+0000] {processor.py:826} INFO - Processing file /home/airflow/.local/lib/python3.7/site-packages/airflow/example_dags/example_time_delta_sensor_async.py for tasks to queue
[2023-08-09T03:35:07.361+0000] {logging_mixin.py:150} INFO - [2023-08-09T03:35:07.361+0000] {dagbag.py:541} INFO - Filling up the DagBag from /home/airflow/.local/lib/python3.7/site-packages/airflow/example_dags/example_time_delta_sensor_async.py
[2023-08-09T03:35:07.365+0000] {processor.py:836} INFO - DAG(s) dict_keys(['example_time_delta_sensor_async']) retrieved from /home/airflow/.local/lib/python3.7/site-packages/airflow/example_dags/example_time_delta_sensor_async.py
[2023-08-09T03:35:07.386+0000] {logging_mixin.py:150} INFO - [2023-08-09T03:35:07.386+0000] {dag.py:2742} INFO - Sync 1 DAGs
[2023-08-09T03:35:07.409+0000] {logging_mixin.py:150} INFO - [2023-08-09T03:35:07.409+0000] {dag.py:3508} INFO - Setting next_dagrun for example_time_delta_sensor_async to None, run_after=None
[2023-08-09T03:35:07.425+0000] {processor.py:179} INFO - Processing /home/airflow/.local/lib/python3.7/site-packages/airflow/example_dags/example_time_delta_sensor_async.py took 0.068 seconds
[2023-08-09T03:35:37.685+0000] {processor.py:157} INFO - Started process (PID=2788) to work on /home/airflow/.local/lib/python3.7/site-packages/airflow/example_dags/example_time_delta_sensor_async.py
[2023-08-09T03:35:37.686+0000] {processor.py:826} INFO - Processing file /home/airflow/.local/lib/python3.7/site-packages/airflow/example_dags/example_time_delta_sensor_async.py for tasks to queue
[2023-08-09T03:35:37.687+0000] {logging_mixin.py:150} INFO - [2023-08-09T03:35:37.687+0000] {dagbag.py:541} INFO - Filling up the DagBag from /home/airflow/.local/lib/python3.7/site-packages/airflow/example_dags/example_time_delta_sensor_async.py
[2023-08-09T03:35:37.693+0000] {processor.py:836} INFO - DAG(s) dict_keys(['example_time_delta_sensor_async']) retrieved from /home/airflow/.local/lib/python3.7/site-packages/airflow/example_dags/example_time_delta_sensor_async.py
[2023-08-09T03:35:37.715+0000] {logging_mixin.py:150} INFO - [2023-08-09T03:35:37.714+0000] {dag.py:2742} INFO - Sync 1 DAGs
[2023-08-09T03:35:37.739+0000] {logging_mixin.py:150} INFO - [2023-08-09T03:35:37.739+0000] {dag.py:3508} INFO - Setting next_dagrun for example_time_delta_sensor_async to None, run_after=None
[2023-08-09T03:35:37.756+0000] {processor.py:179} INFO - Processing /home/airflow/.local/lib/python3.7/site-packages/airflow/example_dags/example_time_delta_sensor_async.py took 0.075 seconds
[2023-08-09T03:36:08.138+0000] {processor.py:157} INFO - Started process (PID=2843) to work on /home/airflow/.local/lib/python3.7/site-packages/airflow/example_dags/example_time_delta_sensor_async.py
[2023-08-09T03:36:08.139+0000] {processor.py:826} INFO - Processing file /home/airflow/.local/lib/python3.7/site-packages/airflow/example_dags/example_time_delta_sensor_async.py for tasks to queue
[2023-08-09T03:36:08.140+0000] {logging_mixin.py:150} INFO - [2023-08-09T03:36:08.139+0000] {dagbag.py:541} INFO - Filling up the DagBag from /home/airflow/.local/lib/python3.7/site-packages/airflow/example_dags/example_time_delta_sensor_async.py
[2023-08-09T03:36:08.143+0000] {processor.py:836} INFO - DAG(s) dict_keys(['example_time_delta_sensor_async']) retrieved from /home/airflow/.local/lib/python3.7/site-packages/airflow/example_dags/example_time_delta_sensor_async.py
[2023-08-09T03:36:08.175+0000] {logging_mixin.py:150} INFO - [2023-08-09T03:36:08.175+0000] {dag.py:2742} INFO - Sync 1 DAGs
[2023-08-09T03:36:08.206+0000] {logging_mixin.py:150} INFO - [2023-08-09T03:36:08.205+0000] {dag.py:3508} INFO - Setting next_dagrun for example_time_delta_sensor_async to None, run_after=None
[2023-08-09T03:36:08.224+0000] {processor.py:179} INFO - Processing /home/airflow/.local/lib/python3.7/site-packages/airflow/example_dags/example_time_delta_sensor_async.py took 0.088 seconds
[2023-08-09T03:36:38.482+0000] {processor.py:157} INFO - Started process (PID=2899) to work on /home/airflow/.local/lib/python3.7/site-packages/airflow/example_dags/example_time_delta_sensor_async.py
[2023-08-09T03:36:38.483+0000] {processor.py:826} INFO - Processing file /home/airflow/.local/lib/python3.7/site-packages/airflow/example_dags/example_time_delta_sensor_async.py for tasks to queue
[2023-08-09T03:36:38.484+0000] {logging_mixin.py:150} INFO - [2023-08-09T03:36:38.484+0000] {dagbag.py:541} INFO - Filling up the DagBag from /home/airflow/.local/lib/python3.7/site-packages/airflow/example_dags/example_time_delta_sensor_async.py
[2023-08-09T03:36:38.488+0000] {processor.py:836} INFO - DAG(s) dict_keys(['example_time_delta_sensor_async']) retrieved from /home/airflow/.local/lib/python3.7/site-packages/airflow/example_dags/example_time_delta_sensor_async.py
[2023-08-09T03:36:38.511+0000] {logging_mixin.py:150} INFO - [2023-08-09T03:36:38.511+0000] {dag.py:2742} INFO - Sync 1 DAGs
[2023-08-09T03:36:38.536+0000] {logging_mixin.py:150} INFO - [2023-08-09T03:36:38.536+0000] {dag.py:3508} INFO - Setting next_dagrun for example_time_delta_sensor_async to None, run_after=None
[2023-08-09T03:36:38.560+0000] {processor.py:179} INFO - Processing /home/airflow/.local/lib/python3.7/site-packages/airflow/example_dags/example_time_delta_sensor_async.py took 0.081 seconds
