[2023-08-09T03:10:34.903+0000] {processor.py:157} INFO - Started process (PID=73) to work on /home/airflow/.local/lib/python3.7/site-packages/airflow/example_dags/example_task_group.py
[2023-08-09T03:10:34.904+0000] {processor.py:826} INFO - Processing file /home/airflow/.local/lib/python3.7/site-packages/airflow/example_dags/example_task_group.py for tasks to queue
[2023-08-09T03:10:34.907+0000] {logging_mixin.py:150} INFO - [2023-08-09T03:10:34.906+0000] {dagbag.py:541} INFO - Filling up the DagBag from /home/airflow/.local/lib/python3.7/site-packages/airflow/example_dags/example_task_group.py
[2023-08-09T03:10:34.922+0000] {processor.py:836} INFO - DAG(s) dict_keys(['example_task_group']) retrieved from /home/airflow/.local/lib/python3.7/site-packages/airflow/example_dags/example_task_group.py
[2023-08-09T03:10:34.998+0000] {logging_mixin.py:150} INFO - [2023-08-09T03:10:34.998+0000] {dag.py:2742} INFO - Sync 1 DAGs
[2023-08-09T03:10:35.069+0000] {logging_mixin.py:150} INFO - [2023-08-09T03:10:35.068+0000] {dag.py:3508} INFO - Setting next_dagrun for example_task_group to 2023-08-08T03:10:35.068554+00:00, run_after=2023-08-09T03:10:35.068554+00:00
[2023-08-09T03:10:35.095+0000] {processor.py:179} INFO - Processing /home/airflow/.local/lib/python3.7/site-packages/airflow/example_dags/example_task_group.py took 0.196 seconds
[2023-08-09T03:11:05.985+0000] {processor.py:157} INFO - Started process (PID=128) to work on /home/airflow/.local/lib/python3.7/site-packages/airflow/example_dags/example_task_group.py
[2023-08-09T03:11:05.985+0000] {processor.py:826} INFO - Processing file /home/airflow/.local/lib/python3.7/site-packages/airflow/example_dags/example_task_group.py for tasks to queue
[2023-08-09T03:11:05.988+0000] {logging_mixin.py:150} INFO - [2023-08-09T03:11:05.987+0000] {dagbag.py:541} INFO - Filling up the DagBag from /home/airflow/.local/lib/python3.7/site-packages/airflow/example_dags/example_task_group.py
[2023-08-09T03:11:05.996+0000] {processor.py:836} INFO - DAG(s) dict_keys(['example_task_group']) retrieved from /home/airflow/.local/lib/python3.7/site-packages/airflow/example_dags/example_task_group.py
[2023-08-09T03:11:06.032+0000] {logging_mixin.py:150} INFO - [2023-08-09T03:11:06.031+0000] {dag.py:2742} INFO - Sync 1 DAGs
[2023-08-09T03:11:06.062+0000] {logging_mixin.py:150} INFO - [2023-08-09T03:11:06.061+0000] {dag.py:3508} INFO - Setting next_dagrun for example_task_group to 2023-08-08T03:11:06.061364+00:00, run_after=2023-08-09T03:11:06.061364+00:00
[2023-08-09T03:11:06.088+0000] {processor.py:179} INFO - Processing /home/airflow/.local/lib/python3.7/site-packages/airflow/example_dags/example_task_group.py took 0.107 seconds
[2023-08-09T03:11:36.660+0000] {processor.py:157} INFO - Started process (PID=183) to work on /home/airflow/.local/lib/python3.7/site-packages/airflow/example_dags/example_task_group.py
[2023-08-09T03:11:36.668+0000] {processor.py:826} INFO - Processing file /home/airflow/.local/lib/python3.7/site-packages/airflow/example_dags/example_task_group.py for tasks to queue
[2023-08-09T03:11:36.671+0000] {logging_mixin.py:150} INFO - [2023-08-09T03:11:36.670+0000] {dagbag.py:541} INFO - Filling up the DagBag from /home/airflow/.local/lib/python3.7/site-packages/airflow/example_dags/example_task_group.py
[2023-08-09T03:11:36.686+0000] {processor.py:836} INFO - DAG(s) dict_keys(['example_task_group']) retrieved from /home/airflow/.local/lib/python3.7/site-packages/airflow/example_dags/example_task_group.py
[2023-08-09T03:11:36.743+0000] {logging_mixin.py:150} INFO - [2023-08-09T03:11:36.743+0000] {dag.py:2742} INFO - Sync 1 DAGs
[2023-08-09T03:11:36.780+0000] {logging_mixin.py:150} INFO - [2023-08-09T03:11:36.780+0000] {dag.py:3508} INFO - Setting next_dagrun for example_task_group to 2023-08-08T03:11:36.779810+00:00, run_after=2023-08-09T03:11:36.779810+00:00
[2023-08-09T03:11:36.804+0000] {processor.py:179} INFO - Processing /home/airflow/.local/lib/python3.7/site-packages/airflow/example_dags/example_task_group.py took 0.148 seconds
[2023-08-09T03:12:06.970+0000] {processor.py:157} INFO - Started process (PID=240) to work on /home/airflow/.local/lib/python3.7/site-packages/airflow/example_dags/example_task_group.py
[2023-08-09T03:12:06.971+0000] {processor.py:826} INFO - Processing file /home/airflow/.local/lib/python3.7/site-packages/airflow/example_dags/example_task_group.py for tasks to queue
[2023-08-09T03:12:06.975+0000] {logging_mixin.py:150} INFO - [2023-08-09T03:12:06.974+0000] {dagbag.py:541} INFO - Filling up the DagBag from /home/airflow/.local/lib/python3.7/site-packages/airflow/example_dags/example_task_group.py
[2023-08-09T03:12:06.986+0000] {processor.py:836} INFO - DAG(s) dict_keys(['example_task_group']) retrieved from /home/airflow/.local/lib/python3.7/site-packages/airflow/example_dags/example_task_group.py
[2023-08-09T03:12:07.025+0000] {logging_mixin.py:150} INFO - [2023-08-09T03:12:07.024+0000] {dag.py:2742} INFO - Sync 1 DAGs
[2023-08-09T03:12:07.061+0000] {logging_mixin.py:150} INFO - [2023-08-09T03:12:07.061+0000] {dag.py:3508} INFO - Setting next_dagrun for example_task_group to 2023-08-08T03:12:07.061297+00:00, run_after=2023-08-09T03:12:07.061297+00:00
[2023-08-09T03:12:07.087+0000] {processor.py:179} INFO - Processing /home/airflow/.local/lib/python3.7/site-packages/airflow/example_dags/example_task_group.py took 0.121 seconds
[2023-08-09T03:12:37.117+0000] {processor.py:157} INFO - Started process (PID=295) to work on /home/airflow/.local/lib/python3.7/site-packages/airflow/example_dags/example_task_group.py
[2023-08-09T03:12:37.118+0000] {processor.py:826} INFO - Processing file /home/airflow/.local/lib/python3.7/site-packages/airflow/example_dags/example_task_group.py for tasks to queue
[2023-08-09T03:12:37.120+0000] {logging_mixin.py:150} INFO - [2023-08-09T03:12:37.119+0000] {dagbag.py:541} INFO - Filling up the DagBag from /home/airflow/.local/lib/python3.7/site-packages/airflow/example_dags/example_task_group.py
[2023-08-09T03:12:37.128+0000] {processor.py:836} INFO - DAG(s) dict_keys(['example_task_group']) retrieved from /home/airflow/.local/lib/python3.7/site-packages/airflow/example_dags/example_task_group.py
[2023-08-09T03:12:37.181+0000] {logging_mixin.py:150} INFO - [2023-08-09T03:12:37.181+0000] {dag.py:2742} INFO - Sync 1 DAGs
[2023-08-09T03:12:37.206+0000] {logging_mixin.py:150} INFO - [2023-08-09T03:12:37.206+0000] {dag.py:3508} INFO - Setting next_dagrun for example_task_group to 2023-08-08T03:12:37.205861+00:00, run_after=2023-08-09T03:12:37.205861+00:00
[2023-08-09T03:12:37.221+0000] {processor.py:179} INFO - Processing /home/airflow/.local/lib/python3.7/site-packages/airflow/example_dags/example_task_group.py took 0.107 seconds
[2023-08-09T03:13:07.353+0000] {processor.py:157} INFO - Started process (PID=350) to work on /home/airflow/.local/lib/python3.7/site-packages/airflow/example_dags/example_task_group.py
[2023-08-09T03:13:07.354+0000] {processor.py:826} INFO - Processing file /home/airflow/.local/lib/python3.7/site-packages/airflow/example_dags/example_task_group.py for tasks to queue
[2023-08-09T03:13:07.357+0000] {logging_mixin.py:150} INFO - [2023-08-09T03:13:07.356+0000] {dagbag.py:541} INFO - Filling up the DagBag from /home/airflow/.local/lib/python3.7/site-packages/airflow/example_dags/example_task_group.py
[2023-08-09T03:13:07.389+0000] {processor.py:836} INFO - DAG(s) dict_keys(['example_task_group']) retrieved from /home/airflow/.local/lib/python3.7/site-packages/airflow/example_dags/example_task_group.py
[2023-08-09T03:13:07.440+0000] {logging_mixin.py:150} INFO - [2023-08-09T03:13:07.439+0000] {dag.py:2742} INFO - Sync 1 DAGs
[2023-08-09T03:13:07.472+0000] {logging_mixin.py:150} INFO - [2023-08-09T03:13:07.472+0000] {dag.py:3508} INFO - Setting next_dagrun for example_task_group to 2023-08-08T03:13:07.472402+00:00, run_after=2023-08-09T03:13:07.472402+00:00
[2023-08-09T03:13:07.494+0000] {processor.py:179} INFO - Processing /home/airflow/.local/lib/python3.7/site-packages/airflow/example_dags/example_task_group.py took 0.144 seconds
[2023-08-09T03:13:38.464+0000] {processor.py:157} INFO - Started process (PID=404) to work on /home/airflow/.local/lib/python3.7/site-packages/airflow/example_dags/example_task_group.py
[2023-08-09T03:13:38.465+0000] {processor.py:826} INFO - Processing file /home/airflow/.local/lib/python3.7/site-packages/airflow/example_dags/example_task_group.py for tasks to queue
[2023-08-09T03:13:38.467+0000] {logging_mixin.py:150} INFO - [2023-08-09T03:13:38.467+0000] {dagbag.py:541} INFO - Filling up the DagBag from /home/airflow/.local/lib/python3.7/site-packages/airflow/example_dags/example_task_group.py
[2023-08-09T03:13:38.479+0000] {processor.py:836} INFO - DAG(s) dict_keys(['example_task_group']) retrieved from /home/airflow/.local/lib/python3.7/site-packages/airflow/example_dags/example_task_group.py
[2023-08-09T03:13:38.517+0000] {logging_mixin.py:150} INFO - [2023-08-09T03:13:38.517+0000] {dag.py:2742} INFO - Sync 1 DAGs
[2023-08-09T03:13:38.569+0000] {logging_mixin.py:150} INFO - [2023-08-09T03:13:38.569+0000] {dag.py:3508} INFO - Setting next_dagrun for example_task_group to 2023-08-08T03:13:38.569228+00:00, run_after=2023-08-09T03:13:38.569228+00:00
[2023-08-09T03:13:38.603+0000] {processor.py:179} INFO - Processing /home/airflow/.local/lib/python3.7/site-packages/airflow/example_dags/example_task_group.py took 0.144 seconds
[2023-08-09T03:14:08.957+0000] {processor.py:157} INFO - Started process (PID=459) to work on /home/airflow/.local/lib/python3.7/site-packages/airflow/example_dags/example_task_group.py
[2023-08-09T03:14:08.958+0000] {processor.py:826} INFO - Processing file /home/airflow/.local/lib/python3.7/site-packages/airflow/example_dags/example_task_group.py for tasks to queue
[2023-08-09T03:14:08.960+0000] {logging_mixin.py:150} INFO - [2023-08-09T03:14:08.959+0000] {dagbag.py:541} INFO - Filling up the DagBag from /home/airflow/.local/lib/python3.7/site-packages/airflow/example_dags/example_task_group.py
[2023-08-09T03:14:08.970+0000] {processor.py:836} INFO - DAG(s) dict_keys(['example_task_group']) retrieved from /home/airflow/.local/lib/python3.7/site-packages/airflow/example_dags/example_task_group.py
[2023-08-09T03:14:09.002+0000] {logging_mixin.py:150} INFO - [2023-08-09T03:14:09.002+0000] {dag.py:2742} INFO - Sync 1 DAGs
[2023-08-09T03:14:09.044+0000] {logging_mixin.py:150} INFO - [2023-08-09T03:14:09.043+0000] {dag.py:3508} INFO - Setting next_dagrun for example_task_group to 2023-08-08T03:14:09.043397+00:00, run_after=2023-08-09T03:14:09.043397+00:00
[2023-08-09T03:14:09.065+0000] {processor.py:179} INFO - Processing /home/airflow/.local/lib/python3.7/site-packages/airflow/example_dags/example_task_group.py took 0.110 seconds
[2023-08-09T03:14:39.250+0000] {processor.py:157} INFO - Started process (PID=515) to work on /home/airflow/.local/lib/python3.7/site-packages/airflow/example_dags/example_task_group.py
[2023-08-09T03:14:39.251+0000] {processor.py:826} INFO - Processing file /home/airflow/.local/lib/python3.7/site-packages/airflow/example_dags/example_task_group.py for tasks to queue
[2023-08-09T03:14:39.253+0000] {logging_mixin.py:150} INFO - [2023-08-09T03:14:39.253+0000] {dagbag.py:541} INFO - Filling up the DagBag from /home/airflow/.local/lib/python3.7/site-packages/airflow/example_dags/example_task_group.py
[2023-08-09T03:14:39.260+0000] {processor.py:836} INFO - DAG(s) dict_keys(['example_task_group']) retrieved from /home/airflow/.local/lib/python3.7/site-packages/airflow/example_dags/example_task_group.py
[2023-08-09T03:14:39.281+0000] {logging_mixin.py:150} INFO - [2023-08-09T03:14:39.281+0000] {dag.py:2742} INFO - Sync 1 DAGs
[2023-08-09T03:14:39.303+0000] {logging_mixin.py:150} INFO - [2023-08-09T03:14:39.303+0000] {dag.py:3508} INFO - Setting next_dagrun for example_task_group to 2023-08-08T03:14:39.303197+00:00, run_after=2023-08-09T03:14:39.303197+00:00
[2023-08-09T03:14:39.318+0000] {processor.py:179} INFO - Processing /home/airflow/.local/lib/python3.7/site-packages/airflow/example_dags/example_task_group.py took 0.071 seconds
[2023-08-09T03:15:09.438+0000] {processor.py:157} INFO - Started process (PID=570) to work on /home/airflow/.local/lib/python3.7/site-packages/airflow/example_dags/example_task_group.py
[2023-08-09T03:15:09.439+0000] {processor.py:826} INFO - Processing file /home/airflow/.local/lib/python3.7/site-packages/airflow/example_dags/example_task_group.py for tasks to queue
[2023-08-09T03:15:09.441+0000] {logging_mixin.py:150} INFO - [2023-08-09T03:15:09.440+0000] {dagbag.py:541} INFO - Filling up the DagBag from /home/airflow/.local/lib/python3.7/site-packages/airflow/example_dags/example_task_group.py
[2023-08-09T03:15:09.448+0000] {processor.py:836} INFO - DAG(s) dict_keys(['example_task_group']) retrieved from /home/airflow/.local/lib/python3.7/site-packages/airflow/example_dags/example_task_group.py
[2023-08-09T03:15:09.470+0000] {logging_mixin.py:150} INFO - [2023-08-09T03:15:09.470+0000] {dag.py:2742} INFO - Sync 1 DAGs
[2023-08-09T03:15:09.506+0000] {logging_mixin.py:150} INFO - [2023-08-09T03:15:09.506+0000] {dag.py:3508} INFO - Setting next_dagrun for example_task_group to 2023-08-08T03:15:09.505991+00:00, run_after=2023-08-09T03:15:09.505991+00:00
[2023-08-09T03:15:09.532+0000] {processor.py:179} INFO - Processing /home/airflow/.local/lib/python3.7/site-packages/airflow/example_dags/example_task_group.py took 0.097 seconds
[2023-08-09T03:15:40.886+0000] {processor.py:157} INFO - Started process (PID=625) to work on /home/airflow/.local/lib/python3.7/site-packages/airflow/example_dags/example_task_group.py
[2023-08-09T03:15:40.887+0000] {processor.py:826} INFO - Processing file /home/airflow/.local/lib/python3.7/site-packages/airflow/example_dags/example_task_group.py for tasks to queue
[2023-08-09T03:15:40.889+0000] {logging_mixin.py:150} INFO - [2023-08-09T03:15:40.889+0000] {dagbag.py:541} INFO - Filling up the DagBag from /home/airflow/.local/lib/python3.7/site-packages/airflow/example_dags/example_task_group.py
[2023-08-09T03:15:40.897+0000] {processor.py:836} INFO - DAG(s) dict_keys(['example_task_group']) retrieved from /home/airflow/.local/lib/python3.7/site-packages/airflow/example_dags/example_task_group.py
[2023-08-09T03:15:40.922+0000] {logging_mixin.py:150} INFO - [2023-08-09T03:15:40.921+0000] {dag.py:2742} INFO - Sync 1 DAGs
[2023-08-09T03:15:40.947+0000] {logging_mixin.py:150} INFO - [2023-08-09T03:15:40.947+0000] {dag.py:3508} INFO - Setting next_dagrun for example_task_group to 2023-08-08T03:15:40.947174+00:00, run_after=2023-08-09T03:15:40.947174+00:00
[2023-08-09T03:15:40.974+0000] {processor.py:179} INFO - Processing /home/airflow/.local/lib/python3.7/site-packages/airflow/example_dags/example_task_group.py took 0.091 seconds
[2023-08-09T03:16:11.145+0000] {processor.py:157} INFO - Started process (PID=680) to work on /home/airflow/.local/lib/python3.7/site-packages/airflow/example_dags/example_task_group.py
[2023-08-09T03:16:11.145+0000] {processor.py:826} INFO - Processing file /home/airflow/.local/lib/python3.7/site-packages/airflow/example_dags/example_task_group.py for tasks to queue
[2023-08-09T03:16:11.148+0000] {logging_mixin.py:150} INFO - [2023-08-09T03:16:11.147+0000] {dagbag.py:541} INFO - Filling up the DagBag from /home/airflow/.local/lib/python3.7/site-packages/airflow/example_dags/example_task_group.py
[2023-08-09T03:16:11.157+0000] {processor.py:836} INFO - DAG(s) dict_keys(['example_task_group']) retrieved from /home/airflow/.local/lib/python3.7/site-packages/airflow/example_dags/example_task_group.py
[2023-08-09T03:16:11.189+0000] {logging_mixin.py:150} INFO - [2023-08-09T03:16:11.189+0000] {dag.py:2742} INFO - Sync 1 DAGs
[2023-08-09T03:16:11.215+0000] {logging_mixin.py:150} INFO - [2023-08-09T03:16:11.215+0000] {dag.py:3508} INFO - Setting next_dagrun for example_task_group to 2023-08-08T03:16:11.214836+00:00, run_after=2023-08-09T03:16:11.214836+00:00
[2023-08-09T03:16:11.230+0000] {processor.py:179} INFO - Processing /home/airflow/.local/lib/python3.7/site-packages/airflow/example_dags/example_task_group.py took 0.090 seconds
[2023-08-09T03:16:41.336+0000] {processor.py:157} INFO - Started process (PID=735) to work on /home/airflow/.local/lib/python3.7/site-packages/airflow/example_dags/example_task_group.py
[2023-08-09T03:16:41.337+0000] {processor.py:826} INFO - Processing file /home/airflow/.local/lib/python3.7/site-packages/airflow/example_dags/example_task_group.py for tasks to queue
[2023-08-09T03:16:41.340+0000] {logging_mixin.py:150} INFO - [2023-08-09T03:16:41.339+0000] {dagbag.py:541} INFO - Filling up the DagBag from /home/airflow/.local/lib/python3.7/site-packages/airflow/example_dags/example_task_group.py
[2023-08-09T03:16:41.351+0000] {processor.py:836} INFO - DAG(s) dict_keys(['example_task_group']) retrieved from /home/airflow/.local/lib/python3.7/site-packages/airflow/example_dags/example_task_group.py
[2023-08-09T03:16:41.385+0000] {logging_mixin.py:150} INFO - [2023-08-09T03:16:41.385+0000] {dag.py:2742} INFO - Sync 1 DAGs
[2023-08-09T03:16:41.416+0000] {logging_mixin.py:150} INFO - [2023-08-09T03:16:41.416+0000] {dag.py:3508} INFO - Setting next_dagrun for example_task_group to 2023-08-08T03:16:41.416108+00:00, run_after=2023-08-09T03:16:41.416108+00:00
[2023-08-09T03:16:41.434+0000] {processor.py:179} INFO - Processing /home/airflow/.local/lib/python3.7/site-packages/airflow/example_dags/example_task_group.py took 0.101 seconds
[2023-08-09T03:17:11.743+0000] {processor.py:157} INFO - Started process (PID=790) to work on /home/airflow/.local/lib/python3.7/site-packages/airflow/example_dags/example_task_group.py
[2023-08-09T03:17:11.743+0000] {processor.py:826} INFO - Processing file /home/airflow/.local/lib/python3.7/site-packages/airflow/example_dags/example_task_group.py for tasks to queue
[2023-08-09T03:17:11.745+0000] {logging_mixin.py:150} INFO - [2023-08-09T03:17:11.744+0000] {dagbag.py:541} INFO - Filling up the DagBag from /home/airflow/.local/lib/python3.7/site-packages/airflow/example_dags/example_task_group.py
[2023-08-09T03:17:11.756+0000] {processor.py:836} INFO - DAG(s) dict_keys(['example_task_group']) retrieved from /home/airflow/.local/lib/python3.7/site-packages/airflow/example_dags/example_task_group.py
[2023-08-09T03:17:11.792+0000] {logging_mixin.py:150} INFO - [2023-08-09T03:17:11.792+0000] {dag.py:2742} INFO - Sync 1 DAGs
[2023-08-09T03:17:11.821+0000] {logging_mixin.py:150} INFO - [2023-08-09T03:17:11.821+0000] {dag.py:3508} INFO - Setting next_dagrun for example_task_group to 2023-08-08T03:17:11.821169+00:00, run_after=2023-08-09T03:17:11.821169+00:00
[2023-08-09T03:17:11.838+0000] {processor.py:179} INFO - Processing /home/airflow/.local/lib/python3.7/site-packages/airflow/example_dags/example_task_group.py took 0.098 seconds
[2023-08-09T03:17:41.992+0000] {processor.py:157} INFO - Started process (PID=845) to work on /home/airflow/.local/lib/python3.7/site-packages/airflow/example_dags/example_task_group.py
[2023-08-09T03:17:41.993+0000] {processor.py:826} INFO - Processing file /home/airflow/.local/lib/python3.7/site-packages/airflow/example_dags/example_task_group.py for tasks to queue
[2023-08-09T03:17:41.995+0000] {logging_mixin.py:150} INFO - [2023-08-09T03:17:41.995+0000] {dagbag.py:541} INFO - Filling up the DagBag from /home/airflow/.local/lib/python3.7/site-packages/airflow/example_dags/example_task_group.py
[2023-08-09T03:17:42.006+0000] {processor.py:836} INFO - DAG(s) dict_keys(['example_task_group']) retrieved from /home/airflow/.local/lib/python3.7/site-packages/airflow/example_dags/example_task_group.py
[2023-08-09T03:17:42.042+0000] {logging_mixin.py:150} INFO - [2023-08-09T03:17:42.042+0000] {dag.py:2742} INFO - Sync 1 DAGs
[2023-08-09T03:17:42.078+0000] {logging_mixin.py:150} INFO - [2023-08-09T03:17:42.078+0000] {dag.py:3508} INFO - Setting next_dagrun for example_task_group to 2023-08-08T03:17:42.078236+00:00, run_after=2023-08-09T03:17:42.078236+00:00
[2023-08-09T03:17:42.097+0000] {processor.py:179} INFO - Processing /home/airflow/.local/lib/python3.7/site-packages/airflow/example_dags/example_task_group.py took 0.110 seconds
[2023-08-09T03:18:12.240+0000] {processor.py:157} INFO - Started process (PID=900) to work on /home/airflow/.local/lib/python3.7/site-packages/airflow/example_dags/example_task_group.py
[2023-08-09T03:18:12.241+0000] {processor.py:826} INFO - Processing file /home/airflow/.local/lib/python3.7/site-packages/airflow/example_dags/example_task_group.py for tasks to queue
[2023-08-09T03:18:12.243+0000] {logging_mixin.py:150} INFO - [2023-08-09T03:18:12.243+0000] {dagbag.py:541} INFO - Filling up the DagBag from /home/airflow/.local/lib/python3.7/site-packages/airflow/example_dags/example_task_group.py
[2023-08-09T03:18:12.250+0000] {processor.py:836} INFO - DAG(s) dict_keys(['example_task_group']) retrieved from /home/airflow/.local/lib/python3.7/site-packages/airflow/example_dags/example_task_group.py
[2023-08-09T03:18:12.275+0000] {logging_mixin.py:150} INFO - [2023-08-09T03:18:12.275+0000] {dag.py:2742} INFO - Sync 1 DAGs
[2023-08-09T03:18:12.300+0000] {logging_mixin.py:150} INFO - [2023-08-09T03:18:12.300+0000] {dag.py:3508} INFO - Setting next_dagrun for example_task_group to 2023-08-08T03:18:12.300332+00:00, run_after=2023-08-09T03:18:12.300332+00:00
[2023-08-09T03:18:12.317+0000] {processor.py:179} INFO - Processing /home/airflow/.local/lib/python3.7/site-packages/airflow/example_dags/example_task_group.py took 0.080 seconds
[2023-08-09T03:18:42.769+0000] {processor.py:157} INFO - Started process (PID=955) to work on /home/airflow/.local/lib/python3.7/site-packages/airflow/example_dags/example_task_group.py
[2023-08-09T03:18:42.770+0000] {processor.py:826} INFO - Processing file /home/airflow/.local/lib/python3.7/site-packages/airflow/example_dags/example_task_group.py for tasks to queue
[2023-08-09T03:18:42.771+0000] {logging_mixin.py:150} INFO - [2023-08-09T03:18:42.771+0000] {dagbag.py:541} INFO - Filling up the DagBag from /home/airflow/.local/lib/python3.7/site-packages/airflow/example_dags/example_task_group.py
[2023-08-09T03:18:42.778+0000] {processor.py:836} INFO - DAG(s) dict_keys(['example_task_group']) retrieved from /home/airflow/.local/lib/python3.7/site-packages/airflow/example_dags/example_task_group.py
[2023-08-09T03:18:42.802+0000] {logging_mixin.py:150} INFO - [2023-08-09T03:18:42.802+0000] {dag.py:2742} INFO - Sync 1 DAGs
[2023-08-09T03:18:42.830+0000] {logging_mixin.py:150} INFO - [2023-08-09T03:18:42.830+0000] {dag.py:3508} INFO - Setting next_dagrun for example_task_group to 2023-08-08T03:18:42.830186+00:00, run_after=2023-08-09T03:18:42.830186+00:00
[2023-08-09T03:18:42.851+0000] {processor.py:179} INFO - Processing /home/airflow/.local/lib/python3.7/site-packages/airflow/example_dags/example_task_group.py took 0.085 seconds
[2023-08-09T03:19:13.222+0000] {processor.py:157} INFO - Started process (PID=1010) to work on /home/airflow/.local/lib/python3.7/site-packages/airflow/example_dags/example_task_group.py
[2023-08-09T03:19:13.225+0000] {processor.py:826} INFO - Processing file /home/airflow/.local/lib/python3.7/site-packages/airflow/example_dags/example_task_group.py for tasks to queue
[2023-08-09T03:19:13.227+0000] {logging_mixin.py:150} INFO - [2023-08-09T03:19:13.227+0000] {dagbag.py:541} INFO - Filling up the DagBag from /home/airflow/.local/lib/python3.7/site-packages/airflow/example_dags/example_task_group.py
[2023-08-09T03:19:13.240+0000] {processor.py:836} INFO - DAG(s) dict_keys(['example_task_group']) retrieved from /home/airflow/.local/lib/python3.7/site-packages/airflow/example_dags/example_task_group.py
[2023-08-09T03:19:13.268+0000] {logging_mixin.py:150} INFO - [2023-08-09T03:19:13.268+0000] {dag.py:2742} INFO - Sync 1 DAGs
[2023-08-09T03:19:13.293+0000] {logging_mixin.py:150} INFO - [2023-08-09T03:19:13.293+0000] {dag.py:3508} INFO - Setting next_dagrun for example_task_group to 2023-08-08T03:19:13.293341+00:00, run_after=2023-08-09T03:19:13.293341+00:00
[2023-08-09T03:19:13.314+0000] {processor.py:179} INFO - Processing /home/airflow/.local/lib/python3.7/site-packages/airflow/example_dags/example_task_group.py took 0.096 seconds
[2023-08-09T03:19:43.430+0000] {processor.py:157} INFO - Started process (PID=1065) to work on /home/airflow/.local/lib/python3.7/site-packages/airflow/example_dags/example_task_group.py
[2023-08-09T03:19:43.431+0000] {processor.py:826} INFO - Processing file /home/airflow/.local/lib/python3.7/site-packages/airflow/example_dags/example_task_group.py for tasks to queue
[2023-08-09T03:19:43.432+0000] {logging_mixin.py:150} INFO - [2023-08-09T03:19:43.432+0000] {dagbag.py:541} INFO - Filling up the DagBag from /home/airflow/.local/lib/python3.7/site-packages/airflow/example_dags/example_task_group.py
[2023-08-09T03:19:43.439+0000] {processor.py:836} INFO - DAG(s) dict_keys(['example_task_group']) retrieved from /home/airflow/.local/lib/python3.7/site-packages/airflow/example_dags/example_task_group.py
[2023-08-09T03:19:43.463+0000] {logging_mixin.py:150} INFO - [2023-08-09T03:19:43.463+0000] {dag.py:2742} INFO - Sync 1 DAGs
[2023-08-09T03:19:43.485+0000] {logging_mixin.py:150} INFO - [2023-08-09T03:19:43.485+0000] {dag.py:3508} INFO - Setting next_dagrun for example_task_group to 2023-08-08T03:19:43.485383+00:00, run_after=2023-08-09T03:19:43.485383+00:00
[2023-08-09T03:19:43.503+0000] {processor.py:179} INFO - Processing /home/airflow/.local/lib/python3.7/site-packages/airflow/example_dags/example_task_group.py took 0.076 seconds
[2023-08-09T03:20:14.232+0000] {processor.py:157} INFO - Started process (PID=1120) to work on /home/airflow/.local/lib/python3.7/site-packages/airflow/example_dags/example_task_group.py
[2023-08-09T03:20:14.233+0000] {processor.py:826} INFO - Processing file /home/airflow/.local/lib/python3.7/site-packages/airflow/example_dags/example_task_group.py for tasks to queue
[2023-08-09T03:20:14.235+0000] {logging_mixin.py:150} INFO - [2023-08-09T03:20:14.235+0000] {dagbag.py:541} INFO - Filling up the DagBag from /home/airflow/.local/lib/python3.7/site-packages/airflow/example_dags/example_task_group.py
[2023-08-09T03:20:14.242+0000] {processor.py:836} INFO - DAG(s) dict_keys(['example_task_group']) retrieved from /home/airflow/.local/lib/python3.7/site-packages/airflow/example_dags/example_task_group.py
[2023-08-09T03:20:14.264+0000] {logging_mixin.py:150} INFO - [2023-08-09T03:20:14.264+0000] {dag.py:2742} INFO - Sync 1 DAGs
[2023-08-09T03:20:14.299+0000] {logging_mixin.py:150} INFO - [2023-08-09T03:20:14.299+0000] {dag.py:3508} INFO - Setting next_dagrun for example_task_group to 2023-08-08T03:20:14.298911+00:00, run_after=2023-08-09T03:20:14.298911+00:00
[2023-08-09T03:20:14.315+0000] {processor.py:179} INFO - Processing /home/airflow/.local/lib/python3.7/site-packages/airflow/example_dags/example_task_group.py took 0.085 seconds
[2023-08-09T03:20:45.182+0000] {processor.py:157} INFO - Started process (PID=1175) to work on /home/airflow/.local/lib/python3.7/site-packages/airflow/example_dags/example_task_group.py
[2023-08-09T03:20:45.183+0000] {processor.py:826} INFO - Processing file /home/airflow/.local/lib/python3.7/site-packages/airflow/example_dags/example_task_group.py for tasks to queue
[2023-08-09T03:20:45.184+0000] {logging_mixin.py:150} INFO - [2023-08-09T03:20:45.184+0000] {dagbag.py:541} INFO - Filling up the DagBag from /home/airflow/.local/lib/python3.7/site-packages/airflow/example_dags/example_task_group.py
[2023-08-09T03:20:45.191+0000] {processor.py:836} INFO - DAG(s) dict_keys(['example_task_group']) retrieved from /home/airflow/.local/lib/python3.7/site-packages/airflow/example_dags/example_task_group.py
[2023-08-09T03:20:45.215+0000] {logging_mixin.py:150} INFO - [2023-08-09T03:20:45.215+0000] {dag.py:2742} INFO - Sync 1 DAGs
[2023-08-09T03:20:45.258+0000] {logging_mixin.py:150} INFO - [2023-08-09T03:20:45.257+0000] {dag.py:3508} INFO - Setting next_dagrun for example_task_group to 2023-08-08T03:20:45.257541+00:00, run_after=2023-08-09T03:20:45.257541+00:00
[2023-08-09T03:20:45.281+0000] {processor.py:179} INFO - Processing /home/airflow/.local/lib/python3.7/site-packages/airflow/example_dags/example_task_group.py took 0.101 seconds
[2023-08-09T03:21:15.510+0000] {processor.py:157} INFO - Started process (PID=1230) to work on /home/airflow/.local/lib/python3.7/site-packages/airflow/example_dags/example_task_group.py
[2023-08-09T03:21:15.510+0000] {processor.py:826} INFO - Processing file /home/airflow/.local/lib/python3.7/site-packages/airflow/example_dags/example_task_group.py for tasks to queue
[2023-08-09T03:21:15.512+0000] {logging_mixin.py:150} INFO - [2023-08-09T03:21:15.512+0000] {dagbag.py:541} INFO - Filling up the DagBag from /home/airflow/.local/lib/python3.7/site-packages/airflow/example_dags/example_task_group.py
[2023-08-09T03:21:15.519+0000] {processor.py:836} INFO - DAG(s) dict_keys(['example_task_group']) retrieved from /home/airflow/.local/lib/python3.7/site-packages/airflow/example_dags/example_task_group.py
[2023-08-09T03:21:15.541+0000] {logging_mixin.py:150} INFO - [2023-08-09T03:21:15.541+0000] {dag.py:2742} INFO - Sync 1 DAGs
[2023-08-09T03:21:15.563+0000] {logging_mixin.py:150} INFO - [2023-08-09T03:21:15.563+0000] {dag.py:3508} INFO - Setting next_dagrun for example_task_group to 2023-08-08T03:21:15.563453+00:00, run_after=2023-08-09T03:21:15.563453+00:00
[2023-08-09T03:21:15.579+0000] {processor.py:179} INFO - Processing /home/airflow/.local/lib/python3.7/site-packages/airflow/example_dags/example_task_group.py took 0.072 seconds
[2023-08-09T03:21:45.799+0000] {processor.py:157} INFO - Started process (PID=1285) to work on /home/airflow/.local/lib/python3.7/site-packages/airflow/example_dags/example_task_group.py
[2023-08-09T03:21:45.800+0000] {processor.py:826} INFO - Processing file /home/airflow/.local/lib/python3.7/site-packages/airflow/example_dags/example_task_group.py for tasks to queue
[2023-08-09T03:21:45.801+0000] {logging_mixin.py:150} INFO - [2023-08-09T03:21:45.801+0000] {dagbag.py:541} INFO - Filling up the DagBag from /home/airflow/.local/lib/python3.7/site-packages/airflow/example_dags/example_task_group.py
[2023-08-09T03:21:45.808+0000] {processor.py:836} INFO - DAG(s) dict_keys(['example_task_group']) retrieved from /home/airflow/.local/lib/python3.7/site-packages/airflow/example_dags/example_task_group.py
[2023-08-09T03:21:45.833+0000] {logging_mixin.py:150} INFO - [2023-08-09T03:21:45.833+0000] {dag.py:2742} INFO - Sync 1 DAGs
[2023-08-09T03:21:45.858+0000] {logging_mixin.py:150} INFO - [2023-08-09T03:21:45.857+0000] {dag.py:3508} INFO - Setting next_dagrun for example_task_group to 2023-08-08T03:21:45.857740+00:00, run_after=2023-08-09T03:21:45.857740+00:00
[2023-08-09T03:21:45.879+0000] {processor.py:179} INFO - Processing /home/airflow/.local/lib/python3.7/site-packages/airflow/example_dags/example_task_group.py took 0.083 seconds
[2023-08-09T03:22:16.896+0000] {processor.py:157} INFO - Started process (PID=1340) to work on /home/airflow/.local/lib/python3.7/site-packages/airflow/example_dags/example_task_group.py
[2023-08-09T03:22:16.896+0000] {processor.py:826} INFO - Processing file /home/airflow/.local/lib/python3.7/site-packages/airflow/example_dags/example_task_group.py for tasks to queue
[2023-08-09T03:22:16.899+0000] {logging_mixin.py:150} INFO - [2023-08-09T03:22:16.898+0000] {dagbag.py:541} INFO - Filling up the DagBag from /home/airflow/.local/lib/python3.7/site-packages/airflow/example_dags/example_task_group.py
[2023-08-09T03:22:16.907+0000] {processor.py:836} INFO - DAG(s) dict_keys(['example_task_group']) retrieved from /home/airflow/.local/lib/python3.7/site-packages/airflow/example_dags/example_task_group.py
[2023-08-09T03:22:16.929+0000] {logging_mixin.py:150} INFO - [2023-08-09T03:22:16.929+0000] {dag.py:2742} INFO - Sync 1 DAGs
[2023-08-09T03:22:16.951+0000] {logging_mixin.py:150} INFO - [2023-08-09T03:22:16.951+0000] {dag.py:3508} INFO - Setting next_dagrun for example_task_group to 2023-08-08T03:22:16.951517+00:00, run_after=2023-08-09T03:22:16.951517+00:00
[2023-08-09T03:22:16.973+0000] {processor.py:179} INFO - Processing /home/airflow/.local/lib/python3.7/site-packages/airflow/example_dags/example_task_group.py took 0.081 seconds
[2023-08-09T03:22:47.349+0000] {processor.py:157} INFO - Started process (PID=1394) to work on /home/airflow/.local/lib/python3.7/site-packages/airflow/example_dags/example_task_group.py
[2023-08-09T03:22:47.350+0000] {processor.py:826} INFO - Processing file /home/airflow/.local/lib/python3.7/site-packages/airflow/example_dags/example_task_group.py for tasks to queue
[2023-08-09T03:22:47.351+0000] {logging_mixin.py:150} INFO - [2023-08-09T03:22:47.351+0000] {dagbag.py:541} INFO - Filling up the DagBag from /home/airflow/.local/lib/python3.7/site-packages/airflow/example_dags/example_task_group.py
[2023-08-09T03:22:47.359+0000] {processor.py:836} INFO - DAG(s) dict_keys(['example_task_group']) retrieved from /home/airflow/.local/lib/python3.7/site-packages/airflow/example_dags/example_task_group.py
[2023-08-09T03:22:47.386+0000] {logging_mixin.py:150} INFO - [2023-08-09T03:22:47.385+0000] {dag.py:2742} INFO - Sync 1 DAGs
[2023-08-09T03:22:47.408+0000] {logging_mixin.py:150} INFO - [2023-08-09T03:22:47.407+0000] {dag.py:3508} INFO - Setting next_dagrun for example_task_group to 2023-08-08T03:22:47.407742+00:00, run_after=2023-08-09T03:22:47.407742+00:00
[2023-08-09T03:22:47.424+0000] {processor.py:179} INFO - Processing /home/airflow/.local/lib/python3.7/site-packages/airflow/example_dags/example_task_group.py took 0.078 seconds
[2023-08-09T03:23:17.508+0000] {processor.py:157} INFO - Started process (PID=1449) to work on /home/airflow/.local/lib/python3.7/site-packages/airflow/example_dags/example_task_group.py
[2023-08-09T03:23:17.509+0000] {processor.py:826} INFO - Processing file /home/airflow/.local/lib/python3.7/site-packages/airflow/example_dags/example_task_group.py for tasks to queue
[2023-08-09T03:23:17.510+0000] {logging_mixin.py:150} INFO - [2023-08-09T03:23:17.510+0000] {dagbag.py:541} INFO - Filling up the DagBag from /home/airflow/.local/lib/python3.7/site-packages/airflow/example_dags/example_task_group.py
[2023-08-09T03:23:17.517+0000] {processor.py:836} INFO - DAG(s) dict_keys(['example_task_group']) retrieved from /home/airflow/.local/lib/python3.7/site-packages/airflow/example_dags/example_task_group.py
[2023-08-09T03:23:17.539+0000] {logging_mixin.py:150} INFO - [2023-08-09T03:23:17.539+0000] {dag.py:2742} INFO - Sync 1 DAGs
[2023-08-09T03:23:17.570+0000] {logging_mixin.py:150} INFO - [2023-08-09T03:23:17.570+0000] {dag.py:3508} INFO - Setting next_dagrun for example_task_group to 2023-08-08T03:23:17.569989+00:00, run_after=2023-08-09T03:23:17.569989+00:00
[2023-08-09T03:23:17.587+0000] {processor.py:179} INFO - Processing /home/airflow/.local/lib/python3.7/site-packages/airflow/example_dags/example_task_group.py took 0.082 seconds
[2023-08-09T03:23:47.683+0000] {processor.py:157} INFO - Started process (PID=1504) to work on /home/airflow/.local/lib/python3.7/site-packages/airflow/example_dags/example_task_group.py
[2023-08-09T03:23:47.683+0000] {processor.py:826} INFO - Processing file /home/airflow/.local/lib/python3.7/site-packages/airflow/example_dags/example_task_group.py for tasks to queue
[2023-08-09T03:23:47.685+0000] {logging_mixin.py:150} INFO - [2023-08-09T03:23:47.685+0000] {dagbag.py:541} INFO - Filling up the DagBag from /home/airflow/.local/lib/python3.7/site-packages/airflow/example_dags/example_task_group.py
[2023-08-09T03:23:47.694+0000] {processor.py:836} INFO - DAG(s) dict_keys(['example_task_group']) retrieved from /home/airflow/.local/lib/python3.7/site-packages/airflow/example_dags/example_task_group.py
[2023-08-09T03:23:47.718+0000] {logging_mixin.py:150} INFO - [2023-08-09T03:23:47.718+0000] {dag.py:2742} INFO - Sync 1 DAGs
[2023-08-09T03:23:47.741+0000] {logging_mixin.py:150} INFO - [2023-08-09T03:23:47.740+0000] {dag.py:3508} INFO - Setting next_dagrun for example_task_group to 2023-08-08T03:23:47.740666+00:00, run_after=2023-08-09T03:23:47.740666+00:00
[2023-08-09T03:23:47.759+0000] {processor.py:179} INFO - Processing /home/airflow/.local/lib/python3.7/site-packages/airflow/example_dags/example_task_group.py took 0.079 seconds
[2023-08-09T03:24:17.981+0000] {processor.py:157} INFO - Started process (PID=1559) to work on /home/airflow/.local/lib/python3.7/site-packages/airflow/example_dags/example_task_group.py
[2023-08-09T03:24:17.981+0000] {processor.py:826} INFO - Processing file /home/airflow/.local/lib/python3.7/site-packages/airflow/example_dags/example_task_group.py for tasks to queue
[2023-08-09T03:24:17.983+0000] {logging_mixin.py:150} INFO - [2023-08-09T03:24:17.983+0000] {dagbag.py:541} INFO - Filling up the DagBag from /home/airflow/.local/lib/python3.7/site-packages/airflow/example_dags/example_task_group.py
[2023-08-09T03:24:17.991+0000] {processor.py:836} INFO - DAG(s) dict_keys(['example_task_group']) retrieved from /home/airflow/.local/lib/python3.7/site-packages/airflow/example_dags/example_task_group.py
[2023-08-09T03:24:18.014+0000] {logging_mixin.py:150} INFO - [2023-08-09T03:24:18.014+0000] {dag.py:2742} INFO - Sync 1 DAGs
[2023-08-09T03:24:18.037+0000] {logging_mixin.py:150} INFO - [2023-08-09T03:24:18.037+0000] {dag.py:3508} INFO - Setting next_dagrun for example_task_group to 2023-08-08T03:24:18.037246+00:00, run_after=2023-08-09T03:24:18.037246+00:00
[2023-08-09T03:24:18.064+0000] {processor.py:179} INFO - Processing /home/airflow/.local/lib/python3.7/site-packages/airflow/example_dags/example_task_group.py took 0.086 seconds
[2023-08-09T03:24:48.265+0000] {processor.py:157} INFO - Started process (PID=1614) to work on /home/airflow/.local/lib/python3.7/site-packages/airflow/example_dags/example_task_group.py
[2023-08-09T03:24:48.266+0000] {processor.py:826} INFO - Processing file /home/airflow/.local/lib/python3.7/site-packages/airflow/example_dags/example_task_group.py for tasks to queue
[2023-08-09T03:24:48.268+0000] {logging_mixin.py:150} INFO - [2023-08-09T03:24:48.268+0000] {dagbag.py:541} INFO - Filling up the DagBag from /home/airflow/.local/lib/python3.7/site-packages/airflow/example_dags/example_task_group.py
[2023-08-09T03:24:48.278+0000] {processor.py:836} INFO - DAG(s) dict_keys(['example_task_group']) retrieved from /home/airflow/.local/lib/python3.7/site-packages/airflow/example_dags/example_task_group.py
[2023-08-09T03:24:48.302+0000] {logging_mixin.py:150} INFO - [2023-08-09T03:24:48.301+0000] {dag.py:2742} INFO - Sync 1 DAGs
[2023-08-09T03:24:48.327+0000] {logging_mixin.py:150} INFO - [2023-08-09T03:24:48.327+0000] {dag.py:3508} INFO - Setting next_dagrun for example_task_group to 2023-08-08T03:24:48.327071+00:00, run_after=2023-08-09T03:24:48.327071+00:00
[2023-08-09T03:24:48.347+0000] {processor.py:179} INFO - Processing /home/airflow/.local/lib/python3.7/site-packages/airflow/example_dags/example_task_group.py took 0.084 seconds
[2023-08-09T03:25:18.510+0000] {processor.py:157} INFO - Started process (PID=1668) to work on /home/airflow/.local/lib/python3.7/site-packages/airflow/example_dags/example_task_group.py
[2023-08-09T03:25:18.511+0000] {processor.py:826} INFO - Processing file /home/airflow/.local/lib/python3.7/site-packages/airflow/example_dags/example_task_group.py for tasks to queue
[2023-08-09T03:25:18.513+0000] {logging_mixin.py:150} INFO - [2023-08-09T03:25:18.513+0000] {dagbag.py:541} INFO - Filling up the DagBag from /home/airflow/.local/lib/python3.7/site-packages/airflow/example_dags/example_task_group.py
[2023-08-09T03:25:18.520+0000] {processor.py:836} INFO - DAG(s) dict_keys(['example_task_group']) retrieved from /home/airflow/.local/lib/python3.7/site-packages/airflow/example_dags/example_task_group.py
[2023-08-09T03:25:18.551+0000] {logging_mixin.py:150} INFO - [2023-08-09T03:25:18.550+0000] {dag.py:2742} INFO - Sync 1 DAGs
[2023-08-09T03:25:18.587+0000] {logging_mixin.py:150} INFO - [2023-08-09T03:25:18.586+0000] {dag.py:3508} INFO - Setting next_dagrun for example_task_group to 2023-08-08T03:25:18.586444+00:00, run_after=2023-08-09T03:25:18.586444+00:00
[2023-08-09T03:25:18.608+0000] {processor.py:179} INFO - Processing /home/airflow/.local/lib/python3.7/site-packages/airflow/example_dags/example_task_group.py took 0.101 seconds
[2023-08-09T03:25:48.637+0000] {processor.py:157} INFO - Started process (PID=1722) to work on /home/airflow/.local/lib/python3.7/site-packages/airflow/example_dags/example_task_group.py
[2023-08-09T03:25:48.637+0000] {processor.py:826} INFO - Processing file /home/airflow/.local/lib/python3.7/site-packages/airflow/example_dags/example_task_group.py for tasks to queue
[2023-08-09T03:25:48.639+0000] {logging_mixin.py:150} INFO - [2023-08-09T03:25:48.639+0000] {dagbag.py:541} INFO - Filling up the DagBag from /home/airflow/.local/lib/python3.7/site-packages/airflow/example_dags/example_task_group.py
[2023-08-09T03:25:48.648+0000] {processor.py:836} INFO - DAG(s) dict_keys(['example_task_group']) retrieved from /home/airflow/.local/lib/python3.7/site-packages/airflow/example_dags/example_task_group.py
[2023-08-09T03:25:48.669+0000] {logging_mixin.py:150} INFO - [2023-08-09T03:25:48.669+0000] {dag.py:2742} INFO - Sync 1 DAGs
[2023-08-09T03:25:48.691+0000] {logging_mixin.py:150} INFO - [2023-08-09T03:25:48.691+0000] {dag.py:3508} INFO - Setting next_dagrun for example_task_group to 2023-08-08T03:25:48.691264+00:00, run_after=2023-08-09T03:25:48.691264+00:00
[2023-08-09T03:25:48.707+0000] {processor.py:179} INFO - Processing /home/airflow/.local/lib/python3.7/site-packages/airflow/example_dags/example_task_group.py took 0.074 seconds
[2023-08-09T03:26:19.007+0000] {processor.py:157} INFO - Started process (PID=1776) to work on /home/airflow/.local/lib/python3.7/site-packages/airflow/example_dags/example_task_group.py
[2023-08-09T03:26:19.008+0000] {processor.py:826} INFO - Processing file /home/airflow/.local/lib/python3.7/site-packages/airflow/example_dags/example_task_group.py for tasks to queue
[2023-08-09T03:26:19.010+0000] {logging_mixin.py:150} INFO - [2023-08-09T03:26:19.009+0000] {dagbag.py:541} INFO - Filling up the DagBag from /home/airflow/.local/lib/python3.7/site-packages/airflow/example_dags/example_task_group.py
[2023-08-09T03:26:19.017+0000] {processor.py:836} INFO - DAG(s) dict_keys(['example_task_group']) retrieved from /home/airflow/.local/lib/python3.7/site-packages/airflow/example_dags/example_task_group.py
[2023-08-09T03:26:19.039+0000] {logging_mixin.py:150} INFO - [2023-08-09T03:26:19.039+0000] {dag.py:2742} INFO - Sync 1 DAGs
[2023-08-09T03:26:19.063+0000] {logging_mixin.py:150} INFO - [2023-08-09T03:26:19.063+0000] {dag.py:3508} INFO - Setting next_dagrun for example_task_group to 2023-08-08T03:26:19.063128+00:00, run_after=2023-08-09T03:26:19.063128+00:00
[2023-08-09T03:26:19.082+0000] {processor.py:179} INFO - Processing /home/airflow/.local/lib/python3.7/site-packages/airflow/example_dags/example_task_group.py took 0.078 seconds
[2023-08-09T03:26:50.081+0000] {processor.py:157} INFO - Started process (PID=1832) to work on /home/airflow/.local/lib/python3.7/site-packages/airflow/example_dags/example_task_group.py
[2023-08-09T03:26:50.081+0000] {processor.py:826} INFO - Processing file /home/airflow/.local/lib/python3.7/site-packages/airflow/example_dags/example_task_group.py for tasks to queue
[2023-08-09T03:26:50.083+0000] {logging_mixin.py:150} INFO - [2023-08-09T03:26:50.083+0000] {dagbag.py:541} INFO - Filling up the DagBag from /home/airflow/.local/lib/python3.7/site-packages/airflow/example_dags/example_task_group.py
[2023-08-09T03:26:50.090+0000] {processor.py:836} INFO - DAG(s) dict_keys(['example_task_group']) retrieved from /home/airflow/.local/lib/python3.7/site-packages/airflow/example_dags/example_task_group.py
[2023-08-09T03:26:50.113+0000] {logging_mixin.py:150} INFO - [2023-08-09T03:26:50.113+0000] {dag.py:2742} INFO - Sync 1 DAGs
[2023-08-09T03:26:50.152+0000] {logging_mixin.py:150} INFO - [2023-08-09T03:26:50.152+0000] {dag.py:3508} INFO - Setting next_dagrun for example_task_group to 2023-08-08T03:26:50.151758+00:00, run_after=2023-08-09T03:26:50.151758+00:00
[2023-08-09T03:26:50.178+0000] {processor.py:179} INFO - Processing /home/airflow/.local/lib/python3.7/site-packages/airflow/example_dags/example_task_group.py took 0.100 seconds
[2023-08-09T03:27:20.684+0000] {processor.py:157} INFO - Started process (PID=1893) to work on /home/airflow/.local/lib/python3.7/site-packages/airflow/example_dags/example_task_group.py
[2023-08-09T03:27:20.685+0000] {processor.py:826} INFO - Processing file /home/airflow/.local/lib/python3.7/site-packages/airflow/example_dags/example_task_group.py for tasks to queue
[2023-08-09T03:27:20.687+0000] {logging_mixin.py:150} INFO - [2023-08-09T03:27:20.687+0000] {dagbag.py:541} INFO - Filling up the DagBag from /home/airflow/.local/lib/python3.7/site-packages/airflow/example_dags/example_task_group.py
[2023-08-09T03:27:20.699+0000] {processor.py:836} INFO - DAG(s) dict_keys(['example_task_group']) retrieved from /home/airflow/.local/lib/python3.7/site-packages/airflow/example_dags/example_task_group.py
[2023-08-09T03:27:20.731+0000] {logging_mixin.py:150} INFO - [2023-08-09T03:27:20.731+0000] {dag.py:2742} INFO - Sync 1 DAGs
[2023-08-09T03:27:20.771+0000] {logging_mixin.py:150} INFO - [2023-08-09T03:27:20.771+0000] {dag.py:3508} INFO - Setting next_dagrun for example_task_group to 2023-08-08T03:27:20.771064+00:00, run_after=2023-08-09T03:27:20.771064+00:00
[2023-08-09T03:27:20.798+0000] {processor.py:179} INFO - Processing /home/airflow/.local/lib/python3.7/site-packages/airflow/example_dags/example_task_group.py took 0.118 seconds
[2023-08-09T03:27:50.931+0000] {processor.py:157} INFO - Started process (PID=1948) to work on /home/airflow/.local/lib/python3.7/site-packages/airflow/example_dags/example_task_group.py
[2023-08-09T03:27:50.932+0000] {processor.py:826} INFO - Processing file /home/airflow/.local/lib/python3.7/site-packages/airflow/example_dags/example_task_group.py for tasks to queue
[2023-08-09T03:27:50.934+0000] {logging_mixin.py:150} INFO - [2023-08-09T03:27:50.934+0000] {dagbag.py:541} INFO - Filling up the DagBag from /home/airflow/.local/lib/python3.7/site-packages/airflow/example_dags/example_task_group.py
[2023-08-09T03:27:50.942+0000] {processor.py:836} INFO - DAG(s) dict_keys(['example_task_group']) retrieved from /home/airflow/.local/lib/python3.7/site-packages/airflow/example_dags/example_task_group.py
[2023-08-09T03:27:50.971+0000] {logging_mixin.py:150} INFO - [2023-08-09T03:27:50.971+0000] {dag.py:2742} INFO - Sync 1 DAGs
[2023-08-09T03:27:50.998+0000] {logging_mixin.py:150} INFO - [2023-08-09T03:27:50.998+0000] {dag.py:3508} INFO - Setting next_dagrun for example_task_group to 2023-08-08T03:27:50.998220+00:00, run_after=2023-08-09T03:27:50.998220+00:00
[2023-08-09T03:27:51.016+0000] {processor.py:179} INFO - Processing /home/airflow/.local/lib/python3.7/site-packages/airflow/example_dags/example_task_group.py took 0.089 seconds
[2023-08-09T03:28:21.219+0000] {processor.py:157} INFO - Started process (PID=2004) to work on /home/airflow/.local/lib/python3.7/site-packages/airflow/example_dags/example_task_group.py
[2023-08-09T03:28:21.219+0000] {processor.py:826} INFO - Processing file /home/airflow/.local/lib/python3.7/site-packages/airflow/example_dags/example_task_group.py for tasks to queue
[2023-08-09T03:28:21.221+0000] {logging_mixin.py:150} INFO - [2023-08-09T03:28:21.221+0000] {dagbag.py:541} INFO - Filling up the DagBag from /home/airflow/.local/lib/python3.7/site-packages/airflow/example_dags/example_task_group.py
[2023-08-09T03:28:21.228+0000] {processor.py:836} INFO - DAG(s) dict_keys(['example_task_group']) retrieved from /home/airflow/.local/lib/python3.7/site-packages/airflow/example_dags/example_task_group.py
[2023-08-09T03:28:21.252+0000] {logging_mixin.py:150} INFO - [2023-08-09T03:28:21.252+0000] {dag.py:2742} INFO - Sync 1 DAGs
[2023-08-09T03:28:21.278+0000] {logging_mixin.py:150} INFO - [2023-08-09T03:28:21.278+0000] {dag.py:3508} INFO - Setting next_dagrun for example_task_group to 2023-08-08T03:28:21.278220+00:00, run_after=2023-08-09T03:28:21.278220+00:00
[2023-08-09T03:28:21.295+0000] {processor.py:179} INFO - Processing /home/airflow/.local/lib/python3.7/site-packages/airflow/example_dags/example_task_group.py took 0.079 seconds
[2023-08-09T03:28:51.632+0000] {processor.py:157} INFO - Started process (PID=2059) to work on /home/airflow/.local/lib/python3.7/site-packages/airflow/example_dags/example_task_group.py
[2023-08-09T03:28:51.633+0000] {processor.py:826} INFO - Processing file /home/airflow/.local/lib/python3.7/site-packages/airflow/example_dags/example_task_group.py for tasks to queue
[2023-08-09T03:28:51.635+0000] {logging_mixin.py:150} INFO - [2023-08-09T03:28:51.635+0000] {dagbag.py:541} INFO - Filling up the DagBag from /home/airflow/.local/lib/python3.7/site-packages/airflow/example_dags/example_task_group.py
[2023-08-09T03:28:51.642+0000] {processor.py:836} INFO - DAG(s) dict_keys(['example_task_group']) retrieved from /home/airflow/.local/lib/python3.7/site-packages/airflow/example_dags/example_task_group.py
[2023-08-09T03:28:51.666+0000] {logging_mixin.py:150} INFO - [2023-08-09T03:28:51.665+0000] {dag.py:2742} INFO - Sync 1 DAGs
[2023-08-09T03:28:51.691+0000] {logging_mixin.py:150} INFO - [2023-08-09T03:28:51.691+0000] {dag.py:3508} INFO - Setting next_dagrun for example_task_group to 2023-08-08T03:28:51.691070+00:00, run_after=2023-08-09T03:28:51.691070+00:00
[2023-08-09T03:28:51.712+0000] {processor.py:179} INFO - Processing /home/airflow/.local/lib/python3.7/site-packages/airflow/example_dags/example_task_group.py took 0.084 seconds
[2023-08-09T03:29:21.973+0000] {processor.py:157} INFO - Started process (PID=2114) to work on /home/airflow/.local/lib/python3.7/site-packages/airflow/example_dags/example_task_group.py
[2023-08-09T03:29:21.974+0000] {processor.py:826} INFO - Processing file /home/airflow/.local/lib/python3.7/site-packages/airflow/example_dags/example_task_group.py for tasks to queue
[2023-08-09T03:29:21.978+0000] {logging_mixin.py:150} INFO - [2023-08-09T03:29:21.977+0000] {dagbag.py:541} INFO - Filling up the DagBag from /home/airflow/.local/lib/python3.7/site-packages/airflow/example_dags/example_task_group.py
[2023-08-09T03:29:21.991+0000] {processor.py:836} INFO - DAG(s) dict_keys(['example_task_group']) retrieved from /home/airflow/.local/lib/python3.7/site-packages/airflow/example_dags/example_task_group.py
[2023-08-09T03:29:22.029+0000] {logging_mixin.py:150} INFO - [2023-08-09T03:29:22.029+0000] {dag.py:2742} INFO - Sync 1 DAGs
[2023-08-09T03:29:22.066+0000] {logging_mixin.py:150} INFO - [2023-08-09T03:29:22.066+0000] {dag.py:3508} INFO - Setting next_dagrun for example_task_group to 2023-08-08T03:29:22.066340+00:00, run_after=2023-08-09T03:29:22.066340+00:00
[2023-08-09T03:29:22.100+0000] {processor.py:179} INFO - Processing /home/airflow/.local/lib/python3.7/site-packages/airflow/example_dags/example_task_group.py took 0.133 seconds
[2023-08-09T03:29:52.886+0000] {processor.py:157} INFO - Started process (PID=2169) to work on /home/airflow/.local/lib/python3.7/site-packages/airflow/example_dags/example_task_group.py
[2023-08-09T03:29:52.887+0000] {processor.py:826} INFO - Processing file /home/airflow/.local/lib/python3.7/site-packages/airflow/example_dags/example_task_group.py for tasks to queue
[2023-08-09T03:29:52.887+0000] {logging_mixin.py:150} INFO - [2023-08-09T03:29:52.887+0000] {dagbag.py:541} INFO - Filling up the DagBag from /home/airflow/.local/lib/python3.7/site-packages/airflow/example_dags/example_task_group.py
[2023-08-09T03:29:52.894+0000] {processor.py:836} INFO - DAG(s) dict_keys(['example_task_group']) retrieved from /home/airflow/.local/lib/python3.7/site-packages/airflow/example_dags/example_task_group.py
[2023-08-09T03:29:52.915+0000] {logging_mixin.py:150} INFO - [2023-08-09T03:29:52.915+0000] {dag.py:2742} INFO - Sync 1 DAGs
[2023-08-09T03:29:52.939+0000] {logging_mixin.py:150} INFO - [2023-08-09T03:29:52.939+0000] {dag.py:3508} INFO - Setting next_dagrun for example_task_group to 2023-08-08T03:29:52.938814+00:00, run_after=2023-08-09T03:29:52.938814+00:00
[2023-08-09T03:29:52.956+0000] {processor.py:179} INFO - Processing /home/airflow/.local/lib/python3.7/site-packages/airflow/example_dags/example_task_group.py took 0.073 seconds
[2023-08-09T03:30:23.977+0000] {processor.py:157} INFO - Started process (PID=2224) to work on /home/airflow/.local/lib/python3.7/site-packages/airflow/example_dags/example_task_group.py
[2023-08-09T03:30:23.978+0000] {processor.py:826} INFO - Processing file /home/airflow/.local/lib/python3.7/site-packages/airflow/example_dags/example_task_group.py for tasks to queue
[2023-08-09T03:30:23.979+0000] {logging_mixin.py:150} INFO - [2023-08-09T03:30:23.979+0000] {dagbag.py:541} INFO - Filling up the DagBag from /home/airflow/.local/lib/python3.7/site-packages/airflow/example_dags/example_task_group.py
[2023-08-09T03:30:23.988+0000] {processor.py:836} INFO - DAG(s) dict_keys(['example_task_group']) retrieved from /home/airflow/.local/lib/python3.7/site-packages/airflow/example_dags/example_task_group.py
[2023-08-09T03:30:24.014+0000] {logging_mixin.py:150} INFO - [2023-08-09T03:30:24.014+0000] {dag.py:2742} INFO - Sync 1 DAGs
[2023-08-09T03:30:24.045+0000] {logging_mixin.py:150} INFO - [2023-08-09T03:30:24.045+0000] {dag.py:3508} INFO - Setting next_dagrun for example_task_group to 2023-08-08T03:30:24.045266+00:00, run_after=2023-08-09T03:30:24.045266+00:00
[2023-08-09T03:30:24.068+0000] {processor.py:179} INFO - Processing /home/airflow/.local/lib/python3.7/site-packages/airflow/example_dags/example_task_group.py took 0.094 seconds
[2023-08-09T03:30:54.391+0000] {processor.py:157} INFO - Started process (PID=2280) to work on /home/airflow/.local/lib/python3.7/site-packages/airflow/example_dags/example_task_group.py
[2023-08-09T03:30:54.392+0000] {processor.py:826} INFO - Processing file /home/airflow/.local/lib/python3.7/site-packages/airflow/example_dags/example_task_group.py for tasks to queue
[2023-08-09T03:30:54.392+0000] {logging_mixin.py:150} INFO - [2023-08-09T03:30:54.392+0000] {dagbag.py:541} INFO - Filling up the DagBag from /home/airflow/.local/lib/python3.7/site-packages/airflow/example_dags/example_task_group.py
[2023-08-09T03:30:54.402+0000] {processor.py:836} INFO - DAG(s) dict_keys(['example_task_group']) retrieved from /home/airflow/.local/lib/python3.7/site-packages/airflow/example_dags/example_task_group.py
[2023-08-09T03:30:54.437+0000] {logging_mixin.py:150} INFO - [2023-08-09T03:30:54.437+0000] {dag.py:2742} INFO - Sync 1 DAGs
[2023-08-09T03:30:54.478+0000] {logging_mixin.py:150} INFO - [2023-08-09T03:30:54.478+0000] {dag.py:3508} INFO - Setting next_dagrun for example_task_group to 2023-08-08T03:30:54.477811+00:00, run_after=2023-08-09T03:30:54.477811+00:00
[2023-08-09T03:30:54.504+0000] {processor.py:179} INFO - Processing /home/airflow/.local/lib/python3.7/site-packages/airflow/example_dags/example_task_group.py took 0.116 seconds
[2023-08-09T03:31:24.697+0000] {processor.py:157} INFO - Started process (PID=2338) to work on /home/airflow/.local/lib/python3.7/site-packages/airflow/example_dags/example_task_group.py
[2023-08-09T03:31:24.698+0000] {processor.py:826} INFO - Processing file /home/airflow/.local/lib/python3.7/site-packages/airflow/example_dags/example_task_group.py for tasks to queue
[2023-08-09T03:31:24.699+0000] {logging_mixin.py:150} INFO - [2023-08-09T03:31:24.699+0000] {dagbag.py:541} INFO - Filling up the DagBag from /home/airflow/.local/lib/python3.7/site-packages/airflow/example_dags/example_task_group.py
[2023-08-09T03:31:24.706+0000] {processor.py:836} INFO - DAG(s) dict_keys(['example_task_group']) retrieved from /home/airflow/.local/lib/python3.7/site-packages/airflow/example_dags/example_task_group.py
[2023-08-09T03:31:24.727+0000] {logging_mixin.py:150} INFO - [2023-08-09T03:31:24.727+0000] {dag.py:2742} INFO - Sync 1 DAGs
[2023-08-09T03:31:24.750+0000] {logging_mixin.py:150} INFO - [2023-08-09T03:31:24.749+0000] {dag.py:3508} INFO - Setting next_dagrun for example_task_group to 2023-08-08T03:31:24.749771+00:00, run_after=2023-08-09T03:31:24.749771+00:00
[2023-08-09T03:31:24.765+0000] {processor.py:179} INFO - Processing /home/airflow/.local/lib/python3.7/site-packages/airflow/example_dags/example_task_group.py took 0.070 seconds
[2023-08-09T03:31:55.320+0000] {processor.py:157} INFO - Started process (PID=2393) to work on /home/airflow/.local/lib/python3.7/site-packages/airflow/example_dags/example_task_group.py
[2023-08-09T03:31:55.321+0000] {processor.py:826} INFO - Processing file /home/airflow/.local/lib/python3.7/site-packages/airflow/example_dags/example_task_group.py for tasks to queue
[2023-08-09T03:31:55.322+0000] {logging_mixin.py:150} INFO - [2023-08-09T03:31:55.322+0000] {dagbag.py:541} INFO - Filling up the DagBag from /home/airflow/.local/lib/python3.7/site-packages/airflow/example_dags/example_task_group.py
[2023-08-09T03:31:55.332+0000] {processor.py:836} INFO - DAG(s) dict_keys(['example_task_group']) retrieved from /home/airflow/.local/lib/python3.7/site-packages/airflow/example_dags/example_task_group.py
[2023-08-09T03:31:55.354+0000] {logging_mixin.py:150} INFO - [2023-08-09T03:31:55.354+0000] {dag.py:2742} INFO - Sync 1 DAGs
[2023-08-09T03:31:55.377+0000] {logging_mixin.py:150} INFO - [2023-08-09T03:31:55.377+0000] {dag.py:3508} INFO - Setting next_dagrun for example_task_group to 2023-08-08T03:31:55.377053+00:00, run_after=2023-08-09T03:31:55.377053+00:00
[2023-08-09T03:31:55.393+0000] {processor.py:179} INFO - Processing /home/airflow/.local/lib/python3.7/site-packages/airflow/example_dags/example_task_group.py took 0.077 seconds
[2023-08-09T03:32:25.628+0000] {processor.py:157} INFO - Started process (PID=2451) to work on /home/airflow/.local/lib/python3.7/site-packages/airflow/example_dags/example_task_group.py
[2023-08-09T03:32:25.629+0000] {processor.py:826} INFO - Processing file /home/airflow/.local/lib/python3.7/site-packages/airflow/example_dags/example_task_group.py for tasks to queue
[2023-08-09T03:32:25.630+0000] {logging_mixin.py:150} INFO - [2023-08-09T03:32:25.629+0000] {dagbag.py:541} INFO - Filling up the DagBag from /home/airflow/.local/lib/python3.7/site-packages/airflow/example_dags/example_task_group.py
[2023-08-09T03:32:25.637+0000] {processor.py:836} INFO - DAG(s) dict_keys(['example_task_group']) retrieved from /home/airflow/.local/lib/python3.7/site-packages/airflow/example_dags/example_task_group.py
[2023-08-09T03:32:25.659+0000] {logging_mixin.py:150} INFO - [2023-08-09T03:32:25.659+0000] {dag.py:2742} INFO - Sync 1 DAGs
[2023-08-09T03:32:25.680+0000] {logging_mixin.py:150} INFO - [2023-08-09T03:32:25.680+0000] {dag.py:3508} INFO - Setting next_dagrun for example_task_group to 2023-08-08T03:32:25.680508+00:00, run_after=2023-08-09T03:32:25.680508+00:00
[2023-08-09T03:32:25.698+0000] {processor.py:179} INFO - Processing /home/airflow/.local/lib/python3.7/site-packages/airflow/example_dags/example_task_group.py took 0.072 seconds
[2023-08-09T03:32:57.637+0000] {processor.py:157} INFO - Started process (PID=2505) to work on /home/airflow/.local/lib/python3.7/site-packages/airflow/example_dags/example_task_group.py
[2023-08-09T03:32:57.638+0000] {processor.py:826} INFO - Processing file /home/airflow/.local/lib/python3.7/site-packages/airflow/example_dags/example_task_group.py for tasks to queue
[2023-08-09T03:32:57.638+0000] {logging_mixin.py:150} INFO - [2023-08-09T03:32:57.638+0000] {dagbag.py:541} INFO - Filling up the DagBag from /home/airflow/.local/lib/python3.7/site-packages/airflow/example_dags/example_task_group.py
[2023-08-09T03:32:57.649+0000] {processor.py:836} INFO - DAG(s) dict_keys(['example_task_group']) retrieved from /home/airflow/.local/lib/python3.7/site-packages/airflow/example_dags/example_task_group.py
[2023-08-09T03:32:57.780+0000] {logging_mixin.py:150} INFO - [2023-08-09T03:32:57.778+0000] {dag.py:2742} INFO - Sync 1 DAGs
[2023-08-09T03:32:58.578+0000] {logging_mixin.py:150} INFO - [2023-08-09T03:32:58.575+0000] {dag.py:3508} INFO - Setting next_dagrun for example_task_group to 2023-08-08T03:32:58.556288+00:00, run_after=2023-08-09T03:32:58.556288+00:00
[2023-08-09T03:32:58.975+0000] {processor.py:179} INFO - Processing /home/airflow/.local/lib/python3.7/site-packages/airflow/example_dags/example_task_group.py took 1.342 seconds
[2023-08-09T03:33:29.089+0000] {processor.py:157} INFO - Started process (PID=2560) to work on /home/airflow/.local/lib/python3.7/site-packages/airflow/example_dags/example_task_group.py
[2023-08-09T03:33:29.090+0000] {processor.py:826} INFO - Processing file /home/airflow/.local/lib/python3.7/site-packages/airflow/example_dags/example_task_group.py for tasks to queue
[2023-08-09T03:33:29.090+0000] {logging_mixin.py:150} INFO - [2023-08-09T03:33:29.090+0000] {dagbag.py:541} INFO - Filling up the DagBag from /home/airflow/.local/lib/python3.7/site-packages/airflow/example_dags/example_task_group.py
[2023-08-09T03:33:29.099+0000] {processor.py:836} INFO - DAG(s) dict_keys(['example_task_group']) retrieved from /home/airflow/.local/lib/python3.7/site-packages/airflow/example_dags/example_task_group.py
[2023-08-09T03:33:29.124+0000] {logging_mixin.py:150} INFO - [2023-08-09T03:33:29.124+0000] {dag.py:2742} INFO - Sync 1 DAGs
[2023-08-09T03:33:29.151+0000] {logging_mixin.py:150} INFO - [2023-08-09T03:33:29.151+0000] {dag.py:3508} INFO - Setting next_dagrun for example_task_group to 2023-08-08T03:33:29.150909+00:00, run_after=2023-08-09T03:33:29.150909+00:00
[2023-08-09T03:33:29.169+0000] {processor.py:179} INFO - Processing /home/airflow/.local/lib/python3.7/site-packages/airflow/example_dags/example_task_group.py took 0.082 seconds
[2023-08-09T03:33:59.414+0000] {processor.py:157} INFO - Started process (PID=2616) to work on /home/airflow/.local/lib/python3.7/site-packages/airflow/example_dags/example_task_group.py
[2023-08-09T03:33:59.419+0000] {processor.py:826} INFO - Processing file /home/airflow/.local/lib/python3.7/site-packages/airflow/example_dags/example_task_group.py for tasks to queue
[2023-08-09T03:33:59.420+0000] {logging_mixin.py:150} INFO - [2023-08-09T03:33:59.420+0000] {dagbag.py:541} INFO - Filling up the DagBag from /home/airflow/.local/lib/python3.7/site-packages/airflow/example_dags/example_task_group.py
[2023-08-09T03:33:59.437+0000] {processor.py:836} INFO - DAG(s) dict_keys(['example_task_group']) retrieved from /home/airflow/.local/lib/python3.7/site-packages/airflow/example_dags/example_task_group.py
[2023-08-09T03:33:59.510+0000] {logging_mixin.py:150} INFO - [2023-08-09T03:33:59.509+0000] {dag.py:2742} INFO - Sync 1 DAGs
[2023-08-09T03:33:59.550+0000] {logging_mixin.py:150} INFO - [2023-08-09T03:33:59.550+0000] {dag.py:3508} INFO - Setting next_dagrun for example_task_group to 2023-08-08T03:33:59.550341+00:00, run_after=2023-08-09T03:33:59.550341+00:00
[2023-08-09T03:33:59.589+0000] {processor.py:179} INFO - Processing /home/airflow/.local/lib/python3.7/site-packages/airflow/example_dags/example_task_group.py took 0.179 seconds
[2023-08-09T03:34:30.434+0000] {processor.py:157} INFO - Started process (PID=2671) to work on /home/airflow/.local/lib/python3.7/site-packages/airflow/example_dags/example_task_group.py
[2023-08-09T03:34:30.435+0000] {processor.py:826} INFO - Processing file /home/airflow/.local/lib/python3.7/site-packages/airflow/example_dags/example_task_group.py for tasks to queue
[2023-08-09T03:34:30.436+0000] {logging_mixin.py:150} INFO - [2023-08-09T03:34:30.435+0000] {dagbag.py:541} INFO - Filling up the DagBag from /home/airflow/.local/lib/python3.7/site-packages/airflow/example_dags/example_task_group.py
[2023-08-09T03:34:30.445+0000] {processor.py:836} INFO - DAG(s) dict_keys(['example_task_group']) retrieved from /home/airflow/.local/lib/python3.7/site-packages/airflow/example_dags/example_task_group.py
[2023-08-09T03:34:30.466+0000] {logging_mixin.py:150} INFO - [2023-08-09T03:34:30.466+0000] {dag.py:2742} INFO - Sync 1 DAGs
[2023-08-09T03:34:30.492+0000] {logging_mixin.py:150} INFO - [2023-08-09T03:34:30.492+0000] {dag.py:3508} INFO - Setting next_dagrun for example_task_group to 2023-08-08T03:34:30.492222+00:00, run_after=2023-08-09T03:34:30.492222+00:00
[2023-08-09T03:34:30.516+0000] {processor.py:179} INFO - Processing /home/airflow/.local/lib/python3.7/site-packages/airflow/example_dags/example_task_group.py took 0.086 seconds
[2023-08-09T03:35:00.887+0000] {processor.py:157} INFO - Started process (PID=2725) to work on /home/airflow/.local/lib/python3.7/site-packages/airflow/example_dags/example_task_group.py
[2023-08-09T03:35:00.888+0000] {processor.py:826} INFO - Processing file /home/airflow/.local/lib/python3.7/site-packages/airflow/example_dags/example_task_group.py for tasks to queue
[2023-08-09T03:35:00.889+0000] {logging_mixin.py:150} INFO - [2023-08-09T03:35:00.889+0000] {dagbag.py:541} INFO - Filling up the DagBag from /home/airflow/.local/lib/python3.7/site-packages/airflow/example_dags/example_task_group.py
[2023-08-09T03:35:00.903+0000] {processor.py:836} INFO - DAG(s) dict_keys(['example_task_group']) retrieved from /home/airflow/.local/lib/python3.7/site-packages/airflow/example_dags/example_task_group.py
[2023-08-09T03:35:00.936+0000] {logging_mixin.py:150} INFO - [2023-08-09T03:35:00.936+0000] {dag.py:2742} INFO - Sync 1 DAGs
[2023-08-09T03:35:00.960+0000] {logging_mixin.py:150} INFO - [2023-08-09T03:35:00.960+0000] {dag.py:3508} INFO - Setting next_dagrun for example_task_group to 2023-08-08T03:35:00.960384+00:00, run_after=2023-08-09T03:35:00.960384+00:00
[2023-08-09T03:35:00.976+0000] {processor.py:179} INFO - Processing /home/airflow/.local/lib/python3.7/site-packages/airflow/example_dags/example_task_group.py took 0.091 seconds
[2023-08-09T03:35:31.025+0000] {processor.py:157} INFO - Started process (PID=2780) to work on /home/airflow/.local/lib/python3.7/site-packages/airflow/example_dags/example_task_group.py
[2023-08-09T03:35:31.026+0000] {processor.py:826} INFO - Processing file /home/airflow/.local/lib/python3.7/site-packages/airflow/example_dags/example_task_group.py for tasks to queue
[2023-08-09T03:35:31.027+0000] {logging_mixin.py:150} INFO - [2023-08-09T03:35:31.026+0000] {dagbag.py:541} INFO - Filling up the DagBag from /home/airflow/.local/lib/python3.7/site-packages/airflow/example_dags/example_task_group.py
[2023-08-09T03:35:31.038+0000] {processor.py:836} INFO - DAG(s) dict_keys(['example_task_group']) retrieved from /home/airflow/.local/lib/python3.7/site-packages/airflow/example_dags/example_task_group.py
[2023-08-09T03:35:31.098+0000] {logging_mixin.py:150} INFO - [2023-08-09T03:35:31.098+0000] {dag.py:2742} INFO - Sync 1 DAGs
[2023-08-09T03:35:31.130+0000] {logging_mixin.py:150} INFO - [2023-08-09T03:35:31.130+0000] {dag.py:3508} INFO - Setting next_dagrun for example_task_group to 2023-08-08T03:35:31.129933+00:00, run_after=2023-08-09T03:35:31.129933+00:00
[2023-08-09T03:35:31.147+0000] {processor.py:179} INFO - Processing /home/airflow/.local/lib/python3.7/site-packages/airflow/example_dags/example_task_group.py took 0.127 seconds
[2023-08-09T03:36:01.236+0000] {processor.py:157} INFO - Started process (PID=2834) to work on /home/airflow/.local/lib/python3.7/site-packages/airflow/example_dags/example_task_group.py
[2023-08-09T03:36:01.237+0000] {processor.py:826} INFO - Processing file /home/airflow/.local/lib/python3.7/site-packages/airflow/example_dags/example_task_group.py for tasks to queue
[2023-08-09T03:36:01.238+0000] {logging_mixin.py:150} INFO - [2023-08-09T03:36:01.237+0000] {dagbag.py:541} INFO - Filling up the DagBag from /home/airflow/.local/lib/python3.7/site-packages/airflow/example_dags/example_task_group.py
[2023-08-09T03:36:01.247+0000] {processor.py:836} INFO - DAG(s) dict_keys(['example_task_group']) retrieved from /home/airflow/.local/lib/python3.7/site-packages/airflow/example_dags/example_task_group.py
[2023-08-09T03:36:01.288+0000] {logging_mixin.py:150} INFO - [2023-08-09T03:36:01.288+0000] {dag.py:2742} INFO - Sync 1 DAGs
[2023-08-09T03:36:01.315+0000] {logging_mixin.py:150} INFO - [2023-08-09T03:36:01.314+0000] {dag.py:3508} INFO - Setting next_dagrun for example_task_group to 2023-08-08T03:36:01.314777+00:00, run_after=2023-08-09T03:36:01.314777+00:00
[2023-08-09T03:36:01.333+0000] {processor.py:179} INFO - Processing /home/airflow/.local/lib/python3.7/site-packages/airflow/example_dags/example_task_group.py took 0.099 seconds
[2023-08-09T03:36:31.465+0000] {processor.py:157} INFO - Started process (PID=2890) to work on /home/airflow/.local/lib/python3.7/site-packages/airflow/example_dags/example_task_group.py
[2023-08-09T03:36:31.466+0000] {processor.py:826} INFO - Processing file /home/airflow/.local/lib/python3.7/site-packages/airflow/example_dags/example_task_group.py for tasks to queue
[2023-08-09T03:36:31.468+0000] {logging_mixin.py:150} INFO - [2023-08-09T03:36:31.467+0000] {dagbag.py:541} INFO - Filling up the DagBag from /home/airflow/.local/lib/python3.7/site-packages/airflow/example_dags/example_task_group.py
[2023-08-09T03:36:31.486+0000] {processor.py:836} INFO - DAG(s) dict_keys(['example_task_group']) retrieved from /home/airflow/.local/lib/python3.7/site-packages/airflow/example_dags/example_task_group.py
[2023-08-09T03:36:31.537+0000] {logging_mixin.py:150} INFO - [2023-08-09T03:36:31.537+0000] {dag.py:2742} INFO - Sync 1 DAGs
[2023-08-09T03:36:31.585+0000] {logging_mixin.py:150} INFO - [2023-08-09T03:36:31.585+0000] {dag.py:3508} INFO - Setting next_dagrun for example_task_group to 2023-08-08T03:36:31.585140+00:00, run_after=2023-08-09T03:36:31.585140+00:00
[2023-08-09T03:36:31.608+0000] {processor.py:179} INFO - Processing /home/airflow/.local/lib/python3.7/site-packages/airflow/example_dags/example_task_group.py took 0.148 seconds
