[2023-08-09T03:10:35.629+0000] {processor.py:157} INFO - Started process (PID=80) to work on /home/airflow/.local/lib/python3.7/site-packages/airflow/example_dags/example_complex.py
[2023-08-09T03:10:35.630+0000] {processor.py:826} INFO - Processing file /home/airflow/.local/lib/python3.7/site-packages/airflow/example_dags/example_complex.py for tasks to queue
[2023-08-09T03:10:35.632+0000] {logging_mixin.py:150} INFO - [2023-08-09T03:10:35.632+0000] {dagbag.py:541} INFO - Filling up the DagBag from /home/airflow/.local/lib/python3.7/site-packages/airflow/example_dags/example_complex.py
[2023-08-09T03:10:35.662+0000] {processor.py:836} INFO - DAG(s) dict_keys(['example_complex']) retrieved from /home/airflow/.local/lib/python3.7/site-packages/airflow/example_dags/example_complex.py
[2023-08-09T03:10:35.731+0000] {logging_mixin.py:150} INFO - [2023-08-09T03:10:35.730+0000] {dag.py:2742} INFO - Sync 1 DAGs
[2023-08-09T03:10:35.768+0000] {logging_mixin.py:150} INFO - [2023-08-09T03:10:35.768+0000] {dag.py:3508} INFO - Setting next_dagrun for example_complex to None, run_after=None
[2023-08-09T03:10:35.797+0000] {processor.py:179} INFO - Processing /home/airflow/.local/lib/python3.7/site-packages/airflow/example_dags/example_complex.py took 0.172 seconds
[2023-08-09T03:11:06.534+0000] {processor.py:157} INFO - Started process (PID=135) to work on /home/airflow/.local/lib/python3.7/site-packages/airflow/example_dags/example_complex.py
[2023-08-09T03:11:06.534+0000] {processor.py:826} INFO - Processing file /home/airflow/.local/lib/python3.7/site-packages/airflow/example_dags/example_complex.py for tasks to queue
[2023-08-09T03:11:06.537+0000] {logging_mixin.py:150} INFO - [2023-08-09T03:11:06.536+0000] {dagbag.py:541} INFO - Filling up the DagBag from /home/airflow/.local/lib/python3.7/site-packages/airflow/example_dags/example_complex.py
[2023-08-09T03:11:06.549+0000] {processor.py:836} INFO - DAG(s) dict_keys(['example_complex']) retrieved from /home/airflow/.local/lib/python3.7/site-packages/airflow/example_dags/example_complex.py
[2023-08-09T03:11:06.584+0000] {logging_mixin.py:150} INFO - [2023-08-09T03:11:06.584+0000] {dag.py:2742} INFO - Sync 1 DAGs
[2023-08-09T03:11:06.612+0000] {logging_mixin.py:150} INFO - [2023-08-09T03:11:06.611+0000] {dag.py:3508} INFO - Setting next_dagrun for example_complex to None, run_after=None
[2023-08-09T03:11:06.632+0000] {processor.py:179} INFO - Processing /home/airflow/.local/lib/python3.7/site-packages/airflow/example_dags/example_complex.py took 0.101 seconds
[2023-08-09T03:11:37.200+0000] {processor.py:157} INFO - Started process (PID=190) to work on /home/airflow/.local/lib/python3.7/site-packages/airflow/example_dags/example_complex.py
[2023-08-09T03:11:37.201+0000] {processor.py:826} INFO - Processing file /home/airflow/.local/lib/python3.7/site-packages/airflow/example_dags/example_complex.py for tasks to queue
[2023-08-09T03:11:37.203+0000] {logging_mixin.py:150} INFO - [2023-08-09T03:11:37.203+0000] {dagbag.py:541} INFO - Filling up the DagBag from /home/airflow/.local/lib/python3.7/site-packages/airflow/example_dags/example_complex.py
[2023-08-09T03:11:37.221+0000] {processor.py:836} INFO - DAG(s) dict_keys(['example_complex']) retrieved from /home/airflow/.local/lib/python3.7/site-packages/airflow/example_dags/example_complex.py
[2023-08-09T03:11:37.255+0000] {logging_mixin.py:150} INFO - [2023-08-09T03:11:37.254+0000] {dag.py:2742} INFO - Sync 1 DAGs
[2023-08-09T03:11:37.288+0000] {logging_mixin.py:150} INFO - [2023-08-09T03:11:37.288+0000] {dag.py:3508} INFO - Setting next_dagrun for example_complex to None, run_after=None
[2023-08-09T03:11:37.311+0000] {processor.py:179} INFO - Processing /home/airflow/.local/lib/python3.7/site-packages/airflow/example_dags/example_complex.py took 0.115 seconds
[2023-08-09T03:12:07.483+0000] {processor.py:157} INFO - Started process (PID=246) to work on /home/airflow/.local/lib/python3.7/site-packages/airflow/example_dags/example_complex.py
[2023-08-09T03:12:07.484+0000] {processor.py:826} INFO - Processing file /home/airflow/.local/lib/python3.7/site-packages/airflow/example_dags/example_complex.py for tasks to queue
[2023-08-09T03:12:07.486+0000] {logging_mixin.py:150} INFO - [2023-08-09T03:12:07.486+0000] {dagbag.py:541} INFO - Filling up the DagBag from /home/airflow/.local/lib/python3.7/site-packages/airflow/example_dags/example_complex.py
[2023-08-09T03:12:07.504+0000] {processor.py:836} INFO - DAG(s) dict_keys(['example_complex']) retrieved from /home/airflow/.local/lib/python3.7/site-packages/airflow/example_dags/example_complex.py
[2023-08-09T03:12:07.551+0000] {logging_mixin.py:150} INFO - [2023-08-09T03:12:07.551+0000] {dag.py:2742} INFO - Sync 1 DAGs
[2023-08-09T03:12:07.577+0000] {logging_mixin.py:150} INFO - [2023-08-09T03:12:07.577+0000] {dag.py:3508} INFO - Setting next_dagrun for example_complex to None, run_after=None
[2023-08-09T03:12:07.594+0000] {processor.py:179} INFO - Processing /home/airflow/.local/lib/python3.7/site-packages/airflow/example_dags/example_complex.py took 0.115 seconds
[2023-08-09T03:12:37.848+0000] {processor.py:157} INFO - Started process (PID=301) to work on /home/airflow/.local/lib/python3.7/site-packages/airflow/example_dags/example_complex.py
[2023-08-09T03:12:37.849+0000] {processor.py:826} INFO - Processing file /home/airflow/.local/lib/python3.7/site-packages/airflow/example_dags/example_complex.py for tasks to queue
[2023-08-09T03:12:37.850+0000] {logging_mixin.py:150} INFO - [2023-08-09T03:12:37.850+0000] {dagbag.py:541} INFO - Filling up the DagBag from /home/airflow/.local/lib/python3.7/site-packages/airflow/example_dags/example_complex.py
[2023-08-09T03:12:37.860+0000] {processor.py:836} INFO - DAG(s) dict_keys(['example_complex']) retrieved from /home/airflow/.local/lib/python3.7/site-packages/airflow/example_dags/example_complex.py
[2023-08-09T03:12:37.891+0000] {logging_mixin.py:150} INFO - [2023-08-09T03:12:37.890+0000] {dag.py:2742} INFO - Sync 1 DAGs
[2023-08-09T03:12:37.919+0000] {logging_mixin.py:150} INFO - [2023-08-09T03:12:37.919+0000] {dag.py:3508} INFO - Setting next_dagrun for example_complex to None, run_after=None
[2023-08-09T03:12:37.939+0000] {processor.py:179} INFO - Processing /home/airflow/.local/lib/python3.7/site-packages/airflow/example_dags/example_complex.py took 0.094 seconds
[2023-08-09T03:13:08.724+0000] {processor.py:157} INFO - Started process (PID=356) to work on /home/airflow/.local/lib/python3.7/site-packages/airflow/example_dags/example_complex.py
[2023-08-09T03:13:08.725+0000] {processor.py:826} INFO - Processing file /home/airflow/.local/lib/python3.7/site-packages/airflow/example_dags/example_complex.py for tasks to queue
[2023-08-09T03:13:08.728+0000] {logging_mixin.py:150} INFO - [2023-08-09T03:13:08.728+0000] {dagbag.py:541} INFO - Filling up the DagBag from /home/airflow/.local/lib/python3.7/site-packages/airflow/example_dags/example_complex.py
[2023-08-09T03:13:08.749+0000] {processor.py:836} INFO - DAG(s) dict_keys(['example_complex']) retrieved from /home/airflow/.local/lib/python3.7/site-packages/airflow/example_dags/example_complex.py
[2023-08-09T03:13:08.790+0000] {logging_mixin.py:150} INFO - [2023-08-09T03:13:08.789+0000] {dag.py:2742} INFO - Sync 1 DAGs
[2023-08-09T03:13:08.811+0000] {logging_mixin.py:150} INFO - [2023-08-09T03:13:08.811+0000] {dag.py:3508} INFO - Setting next_dagrun for example_complex to None, run_after=None
[2023-08-09T03:13:08.828+0000] {processor.py:179} INFO - Processing /home/airflow/.local/lib/python3.7/site-packages/airflow/example_dags/example_complex.py took 0.110 seconds
[2023-08-09T03:13:38.982+0000] {processor.py:157} INFO - Started process (PID=410) to work on /home/airflow/.local/lib/python3.7/site-packages/airflow/example_dags/example_complex.py
[2023-08-09T03:13:38.983+0000] {processor.py:826} INFO - Processing file /home/airflow/.local/lib/python3.7/site-packages/airflow/example_dags/example_complex.py for tasks to queue
[2023-08-09T03:13:38.984+0000] {logging_mixin.py:150} INFO - [2023-08-09T03:13:38.984+0000] {dagbag.py:541} INFO - Filling up the DagBag from /home/airflow/.local/lib/python3.7/site-packages/airflow/example_dags/example_complex.py
[2023-08-09T03:13:38.995+0000] {processor.py:836} INFO - DAG(s) dict_keys(['example_complex']) retrieved from /home/airflow/.local/lib/python3.7/site-packages/airflow/example_dags/example_complex.py
[2023-08-09T03:13:39.025+0000] {logging_mixin.py:150} INFO - [2023-08-09T03:13:39.024+0000] {dag.py:2742} INFO - Sync 1 DAGs
[2023-08-09T03:13:39.049+0000] {logging_mixin.py:150} INFO - [2023-08-09T03:13:39.049+0000] {dag.py:3508} INFO - Setting next_dagrun for example_complex to None, run_after=None
[2023-08-09T03:13:39.065+0000] {processor.py:179} INFO - Processing /home/airflow/.local/lib/python3.7/site-packages/airflow/example_dags/example_complex.py took 0.085 seconds
[2023-08-09T03:14:09.309+0000] {processor.py:157} INFO - Started process (PID=465) to work on /home/airflow/.local/lib/python3.7/site-packages/airflow/example_dags/example_complex.py
[2023-08-09T03:14:09.310+0000] {processor.py:826} INFO - Processing file /home/airflow/.local/lib/python3.7/site-packages/airflow/example_dags/example_complex.py for tasks to queue
[2023-08-09T03:14:09.312+0000] {logging_mixin.py:150} INFO - [2023-08-09T03:14:09.312+0000] {dagbag.py:541} INFO - Filling up the DagBag from /home/airflow/.local/lib/python3.7/site-packages/airflow/example_dags/example_complex.py
[2023-08-09T03:14:09.328+0000] {processor.py:836} INFO - DAG(s) dict_keys(['example_complex']) retrieved from /home/airflow/.local/lib/python3.7/site-packages/airflow/example_dags/example_complex.py
[2023-08-09T03:14:09.371+0000] {logging_mixin.py:150} INFO - [2023-08-09T03:14:09.371+0000] {dag.py:2742} INFO - Sync 1 DAGs
[2023-08-09T03:14:09.401+0000] {logging_mixin.py:150} INFO - [2023-08-09T03:14:09.401+0000] {dag.py:3508} INFO - Setting next_dagrun for example_complex to None, run_after=None
[2023-08-09T03:14:09.417+0000] {processor.py:179} INFO - Processing /home/airflow/.local/lib/python3.7/site-packages/airflow/example_dags/example_complex.py took 0.110 seconds
[2023-08-09T03:14:39.606+0000] {processor.py:157} INFO - Started process (PID=521) to work on /home/airflow/.local/lib/python3.7/site-packages/airflow/example_dags/example_complex.py
[2023-08-09T03:14:39.607+0000] {processor.py:826} INFO - Processing file /home/airflow/.local/lib/python3.7/site-packages/airflow/example_dags/example_complex.py for tasks to queue
[2023-08-09T03:14:39.609+0000] {logging_mixin.py:150} INFO - [2023-08-09T03:14:39.609+0000] {dagbag.py:541} INFO - Filling up the DagBag from /home/airflow/.local/lib/python3.7/site-packages/airflow/example_dags/example_complex.py
[2023-08-09T03:14:39.623+0000] {processor.py:836} INFO - DAG(s) dict_keys(['example_complex']) retrieved from /home/airflow/.local/lib/python3.7/site-packages/airflow/example_dags/example_complex.py
[2023-08-09T03:14:39.655+0000] {logging_mixin.py:150} INFO - [2023-08-09T03:14:39.654+0000] {dag.py:2742} INFO - Sync 1 DAGs
[2023-08-09T03:14:39.679+0000] {logging_mixin.py:150} INFO - [2023-08-09T03:14:39.678+0000] {dag.py:3508} INFO - Setting next_dagrun for example_complex to None, run_after=None
[2023-08-09T03:14:39.696+0000] {processor.py:179} INFO - Processing /home/airflow/.local/lib/python3.7/site-packages/airflow/example_dags/example_complex.py took 0.093 seconds
[2023-08-09T03:15:09.873+0000] {processor.py:157} INFO - Started process (PID=576) to work on /home/airflow/.local/lib/python3.7/site-packages/airflow/example_dags/example_complex.py
[2023-08-09T03:15:09.874+0000] {processor.py:826} INFO - Processing file /home/airflow/.local/lib/python3.7/site-packages/airflow/example_dags/example_complex.py for tasks to queue
[2023-08-09T03:15:09.876+0000] {logging_mixin.py:150} INFO - [2023-08-09T03:15:09.876+0000] {dagbag.py:541} INFO - Filling up the DagBag from /home/airflow/.local/lib/python3.7/site-packages/airflow/example_dags/example_complex.py
[2023-08-09T03:15:09.890+0000] {processor.py:836} INFO - DAG(s) dict_keys(['example_complex']) retrieved from /home/airflow/.local/lib/python3.7/site-packages/airflow/example_dags/example_complex.py
[2023-08-09T03:15:09.920+0000] {logging_mixin.py:150} INFO - [2023-08-09T03:15:09.920+0000] {dag.py:2742} INFO - Sync 1 DAGs
[2023-08-09T03:15:09.944+0000] {logging_mixin.py:150} INFO - [2023-08-09T03:15:09.944+0000] {dag.py:3508} INFO - Setting next_dagrun for example_complex to None, run_after=None
[2023-08-09T03:15:09.961+0000] {processor.py:179} INFO - Processing /home/airflow/.local/lib/python3.7/site-packages/airflow/example_dags/example_complex.py took 0.093 seconds
[2023-08-09T03:15:41.851+0000] {processor.py:157} INFO - Started process (PID=632) to work on /home/airflow/.local/lib/python3.7/site-packages/airflow/example_dags/example_complex.py
[2023-08-09T03:15:41.857+0000] {processor.py:826} INFO - Processing file /home/airflow/.local/lib/python3.7/site-packages/airflow/example_dags/example_complex.py for tasks to queue
[2023-08-09T03:15:41.859+0000] {logging_mixin.py:150} INFO - [2023-08-09T03:15:41.859+0000] {dagbag.py:541} INFO - Filling up the DagBag from /home/airflow/.local/lib/python3.7/site-packages/airflow/example_dags/example_complex.py
[2023-08-09T03:15:41.896+0000] {processor.py:836} INFO - DAG(s) dict_keys(['example_complex']) retrieved from /home/airflow/.local/lib/python3.7/site-packages/airflow/example_dags/example_complex.py
[2023-08-09T03:15:41.989+0000] {logging_mixin.py:150} INFO - [2023-08-09T03:15:41.988+0000] {dag.py:2742} INFO - Sync 1 DAGs
[2023-08-09T03:15:42.035+0000] {logging_mixin.py:150} INFO - [2023-08-09T03:15:42.035+0000] {dag.py:3508} INFO - Setting next_dagrun for example_complex to None, run_after=None
[2023-08-09T03:15:42.067+0000] {processor.py:179} INFO - Processing /home/airflow/.local/lib/python3.7/site-packages/airflow/example_dags/example_complex.py took 0.221 seconds
[2023-08-09T03:16:12.670+0000] {processor.py:157} INFO - Started process (PID=687) to work on /home/airflow/.local/lib/python3.7/site-packages/airflow/example_dags/example_complex.py
[2023-08-09T03:16:12.671+0000] {processor.py:826} INFO - Processing file /home/airflow/.local/lib/python3.7/site-packages/airflow/example_dags/example_complex.py for tasks to queue
[2023-08-09T03:16:12.673+0000] {logging_mixin.py:150} INFO - [2023-08-09T03:16:12.672+0000] {dagbag.py:541} INFO - Filling up the DagBag from /home/airflow/.local/lib/python3.7/site-packages/airflow/example_dags/example_complex.py
[2023-08-09T03:16:12.684+0000] {processor.py:836} INFO - DAG(s) dict_keys(['example_complex']) retrieved from /home/airflow/.local/lib/python3.7/site-packages/airflow/example_dags/example_complex.py
[2023-08-09T03:16:12.718+0000] {logging_mixin.py:150} INFO - [2023-08-09T03:16:12.718+0000] {dag.py:2742} INFO - Sync 1 DAGs
[2023-08-09T03:16:12.742+0000] {logging_mixin.py:150} INFO - [2023-08-09T03:16:12.741+0000] {dag.py:3508} INFO - Setting next_dagrun for example_complex to None, run_after=None
[2023-08-09T03:16:12.759+0000] {processor.py:179} INFO - Processing /home/airflow/.local/lib/python3.7/site-packages/airflow/example_dags/example_complex.py took 0.091 seconds
[2023-08-09T03:16:42.995+0000] {processor.py:157} INFO - Started process (PID=742) to work on /home/airflow/.local/lib/python3.7/site-packages/airflow/example_dags/example_complex.py
[2023-08-09T03:16:42.996+0000] {processor.py:826} INFO - Processing file /home/airflow/.local/lib/python3.7/site-packages/airflow/example_dags/example_complex.py for tasks to queue
[2023-08-09T03:16:42.999+0000] {logging_mixin.py:150} INFO - [2023-08-09T03:16:42.998+0000] {dagbag.py:541} INFO - Filling up the DagBag from /home/airflow/.local/lib/python3.7/site-packages/airflow/example_dags/example_complex.py
[2023-08-09T03:16:43.010+0000] {processor.py:836} INFO - DAG(s) dict_keys(['example_complex']) retrieved from /home/airflow/.local/lib/python3.7/site-packages/airflow/example_dags/example_complex.py
[2023-08-09T03:16:43.048+0000] {logging_mixin.py:150} INFO - [2023-08-09T03:16:43.048+0000] {dag.py:2742} INFO - Sync 1 DAGs
[2023-08-09T03:16:43.073+0000] {logging_mixin.py:150} INFO - [2023-08-09T03:16:43.073+0000] {dag.py:3508} INFO - Setting next_dagrun for example_complex to None, run_after=None
[2023-08-09T03:16:43.090+0000] {processor.py:179} INFO - Processing /home/airflow/.local/lib/python3.7/site-packages/airflow/example_dags/example_complex.py took 0.098 seconds
[2023-08-09T03:17:13.200+0000] {processor.py:157} INFO - Started process (PID=797) to work on /home/airflow/.local/lib/python3.7/site-packages/airflow/example_dags/example_complex.py
[2023-08-09T03:17:13.201+0000] {processor.py:826} INFO - Processing file /home/airflow/.local/lib/python3.7/site-packages/airflow/example_dags/example_complex.py for tasks to queue
[2023-08-09T03:17:13.202+0000] {logging_mixin.py:150} INFO - [2023-08-09T03:17:13.202+0000] {dagbag.py:541} INFO - Filling up the DagBag from /home/airflow/.local/lib/python3.7/site-packages/airflow/example_dags/example_complex.py
[2023-08-09T03:17:13.213+0000] {processor.py:836} INFO - DAG(s) dict_keys(['example_complex']) retrieved from /home/airflow/.local/lib/python3.7/site-packages/airflow/example_dags/example_complex.py
[2023-08-09T03:17:13.242+0000] {logging_mixin.py:150} INFO - [2023-08-09T03:17:13.242+0000] {dag.py:2742} INFO - Sync 1 DAGs
[2023-08-09T03:17:13.265+0000] {logging_mixin.py:150} INFO - [2023-08-09T03:17:13.265+0000] {dag.py:3508} INFO - Setting next_dagrun for example_complex to None, run_after=None
[2023-08-09T03:17:13.282+0000] {processor.py:179} INFO - Processing /home/airflow/.local/lib/python3.7/site-packages/airflow/example_dags/example_complex.py took 0.084 seconds
[2023-08-09T03:17:43.455+0000] {processor.py:157} INFO - Started process (PID=851) to work on /home/airflow/.local/lib/python3.7/site-packages/airflow/example_dags/example_complex.py
[2023-08-09T03:17:43.456+0000] {processor.py:826} INFO - Processing file /home/airflow/.local/lib/python3.7/site-packages/airflow/example_dags/example_complex.py for tasks to queue
[2023-08-09T03:17:43.458+0000] {logging_mixin.py:150} INFO - [2023-08-09T03:17:43.457+0000] {dagbag.py:541} INFO - Filling up the DagBag from /home/airflow/.local/lib/python3.7/site-packages/airflow/example_dags/example_complex.py
[2023-08-09T03:17:43.468+0000] {processor.py:836} INFO - DAG(s) dict_keys(['example_complex']) retrieved from /home/airflow/.local/lib/python3.7/site-packages/airflow/example_dags/example_complex.py
[2023-08-09T03:17:43.504+0000] {logging_mixin.py:150} INFO - [2023-08-09T03:17:43.503+0000] {dag.py:2742} INFO - Sync 1 DAGs
[2023-08-09T03:17:43.528+0000] {logging_mixin.py:150} INFO - [2023-08-09T03:17:43.528+0000] {dag.py:3508} INFO - Setting next_dagrun for example_complex to None, run_after=None
[2023-08-09T03:17:43.546+0000] {processor.py:179} INFO - Processing /home/airflow/.local/lib/python3.7/site-packages/airflow/example_dags/example_complex.py took 0.094 seconds
[2023-08-09T03:18:13.609+0000] {processor.py:157} INFO - Started process (PID=906) to work on /home/airflow/.local/lib/python3.7/site-packages/airflow/example_dags/example_complex.py
[2023-08-09T03:18:13.610+0000] {processor.py:826} INFO - Processing file /home/airflow/.local/lib/python3.7/site-packages/airflow/example_dags/example_complex.py for tasks to queue
[2023-08-09T03:18:13.612+0000] {logging_mixin.py:150} INFO - [2023-08-09T03:18:13.612+0000] {dagbag.py:541} INFO - Filling up the DagBag from /home/airflow/.local/lib/python3.7/site-packages/airflow/example_dags/example_complex.py
[2023-08-09T03:18:13.631+0000] {processor.py:836} INFO - DAG(s) dict_keys(['example_complex']) retrieved from /home/airflow/.local/lib/python3.7/site-packages/airflow/example_dags/example_complex.py
[2023-08-09T03:18:13.679+0000] {logging_mixin.py:150} INFO - [2023-08-09T03:18:13.679+0000] {dag.py:2742} INFO - Sync 1 DAGs
[2023-08-09T03:18:13.707+0000] {logging_mixin.py:150} INFO - [2023-08-09T03:18:13.707+0000] {dag.py:3508} INFO - Setting next_dagrun for example_complex to None, run_after=None
[2023-08-09T03:18:13.730+0000] {processor.py:179} INFO - Processing /home/airflow/.local/lib/python3.7/site-packages/airflow/example_dags/example_complex.py took 0.126 seconds
[2023-08-09T03:18:44.280+0000] {processor.py:157} INFO - Started process (PID=961) to work on /home/airflow/.local/lib/python3.7/site-packages/airflow/example_dags/example_complex.py
[2023-08-09T03:18:44.281+0000] {processor.py:826} INFO - Processing file /home/airflow/.local/lib/python3.7/site-packages/airflow/example_dags/example_complex.py for tasks to queue
[2023-08-09T03:18:44.284+0000] {logging_mixin.py:150} INFO - [2023-08-09T03:18:44.283+0000] {dagbag.py:541} INFO - Filling up the DagBag from /home/airflow/.local/lib/python3.7/site-packages/airflow/example_dags/example_complex.py
[2023-08-09T03:18:44.300+0000] {processor.py:836} INFO - DAG(s) dict_keys(['example_complex']) retrieved from /home/airflow/.local/lib/python3.7/site-packages/airflow/example_dags/example_complex.py
[2023-08-09T03:18:44.337+0000] {logging_mixin.py:150} INFO - [2023-08-09T03:18:44.337+0000] {dag.py:2742} INFO - Sync 1 DAGs
[2023-08-09T03:18:44.372+0000] {logging_mixin.py:150} INFO - [2023-08-09T03:18:44.372+0000] {dag.py:3508} INFO - Setting next_dagrun for example_complex to None, run_after=None
[2023-08-09T03:18:44.396+0000] {processor.py:179} INFO - Processing /home/airflow/.local/lib/python3.7/site-packages/airflow/example_dags/example_complex.py took 0.119 seconds
[2023-08-09T03:19:14.572+0000] {processor.py:157} INFO - Started process (PID=1016) to work on /home/airflow/.local/lib/python3.7/site-packages/airflow/example_dags/example_complex.py
[2023-08-09T03:19:14.573+0000] {processor.py:826} INFO - Processing file /home/airflow/.local/lib/python3.7/site-packages/airflow/example_dags/example_complex.py for tasks to queue
[2023-08-09T03:19:14.575+0000] {logging_mixin.py:150} INFO - [2023-08-09T03:19:14.575+0000] {dagbag.py:541} INFO - Filling up the DagBag from /home/airflow/.local/lib/python3.7/site-packages/airflow/example_dags/example_complex.py
[2023-08-09T03:19:14.586+0000] {processor.py:836} INFO - DAG(s) dict_keys(['example_complex']) retrieved from /home/airflow/.local/lib/python3.7/site-packages/airflow/example_dags/example_complex.py
[2023-08-09T03:19:14.617+0000] {logging_mixin.py:150} INFO - [2023-08-09T03:19:14.617+0000] {dag.py:2742} INFO - Sync 1 DAGs
[2023-08-09T03:19:14.642+0000] {logging_mixin.py:150} INFO - [2023-08-09T03:19:14.642+0000] {dag.py:3508} INFO - Setting next_dagrun for example_complex to None, run_after=None
[2023-08-09T03:19:14.660+0000] {processor.py:179} INFO - Processing /home/airflow/.local/lib/python3.7/site-packages/airflow/example_dags/example_complex.py took 0.090 seconds
[2023-08-09T03:19:44.792+0000] {processor.py:157} INFO - Started process (PID=1071) to work on /home/airflow/.local/lib/python3.7/site-packages/airflow/example_dags/example_complex.py
[2023-08-09T03:19:44.793+0000] {processor.py:826} INFO - Processing file /home/airflow/.local/lib/python3.7/site-packages/airflow/example_dags/example_complex.py for tasks to queue
[2023-08-09T03:19:44.794+0000] {logging_mixin.py:150} INFO - [2023-08-09T03:19:44.794+0000] {dagbag.py:541} INFO - Filling up the DagBag from /home/airflow/.local/lib/python3.7/site-packages/airflow/example_dags/example_complex.py
[2023-08-09T03:19:44.808+0000] {processor.py:836} INFO - DAG(s) dict_keys(['example_complex']) retrieved from /home/airflow/.local/lib/python3.7/site-packages/airflow/example_dags/example_complex.py
[2023-08-09T03:19:44.837+0000] {logging_mixin.py:150} INFO - [2023-08-09T03:19:44.837+0000] {dag.py:2742} INFO - Sync 1 DAGs
[2023-08-09T03:19:44.860+0000] {logging_mixin.py:150} INFO - [2023-08-09T03:19:44.860+0000] {dag.py:3508} INFO - Setting next_dagrun for example_complex to None, run_after=None
[2023-08-09T03:19:44.875+0000] {processor.py:179} INFO - Processing /home/airflow/.local/lib/python3.7/site-packages/airflow/example_dags/example_complex.py took 0.086 seconds
[2023-08-09T03:20:15.585+0000] {processor.py:157} INFO - Started process (PID=1126) to work on /home/airflow/.local/lib/python3.7/site-packages/airflow/example_dags/example_complex.py
[2023-08-09T03:20:15.586+0000] {processor.py:826} INFO - Processing file /home/airflow/.local/lib/python3.7/site-packages/airflow/example_dags/example_complex.py for tasks to queue
[2023-08-09T03:20:15.587+0000] {logging_mixin.py:150} INFO - [2023-08-09T03:20:15.587+0000] {dagbag.py:541} INFO - Filling up the DagBag from /home/airflow/.local/lib/python3.7/site-packages/airflow/example_dags/example_complex.py
[2023-08-09T03:20:15.601+0000] {processor.py:836} INFO - DAG(s) dict_keys(['example_complex']) retrieved from /home/airflow/.local/lib/python3.7/site-packages/airflow/example_dags/example_complex.py
[2023-08-09T03:20:15.644+0000] {logging_mixin.py:150} INFO - [2023-08-09T03:20:15.644+0000] {dag.py:2742} INFO - Sync 1 DAGs
[2023-08-09T03:20:15.671+0000] {logging_mixin.py:150} INFO - [2023-08-09T03:20:15.671+0000] {dag.py:3508} INFO - Setting next_dagrun for example_complex to None, run_after=None
[2023-08-09T03:20:15.696+0000] {processor.py:179} INFO - Processing /home/airflow/.local/lib/python3.7/site-packages/airflow/example_dags/example_complex.py took 0.114 seconds
[2023-08-09T03:20:46.718+0000] {processor.py:157} INFO - Started process (PID=1182) to work on /home/airflow/.local/lib/python3.7/site-packages/airflow/example_dags/example_complex.py
[2023-08-09T03:20:46.719+0000] {processor.py:826} INFO - Processing file /home/airflow/.local/lib/python3.7/site-packages/airflow/example_dags/example_complex.py for tasks to queue
[2023-08-09T03:20:46.721+0000] {logging_mixin.py:150} INFO - [2023-08-09T03:20:46.721+0000] {dagbag.py:541} INFO - Filling up the DagBag from /home/airflow/.local/lib/python3.7/site-packages/airflow/example_dags/example_complex.py
[2023-08-09T03:20:46.733+0000] {processor.py:836} INFO - DAG(s) dict_keys(['example_complex']) retrieved from /home/airflow/.local/lib/python3.7/site-packages/airflow/example_dags/example_complex.py
[2023-08-09T03:20:46.765+0000] {logging_mixin.py:150} INFO - [2023-08-09T03:20:46.765+0000] {dag.py:2742} INFO - Sync 1 DAGs
[2023-08-09T03:20:46.789+0000] {logging_mixin.py:150} INFO - [2023-08-09T03:20:46.789+0000] {dag.py:3508} INFO - Setting next_dagrun for example_complex to None, run_after=None
[2023-08-09T03:20:46.805+0000] {processor.py:179} INFO - Processing /home/airflow/.local/lib/python3.7/site-packages/airflow/example_dags/example_complex.py took 0.090 seconds
[2023-08-09T03:21:17.020+0000] {processor.py:157} INFO - Started process (PID=1237) to work on /home/airflow/.local/lib/python3.7/site-packages/airflow/example_dags/example_complex.py
[2023-08-09T03:21:17.021+0000] {processor.py:826} INFO - Processing file /home/airflow/.local/lib/python3.7/site-packages/airflow/example_dags/example_complex.py for tasks to queue
[2023-08-09T03:21:17.023+0000] {logging_mixin.py:150} INFO - [2023-08-09T03:21:17.022+0000] {dagbag.py:541} INFO - Filling up the DagBag from /home/airflow/.local/lib/python3.7/site-packages/airflow/example_dags/example_complex.py
[2023-08-09T03:21:17.033+0000] {processor.py:836} INFO - DAG(s) dict_keys(['example_complex']) retrieved from /home/airflow/.local/lib/python3.7/site-packages/airflow/example_dags/example_complex.py
[2023-08-09T03:21:17.068+0000] {logging_mixin.py:150} INFO - [2023-08-09T03:21:17.068+0000] {dag.py:2742} INFO - Sync 1 DAGs
[2023-08-09T03:21:17.095+0000] {logging_mixin.py:150} INFO - [2023-08-09T03:21:17.095+0000] {dag.py:3508} INFO - Setting next_dagrun for example_complex to None, run_after=None
[2023-08-09T03:21:17.115+0000] {processor.py:179} INFO - Processing /home/airflow/.local/lib/python3.7/site-packages/airflow/example_dags/example_complex.py took 0.098 seconds
[2023-08-09T03:21:47.326+0000] {processor.py:157} INFO - Started process (PID=1292) to work on /home/airflow/.local/lib/python3.7/site-packages/airflow/example_dags/example_complex.py
[2023-08-09T03:21:47.326+0000] {processor.py:826} INFO - Processing file /home/airflow/.local/lib/python3.7/site-packages/airflow/example_dags/example_complex.py for tasks to queue
[2023-08-09T03:21:47.328+0000] {logging_mixin.py:150} INFO - [2023-08-09T03:21:47.328+0000] {dagbag.py:541} INFO - Filling up the DagBag from /home/airflow/.local/lib/python3.7/site-packages/airflow/example_dags/example_complex.py
[2023-08-09T03:21:47.339+0000] {processor.py:836} INFO - DAG(s) dict_keys(['example_complex']) retrieved from /home/airflow/.local/lib/python3.7/site-packages/airflow/example_dags/example_complex.py
[2023-08-09T03:21:47.373+0000] {logging_mixin.py:150} INFO - [2023-08-09T03:21:47.373+0000] {dag.py:2742} INFO - Sync 1 DAGs
[2023-08-09T03:21:47.398+0000] {logging_mixin.py:150} INFO - [2023-08-09T03:21:47.398+0000] {dag.py:3508} INFO - Setting next_dagrun for example_complex to None, run_after=None
[2023-08-09T03:21:47.420+0000] {processor.py:179} INFO - Processing /home/airflow/.local/lib/python3.7/site-packages/airflow/example_dags/example_complex.py took 0.097 seconds
[2023-08-09T03:22:18.386+0000] {processor.py:157} INFO - Started process (PID=1347) to work on /home/airflow/.local/lib/python3.7/site-packages/airflow/example_dags/example_complex.py
[2023-08-09T03:22:18.387+0000] {processor.py:826} INFO - Processing file /home/airflow/.local/lib/python3.7/site-packages/airflow/example_dags/example_complex.py for tasks to queue
[2023-08-09T03:22:18.389+0000] {logging_mixin.py:150} INFO - [2023-08-09T03:22:18.389+0000] {dagbag.py:541} INFO - Filling up the DagBag from /home/airflow/.local/lib/python3.7/site-packages/airflow/example_dags/example_complex.py
[2023-08-09T03:22:18.401+0000] {processor.py:836} INFO - DAG(s) dict_keys(['example_complex']) retrieved from /home/airflow/.local/lib/python3.7/site-packages/airflow/example_dags/example_complex.py
[2023-08-09T03:22:18.433+0000] {logging_mixin.py:150} INFO - [2023-08-09T03:22:18.433+0000] {dag.py:2742} INFO - Sync 1 DAGs
[2023-08-09T03:22:18.458+0000] {logging_mixin.py:150} INFO - [2023-08-09T03:22:18.458+0000] {dag.py:3508} INFO - Setting next_dagrun for example_complex to None, run_after=None
[2023-08-09T03:22:18.480+0000] {processor.py:179} INFO - Processing /home/airflow/.local/lib/python3.7/site-packages/airflow/example_dags/example_complex.py took 0.097 seconds
[2023-08-09T03:22:48.793+0000] {processor.py:157} INFO - Started process (PID=1401) to work on /home/airflow/.local/lib/python3.7/site-packages/airflow/example_dags/example_complex.py
[2023-08-09T03:22:48.794+0000] {processor.py:826} INFO - Processing file /home/airflow/.local/lib/python3.7/site-packages/airflow/example_dags/example_complex.py for tasks to queue
[2023-08-09T03:22:48.796+0000] {logging_mixin.py:150} INFO - [2023-08-09T03:22:48.796+0000] {dagbag.py:541} INFO - Filling up the DagBag from /home/airflow/.local/lib/python3.7/site-packages/airflow/example_dags/example_complex.py
[2023-08-09T03:22:48.806+0000] {processor.py:836} INFO - DAG(s) dict_keys(['example_complex']) retrieved from /home/airflow/.local/lib/python3.7/site-packages/airflow/example_dags/example_complex.py
[2023-08-09T03:22:48.836+0000] {logging_mixin.py:150} INFO - [2023-08-09T03:22:48.836+0000] {dag.py:2742} INFO - Sync 1 DAGs
[2023-08-09T03:22:48.858+0000] {logging_mixin.py:150} INFO - [2023-08-09T03:22:48.858+0000] {dag.py:3508} INFO - Setting next_dagrun for example_complex to None, run_after=None
[2023-08-09T03:22:48.874+0000] {processor.py:179} INFO - Processing /home/airflow/.local/lib/python3.7/site-packages/airflow/example_dags/example_complex.py took 0.083 seconds
[2023-08-09T03:23:18.940+0000] {processor.py:157} INFO - Started process (PID=1455) to work on /home/airflow/.local/lib/python3.7/site-packages/airflow/example_dags/example_complex.py
[2023-08-09T03:23:18.941+0000] {processor.py:826} INFO - Processing file /home/airflow/.local/lib/python3.7/site-packages/airflow/example_dags/example_complex.py for tasks to queue
[2023-08-09T03:23:18.942+0000] {logging_mixin.py:150} INFO - [2023-08-09T03:23:18.942+0000] {dagbag.py:541} INFO - Filling up the DagBag from /home/airflow/.local/lib/python3.7/site-packages/airflow/example_dags/example_complex.py
[2023-08-09T03:23:18.953+0000] {processor.py:836} INFO - DAG(s) dict_keys(['example_complex']) retrieved from /home/airflow/.local/lib/python3.7/site-packages/airflow/example_dags/example_complex.py
[2023-08-09T03:23:18.983+0000] {logging_mixin.py:150} INFO - [2023-08-09T03:23:18.983+0000] {dag.py:2742} INFO - Sync 1 DAGs
[2023-08-09T03:23:19.007+0000] {logging_mixin.py:150} INFO - [2023-08-09T03:23:19.007+0000] {dag.py:3508} INFO - Setting next_dagrun for example_complex to None, run_after=None
[2023-08-09T03:23:19.024+0000] {processor.py:179} INFO - Processing /home/airflow/.local/lib/python3.7/site-packages/airflow/example_dags/example_complex.py took 0.086 seconds
[2023-08-09T03:23:49.078+0000] {processor.py:157} INFO - Started process (PID=1510) to work on /home/airflow/.local/lib/python3.7/site-packages/airflow/example_dags/example_complex.py
[2023-08-09T03:23:49.079+0000] {processor.py:826} INFO - Processing file /home/airflow/.local/lib/python3.7/site-packages/airflow/example_dags/example_complex.py for tasks to queue
[2023-08-09T03:23:49.082+0000] {logging_mixin.py:150} INFO - [2023-08-09T03:23:49.082+0000] {dagbag.py:541} INFO - Filling up the DagBag from /home/airflow/.local/lib/python3.7/site-packages/airflow/example_dags/example_complex.py
[2023-08-09T03:23:49.101+0000] {processor.py:836} INFO - DAG(s) dict_keys(['example_complex']) retrieved from /home/airflow/.local/lib/python3.7/site-packages/airflow/example_dags/example_complex.py
[2023-08-09T03:23:49.136+0000] {logging_mixin.py:150} INFO - [2023-08-09T03:23:49.136+0000] {dag.py:2742} INFO - Sync 1 DAGs
[2023-08-09T03:23:49.164+0000] {logging_mixin.py:150} INFO - [2023-08-09T03:23:49.163+0000] {dag.py:3508} INFO - Setting next_dagrun for example_complex to None, run_after=None
[2023-08-09T03:23:49.180+0000] {processor.py:179} INFO - Processing /home/airflow/.local/lib/python3.7/site-packages/airflow/example_dags/example_complex.py took 0.107 seconds
[2023-08-09T03:24:19.376+0000] {processor.py:157} INFO - Started process (PID=1565) to work on /home/airflow/.local/lib/python3.7/site-packages/airflow/example_dags/example_complex.py
[2023-08-09T03:24:19.377+0000] {processor.py:826} INFO - Processing file /home/airflow/.local/lib/python3.7/site-packages/airflow/example_dags/example_complex.py for tasks to queue
[2023-08-09T03:24:19.380+0000] {logging_mixin.py:150} INFO - [2023-08-09T03:24:19.380+0000] {dagbag.py:541} INFO - Filling up the DagBag from /home/airflow/.local/lib/python3.7/site-packages/airflow/example_dags/example_complex.py
[2023-08-09T03:24:19.402+0000] {processor.py:836} INFO - DAG(s) dict_keys(['example_complex']) retrieved from /home/airflow/.local/lib/python3.7/site-packages/airflow/example_dags/example_complex.py
[2023-08-09T03:24:19.449+0000] {logging_mixin.py:150} INFO - [2023-08-09T03:24:19.449+0000] {dag.py:2742} INFO - Sync 1 DAGs
[2023-08-09T03:24:19.472+0000] {logging_mixin.py:150} INFO - [2023-08-09T03:24:19.472+0000] {dag.py:3508} INFO - Setting next_dagrun for example_complex to None, run_after=None
[2023-08-09T03:24:19.489+0000] {processor.py:179} INFO - Processing /home/airflow/.local/lib/python3.7/site-packages/airflow/example_dags/example_complex.py took 0.118 seconds
[2023-08-09T03:24:49.561+0000] {processor.py:157} INFO - Started process (PID=1620) to work on /home/airflow/.local/lib/python3.7/site-packages/airflow/example_dags/example_complex.py
[2023-08-09T03:24:49.562+0000] {processor.py:826} INFO - Processing file /home/airflow/.local/lib/python3.7/site-packages/airflow/example_dags/example_complex.py for tasks to queue
[2023-08-09T03:24:49.564+0000] {logging_mixin.py:150} INFO - [2023-08-09T03:24:49.564+0000] {dagbag.py:541} INFO - Filling up the DagBag from /home/airflow/.local/lib/python3.7/site-packages/airflow/example_dags/example_complex.py
[2023-08-09T03:24:49.582+0000] {processor.py:836} INFO - DAG(s) dict_keys(['example_complex']) retrieved from /home/airflow/.local/lib/python3.7/site-packages/airflow/example_dags/example_complex.py
[2023-08-09T03:24:49.626+0000] {logging_mixin.py:150} INFO - [2023-08-09T03:24:49.626+0000] {dag.py:2742} INFO - Sync 1 DAGs
[2023-08-09T03:24:49.664+0000] {logging_mixin.py:150} INFO - [2023-08-09T03:24:49.664+0000] {dag.py:3508} INFO - Setting next_dagrun for example_complex to None, run_after=None
[2023-08-09T03:24:49.691+0000] {processor.py:179} INFO - Processing /home/airflow/.local/lib/python3.7/site-packages/airflow/example_dags/example_complex.py took 0.133 seconds
[2023-08-09T03:25:19.960+0000] {processor.py:157} INFO - Started process (PID=1681) to work on /home/airflow/.local/lib/python3.7/site-packages/airflow/example_dags/example_complex.py
[2023-08-09T03:25:19.960+0000] {processor.py:826} INFO - Processing file /home/airflow/.local/lib/python3.7/site-packages/airflow/example_dags/example_complex.py for tasks to queue
[2023-08-09T03:25:19.962+0000] {logging_mixin.py:150} INFO - [2023-08-09T03:25:19.962+0000] {dagbag.py:541} INFO - Filling up the DagBag from /home/airflow/.local/lib/python3.7/site-packages/airflow/example_dags/example_complex.py
[2023-08-09T03:25:19.981+0000] {processor.py:836} INFO - DAG(s) dict_keys(['example_complex']) retrieved from /home/airflow/.local/lib/python3.7/site-packages/airflow/example_dags/example_complex.py
[2023-08-09T03:25:20.026+0000] {logging_mixin.py:150} INFO - [2023-08-09T03:25:20.026+0000] {dag.py:2742} INFO - Sync 1 DAGs
[2023-08-09T03:25:20.051+0000] {logging_mixin.py:150} INFO - [2023-08-09T03:25:20.051+0000] {dag.py:3508} INFO - Setting next_dagrun for example_complex to None, run_after=None
[2023-08-09T03:25:20.069+0000] {processor.py:179} INFO - Processing /home/airflow/.local/lib/python3.7/site-packages/airflow/example_dags/example_complex.py took 0.112 seconds
[2023-08-09T03:25:50.205+0000] {processor.py:157} INFO - Started process (PID=1735) to work on /home/airflow/.local/lib/python3.7/site-packages/airflow/example_dags/example_complex.py
[2023-08-09T03:25:50.206+0000] {processor.py:826} INFO - Processing file /home/airflow/.local/lib/python3.7/site-packages/airflow/example_dags/example_complex.py for tasks to queue
[2023-08-09T03:25:50.209+0000] {logging_mixin.py:150} INFO - [2023-08-09T03:25:50.208+0000] {dagbag.py:541} INFO - Filling up the DagBag from /home/airflow/.local/lib/python3.7/site-packages/airflow/example_dags/example_complex.py
[2023-08-09T03:25:50.225+0000] {processor.py:836} INFO - DAG(s) dict_keys(['example_complex']) retrieved from /home/airflow/.local/lib/python3.7/site-packages/airflow/example_dags/example_complex.py
[2023-08-09T03:25:50.253+0000] {logging_mixin.py:150} INFO - [2023-08-09T03:25:50.253+0000] {dag.py:2742} INFO - Sync 1 DAGs
[2023-08-09T03:25:50.276+0000] {logging_mixin.py:150} INFO - [2023-08-09T03:25:50.276+0000] {dag.py:3508} INFO - Setting next_dagrun for example_complex to None, run_after=None
[2023-08-09T03:25:50.292+0000] {processor.py:179} INFO - Processing /home/airflow/.local/lib/python3.7/site-packages/airflow/example_dags/example_complex.py took 0.092 seconds
[2023-08-09T03:26:20.382+0000] {processor.py:157} INFO - Started process (PID=1790) to work on /home/airflow/.local/lib/python3.7/site-packages/airflow/example_dags/example_complex.py
[2023-08-09T03:26:20.383+0000] {processor.py:826} INFO - Processing file /home/airflow/.local/lib/python3.7/site-packages/airflow/example_dags/example_complex.py for tasks to queue
[2023-08-09T03:26:20.386+0000] {logging_mixin.py:150} INFO - [2023-08-09T03:26:20.386+0000] {dagbag.py:541} INFO - Filling up the DagBag from /home/airflow/.local/lib/python3.7/site-packages/airflow/example_dags/example_complex.py
[2023-08-09T03:26:20.407+0000] {processor.py:836} INFO - DAG(s) dict_keys(['example_complex']) retrieved from /home/airflow/.local/lib/python3.7/site-packages/airflow/example_dags/example_complex.py
[2023-08-09T03:26:20.453+0000] {logging_mixin.py:150} INFO - [2023-08-09T03:26:20.453+0000] {dag.py:2742} INFO - Sync 1 DAGs
[2023-08-09T03:26:20.476+0000] {logging_mixin.py:150} INFO - [2023-08-09T03:26:20.476+0000] {dag.py:3508} INFO - Setting next_dagrun for example_complex to None, run_after=None
[2023-08-09T03:26:20.494+0000] {processor.py:179} INFO - Processing /home/airflow/.local/lib/python3.7/site-packages/airflow/example_dags/example_complex.py took 0.117 seconds
[2023-08-09T03:26:50.742+0000] {processor.py:157} INFO - Started process (PID=1844) to work on /home/airflow/.local/lib/python3.7/site-packages/airflow/example_dags/example_complex.py
[2023-08-09T03:26:50.743+0000] {processor.py:826} INFO - Processing file /home/airflow/.local/lib/python3.7/site-packages/airflow/example_dags/example_complex.py for tasks to queue
[2023-08-09T03:26:50.744+0000] {logging_mixin.py:150} INFO - [2023-08-09T03:26:50.744+0000] {dagbag.py:541} INFO - Filling up the DagBag from /home/airflow/.local/lib/python3.7/site-packages/airflow/example_dags/example_complex.py
[2023-08-09T03:26:50.755+0000] {processor.py:836} INFO - DAG(s) dict_keys(['example_complex']) retrieved from /home/airflow/.local/lib/python3.7/site-packages/airflow/example_dags/example_complex.py
[2023-08-09T03:26:50.785+0000] {logging_mixin.py:150} INFO - [2023-08-09T03:26:50.785+0000] {dag.py:2742} INFO - Sync 1 DAGs
[2023-08-09T03:26:50.808+0000] {logging_mixin.py:150} INFO - [2023-08-09T03:26:50.808+0000] {dag.py:3508} INFO - Setting next_dagrun for example_complex to None, run_after=None
[2023-08-09T03:26:50.825+0000] {processor.py:179} INFO - Processing /home/airflow/.local/lib/python3.7/site-packages/airflow/example_dags/example_complex.py took 0.086 seconds
[2023-08-09T03:27:21.222+0000] {processor.py:157} INFO - Started process (PID=1899) to work on /home/airflow/.local/lib/python3.7/site-packages/airflow/example_dags/example_complex.py
[2023-08-09T03:27:21.223+0000] {processor.py:826} INFO - Processing file /home/airflow/.local/lib/python3.7/site-packages/airflow/example_dags/example_complex.py for tasks to queue
[2023-08-09T03:27:21.225+0000] {logging_mixin.py:150} INFO - [2023-08-09T03:27:21.224+0000] {dagbag.py:541} INFO - Filling up the DagBag from /home/airflow/.local/lib/python3.7/site-packages/airflow/example_dags/example_complex.py
[2023-08-09T03:27:21.241+0000] {processor.py:836} INFO - DAG(s) dict_keys(['example_complex']) retrieved from /home/airflow/.local/lib/python3.7/site-packages/airflow/example_dags/example_complex.py
[2023-08-09T03:27:21.276+0000] {logging_mixin.py:150} INFO - [2023-08-09T03:27:21.276+0000] {dag.py:2742} INFO - Sync 1 DAGs
[2023-08-09T03:27:21.302+0000] {logging_mixin.py:150} INFO - [2023-08-09T03:27:21.302+0000] {dag.py:3508} INFO - Setting next_dagrun for example_complex to None, run_after=None
[2023-08-09T03:27:21.331+0000] {processor.py:179} INFO - Processing /home/airflow/.local/lib/python3.7/site-packages/airflow/example_dags/example_complex.py took 0.112 seconds
[2023-08-09T03:27:51.560+0000] {processor.py:157} INFO - Started process (PID=1954) to work on /home/airflow/.local/lib/python3.7/site-packages/airflow/example_dags/example_complex.py
[2023-08-09T03:27:51.561+0000] {processor.py:826} INFO - Processing file /home/airflow/.local/lib/python3.7/site-packages/airflow/example_dags/example_complex.py for tasks to queue
[2023-08-09T03:27:51.563+0000] {logging_mixin.py:150} INFO - [2023-08-09T03:27:51.563+0000] {dagbag.py:541} INFO - Filling up the DagBag from /home/airflow/.local/lib/python3.7/site-packages/airflow/example_dags/example_complex.py
[2023-08-09T03:27:51.576+0000] {processor.py:836} INFO - DAG(s) dict_keys(['example_complex']) retrieved from /home/airflow/.local/lib/python3.7/site-packages/airflow/example_dags/example_complex.py
[2023-08-09T03:27:51.606+0000] {logging_mixin.py:150} INFO - [2023-08-09T03:27:51.606+0000] {dag.py:2742} INFO - Sync 1 DAGs
[2023-08-09T03:27:51.632+0000] {logging_mixin.py:150} INFO - [2023-08-09T03:27:51.632+0000] {dag.py:3508} INFO - Setting next_dagrun for example_complex to None, run_after=None
[2023-08-09T03:27:51.652+0000] {processor.py:179} INFO - Processing /home/airflow/.local/lib/python3.7/site-packages/airflow/example_dags/example_complex.py took 0.095 seconds
[2023-08-09T03:28:21.704+0000] {processor.py:157} INFO - Started process (PID=2010) to work on /home/airflow/.local/lib/python3.7/site-packages/airflow/example_dags/example_complex.py
[2023-08-09T03:28:21.704+0000] {processor.py:826} INFO - Processing file /home/airflow/.local/lib/python3.7/site-packages/airflow/example_dags/example_complex.py for tasks to queue
[2023-08-09T03:28:21.706+0000] {logging_mixin.py:150} INFO - [2023-08-09T03:28:21.706+0000] {dagbag.py:541} INFO - Filling up the DagBag from /home/airflow/.local/lib/python3.7/site-packages/airflow/example_dags/example_complex.py
[2023-08-09T03:28:21.720+0000] {processor.py:836} INFO - DAG(s) dict_keys(['example_complex']) retrieved from /home/airflow/.local/lib/python3.7/site-packages/airflow/example_dags/example_complex.py
[2023-08-09T03:28:21.754+0000] {logging_mixin.py:150} INFO - [2023-08-09T03:28:21.754+0000] {dag.py:2742} INFO - Sync 1 DAGs
[2023-08-09T03:28:21.788+0000] {logging_mixin.py:150} INFO - [2023-08-09T03:28:21.788+0000] {dag.py:3508} INFO - Setting next_dagrun for example_complex to None, run_after=None
[2023-08-09T03:28:21.821+0000] {processor.py:179} INFO - Processing /home/airflow/.local/lib/python3.7/site-packages/airflow/example_dags/example_complex.py took 0.121 seconds
[2023-08-09T03:28:52.068+0000] {processor.py:157} INFO - Started process (PID=2065) to work on /home/airflow/.local/lib/python3.7/site-packages/airflow/example_dags/example_complex.py
[2023-08-09T03:28:52.069+0000] {processor.py:826} INFO - Processing file /home/airflow/.local/lib/python3.7/site-packages/airflow/example_dags/example_complex.py for tasks to queue
[2023-08-09T03:28:52.073+0000] {logging_mixin.py:150} INFO - [2023-08-09T03:28:52.073+0000] {dagbag.py:541} INFO - Filling up the DagBag from /home/airflow/.local/lib/python3.7/site-packages/airflow/example_dags/example_complex.py
[2023-08-09T03:28:52.099+0000] {processor.py:836} INFO - DAG(s) dict_keys(['example_complex']) retrieved from /home/airflow/.local/lib/python3.7/site-packages/airflow/example_dags/example_complex.py
[2023-08-09T03:28:52.151+0000] {logging_mixin.py:150} INFO - [2023-08-09T03:28:52.150+0000] {dag.py:2742} INFO - Sync 1 DAGs
[2023-08-09T03:28:52.189+0000] {logging_mixin.py:150} INFO - [2023-08-09T03:28:52.189+0000] {dag.py:3508} INFO - Setting next_dagrun for example_complex to None, run_after=None
[2023-08-09T03:28:52.207+0000] {processor.py:179} INFO - Processing /home/airflow/.local/lib/python3.7/site-packages/airflow/example_dags/example_complex.py took 0.144 seconds
[2023-08-09T03:29:22.413+0000] {processor.py:157} INFO - Started process (PID=2120) to work on /home/airflow/.local/lib/python3.7/site-packages/airflow/example_dags/example_complex.py
[2023-08-09T03:29:22.414+0000] {processor.py:826} INFO - Processing file /home/airflow/.local/lib/python3.7/site-packages/airflow/example_dags/example_complex.py for tasks to queue
[2023-08-09T03:29:22.416+0000] {logging_mixin.py:150} INFO - [2023-08-09T03:29:22.416+0000] {dagbag.py:541} INFO - Filling up the DagBag from /home/airflow/.local/lib/python3.7/site-packages/airflow/example_dags/example_complex.py
[2023-08-09T03:29:22.429+0000] {processor.py:836} INFO - DAG(s) dict_keys(['example_complex']) retrieved from /home/airflow/.local/lib/python3.7/site-packages/airflow/example_dags/example_complex.py
[2023-08-09T03:29:22.479+0000] {logging_mixin.py:150} INFO - [2023-08-09T03:29:22.479+0000] {dag.py:2742} INFO - Sync 1 DAGs
[2023-08-09T03:29:22.510+0000] {logging_mixin.py:150} INFO - [2023-08-09T03:29:22.510+0000] {dag.py:3508} INFO - Setting next_dagrun for example_complex to None, run_after=None
[2023-08-09T03:29:22.528+0000] {processor.py:179} INFO - Processing /home/airflow/.local/lib/python3.7/site-packages/airflow/example_dags/example_complex.py took 0.118 seconds
[2023-08-09T03:29:53.204+0000] {processor.py:157} INFO - Started process (PID=2175) to work on /home/airflow/.local/lib/python3.7/site-packages/airflow/example_dags/example_complex.py
[2023-08-09T03:29:53.205+0000] {processor.py:826} INFO - Processing file /home/airflow/.local/lib/python3.7/site-packages/airflow/example_dags/example_complex.py for tasks to queue
[2023-08-09T03:29:53.205+0000] {logging_mixin.py:150} INFO - [2023-08-09T03:29:53.205+0000] {dagbag.py:541} INFO - Filling up the DagBag from /home/airflow/.local/lib/python3.7/site-packages/airflow/example_dags/example_complex.py
[2023-08-09T03:29:53.215+0000] {processor.py:836} INFO - DAG(s) dict_keys(['example_complex']) retrieved from /home/airflow/.local/lib/python3.7/site-packages/airflow/example_dags/example_complex.py
[2023-08-09T03:29:53.246+0000] {logging_mixin.py:150} INFO - [2023-08-09T03:29:53.246+0000] {dag.py:2742} INFO - Sync 1 DAGs
[2023-08-09T03:29:53.269+0000] {logging_mixin.py:150} INFO - [2023-08-09T03:29:53.269+0000] {dag.py:3508} INFO - Setting next_dagrun for example_complex to None, run_after=None
[2023-08-09T03:29:53.292+0000] {processor.py:179} INFO - Processing /home/airflow/.local/lib/python3.7/site-packages/airflow/example_dags/example_complex.py took 0.090 seconds
[2023-08-09T03:30:24.422+0000] {processor.py:157} INFO - Started process (PID=2230) to work on /home/airflow/.local/lib/python3.7/site-packages/airflow/example_dags/example_complex.py
[2023-08-09T03:30:24.423+0000] {processor.py:826} INFO - Processing file /home/airflow/.local/lib/python3.7/site-packages/airflow/example_dags/example_complex.py for tasks to queue
[2023-08-09T03:30:24.423+0000] {logging_mixin.py:150} INFO - [2023-08-09T03:30:24.423+0000] {dagbag.py:541} INFO - Filling up the DagBag from /home/airflow/.local/lib/python3.7/site-packages/airflow/example_dags/example_complex.py
[2023-08-09T03:30:24.434+0000] {processor.py:836} INFO - DAG(s) dict_keys(['example_complex']) retrieved from /home/airflow/.local/lib/python3.7/site-packages/airflow/example_dags/example_complex.py
[2023-08-09T03:30:24.468+0000] {logging_mixin.py:150} INFO - [2023-08-09T03:30:24.468+0000] {dag.py:2742} INFO - Sync 1 DAGs
[2023-08-09T03:30:24.494+0000] {logging_mixin.py:150} INFO - [2023-08-09T03:30:24.494+0000] {dag.py:3508} INFO - Setting next_dagrun for example_complex to None, run_after=None
[2023-08-09T03:30:24.514+0000] {processor.py:179} INFO - Processing /home/airflow/.local/lib/python3.7/site-packages/airflow/example_dags/example_complex.py took 0.095 seconds
[2023-08-09T03:30:54.755+0000] {processor.py:157} INFO - Started process (PID=2286) to work on /home/airflow/.local/lib/python3.7/site-packages/airflow/example_dags/example_complex.py
[2023-08-09T03:30:54.756+0000] {processor.py:826} INFO - Processing file /home/airflow/.local/lib/python3.7/site-packages/airflow/example_dags/example_complex.py for tasks to queue
[2023-08-09T03:30:54.757+0000] {logging_mixin.py:150} INFO - [2023-08-09T03:30:54.757+0000] {dagbag.py:541} INFO - Filling up the DagBag from /home/airflow/.local/lib/python3.7/site-packages/airflow/example_dags/example_complex.py
[2023-08-09T03:30:54.769+0000] {processor.py:836} INFO - DAG(s) dict_keys(['example_complex']) retrieved from /home/airflow/.local/lib/python3.7/site-packages/airflow/example_dags/example_complex.py
[2023-08-09T03:30:54.811+0000] {logging_mixin.py:150} INFO - [2023-08-09T03:30:54.810+0000] {dag.py:2742} INFO - Sync 1 DAGs
[2023-08-09T03:30:54.847+0000] {logging_mixin.py:150} INFO - [2023-08-09T03:30:54.847+0000] {dag.py:3508} INFO - Setting next_dagrun for example_complex to None, run_after=None
[2023-08-09T03:30:54.870+0000] {processor.py:179} INFO - Processing /home/airflow/.local/lib/python3.7/site-packages/airflow/example_dags/example_complex.py took 0.118 seconds
[2023-08-09T03:31:25.058+0000] {processor.py:157} INFO - Started process (PID=2344) to work on /home/airflow/.local/lib/python3.7/site-packages/airflow/example_dags/example_complex.py
[2023-08-09T03:31:25.059+0000] {processor.py:826} INFO - Processing file /home/airflow/.local/lib/python3.7/site-packages/airflow/example_dags/example_complex.py for tasks to queue
[2023-08-09T03:31:25.060+0000] {logging_mixin.py:150} INFO - [2023-08-09T03:31:25.059+0000] {dagbag.py:541} INFO - Filling up the DagBag from /home/airflow/.local/lib/python3.7/site-packages/airflow/example_dags/example_complex.py
[2023-08-09T03:31:25.071+0000] {processor.py:836} INFO - DAG(s) dict_keys(['example_complex']) retrieved from /home/airflow/.local/lib/python3.7/site-packages/airflow/example_dags/example_complex.py
[2023-08-09T03:31:25.102+0000] {logging_mixin.py:150} INFO - [2023-08-09T03:31:25.101+0000] {dag.py:2742} INFO - Sync 1 DAGs
[2023-08-09T03:31:25.130+0000] {logging_mixin.py:150} INFO - [2023-08-09T03:31:25.130+0000] {dag.py:3508} INFO - Setting next_dagrun for example_complex to None, run_after=None
[2023-08-09T03:31:25.150+0000] {processor.py:179} INFO - Processing /home/airflow/.local/lib/python3.7/site-packages/airflow/example_dags/example_complex.py took 0.094 seconds
[2023-08-09T03:31:55.664+0000] {processor.py:157} INFO - Started process (PID=2399) to work on /home/airflow/.local/lib/python3.7/site-packages/airflow/example_dags/example_complex.py
[2023-08-09T03:31:55.665+0000] {processor.py:826} INFO - Processing file /home/airflow/.local/lib/python3.7/site-packages/airflow/example_dags/example_complex.py for tasks to queue
[2023-08-09T03:31:55.666+0000] {logging_mixin.py:150} INFO - [2023-08-09T03:31:55.665+0000] {dagbag.py:541} INFO - Filling up the DagBag from /home/airflow/.local/lib/python3.7/site-packages/airflow/example_dags/example_complex.py
[2023-08-09T03:31:55.678+0000] {processor.py:836} INFO - DAG(s) dict_keys(['example_complex']) retrieved from /home/airflow/.local/lib/python3.7/site-packages/airflow/example_dags/example_complex.py
[2023-08-09T03:31:55.714+0000] {logging_mixin.py:150} INFO - [2023-08-09T03:31:55.714+0000] {dag.py:2742} INFO - Sync 1 DAGs
[2023-08-09T03:31:55.740+0000] {logging_mixin.py:150} INFO - [2023-08-09T03:31:55.739+0000] {dag.py:3508} INFO - Setting next_dagrun for example_complex to None, run_after=None
[2023-08-09T03:31:55.758+0000] {processor.py:179} INFO - Processing /home/airflow/.local/lib/python3.7/site-packages/airflow/example_dags/example_complex.py took 0.097 seconds
[2023-08-09T03:32:26.028+0000] {processor.py:157} INFO - Started process (PID=2457) to work on /home/airflow/.local/lib/python3.7/site-packages/airflow/example_dags/example_complex.py
[2023-08-09T03:32:26.029+0000] {processor.py:826} INFO - Processing file /home/airflow/.local/lib/python3.7/site-packages/airflow/example_dags/example_complex.py for tasks to queue
[2023-08-09T03:32:26.029+0000] {logging_mixin.py:150} INFO - [2023-08-09T03:32:26.029+0000] {dagbag.py:541} INFO - Filling up the DagBag from /home/airflow/.local/lib/python3.7/site-packages/airflow/example_dags/example_complex.py
[2023-08-09T03:32:26.040+0000] {processor.py:836} INFO - DAG(s) dict_keys(['example_complex']) retrieved from /home/airflow/.local/lib/python3.7/site-packages/airflow/example_dags/example_complex.py
[2023-08-09T03:32:26.073+0000] {logging_mixin.py:150} INFO - [2023-08-09T03:32:26.073+0000] {dag.py:2742} INFO - Sync 1 DAGs
[2023-08-09T03:32:26.105+0000] {logging_mixin.py:150} INFO - [2023-08-09T03:32:26.105+0000] {dag.py:3508} INFO - Setting next_dagrun for example_complex to None, run_after=None
[2023-08-09T03:32:26.124+0000] {processor.py:179} INFO - Processing /home/airflow/.local/lib/python3.7/site-packages/airflow/example_dags/example_complex.py took 0.098 seconds
[2023-08-09T03:33:02.135+0000] {processor.py:157} INFO - Started process (PID=2511) to work on /home/airflow/.local/lib/python3.7/site-packages/airflow/example_dags/example_complex.py
[2023-08-09T03:33:02.201+0000] {processor.py:826} INFO - Processing file /home/airflow/.local/lib/python3.7/site-packages/airflow/example_dags/example_complex.py for tasks to queue
[2023-08-09T03:33:02.255+0000] {logging_mixin.py:150} INFO - [2023-08-09T03:33:02.229+0000] {dagbag.py:541} INFO - Filling up the DagBag from /home/airflow/.local/lib/python3.7/site-packages/airflow/example_dags/example_complex.py
[2023-08-09T03:33:03.019+0000] {processor.py:836} INFO - DAG(s) dict_keys(['example_complex']) retrieved from /home/airflow/.local/lib/python3.7/site-packages/airflow/example_dags/example_complex.py
[2023-08-09T03:33:03.407+0000] {logging_mixin.py:150} INFO - [2023-08-09T03:33:03.407+0000] {dag.py:2742} INFO - Sync 1 DAGs
[2023-08-09T03:33:03.760+0000] {logging_mixin.py:150} INFO - [2023-08-09T03:33:03.757+0000] {dag.py:3508} INFO - Setting next_dagrun for example_complex to None, run_after=None
[2023-08-09T03:33:04.793+0000] {processor.py:179} INFO - Processing /home/airflow/.local/lib/python3.7/site-packages/airflow/example_dags/example_complex.py took 2.729 seconds
[2023-08-09T03:33:35.262+0000] {processor.py:157} INFO - Started process (PID=2566) to work on /home/airflow/.local/lib/python3.7/site-packages/airflow/example_dags/example_complex.py
[2023-08-09T03:33:35.264+0000] {processor.py:826} INFO - Processing file /home/airflow/.local/lib/python3.7/site-packages/airflow/example_dags/example_complex.py for tasks to queue
[2023-08-09T03:33:35.265+0000] {logging_mixin.py:150} INFO - [2023-08-09T03:33:35.265+0000] {dagbag.py:541} INFO - Filling up the DagBag from /home/airflow/.local/lib/python3.7/site-packages/airflow/example_dags/example_complex.py
[2023-08-09T03:33:35.286+0000] {processor.py:836} INFO - DAG(s) dict_keys(['example_complex']) retrieved from /home/airflow/.local/lib/python3.7/site-packages/airflow/example_dags/example_complex.py
[2023-08-09T03:33:35.338+0000] {logging_mixin.py:150} INFO - [2023-08-09T03:33:35.338+0000] {dag.py:2742} INFO - Sync 1 DAGs
[2023-08-09T03:33:35.363+0000] {logging_mixin.py:150} INFO - [2023-08-09T03:33:35.363+0000] {dag.py:3508} INFO - Setting next_dagrun for example_complex to None, run_after=None
[2023-08-09T03:33:35.379+0000] {processor.py:179} INFO - Processing /home/airflow/.local/lib/python3.7/site-packages/airflow/example_dags/example_complex.py took 0.122 seconds
[2023-08-09T03:34:05.839+0000] {processor.py:157} INFO - Started process (PID=2622) to work on /home/airflow/.local/lib/python3.7/site-packages/airflow/example_dags/example_complex.py
[2023-08-09T03:34:05.840+0000] {processor.py:826} INFO - Processing file /home/airflow/.local/lib/python3.7/site-packages/airflow/example_dags/example_complex.py for tasks to queue
[2023-08-09T03:34:05.841+0000] {logging_mixin.py:150} INFO - [2023-08-09T03:34:05.841+0000] {dagbag.py:541} INFO - Filling up the DagBag from /home/airflow/.local/lib/python3.7/site-packages/airflow/example_dags/example_complex.py
[2023-08-09T03:34:05.858+0000] {processor.py:836} INFO - DAG(s) dict_keys(['example_complex']) retrieved from /home/airflow/.local/lib/python3.7/site-packages/airflow/example_dags/example_complex.py
[2023-08-09T03:34:05.909+0000] {logging_mixin.py:150} INFO - [2023-08-09T03:34:05.909+0000] {dag.py:2742} INFO - Sync 1 DAGs
[2023-08-09T03:34:05.951+0000] {logging_mixin.py:150} INFO - [2023-08-09T03:34:05.951+0000] {dag.py:3508} INFO - Setting next_dagrun for example_complex to None, run_after=None
[2023-08-09T03:34:05.982+0000] {processor.py:179} INFO - Processing /home/airflow/.local/lib/python3.7/site-packages/airflow/example_dags/example_complex.py took 0.147 seconds
[2023-08-09T03:34:36.857+0000] {processor.py:157} INFO - Started process (PID=2677) to work on /home/airflow/.local/lib/python3.7/site-packages/airflow/example_dags/example_complex.py
[2023-08-09T03:34:36.858+0000] {processor.py:826} INFO - Processing file /home/airflow/.local/lib/python3.7/site-packages/airflow/example_dags/example_complex.py for tasks to queue
[2023-08-09T03:34:36.859+0000] {logging_mixin.py:150} INFO - [2023-08-09T03:34:36.859+0000] {dagbag.py:541} INFO - Filling up the DagBag from /home/airflow/.local/lib/python3.7/site-packages/airflow/example_dags/example_complex.py
[2023-08-09T03:34:36.870+0000] {processor.py:836} INFO - DAG(s) dict_keys(['example_complex']) retrieved from /home/airflow/.local/lib/python3.7/site-packages/airflow/example_dags/example_complex.py
[2023-08-09T03:34:36.911+0000] {logging_mixin.py:150} INFO - [2023-08-09T03:34:36.910+0000] {dag.py:2742} INFO - Sync 1 DAGs
[2023-08-09T03:34:36.935+0000] {logging_mixin.py:150} INFO - [2023-08-09T03:34:36.935+0000] {dag.py:3508} INFO - Setting next_dagrun for example_complex to None, run_after=None
[2023-08-09T03:34:36.952+0000] {processor.py:179} INFO - Processing /home/airflow/.local/lib/python3.7/site-packages/airflow/example_dags/example_complex.py took 0.098 seconds
[2023-08-09T03:35:07.218+0000] {processor.py:157} INFO - Started process (PID=2731) to work on /home/airflow/.local/lib/python3.7/site-packages/airflow/example_dags/example_complex.py
[2023-08-09T03:35:07.219+0000] {processor.py:826} INFO - Processing file /home/airflow/.local/lib/python3.7/site-packages/airflow/example_dags/example_complex.py for tasks to queue
[2023-08-09T03:35:07.220+0000] {logging_mixin.py:150} INFO - [2023-08-09T03:35:07.219+0000] {dagbag.py:541} INFO - Filling up the DagBag from /home/airflow/.local/lib/python3.7/site-packages/airflow/example_dags/example_complex.py
[2023-08-09T03:35:07.235+0000] {processor.py:836} INFO - DAG(s) dict_keys(['example_complex']) retrieved from /home/airflow/.local/lib/python3.7/site-packages/airflow/example_dags/example_complex.py
[2023-08-09T03:35:07.294+0000] {logging_mixin.py:150} INFO - [2023-08-09T03:35:07.294+0000] {dag.py:2742} INFO - Sync 1 DAGs
[2023-08-09T03:35:07.320+0000] {logging_mixin.py:150} INFO - [2023-08-09T03:35:07.320+0000] {dag.py:3508} INFO - Setting next_dagrun for example_complex to None, run_after=None
[2023-08-09T03:35:07.341+0000] {processor.py:179} INFO - Processing /home/airflow/.local/lib/python3.7/site-packages/airflow/example_dags/example_complex.py took 0.125 seconds
[2023-08-09T03:35:37.524+0000] {processor.py:157} INFO - Started process (PID=2786) to work on /home/airflow/.local/lib/python3.7/site-packages/airflow/example_dags/example_complex.py
[2023-08-09T03:35:37.526+0000] {processor.py:826} INFO - Processing file /home/airflow/.local/lib/python3.7/site-packages/airflow/example_dags/example_complex.py for tasks to queue
[2023-08-09T03:35:37.527+0000] {logging_mixin.py:150} INFO - [2023-08-09T03:35:37.527+0000] {dagbag.py:541} INFO - Filling up the DagBag from /home/airflow/.local/lib/python3.7/site-packages/airflow/example_dags/example_complex.py
[2023-08-09T03:35:37.549+0000] {processor.py:836} INFO - DAG(s) dict_keys(['example_complex']) retrieved from /home/airflow/.local/lib/python3.7/site-packages/airflow/example_dags/example_complex.py
[2023-08-09T03:35:37.599+0000] {logging_mixin.py:150} INFO - [2023-08-09T03:35:37.599+0000] {dag.py:2742} INFO - Sync 1 DAGs
[2023-08-09T03:35:37.632+0000] {logging_mixin.py:150} INFO - [2023-08-09T03:35:37.632+0000] {dag.py:3508} INFO - Setting next_dagrun for example_complex to None, run_after=None
[2023-08-09T03:35:37.658+0000] {processor.py:179} INFO - Processing /home/airflow/.local/lib/python3.7/site-packages/airflow/example_dags/example_complex.py took 0.138 seconds
[2023-08-09T03:36:08.021+0000] {processor.py:157} INFO - Started process (PID=2841) to work on /home/airflow/.local/lib/python3.7/site-packages/airflow/example_dags/example_complex.py
[2023-08-09T03:36:08.022+0000] {processor.py:826} INFO - Processing file /home/airflow/.local/lib/python3.7/site-packages/airflow/example_dags/example_complex.py for tasks to queue
[2023-08-09T03:36:08.023+0000] {logging_mixin.py:150} INFO - [2023-08-09T03:36:08.023+0000] {dagbag.py:541} INFO - Filling up the DagBag from /home/airflow/.local/lib/python3.7/site-packages/airflow/example_dags/example_complex.py
[2023-08-09T03:36:08.035+0000] {processor.py:836} INFO - DAG(s) dict_keys(['example_complex']) retrieved from /home/airflow/.local/lib/python3.7/site-packages/airflow/example_dags/example_complex.py
[2023-08-09T03:36:08.070+0000] {logging_mixin.py:150} INFO - [2023-08-09T03:36:08.070+0000] {dag.py:2742} INFO - Sync 1 DAGs
[2023-08-09T03:36:08.097+0000] {logging_mixin.py:150} INFO - [2023-08-09T03:36:08.096+0000] {dag.py:3508} INFO - Setting next_dagrun for example_complex to None, run_after=None
[2023-08-09T03:36:08.115+0000] {processor.py:179} INFO - Processing /home/airflow/.local/lib/python3.7/site-packages/airflow/example_dags/example_complex.py took 0.097 seconds
[2023-08-09T03:36:38.342+0000] {processor.py:157} INFO - Started process (PID=2897) to work on /home/airflow/.local/lib/python3.7/site-packages/airflow/example_dags/example_complex.py
[2023-08-09T03:36:38.344+0000] {processor.py:826} INFO - Processing file /home/airflow/.local/lib/python3.7/site-packages/airflow/example_dags/example_complex.py for tasks to queue
[2023-08-09T03:36:38.345+0000] {logging_mixin.py:150} INFO - [2023-08-09T03:36:38.345+0000] {dagbag.py:541} INFO - Filling up the DagBag from /home/airflow/.local/lib/python3.7/site-packages/airflow/example_dags/example_complex.py
[2023-08-09T03:36:38.368+0000] {processor.py:836} INFO - DAG(s) dict_keys(['example_complex']) retrieved from /home/airflow/.local/lib/python3.7/site-packages/airflow/example_dags/example_complex.py
[2023-08-09T03:36:38.407+0000] {logging_mixin.py:150} INFO - [2023-08-09T03:36:38.407+0000] {dag.py:2742} INFO - Sync 1 DAGs
[2023-08-09T03:36:38.438+0000] {logging_mixin.py:150} INFO - [2023-08-09T03:36:38.438+0000] {dag.py:3508} INFO - Setting next_dagrun for example_complex to None, run_after=None
[2023-08-09T03:36:38.460+0000] {processor.py:179} INFO - Processing /home/airflow/.local/lib/python3.7/site-packages/airflow/example_dags/example_complex.py took 0.122 seconds
