[2023-08-09T03:10:32.923+0000] {processor.py:157} INFO - Started process (PID=59) to work on /home/airflow/.local/lib/python3.7/site-packages/airflow/example_dags/example_latest_only_with_trigger.py
[2023-08-09T03:10:32.924+0000] {processor.py:826} INFO - Processing file /home/airflow/.local/lib/python3.7/site-packages/airflow/example_dags/example_latest_only_with_trigger.py for tasks to queue
[2023-08-09T03:10:32.927+0000] {logging_mixin.py:150} INFO - [2023-08-09T03:10:32.926+0000] {dagbag.py:541} INFO - Filling up the DagBag from /home/airflow/.local/lib/python3.7/site-packages/airflow/example_dags/example_latest_only_with_trigger.py
[2023-08-09T03:10:32.936+0000] {processor.py:836} INFO - DAG(s) dict_keys(['latest_only_with_trigger']) retrieved from /home/airflow/.local/lib/python3.7/site-packages/airflow/example_dags/example_latest_only_with_trigger.py
[2023-08-09T03:10:32.971+0000] {logging_mixin.py:150} INFO - [2023-08-09T03:10:32.969+0000] {dag.py:2742} INFO - Sync 1 DAGs
[2023-08-09T03:10:33.008+0000] {logging_mixin.py:150} INFO - [2023-08-09T03:10:33.007+0000] {dag.py:3508} INFO - Setting next_dagrun for latest_only_with_trigger to 2023-08-08T23:10:33.007465+00:00, run_after=2023-08-09T03:10:33.007465+00:00
[2023-08-09T03:10:33.037+0000] {processor.py:179} INFO - Processing /home/airflow/.local/lib/python3.7/site-packages/airflow/example_dags/example_latest_only_with_trigger.py took 0.118 seconds
[2023-08-09T03:11:03.949+0000] {processor.py:157} INFO - Started process (PID=114) to work on /home/airflow/.local/lib/python3.7/site-packages/airflow/example_dags/example_latest_only_with_trigger.py
[2023-08-09T03:11:03.949+0000] {processor.py:826} INFO - Processing file /home/airflow/.local/lib/python3.7/site-packages/airflow/example_dags/example_latest_only_with_trigger.py for tasks to queue
[2023-08-09T03:11:03.952+0000] {logging_mixin.py:150} INFO - [2023-08-09T03:11:03.951+0000] {dagbag.py:541} INFO - Filling up the DagBag from /home/airflow/.local/lib/python3.7/site-packages/airflow/example_dags/example_latest_only_with_trigger.py
[2023-08-09T03:11:03.959+0000] {processor.py:836} INFO - DAG(s) dict_keys(['latest_only_with_trigger']) retrieved from /home/airflow/.local/lib/python3.7/site-packages/airflow/example_dags/example_latest_only_with_trigger.py
[2023-08-09T03:11:03.990+0000] {logging_mixin.py:150} INFO - [2023-08-09T03:11:03.989+0000] {dag.py:2742} INFO - Sync 1 DAGs
[2023-08-09T03:11:04.028+0000] {logging_mixin.py:150} INFO - [2023-08-09T03:11:04.027+0000] {dag.py:3508} INFO - Setting next_dagrun for latest_only_with_trigger to 2023-08-08T23:11:04.027512+00:00, run_after=2023-08-09T03:11:04.027512+00:00
[2023-08-09T03:11:04.053+0000] {processor.py:179} INFO - Processing /home/airflow/.local/lib/python3.7/site-packages/airflow/example_dags/example_latest_only_with_trigger.py took 0.108 seconds
[2023-08-09T03:11:34.188+0000] {processor.py:157} INFO - Started process (PID=168) to work on /home/airflow/.local/lib/python3.7/site-packages/airflow/example_dags/example_latest_only_with_trigger.py
[2023-08-09T03:11:34.189+0000] {processor.py:826} INFO - Processing file /home/airflow/.local/lib/python3.7/site-packages/airflow/example_dags/example_latest_only_with_trigger.py for tasks to queue
[2023-08-09T03:11:34.192+0000] {logging_mixin.py:150} INFO - [2023-08-09T03:11:34.191+0000] {dagbag.py:541} INFO - Filling up the DagBag from /home/airflow/.local/lib/python3.7/site-packages/airflow/example_dags/example_latest_only_with_trigger.py
[2023-08-09T03:11:34.198+0000] {processor.py:836} INFO - DAG(s) dict_keys(['latest_only_with_trigger']) retrieved from /home/airflow/.local/lib/python3.7/site-packages/airflow/example_dags/example_latest_only_with_trigger.py
[2023-08-09T03:11:34.224+0000] {logging_mixin.py:150} INFO - [2023-08-09T03:11:34.223+0000] {dag.py:2742} INFO - Sync 1 DAGs
[2023-08-09T03:11:34.249+0000] {logging_mixin.py:150} INFO - [2023-08-09T03:11:34.249+0000] {dag.py:3508} INFO - Setting next_dagrun for latest_only_with_trigger to 2023-08-08T23:11:34.249282+00:00, run_after=2023-08-09T03:11:34.249282+00:00
[2023-08-09T03:11:34.267+0000] {processor.py:179} INFO - Processing /home/airflow/.local/lib/python3.7/site-packages/airflow/example_dags/example_latest_only_with_trigger.py took 0.083 seconds
[2023-08-09T03:12:04.928+0000] {processor.py:157} INFO - Started process (PID=225) to work on /home/airflow/.local/lib/python3.7/site-packages/airflow/example_dags/example_latest_only_with_trigger.py
[2023-08-09T03:12:04.928+0000] {processor.py:826} INFO - Processing file /home/airflow/.local/lib/python3.7/site-packages/airflow/example_dags/example_latest_only_with_trigger.py for tasks to queue
[2023-08-09T03:12:04.930+0000] {logging_mixin.py:150} INFO - [2023-08-09T03:12:04.930+0000] {dagbag.py:541} INFO - Filling up the DagBag from /home/airflow/.local/lib/python3.7/site-packages/airflow/example_dags/example_latest_only_with_trigger.py
[2023-08-09T03:12:04.934+0000] {processor.py:836} INFO - DAG(s) dict_keys(['latest_only_with_trigger']) retrieved from /home/airflow/.local/lib/python3.7/site-packages/airflow/example_dags/example_latest_only_with_trigger.py
[2023-08-09T03:12:04.956+0000] {logging_mixin.py:150} INFO - [2023-08-09T03:12:04.956+0000] {dag.py:2742} INFO - Sync 1 DAGs
[2023-08-09T03:12:04.978+0000] {logging_mixin.py:150} INFO - [2023-08-09T03:12:04.978+0000] {dag.py:3508} INFO - Setting next_dagrun for latest_only_with_trigger to 2023-08-08T23:12:04.978138+00:00, run_after=2023-08-09T03:12:04.978138+00:00
[2023-08-09T03:12:04.994+0000] {processor.py:179} INFO - Processing /home/airflow/.local/lib/python3.7/site-packages/airflow/example_dags/example_latest_only_with_trigger.py took 0.070 seconds
[2023-08-09T03:12:35.014+0000] {processor.py:157} INFO - Started process (PID=279) to work on /home/airflow/.local/lib/python3.7/site-packages/airflow/example_dags/example_latest_only_with_trigger.py
[2023-08-09T03:12:35.014+0000] {processor.py:826} INFO - Processing file /home/airflow/.local/lib/python3.7/site-packages/airflow/example_dags/example_latest_only_with_trigger.py for tasks to queue
[2023-08-09T03:12:35.016+0000] {logging_mixin.py:150} INFO - [2023-08-09T03:12:35.016+0000] {dagbag.py:541} INFO - Filling up the DagBag from /home/airflow/.local/lib/python3.7/site-packages/airflow/example_dags/example_latest_only_with_trigger.py
[2023-08-09T03:12:35.020+0000] {processor.py:836} INFO - DAG(s) dict_keys(['latest_only_with_trigger']) retrieved from /home/airflow/.local/lib/python3.7/site-packages/airflow/example_dags/example_latest_only_with_trigger.py
[2023-08-09T03:12:35.042+0000] {logging_mixin.py:150} INFO - [2023-08-09T03:12:35.042+0000] {dag.py:2742} INFO - Sync 1 DAGs
[2023-08-09T03:12:35.066+0000] {logging_mixin.py:150} INFO - [2023-08-09T03:12:35.066+0000] {dag.py:3508} INFO - Setting next_dagrun for latest_only_with_trigger to 2023-08-08T23:12:35.065897+00:00, run_after=2023-08-09T03:12:35.065897+00:00
[2023-08-09T03:12:35.082+0000] {processor.py:179} INFO - Processing /home/airflow/.local/lib/python3.7/site-packages/airflow/example_dags/example_latest_only_with_trigger.py took 0.071 seconds
[2023-08-09T03:13:05.382+0000] {processor.py:157} INFO - Started process (PID=334) to work on /home/airflow/.local/lib/python3.7/site-packages/airflow/example_dags/example_latest_only_with_trigger.py
[2023-08-09T03:13:05.383+0000] {processor.py:826} INFO - Processing file /home/airflow/.local/lib/python3.7/site-packages/airflow/example_dags/example_latest_only_with_trigger.py for tasks to queue
[2023-08-09T03:13:05.384+0000] {logging_mixin.py:150} INFO - [2023-08-09T03:13:05.384+0000] {dagbag.py:541} INFO - Filling up the DagBag from /home/airflow/.local/lib/python3.7/site-packages/airflow/example_dags/example_latest_only_with_trigger.py
[2023-08-09T03:13:05.389+0000] {processor.py:836} INFO - DAG(s) dict_keys(['latest_only_with_trigger']) retrieved from /home/airflow/.local/lib/python3.7/site-packages/airflow/example_dags/example_latest_only_with_trigger.py
[2023-08-09T03:13:05.410+0000] {logging_mixin.py:150} INFO - [2023-08-09T03:13:05.409+0000] {dag.py:2742} INFO - Sync 1 DAGs
[2023-08-09T03:13:05.433+0000] {logging_mixin.py:150} INFO - [2023-08-09T03:13:05.433+0000] {dag.py:3508} INFO - Setting next_dagrun for latest_only_with_trigger to 2023-08-08T23:13:05.432987+00:00, run_after=2023-08-09T03:13:05.432987+00:00
[2023-08-09T03:13:05.450+0000] {processor.py:179} INFO - Processing /home/airflow/.local/lib/python3.7/site-packages/airflow/example_dags/example_latest_only_with_trigger.py took 0.071 seconds
[2023-08-09T03:13:36.414+0000] {processor.py:157} INFO - Started process (PID=389) to work on /home/airflow/.local/lib/python3.7/site-packages/airflow/example_dags/example_latest_only_with_trigger.py
[2023-08-09T03:13:36.415+0000] {processor.py:826} INFO - Processing file /home/airflow/.local/lib/python3.7/site-packages/airflow/example_dags/example_latest_only_with_trigger.py for tasks to queue
[2023-08-09T03:13:36.418+0000] {logging_mixin.py:150} INFO - [2023-08-09T03:13:36.418+0000] {dagbag.py:541} INFO - Filling up the DagBag from /home/airflow/.local/lib/python3.7/site-packages/airflow/example_dags/example_latest_only_with_trigger.py
[2023-08-09T03:13:36.427+0000] {processor.py:836} INFO - DAG(s) dict_keys(['latest_only_with_trigger']) retrieved from /home/airflow/.local/lib/python3.7/site-packages/airflow/example_dags/example_latest_only_with_trigger.py
[2023-08-09T03:13:36.474+0000] {logging_mixin.py:150} INFO - [2023-08-09T03:13:36.473+0000] {dag.py:2742} INFO - Sync 1 DAGs
[2023-08-09T03:13:36.508+0000] {logging_mixin.py:150} INFO - [2023-08-09T03:13:36.508+0000] {dag.py:3508} INFO - Setting next_dagrun for latest_only_with_trigger to 2023-08-08T23:13:36.507889+00:00, run_after=2023-08-09T03:13:36.507889+00:00
[2023-08-09T03:13:36.527+0000] {processor.py:179} INFO - Processing /home/airflow/.local/lib/python3.7/site-packages/airflow/example_dags/example_latest_only_with_trigger.py took 0.118 seconds
[2023-08-09T03:14:06.904+0000] {processor.py:157} INFO - Started process (PID=444) to work on /home/airflow/.local/lib/python3.7/site-packages/airflow/example_dags/example_latest_only_with_trigger.py
[2023-08-09T03:14:06.905+0000] {processor.py:826} INFO - Processing file /home/airflow/.local/lib/python3.7/site-packages/airflow/example_dags/example_latest_only_with_trigger.py for tasks to queue
[2023-08-09T03:14:06.906+0000] {logging_mixin.py:150} INFO - [2023-08-09T03:14:06.906+0000] {dagbag.py:541} INFO - Filling up the DagBag from /home/airflow/.local/lib/python3.7/site-packages/airflow/example_dags/example_latest_only_with_trigger.py
[2023-08-09T03:14:06.911+0000] {processor.py:836} INFO - DAG(s) dict_keys(['latest_only_with_trigger']) retrieved from /home/airflow/.local/lib/python3.7/site-packages/airflow/example_dags/example_latest_only_with_trigger.py
[2023-08-09T03:14:06.940+0000] {logging_mixin.py:150} INFO - [2023-08-09T03:14:06.939+0000] {dag.py:2742} INFO - Sync 1 DAGs
[2023-08-09T03:14:06.969+0000] {logging_mixin.py:150} INFO - [2023-08-09T03:14:06.969+0000] {dag.py:3508} INFO - Setting next_dagrun for latest_only_with_trigger to 2023-08-08T23:14:06.968819+00:00, run_after=2023-08-09T03:14:06.968819+00:00
[2023-08-09T03:14:06.986+0000] {processor.py:179} INFO - Processing /home/airflow/.local/lib/python3.7/site-packages/airflow/example_dags/example_latest_only_with_trigger.py took 0.085 seconds
[2023-08-09T03:14:37.121+0000] {processor.py:157} INFO - Started process (PID=500) to work on /home/airflow/.local/lib/python3.7/site-packages/airflow/example_dags/example_latest_only_with_trigger.py
[2023-08-09T03:14:37.122+0000] {processor.py:826} INFO - Processing file /home/airflow/.local/lib/python3.7/site-packages/airflow/example_dags/example_latest_only_with_trigger.py for tasks to queue
[2023-08-09T03:14:37.125+0000] {logging_mixin.py:150} INFO - [2023-08-09T03:14:37.124+0000] {dagbag.py:541} INFO - Filling up the DagBag from /home/airflow/.local/lib/python3.7/site-packages/airflow/example_dags/example_latest_only_with_trigger.py
[2023-08-09T03:14:37.132+0000] {processor.py:836} INFO - DAG(s) dict_keys(['latest_only_with_trigger']) retrieved from /home/airflow/.local/lib/python3.7/site-packages/airflow/example_dags/example_latest_only_with_trigger.py
[2023-08-09T03:14:37.165+0000] {logging_mixin.py:150} INFO - [2023-08-09T03:14:37.164+0000] {dag.py:2742} INFO - Sync 1 DAGs
[2023-08-09T03:14:37.203+0000] {logging_mixin.py:150} INFO - [2023-08-09T03:14:37.203+0000] {dag.py:3508} INFO - Setting next_dagrun for latest_only_with_trigger to 2023-08-08T23:14:37.203080+00:00, run_after=2023-08-09T03:14:37.203080+00:00
[2023-08-09T03:14:37.237+0000] {processor.py:179} INFO - Processing /home/airflow/.local/lib/python3.7/site-packages/airflow/example_dags/example_latest_only_with_trigger.py took 0.120 seconds
[2023-08-09T03:15:07.475+0000] {processor.py:157} INFO - Started process (PID=555) to work on /home/airflow/.local/lib/python3.7/site-packages/airflow/example_dags/example_latest_only_with_trigger.py
[2023-08-09T03:15:07.476+0000] {processor.py:826} INFO - Processing file /home/airflow/.local/lib/python3.7/site-packages/airflow/example_dags/example_latest_only_with_trigger.py for tasks to queue
[2023-08-09T03:15:07.478+0000] {logging_mixin.py:150} INFO - [2023-08-09T03:15:07.478+0000] {dagbag.py:541} INFO - Filling up the DagBag from /home/airflow/.local/lib/python3.7/site-packages/airflow/example_dags/example_latest_only_with_trigger.py
[2023-08-09T03:15:07.484+0000] {processor.py:836} INFO - DAG(s) dict_keys(['latest_only_with_trigger']) retrieved from /home/airflow/.local/lib/python3.7/site-packages/airflow/example_dags/example_latest_only_with_trigger.py
[2023-08-09T03:15:07.512+0000] {logging_mixin.py:150} INFO - [2023-08-09T03:15:07.511+0000] {dag.py:2742} INFO - Sync 1 DAGs
[2023-08-09T03:15:07.537+0000] {logging_mixin.py:150} INFO - [2023-08-09T03:15:07.536+0000] {dag.py:3508} INFO - Setting next_dagrun for latest_only_with_trigger to 2023-08-08T23:15:07.536672+00:00, run_after=2023-08-09T03:15:07.536672+00:00
[2023-08-09T03:15:07.555+0000] {processor.py:179} INFO - Processing /home/airflow/.local/lib/python3.7/site-packages/airflow/example_dags/example_latest_only_with_trigger.py took 0.083 seconds
[2023-08-09T03:15:37.798+0000] {processor.py:157} INFO - Started process (PID=610) to work on /home/airflow/.local/lib/python3.7/site-packages/airflow/example_dags/example_latest_only_with_trigger.py
[2023-08-09T03:15:37.799+0000] {processor.py:826} INFO - Processing file /home/airflow/.local/lib/python3.7/site-packages/airflow/example_dags/example_latest_only_with_trigger.py for tasks to queue
[2023-08-09T03:15:37.801+0000] {logging_mixin.py:150} INFO - [2023-08-09T03:15:37.801+0000] {dagbag.py:541} INFO - Filling up the DagBag from /home/airflow/.local/lib/python3.7/site-packages/airflow/example_dags/example_latest_only_with_trigger.py
[2023-08-09T03:15:37.807+0000] {processor.py:836} INFO - DAG(s) dict_keys(['latest_only_with_trigger']) retrieved from /home/airflow/.local/lib/python3.7/site-packages/airflow/example_dags/example_latest_only_with_trigger.py
[2023-08-09T03:15:37.835+0000] {logging_mixin.py:150} INFO - [2023-08-09T03:15:37.834+0000] {dag.py:2742} INFO - Sync 1 DAGs
[2023-08-09T03:15:37.867+0000] {logging_mixin.py:150} INFO - [2023-08-09T03:15:37.866+0000] {dag.py:3508} INFO - Setting next_dagrun for latest_only_with_trigger to 2023-08-08T23:15:37.866492+00:00, run_after=2023-08-09T03:15:37.866492+00:00
[2023-08-09T03:15:37.891+0000] {processor.py:179} INFO - Processing /home/airflow/.local/lib/python3.7/site-packages/airflow/example_dags/example_latest_only_with_trigger.py took 0.097 seconds
[2023-08-09T03:16:08.027+0000] {processor.py:157} INFO - Started process (PID=665) to work on /home/airflow/.local/lib/python3.7/site-packages/airflow/example_dags/example_latest_only_with_trigger.py
[2023-08-09T03:16:08.028+0000] {processor.py:826} INFO - Processing file /home/airflow/.local/lib/python3.7/site-packages/airflow/example_dags/example_latest_only_with_trigger.py for tasks to queue
[2023-08-09T03:16:08.030+0000] {logging_mixin.py:150} INFO - [2023-08-09T03:16:08.029+0000] {dagbag.py:541} INFO - Filling up the DagBag from /home/airflow/.local/lib/python3.7/site-packages/airflow/example_dags/example_latest_only_with_trigger.py
[2023-08-09T03:16:08.035+0000] {processor.py:836} INFO - DAG(s) dict_keys(['latest_only_with_trigger']) retrieved from /home/airflow/.local/lib/python3.7/site-packages/airflow/example_dags/example_latest_only_with_trigger.py
[2023-08-09T03:16:08.058+0000] {logging_mixin.py:150} INFO - [2023-08-09T03:16:08.058+0000] {dag.py:2742} INFO - Sync 1 DAGs
[2023-08-09T03:16:08.083+0000] {logging_mixin.py:150} INFO - [2023-08-09T03:16:08.083+0000] {dag.py:3508} INFO - Setting next_dagrun for latest_only_with_trigger to 2023-08-08T23:16:08.083204+00:00, run_after=2023-08-09T03:16:08.083204+00:00
[2023-08-09T03:16:08.100+0000] {processor.py:179} INFO - Processing /home/airflow/.local/lib/python3.7/site-packages/airflow/example_dags/example_latest_only_with_trigger.py took 0.076 seconds
[2023-08-09T03:16:38.294+0000] {processor.py:157} INFO - Started process (PID=720) to work on /home/airflow/.local/lib/python3.7/site-packages/airflow/example_dags/example_latest_only_with_trigger.py
[2023-08-09T03:16:38.296+0000] {processor.py:826} INFO - Processing file /home/airflow/.local/lib/python3.7/site-packages/airflow/example_dags/example_latest_only_with_trigger.py for tasks to queue
[2023-08-09T03:16:38.299+0000] {logging_mixin.py:150} INFO - [2023-08-09T03:16:38.299+0000] {dagbag.py:541} INFO - Filling up the DagBag from /home/airflow/.local/lib/python3.7/site-packages/airflow/example_dags/example_latest_only_with_trigger.py
[2023-08-09T03:16:38.307+0000] {processor.py:836} INFO - DAG(s) dict_keys(['latest_only_with_trigger']) retrieved from /home/airflow/.local/lib/python3.7/site-packages/airflow/example_dags/example_latest_only_with_trigger.py
[2023-08-09T03:16:38.344+0000] {logging_mixin.py:150} INFO - [2023-08-09T03:16:38.344+0000] {dag.py:2742} INFO - Sync 1 DAGs
[2023-08-09T03:16:38.380+0000] {logging_mixin.py:150} INFO - [2023-08-09T03:16:38.380+0000] {dag.py:3508} INFO - Setting next_dagrun for latest_only_with_trigger to 2023-08-08T23:16:38.380126+00:00, run_after=2023-08-09T03:16:38.380126+00:00
[2023-08-09T03:16:38.405+0000] {processor.py:179} INFO - Processing /home/airflow/.local/lib/python3.7/site-packages/airflow/example_dags/example_latest_only_with_trigger.py took 0.117 seconds
[2023-08-09T03:17:08.514+0000] {processor.py:157} INFO - Started process (PID=775) to work on /home/airflow/.local/lib/python3.7/site-packages/airflow/example_dags/example_latest_only_with_trigger.py
[2023-08-09T03:17:08.514+0000] {processor.py:826} INFO - Processing file /home/airflow/.local/lib/python3.7/site-packages/airflow/example_dags/example_latest_only_with_trigger.py for tasks to queue
[2023-08-09T03:17:08.516+0000] {logging_mixin.py:150} INFO - [2023-08-09T03:17:08.516+0000] {dagbag.py:541} INFO - Filling up the DagBag from /home/airflow/.local/lib/python3.7/site-packages/airflow/example_dags/example_latest_only_with_trigger.py
[2023-08-09T03:17:08.521+0000] {processor.py:836} INFO - DAG(s) dict_keys(['latest_only_with_trigger']) retrieved from /home/airflow/.local/lib/python3.7/site-packages/airflow/example_dags/example_latest_only_with_trigger.py
[2023-08-09T03:17:08.549+0000] {logging_mixin.py:150} INFO - [2023-08-09T03:17:08.548+0000] {dag.py:2742} INFO - Sync 1 DAGs
[2023-08-09T03:17:08.580+0000] {logging_mixin.py:150} INFO - [2023-08-09T03:17:08.580+0000] {dag.py:3508} INFO - Setting next_dagrun for latest_only_with_trigger to 2023-08-08T23:17:08.579770+00:00, run_after=2023-08-09T03:17:08.579770+00:00
[2023-08-09T03:17:08.604+0000] {processor.py:179} INFO - Processing /home/airflow/.local/lib/python3.7/site-packages/airflow/example_dags/example_latest_only_with_trigger.py took 0.093 seconds
[2023-08-09T03:17:39.163+0000] {processor.py:157} INFO - Started process (PID=830) to work on /home/airflow/.local/lib/python3.7/site-packages/airflow/example_dags/example_latest_only_with_trigger.py
[2023-08-09T03:17:39.164+0000] {processor.py:826} INFO - Processing file /home/airflow/.local/lib/python3.7/site-packages/airflow/example_dags/example_latest_only_with_trigger.py for tasks to queue
[2023-08-09T03:17:39.166+0000] {logging_mixin.py:150} INFO - [2023-08-09T03:17:39.166+0000] {dagbag.py:541} INFO - Filling up the DagBag from /home/airflow/.local/lib/python3.7/site-packages/airflow/example_dags/example_latest_only_with_trigger.py
[2023-08-09T03:17:39.173+0000] {processor.py:836} INFO - DAG(s) dict_keys(['latest_only_with_trigger']) retrieved from /home/airflow/.local/lib/python3.7/site-packages/airflow/example_dags/example_latest_only_with_trigger.py
[2023-08-09T03:17:39.208+0000] {logging_mixin.py:150} INFO - [2023-08-09T03:17:39.207+0000] {dag.py:2742} INFO - Sync 1 DAGs
[2023-08-09T03:17:39.249+0000] {logging_mixin.py:150} INFO - [2023-08-09T03:17:39.249+0000] {dag.py:3508} INFO - Setting next_dagrun for latest_only_with_trigger to 2023-08-08T23:17:39.248585+00:00, run_after=2023-08-09T03:17:39.248585+00:00
[2023-08-09T03:17:39.273+0000] {processor.py:179} INFO - Processing /home/airflow/.local/lib/python3.7/site-packages/airflow/example_dags/example_latest_only_with_trigger.py took 0.114 seconds
[2023-08-09T03:18:10.306+0000] {processor.py:157} INFO - Started process (PID=885) to work on /home/airflow/.local/lib/python3.7/site-packages/airflow/example_dags/example_latest_only_with_trigger.py
[2023-08-09T03:18:10.307+0000] {processor.py:826} INFO - Processing file /home/airflow/.local/lib/python3.7/site-packages/airflow/example_dags/example_latest_only_with_trigger.py for tasks to queue
[2023-08-09T03:18:10.309+0000] {logging_mixin.py:150} INFO - [2023-08-09T03:18:10.309+0000] {dagbag.py:541} INFO - Filling up the DagBag from /home/airflow/.local/lib/python3.7/site-packages/airflow/example_dags/example_latest_only_with_trigger.py
[2023-08-09T03:18:10.317+0000] {processor.py:836} INFO - DAG(s) dict_keys(['latest_only_with_trigger']) retrieved from /home/airflow/.local/lib/python3.7/site-packages/airflow/example_dags/example_latest_only_with_trigger.py
[2023-08-09T03:18:10.352+0000] {logging_mixin.py:150} INFO - [2023-08-09T03:18:10.351+0000] {dag.py:2742} INFO - Sync 1 DAGs
[2023-08-09T03:18:10.389+0000] {logging_mixin.py:150} INFO - [2023-08-09T03:18:10.389+0000] {dag.py:3508} INFO - Setting next_dagrun for latest_only_with_trigger to 2023-08-08T23:18:10.388982+00:00, run_after=2023-08-09T03:18:10.388982+00:00
[2023-08-09T03:18:10.416+0000] {processor.py:179} INFO - Processing /home/airflow/.local/lib/python3.7/site-packages/airflow/example_dags/example_latest_only_with_trigger.py took 0.114 seconds
[2023-08-09T03:18:40.782+0000] {processor.py:157} INFO - Started process (PID=940) to work on /home/airflow/.local/lib/python3.7/site-packages/airflow/example_dags/example_latest_only_with_trigger.py
[2023-08-09T03:18:40.783+0000] {processor.py:826} INFO - Processing file /home/airflow/.local/lib/python3.7/site-packages/airflow/example_dags/example_latest_only_with_trigger.py for tasks to queue
[2023-08-09T03:18:40.785+0000] {logging_mixin.py:150} INFO - [2023-08-09T03:18:40.785+0000] {dagbag.py:541} INFO - Filling up the DagBag from /home/airflow/.local/lib/python3.7/site-packages/airflow/example_dags/example_latest_only_with_trigger.py
[2023-08-09T03:18:40.791+0000] {processor.py:836} INFO - DAG(s) dict_keys(['latest_only_with_trigger']) retrieved from /home/airflow/.local/lib/python3.7/site-packages/airflow/example_dags/example_latest_only_with_trigger.py
[2023-08-09T03:18:40.814+0000] {logging_mixin.py:150} INFO - [2023-08-09T03:18:40.813+0000] {dag.py:2742} INFO - Sync 1 DAGs
[2023-08-09T03:18:40.840+0000] {logging_mixin.py:150} INFO - [2023-08-09T03:18:40.840+0000] {dag.py:3508} INFO - Setting next_dagrun for latest_only_with_trigger to 2023-08-08T23:18:40.840054+00:00, run_after=2023-08-09T03:18:40.840054+00:00
[2023-08-09T03:18:40.856+0000] {processor.py:179} INFO - Processing /home/airflow/.local/lib/python3.7/site-packages/airflow/example_dags/example_latest_only_with_trigger.py took 0.077 seconds
[2023-08-09T03:19:11.090+0000] {processor.py:157} INFO - Started process (PID=995) to work on /home/airflow/.local/lib/python3.7/site-packages/airflow/example_dags/example_latest_only_with_trigger.py
[2023-08-09T03:19:11.091+0000] {processor.py:826} INFO - Processing file /home/airflow/.local/lib/python3.7/site-packages/airflow/example_dags/example_latest_only_with_trigger.py for tasks to queue
[2023-08-09T03:19:11.094+0000] {logging_mixin.py:150} INFO - [2023-08-09T03:19:11.093+0000] {dagbag.py:541} INFO - Filling up the DagBag from /home/airflow/.local/lib/python3.7/site-packages/airflow/example_dags/example_latest_only_with_trigger.py
[2023-08-09T03:19:11.099+0000] {processor.py:836} INFO - DAG(s) dict_keys(['latest_only_with_trigger']) retrieved from /home/airflow/.local/lib/python3.7/site-packages/airflow/example_dags/example_latest_only_with_trigger.py
[2023-08-09T03:19:11.140+0000] {logging_mixin.py:150} INFO - [2023-08-09T03:19:11.139+0000] {dag.py:2742} INFO - Sync 1 DAGs
[2023-08-09T03:19:11.175+0000] {logging_mixin.py:150} INFO - [2023-08-09T03:19:11.175+0000] {dag.py:3508} INFO - Setting next_dagrun for latest_only_with_trigger to 2023-08-08T23:19:11.174802+00:00, run_after=2023-08-09T03:19:11.174802+00:00
[2023-08-09T03:19:11.198+0000] {processor.py:179} INFO - Processing /home/airflow/.local/lib/python3.7/site-packages/airflow/example_dags/example_latest_only_with_trigger.py took 0.112 seconds
[2023-08-09T03:19:41.423+0000] {processor.py:157} INFO - Started process (PID=1050) to work on /home/airflow/.local/lib/python3.7/site-packages/airflow/example_dags/example_latest_only_with_trigger.py
[2023-08-09T03:19:41.424+0000] {processor.py:826} INFO - Processing file /home/airflow/.local/lib/python3.7/site-packages/airflow/example_dags/example_latest_only_with_trigger.py for tasks to queue
[2023-08-09T03:19:41.426+0000] {logging_mixin.py:150} INFO - [2023-08-09T03:19:41.426+0000] {dagbag.py:541} INFO - Filling up the DagBag from /home/airflow/.local/lib/python3.7/site-packages/airflow/example_dags/example_latest_only_with_trigger.py
[2023-08-09T03:19:41.433+0000] {processor.py:836} INFO - DAG(s) dict_keys(['latest_only_with_trigger']) retrieved from /home/airflow/.local/lib/python3.7/site-packages/airflow/example_dags/example_latest_only_with_trigger.py
[2023-08-09T03:19:41.463+0000] {logging_mixin.py:150} INFO - [2023-08-09T03:19:41.462+0000] {dag.py:2742} INFO - Sync 1 DAGs
[2023-08-09T03:19:41.499+0000] {logging_mixin.py:150} INFO - [2023-08-09T03:19:41.499+0000] {dag.py:3508} INFO - Setting next_dagrun for latest_only_with_trigger to 2023-08-08T23:19:41.499043+00:00, run_after=2023-08-09T03:19:41.499043+00:00
[2023-08-09T03:19:41.523+0000] {processor.py:179} INFO - Processing /home/airflow/.local/lib/python3.7/site-packages/airflow/example_dags/example_latest_only_with_trigger.py took 0.103 seconds
[2023-08-09T03:20:12.328+0000] {processor.py:157} INFO - Started process (PID=1105) to work on /home/airflow/.local/lib/python3.7/site-packages/airflow/example_dags/example_latest_only_with_trigger.py
[2023-08-09T03:20:12.328+0000] {processor.py:826} INFO - Processing file /home/airflow/.local/lib/python3.7/site-packages/airflow/example_dags/example_latest_only_with_trigger.py for tasks to queue
[2023-08-09T03:20:12.330+0000] {logging_mixin.py:150} INFO - [2023-08-09T03:20:12.330+0000] {dagbag.py:541} INFO - Filling up the DagBag from /home/airflow/.local/lib/python3.7/site-packages/airflow/example_dags/example_latest_only_with_trigger.py
[2023-08-09T03:20:12.335+0000] {processor.py:836} INFO - DAG(s) dict_keys(['latest_only_with_trigger']) retrieved from /home/airflow/.local/lib/python3.7/site-packages/airflow/example_dags/example_latest_only_with_trigger.py
[2023-08-09T03:20:12.355+0000] {logging_mixin.py:150} INFO - [2023-08-09T03:20:12.355+0000] {dag.py:2742} INFO - Sync 1 DAGs
[2023-08-09T03:20:12.384+0000] {logging_mixin.py:150} INFO - [2023-08-09T03:20:12.384+0000] {dag.py:3508} INFO - Setting next_dagrun for latest_only_with_trigger to 2023-08-08T23:20:12.384452+00:00, run_after=2023-08-09T03:20:12.384452+00:00
[2023-08-09T03:20:12.401+0000] {processor.py:179} INFO - Processing /home/airflow/.local/lib/python3.7/site-packages/airflow/example_dags/example_latest_only_with_trigger.py took 0.075 seconds
[2023-08-09T03:20:43.292+0000] {processor.py:157} INFO - Started process (PID=1160) to work on /home/airflow/.local/lib/python3.7/site-packages/airflow/example_dags/example_latest_only_with_trigger.py
[2023-08-09T03:20:43.293+0000] {processor.py:826} INFO - Processing file /home/airflow/.local/lib/python3.7/site-packages/airflow/example_dags/example_latest_only_with_trigger.py for tasks to queue
[2023-08-09T03:20:43.294+0000] {logging_mixin.py:150} INFO - [2023-08-09T03:20:43.294+0000] {dagbag.py:541} INFO - Filling up the DagBag from /home/airflow/.local/lib/python3.7/site-packages/airflow/example_dags/example_latest_only_with_trigger.py
[2023-08-09T03:20:43.299+0000] {processor.py:836} INFO - DAG(s) dict_keys(['latest_only_with_trigger']) retrieved from /home/airflow/.local/lib/python3.7/site-packages/airflow/example_dags/example_latest_only_with_trigger.py
[2023-08-09T03:20:43.319+0000] {logging_mixin.py:150} INFO - [2023-08-09T03:20:43.318+0000] {dag.py:2742} INFO - Sync 1 DAGs
[2023-08-09T03:20:43.341+0000] {logging_mixin.py:150} INFO - [2023-08-09T03:20:43.341+0000] {dag.py:3508} INFO - Setting next_dagrun for latest_only_with_trigger to 2023-08-08T23:20:43.341068+00:00, run_after=2023-08-09T03:20:43.341068+00:00
[2023-08-09T03:20:43.357+0000] {processor.py:179} INFO - Processing /home/airflow/.local/lib/python3.7/site-packages/airflow/example_dags/example_latest_only_with_trigger.py took 0.068 seconds
[2023-08-09T03:21:13.509+0000] {processor.py:157} INFO - Started process (PID=1215) to work on /home/airflow/.local/lib/python3.7/site-packages/airflow/example_dags/example_latest_only_with_trigger.py
[2023-08-09T03:21:13.510+0000] {processor.py:826} INFO - Processing file /home/airflow/.local/lib/python3.7/site-packages/airflow/example_dags/example_latest_only_with_trigger.py for tasks to queue
[2023-08-09T03:21:13.512+0000] {logging_mixin.py:150} INFO - [2023-08-09T03:21:13.512+0000] {dagbag.py:541} INFO - Filling up the DagBag from /home/airflow/.local/lib/python3.7/site-packages/airflow/example_dags/example_latest_only_with_trigger.py
[2023-08-09T03:21:13.517+0000] {processor.py:836} INFO - DAG(s) dict_keys(['latest_only_with_trigger']) retrieved from /home/airflow/.local/lib/python3.7/site-packages/airflow/example_dags/example_latest_only_with_trigger.py
[2023-08-09T03:21:13.544+0000] {logging_mixin.py:150} INFO - [2023-08-09T03:21:13.544+0000] {dag.py:2742} INFO - Sync 1 DAGs
[2023-08-09T03:21:13.579+0000] {logging_mixin.py:150} INFO - [2023-08-09T03:21:13.579+0000] {dag.py:3508} INFO - Setting next_dagrun for latest_only_with_trigger to 2023-08-08T23:21:13.579257+00:00, run_after=2023-08-09T03:21:13.579257+00:00
[2023-08-09T03:21:13.604+0000] {processor.py:179} INFO - Processing /home/airflow/.local/lib/python3.7/site-packages/airflow/example_dags/example_latest_only_with_trigger.py took 0.098 seconds
[2023-08-09T03:21:43.786+0000] {processor.py:157} INFO - Started process (PID=1270) to work on /home/airflow/.local/lib/python3.7/site-packages/airflow/example_dags/example_latest_only_with_trigger.py
[2023-08-09T03:21:43.787+0000] {processor.py:826} INFO - Processing file /home/airflow/.local/lib/python3.7/site-packages/airflow/example_dags/example_latest_only_with_trigger.py for tasks to queue
[2023-08-09T03:21:43.788+0000] {logging_mixin.py:150} INFO - [2023-08-09T03:21:43.788+0000] {dagbag.py:541} INFO - Filling up the DagBag from /home/airflow/.local/lib/python3.7/site-packages/airflow/example_dags/example_latest_only_with_trigger.py
[2023-08-09T03:21:43.793+0000] {processor.py:836} INFO - DAG(s) dict_keys(['latest_only_with_trigger']) retrieved from /home/airflow/.local/lib/python3.7/site-packages/airflow/example_dags/example_latest_only_with_trigger.py
[2023-08-09T03:21:43.814+0000] {logging_mixin.py:150} INFO - [2023-08-09T03:21:43.814+0000] {dag.py:2742} INFO - Sync 1 DAGs
[2023-08-09T03:21:43.840+0000] {logging_mixin.py:150} INFO - [2023-08-09T03:21:43.840+0000] {dag.py:3508} INFO - Setting next_dagrun for latest_only_with_trigger to 2023-08-08T23:21:43.840515+00:00, run_after=2023-08-09T03:21:43.840515+00:00
[2023-08-09T03:21:43.858+0000] {processor.py:179} INFO - Processing /home/airflow/.local/lib/python3.7/site-packages/airflow/example_dags/example_latest_only_with_trigger.py took 0.075 seconds
[2023-08-09T03:22:13.994+0000] {processor.py:157} INFO - Started process (PID=1325) to work on /home/airflow/.local/lib/python3.7/site-packages/airflow/example_dags/example_latest_only_with_trigger.py
[2023-08-09T03:22:13.995+0000] {processor.py:826} INFO - Processing file /home/airflow/.local/lib/python3.7/site-packages/airflow/example_dags/example_latest_only_with_trigger.py for tasks to queue
[2023-08-09T03:22:13.997+0000] {logging_mixin.py:150} INFO - [2023-08-09T03:22:13.996+0000] {dagbag.py:541} INFO - Filling up the DagBag from /home/airflow/.local/lib/python3.7/site-packages/airflow/example_dags/example_latest_only_with_trigger.py
[2023-08-09T03:22:14.001+0000] {processor.py:836} INFO - DAG(s) dict_keys(['latest_only_with_trigger']) retrieved from /home/airflow/.local/lib/python3.7/site-packages/airflow/example_dags/example_latest_only_with_trigger.py
[2023-08-09T03:22:14.024+0000] {logging_mixin.py:150} INFO - [2023-08-09T03:22:14.023+0000] {dag.py:2742} INFO - Sync 1 DAGs
[2023-08-09T03:22:14.058+0000] {logging_mixin.py:150} INFO - [2023-08-09T03:22:14.058+0000] {dag.py:3508} INFO - Setting next_dagrun for latest_only_with_trigger to 2023-08-08T23:22:14.057988+00:00, run_after=2023-08-09T03:22:14.057988+00:00
[2023-08-09T03:22:14.079+0000] {processor.py:179} INFO - Processing /home/airflow/.local/lib/python3.7/site-packages/airflow/example_dags/example_latest_only_with_trigger.py took 0.088 seconds
[2023-08-09T03:22:44.159+0000] {processor.py:157} INFO - Started process (PID=1379) to work on /home/airflow/.local/lib/python3.7/site-packages/airflow/example_dags/example_latest_only_with_trigger.py
[2023-08-09T03:22:44.160+0000] {processor.py:826} INFO - Processing file /home/airflow/.local/lib/python3.7/site-packages/airflow/example_dags/example_latest_only_with_trigger.py for tasks to queue
[2023-08-09T03:22:44.161+0000] {logging_mixin.py:150} INFO - [2023-08-09T03:22:44.161+0000] {dagbag.py:541} INFO - Filling up the DagBag from /home/airflow/.local/lib/python3.7/site-packages/airflow/example_dags/example_latest_only_with_trigger.py
[2023-08-09T03:22:44.166+0000] {processor.py:836} INFO - DAG(s) dict_keys(['latest_only_with_trigger']) retrieved from /home/airflow/.local/lib/python3.7/site-packages/airflow/example_dags/example_latest_only_with_trigger.py
[2023-08-09T03:22:44.187+0000] {logging_mixin.py:150} INFO - [2023-08-09T03:22:44.187+0000] {dag.py:2742} INFO - Sync 1 DAGs
[2023-08-09T03:22:44.211+0000] {logging_mixin.py:150} INFO - [2023-08-09T03:22:44.210+0000] {dag.py:3508} INFO - Setting next_dagrun for latest_only_with_trigger to 2023-08-08T23:22:44.210639+00:00, run_after=2023-08-09T03:22:44.210639+00:00
[2023-08-09T03:22:44.227+0000] {processor.py:179} INFO - Processing /home/airflow/.local/lib/python3.7/site-packages/airflow/example_dags/example_latest_only_with_trigger.py took 0.071 seconds
[2023-08-09T03:23:14.428+0000] {processor.py:157} INFO - Started process (PID=1434) to work on /home/airflow/.local/lib/python3.7/site-packages/airflow/example_dags/example_latest_only_with_trigger.py
[2023-08-09T03:23:14.428+0000] {processor.py:826} INFO - Processing file /home/airflow/.local/lib/python3.7/site-packages/airflow/example_dags/example_latest_only_with_trigger.py for tasks to queue
[2023-08-09T03:23:14.430+0000] {logging_mixin.py:150} INFO - [2023-08-09T03:23:14.430+0000] {dagbag.py:541} INFO - Filling up the DagBag from /home/airflow/.local/lib/python3.7/site-packages/airflow/example_dags/example_latest_only_with_trigger.py
[2023-08-09T03:23:14.435+0000] {processor.py:836} INFO - DAG(s) dict_keys(['latest_only_with_trigger']) retrieved from /home/airflow/.local/lib/python3.7/site-packages/airflow/example_dags/example_latest_only_with_trigger.py
[2023-08-09T03:23:14.455+0000] {logging_mixin.py:150} INFO - [2023-08-09T03:23:14.455+0000] {dag.py:2742} INFO - Sync 1 DAGs
[2023-08-09T03:23:14.478+0000] {logging_mixin.py:150} INFO - [2023-08-09T03:23:14.478+0000] {dag.py:3508} INFO - Setting next_dagrun for latest_only_with_trigger to 2023-08-08T23:23:14.478392+00:00, run_after=2023-08-09T03:23:14.478392+00:00
[2023-08-09T03:23:14.496+0000] {processor.py:179} INFO - Processing /home/airflow/.local/lib/python3.7/site-packages/airflow/example_dags/example_latest_only_with_trigger.py took 0.070 seconds
[2023-08-09T03:23:44.615+0000] {processor.py:157} INFO - Started process (PID=1489) to work on /home/airflow/.local/lib/python3.7/site-packages/airflow/example_dags/example_latest_only_with_trigger.py
[2023-08-09T03:23:44.616+0000] {processor.py:826} INFO - Processing file /home/airflow/.local/lib/python3.7/site-packages/airflow/example_dags/example_latest_only_with_trigger.py for tasks to queue
[2023-08-09T03:23:44.618+0000] {logging_mixin.py:150} INFO - [2023-08-09T03:23:44.618+0000] {dagbag.py:541} INFO - Filling up the DagBag from /home/airflow/.local/lib/python3.7/site-packages/airflow/example_dags/example_latest_only_with_trigger.py
[2023-08-09T03:23:44.622+0000] {processor.py:836} INFO - DAG(s) dict_keys(['latest_only_with_trigger']) retrieved from /home/airflow/.local/lib/python3.7/site-packages/airflow/example_dags/example_latest_only_with_trigger.py
[2023-08-09T03:23:44.644+0000] {logging_mixin.py:150} INFO - [2023-08-09T03:23:44.644+0000] {dag.py:2742} INFO - Sync 1 DAGs
[2023-08-09T03:23:44.672+0000] {logging_mixin.py:150} INFO - [2023-08-09T03:23:44.672+0000] {dag.py:3508} INFO - Setting next_dagrun for latest_only_with_trigger to 2023-08-08T23:23:44.672037+00:00, run_after=2023-08-09T03:23:44.672037+00:00
[2023-08-09T03:23:44.688+0000] {processor.py:179} INFO - Processing /home/airflow/.local/lib/python3.7/site-packages/airflow/example_dags/example_latest_only_with_trigger.py took 0.076 seconds
[2023-08-09T03:24:14.956+0000] {processor.py:157} INFO - Started process (PID=1544) to work on /home/airflow/.local/lib/python3.7/site-packages/airflow/example_dags/example_latest_only_with_trigger.py
[2023-08-09T03:24:14.956+0000] {processor.py:826} INFO - Processing file /home/airflow/.local/lib/python3.7/site-packages/airflow/example_dags/example_latest_only_with_trigger.py for tasks to queue
[2023-08-09T03:24:14.958+0000] {logging_mixin.py:150} INFO - [2023-08-09T03:24:14.958+0000] {dagbag.py:541} INFO - Filling up the DagBag from /home/airflow/.local/lib/python3.7/site-packages/airflow/example_dags/example_latest_only_with_trigger.py
[2023-08-09T03:24:14.963+0000] {processor.py:836} INFO - DAG(s) dict_keys(['latest_only_with_trigger']) retrieved from /home/airflow/.local/lib/python3.7/site-packages/airflow/example_dags/example_latest_only_with_trigger.py
[2023-08-09T03:24:14.984+0000] {logging_mixin.py:150} INFO - [2023-08-09T03:24:14.983+0000] {dag.py:2742} INFO - Sync 1 DAGs
[2023-08-09T03:24:15.008+0000] {logging_mixin.py:150} INFO - [2023-08-09T03:24:15.008+0000] {dag.py:3508} INFO - Setting next_dagrun for latest_only_with_trigger to 2023-08-08T23:24:15.008357+00:00, run_after=2023-08-09T03:24:15.008357+00:00
[2023-08-09T03:24:15.025+0000] {processor.py:179} INFO - Processing /home/airflow/.local/lib/python3.7/site-packages/airflow/example_dags/example_latest_only_with_trigger.py took 0.072 seconds
[2023-08-09T03:24:45.230+0000] {processor.py:157} INFO - Started process (PID=1599) to work on /home/airflow/.local/lib/python3.7/site-packages/airflow/example_dags/example_latest_only_with_trigger.py
[2023-08-09T03:24:45.231+0000] {processor.py:826} INFO - Processing file /home/airflow/.local/lib/python3.7/site-packages/airflow/example_dags/example_latest_only_with_trigger.py for tasks to queue
[2023-08-09T03:24:45.232+0000] {logging_mixin.py:150} INFO - [2023-08-09T03:24:45.232+0000] {dagbag.py:541} INFO - Filling up the DagBag from /home/airflow/.local/lib/python3.7/site-packages/airflow/example_dags/example_latest_only_with_trigger.py
[2023-08-09T03:24:45.238+0000] {processor.py:836} INFO - DAG(s) dict_keys(['latest_only_with_trigger']) retrieved from /home/airflow/.local/lib/python3.7/site-packages/airflow/example_dags/example_latest_only_with_trigger.py
[2023-08-09T03:24:45.259+0000] {logging_mixin.py:150} INFO - [2023-08-09T03:24:45.258+0000] {dag.py:2742} INFO - Sync 1 DAGs
[2023-08-09T03:24:45.294+0000] {logging_mixin.py:150} INFO - [2023-08-09T03:24:45.294+0000] {dag.py:3508} INFO - Setting next_dagrun for latest_only_with_trigger to 2023-08-08T23:24:45.293736+00:00, run_after=2023-08-09T03:24:45.293736+00:00
[2023-08-09T03:24:45.316+0000] {processor.py:179} INFO - Processing /home/airflow/.local/lib/python3.7/site-packages/airflow/example_dags/example_latest_only_with_trigger.py took 0.089 seconds
[2023-08-09T03:25:15.467+0000] {processor.py:157} INFO - Started process (PID=1653) to work on /home/airflow/.local/lib/python3.7/site-packages/airflow/example_dags/example_latest_only_with_trigger.py
[2023-08-09T03:25:15.468+0000] {processor.py:826} INFO - Processing file /home/airflow/.local/lib/python3.7/site-packages/airflow/example_dags/example_latest_only_with_trigger.py for tasks to queue
[2023-08-09T03:25:15.469+0000] {logging_mixin.py:150} INFO - [2023-08-09T03:25:15.469+0000] {dagbag.py:541} INFO - Filling up the DagBag from /home/airflow/.local/lib/python3.7/site-packages/airflow/example_dags/example_latest_only_with_trigger.py
[2023-08-09T03:25:15.474+0000] {processor.py:836} INFO - DAG(s) dict_keys(['latest_only_with_trigger']) retrieved from /home/airflow/.local/lib/python3.7/site-packages/airflow/example_dags/example_latest_only_with_trigger.py
[2023-08-09T03:25:15.496+0000] {logging_mixin.py:150} INFO - [2023-08-09T03:25:15.495+0000] {dag.py:2742} INFO - Sync 1 DAGs
[2023-08-09T03:25:15.522+0000] {logging_mixin.py:150} INFO - [2023-08-09T03:25:15.521+0000] {dag.py:3508} INFO - Setting next_dagrun for latest_only_with_trigger to 2023-08-08T23:25:15.521816+00:00, run_after=2023-08-09T03:25:15.521816+00:00
[2023-08-09T03:25:15.540+0000] {processor.py:179} INFO - Processing /home/airflow/.local/lib/python3.7/site-packages/airflow/example_dags/example_latest_only_with_trigger.py took 0.076 seconds
[2023-08-09T03:25:45.723+0000] {processor.py:157} INFO - Started process (PID=1708) to work on /home/airflow/.local/lib/python3.7/site-packages/airflow/example_dags/example_latest_only_with_trigger.py
[2023-08-09T03:25:45.724+0000] {processor.py:826} INFO - Processing file /home/airflow/.local/lib/python3.7/site-packages/airflow/example_dags/example_latest_only_with_trigger.py for tasks to queue
[2023-08-09T03:25:45.726+0000] {logging_mixin.py:150} INFO - [2023-08-09T03:25:45.725+0000] {dagbag.py:541} INFO - Filling up the DagBag from /home/airflow/.local/lib/python3.7/site-packages/airflow/example_dags/example_latest_only_with_trigger.py
[2023-08-09T03:25:45.731+0000] {processor.py:836} INFO - DAG(s) dict_keys(['latest_only_with_trigger']) retrieved from /home/airflow/.local/lib/python3.7/site-packages/airflow/example_dags/example_latest_only_with_trigger.py
[2023-08-09T03:25:45.753+0000] {logging_mixin.py:150} INFO - [2023-08-09T03:25:45.753+0000] {dag.py:2742} INFO - Sync 1 DAGs
[2023-08-09T03:25:45.779+0000] {logging_mixin.py:150} INFO - [2023-08-09T03:25:45.778+0000] {dag.py:3508} INFO - Setting next_dagrun for latest_only_with_trigger to 2023-08-08T23:25:45.778621+00:00, run_after=2023-08-09T03:25:45.778621+00:00
[2023-08-09T03:25:45.795+0000] {processor.py:179} INFO - Processing /home/airflow/.local/lib/python3.7/site-packages/airflow/example_dags/example_latest_only_with_trigger.py took 0.075 seconds
[2023-08-09T03:26:16.154+0000] {processor.py:157} INFO - Started process (PID=1762) to work on /home/airflow/.local/lib/python3.7/site-packages/airflow/example_dags/example_latest_only_with_trigger.py
[2023-08-09T03:26:16.155+0000] {processor.py:826} INFO - Processing file /home/airflow/.local/lib/python3.7/site-packages/airflow/example_dags/example_latest_only_with_trigger.py for tasks to queue
[2023-08-09T03:26:16.156+0000] {logging_mixin.py:150} INFO - [2023-08-09T03:26:16.156+0000] {dagbag.py:541} INFO - Filling up the DagBag from /home/airflow/.local/lib/python3.7/site-packages/airflow/example_dags/example_latest_only_with_trigger.py
[2023-08-09T03:26:16.161+0000] {processor.py:836} INFO - DAG(s) dict_keys(['latest_only_with_trigger']) retrieved from /home/airflow/.local/lib/python3.7/site-packages/airflow/example_dags/example_latest_only_with_trigger.py
[2023-08-09T03:26:16.195+0000] {logging_mixin.py:150} INFO - [2023-08-09T03:26:16.194+0000] {dag.py:2742} INFO - Sync 1 DAGs
[2023-08-09T03:26:16.240+0000] {logging_mixin.py:150} INFO - [2023-08-09T03:26:16.240+0000] {dag.py:3508} INFO - Setting next_dagrun for latest_only_with_trigger to 2023-08-08T23:26:16.240240+00:00, run_after=2023-08-09T03:26:16.240240+00:00
[2023-08-09T03:26:16.260+0000] {processor.py:179} INFO - Processing /home/airflow/.local/lib/python3.7/site-packages/airflow/example_dags/example_latest_only_with_trigger.py took 0.109 seconds
[2023-08-09T03:26:47.181+0000] {processor.py:157} INFO - Started process (PID=1817) to work on /home/airflow/.local/lib/python3.7/site-packages/airflow/example_dags/example_latest_only_with_trigger.py
[2023-08-09T03:26:47.181+0000] {processor.py:826} INFO - Processing file /home/airflow/.local/lib/python3.7/site-packages/airflow/example_dags/example_latest_only_with_trigger.py for tasks to queue
[2023-08-09T03:26:47.183+0000] {logging_mixin.py:150} INFO - [2023-08-09T03:26:47.183+0000] {dagbag.py:541} INFO - Filling up the DagBag from /home/airflow/.local/lib/python3.7/site-packages/airflow/example_dags/example_latest_only_with_trigger.py
[2023-08-09T03:26:47.188+0000] {processor.py:836} INFO - DAG(s) dict_keys(['latest_only_with_trigger']) retrieved from /home/airflow/.local/lib/python3.7/site-packages/airflow/example_dags/example_latest_only_with_trigger.py
[2023-08-09T03:26:47.210+0000] {logging_mixin.py:150} INFO - [2023-08-09T03:26:47.210+0000] {dag.py:2742} INFO - Sync 1 DAGs
[2023-08-09T03:26:47.235+0000] {logging_mixin.py:150} INFO - [2023-08-09T03:26:47.235+0000] {dag.py:3508} INFO - Setting next_dagrun for latest_only_with_trigger to 2023-08-08T23:26:47.234879+00:00, run_after=2023-08-09T03:26:47.234879+00:00
[2023-08-09T03:26:47.253+0000] {processor.py:179} INFO - Processing /home/airflow/.local/lib/python3.7/site-packages/airflow/example_dags/example_latest_only_with_trigger.py took 0.075 seconds
[2023-08-09T03:27:17.417+0000] {processor.py:157} INFO - Started process (PID=1871) to work on /home/airflow/.local/lib/python3.7/site-packages/airflow/example_dags/example_latest_only_with_trigger.py
[2023-08-09T03:27:17.418+0000] {processor.py:826} INFO - Processing file /home/airflow/.local/lib/python3.7/site-packages/airflow/example_dags/example_latest_only_with_trigger.py for tasks to queue
[2023-08-09T03:27:17.419+0000] {logging_mixin.py:150} INFO - [2023-08-09T03:27:17.419+0000] {dagbag.py:541} INFO - Filling up the DagBag from /home/airflow/.local/lib/python3.7/site-packages/airflow/example_dags/example_latest_only_with_trigger.py
[2023-08-09T03:27:17.424+0000] {processor.py:836} INFO - DAG(s) dict_keys(['latest_only_with_trigger']) retrieved from /home/airflow/.local/lib/python3.7/site-packages/airflow/example_dags/example_latest_only_with_trigger.py
[2023-08-09T03:27:17.446+0000] {logging_mixin.py:150} INFO - [2023-08-09T03:27:17.446+0000] {dag.py:2742} INFO - Sync 1 DAGs
[2023-08-09T03:27:17.470+0000] {logging_mixin.py:150} INFO - [2023-08-09T03:27:17.470+0000] {dag.py:3508} INFO - Setting next_dagrun for latest_only_with_trigger to 2023-08-08T23:27:17.470206+00:00, run_after=2023-08-09T03:27:17.470206+00:00
[2023-08-09T03:27:17.486+0000] {processor.py:179} INFO - Processing /home/airflow/.local/lib/python3.7/site-packages/airflow/example_dags/example_latest_only_with_trigger.py took 0.072 seconds
[2023-08-09T03:27:47.807+0000] {processor.py:157} INFO - Started process (PID=1926) to work on /home/airflow/.local/lib/python3.7/site-packages/airflow/example_dags/example_latest_only_with_trigger.py
[2023-08-09T03:27:47.808+0000] {processor.py:826} INFO - Processing file /home/airflow/.local/lib/python3.7/site-packages/airflow/example_dags/example_latest_only_with_trigger.py for tasks to queue
[2023-08-09T03:27:47.810+0000] {logging_mixin.py:150} INFO - [2023-08-09T03:27:47.810+0000] {dagbag.py:541} INFO - Filling up the DagBag from /home/airflow/.local/lib/python3.7/site-packages/airflow/example_dags/example_latest_only_with_trigger.py
[2023-08-09T03:27:47.818+0000] {processor.py:836} INFO - DAG(s) dict_keys(['latest_only_with_trigger']) retrieved from /home/airflow/.local/lib/python3.7/site-packages/airflow/example_dags/example_latest_only_with_trigger.py
[2023-08-09T03:27:47.853+0000] {logging_mixin.py:150} INFO - [2023-08-09T03:27:47.852+0000] {dag.py:2742} INFO - Sync 1 DAGs
[2023-08-09T03:27:47.882+0000] {logging_mixin.py:150} INFO - [2023-08-09T03:27:47.881+0000] {dag.py:3508} INFO - Setting next_dagrun for latest_only_with_trigger to 2023-08-08T23:27:47.881760+00:00, run_after=2023-08-09T03:27:47.881760+00:00
[2023-08-09T03:27:47.898+0000] {processor.py:179} INFO - Processing /home/airflow/.local/lib/python3.7/site-packages/airflow/example_dags/example_latest_only_with_trigger.py took 0.094 seconds
[2023-08-09T03:28:18.157+0000] {processor.py:157} INFO - Started process (PID=1981) to work on /home/airflow/.local/lib/python3.7/site-packages/airflow/example_dags/example_latest_only_with_trigger.py
[2023-08-09T03:28:18.158+0000] {processor.py:826} INFO - Processing file /home/airflow/.local/lib/python3.7/site-packages/airflow/example_dags/example_latest_only_with_trigger.py for tasks to queue
[2023-08-09T03:28:18.159+0000] {logging_mixin.py:150} INFO - [2023-08-09T03:28:18.159+0000] {dagbag.py:541} INFO - Filling up the DagBag from /home/airflow/.local/lib/python3.7/site-packages/airflow/example_dags/example_latest_only_with_trigger.py
[2023-08-09T03:28:18.164+0000] {processor.py:836} INFO - DAG(s) dict_keys(['latest_only_with_trigger']) retrieved from /home/airflow/.local/lib/python3.7/site-packages/airflow/example_dags/example_latest_only_with_trigger.py
[2023-08-09T03:28:18.193+0000] {logging_mixin.py:150} INFO - [2023-08-09T03:28:18.192+0000] {dag.py:2742} INFO - Sync 1 DAGs
[2023-08-09T03:28:18.229+0000] {logging_mixin.py:150} INFO - [2023-08-09T03:28:18.229+0000] {dag.py:3508} INFO - Setting next_dagrun for latest_only_with_trigger to 2023-08-08T23:28:18.229001+00:00, run_after=2023-08-09T03:28:18.229001+00:00
[2023-08-09T03:28:18.253+0000] {processor.py:179} INFO - Processing /home/airflow/.local/lib/python3.7/site-packages/airflow/example_dags/example_latest_only_with_trigger.py took 0.100 seconds
[2023-08-09T03:28:48.396+0000] {processor.py:157} INFO - Started process (PID=2037) to work on /home/airflow/.local/lib/python3.7/site-packages/airflow/example_dags/example_latest_only_with_trigger.py
[2023-08-09T03:28:48.396+0000] {processor.py:826} INFO - Processing file /home/airflow/.local/lib/python3.7/site-packages/airflow/example_dags/example_latest_only_with_trigger.py for tasks to queue
[2023-08-09T03:28:48.398+0000] {logging_mixin.py:150} INFO - [2023-08-09T03:28:48.398+0000] {dagbag.py:541} INFO - Filling up the DagBag from /home/airflow/.local/lib/python3.7/site-packages/airflow/example_dags/example_latest_only_with_trigger.py
[2023-08-09T03:28:48.403+0000] {processor.py:836} INFO - DAG(s) dict_keys(['latest_only_with_trigger']) retrieved from /home/airflow/.local/lib/python3.7/site-packages/airflow/example_dags/example_latest_only_with_trigger.py
[2023-08-09T03:28:48.425+0000] {logging_mixin.py:150} INFO - [2023-08-09T03:28:48.425+0000] {dag.py:2742} INFO - Sync 1 DAGs
[2023-08-09T03:28:48.449+0000] {logging_mixin.py:150} INFO - [2023-08-09T03:28:48.449+0000] {dag.py:3508} INFO - Setting next_dagrun for latest_only_with_trigger to 2023-08-08T23:28:48.449379+00:00, run_after=2023-08-09T03:28:48.449379+00:00
[2023-08-09T03:28:48.467+0000] {processor.py:179} INFO - Processing /home/airflow/.local/lib/python3.7/site-packages/airflow/example_dags/example_latest_only_with_trigger.py took 0.073 seconds
[2023-08-09T03:29:18.833+0000] {processor.py:157} INFO - Started process (PID=2092) to work on /home/airflow/.local/lib/python3.7/site-packages/airflow/example_dags/example_latest_only_with_trigger.py
[2023-08-09T03:29:18.834+0000] {processor.py:826} INFO - Processing file /home/airflow/.local/lib/python3.7/site-packages/airflow/example_dags/example_latest_only_with_trigger.py for tasks to queue
[2023-08-09T03:29:18.835+0000] {logging_mixin.py:150} INFO - [2023-08-09T03:29:18.835+0000] {dagbag.py:541} INFO - Filling up the DagBag from /home/airflow/.local/lib/python3.7/site-packages/airflow/example_dags/example_latest_only_with_trigger.py
[2023-08-09T03:29:18.840+0000] {processor.py:836} INFO - DAG(s) dict_keys(['latest_only_with_trigger']) retrieved from /home/airflow/.local/lib/python3.7/site-packages/airflow/example_dags/example_latest_only_with_trigger.py
[2023-08-09T03:29:18.862+0000] {logging_mixin.py:150} INFO - [2023-08-09T03:29:18.862+0000] {dag.py:2742} INFO - Sync 1 DAGs
[2023-08-09T03:29:18.885+0000] {logging_mixin.py:150} INFO - [2023-08-09T03:29:18.885+0000] {dag.py:3508} INFO - Setting next_dagrun for latest_only_with_trigger to 2023-08-08T23:29:18.885531+00:00, run_after=2023-08-09T03:29:18.885531+00:00
[2023-08-09T03:29:18.903+0000] {processor.py:179} INFO - Processing /home/airflow/.local/lib/python3.7/site-packages/airflow/example_dags/example_latest_only_with_trigger.py took 0.073 seconds
[2023-08-09T03:29:48.989+0000] {processor.py:157} INFO - Started process (PID=2147) to work on /home/airflow/.local/lib/python3.7/site-packages/airflow/example_dags/example_latest_only_with_trigger.py
[2023-08-09T03:29:48.990+0000] {processor.py:826} INFO - Processing file /home/airflow/.local/lib/python3.7/site-packages/airflow/example_dags/example_latest_only_with_trigger.py for tasks to queue
[2023-08-09T03:29:48.990+0000] {logging_mixin.py:150} INFO - [2023-08-09T03:29:48.990+0000] {dagbag.py:541} INFO - Filling up the DagBag from /home/airflow/.local/lib/python3.7/site-packages/airflow/example_dags/example_latest_only_with_trigger.py
[2023-08-09T03:29:48.996+0000] {processor.py:836} INFO - DAG(s) dict_keys(['latest_only_with_trigger']) retrieved from /home/airflow/.local/lib/python3.7/site-packages/airflow/example_dags/example_latest_only_with_trigger.py
[2023-08-09T03:29:49.018+0000] {logging_mixin.py:150} INFO - [2023-08-09T03:29:49.018+0000] {dag.py:2742} INFO - Sync 1 DAGs
[2023-08-09T03:29:49.042+0000] {logging_mixin.py:150} INFO - [2023-08-09T03:29:49.042+0000] {dag.py:3508} INFO - Setting next_dagrun for latest_only_with_trigger to 2023-08-08T23:29:49.042157+00:00, run_after=2023-08-09T03:29:49.042157+00:00
[2023-08-09T03:29:49.058+0000] {processor.py:179} INFO - Processing /home/airflow/.local/lib/python3.7/site-packages/airflow/example_dags/example_latest_only_with_trigger.py took 0.072 seconds
[2023-08-09T03:30:19.848+0000] {processor.py:157} INFO - Started process (PID=2201) to work on /home/airflow/.local/lib/python3.7/site-packages/airflow/example_dags/example_latest_only_with_trigger.py
[2023-08-09T03:30:19.848+0000] {processor.py:826} INFO - Processing file /home/airflow/.local/lib/python3.7/site-packages/airflow/example_dags/example_latest_only_with_trigger.py for tasks to queue
[2023-08-09T03:30:19.850+0000] {logging_mixin.py:150} INFO - [2023-08-09T03:30:19.849+0000] {dagbag.py:541} INFO - Filling up the DagBag from /home/airflow/.local/lib/python3.7/site-packages/airflow/example_dags/example_latest_only_with_trigger.py
[2023-08-09T03:30:19.858+0000] {processor.py:836} INFO - DAG(s) dict_keys(['latest_only_with_trigger']) retrieved from /home/airflow/.local/lib/python3.7/site-packages/airflow/example_dags/example_latest_only_with_trigger.py
[2023-08-09T03:30:19.928+0000] {logging_mixin.py:150} INFO - [2023-08-09T03:30:19.928+0000] {dag.py:2742} INFO - Sync 1 DAGs
[2023-08-09T03:30:19.965+0000] {logging_mixin.py:150} INFO - [2023-08-09T03:30:19.965+0000] {dag.py:3508} INFO - Setting next_dagrun for latest_only_with_trigger to 2023-08-08T23:30:19.965056+00:00, run_after=2023-08-09T03:30:19.965056+00:00
[2023-08-09T03:30:19.991+0000] {processor.py:179} INFO - Processing /home/airflow/.local/lib/python3.7/site-packages/airflow/example_dags/example_latest_only_with_trigger.py took 0.148 seconds
[2023-08-09T03:30:50.055+0000] {processor.py:157} INFO - Started process (PID=2257) to work on /home/airflow/.local/lib/python3.7/site-packages/airflow/example_dags/example_latest_only_with_trigger.py
[2023-08-09T03:30:50.057+0000] {processor.py:826} INFO - Processing file /home/airflow/.local/lib/python3.7/site-packages/airflow/example_dags/example_latest_only_with_trigger.py for tasks to queue
[2023-08-09T03:30:50.058+0000] {logging_mixin.py:150} INFO - [2023-08-09T03:30:50.057+0000] {dagbag.py:541} INFO - Filling up the DagBag from /home/airflow/.local/lib/python3.7/site-packages/airflow/example_dags/example_latest_only_with_trigger.py
[2023-08-09T03:30:50.067+0000] {processor.py:836} INFO - DAG(s) dict_keys(['latest_only_with_trigger']) retrieved from /home/airflow/.local/lib/python3.7/site-packages/airflow/example_dags/example_latest_only_with_trigger.py
[2023-08-09T03:30:50.105+0000] {logging_mixin.py:150} INFO - [2023-08-09T03:30:50.105+0000] {dag.py:2742} INFO - Sync 1 DAGs
[2023-08-09T03:30:50.133+0000] {logging_mixin.py:150} INFO - [2023-08-09T03:30:50.133+0000] {dag.py:3508} INFO - Setting next_dagrun for latest_only_with_trigger to 2023-08-08T23:30:50.133044+00:00, run_after=2023-08-09T03:30:50.133044+00:00
[2023-08-09T03:30:50.157+0000] {processor.py:179} INFO - Processing /home/airflow/.local/lib/python3.7/site-packages/airflow/example_dags/example_latest_only_with_trigger.py took 0.106 seconds
[2023-08-09T03:31:20.754+0000] {processor.py:157} INFO - Started process (PID=2316) to work on /home/airflow/.local/lib/python3.7/site-packages/airflow/example_dags/example_latest_only_with_trigger.py
[2023-08-09T03:31:20.755+0000] {processor.py:826} INFO - Processing file /home/airflow/.local/lib/python3.7/site-packages/airflow/example_dags/example_latest_only_with_trigger.py for tasks to queue
[2023-08-09T03:31:20.756+0000] {logging_mixin.py:150} INFO - [2023-08-09T03:31:20.756+0000] {dagbag.py:541} INFO - Filling up the DagBag from /home/airflow/.local/lib/python3.7/site-packages/airflow/example_dags/example_latest_only_with_trigger.py
[2023-08-09T03:31:20.764+0000] {processor.py:836} INFO - DAG(s) dict_keys(['latest_only_with_trigger']) retrieved from /home/airflow/.local/lib/python3.7/site-packages/airflow/example_dags/example_latest_only_with_trigger.py
[2023-08-09T03:31:20.801+0000] {logging_mixin.py:150} INFO - [2023-08-09T03:31:20.801+0000] {dag.py:2742} INFO - Sync 1 DAGs
[2023-08-09T03:31:20.829+0000] {logging_mixin.py:150} INFO - [2023-08-09T03:31:20.829+0000] {dag.py:3508} INFO - Setting next_dagrun for latest_only_with_trigger to 2023-08-08T23:31:20.829191+00:00, run_after=2023-08-09T03:31:20.829191+00:00
[2023-08-09T03:31:20.846+0000] {processor.py:179} INFO - Processing /home/airflow/.local/lib/python3.7/site-packages/airflow/example_dags/example_latest_only_with_trigger.py took 0.095 seconds
[2023-08-09T03:31:50.932+0000] {processor.py:157} INFO - Started process (PID=2371) to work on /home/airflow/.local/lib/python3.7/site-packages/airflow/example_dags/example_latest_only_with_trigger.py
[2023-08-09T03:31:50.933+0000] {processor.py:826} INFO - Processing file /home/airflow/.local/lib/python3.7/site-packages/airflow/example_dags/example_latest_only_with_trigger.py for tasks to queue
[2023-08-09T03:31:50.933+0000] {logging_mixin.py:150} INFO - [2023-08-09T03:31:50.933+0000] {dagbag.py:541} INFO - Filling up the DagBag from /home/airflow/.local/lib/python3.7/site-packages/airflow/example_dags/example_latest_only_with_trigger.py
[2023-08-09T03:31:50.940+0000] {processor.py:836} INFO - DAG(s) dict_keys(['latest_only_with_trigger']) retrieved from /home/airflow/.local/lib/python3.7/site-packages/airflow/example_dags/example_latest_only_with_trigger.py
[2023-08-09T03:31:50.970+0000] {logging_mixin.py:150} INFO - [2023-08-09T03:31:50.970+0000] {dag.py:2742} INFO - Sync 1 DAGs
[2023-08-09T03:31:51.004+0000] {logging_mixin.py:150} INFO - [2023-08-09T03:31:51.003+0000] {dag.py:3508} INFO - Setting next_dagrun for latest_only_with_trigger to 2023-08-08T23:31:51.003484+00:00, run_after=2023-08-09T03:31:51.003484+00:00
[2023-08-09T03:31:51.029+0000] {processor.py:179} INFO - Processing /home/airflow/.local/lib/python3.7/site-packages/airflow/example_dags/example_latest_only_with_trigger.py took 0.100 seconds
[2023-08-09T03:32:21.482+0000] {processor.py:157} INFO - Started process (PID=2434) to work on /home/airflow/.local/lib/python3.7/site-packages/airflow/example_dags/example_latest_only_with_trigger.py
[2023-08-09T03:32:21.483+0000] {processor.py:826} INFO - Processing file /home/airflow/.local/lib/python3.7/site-packages/airflow/example_dags/example_latest_only_with_trigger.py for tasks to queue
[2023-08-09T03:32:21.484+0000] {logging_mixin.py:150} INFO - [2023-08-09T03:32:21.484+0000] {dagbag.py:541} INFO - Filling up the DagBag from /home/airflow/.local/lib/python3.7/site-packages/airflow/example_dags/example_latest_only_with_trigger.py
[2023-08-09T03:32:21.492+0000] {processor.py:836} INFO - DAG(s) dict_keys(['latest_only_with_trigger']) retrieved from /home/airflow/.local/lib/python3.7/site-packages/airflow/example_dags/example_latest_only_with_trigger.py
[2023-08-09T03:32:21.517+0000] {logging_mixin.py:150} INFO - [2023-08-09T03:32:21.517+0000] {dag.py:2742} INFO - Sync 1 DAGs
[2023-08-09T03:32:21.542+0000] {logging_mixin.py:150} INFO - [2023-08-09T03:32:21.542+0000] {dag.py:3508} INFO - Setting next_dagrun for latest_only_with_trigger to 2023-08-08T23:32:21.542469+00:00, run_after=2023-08-09T03:32:21.542469+00:00
[2023-08-09T03:32:21.560+0000] {processor.py:179} INFO - Processing /home/airflow/.local/lib/python3.7/site-packages/airflow/example_dags/example_latest_only_with_trigger.py took 0.082 seconds
[2023-08-09T03:32:52.067+0000] {processor.py:157} INFO - Started process (PID=2489) to work on /home/airflow/.local/lib/python3.7/site-packages/airflow/example_dags/example_latest_only_with_trigger.py
[2023-08-09T03:32:52.068+0000] {processor.py:826} INFO - Processing file /home/airflow/.local/lib/python3.7/site-packages/airflow/example_dags/example_latest_only_with_trigger.py for tasks to queue
[2023-08-09T03:32:52.070+0000] {logging_mixin.py:150} INFO - [2023-08-09T03:32:52.069+0000] {dagbag.py:541} INFO - Filling up the DagBag from /home/airflow/.local/lib/python3.7/site-packages/airflow/example_dags/example_latest_only_with_trigger.py
[2023-08-09T03:32:52.081+0000] {processor.py:836} INFO - DAG(s) dict_keys(['latest_only_with_trigger']) retrieved from /home/airflow/.local/lib/python3.7/site-packages/airflow/example_dags/example_latest_only_with_trigger.py
[2023-08-09T03:32:52.124+0000] {logging_mixin.py:150} INFO - [2023-08-09T03:32:52.124+0000] {dag.py:2742} INFO - Sync 1 DAGs
[2023-08-09T03:32:52.174+0000] {logging_mixin.py:150} INFO - [2023-08-09T03:32:52.174+0000] {dag.py:3508} INFO - Setting next_dagrun for latest_only_with_trigger to 2023-08-08T23:32:52.173731+00:00, run_after=2023-08-09T03:32:52.173731+00:00
[2023-08-09T03:32:52.213+0000] {processor.py:179} INFO - Processing /home/airflow/.local/lib/python3.7/site-packages/airflow/example_dags/example_latest_only_with_trigger.py took 0.153 seconds
[2023-08-09T03:33:22.686+0000] {processor.py:157} INFO - Started process (PID=2544) to work on /home/airflow/.local/lib/python3.7/site-packages/airflow/example_dags/example_latest_only_with_trigger.py
[2023-08-09T03:33:22.686+0000] {processor.py:826} INFO - Processing file /home/airflow/.local/lib/python3.7/site-packages/airflow/example_dags/example_latest_only_with_trigger.py for tasks to queue
[2023-08-09T03:33:22.687+0000] {logging_mixin.py:150} INFO - [2023-08-09T03:33:22.687+0000] {dagbag.py:541} INFO - Filling up the DagBag from /home/airflow/.local/lib/python3.7/site-packages/airflow/example_dags/example_latest_only_with_trigger.py
[2023-08-09T03:33:22.693+0000] {processor.py:836} INFO - DAG(s) dict_keys(['latest_only_with_trigger']) retrieved from /home/airflow/.local/lib/python3.7/site-packages/airflow/example_dags/example_latest_only_with_trigger.py
[2023-08-09T03:33:22.724+0000] {logging_mixin.py:150} INFO - [2023-08-09T03:33:22.723+0000] {dag.py:2742} INFO - Sync 1 DAGs
[2023-08-09T03:33:22.761+0000] {logging_mixin.py:150} INFO - [2023-08-09T03:33:22.760+0000] {dag.py:3508} INFO - Setting next_dagrun for latest_only_with_trigger to 2023-08-08T23:33:22.760468+00:00, run_after=2023-08-09T03:33:22.760468+00:00
[2023-08-09T03:33:22.785+0000] {processor.py:179} INFO - Processing /home/airflow/.local/lib/python3.7/site-packages/airflow/example_dags/example_latest_only_with_trigger.py took 0.102 seconds
[2023-08-09T03:33:53.274+0000] {processor.py:157} INFO - Started process (PID=2600) to work on /home/airflow/.local/lib/python3.7/site-packages/airflow/example_dags/example_latest_only_with_trigger.py
[2023-08-09T03:33:53.274+0000] {processor.py:826} INFO - Processing file /home/airflow/.local/lib/python3.7/site-packages/airflow/example_dags/example_latest_only_with_trigger.py for tasks to queue
[2023-08-09T03:33:53.275+0000] {logging_mixin.py:150} INFO - [2023-08-09T03:33:53.275+0000] {dagbag.py:541} INFO - Filling up the DagBag from /home/airflow/.local/lib/python3.7/site-packages/airflow/example_dags/example_latest_only_with_trigger.py
[2023-08-09T03:33:53.280+0000] {processor.py:836} INFO - DAG(s) dict_keys(['latest_only_with_trigger']) retrieved from /home/airflow/.local/lib/python3.7/site-packages/airflow/example_dags/example_latest_only_with_trigger.py
[2023-08-09T03:33:53.301+0000] {logging_mixin.py:150} INFO - [2023-08-09T03:33:53.300+0000] {dag.py:2742} INFO - Sync 1 DAGs
[2023-08-09T03:33:53.325+0000] {logging_mixin.py:150} INFO - [2023-08-09T03:33:53.325+0000] {dag.py:3508} INFO - Setting next_dagrun for latest_only_with_trigger to 2023-08-08T23:33:53.325186+00:00, run_after=2023-08-09T03:33:53.325186+00:00
[2023-08-09T03:33:53.345+0000] {processor.py:179} INFO - Processing /home/airflow/.local/lib/python3.7/site-packages/airflow/example_dags/example_latest_only_with_trigger.py took 0.074 seconds
[2023-08-09T03:34:23.456+0000] {processor.py:157} INFO - Started process (PID=2656) to work on /home/airflow/.local/lib/python3.7/site-packages/airflow/example_dags/example_latest_only_with_trigger.py
[2023-08-09T03:34:23.457+0000] {processor.py:826} INFO - Processing file /home/airflow/.local/lib/python3.7/site-packages/airflow/example_dags/example_latest_only_with_trigger.py for tasks to queue
[2023-08-09T03:34:23.457+0000] {logging_mixin.py:150} INFO - [2023-08-09T03:34:23.457+0000] {dagbag.py:541} INFO - Filling up the DagBag from /home/airflow/.local/lib/python3.7/site-packages/airflow/example_dags/example_latest_only_with_trigger.py
[2023-08-09T03:34:23.464+0000] {processor.py:836} INFO - DAG(s) dict_keys(['latest_only_with_trigger']) retrieved from /home/airflow/.local/lib/python3.7/site-packages/airflow/example_dags/example_latest_only_with_trigger.py
[2023-08-09T03:34:23.493+0000] {logging_mixin.py:150} INFO - [2023-08-09T03:34:23.493+0000] {dag.py:2742} INFO - Sync 1 DAGs
[2023-08-09T03:34:23.519+0000] {logging_mixin.py:150} INFO - [2023-08-09T03:34:23.519+0000] {dag.py:3508} INFO - Setting next_dagrun for latest_only_with_trigger to 2023-08-08T23:34:23.519015+00:00, run_after=2023-08-09T03:34:23.519015+00:00
[2023-08-09T03:34:23.536+0000] {processor.py:179} INFO - Processing /home/airflow/.local/lib/python3.7/site-packages/airflow/example_dags/example_latest_only_with_trigger.py took 0.083 seconds
[2023-08-09T03:34:53.892+0000] {processor.py:157} INFO - Started process (PID=2710) to work on /home/airflow/.local/lib/python3.7/site-packages/airflow/example_dags/example_latest_only_with_trigger.py
[2023-08-09T03:34:53.893+0000] {processor.py:826} INFO - Processing file /home/airflow/.local/lib/python3.7/site-packages/airflow/example_dags/example_latest_only_with_trigger.py for tasks to queue
[2023-08-09T03:34:53.894+0000] {logging_mixin.py:150} INFO - [2023-08-09T03:34:53.893+0000] {dagbag.py:541} INFO - Filling up the DagBag from /home/airflow/.local/lib/python3.7/site-packages/airflow/example_dags/example_latest_only_with_trigger.py
[2023-08-09T03:34:53.900+0000] {processor.py:836} INFO - DAG(s) dict_keys(['latest_only_with_trigger']) retrieved from /home/airflow/.local/lib/python3.7/site-packages/airflow/example_dags/example_latest_only_with_trigger.py
[2023-08-09T03:34:53.930+0000] {logging_mixin.py:150} INFO - [2023-08-09T03:34:53.929+0000] {dag.py:2742} INFO - Sync 1 DAGs
[2023-08-09T03:34:53.970+0000] {logging_mixin.py:150} INFO - [2023-08-09T03:34:53.970+0000] {dag.py:3508} INFO - Setting next_dagrun for latest_only_with_trigger to 2023-08-08T23:34:53.969955+00:00, run_after=2023-08-09T03:34:53.969955+00:00
[2023-08-09T03:34:53.999+0000] {processor.py:179} INFO - Processing /home/airflow/.local/lib/python3.7/site-packages/airflow/example_dags/example_latest_only_with_trigger.py took 0.111 seconds
[2023-08-09T03:35:25.074+0000] {processor.py:157} INFO - Started process (PID=2765) to work on /home/airflow/.local/lib/python3.7/site-packages/airflow/example_dags/example_latest_only_with_trigger.py
[2023-08-09T03:35:25.075+0000] {processor.py:826} INFO - Processing file /home/airflow/.local/lib/python3.7/site-packages/airflow/example_dags/example_latest_only_with_trigger.py for tasks to queue
[2023-08-09T03:35:25.075+0000] {logging_mixin.py:150} INFO - [2023-08-09T03:35:25.075+0000] {dagbag.py:541} INFO - Filling up the DagBag from /home/airflow/.local/lib/python3.7/site-packages/airflow/example_dags/example_latest_only_with_trigger.py
[2023-08-09T03:35:25.081+0000] {processor.py:836} INFO - DAG(s) dict_keys(['latest_only_with_trigger']) retrieved from /home/airflow/.local/lib/python3.7/site-packages/airflow/example_dags/example_latest_only_with_trigger.py
[2023-08-09T03:35:25.104+0000] {logging_mixin.py:150} INFO - [2023-08-09T03:35:25.104+0000] {dag.py:2742} INFO - Sync 1 DAGs
[2023-08-09T03:35:25.136+0000] {logging_mixin.py:150} INFO - [2023-08-09T03:35:25.136+0000] {dag.py:3508} INFO - Setting next_dagrun for latest_only_with_trigger to 2023-08-08T23:35:25.135817+00:00, run_after=2023-08-09T03:35:25.135817+00:00
[2023-08-09T03:35:25.159+0000] {processor.py:179} INFO - Processing /home/airflow/.local/lib/python3.7/site-packages/airflow/example_dags/example_latest_only_with_trigger.py took 0.088 seconds
[2023-08-09T03:35:55.384+0000] {processor.py:157} INFO - Started process (PID=2820) to work on /home/airflow/.local/lib/python3.7/site-packages/airflow/example_dags/example_latest_only_with_trigger.py
[2023-08-09T03:35:55.385+0000] {processor.py:826} INFO - Processing file /home/airflow/.local/lib/python3.7/site-packages/airflow/example_dags/example_latest_only_with_trigger.py for tasks to queue
[2023-08-09T03:35:55.385+0000] {logging_mixin.py:150} INFO - [2023-08-09T03:35:55.385+0000] {dagbag.py:541} INFO - Filling up the DagBag from /home/airflow/.local/lib/python3.7/site-packages/airflow/example_dags/example_latest_only_with_trigger.py
[2023-08-09T03:35:55.391+0000] {processor.py:836} INFO - DAG(s) dict_keys(['latest_only_with_trigger']) retrieved from /home/airflow/.local/lib/python3.7/site-packages/airflow/example_dags/example_latest_only_with_trigger.py
[2023-08-09T03:35:55.422+0000] {logging_mixin.py:150} INFO - [2023-08-09T03:35:55.422+0000] {dag.py:2742} INFO - Sync 1 DAGs
[2023-08-09T03:35:55.470+0000] {logging_mixin.py:150} INFO - [2023-08-09T03:35:55.469+0000] {dag.py:3508} INFO - Setting next_dagrun for latest_only_with_trigger to 2023-08-08T23:35:55.469619+00:00, run_after=2023-08-09T03:35:55.469619+00:00
[2023-08-09T03:35:55.497+0000] {processor.py:179} INFO - Processing /home/airflow/.local/lib/python3.7/site-packages/airflow/example_dags/example_latest_only_with_trigger.py took 0.116 seconds
[2023-08-09T03:36:25.740+0000] {processor.py:157} INFO - Started process (PID=2875) to work on /home/airflow/.local/lib/python3.7/site-packages/airflow/example_dags/example_latest_only_with_trigger.py
[2023-08-09T03:36:25.741+0000] {processor.py:826} INFO - Processing file /home/airflow/.local/lib/python3.7/site-packages/airflow/example_dags/example_latest_only_with_trigger.py for tasks to queue
[2023-08-09T03:36:25.742+0000] {logging_mixin.py:150} INFO - [2023-08-09T03:36:25.742+0000] {dagbag.py:541} INFO - Filling up the DagBag from /home/airflow/.local/lib/python3.7/site-packages/airflow/example_dags/example_latest_only_with_trigger.py
[2023-08-09T03:36:25.749+0000] {processor.py:836} INFO - DAG(s) dict_keys(['latest_only_with_trigger']) retrieved from /home/airflow/.local/lib/python3.7/site-packages/airflow/example_dags/example_latest_only_with_trigger.py
[2023-08-09T03:36:25.772+0000] {logging_mixin.py:150} INFO - [2023-08-09T03:36:25.772+0000] {dag.py:2742} INFO - Sync 1 DAGs
[2023-08-09T03:36:25.797+0000] {logging_mixin.py:150} INFO - [2023-08-09T03:36:25.797+0000] {dag.py:3508} INFO - Setting next_dagrun for latest_only_with_trigger to 2023-08-08T23:36:25.796955+00:00, run_after=2023-08-09T03:36:25.796955+00:00
[2023-08-09T03:36:25.813+0000] {processor.py:179} INFO - Processing /home/airflow/.local/lib/python3.7/site-packages/airflow/example_dags/example_latest_only_with_trigger.py took 0.077 seconds
