[2023-08-09T03:10:32.608+0000] {processor.py:157} INFO - Started process (PID=56) to work on /home/airflow/.local/lib/python3.7/site-packages/airflow/example_dags/example_short_circuit_decorator.py
[2023-08-09T03:10:32.609+0000] {processor.py:826} INFO - Processing file /home/airflow/.local/lib/python3.7/site-packages/airflow/example_dags/example_short_circuit_decorator.py for tasks to queue
[2023-08-09T03:10:32.611+0000] {logging_mixin.py:150} INFO - [2023-08-09T03:10:32.611+0000] {dagbag.py:541} INFO - Filling up the DagBag from /home/airflow/.local/lib/python3.7/site-packages/airflow/example_dags/example_short_circuit_decorator.py
[2023-08-09T03:10:32.625+0000] {processor.py:836} INFO - DAG(s) dict_keys(['example_short_circuit_decorator']) retrieved from /home/airflow/.local/lib/python3.7/site-packages/airflow/example_dags/example_short_circuit_decorator.py
[2023-08-09T03:10:32.663+0000] {logging_mixin.py:150} INFO - [2023-08-09T03:10:32.662+0000] {dag.py:2742} INFO - Sync 1 DAGs
[2023-08-09T03:10:32.700+0000] {logging_mixin.py:150} INFO - [2023-08-09T03:10:32.700+0000] {dag.py:3508} INFO - Setting next_dagrun for example_short_circuit_decorator to 2023-08-08T03:10:32.699798+00:00, run_after=2023-08-09T03:10:32.699798+00:00
[2023-08-09T03:10:32.733+0000] {processor.py:179} INFO - Processing /home/airflow/.local/lib/python3.7/site-packages/airflow/example_dags/example_short_circuit_decorator.py took 0.129 seconds
[2023-08-09T03:11:02.808+0000] {processor.py:157} INFO - Started process (PID=111) to work on /home/airflow/.local/lib/python3.7/site-packages/airflow/example_dags/example_short_circuit_decorator.py
[2023-08-09T03:11:02.808+0000] {processor.py:826} INFO - Processing file /home/airflow/.local/lib/python3.7/site-packages/airflow/example_dags/example_short_circuit_decorator.py for tasks to queue
[2023-08-09T03:11:02.810+0000] {logging_mixin.py:150} INFO - [2023-08-09T03:11:02.810+0000] {dagbag.py:541} INFO - Filling up the DagBag from /home/airflow/.local/lib/python3.7/site-packages/airflow/example_dags/example_short_circuit_decorator.py
[2023-08-09T03:11:02.817+0000] {processor.py:836} INFO - DAG(s) dict_keys(['example_short_circuit_decorator']) retrieved from /home/airflow/.local/lib/python3.7/site-packages/airflow/example_dags/example_short_circuit_decorator.py
[2023-08-09T03:11:02.841+0000] {logging_mixin.py:150} INFO - [2023-08-09T03:11:02.841+0000] {dag.py:2742} INFO - Sync 1 DAGs
[2023-08-09T03:11:02.867+0000] {logging_mixin.py:150} INFO - [2023-08-09T03:11:02.867+0000] {dag.py:3508} INFO - Setting next_dagrun for example_short_circuit_decorator to 2023-08-08T03:11:02.866852+00:00, run_after=2023-08-09T03:11:02.866852+00:00
[2023-08-09T03:11:02.886+0000] {processor.py:179} INFO - Processing /home/airflow/.local/lib/python3.7/site-packages/airflow/example_dags/example_short_circuit_decorator.py took 0.081 seconds
[2023-08-09T03:11:33.170+0000] {processor.py:157} INFO - Started process (PID=166) to work on /home/airflow/.local/lib/python3.7/site-packages/airflow/example_dags/example_short_circuit_decorator.py
[2023-08-09T03:11:33.171+0000] {processor.py:826} INFO - Processing file /home/airflow/.local/lib/python3.7/site-packages/airflow/example_dags/example_short_circuit_decorator.py for tasks to queue
[2023-08-09T03:11:33.172+0000] {logging_mixin.py:150} INFO - [2023-08-09T03:11:33.172+0000] {dagbag.py:541} INFO - Filling up the DagBag from /home/airflow/.local/lib/python3.7/site-packages/airflow/example_dags/example_short_circuit_decorator.py
[2023-08-09T03:11:33.180+0000] {processor.py:836} INFO - DAG(s) dict_keys(['example_short_circuit_decorator']) retrieved from /home/airflow/.local/lib/python3.7/site-packages/airflow/example_dags/example_short_circuit_decorator.py
[2023-08-09T03:11:33.205+0000] {logging_mixin.py:150} INFO - [2023-08-09T03:11:33.205+0000] {dag.py:2742} INFO - Sync 1 DAGs
[2023-08-09T03:11:33.243+0000] {logging_mixin.py:150} INFO - [2023-08-09T03:11:33.243+0000] {dag.py:3508} INFO - Setting next_dagrun for example_short_circuit_decorator to 2023-08-08T03:11:33.243055+00:00, run_after=2023-08-09T03:11:33.243055+00:00
[2023-08-09T03:11:33.273+0000] {processor.py:179} INFO - Processing /home/airflow/.local/lib/python3.7/site-packages/airflow/example_dags/example_short_circuit_decorator.py took 0.106 seconds
[2023-08-09T03:12:03.770+0000] {processor.py:157} INFO - Started process (PID=222) to work on /home/airflow/.local/lib/python3.7/site-packages/airflow/example_dags/example_short_circuit_decorator.py
[2023-08-09T03:12:03.770+0000] {processor.py:826} INFO - Processing file /home/airflow/.local/lib/python3.7/site-packages/airflow/example_dags/example_short_circuit_decorator.py for tasks to queue
[2023-08-09T03:12:03.772+0000] {logging_mixin.py:150} INFO - [2023-08-09T03:12:03.772+0000] {dagbag.py:541} INFO - Filling up the DagBag from /home/airflow/.local/lib/python3.7/site-packages/airflow/example_dags/example_short_circuit_decorator.py
[2023-08-09T03:12:03.784+0000] {processor.py:836} INFO - DAG(s) dict_keys(['example_short_circuit_decorator']) retrieved from /home/airflow/.local/lib/python3.7/site-packages/airflow/example_dags/example_short_circuit_decorator.py
[2023-08-09T03:12:03.836+0000] {logging_mixin.py:150} INFO - [2023-08-09T03:12:03.834+0000] {dag.py:2742} INFO - Sync 1 DAGs
[2023-08-09T03:12:03.874+0000] {logging_mixin.py:150} INFO - [2023-08-09T03:12:03.874+0000] {dag.py:3508} INFO - Setting next_dagrun for example_short_circuit_decorator to 2023-08-08T03:12:03.874075+00:00, run_after=2023-08-09T03:12:03.874075+00:00
[2023-08-09T03:12:03.895+0000] {processor.py:179} INFO - Processing /home/airflow/.local/lib/python3.7/site-packages/airflow/example_dags/example_short_circuit_decorator.py took 0.129 seconds
[2023-08-09T03:12:33.913+0000] {processor.py:157} INFO - Started process (PID=277) to work on /home/airflow/.local/lib/python3.7/site-packages/airflow/example_dags/example_short_circuit_decorator.py
[2023-08-09T03:12:33.914+0000] {processor.py:826} INFO - Processing file /home/airflow/.local/lib/python3.7/site-packages/airflow/example_dags/example_short_circuit_decorator.py for tasks to queue
[2023-08-09T03:12:33.915+0000] {logging_mixin.py:150} INFO - [2023-08-09T03:12:33.915+0000] {dagbag.py:541} INFO - Filling up the DagBag from /home/airflow/.local/lib/python3.7/site-packages/airflow/example_dags/example_short_circuit_decorator.py
[2023-08-09T03:12:33.923+0000] {processor.py:836} INFO - DAG(s) dict_keys(['example_short_circuit_decorator']) retrieved from /home/airflow/.local/lib/python3.7/site-packages/airflow/example_dags/example_short_circuit_decorator.py
[2023-08-09T03:12:33.948+0000] {logging_mixin.py:150} INFO - [2023-08-09T03:12:33.947+0000] {dag.py:2742} INFO - Sync 1 DAGs
[2023-08-09T03:12:33.974+0000] {logging_mixin.py:150} INFO - [2023-08-09T03:12:33.974+0000] {dag.py:3508} INFO - Setting next_dagrun for example_short_circuit_decorator to 2023-08-08T03:12:33.974106+00:00, run_after=2023-08-09T03:12:33.974106+00:00
[2023-08-09T03:12:33.990+0000] {processor.py:179} INFO - Processing /home/airflow/.local/lib/python3.7/site-packages/airflow/example_dags/example_short_circuit_decorator.py took 0.080 seconds
[2023-08-09T03:13:04.346+0000] {processor.py:157} INFO - Started process (PID=332) to work on /home/airflow/.local/lib/python3.7/site-packages/airflow/example_dags/example_short_circuit_decorator.py
[2023-08-09T03:13:04.347+0000] {processor.py:826} INFO - Processing file /home/airflow/.local/lib/python3.7/site-packages/airflow/example_dags/example_short_circuit_decorator.py for tasks to queue
[2023-08-09T03:13:04.348+0000] {logging_mixin.py:150} INFO - [2023-08-09T03:13:04.348+0000] {dagbag.py:541} INFO - Filling up the DagBag from /home/airflow/.local/lib/python3.7/site-packages/airflow/example_dags/example_short_circuit_decorator.py
[2023-08-09T03:13:04.358+0000] {processor.py:836} INFO - DAG(s) dict_keys(['example_short_circuit_decorator']) retrieved from /home/airflow/.local/lib/python3.7/site-packages/airflow/example_dags/example_short_circuit_decorator.py
[2023-08-09T03:13:04.383+0000] {logging_mixin.py:150} INFO - [2023-08-09T03:13:04.382+0000] {dag.py:2742} INFO - Sync 1 DAGs
[2023-08-09T03:13:04.410+0000] {logging_mixin.py:150} INFO - [2023-08-09T03:13:04.410+0000] {dag.py:3508} INFO - Setting next_dagrun for example_short_circuit_decorator to 2023-08-08T03:13:04.410145+00:00, run_after=2023-08-09T03:13:04.410145+00:00
[2023-08-09T03:13:04.427+0000] {processor.py:179} INFO - Processing /home/airflow/.local/lib/python3.7/site-packages/airflow/example_dags/example_short_circuit_decorator.py took 0.084 seconds
[2023-08-09T03:13:35.366+0000] {processor.py:157} INFO - Started process (PID=387) to work on /home/airflow/.local/lib/python3.7/site-packages/airflow/example_dags/example_short_circuit_decorator.py
[2023-08-09T03:13:35.367+0000] {processor.py:826} INFO - Processing file /home/airflow/.local/lib/python3.7/site-packages/airflow/example_dags/example_short_circuit_decorator.py for tasks to queue
[2023-08-09T03:13:35.368+0000] {logging_mixin.py:150} INFO - [2023-08-09T03:13:35.368+0000] {dagbag.py:541} INFO - Filling up the DagBag from /home/airflow/.local/lib/python3.7/site-packages/airflow/example_dags/example_short_circuit_decorator.py
[2023-08-09T03:13:35.376+0000] {processor.py:836} INFO - DAG(s) dict_keys(['example_short_circuit_decorator']) retrieved from /home/airflow/.local/lib/python3.7/site-packages/airflow/example_dags/example_short_circuit_decorator.py
[2023-08-09T03:13:35.398+0000] {logging_mixin.py:150} INFO - [2023-08-09T03:13:35.398+0000] {dag.py:2742} INFO - Sync 1 DAGs
[2023-08-09T03:13:35.420+0000] {logging_mixin.py:150} INFO - [2023-08-09T03:13:35.420+0000] {dag.py:3508} INFO - Setting next_dagrun for example_short_circuit_decorator to 2023-08-08T03:13:35.420535+00:00, run_after=2023-08-09T03:13:35.420535+00:00
[2023-08-09T03:13:35.436+0000] {processor.py:179} INFO - Processing /home/airflow/.local/lib/python3.7/site-packages/airflow/example_dags/example_short_circuit_decorator.py took 0.073 seconds
[2023-08-09T03:14:05.863+0000] {processor.py:157} INFO - Started process (PID=442) to work on /home/airflow/.local/lib/python3.7/site-packages/airflow/example_dags/example_short_circuit_decorator.py
[2023-08-09T03:14:05.864+0000] {processor.py:826} INFO - Processing file /home/airflow/.local/lib/python3.7/site-packages/airflow/example_dags/example_short_circuit_decorator.py for tasks to queue
[2023-08-09T03:14:05.866+0000] {logging_mixin.py:150} INFO - [2023-08-09T03:14:05.866+0000] {dagbag.py:541} INFO - Filling up the DagBag from /home/airflow/.local/lib/python3.7/site-packages/airflow/example_dags/example_short_circuit_decorator.py
[2023-08-09T03:14:05.876+0000] {processor.py:836} INFO - DAG(s) dict_keys(['example_short_circuit_decorator']) retrieved from /home/airflow/.local/lib/python3.7/site-packages/airflow/example_dags/example_short_circuit_decorator.py
[2023-08-09T03:14:05.906+0000] {logging_mixin.py:150} INFO - [2023-08-09T03:14:05.905+0000] {dag.py:2742} INFO - Sync 1 DAGs
[2023-08-09T03:14:05.932+0000] {logging_mixin.py:150} INFO - [2023-08-09T03:14:05.932+0000] {dag.py:3508} INFO - Setting next_dagrun for example_short_circuit_decorator to 2023-08-08T03:14:05.931870+00:00, run_after=2023-08-09T03:14:05.931870+00:00
[2023-08-09T03:14:05.950+0000] {processor.py:179} INFO - Processing /home/airflow/.local/lib/python3.7/site-packages/airflow/example_dags/example_short_circuit_decorator.py took 0.091 seconds
[2023-08-09T03:14:36.944+0000] {processor.py:157} INFO - Started process (PID=498) to work on /home/airflow/.local/lib/python3.7/site-packages/airflow/example_dags/example_short_circuit_decorator.py
[2023-08-09T03:14:36.945+0000] {processor.py:826} INFO - Processing file /home/airflow/.local/lib/python3.7/site-packages/airflow/example_dags/example_short_circuit_decorator.py for tasks to queue
[2023-08-09T03:14:36.947+0000] {logging_mixin.py:150} INFO - [2023-08-09T03:14:36.947+0000] {dagbag.py:541} INFO - Filling up the DagBag from /home/airflow/.local/lib/python3.7/site-packages/airflow/example_dags/example_short_circuit_decorator.py
[2023-08-09T03:14:36.960+0000] {processor.py:836} INFO - DAG(s) dict_keys(['example_short_circuit_decorator']) retrieved from /home/airflow/.local/lib/python3.7/site-packages/airflow/example_dags/example_short_circuit_decorator.py
[2023-08-09T03:14:37.003+0000] {logging_mixin.py:150} INFO - [2023-08-09T03:14:37.002+0000] {dag.py:2742} INFO - Sync 1 DAGs
[2023-08-09T03:14:37.041+0000] {logging_mixin.py:150} INFO - [2023-08-09T03:14:37.040+0000] {dag.py:3508} INFO - Setting next_dagrun for example_short_circuit_decorator to 2023-08-08T03:14:37.040686+00:00, run_after=2023-08-09T03:14:37.040686+00:00
[2023-08-09T03:14:37.065+0000] {processor.py:179} INFO - Processing /home/airflow/.local/lib/python3.7/site-packages/airflow/example_dags/example_short_circuit_decorator.py took 0.125 seconds
[2023-08-09T03:15:07.347+0000] {processor.py:157} INFO - Started process (PID=553) to work on /home/airflow/.local/lib/python3.7/site-packages/airflow/example_dags/example_short_circuit_decorator.py
[2023-08-09T03:15:07.348+0000] {processor.py:826} INFO - Processing file /home/airflow/.local/lib/python3.7/site-packages/airflow/example_dags/example_short_circuit_decorator.py for tasks to queue
[2023-08-09T03:15:07.350+0000] {logging_mixin.py:150} INFO - [2023-08-09T03:15:07.350+0000] {dagbag.py:541} INFO - Filling up the DagBag from /home/airflow/.local/lib/python3.7/site-packages/airflow/example_dags/example_short_circuit_decorator.py
[2023-08-09T03:15:07.360+0000] {processor.py:836} INFO - DAG(s) dict_keys(['example_short_circuit_decorator']) retrieved from /home/airflow/.local/lib/python3.7/site-packages/airflow/example_dags/example_short_circuit_decorator.py
[2023-08-09T03:15:07.394+0000] {logging_mixin.py:150} INFO - [2023-08-09T03:15:07.393+0000] {dag.py:2742} INFO - Sync 1 DAGs
[2023-08-09T03:15:07.429+0000] {logging_mixin.py:150} INFO - [2023-08-09T03:15:07.428+0000] {dag.py:3508} INFO - Setting next_dagrun for example_short_circuit_decorator to 2023-08-08T03:15:07.428706+00:00, run_after=2023-08-09T03:15:07.428706+00:00
[2023-08-09T03:15:07.452+0000] {processor.py:179} INFO - Processing /home/airflow/.local/lib/python3.7/site-packages/airflow/example_dags/example_short_circuit_decorator.py took 0.108 seconds
[2023-08-09T03:15:37.654+0000] {processor.py:157} INFO - Started process (PID=608) to work on /home/airflow/.local/lib/python3.7/site-packages/airflow/example_dags/example_short_circuit_decorator.py
[2023-08-09T03:15:37.655+0000] {processor.py:826} INFO - Processing file /home/airflow/.local/lib/python3.7/site-packages/airflow/example_dags/example_short_circuit_decorator.py for tasks to queue
[2023-08-09T03:15:37.657+0000] {logging_mixin.py:150} INFO - [2023-08-09T03:15:37.657+0000] {dagbag.py:541} INFO - Filling up the DagBag from /home/airflow/.local/lib/python3.7/site-packages/airflow/example_dags/example_short_circuit_decorator.py
[2023-08-09T03:15:37.667+0000] {processor.py:836} INFO - DAG(s) dict_keys(['example_short_circuit_decorator']) retrieved from /home/airflow/.local/lib/python3.7/site-packages/airflow/example_dags/example_short_circuit_decorator.py
[2023-08-09T03:15:37.706+0000] {logging_mixin.py:150} INFO - [2023-08-09T03:15:37.706+0000] {dag.py:2742} INFO - Sync 1 DAGs
[2023-08-09T03:15:37.735+0000] {logging_mixin.py:150} INFO - [2023-08-09T03:15:37.735+0000] {dag.py:3508} INFO - Setting next_dagrun for example_short_circuit_decorator to 2023-08-08T03:15:37.735311+00:00, run_after=2023-08-09T03:15:37.735311+00:00
[2023-08-09T03:15:37.764+0000] {processor.py:179} INFO - Processing /home/airflow/.local/lib/python3.7/site-packages/airflow/example_dags/example_short_circuit_decorator.py took 0.112 seconds
[2023-08-09T03:16:07.931+0000] {processor.py:157} INFO - Started process (PID=663) to work on /home/airflow/.local/lib/python3.7/site-packages/airflow/example_dags/example_short_circuit_decorator.py
[2023-08-09T03:16:07.932+0000] {processor.py:826} INFO - Processing file /home/airflow/.local/lib/python3.7/site-packages/airflow/example_dags/example_short_circuit_decorator.py for tasks to queue
[2023-08-09T03:16:07.934+0000] {logging_mixin.py:150} INFO - [2023-08-09T03:16:07.934+0000] {dagbag.py:541} INFO - Filling up the DagBag from /home/airflow/.local/lib/python3.7/site-packages/airflow/example_dags/example_short_circuit_decorator.py
[2023-08-09T03:16:07.942+0000] {processor.py:836} INFO - DAG(s) dict_keys(['example_short_circuit_decorator']) retrieved from /home/airflow/.local/lib/python3.7/site-packages/airflow/example_dags/example_short_circuit_decorator.py
[2023-08-09T03:16:07.964+0000] {logging_mixin.py:150} INFO - [2023-08-09T03:16:07.964+0000] {dag.py:2742} INFO - Sync 1 DAGs
[2023-08-09T03:16:07.988+0000] {logging_mixin.py:150} INFO - [2023-08-09T03:16:07.988+0000] {dag.py:3508} INFO - Setting next_dagrun for example_short_circuit_decorator to 2023-08-08T03:16:07.987955+00:00, run_after=2023-08-09T03:16:07.987955+00:00
[2023-08-09T03:16:08.004+0000] {processor.py:179} INFO - Processing /home/airflow/.local/lib/python3.7/site-packages/airflow/example_dags/example_short_circuit_decorator.py took 0.075 seconds
[2023-08-09T03:16:38.157+0000] {processor.py:157} INFO - Started process (PID=718) to work on /home/airflow/.local/lib/python3.7/site-packages/airflow/example_dags/example_short_circuit_decorator.py
[2023-08-09T03:16:38.158+0000] {processor.py:826} INFO - Processing file /home/airflow/.local/lib/python3.7/site-packages/airflow/example_dags/example_short_circuit_decorator.py for tasks to queue
[2023-08-09T03:16:38.159+0000] {logging_mixin.py:150} INFO - [2023-08-09T03:16:38.159+0000] {dagbag.py:541} INFO - Filling up the DagBag from /home/airflow/.local/lib/python3.7/site-packages/airflow/example_dags/example_short_circuit_decorator.py
[2023-08-09T03:16:38.168+0000] {processor.py:836} INFO - DAG(s) dict_keys(['example_short_circuit_decorator']) retrieved from /home/airflow/.local/lib/python3.7/site-packages/airflow/example_dags/example_short_circuit_decorator.py
[2023-08-09T03:16:38.199+0000] {logging_mixin.py:150} INFO - [2023-08-09T03:16:38.198+0000] {dag.py:2742} INFO - Sync 1 DAGs
[2023-08-09T03:16:38.232+0000] {logging_mixin.py:150} INFO - [2023-08-09T03:16:38.232+0000] {dag.py:3508} INFO - Setting next_dagrun for example_short_circuit_decorator to 2023-08-08T03:16:38.232344+00:00, run_after=2023-08-09T03:16:38.232344+00:00
[2023-08-09T03:16:38.258+0000] {processor.py:179} INFO - Processing /home/airflow/.local/lib/python3.7/site-packages/airflow/example_dags/example_short_circuit_decorator.py took 0.104 seconds
[2023-08-09T03:17:08.407+0000] {processor.py:157} INFO - Started process (PID=773) to work on /home/airflow/.local/lib/python3.7/site-packages/airflow/example_dags/example_short_circuit_decorator.py
[2023-08-09T03:17:08.407+0000] {processor.py:826} INFO - Processing file /home/airflow/.local/lib/python3.7/site-packages/airflow/example_dags/example_short_circuit_decorator.py for tasks to queue
[2023-08-09T03:17:08.409+0000] {logging_mixin.py:150} INFO - [2023-08-09T03:17:08.409+0000] {dagbag.py:541} INFO - Filling up the DagBag from /home/airflow/.local/lib/python3.7/site-packages/airflow/example_dags/example_short_circuit_decorator.py
[2023-08-09T03:17:08.416+0000] {processor.py:836} INFO - DAG(s) dict_keys(['example_short_circuit_decorator']) retrieved from /home/airflow/.local/lib/python3.7/site-packages/airflow/example_dags/example_short_circuit_decorator.py
[2023-08-09T03:17:08.441+0000] {logging_mixin.py:150} INFO - [2023-08-09T03:17:08.440+0000] {dag.py:2742} INFO - Sync 1 DAGs
[2023-08-09T03:17:08.470+0000] {logging_mixin.py:150} INFO - [2023-08-09T03:17:08.470+0000] {dag.py:3508} INFO - Setting next_dagrun for example_short_circuit_decorator to 2023-08-08T03:17:08.470172+00:00, run_after=2023-08-09T03:17:08.470172+00:00
[2023-08-09T03:17:08.490+0000] {processor.py:179} INFO - Processing /home/airflow/.local/lib/python3.7/site-packages/airflow/example_dags/example_short_circuit_decorator.py took 0.086 seconds
[2023-08-09T03:17:38.877+0000] {processor.py:157} INFO - Started process (PID=828) to work on /home/airflow/.local/lib/python3.7/site-packages/airflow/example_dags/example_short_circuit_decorator.py
[2023-08-09T03:17:38.878+0000] {processor.py:826} INFO - Processing file /home/airflow/.local/lib/python3.7/site-packages/airflow/example_dags/example_short_circuit_decorator.py for tasks to queue
[2023-08-09T03:17:38.880+0000] {logging_mixin.py:150} INFO - [2023-08-09T03:17:38.880+0000] {dagbag.py:541} INFO - Filling up the DagBag from /home/airflow/.local/lib/python3.7/site-packages/airflow/example_dags/example_short_circuit_decorator.py
[2023-08-09T03:17:38.891+0000] {processor.py:836} INFO - DAG(s) dict_keys(['example_short_circuit_decorator']) retrieved from /home/airflow/.local/lib/python3.7/site-packages/airflow/example_dags/example_short_circuit_decorator.py
[2023-08-09T03:17:38.932+0000] {logging_mixin.py:150} INFO - [2023-08-09T03:17:38.931+0000] {dag.py:2742} INFO - Sync 1 DAGs
[2023-08-09T03:17:38.972+0000] {logging_mixin.py:150} INFO - [2023-08-09T03:17:38.972+0000] {dag.py:3508} INFO - Setting next_dagrun for example_short_circuit_decorator to 2023-08-08T03:17:38.971946+00:00, run_after=2023-08-09T03:17:38.971946+00:00
[2023-08-09T03:17:39.000+0000] {processor.py:179} INFO - Processing /home/airflow/.local/lib/python3.7/site-packages/airflow/example_dags/example_short_circuit_decorator.py took 0.127 seconds
[2023-08-09T03:18:09.054+0000] {processor.py:157} INFO - Started process (PID=882) to work on /home/airflow/.local/lib/python3.7/site-packages/airflow/example_dags/example_short_circuit_decorator.py
[2023-08-09T03:18:09.055+0000] {processor.py:826} INFO - Processing file /home/airflow/.local/lib/python3.7/site-packages/airflow/example_dags/example_short_circuit_decorator.py for tasks to queue
[2023-08-09T03:18:09.056+0000] {logging_mixin.py:150} INFO - [2023-08-09T03:18:09.056+0000] {dagbag.py:541} INFO - Filling up the DagBag from /home/airflow/.local/lib/python3.7/site-packages/airflow/example_dags/example_short_circuit_decorator.py
[2023-08-09T03:18:09.064+0000] {processor.py:836} INFO - DAG(s) dict_keys(['example_short_circuit_decorator']) retrieved from /home/airflow/.local/lib/python3.7/site-packages/airflow/example_dags/example_short_circuit_decorator.py
[2023-08-09T03:18:09.088+0000] {logging_mixin.py:150} INFO - [2023-08-09T03:18:09.087+0000] {dag.py:2742} INFO - Sync 1 DAGs
[2023-08-09T03:18:09.111+0000] {logging_mixin.py:150} INFO - [2023-08-09T03:18:09.111+0000] {dag.py:3508} INFO - Setting next_dagrun for example_short_circuit_decorator to 2023-08-08T03:18:09.110993+00:00, run_after=2023-08-09T03:18:09.110993+00:00
[2023-08-09T03:18:09.129+0000] {processor.py:179} INFO - Processing /home/airflow/.local/lib/python3.7/site-packages/airflow/example_dags/example_short_circuit_decorator.py took 0.078 seconds
[2023-08-09T03:18:39.621+0000] {processor.py:157} INFO - Started process (PID=937) to work on /home/airflow/.local/lib/python3.7/site-packages/airflow/example_dags/example_short_circuit_decorator.py
[2023-08-09T03:18:39.622+0000] {processor.py:826} INFO - Processing file /home/airflow/.local/lib/python3.7/site-packages/airflow/example_dags/example_short_circuit_decorator.py for tasks to queue
[2023-08-09T03:18:39.623+0000] {logging_mixin.py:150} INFO - [2023-08-09T03:18:39.623+0000] {dagbag.py:541} INFO - Filling up the DagBag from /home/airflow/.local/lib/python3.7/site-packages/airflow/example_dags/example_short_circuit_decorator.py
[2023-08-09T03:18:39.634+0000] {processor.py:836} INFO - DAG(s) dict_keys(['example_short_circuit_decorator']) retrieved from /home/airflow/.local/lib/python3.7/site-packages/airflow/example_dags/example_short_circuit_decorator.py
[2023-08-09T03:18:39.663+0000] {logging_mixin.py:150} INFO - [2023-08-09T03:18:39.663+0000] {dag.py:2742} INFO - Sync 1 DAGs
[2023-08-09T03:18:39.693+0000] {logging_mixin.py:150} INFO - [2023-08-09T03:18:39.693+0000] {dag.py:3508} INFO - Setting next_dagrun for example_short_circuit_decorator to 2023-08-08T03:18:39.693278+00:00, run_after=2023-08-09T03:18:39.693278+00:00
[2023-08-09T03:18:39.727+0000] {processor.py:179} INFO - Processing /home/airflow/.local/lib/python3.7/site-packages/airflow/example_dags/example_short_circuit_decorator.py took 0.109 seconds
[2023-08-09T03:19:09.941+0000] {processor.py:157} INFO - Started process (PID=992) to work on /home/airflow/.local/lib/python3.7/site-packages/airflow/example_dags/example_short_circuit_decorator.py
[2023-08-09T03:19:09.942+0000] {processor.py:826} INFO - Processing file /home/airflow/.local/lib/python3.7/site-packages/airflow/example_dags/example_short_circuit_decorator.py for tasks to queue
[2023-08-09T03:19:09.944+0000] {logging_mixin.py:150} INFO - [2023-08-09T03:19:09.944+0000] {dagbag.py:541} INFO - Filling up the DagBag from /home/airflow/.local/lib/python3.7/site-packages/airflow/example_dags/example_short_circuit_decorator.py
[2023-08-09T03:19:09.963+0000] {processor.py:836} INFO - DAG(s) dict_keys(['example_short_circuit_decorator']) retrieved from /home/airflow/.local/lib/python3.7/site-packages/airflow/example_dags/example_short_circuit_decorator.py
[2023-08-09T03:19:10.005+0000] {logging_mixin.py:150} INFO - [2023-08-09T03:19:10.004+0000] {dag.py:2742} INFO - Sync 1 DAGs
[2023-08-09T03:19:10.039+0000] {logging_mixin.py:150} INFO - [2023-08-09T03:19:10.039+0000] {dag.py:3508} INFO - Setting next_dagrun for example_short_circuit_decorator to 2023-08-08T03:19:10.039086+00:00, run_after=2023-08-09T03:19:10.039086+00:00
[2023-08-09T03:19:10.055+0000] {processor.py:179} INFO - Processing /home/airflow/.local/lib/python3.7/site-packages/airflow/example_dags/example_short_circuit_decorator.py took 0.118 seconds
[2023-08-09T03:19:40.235+0000] {processor.py:157} INFO - Started process (PID=1047) to work on /home/airflow/.local/lib/python3.7/site-packages/airflow/example_dags/example_short_circuit_decorator.py
[2023-08-09T03:19:40.236+0000] {processor.py:826} INFO - Processing file /home/airflow/.local/lib/python3.7/site-packages/airflow/example_dags/example_short_circuit_decorator.py for tasks to queue
[2023-08-09T03:19:40.238+0000] {logging_mixin.py:150} INFO - [2023-08-09T03:19:40.238+0000] {dagbag.py:541} INFO - Filling up the DagBag from /home/airflow/.local/lib/python3.7/site-packages/airflow/example_dags/example_short_circuit_decorator.py
[2023-08-09T03:19:40.247+0000] {processor.py:836} INFO - DAG(s) dict_keys(['example_short_circuit_decorator']) retrieved from /home/airflow/.local/lib/python3.7/site-packages/airflow/example_dags/example_short_circuit_decorator.py
[2023-08-09T03:19:40.285+0000] {logging_mixin.py:150} INFO - [2023-08-09T03:19:40.285+0000] {dag.py:2742} INFO - Sync 1 DAGs
[2023-08-09T03:19:40.316+0000] {logging_mixin.py:150} INFO - [2023-08-09T03:19:40.315+0000] {dag.py:3508} INFO - Setting next_dagrun for example_short_circuit_decorator to 2023-08-08T03:19:40.315664+00:00, run_after=2023-08-09T03:19:40.315664+00:00
[2023-08-09T03:19:40.334+0000] {processor.py:179} INFO - Processing /home/airflow/.local/lib/python3.7/site-packages/airflow/example_dags/example_short_circuit_decorator.py took 0.102 seconds
[2023-08-09T03:20:11.143+0000] {processor.py:157} INFO - Started process (PID=1102) to work on /home/airflow/.local/lib/python3.7/site-packages/airflow/example_dags/example_short_circuit_decorator.py
[2023-08-09T03:20:11.144+0000] {processor.py:826} INFO - Processing file /home/airflow/.local/lib/python3.7/site-packages/airflow/example_dags/example_short_circuit_decorator.py for tasks to queue
[2023-08-09T03:20:11.145+0000] {logging_mixin.py:150} INFO - [2023-08-09T03:20:11.145+0000] {dagbag.py:541} INFO - Filling up the DagBag from /home/airflow/.local/lib/python3.7/site-packages/airflow/example_dags/example_short_circuit_decorator.py
[2023-08-09T03:20:11.153+0000] {processor.py:836} INFO - DAG(s) dict_keys(['example_short_circuit_decorator']) retrieved from /home/airflow/.local/lib/python3.7/site-packages/airflow/example_dags/example_short_circuit_decorator.py
[2023-08-09T03:20:11.177+0000] {logging_mixin.py:150} INFO - [2023-08-09T03:20:11.176+0000] {dag.py:2742} INFO - Sync 1 DAGs
[2023-08-09T03:20:11.199+0000] {logging_mixin.py:150} INFO - [2023-08-09T03:20:11.199+0000] {dag.py:3508} INFO - Setting next_dagrun for example_short_circuit_decorator to 2023-08-08T03:20:11.199535+00:00, run_after=2023-08-09T03:20:11.199535+00:00
[2023-08-09T03:20:11.216+0000] {processor.py:179} INFO - Processing /home/airflow/.local/lib/python3.7/site-packages/airflow/example_dags/example_short_circuit_decorator.py took 0.075 seconds
[2023-08-09T03:20:42.114+0000] {processor.py:157} INFO - Started process (PID=1157) to work on /home/airflow/.local/lib/python3.7/site-packages/airflow/example_dags/example_short_circuit_decorator.py
[2023-08-09T03:20:42.114+0000] {processor.py:826} INFO - Processing file /home/airflow/.local/lib/python3.7/site-packages/airflow/example_dags/example_short_circuit_decorator.py for tasks to queue
[2023-08-09T03:20:42.116+0000] {logging_mixin.py:150} INFO - [2023-08-09T03:20:42.116+0000] {dagbag.py:541} INFO - Filling up the DagBag from /home/airflow/.local/lib/python3.7/site-packages/airflow/example_dags/example_short_circuit_decorator.py
[2023-08-09T03:20:42.126+0000] {processor.py:836} INFO - DAG(s) dict_keys(['example_short_circuit_decorator']) retrieved from /home/airflow/.local/lib/python3.7/site-packages/airflow/example_dags/example_short_circuit_decorator.py
[2023-08-09T03:20:42.150+0000] {logging_mixin.py:150} INFO - [2023-08-09T03:20:42.149+0000] {dag.py:2742} INFO - Sync 1 DAGs
[2023-08-09T03:20:42.172+0000] {logging_mixin.py:150} INFO - [2023-08-09T03:20:42.171+0000] {dag.py:3508} INFO - Setting next_dagrun for example_short_circuit_decorator to 2023-08-08T03:20:42.171815+00:00, run_after=2023-08-09T03:20:42.171815+00:00
[2023-08-09T03:20:42.195+0000] {processor.py:179} INFO - Processing /home/airflow/.local/lib/python3.7/site-packages/airflow/example_dags/example_short_circuit_decorator.py took 0.084 seconds
[2023-08-09T03:21:12.328+0000] {processor.py:157} INFO - Started process (PID=1212) to work on /home/airflow/.local/lib/python3.7/site-packages/airflow/example_dags/example_short_circuit_decorator.py
[2023-08-09T03:21:12.329+0000] {processor.py:826} INFO - Processing file /home/airflow/.local/lib/python3.7/site-packages/airflow/example_dags/example_short_circuit_decorator.py for tasks to queue
[2023-08-09T03:21:12.330+0000] {logging_mixin.py:150} INFO - [2023-08-09T03:21:12.330+0000] {dagbag.py:541} INFO - Filling up the DagBag from /home/airflow/.local/lib/python3.7/site-packages/airflow/example_dags/example_short_circuit_decorator.py
[2023-08-09T03:21:12.338+0000] {processor.py:836} INFO - DAG(s) dict_keys(['example_short_circuit_decorator']) retrieved from /home/airflow/.local/lib/python3.7/site-packages/airflow/example_dags/example_short_circuit_decorator.py
[2023-08-09T03:21:12.364+0000] {logging_mixin.py:150} INFO - [2023-08-09T03:21:12.364+0000] {dag.py:2742} INFO - Sync 1 DAGs
[2023-08-09T03:21:12.389+0000] {logging_mixin.py:150} INFO - [2023-08-09T03:21:12.388+0000] {dag.py:3508} INFO - Setting next_dagrun for example_short_circuit_decorator to 2023-08-08T03:21:12.388621+00:00, run_after=2023-08-09T03:21:12.388621+00:00
[2023-08-09T03:21:12.406+0000] {processor.py:179} INFO - Processing /home/airflow/.local/lib/python3.7/site-packages/airflow/example_dags/example_short_circuit_decorator.py took 0.081 seconds
[2023-08-09T03:21:42.634+0000] {processor.py:157} INFO - Started process (PID=1267) to work on /home/airflow/.local/lib/python3.7/site-packages/airflow/example_dags/example_short_circuit_decorator.py
[2023-08-09T03:21:42.635+0000] {processor.py:826} INFO - Processing file /home/airflow/.local/lib/python3.7/site-packages/airflow/example_dags/example_short_circuit_decorator.py for tasks to queue
[2023-08-09T03:21:42.638+0000] {logging_mixin.py:150} INFO - [2023-08-09T03:21:42.637+0000] {dagbag.py:541} INFO - Filling up the DagBag from /home/airflow/.local/lib/python3.7/site-packages/airflow/example_dags/example_short_circuit_decorator.py
[2023-08-09T03:21:42.652+0000] {processor.py:836} INFO - DAG(s) dict_keys(['example_short_circuit_decorator']) retrieved from /home/airflow/.local/lib/python3.7/site-packages/airflow/example_dags/example_short_circuit_decorator.py
[2023-08-09T03:21:42.694+0000] {logging_mixin.py:150} INFO - [2023-08-09T03:21:42.693+0000] {dag.py:2742} INFO - Sync 1 DAGs
[2023-08-09T03:21:42.730+0000] {logging_mixin.py:150} INFO - [2023-08-09T03:21:42.729+0000] {dag.py:3508} INFO - Setting next_dagrun for example_short_circuit_decorator to 2023-08-08T03:21:42.729642+00:00, run_after=2023-08-09T03:21:42.729642+00:00
[2023-08-09T03:21:42.749+0000] {processor.py:179} INFO - Processing /home/airflow/.local/lib/python3.7/site-packages/airflow/example_dags/example_short_circuit_decorator.py took 0.119 seconds
[2023-08-09T03:22:12.780+0000] {processor.py:157} INFO - Started process (PID=1322) to work on /home/airflow/.local/lib/python3.7/site-packages/airflow/example_dags/example_short_circuit_decorator.py
[2023-08-09T03:22:12.781+0000] {processor.py:826} INFO - Processing file /home/airflow/.local/lib/python3.7/site-packages/airflow/example_dags/example_short_circuit_decorator.py for tasks to queue
[2023-08-09T03:22:12.784+0000] {logging_mixin.py:150} INFO - [2023-08-09T03:22:12.784+0000] {dagbag.py:541} INFO - Filling up the DagBag from /home/airflow/.local/lib/python3.7/site-packages/airflow/example_dags/example_short_circuit_decorator.py
[2023-08-09T03:22:12.792+0000] {processor.py:836} INFO - DAG(s) dict_keys(['example_short_circuit_decorator']) retrieved from /home/airflow/.local/lib/python3.7/site-packages/airflow/example_dags/example_short_circuit_decorator.py
[2023-08-09T03:22:12.818+0000] {logging_mixin.py:150} INFO - [2023-08-09T03:22:12.818+0000] {dag.py:2742} INFO - Sync 1 DAGs
[2023-08-09T03:22:12.851+0000] {logging_mixin.py:150} INFO - [2023-08-09T03:22:12.851+0000] {dag.py:3508} INFO - Setting next_dagrun for example_short_circuit_decorator to 2023-08-08T03:22:12.850908+00:00, run_after=2023-08-09T03:22:12.850908+00:00
[2023-08-09T03:22:12.869+0000] {processor.py:179} INFO - Processing /home/airflow/.local/lib/python3.7/site-packages/airflow/example_dags/example_short_circuit_decorator.py took 0.093 seconds
[2023-08-09T03:22:42.982+0000] {processor.py:157} INFO - Started process (PID=1376) to work on /home/airflow/.local/lib/python3.7/site-packages/airflow/example_dags/example_short_circuit_decorator.py
[2023-08-09T03:22:42.982+0000] {processor.py:826} INFO - Processing file /home/airflow/.local/lib/python3.7/site-packages/airflow/example_dags/example_short_circuit_decorator.py for tasks to queue
[2023-08-09T03:22:42.984+0000] {logging_mixin.py:150} INFO - [2023-08-09T03:22:42.984+0000] {dagbag.py:541} INFO - Filling up the DagBag from /home/airflow/.local/lib/python3.7/site-packages/airflow/example_dags/example_short_circuit_decorator.py
[2023-08-09T03:22:42.992+0000] {processor.py:836} INFO - DAG(s) dict_keys(['example_short_circuit_decorator']) retrieved from /home/airflow/.local/lib/python3.7/site-packages/airflow/example_dags/example_short_circuit_decorator.py
[2023-08-09T03:22:43.017+0000] {logging_mixin.py:150} INFO - [2023-08-09T03:22:43.016+0000] {dag.py:2742} INFO - Sync 1 DAGs
[2023-08-09T03:22:43.043+0000] {logging_mixin.py:150} INFO - [2023-08-09T03:22:43.043+0000] {dag.py:3508} INFO - Setting next_dagrun for example_short_circuit_decorator to 2023-08-08T03:22:43.043263+00:00, run_after=2023-08-09T03:22:43.043263+00:00
[2023-08-09T03:22:43.064+0000] {processor.py:179} INFO - Processing /home/airflow/.local/lib/python3.7/site-packages/airflow/example_dags/example_short_circuit_decorator.py took 0.085 seconds
[2023-08-09T03:23:13.241+0000] {processor.py:157} INFO - Started process (PID=1431) to work on /home/airflow/.local/lib/python3.7/site-packages/airflow/example_dags/example_short_circuit_decorator.py
[2023-08-09T03:23:13.242+0000] {processor.py:826} INFO - Processing file /home/airflow/.local/lib/python3.7/site-packages/airflow/example_dags/example_short_circuit_decorator.py for tasks to queue
[2023-08-09T03:23:13.244+0000] {logging_mixin.py:150} INFO - [2023-08-09T03:23:13.244+0000] {dagbag.py:541} INFO - Filling up the DagBag from /home/airflow/.local/lib/python3.7/site-packages/airflow/example_dags/example_short_circuit_decorator.py
[2023-08-09T03:23:13.255+0000] {processor.py:836} INFO - DAG(s) dict_keys(['example_short_circuit_decorator']) retrieved from /home/airflow/.local/lib/python3.7/site-packages/airflow/example_dags/example_short_circuit_decorator.py
[2023-08-09T03:23:13.288+0000] {logging_mixin.py:150} INFO - [2023-08-09T03:23:13.287+0000] {dag.py:2742} INFO - Sync 1 DAGs
[2023-08-09T03:23:13.323+0000] {logging_mixin.py:150} INFO - [2023-08-09T03:23:13.323+0000] {dag.py:3508} INFO - Setting next_dagrun for example_short_circuit_decorator to 2023-08-08T03:23:13.323304+00:00, run_after=2023-08-09T03:23:13.323304+00:00
[2023-08-09T03:23:13.340+0000] {processor.py:179} INFO - Processing /home/airflow/.local/lib/python3.7/site-packages/airflow/example_dags/example_short_circuit_decorator.py took 0.104 seconds
[2023-08-09T03:23:43.466+0000] {processor.py:157} INFO - Started process (PID=1486) to work on /home/airflow/.local/lib/python3.7/site-packages/airflow/example_dags/example_short_circuit_decorator.py
[2023-08-09T03:23:43.467+0000] {processor.py:826} INFO - Processing file /home/airflow/.local/lib/python3.7/site-packages/airflow/example_dags/example_short_circuit_decorator.py for tasks to queue
[2023-08-09T03:23:43.469+0000] {logging_mixin.py:150} INFO - [2023-08-09T03:23:43.469+0000] {dagbag.py:541} INFO - Filling up the DagBag from /home/airflow/.local/lib/python3.7/site-packages/airflow/example_dags/example_short_circuit_decorator.py
[2023-08-09T03:23:43.478+0000] {processor.py:836} INFO - DAG(s) dict_keys(['example_short_circuit_decorator']) retrieved from /home/airflow/.local/lib/python3.7/site-packages/airflow/example_dags/example_short_circuit_decorator.py
[2023-08-09T03:23:43.521+0000] {logging_mixin.py:150} INFO - [2023-08-09T03:23:43.520+0000] {dag.py:2742} INFO - Sync 1 DAGs
[2023-08-09T03:23:43.555+0000] {logging_mixin.py:150} INFO - [2023-08-09T03:23:43.555+0000] {dag.py:3508} INFO - Setting next_dagrun for example_short_circuit_decorator to 2023-08-08T03:23:43.555391+00:00, run_after=2023-08-09T03:23:43.555391+00:00
[2023-08-09T03:23:43.580+0000] {processor.py:179} INFO - Processing /home/airflow/.local/lib/python3.7/site-packages/airflow/example_dags/example_short_circuit_decorator.py took 0.116 seconds
[2023-08-09T03:24:13.797+0000] {processor.py:157} INFO - Started process (PID=1541) to work on /home/airflow/.local/lib/python3.7/site-packages/airflow/example_dags/example_short_circuit_decorator.py
[2023-08-09T03:24:13.798+0000] {processor.py:826} INFO - Processing file /home/airflow/.local/lib/python3.7/site-packages/airflow/example_dags/example_short_circuit_decorator.py for tasks to queue
[2023-08-09T03:24:13.800+0000] {logging_mixin.py:150} INFO - [2023-08-09T03:24:13.800+0000] {dagbag.py:541} INFO - Filling up the DagBag from /home/airflow/.local/lib/python3.7/site-packages/airflow/example_dags/example_short_circuit_decorator.py
[2023-08-09T03:24:13.807+0000] {processor.py:836} INFO - DAG(s) dict_keys(['example_short_circuit_decorator']) retrieved from /home/airflow/.local/lib/python3.7/site-packages/airflow/example_dags/example_short_circuit_decorator.py
[2023-08-09T03:24:13.841+0000] {logging_mixin.py:150} INFO - [2023-08-09T03:24:13.840+0000] {dag.py:2742} INFO - Sync 1 DAGs
[2023-08-09T03:24:13.874+0000] {logging_mixin.py:150} INFO - [2023-08-09T03:24:13.874+0000] {dag.py:3508} INFO - Setting next_dagrun for example_short_circuit_decorator to 2023-08-08T03:24:13.874081+00:00, run_after=2023-08-09T03:24:13.874081+00:00
[2023-08-09T03:24:13.892+0000] {processor.py:179} INFO - Processing /home/airflow/.local/lib/python3.7/site-packages/airflow/example_dags/example_short_circuit_decorator.py took 0.098 seconds
[2023-08-09T03:24:44.042+0000] {processor.py:157} INFO - Started process (PID=1596) to work on /home/airflow/.local/lib/python3.7/site-packages/airflow/example_dags/example_short_circuit_decorator.py
[2023-08-09T03:24:44.043+0000] {processor.py:826} INFO - Processing file /home/airflow/.local/lib/python3.7/site-packages/airflow/example_dags/example_short_circuit_decorator.py for tasks to queue
[2023-08-09T03:24:44.045+0000] {logging_mixin.py:150} INFO - [2023-08-09T03:24:44.044+0000] {dagbag.py:541} INFO - Filling up the DagBag from /home/airflow/.local/lib/python3.7/site-packages/airflow/example_dags/example_short_circuit_decorator.py
[2023-08-09T03:24:44.052+0000] {processor.py:836} INFO - DAG(s) dict_keys(['example_short_circuit_decorator']) retrieved from /home/airflow/.local/lib/python3.7/site-packages/airflow/example_dags/example_short_circuit_decorator.py
[2023-08-09T03:24:44.079+0000] {logging_mixin.py:150} INFO - [2023-08-09T03:24:44.079+0000] {dag.py:2742} INFO - Sync 1 DAGs
[2023-08-09T03:24:44.105+0000] {logging_mixin.py:150} INFO - [2023-08-09T03:24:44.105+0000] {dag.py:3508} INFO - Setting next_dagrun for example_short_circuit_decorator to 2023-08-08T03:24:44.104864+00:00, run_after=2023-08-09T03:24:44.104864+00:00
[2023-08-09T03:24:44.122+0000] {processor.py:179} INFO - Processing /home/airflow/.local/lib/python3.7/site-packages/airflow/example_dags/example_short_circuit_decorator.py took 0.083 seconds
[2023-08-09T03:25:14.245+0000] {processor.py:157} INFO - Started process (PID=1650) to work on /home/airflow/.local/lib/python3.7/site-packages/airflow/example_dags/example_short_circuit_decorator.py
[2023-08-09T03:25:14.245+0000] {processor.py:826} INFO - Processing file /home/airflow/.local/lib/python3.7/site-packages/airflow/example_dags/example_short_circuit_decorator.py for tasks to queue
[2023-08-09T03:25:14.247+0000] {logging_mixin.py:150} INFO - [2023-08-09T03:25:14.247+0000] {dagbag.py:541} INFO - Filling up the DagBag from /home/airflow/.local/lib/python3.7/site-packages/airflow/example_dags/example_short_circuit_decorator.py
[2023-08-09T03:25:14.254+0000] {processor.py:836} INFO - DAG(s) dict_keys(['example_short_circuit_decorator']) retrieved from /home/airflow/.local/lib/python3.7/site-packages/airflow/example_dags/example_short_circuit_decorator.py
[2023-08-09T03:25:14.277+0000] {logging_mixin.py:150} INFO - [2023-08-09T03:25:14.276+0000] {dag.py:2742} INFO - Sync 1 DAGs
[2023-08-09T03:25:14.301+0000] {logging_mixin.py:150} INFO - [2023-08-09T03:25:14.301+0000] {dag.py:3508} INFO - Setting next_dagrun for example_short_circuit_decorator to 2023-08-08T03:25:14.300891+00:00, run_after=2023-08-09T03:25:14.300891+00:00
[2023-08-09T03:25:14.318+0000] {processor.py:179} INFO - Processing /home/airflow/.local/lib/python3.7/site-packages/airflow/example_dags/example_short_circuit_decorator.py took 0.076 seconds
[2023-08-09T03:25:44.513+0000] {processor.py:157} INFO - Started process (PID=1705) to work on /home/airflow/.local/lib/python3.7/site-packages/airflow/example_dags/example_short_circuit_decorator.py
[2023-08-09T03:25:44.514+0000] {processor.py:826} INFO - Processing file /home/airflow/.local/lib/python3.7/site-packages/airflow/example_dags/example_short_circuit_decorator.py for tasks to queue
[2023-08-09T03:25:44.516+0000] {logging_mixin.py:150} INFO - [2023-08-09T03:25:44.515+0000] {dagbag.py:541} INFO - Filling up the DagBag from /home/airflow/.local/lib/python3.7/site-packages/airflow/example_dags/example_short_circuit_decorator.py
[2023-08-09T03:25:44.524+0000] {processor.py:836} INFO - DAG(s) dict_keys(['example_short_circuit_decorator']) retrieved from /home/airflow/.local/lib/python3.7/site-packages/airflow/example_dags/example_short_circuit_decorator.py
[2023-08-09T03:25:44.559+0000] {logging_mixin.py:150} INFO - [2023-08-09T03:25:44.559+0000] {dag.py:2742} INFO - Sync 1 DAGs
[2023-08-09T03:25:44.587+0000] {logging_mixin.py:150} INFO - [2023-08-09T03:25:44.586+0000] {dag.py:3508} INFO - Setting next_dagrun for example_short_circuit_decorator to 2023-08-08T03:25:44.586759+00:00, run_after=2023-08-09T03:25:44.586759+00:00
[2023-08-09T03:25:44.606+0000] {processor.py:179} INFO - Processing /home/airflow/.local/lib/python3.7/site-packages/airflow/example_dags/example_short_circuit_decorator.py took 0.096 seconds
[2023-08-09T03:26:15.000+0000] {processor.py:157} INFO - Started process (PID=1759) to work on /home/airflow/.local/lib/python3.7/site-packages/airflow/example_dags/example_short_circuit_decorator.py
[2023-08-09T03:26:15.001+0000] {processor.py:826} INFO - Processing file /home/airflow/.local/lib/python3.7/site-packages/airflow/example_dags/example_short_circuit_decorator.py for tasks to queue
[2023-08-09T03:26:15.004+0000] {logging_mixin.py:150} INFO - [2023-08-09T03:26:15.003+0000] {dagbag.py:541} INFO - Filling up the DagBag from /home/airflow/.local/lib/python3.7/site-packages/airflow/example_dags/example_short_circuit_decorator.py
[2023-08-09T03:26:15.018+0000] {processor.py:836} INFO - DAG(s) dict_keys(['example_short_circuit_decorator']) retrieved from /home/airflow/.local/lib/python3.7/site-packages/airflow/example_dags/example_short_circuit_decorator.py
[2023-08-09T03:26:15.045+0000] {logging_mixin.py:150} INFO - [2023-08-09T03:26:15.045+0000] {dag.py:2742} INFO - Sync 1 DAGs
[2023-08-09T03:26:15.084+0000] {logging_mixin.py:150} INFO - [2023-08-09T03:26:15.084+0000] {dag.py:3508} INFO - Setting next_dagrun for example_short_circuit_decorator to 2023-08-08T03:26:15.084037+00:00, run_after=2023-08-09T03:26:15.084037+00:00
[2023-08-09T03:26:15.118+0000] {processor.py:179} INFO - Processing /home/airflow/.local/lib/python3.7/site-packages/airflow/example_dags/example_short_circuit_decorator.py took 0.123 seconds
[2023-08-09T03:26:45.974+0000] {processor.py:157} INFO - Started process (PID=1814) to work on /home/airflow/.local/lib/python3.7/site-packages/airflow/example_dags/example_short_circuit_decorator.py
[2023-08-09T03:26:45.975+0000] {processor.py:826} INFO - Processing file /home/airflow/.local/lib/python3.7/site-packages/airflow/example_dags/example_short_circuit_decorator.py for tasks to queue
[2023-08-09T03:26:45.977+0000] {logging_mixin.py:150} INFO - [2023-08-09T03:26:45.976+0000] {dagbag.py:541} INFO - Filling up the DagBag from /home/airflow/.local/lib/python3.7/site-packages/airflow/example_dags/example_short_circuit_decorator.py
[2023-08-09T03:26:45.984+0000] {processor.py:836} INFO - DAG(s) dict_keys(['example_short_circuit_decorator']) retrieved from /home/airflow/.local/lib/python3.7/site-packages/airflow/example_dags/example_short_circuit_decorator.py
[2023-08-09T03:26:46.009+0000] {logging_mixin.py:150} INFO - [2023-08-09T03:26:46.008+0000] {dag.py:2742} INFO - Sync 1 DAGs
[2023-08-09T03:26:46.032+0000] {logging_mixin.py:150} INFO - [2023-08-09T03:26:46.032+0000] {dag.py:3508} INFO - Setting next_dagrun for example_short_circuit_decorator to 2023-08-08T03:26:46.032184+00:00, run_after=2023-08-09T03:26:46.032184+00:00
[2023-08-09T03:26:46.049+0000] {processor.py:179} INFO - Processing /home/airflow/.local/lib/python3.7/site-packages/airflow/example_dags/example_short_circuit_decorator.py took 0.077 seconds
[2023-08-09T03:27:16.229+0000] {processor.py:157} INFO - Started process (PID=1868) to work on /home/airflow/.local/lib/python3.7/site-packages/airflow/example_dags/example_short_circuit_decorator.py
[2023-08-09T03:27:16.230+0000] {processor.py:826} INFO - Processing file /home/airflow/.local/lib/python3.7/site-packages/airflow/example_dags/example_short_circuit_decorator.py for tasks to queue
[2023-08-09T03:27:16.232+0000] {logging_mixin.py:150} INFO - [2023-08-09T03:27:16.231+0000] {dagbag.py:541} INFO - Filling up the DagBag from /home/airflow/.local/lib/python3.7/site-packages/airflow/example_dags/example_short_circuit_decorator.py
[2023-08-09T03:27:16.242+0000] {processor.py:836} INFO - DAG(s) dict_keys(['example_short_circuit_decorator']) retrieved from /home/airflow/.local/lib/python3.7/site-packages/airflow/example_dags/example_short_circuit_decorator.py
[2023-08-09T03:27:16.277+0000] {logging_mixin.py:150} INFO - [2023-08-09T03:27:16.277+0000] {dag.py:2742} INFO - Sync 1 DAGs
[2023-08-09T03:27:16.313+0000] {logging_mixin.py:150} INFO - [2023-08-09T03:27:16.313+0000] {dag.py:3508} INFO - Setting next_dagrun for example_short_circuit_decorator to 2023-08-08T03:27:16.313115+00:00, run_after=2023-08-09T03:27:16.313115+00:00
[2023-08-09T03:27:16.334+0000] {processor.py:179} INFO - Processing /home/airflow/.local/lib/python3.7/site-packages/airflow/example_dags/example_short_circuit_decorator.py took 0.108 seconds
[2023-08-09T03:27:46.594+0000] {processor.py:157} INFO - Started process (PID=1923) to work on /home/airflow/.local/lib/python3.7/site-packages/airflow/example_dags/example_short_circuit_decorator.py
[2023-08-09T03:27:46.596+0000] {processor.py:826} INFO - Processing file /home/airflow/.local/lib/python3.7/site-packages/airflow/example_dags/example_short_circuit_decorator.py for tasks to queue
[2023-08-09T03:27:46.598+0000] {logging_mixin.py:150} INFO - [2023-08-09T03:27:46.598+0000] {dagbag.py:541} INFO - Filling up the DagBag from /home/airflow/.local/lib/python3.7/site-packages/airflow/example_dags/example_short_circuit_decorator.py
[2023-08-09T03:27:46.609+0000] {processor.py:836} INFO - DAG(s) dict_keys(['example_short_circuit_decorator']) retrieved from /home/airflow/.local/lib/python3.7/site-packages/airflow/example_dags/example_short_circuit_decorator.py
[2023-08-09T03:27:46.635+0000] {logging_mixin.py:150} INFO - [2023-08-09T03:27:46.634+0000] {dag.py:2742} INFO - Sync 1 DAGs
[2023-08-09T03:27:46.661+0000] {logging_mixin.py:150} INFO - [2023-08-09T03:27:46.661+0000] {dag.py:3508} INFO - Setting next_dagrun for example_short_circuit_decorator to 2023-08-08T03:27:46.661195+00:00, run_after=2023-08-09T03:27:46.661195+00:00
[2023-08-09T03:27:46.677+0000] {processor.py:179} INFO - Processing /home/airflow/.local/lib/python3.7/site-packages/airflow/example_dags/example_short_circuit_decorator.py took 0.086 seconds
[2023-08-09T03:28:16.915+0000] {processor.py:157} INFO - Started process (PID=1978) to work on /home/airflow/.local/lib/python3.7/site-packages/airflow/example_dags/example_short_circuit_decorator.py
[2023-08-09T03:28:16.916+0000] {processor.py:826} INFO - Processing file /home/airflow/.local/lib/python3.7/site-packages/airflow/example_dags/example_short_circuit_decorator.py for tasks to queue
[2023-08-09T03:28:16.919+0000] {logging_mixin.py:150} INFO - [2023-08-09T03:28:16.919+0000] {dagbag.py:541} INFO - Filling up the DagBag from /home/airflow/.local/lib/python3.7/site-packages/airflow/example_dags/example_short_circuit_decorator.py
[2023-08-09T03:28:16.934+0000] {processor.py:836} INFO - DAG(s) dict_keys(['example_short_circuit_decorator']) retrieved from /home/airflow/.local/lib/python3.7/site-packages/airflow/example_dags/example_short_circuit_decorator.py
[2023-08-09T03:28:16.973+0000] {logging_mixin.py:150} INFO - [2023-08-09T03:28:16.972+0000] {dag.py:2742} INFO - Sync 1 DAGs
[2023-08-09T03:28:16.997+0000] {logging_mixin.py:150} INFO - [2023-08-09T03:28:16.997+0000] {dag.py:3508} INFO - Setting next_dagrun for example_short_circuit_decorator to 2023-08-08T03:28:16.996838+00:00, run_after=2023-08-09T03:28:16.996838+00:00
[2023-08-09T03:28:17.016+0000] {processor.py:179} INFO - Processing /home/airflow/.local/lib/python3.7/site-packages/airflow/example_dags/example_short_circuit_decorator.py took 0.106 seconds
[2023-08-09T03:28:47.195+0000] {processor.py:157} INFO - Started process (PID=2034) to work on /home/airflow/.local/lib/python3.7/site-packages/airflow/example_dags/example_short_circuit_decorator.py
[2023-08-09T03:28:47.196+0000] {processor.py:826} INFO - Processing file /home/airflow/.local/lib/python3.7/site-packages/airflow/example_dags/example_short_circuit_decorator.py for tasks to queue
[2023-08-09T03:28:47.198+0000] {logging_mixin.py:150} INFO - [2023-08-09T03:28:47.197+0000] {dagbag.py:541} INFO - Filling up the DagBag from /home/airflow/.local/lib/python3.7/site-packages/airflow/example_dags/example_short_circuit_decorator.py
[2023-08-09T03:28:47.206+0000] {processor.py:836} INFO - DAG(s) dict_keys(['example_short_circuit_decorator']) retrieved from /home/airflow/.local/lib/python3.7/site-packages/airflow/example_dags/example_short_circuit_decorator.py
[2023-08-09T03:28:47.229+0000] {logging_mixin.py:150} INFO - [2023-08-09T03:28:47.229+0000] {dag.py:2742} INFO - Sync 1 DAGs
[2023-08-09T03:28:47.252+0000] {logging_mixin.py:150} INFO - [2023-08-09T03:28:47.251+0000] {dag.py:3508} INFO - Setting next_dagrun for example_short_circuit_decorator to 2023-08-08T03:28:47.251622+00:00, run_after=2023-08-09T03:28:47.251622+00:00
[2023-08-09T03:28:47.272+0000] {processor.py:179} INFO - Processing /home/airflow/.local/lib/python3.7/site-packages/airflow/example_dags/example_short_circuit_decorator.py took 0.079 seconds
[2023-08-09T03:29:17.657+0000] {processor.py:157} INFO - Started process (PID=2089) to work on /home/airflow/.local/lib/python3.7/site-packages/airflow/example_dags/example_short_circuit_decorator.py
[2023-08-09T03:29:17.657+0000] {processor.py:826} INFO - Processing file /home/airflow/.local/lib/python3.7/site-packages/airflow/example_dags/example_short_circuit_decorator.py for tasks to queue
[2023-08-09T03:29:17.659+0000] {logging_mixin.py:150} INFO - [2023-08-09T03:29:17.659+0000] {dagbag.py:541} INFO - Filling up the DagBag from /home/airflow/.local/lib/python3.7/site-packages/airflow/example_dags/example_short_circuit_decorator.py
[2023-08-09T03:29:17.667+0000] {processor.py:836} INFO - DAG(s) dict_keys(['example_short_circuit_decorator']) retrieved from /home/airflow/.local/lib/python3.7/site-packages/airflow/example_dags/example_short_circuit_decorator.py
[2023-08-09T03:29:17.693+0000] {logging_mixin.py:150} INFO - [2023-08-09T03:29:17.692+0000] {dag.py:2742} INFO - Sync 1 DAGs
[2023-08-09T03:29:17.719+0000] {logging_mixin.py:150} INFO - [2023-08-09T03:29:17.719+0000] {dag.py:3508} INFO - Setting next_dagrun for example_short_circuit_decorator to 2023-08-08T03:29:17.719158+00:00, run_after=2023-08-09T03:29:17.719158+00:00
[2023-08-09T03:29:17.739+0000] {processor.py:179} INFO - Processing /home/airflow/.local/lib/python3.7/site-packages/airflow/example_dags/example_short_circuit_decorator.py took 0.085 seconds
[2023-08-09T03:29:48.779+0000] {processor.py:157} INFO - Started process (PID=2144) to work on /home/airflow/.local/lib/python3.7/site-packages/airflow/example_dags/example_short_circuit_decorator.py
[2023-08-09T03:29:48.779+0000] {processor.py:826} INFO - Processing file /home/airflow/.local/lib/python3.7/site-packages/airflow/example_dags/example_short_circuit_decorator.py for tasks to queue
[2023-08-09T03:29:48.780+0000] {logging_mixin.py:150} INFO - [2023-08-09T03:29:48.780+0000] {dagbag.py:541} INFO - Filling up the DagBag from /home/airflow/.local/lib/python3.7/site-packages/airflow/example_dags/example_short_circuit_decorator.py
[2023-08-09T03:29:48.788+0000] {processor.py:836} INFO - DAG(s) dict_keys(['example_short_circuit_decorator']) retrieved from /home/airflow/.local/lib/python3.7/site-packages/airflow/example_dags/example_short_circuit_decorator.py
[2023-08-09T03:29:48.811+0000] {logging_mixin.py:150} INFO - [2023-08-09T03:29:48.811+0000] {dag.py:2742} INFO - Sync 1 DAGs
[2023-08-09T03:29:48.838+0000] {logging_mixin.py:150} INFO - [2023-08-09T03:29:48.838+0000] {dag.py:3508} INFO - Setting next_dagrun for example_short_circuit_decorator to 2023-08-08T03:29:48.838297+00:00, run_after=2023-08-09T03:29:48.838297+00:00
[2023-08-09T03:29:48.857+0000] {processor.py:179} INFO - Processing /home/airflow/.local/lib/python3.7/site-packages/airflow/example_dags/example_short_circuit_decorator.py took 0.081 seconds
[2023-08-09T03:30:19.740+0000] {processor.py:157} INFO - Started process (PID=2199) to work on /home/airflow/.local/lib/python3.7/site-packages/airflow/example_dags/example_short_circuit_decorator.py
[2023-08-09T03:30:19.740+0000] {processor.py:826} INFO - Processing file /home/airflow/.local/lib/python3.7/site-packages/airflow/example_dags/example_short_circuit_decorator.py for tasks to queue
[2023-08-09T03:30:19.741+0000] {logging_mixin.py:150} INFO - [2023-08-09T03:30:19.741+0000] {dagbag.py:541} INFO - Filling up the DagBag from /home/airflow/.local/lib/python3.7/site-packages/airflow/example_dags/example_short_circuit_decorator.py
[2023-08-09T03:30:19.753+0000] {processor.py:836} INFO - DAG(s) dict_keys(['example_short_circuit_decorator']) retrieved from /home/airflow/.local/lib/python3.7/site-packages/airflow/example_dags/example_short_circuit_decorator.py
[2023-08-09T03:30:19.777+0000] {logging_mixin.py:150} INFO - [2023-08-09T03:30:19.776+0000] {dag.py:2742} INFO - Sync 1 DAGs
[2023-08-09T03:30:19.800+0000] {logging_mixin.py:150} INFO - [2023-08-09T03:30:19.799+0000] {dag.py:3508} INFO - Setting next_dagrun for example_short_circuit_decorator to 2023-08-08T03:30:19.799671+00:00, run_after=2023-08-09T03:30:19.799671+00:00
[2023-08-09T03:30:19.816+0000] {processor.py:179} INFO - Processing /home/airflow/.local/lib/python3.7/site-packages/airflow/example_dags/example_short_circuit_decorator.py took 0.079 seconds
[2023-08-09T03:30:49.898+0000] {processor.py:157} INFO - Started process (PID=2255) to work on /home/airflow/.local/lib/python3.7/site-packages/airflow/example_dags/example_short_circuit_decorator.py
[2023-08-09T03:30:49.899+0000] {processor.py:826} INFO - Processing file /home/airflow/.local/lib/python3.7/site-packages/airflow/example_dags/example_short_circuit_decorator.py for tasks to queue
[2023-08-09T03:30:49.900+0000] {logging_mixin.py:150} INFO - [2023-08-09T03:30:49.900+0000] {dagbag.py:541} INFO - Filling up the DagBag from /home/airflow/.local/lib/python3.7/site-packages/airflow/example_dags/example_short_circuit_decorator.py
[2023-08-09T03:30:49.915+0000] {processor.py:836} INFO - DAG(s) dict_keys(['example_short_circuit_decorator']) retrieved from /home/airflow/.local/lib/python3.7/site-packages/airflow/example_dags/example_short_circuit_decorator.py
[2023-08-09T03:30:49.952+0000] {logging_mixin.py:150} INFO - [2023-08-09T03:30:49.951+0000] {dag.py:2742} INFO - Sync 1 DAGs
[2023-08-09T03:30:49.989+0000] {logging_mixin.py:150} INFO - [2023-08-09T03:30:49.988+0000] {dag.py:3508} INFO - Setting next_dagrun for example_short_circuit_decorator to 2023-08-08T03:30:49.988291+00:00, run_after=2023-08-09T03:30:49.988291+00:00
[2023-08-09T03:30:50.023+0000] {processor.py:179} INFO - Processing /home/airflow/.local/lib/python3.7/site-packages/airflow/example_dags/example_short_circuit_decorator.py took 0.127 seconds
[2023-08-09T03:31:20.507+0000] {processor.py:157} INFO - Started process (PID=2313) to work on /home/airflow/.local/lib/python3.7/site-packages/airflow/example_dags/example_short_circuit_decorator.py
[2023-08-09T03:31:20.508+0000] {processor.py:826} INFO - Processing file /home/airflow/.local/lib/python3.7/site-packages/airflow/example_dags/example_short_circuit_decorator.py for tasks to queue
[2023-08-09T03:31:20.509+0000] {logging_mixin.py:150} INFO - [2023-08-09T03:31:20.509+0000] {dagbag.py:541} INFO - Filling up the DagBag from /home/airflow/.local/lib/python3.7/site-packages/airflow/example_dags/example_short_circuit_decorator.py
[2023-08-09T03:31:20.527+0000] {processor.py:836} INFO - DAG(s) dict_keys(['example_short_circuit_decorator']) retrieved from /home/airflow/.local/lib/python3.7/site-packages/airflow/example_dags/example_short_circuit_decorator.py
[2023-08-09T03:31:20.579+0000] {logging_mixin.py:150} INFO - [2023-08-09T03:31:20.579+0000] {dag.py:2742} INFO - Sync 1 DAGs
[2023-08-09T03:31:20.619+0000] {logging_mixin.py:150} INFO - [2023-08-09T03:31:20.618+0000] {dag.py:3508} INFO - Setting next_dagrun for example_short_circuit_decorator to 2023-08-08T03:31:20.618646+00:00, run_after=2023-08-09T03:31:20.618646+00:00
[2023-08-09T03:31:20.651+0000] {processor.py:179} INFO - Processing /home/airflow/.local/lib/python3.7/site-packages/airflow/example_dags/example_short_circuit_decorator.py took 0.148 seconds
[2023-08-09T03:31:50.808+0000] {processor.py:157} INFO - Started process (PID=2368) to work on /home/airflow/.local/lib/python3.7/site-packages/airflow/example_dags/example_short_circuit_decorator.py
[2023-08-09T03:31:50.809+0000] {processor.py:826} INFO - Processing file /home/airflow/.local/lib/python3.7/site-packages/airflow/example_dags/example_short_circuit_decorator.py for tasks to queue
[2023-08-09T03:31:50.809+0000] {logging_mixin.py:150} INFO - [2023-08-09T03:31:50.809+0000] {dagbag.py:541} INFO - Filling up the DagBag from /home/airflow/.local/lib/python3.7/site-packages/airflow/example_dags/example_short_circuit_decorator.py
[2023-08-09T03:31:50.818+0000] {processor.py:836} INFO - DAG(s) dict_keys(['example_short_circuit_decorator']) retrieved from /home/airflow/.local/lib/python3.7/site-packages/airflow/example_dags/example_short_circuit_decorator.py
[2023-08-09T03:31:50.845+0000] {logging_mixin.py:150} INFO - [2023-08-09T03:31:50.845+0000] {dag.py:2742} INFO - Sync 1 DAGs
[2023-08-09T03:31:50.873+0000] {logging_mixin.py:150} INFO - [2023-08-09T03:31:50.873+0000] {dag.py:3508} INFO - Setting next_dagrun for example_short_circuit_decorator to 2023-08-08T03:31:50.873206+00:00, run_after=2023-08-09T03:31:50.873206+00:00
[2023-08-09T03:31:50.891+0000] {processor.py:179} INFO - Processing /home/airflow/.local/lib/python3.7/site-packages/airflow/example_dags/example_short_circuit_decorator.py took 0.086 seconds
[2023-08-09T03:32:21.274+0000] {processor.py:157} INFO - Started process (PID=2432) to work on /home/airflow/.local/lib/python3.7/site-packages/airflow/example_dags/example_short_circuit_decorator.py
[2023-08-09T03:32:21.275+0000] {processor.py:826} INFO - Processing file /home/airflow/.local/lib/python3.7/site-packages/airflow/example_dags/example_short_circuit_decorator.py for tasks to queue
[2023-08-09T03:32:21.275+0000] {logging_mixin.py:150} INFO - [2023-08-09T03:32:21.275+0000] {dagbag.py:541} INFO - Filling up the DagBag from /home/airflow/.local/lib/python3.7/site-packages/airflow/example_dags/example_short_circuit_decorator.py
[2023-08-09T03:32:21.284+0000] {processor.py:836} INFO - DAG(s) dict_keys(['example_short_circuit_decorator']) retrieved from /home/airflow/.local/lib/python3.7/site-packages/airflow/example_dags/example_short_circuit_decorator.py
[2023-08-09T03:32:21.316+0000] {logging_mixin.py:150} INFO - [2023-08-09T03:32:21.316+0000] {dag.py:2742} INFO - Sync 1 DAGs
[2023-08-09T03:32:21.341+0000] {logging_mixin.py:150} INFO - [2023-08-09T03:32:21.341+0000] {dag.py:3508} INFO - Setting next_dagrun for example_short_circuit_decorator to 2023-08-08T03:32:21.341551+00:00, run_after=2023-08-09T03:32:21.341551+00:00
[2023-08-09T03:32:21.366+0000] {processor.py:179} INFO - Processing /home/airflow/.local/lib/python3.7/site-packages/airflow/example_dags/example_short_circuit_decorator.py took 0.095 seconds
[2023-08-09T03:32:51.754+0000] {processor.py:157} INFO - Started process (PID=2487) to work on /home/airflow/.local/lib/python3.7/site-packages/airflow/example_dags/example_short_circuit_decorator.py
[2023-08-09T03:32:51.755+0000] {processor.py:826} INFO - Processing file /home/airflow/.local/lib/python3.7/site-packages/airflow/example_dags/example_short_circuit_decorator.py for tasks to queue
[2023-08-09T03:32:51.756+0000] {logging_mixin.py:150} INFO - [2023-08-09T03:32:51.756+0000] {dagbag.py:541} INFO - Filling up the DagBag from /home/airflow/.local/lib/python3.7/site-packages/airflow/example_dags/example_short_circuit_decorator.py
[2023-08-09T03:32:51.771+0000] {processor.py:836} INFO - DAG(s) dict_keys(['example_short_circuit_decorator']) retrieved from /home/airflow/.local/lib/python3.7/site-packages/airflow/example_dags/example_short_circuit_decorator.py
[2023-08-09T03:32:51.886+0000] {logging_mixin.py:150} INFO - [2023-08-09T03:32:51.885+0000] {dag.py:2742} INFO - Sync 1 DAGs
[2023-08-09T03:32:51.944+0000] {logging_mixin.py:150} INFO - [2023-08-09T03:32:51.943+0000] {dag.py:3508} INFO - Setting next_dagrun for example_short_circuit_decorator to 2023-08-08T03:32:51.943545+00:00, run_after=2023-08-09T03:32:51.943545+00:00
[2023-08-09T03:32:51.995+0000] {processor.py:179} INFO - Processing /home/airflow/.local/lib/python3.7/site-packages/airflow/example_dags/example_short_circuit_decorator.py took 0.245 seconds
[2023-08-09T03:33:22.594+0000] {processor.py:157} INFO - Started process (PID=2542) to work on /home/airflow/.local/lib/python3.7/site-packages/airflow/example_dags/example_short_circuit_decorator.py
[2023-08-09T03:33:22.595+0000] {processor.py:826} INFO - Processing file /home/airflow/.local/lib/python3.7/site-packages/airflow/example_dags/example_short_circuit_decorator.py for tasks to queue
[2023-08-09T03:33:22.595+0000] {logging_mixin.py:150} INFO - [2023-08-09T03:33:22.595+0000] {dagbag.py:541} INFO - Filling up the DagBag from /home/airflow/.local/lib/python3.7/site-packages/airflow/example_dags/example_short_circuit_decorator.py
[2023-08-09T03:33:22.604+0000] {processor.py:836} INFO - DAG(s) dict_keys(['example_short_circuit_decorator']) retrieved from /home/airflow/.local/lib/python3.7/site-packages/airflow/example_dags/example_short_circuit_decorator.py
[2023-08-09T03:33:22.626+0000] {logging_mixin.py:150} INFO - [2023-08-09T03:33:22.626+0000] {dag.py:2742} INFO - Sync 1 DAGs
[2023-08-09T03:33:22.649+0000] {logging_mixin.py:150} INFO - [2023-08-09T03:33:22.649+0000] {dag.py:3508} INFO - Setting next_dagrun for example_short_circuit_decorator to 2023-08-08T03:33:22.648960+00:00, run_after=2023-08-09T03:33:22.648960+00:00
[2023-08-09T03:33:22.665+0000] {processor.py:179} INFO - Processing /home/airflow/.local/lib/python3.7/site-packages/airflow/example_dags/example_short_circuit_decorator.py took 0.073 seconds
[2023-08-09T03:33:53.148+0000] {processor.py:157} INFO - Started process (PID=2598) to work on /home/airflow/.local/lib/python3.7/site-packages/airflow/example_dags/example_short_circuit_decorator.py
[2023-08-09T03:33:53.149+0000] {processor.py:826} INFO - Processing file /home/airflow/.local/lib/python3.7/site-packages/airflow/example_dags/example_short_circuit_decorator.py for tasks to queue
[2023-08-09T03:33:53.150+0000] {logging_mixin.py:150} INFO - [2023-08-09T03:33:53.149+0000] {dagbag.py:541} INFO - Filling up the DagBag from /home/airflow/.local/lib/python3.7/site-packages/airflow/example_dags/example_short_circuit_decorator.py
[2023-08-09T03:33:53.160+0000] {processor.py:836} INFO - DAG(s) dict_keys(['example_short_circuit_decorator']) retrieved from /home/airflow/.local/lib/python3.7/site-packages/airflow/example_dags/example_short_circuit_decorator.py
[2023-08-09T03:33:53.196+0000] {logging_mixin.py:150} INFO - [2023-08-09T03:33:53.196+0000] {dag.py:2742} INFO - Sync 1 DAGs
[2023-08-09T03:33:53.235+0000] {logging_mixin.py:150} INFO - [2023-08-09T03:33:53.235+0000] {dag.py:3508} INFO - Setting next_dagrun for example_short_circuit_decorator to 2023-08-08T03:33:53.235547+00:00, run_after=2023-08-09T03:33:53.235547+00:00
[2023-08-09T03:33:53.253+0000] {processor.py:179} INFO - Processing /home/airflow/.local/lib/python3.7/site-packages/airflow/example_dags/example_short_circuit_decorator.py took 0.107 seconds
[2023-08-09T03:34:23.328+0000] {processor.py:157} INFO - Started process (PID=2654) to work on /home/airflow/.local/lib/python3.7/site-packages/airflow/example_dags/example_short_circuit_decorator.py
[2023-08-09T03:34:23.329+0000] {processor.py:826} INFO - Processing file /home/airflow/.local/lib/python3.7/site-packages/airflow/example_dags/example_short_circuit_decorator.py for tasks to queue
[2023-08-09T03:34:23.330+0000] {logging_mixin.py:150} INFO - [2023-08-09T03:34:23.330+0000] {dagbag.py:541} INFO - Filling up the DagBag from /home/airflow/.local/lib/python3.7/site-packages/airflow/example_dags/example_short_circuit_decorator.py
[2023-08-09T03:34:23.339+0000] {processor.py:836} INFO - DAG(s) dict_keys(['example_short_circuit_decorator']) retrieved from /home/airflow/.local/lib/python3.7/site-packages/airflow/example_dags/example_short_circuit_decorator.py
[2023-08-09T03:34:23.363+0000] {logging_mixin.py:150} INFO - [2023-08-09T03:34:23.363+0000] {dag.py:2742} INFO - Sync 1 DAGs
[2023-08-09T03:34:23.385+0000] {logging_mixin.py:150} INFO - [2023-08-09T03:34:23.385+0000] {dag.py:3508} INFO - Setting next_dagrun for example_short_circuit_decorator to 2023-08-08T03:34:23.384803+00:00, run_after=2023-08-09T03:34:23.384803+00:00
[2023-08-09T03:34:23.404+0000] {processor.py:179} INFO - Processing /home/airflow/.local/lib/python3.7/site-packages/airflow/example_dags/example_short_circuit_decorator.py took 0.079 seconds
[2023-08-09T03:34:53.750+0000] {processor.py:157} INFO - Started process (PID=2708) to work on /home/airflow/.local/lib/python3.7/site-packages/airflow/example_dags/example_short_circuit_decorator.py
[2023-08-09T03:34:53.751+0000] {processor.py:826} INFO - Processing file /home/airflow/.local/lib/python3.7/site-packages/airflow/example_dags/example_short_circuit_decorator.py for tasks to queue
[2023-08-09T03:34:53.752+0000] {logging_mixin.py:150} INFO - [2023-08-09T03:34:53.751+0000] {dagbag.py:541} INFO - Filling up the DagBag from /home/airflow/.local/lib/python3.7/site-packages/airflow/example_dags/example_short_circuit_decorator.py
[2023-08-09T03:34:53.765+0000] {processor.py:836} INFO - DAG(s) dict_keys(['example_short_circuit_decorator']) retrieved from /home/airflow/.local/lib/python3.7/site-packages/airflow/example_dags/example_short_circuit_decorator.py
[2023-08-09T03:34:53.800+0000] {logging_mixin.py:150} INFO - [2023-08-09T03:34:53.800+0000] {dag.py:2742} INFO - Sync 1 DAGs
[2023-08-09T03:34:53.836+0000] {logging_mixin.py:150} INFO - [2023-08-09T03:34:53.836+0000] {dag.py:3508} INFO - Setting next_dagrun for example_short_circuit_decorator to 2023-08-08T03:34:53.836375+00:00, run_after=2023-08-09T03:34:53.836375+00:00
[2023-08-09T03:34:53.865+0000] {processor.py:179} INFO - Processing /home/airflow/.local/lib/python3.7/site-packages/airflow/example_dags/example_short_circuit_decorator.py took 0.119 seconds
[2023-08-09T03:35:24.974+0000] {processor.py:157} INFO - Started process (PID=2763) to work on /home/airflow/.local/lib/python3.7/site-packages/airflow/example_dags/example_short_circuit_decorator.py
[2023-08-09T03:35:24.975+0000] {processor.py:826} INFO - Processing file /home/airflow/.local/lib/python3.7/site-packages/airflow/example_dags/example_short_circuit_decorator.py for tasks to queue
[2023-08-09T03:35:24.975+0000] {logging_mixin.py:150} INFO - [2023-08-09T03:35:24.975+0000] {dagbag.py:541} INFO - Filling up the DagBag from /home/airflow/.local/lib/python3.7/site-packages/airflow/example_dags/example_short_circuit_decorator.py
[2023-08-09T03:35:24.985+0000] {processor.py:836} INFO - DAG(s) dict_keys(['example_short_circuit_decorator']) retrieved from /home/airflow/.local/lib/python3.7/site-packages/airflow/example_dags/example_short_circuit_decorator.py
[2023-08-09T03:35:25.013+0000] {logging_mixin.py:150} INFO - [2023-08-09T03:35:25.013+0000] {dag.py:2742} INFO - Sync 1 DAGs
[2023-08-09T03:35:25.037+0000] {logging_mixin.py:150} INFO - [2023-08-09T03:35:25.037+0000] {dag.py:3508} INFO - Setting next_dagrun for example_short_circuit_decorator to 2023-08-08T03:35:25.037543+00:00, run_after=2023-08-09T03:35:25.037543+00:00
[2023-08-09T03:35:25.054+0000] {processor.py:179} INFO - Processing /home/airflow/.local/lib/python3.7/site-packages/airflow/example_dags/example_short_circuit_decorator.py took 0.083 seconds
[2023-08-09T03:35:55.261+0000] {processor.py:157} INFO - Started process (PID=2818) to work on /home/airflow/.local/lib/python3.7/site-packages/airflow/example_dags/example_short_circuit_decorator.py
[2023-08-09T03:35:55.262+0000] {processor.py:826} INFO - Processing file /home/airflow/.local/lib/python3.7/site-packages/airflow/example_dags/example_short_circuit_decorator.py for tasks to queue
[2023-08-09T03:35:55.262+0000] {logging_mixin.py:150} INFO - [2023-08-09T03:35:55.262+0000] {dagbag.py:541} INFO - Filling up the DagBag from /home/airflow/.local/lib/python3.7/site-packages/airflow/example_dags/example_short_circuit_decorator.py
[2023-08-09T03:35:55.272+0000] {processor.py:836} INFO - DAG(s) dict_keys(['example_short_circuit_decorator']) retrieved from /home/airflow/.local/lib/python3.7/site-packages/airflow/example_dags/example_short_circuit_decorator.py
[2023-08-09T03:35:55.298+0000] {logging_mixin.py:150} INFO - [2023-08-09T03:35:55.298+0000] {dag.py:2742} INFO - Sync 1 DAGs
[2023-08-09T03:35:55.325+0000] {logging_mixin.py:150} INFO - [2023-08-09T03:35:55.325+0000] {dag.py:3508} INFO - Setting next_dagrun for example_short_circuit_decorator to 2023-08-08T03:35:55.325100+00:00, run_after=2023-08-09T03:35:55.325100+00:00
[2023-08-09T03:35:55.351+0000] {processor.py:179} INFO - Processing /home/airflow/.local/lib/python3.7/site-packages/airflow/example_dags/example_short_circuit_decorator.py took 0.093 seconds
[2023-08-09T03:36:25.554+0000] {processor.py:157} INFO - Started process (PID=2873) to work on /home/airflow/.local/lib/python3.7/site-packages/airflow/example_dags/example_short_circuit_decorator.py
[2023-08-09T03:36:25.555+0000] {processor.py:826} INFO - Processing file /home/airflow/.local/lib/python3.7/site-packages/airflow/example_dags/example_short_circuit_decorator.py for tasks to queue
[2023-08-09T03:36:25.556+0000] {logging_mixin.py:150} INFO - [2023-08-09T03:36:25.555+0000] {dagbag.py:541} INFO - Filling up the DagBag from /home/airflow/.local/lib/python3.7/site-packages/airflow/example_dags/example_short_circuit_decorator.py
[2023-08-09T03:36:25.566+0000] {processor.py:836} INFO - DAG(s) dict_keys(['example_short_circuit_decorator']) retrieved from /home/airflow/.local/lib/python3.7/site-packages/airflow/example_dags/example_short_circuit_decorator.py
[2023-08-09T03:36:25.598+0000] {logging_mixin.py:150} INFO - [2023-08-09T03:36:25.597+0000] {dag.py:2742} INFO - Sync 1 DAGs
[2023-08-09T03:36:25.643+0000] {logging_mixin.py:150} INFO - [2023-08-09T03:36:25.643+0000] {dag.py:3508} INFO - Setting next_dagrun for example_short_circuit_decorator to 2023-08-08T03:36:25.642941+00:00, run_after=2023-08-09T03:36:25.642941+00:00
[2023-08-09T03:36:25.680+0000] {processor.py:179} INFO - Processing /home/airflow/.local/lib/python3.7/site-packages/airflow/example_dags/example_short_circuit_decorator.py took 0.128 seconds
