[2023-08-09T03:10:31.586+0000] {processor.py:157} INFO - Started process (PID=47) to work on /home/airflow/.local/lib/python3.7/site-packages/airflow/example_dags/example_bash_operator.py
[2023-08-09T03:10:31.587+0000] {processor.py:826} INFO - Processing file /home/airflow/.local/lib/python3.7/site-packages/airflow/example_dags/example_bash_operator.py for tasks to queue
[2023-08-09T03:10:31.589+0000] {logging_mixin.py:150} INFO - [2023-08-09T03:10:31.589+0000] {dagbag.py:541} INFO - Filling up the DagBag from /home/airflow/.local/lib/python3.7/site-packages/airflow/example_dags/example_bash_operator.py
[2023-08-09T03:10:31.611+0000] {processor.py:836} INFO - DAG(s) dict_keys(['example_bash_operator']) retrieved from /home/airflow/.local/lib/python3.7/site-packages/airflow/example_dags/example_bash_operator.py
[2023-08-09T03:10:31.690+0000] {logging_mixin.py:150} INFO - [2023-08-09T03:10:31.690+0000] {dag.py:2742} INFO - Sync 1 DAGs
[2023-08-09T03:10:31.733+0000] {logging_mixin.py:150} INFO - [2023-08-09T03:10:31.733+0000] {dag.py:3508} INFO - Setting next_dagrun for example_bash_operator to 2023-08-08T00:00:00+00:00, run_after=2023-08-09T00:00:00+00:00
[2023-08-09T03:10:31.759+0000] {processor.py:179} INFO - Processing /home/airflow/.local/lib/python3.7/site-packages/airflow/example_dags/example_bash_operator.py took 0.177 seconds
[2023-08-09T03:11:02.179+0000] {processor.py:157} INFO - Started process (PID=102) to work on /home/airflow/.local/lib/python3.7/site-packages/airflow/example_dags/example_bash_operator.py
[2023-08-09T03:11:02.180+0000] {processor.py:826} INFO - Processing file /home/airflow/.local/lib/python3.7/site-packages/airflow/example_dags/example_bash_operator.py for tasks to queue
[2023-08-09T03:11:02.182+0000] {logging_mixin.py:150} INFO - [2023-08-09T03:11:02.181+0000] {dagbag.py:541} INFO - Filling up the DagBag from /home/airflow/.local/lib/python3.7/site-packages/airflow/example_dags/example_bash_operator.py
[2023-08-09T03:11:02.194+0000] {processor.py:836} INFO - DAG(s) dict_keys(['example_bash_operator']) retrieved from /home/airflow/.local/lib/python3.7/site-packages/airflow/example_dags/example_bash_operator.py
[2023-08-09T03:11:02.232+0000] {logging_mixin.py:150} INFO - [2023-08-09T03:11:02.231+0000] {dag.py:2742} INFO - Sync 1 DAGs
[2023-08-09T03:11:02.263+0000] {logging_mixin.py:150} INFO - [2023-08-09T03:11:02.263+0000] {dag.py:3508} INFO - Setting next_dagrun for example_bash_operator to 2023-08-08T00:00:00+00:00, run_after=2023-08-09T00:00:00+00:00
[2023-08-09T03:11:02.284+0000] {processor.py:179} INFO - Processing /home/airflow/.local/lib/python3.7/site-packages/airflow/example_dags/example_bash_operator.py took 0.108 seconds
[2023-08-09T03:11:32.410+0000] {processor.py:157} INFO - Started process (PID=157) to work on /home/airflow/.local/lib/python3.7/site-packages/airflow/example_dags/example_bash_operator.py
[2023-08-09T03:11:32.410+0000] {processor.py:826} INFO - Processing file /home/airflow/.local/lib/python3.7/site-packages/airflow/example_dags/example_bash_operator.py for tasks to queue
[2023-08-09T03:11:32.412+0000] {logging_mixin.py:150} INFO - [2023-08-09T03:11:32.412+0000] {dagbag.py:541} INFO - Filling up the DagBag from /home/airflow/.local/lib/python3.7/site-packages/airflow/example_dags/example_bash_operator.py
[2023-08-09T03:11:32.424+0000] {processor.py:836} INFO - DAG(s) dict_keys(['example_bash_operator']) retrieved from /home/airflow/.local/lib/python3.7/site-packages/airflow/example_dags/example_bash_operator.py
[2023-08-09T03:11:32.463+0000] {logging_mixin.py:150} INFO - [2023-08-09T03:11:32.463+0000] {dag.py:2742} INFO - Sync 1 DAGs
[2023-08-09T03:11:32.493+0000] {logging_mixin.py:150} INFO - [2023-08-09T03:11:32.493+0000] {dag.py:3508} INFO - Setting next_dagrun for example_bash_operator to 2023-08-08T00:00:00+00:00, run_after=2023-08-09T00:00:00+00:00
[2023-08-09T03:11:32.516+0000] {processor.py:179} INFO - Processing /home/airflow/.local/lib/python3.7/site-packages/airflow/example_dags/example_bash_operator.py took 0.109 seconds
[2023-08-09T03:12:03.247+0000] {processor.py:157} INFO - Started process (PID=213) to work on /home/airflow/.local/lib/python3.7/site-packages/airflow/example_dags/example_bash_operator.py
[2023-08-09T03:12:03.248+0000] {processor.py:826} INFO - Processing file /home/airflow/.local/lib/python3.7/site-packages/airflow/example_dags/example_bash_operator.py for tasks to queue
[2023-08-09T03:12:03.250+0000] {logging_mixin.py:150} INFO - [2023-08-09T03:12:03.250+0000] {dagbag.py:541} INFO - Filling up the DagBag from /home/airflow/.local/lib/python3.7/site-packages/airflow/example_dags/example_bash_operator.py
[2023-08-09T03:12:03.262+0000] {processor.py:836} INFO - DAG(s) dict_keys(['example_bash_operator']) retrieved from /home/airflow/.local/lib/python3.7/site-packages/airflow/example_dags/example_bash_operator.py
[2023-08-09T03:12:03.295+0000] {logging_mixin.py:150} INFO - [2023-08-09T03:12:03.295+0000] {dag.py:2742} INFO - Sync 1 DAGs
[2023-08-09T03:12:03.320+0000] {logging_mixin.py:150} INFO - [2023-08-09T03:12:03.320+0000] {dag.py:3508} INFO - Setting next_dagrun for example_bash_operator to 2023-08-08T00:00:00+00:00, run_after=2023-08-09T00:00:00+00:00
[2023-08-09T03:12:03.336+0000] {processor.py:179} INFO - Processing /home/airflow/.local/lib/python3.7/site-packages/airflow/example_dags/example_bash_operator.py took 0.092 seconds
[2023-08-09T03:12:33.484+0000] {processor.py:157} INFO - Started process (PID=268) to work on /home/airflow/.local/lib/python3.7/site-packages/airflow/example_dags/example_bash_operator.py
[2023-08-09T03:12:33.484+0000] {processor.py:826} INFO - Processing file /home/airflow/.local/lib/python3.7/site-packages/airflow/example_dags/example_bash_operator.py for tasks to queue
[2023-08-09T03:12:33.486+0000] {logging_mixin.py:150} INFO - [2023-08-09T03:12:33.486+0000] {dagbag.py:541} INFO - Filling up the DagBag from /home/airflow/.local/lib/python3.7/site-packages/airflow/example_dags/example_bash_operator.py
[2023-08-09T03:12:33.498+0000] {processor.py:836} INFO - DAG(s) dict_keys(['example_bash_operator']) retrieved from /home/airflow/.local/lib/python3.7/site-packages/airflow/example_dags/example_bash_operator.py
[2023-08-09T03:12:33.530+0000] {logging_mixin.py:150} INFO - [2023-08-09T03:12:33.530+0000] {dag.py:2742} INFO - Sync 1 DAGs
[2023-08-09T03:12:33.553+0000] {logging_mixin.py:150} INFO - [2023-08-09T03:12:33.553+0000] {dag.py:3508} INFO - Setting next_dagrun for example_bash_operator to 2023-08-08T00:00:00+00:00, run_after=2023-08-09T00:00:00+00:00
[2023-08-09T03:12:33.570+0000] {processor.py:179} INFO - Processing /home/airflow/.local/lib/python3.7/site-packages/airflow/example_dags/example_bash_operator.py took 0.089 seconds
[2023-08-09T03:13:03.744+0000] {processor.py:157} INFO - Started process (PID=323) to work on /home/airflow/.local/lib/python3.7/site-packages/airflow/example_dags/example_bash_operator.py
[2023-08-09T03:13:03.744+0000] {processor.py:826} INFO - Processing file /home/airflow/.local/lib/python3.7/site-packages/airflow/example_dags/example_bash_operator.py for tasks to queue
[2023-08-09T03:13:03.747+0000] {logging_mixin.py:150} INFO - [2023-08-09T03:13:03.746+0000] {dagbag.py:541} INFO - Filling up the DagBag from /home/airflow/.local/lib/python3.7/site-packages/airflow/example_dags/example_bash_operator.py
[2023-08-09T03:13:03.759+0000] {processor.py:836} INFO - DAG(s) dict_keys(['example_bash_operator']) retrieved from /home/airflow/.local/lib/python3.7/site-packages/airflow/example_dags/example_bash_operator.py
[2023-08-09T03:13:03.792+0000] {logging_mixin.py:150} INFO - [2023-08-09T03:13:03.792+0000] {dag.py:2742} INFO - Sync 1 DAGs
[2023-08-09T03:13:03.817+0000] {logging_mixin.py:150} INFO - [2023-08-09T03:13:03.816+0000] {dag.py:3508} INFO - Setting next_dagrun for example_bash_operator to 2023-08-08T00:00:00+00:00, run_after=2023-08-09T00:00:00+00:00
[2023-08-09T03:13:03.833+0000] {processor.py:179} INFO - Processing /home/airflow/.local/lib/python3.7/site-packages/airflow/example_dags/example_bash_operator.py took 0.092 seconds
[2023-08-09T03:13:34.749+0000] {processor.py:157} INFO - Started process (PID=378) to work on /home/airflow/.local/lib/python3.7/site-packages/airflow/example_dags/example_bash_operator.py
[2023-08-09T03:13:34.749+0000] {processor.py:826} INFO - Processing file /home/airflow/.local/lib/python3.7/site-packages/airflow/example_dags/example_bash_operator.py for tasks to queue
[2023-08-09T03:13:34.751+0000] {logging_mixin.py:150} INFO - [2023-08-09T03:13:34.751+0000] {dagbag.py:541} INFO - Filling up the DagBag from /home/airflow/.local/lib/python3.7/site-packages/airflow/example_dags/example_bash_operator.py
[2023-08-09T03:13:34.764+0000] {processor.py:836} INFO - DAG(s) dict_keys(['example_bash_operator']) retrieved from /home/airflow/.local/lib/python3.7/site-packages/airflow/example_dags/example_bash_operator.py
[2023-08-09T03:13:34.799+0000] {logging_mixin.py:150} INFO - [2023-08-09T03:13:34.799+0000] {dag.py:2742} INFO - Sync 1 DAGs
[2023-08-09T03:13:34.824+0000] {logging_mixin.py:150} INFO - [2023-08-09T03:13:34.824+0000] {dag.py:3508} INFO - Setting next_dagrun for example_bash_operator to 2023-08-08T00:00:00+00:00, run_after=2023-08-09T00:00:00+00:00
[2023-08-09T03:13:34.843+0000] {processor.py:179} INFO - Processing /home/airflow/.local/lib/python3.7/site-packages/airflow/example_dags/example_bash_operator.py took 0.096 seconds
[2023-08-09T03:14:05.101+0000] {processor.py:157} INFO - Started process (PID=433) to work on /home/airflow/.local/lib/python3.7/site-packages/airflow/example_dags/example_bash_operator.py
[2023-08-09T03:14:05.102+0000] {processor.py:826} INFO - Processing file /home/airflow/.local/lib/python3.7/site-packages/airflow/example_dags/example_bash_operator.py for tasks to queue
[2023-08-09T03:14:05.104+0000] {logging_mixin.py:150} INFO - [2023-08-09T03:14:05.104+0000] {dagbag.py:541} INFO - Filling up the DagBag from /home/airflow/.local/lib/python3.7/site-packages/airflow/example_dags/example_bash_operator.py
[2023-08-09T03:14:05.120+0000] {processor.py:836} INFO - DAG(s) dict_keys(['example_bash_operator']) retrieved from /home/airflow/.local/lib/python3.7/site-packages/airflow/example_dags/example_bash_operator.py
[2023-08-09T03:14:05.164+0000] {logging_mixin.py:150} INFO - [2023-08-09T03:14:05.163+0000] {dag.py:2742} INFO - Sync 1 DAGs
[2023-08-09T03:14:05.191+0000] {logging_mixin.py:150} INFO - [2023-08-09T03:14:05.190+0000] {dag.py:3508} INFO - Setting next_dagrun for example_bash_operator to 2023-08-08T00:00:00+00:00, run_after=2023-08-09T00:00:00+00:00
[2023-08-09T03:14:05.207+0000] {processor.py:179} INFO - Processing /home/airflow/.local/lib/python3.7/site-packages/airflow/example_dags/example_bash_operator.py took 0.109 seconds
[2023-08-09T03:14:35.330+0000] {processor.py:157} INFO - Started process (PID=489) to work on /home/airflow/.local/lib/python3.7/site-packages/airflow/example_dags/example_bash_operator.py
[2023-08-09T03:14:35.330+0000] {processor.py:826} INFO - Processing file /home/airflow/.local/lib/python3.7/site-packages/airflow/example_dags/example_bash_operator.py for tasks to queue
[2023-08-09T03:14:35.332+0000] {logging_mixin.py:150} INFO - [2023-08-09T03:14:35.332+0000] {dagbag.py:541} INFO - Filling up the DagBag from /home/airflow/.local/lib/python3.7/site-packages/airflow/example_dags/example_bash_operator.py
[2023-08-09T03:14:35.348+0000] {processor.py:836} INFO - DAG(s) dict_keys(['example_bash_operator']) retrieved from /home/airflow/.local/lib/python3.7/site-packages/airflow/example_dags/example_bash_operator.py
[2023-08-09T03:14:35.393+0000] {logging_mixin.py:150} INFO - [2023-08-09T03:14:35.393+0000] {dag.py:2742} INFO - Sync 1 DAGs
[2023-08-09T03:14:35.418+0000] {logging_mixin.py:150} INFO - [2023-08-09T03:14:35.418+0000] {dag.py:3508} INFO - Setting next_dagrun for example_bash_operator to 2023-08-08T00:00:00+00:00, run_after=2023-08-09T00:00:00+00:00
[2023-08-09T03:14:35.438+0000] {processor.py:179} INFO - Processing /home/airflow/.local/lib/python3.7/site-packages/airflow/example_dags/example_bash_operator.py took 0.111 seconds
[2023-08-09T03:15:05.714+0000] {processor.py:157} INFO - Started process (PID=544) to work on /home/airflow/.local/lib/python3.7/site-packages/airflow/example_dags/example_bash_operator.py
[2023-08-09T03:15:05.715+0000] {processor.py:826} INFO - Processing file /home/airflow/.local/lib/python3.7/site-packages/airflow/example_dags/example_bash_operator.py for tasks to queue
[2023-08-09T03:15:05.718+0000] {logging_mixin.py:150} INFO - [2023-08-09T03:15:05.717+0000] {dagbag.py:541} INFO - Filling up the DagBag from /home/airflow/.local/lib/python3.7/site-packages/airflow/example_dags/example_bash_operator.py
[2023-08-09T03:15:05.741+0000] {processor.py:836} INFO - DAG(s) dict_keys(['example_bash_operator']) retrieved from /home/airflow/.local/lib/python3.7/site-packages/airflow/example_dags/example_bash_operator.py
[2023-08-09T03:15:05.801+0000] {logging_mixin.py:150} INFO - [2023-08-09T03:15:05.801+0000] {dag.py:2742} INFO - Sync 1 DAGs
[2023-08-09T03:15:05.838+0000] {logging_mixin.py:150} INFO - [2023-08-09T03:15:05.838+0000] {dag.py:3508} INFO - Setting next_dagrun for example_bash_operator to 2023-08-08T00:00:00+00:00, run_after=2023-08-09T00:00:00+00:00
[2023-08-09T03:15:05.855+0000] {processor.py:179} INFO - Processing /home/airflow/.local/lib/python3.7/site-packages/airflow/example_dags/example_bash_operator.py took 0.145 seconds
[2023-08-09T03:15:36.050+0000] {processor.py:157} INFO - Started process (PID=599) to work on /home/airflow/.local/lib/python3.7/site-packages/airflow/example_dags/example_bash_operator.py
[2023-08-09T03:15:36.051+0000] {processor.py:826} INFO - Processing file /home/airflow/.local/lib/python3.7/site-packages/airflow/example_dags/example_bash_operator.py for tasks to queue
[2023-08-09T03:15:36.053+0000] {logging_mixin.py:150} INFO - [2023-08-09T03:15:36.053+0000] {dagbag.py:541} INFO - Filling up the DagBag from /home/airflow/.local/lib/python3.7/site-packages/airflow/example_dags/example_bash_operator.py
[2023-08-09T03:15:36.068+0000] {processor.py:836} INFO - DAG(s) dict_keys(['example_bash_operator']) retrieved from /home/airflow/.local/lib/python3.7/site-packages/airflow/example_dags/example_bash_operator.py
[2023-08-09T03:15:36.102+0000] {logging_mixin.py:150} INFO - [2023-08-09T03:15:36.102+0000] {dag.py:2742} INFO - Sync 1 DAGs
[2023-08-09T03:15:36.128+0000] {logging_mixin.py:150} INFO - [2023-08-09T03:15:36.127+0000] {dag.py:3508} INFO - Setting next_dagrun for example_bash_operator to 2023-08-08T00:00:00+00:00, run_after=2023-08-09T00:00:00+00:00
[2023-08-09T03:15:36.145+0000] {processor.py:179} INFO - Processing /home/airflow/.local/lib/python3.7/site-packages/airflow/example_dags/example_bash_operator.py took 0.099 seconds
[2023-08-09T03:16:07.140+0000] {processor.py:157} INFO - Started process (PID=654) to work on /home/airflow/.local/lib/python3.7/site-packages/airflow/example_dags/example_bash_operator.py
[2023-08-09T03:16:07.141+0000] {processor.py:826} INFO - Processing file /home/airflow/.local/lib/python3.7/site-packages/airflow/example_dags/example_bash_operator.py for tasks to queue
[2023-08-09T03:16:07.142+0000] {logging_mixin.py:150} INFO - [2023-08-09T03:16:07.142+0000] {dagbag.py:541} INFO - Filling up the DagBag from /home/airflow/.local/lib/python3.7/site-packages/airflow/example_dags/example_bash_operator.py
[2023-08-09T03:16:07.157+0000] {processor.py:836} INFO - DAG(s) dict_keys(['example_bash_operator']) retrieved from /home/airflow/.local/lib/python3.7/site-packages/airflow/example_dags/example_bash_operator.py
[2023-08-09T03:16:07.216+0000] {logging_mixin.py:150} INFO - [2023-08-09T03:16:07.216+0000] {dag.py:2742} INFO - Sync 1 DAGs
[2023-08-09T03:16:07.244+0000] {logging_mixin.py:150} INFO - [2023-08-09T03:16:07.243+0000] {dag.py:3508} INFO - Setting next_dagrun for example_bash_operator to 2023-08-08T00:00:00+00:00, run_after=2023-08-09T00:00:00+00:00
[2023-08-09T03:16:07.262+0000] {processor.py:179} INFO - Processing /home/airflow/.local/lib/python3.7/site-packages/airflow/example_dags/example_bash_operator.py took 0.125 seconds
[2023-08-09T03:16:37.642+0000] {processor.py:157} INFO - Started process (PID=709) to work on /home/airflow/.local/lib/python3.7/site-packages/airflow/example_dags/example_bash_operator.py
[2023-08-09T03:16:37.643+0000] {processor.py:826} INFO - Processing file /home/airflow/.local/lib/python3.7/site-packages/airflow/example_dags/example_bash_operator.py for tasks to queue
[2023-08-09T03:16:37.644+0000] {logging_mixin.py:150} INFO - [2023-08-09T03:16:37.644+0000] {dagbag.py:541} INFO - Filling up the DagBag from /home/airflow/.local/lib/python3.7/site-packages/airflow/example_dags/example_bash_operator.py
[2023-08-09T03:16:37.656+0000] {processor.py:836} INFO - DAG(s) dict_keys(['example_bash_operator']) retrieved from /home/airflow/.local/lib/python3.7/site-packages/airflow/example_dags/example_bash_operator.py
[2023-08-09T03:16:37.690+0000] {logging_mixin.py:150} INFO - [2023-08-09T03:16:37.690+0000] {dag.py:2742} INFO - Sync 1 DAGs
[2023-08-09T03:16:37.717+0000] {logging_mixin.py:150} INFO - [2023-08-09T03:16:37.716+0000] {dag.py:3508} INFO - Setting next_dagrun for example_bash_operator to 2023-08-08T00:00:00+00:00, run_after=2023-08-09T00:00:00+00:00
[2023-08-09T03:16:37.736+0000] {processor.py:179} INFO - Processing /home/airflow/.local/lib/python3.7/site-packages/airflow/example_dags/example_bash_operator.py took 0.096 seconds
[2023-08-09T03:17:07.948+0000] {processor.py:157} INFO - Started process (PID=764) to work on /home/airflow/.local/lib/python3.7/site-packages/airflow/example_dags/example_bash_operator.py
[2023-08-09T03:17:07.948+0000] {processor.py:826} INFO - Processing file /home/airflow/.local/lib/python3.7/site-packages/airflow/example_dags/example_bash_operator.py for tasks to queue
[2023-08-09T03:17:07.951+0000] {logging_mixin.py:150} INFO - [2023-08-09T03:17:07.950+0000] {dagbag.py:541} INFO - Filling up the DagBag from /home/airflow/.local/lib/python3.7/site-packages/airflow/example_dags/example_bash_operator.py
[2023-08-09T03:17:07.965+0000] {processor.py:836} INFO - DAG(s) dict_keys(['example_bash_operator']) retrieved from /home/airflow/.local/lib/python3.7/site-packages/airflow/example_dags/example_bash_operator.py
[2023-08-09T03:17:07.998+0000] {logging_mixin.py:150} INFO - [2023-08-09T03:17:07.998+0000] {dag.py:2742} INFO - Sync 1 DAGs
[2023-08-09T03:17:08.021+0000] {logging_mixin.py:150} INFO - [2023-08-09T03:17:08.021+0000] {dag.py:3508} INFO - Setting next_dagrun for example_bash_operator to 2023-08-08T00:00:00+00:00, run_after=2023-08-09T00:00:00+00:00
[2023-08-09T03:17:08.038+0000] {processor.py:179} INFO - Processing /home/airflow/.local/lib/python3.7/site-packages/airflow/example_dags/example_bash_operator.py took 0.093 seconds
[2023-08-09T03:17:38.413+0000] {processor.py:157} INFO - Started process (PID=820) to work on /home/airflow/.local/lib/python3.7/site-packages/airflow/example_dags/example_bash_operator.py
[2023-08-09T03:17:38.414+0000] {processor.py:826} INFO - Processing file /home/airflow/.local/lib/python3.7/site-packages/airflow/example_dags/example_bash_operator.py for tasks to queue
[2023-08-09T03:17:38.416+0000] {logging_mixin.py:150} INFO - [2023-08-09T03:17:38.416+0000] {dagbag.py:541} INFO - Filling up the DagBag from /home/airflow/.local/lib/python3.7/site-packages/airflow/example_dags/example_bash_operator.py
[2023-08-09T03:17:38.430+0000] {processor.py:836} INFO - DAG(s) dict_keys(['example_bash_operator']) retrieved from /home/airflow/.local/lib/python3.7/site-packages/airflow/example_dags/example_bash_operator.py
[2023-08-09T03:17:38.482+0000] {logging_mixin.py:150} INFO - [2023-08-09T03:17:38.482+0000] {dag.py:2742} INFO - Sync 1 DAGs
[2023-08-09T03:17:38.517+0000] {logging_mixin.py:150} INFO - [2023-08-09T03:17:38.517+0000] {dag.py:3508} INFO - Setting next_dagrun for example_bash_operator to 2023-08-08T00:00:00+00:00, run_after=2023-08-09T00:00:00+00:00
[2023-08-09T03:17:38.538+0000] {processor.py:179} INFO - Processing /home/airflow/.local/lib/python3.7/site-packages/airflow/example_dags/example_bash_operator.py took 0.128 seconds
[2023-08-09T03:18:08.609+0000] {processor.py:157} INFO - Started process (PID=875) to work on /home/airflow/.local/lib/python3.7/site-packages/airflow/example_dags/example_bash_operator.py
[2023-08-09T03:18:08.610+0000] {processor.py:826} INFO - Processing file /home/airflow/.local/lib/python3.7/site-packages/airflow/example_dags/example_bash_operator.py for tasks to queue
[2023-08-09T03:18:08.612+0000] {logging_mixin.py:150} INFO - [2023-08-09T03:18:08.611+0000] {dagbag.py:541} INFO - Filling up the DagBag from /home/airflow/.local/lib/python3.7/site-packages/airflow/example_dags/example_bash_operator.py
[2023-08-09T03:18:08.623+0000] {processor.py:836} INFO - DAG(s) dict_keys(['example_bash_operator']) retrieved from /home/airflow/.local/lib/python3.7/site-packages/airflow/example_dags/example_bash_operator.py
[2023-08-09T03:18:08.657+0000] {logging_mixin.py:150} INFO - [2023-08-09T03:18:08.656+0000] {dag.py:2742} INFO - Sync 1 DAGs
[2023-08-09T03:18:08.694+0000] {logging_mixin.py:150} INFO - [2023-08-09T03:18:08.693+0000] {dag.py:3508} INFO - Setting next_dagrun for example_bash_operator to 2023-08-08T00:00:00+00:00, run_after=2023-08-09T00:00:00+00:00
[2023-08-09T03:18:08.717+0000] {processor.py:179} INFO - Processing /home/airflow/.local/lib/python3.7/site-packages/airflow/example_dags/example_bash_operator.py took 0.110 seconds
[2023-08-09T03:18:39.148+0000] {processor.py:157} INFO - Started process (PID=930) to work on /home/airflow/.local/lib/python3.7/site-packages/airflow/example_dags/example_bash_operator.py
[2023-08-09T03:18:39.149+0000] {processor.py:826} INFO - Processing file /home/airflow/.local/lib/python3.7/site-packages/airflow/example_dags/example_bash_operator.py for tasks to queue
[2023-08-09T03:18:39.152+0000] {logging_mixin.py:150} INFO - [2023-08-09T03:18:39.151+0000] {dagbag.py:541} INFO - Filling up the DagBag from /home/airflow/.local/lib/python3.7/site-packages/airflow/example_dags/example_bash_operator.py
[2023-08-09T03:18:39.171+0000] {processor.py:836} INFO - DAG(s) dict_keys(['example_bash_operator']) retrieved from /home/airflow/.local/lib/python3.7/site-packages/airflow/example_dags/example_bash_operator.py
[2023-08-09T03:18:39.205+0000] {logging_mixin.py:150} INFO - [2023-08-09T03:18:39.205+0000] {dag.py:2742} INFO - Sync 1 DAGs
[2023-08-09T03:18:39.230+0000] {logging_mixin.py:150} INFO - [2023-08-09T03:18:39.230+0000] {dag.py:3508} INFO - Setting next_dagrun for example_bash_operator to 2023-08-08T00:00:00+00:00, run_after=2023-08-09T00:00:00+00:00
[2023-08-09T03:18:39.248+0000] {processor.py:179} INFO - Processing /home/airflow/.local/lib/python3.7/site-packages/airflow/example_dags/example_bash_operator.py took 0.104 seconds
[2023-08-09T03:19:09.617+0000] {processor.py:157} INFO - Started process (PID=985) to work on /home/airflow/.local/lib/python3.7/site-packages/airflow/example_dags/example_bash_operator.py
[2023-08-09T03:19:09.618+0000] {processor.py:826} INFO - Processing file /home/airflow/.local/lib/python3.7/site-packages/airflow/example_dags/example_bash_operator.py for tasks to queue
[2023-08-09T03:19:09.620+0000] {logging_mixin.py:150} INFO - [2023-08-09T03:19:09.620+0000] {dagbag.py:541} INFO - Filling up the DagBag from /home/airflow/.local/lib/python3.7/site-packages/airflow/example_dags/example_bash_operator.py
[2023-08-09T03:19:09.633+0000] {processor.py:836} INFO - DAG(s) dict_keys(['example_bash_operator']) retrieved from /home/airflow/.local/lib/python3.7/site-packages/airflow/example_dags/example_bash_operator.py
[2023-08-09T03:19:09.668+0000] {logging_mixin.py:150} INFO - [2023-08-09T03:19:09.668+0000] {dag.py:2742} INFO - Sync 1 DAGs
[2023-08-09T03:19:09.691+0000] {logging_mixin.py:150} INFO - [2023-08-09T03:19:09.691+0000] {dag.py:3508} INFO - Setting next_dagrun for example_bash_operator to 2023-08-08T00:00:00+00:00, run_after=2023-08-09T00:00:00+00:00
[2023-08-09T03:19:09.710+0000] {processor.py:179} INFO - Processing /home/airflow/.local/lib/python3.7/site-packages/airflow/example_dags/example_bash_operator.py took 0.097 seconds
[2023-08-09T03:19:39.769+0000] {processor.py:157} INFO - Started process (PID=1039) to work on /home/airflow/.local/lib/python3.7/site-packages/airflow/example_dags/example_bash_operator.py
[2023-08-09T03:19:39.770+0000] {processor.py:826} INFO - Processing file /home/airflow/.local/lib/python3.7/site-packages/airflow/example_dags/example_bash_operator.py for tasks to queue
[2023-08-09T03:19:39.772+0000] {logging_mixin.py:150} INFO - [2023-08-09T03:19:39.772+0000] {dagbag.py:541} INFO - Filling up the DagBag from /home/airflow/.local/lib/python3.7/site-packages/airflow/example_dags/example_bash_operator.py
[2023-08-09T03:19:39.791+0000] {processor.py:836} INFO - DAG(s) dict_keys(['example_bash_operator']) retrieved from /home/airflow/.local/lib/python3.7/site-packages/airflow/example_dags/example_bash_operator.py
[2023-08-09T03:19:39.845+0000] {logging_mixin.py:150} INFO - [2023-08-09T03:19:39.845+0000] {dag.py:2742} INFO - Sync 1 DAGs
[2023-08-09T03:19:39.868+0000] {logging_mixin.py:150} INFO - [2023-08-09T03:19:39.868+0000] {dag.py:3508} INFO - Setting next_dagrun for example_bash_operator to 2023-08-08T00:00:00+00:00, run_after=2023-08-09T00:00:00+00:00
[2023-08-09T03:19:39.885+0000] {processor.py:179} INFO - Processing /home/airflow/.local/lib/python3.7/site-packages/airflow/example_dags/example_bash_operator.py took 0.118 seconds
[2023-08-09T03:20:10.651+0000] {processor.py:157} INFO - Started process (PID=1094) to work on /home/airflow/.local/lib/python3.7/site-packages/airflow/example_dags/example_bash_operator.py
[2023-08-09T03:20:10.652+0000] {processor.py:826} INFO - Processing file /home/airflow/.local/lib/python3.7/site-packages/airflow/example_dags/example_bash_operator.py for tasks to queue
[2023-08-09T03:20:10.653+0000] {logging_mixin.py:150} INFO - [2023-08-09T03:20:10.653+0000] {dagbag.py:541} INFO - Filling up the DagBag from /home/airflow/.local/lib/python3.7/site-packages/airflow/example_dags/example_bash_operator.py
[2023-08-09T03:20:10.665+0000] {processor.py:836} INFO - DAG(s) dict_keys(['example_bash_operator']) retrieved from /home/airflow/.local/lib/python3.7/site-packages/airflow/example_dags/example_bash_operator.py
[2023-08-09T03:20:10.698+0000] {logging_mixin.py:150} INFO - [2023-08-09T03:20:10.697+0000] {dag.py:2742} INFO - Sync 1 DAGs
[2023-08-09T03:20:10.722+0000] {logging_mixin.py:150} INFO - [2023-08-09T03:20:10.722+0000] {dag.py:3508} INFO - Setting next_dagrun for example_bash_operator to 2023-08-08T00:00:00+00:00, run_after=2023-08-09T00:00:00+00:00
[2023-08-09T03:20:10.737+0000] {processor.py:179} INFO - Processing /home/airflow/.local/lib/python3.7/site-packages/airflow/example_dags/example_bash_operator.py took 0.089 seconds
[2023-08-09T03:20:41.500+0000] {processor.py:157} INFO - Started process (PID=1149) to work on /home/airflow/.local/lib/python3.7/site-packages/airflow/example_dags/example_bash_operator.py
[2023-08-09T03:20:41.501+0000] {processor.py:826} INFO - Processing file /home/airflow/.local/lib/python3.7/site-packages/airflow/example_dags/example_bash_operator.py for tasks to queue
[2023-08-09T03:20:41.504+0000] {logging_mixin.py:150} INFO - [2023-08-09T03:20:41.503+0000] {dagbag.py:541} INFO - Filling up the DagBag from /home/airflow/.local/lib/python3.7/site-packages/airflow/example_dags/example_bash_operator.py
[2023-08-09T03:20:41.528+0000] {processor.py:836} INFO - DAG(s) dict_keys(['example_bash_operator']) retrieved from /home/airflow/.local/lib/python3.7/site-packages/airflow/example_dags/example_bash_operator.py
[2023-08-09T03:20:41.583+0000] {logging_mixin.py:150} INFO - [2023-08-09T03:20:41.583+0000] {dag.py:2742} INFO - Sync 1 DAGs
[2023-08-09T03:20:41.607+0000] {logging_mixin.py:150} INFO - [2023-08-09T03:20:41.607+0000] {dag.py:3508} INFO - Setting next_dagrun for example_bash_operator to 2023-08-08T00:00:00+00:00, run_after=2023-08-09T00:00:00+00:00
[2023-08-09T03:20:41.625+0000] {processor.py:179} INFO - Processing /home/airflow/.local/lib/python3.7/site-packages/airflow/example_dags/example_bash_operator.py took 0.130 seconds
[2023-08-09T03:21:11.735+0000] {processor.py:157} INFO - Started process (PID=1204) to work on /home/airflow/.local/lib/python3.7/site-packages/airflow/example_dags/example_bash_operator.py
[2023-08-09T03:21:11.735+0000] {processor.py:826} INFO - Processing file /home/airflow/.local/lib/python3.7/site-packages/airflow/example_dags/example_bash_operator.py for tasks to queue
[2023-08-09T03:21:11.737+0000] {logging_mixin.py:150} INFO - [2023-08-09T03:21:11.737+0000] {dagbag.py:541} INFO - Filling up the DagBag from /home/airflow/.local/lib/python3.7/site-packages/airflow/example_dags/example_bash_operator.py
[2023-08-09T03:21:11.750+0000] {processor.py:836} INFO - DAG(s) dict_keys(['example_bash_operator']) retrieved from /home/airflow/.local/lib/python3.7/site-packages/airflow/example_dags/example_bash_operator.py
[2023-08-09T03:21:11.785+0000] {logging_mixin.py:150} INFO - [2023-08-09T03:21:11.785+0000] {dag.py:2742} INFO - Sync 1 DAGs
[2023-08-09T03:21:11.810+0000] {logging_mixin.py:150} INFO - [2023-08-09T03:21:11.809+0000] {dag.py:3508} INFO - Setting next_dagrun for example_bash_operator to 2023-08-08T00:00:00+00:00, run_after=2023-08-09T00:00:00+00:00
[2023-08-09T03:21:11.829+0000] {processor.py:179} INFO - Processing /home/airflow/.local/lib/python3.7/site-packages/airflow/example_dags/example_bash_operator.py took 0.097 seconds
[2023-08-09T03:21:41.898+0000] {processor.py:157} INFO - Started process (PID=1258) to work on /home/airflow/.local/lib/python3.7/site-packages/airflow/example_dags/example_bash_operator.py
[2023-08-09T03:21:41.900+0000] {processor.py:826} INFO - Processing file /home/airflow/.local/lib/python3.7/site-packages/airflow/example_dags/example_bash_operator.py for tasks to queue
[2023-08-09T03:21:41.903+0000] {logging_mixin.py:150} INFO - [2023-08-09T03:21:41.903+0000] {dagbag.py:541} INFO - Filling up the DagBag from /home/airflow/.local/lib/python3.7/site-packages/airflow/example_dags/example_bash_operator.py
[2023-08-09T03:21:41.927+0000] {processor.py:836} INFO - DAG(s) dict_keys(['example_bash_operator']) retrieved from /home/airflow/.local/lib/python3.7/site-packages/airflow/example_dags/example_bash_operator.py
[2023-08-09T03:21:41.981+0000] {logging_mixin.py:150} INFO - [2023-08-09T03:21:41.981+0000] {dag.py:2742} INFO - Sync 1 DAGs
[2023-08-09T03:21:42.008+0000] {logging_mixin.py:150} INFO - [2023-08-09T03:21:42.008+0000] {dag.py:3508} INFO - Setting next_dagrun for example_bash_operator to 2023-08-08T00:00:00+00:00, run_after=2023-08-09T00:00:00+00:00
[2023-08-09T03:21:42.023+0000] {processor.py:179} INFO - Processing /home/airflow/.local/lib/python3.7/site-packages/airflow/example_dags/example_bash_operator.py took 0.130 seconds
[2023-08-09T03:22:12.181+0000] {processor.py:157} INFO - Started process (PID=1313) to work on /home/airflow/.local/lib/python3.7/site-packages/airflow/example_dags/example_bash_operator.py
[2023-08-09T03:22:12.182+0000] {processor.py:826} INFO - Processing file /home/airflow/.local/lib/python3.7/site-packages/airflow/example_dags/example_bash_operator.py for tasks to queue
[2023-08-09T03:22:12.185+0000] {logging_mixin.py:150} INFO - [2023-08-09T03:22:12.185+0000] {dagbag.py:541} INFO - Filling up the DagBag from /home/airflow/.local/lib/python3.7/site-packages/airflow/example_dags/example_bash_operator.py
[2023-08-09T03:22:12.207+0000] {processor.py:836} INFO - DAG(s) dict_keys(['example_bash_operator']) retrieved from /home/airflow/.local/lib/python3.7/site-packages/airflow/example_dags/example_bash_operator.py
[2023-08-09T03:22:12.271+0000] {logging_mixin.py:150} INFO - [2023-08-09T03:22:12.271+0000] {dag.py:2742} INFO - Sync 1 DAGs
[2023-08-09T03:22:12.313+0000] {logging_mixin.py:150} INFO - [2023-08-09T03:22:12.313+0000] {dag.py:3508} INFO - Setting next_dagrun for example_bash_operator to 2023-08-08T00:00:00+00:00, run_after=2023-08-09T00:00:00+00:00
[2023-08-09T03:22:12.329+0000] {processor.py:179} INFO - Processing /home/airflow/.local/lib/python3.7/site-packages/airflow/example_dags/example_bash_operator.py took 0.153 seconds
[2023-08-09T03:22:42.378+0000] {processor.py:157} INFO - Started process (PID=1368) to work on /home/airflow/.local/lib/python3.7/site-packages/airflow/example_dags/example_bash_operator.py
[2023-08-09T03:22:42.380+0000] {processor.py:826} INFO - Processing file /home/airflow/.local/lib/python3.7/site-packages/airflow/example_dags/example_bash_operator.py for tasks to queue
[2023-08-09T03:22:42.383+0000] {logging_mixin.py:150} INFO - [2023-08-09T03:22:42.383+0000] {dagbag.py:541} INFO - Filling up the DagBag from /home/airflow/.local/lib/python3.7/site-packages/airflow/example_dags/example_bash_operator.py
[2023-08-09T03:22:42.407+0000] {processor.py:836} INFO - DAG(s) dict_keys(['example_bash_operator']) retrieved from /home/airflow/.local/lib/python3.7/site-packages/airflow/example_dags/example_bash_operator.py
[2023-08-09T03:22:42.444+0000] {logging_mixin.py:150} INFO - [2023-08-09T03:22:42.444+0000] {dag.py:2742} INFO - Sync 1 DAGs
[2023-08-09T03:22:42.469+0000] {logging_mixin.py:150} INFO - [2023-08-09T03:22:42.469+0000] {dag.py:3508} INFO - Setting next_dagrun for example_bash_operator to 2023-08-08T00:00:00+00:00, run_after=2023-08-09T00:00:00+00:00
[2023-08-09T03:22:42.485+0000] {processor.py:179} INFO - Processing /home/airflow/.local/lib/python3.7/site-packages/airflow/example_dags/example_bash_operator.py took 0.112 seconds
[2023-08-09T03:23:12.582+0000] {processor.py:157} INFO - Started process (PID=1422) to work on /home/airflow/.local/lib/python3.7/site-packages/airflow/example_dags/example_bash_operator.py
[2023-08-09T03:23:12.583+0000] {processor.py:826} INFO - Processing file /home/airflow/.local/lib/python3.7/site-packages/airflow/example_dags/example_bash_operator.py for tasks to queue
[2023-08-09T03:23:12.585+0000] {logging_mixin.py:150} INFO - [2023-08-09T03:23:12.585+0000] {dagbag.py:541} INFO - Filling up the DagBag from /home/airflow/.local/lib/python3.7/site-packages/airflow/example_dags/example_bash_operator.py
[2023-08-09T03:23:12.603+0000] {processor.py:836} INFO - DAG(s) dict_keys(['example_bash_operator']) retrieved from /home/airflow/.local/lib/python3.7/site-packages/airflow/example_dags/example_bash_operator.py
[2023-08-09T03:23:12.656+0000] {logging_mixin.py:150} INFO - [2023-08-09T03:23:12.656+0000] {dag.py:2742} INFO - Sync 1 DAGs
[2023-08-09T03:23:12.694+0000] {logging_mixin.py:150} INFO - [2023-08-09T03:23:12.693+0000] {dag.py:3508} INFO - Setting next_dagrun for example_bash_operator to 2023-08-08T00:00:00+00:00, run_after=2023-08-09T00:00:00+00:00
[2023-08-09T03:23:12.712+0000] {processor.py:179} INFO - Processing /home/airflow/.local/lib/python3.7/site-packages/airflow/example_dags/example_bash_operator.py took 0.132 seconds
[2023-08-09T03:23:42.839+0000] {processor.py:157} INFO - Started process (PID=1477) to work on /home/airflow/.local/lib/python3.7/site-packages/airflow/example_dags/example_bash_operator.py
[2023-08-09T03:23:42.839+0000] {processor.py:826} INFO - Processing file /home/airflow/.local/lib/python3.7/site-packages/airflow/example_dags/example_bash_operator.py for tasks to queue
[2023-08-09T03:23:42.841+0000] {logging_mixin.py:150} INFO - [2023-08-09T03:23:42.841+0000] {dagbag.py:541} INFO - Filling up the DagBag from /home/airflow/.local/lib/python3.7/site-packages/airflow/example_dags/example_bash_operator.py
[2023-08-09T03:23:42.855+0000] {processor.py:836} INFO - DAG(s) dict_keys(['example_bash_operator']) retrieved from /home/airflow/.local/lib/python3.7/site-packages/airflow/example_dags/example_bash_operator.py
[2023-08-09T03:23:42.905+0000] {logging_mixin.py:150} INFO - [2023-08-09T03:23:42.905+0000] {dag.py:2742} INFO - Sync 1 DAGs
[2023-08-09T03:23:42.943+0000] {logging_mixin.py:150} INFO - [2023-08-09T03:23:42.943+0000] {dag.py:3508} INFO - Setting next_dagrun for example_bash_operator to 2023-08-08T00:00:00+00:00, run_after=2023-08-09T00:00:00+00:00
[2023-08-09T03:23:42.971+0000] {processor.py:179} INFO - Processing /home/airflow/.local/lib/python3.7/site-packages/airflow/example_dags/example_bash_operator.py took 0.135 seconds
[2023-08-09T03:24:13.110+0000] {processor.py:157} INFO - Started process (PID=1532) to work on /home/airflow/.local/lib/python3.7/site-packages/airflow/example_dags/example_bash_operator.py
[2023-08-09T03:24:13.111+0000] {processor.py:826} INFO - Processing file /home/airflow/.local/lib/python3.7/site-packages/airflow/example_dags/example_bash_operator.py for tasks to queue
[2023-08-09T03:24:13.114+0000] {logging_mixin.py:150} INFO - [2023-08-09T03:24:13.113+0000] {dagbag.py:541} INFO - Filling up the DagBag from /home/airflow/.local/lib/python3.7/site-packages/airflow/example_dags/example_bash_operator.py
[2023-08-09T03:24:13.133+0000] {processor.py:836} INFO - DAG(s) dict_keys(['example_bash_operator']) retrieved from /home/airflow/.local/lib/python3.7/site-packages/airflow/example_dags/example_bash_operator.py
[2023-08-09T03:24:13.175+0000] {logging_mixin.py:150} INFO - [2023-08-09T03:24:13.175+0000] {dag.py:2742} INFO - Sync 1 DAGs
[2023-08-09T03:24:13.209+0000] {logging_mixin.py:150} INFO - [2023-08-09T03:24:13.209+0000] {dag.py:3508} INFO - Setting next_dagrun for example_bash_operator to 2023-08-08T00:00:00+00:00, run_after=2023-08-09T00:00:00+00:00
[2023-08-09T03:24:13.230+0000] {processor.py:179} INFO - Processing /home/airflow/.local/lib/python3.7/site-packages/airflow/example_dags/example_bash_operator.py took 0.123 seconds
[2023-08-09T03:24:43.333+0000] {processor.py:157} INFO - Started process (PID=1588) to work on /home/airflow/.local/lib/python3.7/site-packages/airflow/example_dags/example_bash_operator.py
[2023-08-09T03:24:43.334+0000] {processor.py:826} INFO - Processing file /home/airflow/.local/lib/python3.7/site-packages/airflow/example_dags/example_bash_operator.py for tasks to queue
[2023-08-09T03:24:43.335+0000] {logging_mixin.py:150} INFO - [2023-08-09T03:24:43.335+0000] {dagbag.py:541} INFO - Filling up the DagBag from /home/airflow/.local/lib/python3.7/site-packages/airflow/example_dags/example_bash_operator.py
[2023-08-09T03:24:43.348+0000] {processor.py:836} INFO - DAG(s) dict_keys(['example_bash_operator']) retrieved from /home/airflow/.local/lib/python3.7/site-packages/airflow/example_dags/example_bash_operator.py
[2023-08-09T03:24:43.400+0000] {logging_mixin.py:150} INFO - [2023-08-09T03:24:43.399+0000] {dag.py:2742} INFO - Sync 1 DAGs
[2023-08-09T03:24:43.425+0000] {logging_mixin.py:150} INFO - [2023-08-09T03:24:43.425+0000] {dag.py:3508} INFO - Setting next_dagrun for example_bash_operator to 2023-08-08T00:00:00+00:00, run_after=2023-08-09T00:00:00+00:00
[2023-08-09T03:24:43.446+0000] {processor.py:179} INFO - Processing /home/airflow/.local/lib/python3.7/site-packages/airflow/example_dags/example_bash_operator.py took 0.116 seconds
[2023-08-09T03:25:13.616+0000] {processor.py:157} INFO - Started process (PID=1641) to work on /home/airflow/.local/lib/python3.7/site-packages/airflow/example_dags/example_bash_operator.py
[2023-08-09T03:25:13.617+0000] {processor.py:826} INFO - Processing file /home/airflow/.local/lib/python3.7/site-packages/airflow/example_dags/example_bash_operator.py for tasks to queue
[2023-08-09T03:25:13.618+0000] {logging_mixin.py:150} INFO - [2023-08-09T03:25:13.618+0000] {dagbag.py:541} INFO - Filling up the DagBag from /home/airflow/.local/lib/python3.7/site-packages/airflow/example_dags/example_bash_operator.py
[2023-08-09T03:25:13.631+0000] {processor.py:836} INFO - DAG(s) dict_keys(['example_bash_operator']) retrieved from /home/airflow/.local/lib/python3.7/site-packages/airflow/example_dags/example_bash_operator.py
[2023-08-09T03:25:13.694+0000] {logging_mixin.py:150} INFO - [2023-08-09T03:25:13.694+0000] {dag.py:2742} INFO - Sync 1 DAGs
[2023-08-09T03:25:13.736+0000] {logging_mixin.py:150} INFO - [2023-08-09T03:25:13.736+0000] {dag.py:3508} INFO - Setting next_dagrun for example_bash_operator to 2023-08-08T00:00:00+00:00, run_after=2023-08-09T00:00:00+00:00
[2023-08-09T03:25:13.761+0000] {processor.py:179} INFO - Processing /home/airflow/.local/lib/python3.7/site-packages/airflow/example_dags/example_bash_operator.py took 0.148 seconds
[2023-08-09T03:25:43.924+0000] {processor.py:157} INFO - Started process (PID=1696) to work on /home/airflow/.local/lib/python3.7/site-packages/airflow/example_dags/example_bash_operator.py
[2023-08-09T03:25:43.925+0000] {processor.py:826} INFO - Processing file /home/airflow/.local/lib/python3.7/site-packages/airflow/example_dags/example_bash_operator.py for tasks to queue
[2023-08-09T03:25:43.927+0000] {logging_mixin.py:150} INFO - [2023-08-09T03:25:43.926+0000] {dagbag.py:541} INFO - Filling up the DagBag from /home/airflow/.local/lib/python3.7/site-packages/airflow/example_dags/example_bash_operator.py
[2023-08-09T03:25:43.943+0000] {processor.py:836} INFO - DAG(s) dict_keys(['example_bash_operator']) retrieved from /home/airflow/.local/lib/python3.7/site-packages/airflow/example_dags/example_bash_operator.py
[2023-08-09T03:25:43.981+0000] {logging_mixin.py:150} INFO - [2023-08-09T03:25:43.981+0000] {dag.py:2742} INFO - Sync 1 DAGs
[2023-08-09T03:25:44.010+0000] {logging_mixin.py:150} INFO - [2023-08-09T03:25:44.010+0000] {dag.py:3508} INFO - Setting next_dagrun for example_bash_operator to 2023-08-08T00:00:00+00:00, run_after=2023-08-09T00:00:00+00:00
[2023-08-09T03:25:44.035+0000] {processor.py:179} INFO - Processing /home/airflow/.local/lib/python3.7/site-packages/airflow/example_dags/example_bash_operator.py took 0.113 seconds
[2023-08-09T03:26:14.267+0000] {processor.py:157} INFO - Started process (PID=1750) to work on /home/airflow/.local/lib/python3.7/site-packages/airflow/example_dags/example_bash_operator.py
[2023-08-09T03:26:14.269+0000] {processor.py:826} INFO - Processing file /home/airflow/.local/lib/python3.7/site-packages/airflow/example_dags/example_bash_operator.py for tasks to queue
[2023-08-09T03:26:14.271+0000] {logging_mixin.py:150} INFO - [2023-08-09T03:26:14.271+0000] {dagbag.py:541} INFO - Filling up the DagBag from /home/airflow/.local/lib/python3.7/site-packages/airflow/example_dags/example_bash_operator.py
[2023-08-09T03:26:14.286+0000] {processor.py:836} INFO - DAG(s) dict_keys(['example_bash_operator']) retrieved from /home/airflow/.local/lib/python3.7/site-packages/airflow/example_dags/example_bash_operator.py
[2023-08-09T03:26:14.331+0000] {logging_mixin.py:150} INFO - [2023-08-09T03:26:14.331+0000] {dag.py:2742} INFO - Sync 1 DAGs
[2023-08-09T03:26:14.380+0000] {logging_mixin.py:150} INFO - [2023-08-09T03:26:14.380+0000] {dag.py:3508} INFO - Setting next_dagrun for example_bash_operator to 2023-08-08T00:00:00+00:00, run_after=2023-08-09T00:00:00+00:00
[2023-08-09T03:26:14.404+0000] {processor.py:179} INFO - Processing /home/airflow/.local/lib/python3.7/site-packages/airflow/example_dags/example_bash_operator.py took 0.141 seconds
[2023-08-09T03:26:45.410+0000] {processor.py:157} INFO - Started process (PID=1806) to work on /home/airflow/.local/lib/python3.7/site-packages/airflow/example_dags/example_bash_operator.py
[2023-08-09T03:26:45.410+0000] {processor.py:826} INFO - Processing file /home/airflow/.local/lib/python3.7/site-packages/airflow/example_dags/example_bash_operator.py for tasks to queue
[2023-08-09T03:26:45.412+0000] {logging_mixin.py:150} INFO - [2023-08-09T03:26:45.412+0000] {dagbag.py:541} INFO - Filling up the DagBag from /home/airflow/.local/lib/python3.7/site-packages/airflow/example_dags/example_bash_operator.py
[2023-08-09T03:26:45.436+0000] {processor.py:836} INFO - DAG(s) dict_keys(['example_bash_operator']) retrieved from /home/airflow/.local/lib/python3.7/site-packages/airflow/example_dags/example_bash_operator.py
[2023-08-09T03:26:45.485+0000] {logging_mixin.py:150} INFO - [2023-08-09T03:26:45.485+0000] {dag.py:2742} INFO - Sync 1 DAGs
[2023-08-09T03:26:45.512+0000] {logging_mixin.py:150} INFO - [2023-08-09T03:26:45.512+0000] {dag.py:3508} INFO - Setting next_dagrun for example_bash_operator to 2023-08-08T00:00:00+00:00, run_after=2023-08-09T00:00:00+00:00
[2023-08-09T03:26:45.530+0000] {processor.py:179} INFO - Processing /home/airflow/.local/lib/python3.7/site-packages/airflow/example_dags/example_bash_operator.py took 0.123 seconds
[2023-08-09T03:27:15.636+0000] {processor.py:157} INFO - Started process (PID=1860) to work on /home/airflow/.local/lib/python3.7/site-packages/airflow/example_dags/example_bash_operator.py
[2023-08-09T03:27:15.637+0000] {processor.py:826} INFO - Processing file /home/airflow/.local/lib/python3.7/site-packages/airflow/example_dags/example_bash_operator.py for tasks to queue
[2023-08-09T03:27:15.641+0000] {logging_mixin.py:150} INFO - [2023-08-09T03:27:15.641+0000] {dagbag.py:541} INFO - Filling up the DagBag from /home/airflow/.local/lib/python3.7/site-packages/airflow/example_dags/example_bash_operator.py
[2023-08-09T03:27:15.663+0000] {processor.py:836} INFO - DAG(s) dict_keys(['example_bash_operator']) retrieved from /home/airflow/.local/lib/python3.7/site-packages/airflow/example_dags/example_bash_operator.py
[2023-08-09T03:27:15.702+0000] {logging_mixin.py:150} INFO - [2023-08-09T03:27:15.702+0000] {dag.py:2742} INFO - Sync 1 DAGs
[2023-08-09T03:27:15.728+0000] {logging_mixin.py:150} INFO - [2023-08-09T03:27:15.728+0000] {dag.py:3508} INFO - Setting next_dagrun for example_bash_operator to 2023-08-08T00:00:00+00:00, run_after=2023-08-09T00:00:00+00:00
[2023-08-09T03:27:15.749+0000] {processor.py:179} INFO - Processing /home/airflow/.local/lib/python3.7/site-packages/airflow/example_dags/example_bash_operator.py took 0.116 seconds
[2023-08-09T03:27:45.961+0000] {processor.py:157} INFO - Started process (PID=1915) to work on /home/airflow/.local/lib/python3.7/site-packages/airflow/example_dags/example_bash_operator.py
[2023-08-09T03:27:45.961+0000] {processor.py:826} INFO - Processing file /home/airflow/.local/lib/python3.7/site-packages/airflow/example_dags/example_bash_operator.py for tasks to queue
[2023-08-09T03:27:45.963+0000] {logging_mixin.py:150} INFO - [2023-08-09T03:27:45.963+0000] {dagbag.py:541} INFO - Filling up the DagBag from /home/airflow/.local/lib/python3.7/site-packages/airflow/example_dags/example_bash_operator.py
[2023-08-09T03:27:45.976+0000] {processor.py:836} INFO - DAG(s) dict_keys(['example_bash_operator']) retrieved from /home/airflow/.local/lib/python3.7/site-packages/airflow/example_dags/example_bash_operator.py
[2023-08-09T03:27:46.025+0000] {logging_mixin.py:150} INFO - [2023-08-09T03:27:46.025+0000] {dag.py:2742} INFO - Sync 1 DAGs
[2023-08-09T03:27:46.064+0000] {logging_mixin.py:150} INFO - [2023-08-09T03:27:46.064+0000] {dag.py:3508} INFO - Setting next_dagrun for example_bash_operator to 2023-08-08T00:00:00+00:00, run_after=2023-08-09T00:00:00+00:00
[2023-08-09T03:27:46.094+0000] {processor.py:179} INFO - Processing /home/airflow/.local/lib/python3.7/site-packages/airflow/example_dags/example_bash_operator.py took 0.136 seconds
[2023-08-09T03:28:16.356+0000] {processor.py:157} INFO - Started process (PID=1970) to work on /home/airflow/.local/lib/python3.7/site-packages/airflow/example_dags/example_bash_operator.py
[2023-08-09T03:28:16.357+0000] {processor.py:826} INFO - Processing file /home/airflow/.local/lib/python3.7/site-packages/airflow/example_dags/example_bash_operator.py for tasks to queue
[2023-08-09T03:28:16.360+0000] {logging_mixin.py:150} INFO - [2023-08-09T03:28:16.359+0000] {dagbag.py:541} INFO - Filling up the DagBag from /home/airflow/.local/lib/python3.7/site-packages/airflow/example_dags/example_bash_operator.py
[2023-08-09T03:28:16.380+0000] {processor.py:836} INFO - DAG(s) dict_keys(['example_bash_operator']) retrieved from /home/airflow/.local/lib/python3.7/site-packages/airflow/example_dags/example_bash_operator.py
[2023-08-09T03:28:16.438+0000] {logging_mixin.py:150} INFO - [2023-08-09T03:28:16.437+0000] {dag.py:2742} INFO - Sync 1 DAGs
[2023-08-09T03:28:16.476+0000] {logging_mixin.py:150} INFO - [2023-08-09T03:28:16.476+0000] {dag.py:3508} INFO - Setting next_dagrun for example_bash_operator to 2023-08-08T00:00:00+00:00, run_after=2023-08-09T00:00:00+00:00
[2023-08-09T03:28:16.502+0000] {processor.py:179} INFO - Processing /home/airflow/.local/lib/python3.7/site-packages/airflow/example_dags/example_bash_operator.py took 0.149 seconds
[2023-08-09T03:28:46.553+0000] {processor.py:157} INFO - Started process (PID=2025) to work on /home/airflow/.local/lib/python3.7/site-packages/airflow/example_dags/example_bash_operator.py
[2023-08-09T03:28:46.554+0000] {processor.py:826} INFO - Processing file /home/airflow/.local/lib/python3.7/site-packages/airflow/example_dags/example_bash_operator.py for tasks to queue
[2023-08-09T03:28:46.558+0000] {logging_mixin.py:150} INFO - [2023-08-09T03:28:46.558+0000] {dagbag.py:541} INFO - Filling up the DagBag from /home/airflow/.local/lib/python3.7/site-packages/airflow/example_dags/example_bash_operator.py
[2023-08-09T03:28:46.581+0000] {processor.py:836} INFO - DAG(s) dict_keys(['example_bash_operator']) retrieved from /home/airflow/.local/lib/python3.7/site-packages/airflow/example_dags/example_bash_operator.py
[2023-08-09T03:28:46.635+0000] {logging_mixin.py:150} INFO - [2023-08-09T03:28:46.635+0000] {dag.py:2742} INFO - Sync 1 DAGs
[2023-08-09T03:28:46.660+0000] {logging_mixin.py:150} INFO - [2023-08-09T03:28:46.659+0000] {dag.py:3508} INFO - Setting next_dagrun for example_bash_operator to 2023-08-08T00:00:00+00:00, run_after=2023-08-09T00:00:00+00:00
[2023-08-09T03:28:46.676+0000] {processor.py:179} INFO - Processing /home/airflow/.local/lib/python3.7/site-packages/airflow/example_dags/example_bash_operator.py took 0.127 seconds
[2023-08-09T03:29:17.127+0000] {processor.py:157} INFO - Started process (PID=2081) to work on /home/airflow/.local/lib/python3.7/site-packages/airflow/example_dags/example_bash_operator.py
[2023-08-09T03:29:17.128+0000] {processor.py:826} INFO - Processing file /home/airflow/.local/lib/python3.7/site-packages/airflow/example_dags/example_bash_operator.py for tasks to queue
[2023-08-09T03:29:17.131+0000] {logging_mixin.py:150} INFO - [2023-08-09T03:29:17.130+0000] {dagbag.py:541} INFO - Filling up the DagBag from /home/airflow/.local/lib/python3.7/site-packages/airflow/example_dags/example_bash_operator.py
[2023-08-09T03:29:17.148+0000] {processor.py:836} INFO - DAG(s) dict_keys(['example_bash_operator']) retrieved from /home/airflow/.local/lib/python3.7/site-packages/airflow/example_dags/example_bash_operator.py
[2023-08-09T03:29:17.202+0000] {logging_mixin.py:150} INFO - [2023-08-09T03:29:17.202+0000] {dag.py:2742} INFO - Sync 1 DAGs
[2023-08-09T03:29:17.242+0000] {logging_mixin.py:150} INFO - [2023-08-09T03:29:17.242+0000] {dag.py:3508} INFO - Setting next_dagrun for example_bash_operator to 2023-08-08T00:00:00+00:00, run_after=2023-08-09T00:00:00+00:00
[2023-08-09T03:29:17.268+0000] {processor.py:179} INFO - Processing /home/airflow/.local/lib/python3.7/site-packages/airflow/example_dags/example_bash_operator.py took 0.144 seconds
[2023-08-09T03:29:48.264+0000] {processor.py:157} INFO - Started process (PID=2136) to work on /home/airflow/.local/lib/python3.7/site-packages/airflow/example_dags/example_bash_operator.py
[2023-08-09T03:29:48.265+0000] {processor.py:826} INFO - Processing file /home/airflow/.local/lib/python3.7/site-packages/airflow/example_dags/example_bash_operator.py for tasks to queue
[2023-08-09T03:29:48.266+0000] {logging_mixin.py:150} INFO - [2023-08-09T03:29:48.265+0000] {dagbag.py:541} INFO - Filling up the DagBag from /home/airflow/.local/lib/python3.7/site-packages/airflow/example_dags/example_bash_operator.py
[2023-08-09T03:29:48.279+0000] {processor.py:836} INFO - DAG(s) dict_keys(['example_bash_operator']) retrieved from /home/airflow/.local/lib/python3.7/site-packages/airflow/example_dags/example_bash_operator.py
[2023-08-09T03:29:48.315+0000] {logging_mixin.py:150} INFO - [2023-08-09T03:29:48.315+0000] {dag.py:2742} INFO - Sync 1 DAGs
[2023-08-09T03:29:48.343+0000] {logging_mixin.py:150} INFO - [2023-08-09T03:29:48.342+0000] {dag.py:3508} INFO - Setting next_dagrun for example_bash_operator to 2023-08-08T00:00:00+00:00, run_after=2023-08-09T00:00:00+00:00
[2023-08-09T03:29:48.366+0000] {processor.py:179} INFO - Processing /home/airflow/.local/lib/python3.7/site-packages/airflow/example_dags/example_bash_operator.py took 0.105 seconds
[2023-08-09T03:30:19.137+0000] {processor.py:157} INFO - Started process (PID=2191) to work on /home/airflow/.local/lib/python3.7/site-packages/airflow/example_dags/example_bash_operator.py
[2023-08-09T03:30:19.138+0000] {processor.py:826} INFO - Processing file /home/airflow/.local/lib/python3.7/site-packages/airflow/example_dags/example_bash_operator.py for tasks to queue
[2023-08-09T03:30:19.139+0000] {logging_mixin.py:150} INFO - [2023-08-09T03:30:19.139+0000] {dagbag.py:541} INFO - Filling up the DagBag from /home/airflow/.local/lib/python3.7/site-packages/airflow/example_dags/example_bash_operator.py
[2023-08-09T03:30:19.165+0000] {processor.py:836} INFO - DAG(s) dict_keys(['example_bash_operator']) retrieved from /home/airflow/.local/lib/python3.7/site-packages/airflow/example_dags/example_bash_operator.py
[2023-08-09T03:30:19.209+0000] {logging_mixin.py:150} INFO - [2023-08-09T03:30:19.208+0000] {dag.py:2742} INFO - Sync 1 DAGs
[2023-08-09T03:30:19.235+0000] {logging_mixin.py:150} INFO - [2023-08-09T03:30:19.235+0000] {dag.py:3508} INFO - Setting next_dagrun for example_bash_operator to 2023-08-08T00:00:00+00:00, run_after=2023-08-09T00:00:00+00:00
[2023-08-09T03:30:19.254+0000] {processor.py:179} INFO - Processing /home/airflow/.local/lib/python3.7/site-packages/airflow/example_dags/example_bash_operator.py took 0.122 seconds
[2023-08-09T03:30:49.348+0000] {processor.py:157} INFO - Started process (PID=2246) to work on /home/airflow/.local/lib/python3.7/site-packages/airflow/example_dags/example_bash_operator.py
[2023-08-09T03:30:49.349+0000] {processor.py:826} INFO - Processing file /home/airflow/.local/lib/python3.7/site-packages/airflow/example_dags/example_bash_operator.py for tasks to queue
[2023-08-09T03:30:49.350+0000] {logging_mixin.py:150} INFO - [2023-08-09T03:30:49.350+0000] {dagbag.py:541} INFO - Filling up the DagBag from /home/airflow/.local/lib/python3.7/site-packages/airflow/example_dags/example_bash_operator.py
[2023-08-09T03:30:49.367+0000] {processor.py:836} INFO - DAG(s) dict_keys(['example_bash_operator']) retrieved from /home/airflow/.local/lib/python3.7/site-packages/airflow/example_dags/example_bash_operator.py
[2023-08-09T03:30:49.404+0000] {logging_mixin.py:150} INFO - [2023-08-09T03:30:49.404+0000] {dag.py:2742} INFO - Sync 1 DAGs
[2023-08-09T03:30:49.429+0000] {logging_mixin.py:150} INFO - [2023-08-09T03:30:49.429+0000] {dag.py:3508} INFO - Setting next_dagrun for example_bash_operator to 2023-08-08T00:00:00+00:00, run_after=2023-08-09T00:00:00+00:00
[2023-08-09T03:30:49.445+0000] {processor.py:179} INFO - Processing /home/airflow/.local/lib/python3.7/site-packages/airflow/example_dags/example_bash_operator.py took 0.102 seconds
[2023-08-09T03:31:19.816+0000] {processor.py:157} INFO - Started process (PID=2305) to work on /home/airflow/.local/lib/python3.7/site-packages/airflow/example_dags/example_bash_operator.py
[2023-08-09T03:31:19.818+0000] {processor.py:826} INFO - Processing file /home/airflow/.local/lib/python3.7/site-packages/airflow/example_dags/example_bash_operator.py for tasks to queue
[2023-08-09T03:31:19.819+0000] {logging_mixin.py:150} INFO - [2023-08-09T03:31:19.818+0000] {dagbag.py:541} INFO - Filling up the DagBag from /home/airflow/.local/lib/python3.7/site-packages/airflow/example_dags/example_bash_operator.py
[2023-08-09T03:31:19.842+0000] {processor.py:836} INFO - DAG(s) dict_keys(['example_bash_operator']) retrieved from /home/airflow/.local/lib/python3.7/site-packages/airflow/example_dags/example_bash_operator.py
[2023-08-09T03:31:19.889+0000] {logging_mixin.py:150} INFO - [2023-08-09T03:31:19.889+0000] {dag.py:2742} INFO - Sync 1 DAGs
[2023-08-09T03:31:19.911+0000] {logging_mixin.py:150} INFO - [2023-08-09T03:31:19.911+0000] {dag.py:3508} INFO - Setting next_dagrun for example_bash_operator to 2023-08-08T00:00:00+00:00, run_after=2023-08-09T00:00:00+00:00
[2023-08-09T03:31:19.927+0000] {processor.py:179} INFO - Processing /home/airflow/.local/lib/python3.7/site-packages/airflow/example_dags/example_bash_operator.py took 0.116 seconds
[2023-08-09T03:31:50.019+0000] {processor.py:157} INFO - Started process (PID=2359) to work on /home/airflow/.local/lib/python3.7/site-packages/airflow/example_dags/example_bash_operator.py
[2023-08-09T03:31:50.020+0000] {processor.py:826} INFO - Processing file /home/airflow/.local/lib/python3.7/site-packages/airflow/example_dags/example_bash_operator.py for tasks to queue
[2023-08-09T03:31:50.021+0000] {logging_mixin.py:150} INFO - [2023-08-09T03:31:50.021+0000] {dagbag.py:541} INFO - Filling up the DagBag from /home/airflow/.local/lib/python3.7/site-packages/airflow/example_dags/example_bash_operator.py
[2023-08-09T03:31:50.036+0000] {processor.py:836} INFO - DAG(s) dict_keys(['example_bash_operator']) retrieved from /home/airflow/.local/lib/python3.7/site-packages/airflow/example_dags/example_bash_operator.py
[2023-08-09T03:31:50.075+0000] {logging_mixin.py:150} INFO - [2023-08-09T03:31:50.075+0000] {dag.py:2742} INFO - Sync 1 DAGs
[2023-08-09T03:31:50.107+0000] {logging_mixin.py:150} INFO - [2023-08-09T03:31:50.107+0000] {dag.py:3508} INFO - Setting next_dagrun for example_bash_operator to 2023-08-08T00:00:00+00:00, run_after=2023-08-09T00:00:00+00:00
[2023-08-09T03:31:50.129+0000] {processor.py:179} INFO - Processing /home/airflow/.local/lib/python3.7/site-packages/airflow/example_dags/example_bash_operator.py took 0.114 seconds
[2023-08-09T03:32:20.525+0000] {processor.py:157} INFO - Started process (PID=2416) to work on /home/airflow/.local/lib/python3.7/site-packages/airflow/example_dags/example_bash_operator.py
[2023-08-09T03:32:20.526+0000] {processor.py:826} INFO - Processing file /home/airflow/.local/lib/python3.7/site-packages/airflow/example_dags/example_bash_operator.py for tasks to queue
[2023-08-09T03:32:20.526+0000] {logging_mixin.py:150} INFO - [2023-08-09T03:32:20.526+0000] {dagbag.py:541} INFO - Filling up the DagBag from /home/airflow/.local/lib/python3.7/site-packages/airflow/example_dags/example_bash_operator.py
[2023-08-09T03:32:20.539+0000] {processor.py:836} INFO - DAG(s) dict_keys(['example_bash_operator']) retrieved from /home/airflow/.local/lib/python3.7/site-packages/airflow/example_dags/example_bash_operator.py
[2023-08-09T03:32:20.591+0000] {logging_mixin.py:150} INFO - [2023-08-09T03:32:20.591+0000] {dag.py:2742} INFO - Sync 1 DAGs
[2023-08-09T03:32:20.632+0000] {logging_mixin.py:150} INFO - [2023-08-09T03:32:20.632+0000] {dag.py:3508} INFO - Setting next_dagrun for example_bash_operator to 2023-08-08T00:00:00+00:00, run_after=2023-08-09T00:00:00+00:00
[2023-08-09T03:32:20.658+0000] {processor.py:179} INFO - Processing /home/airflow/.local/lib/python3.7/site-packages/airflow/example_dags/example_bash_operator.py took 0.136 seconds
[2023-08-09T03:32:50.698+0000] {processor.py:157} INFO - Started process (PID=2471) to work on /home/airflow/.local/lib/python3.7/site-packages/airflow/example_dags/example_bash_operator.py
[2023-08-09T03:32:50.699+0000] {processor.py:826} INFO - Processing file /home/airflow/.local/lib/python3.7/site-packages/airflow/example_dags/example_bash_operator.py for tasks to queue
[2023-08-09T03:32:50.700+0000] {logging_mixin.py:150} INFO - [2023-08-09T03:32:50.700+0000] {dagbag.py:541} INFO - Filling up the DagBag from /home/airflow/.local/lib/python3.7/site-packages/airflow/example_dags/example_bash_operator.py
[2023-08-09T03:32:50.719+0000] {processor.py:836} INFO - DAG(s) dict_keys(['example_bash_operator']) retrieved from /home/airflow/.local/lib/python3.7/site-packages/airflow/example_dags/example_bash_operator.py
[2023-08-09T03:32:50.771+0000] {logging_mixin.py:150} INFO - [2023-08-09T03:32:50.771+0000] {dag.py:2742} INFO - Sync 1 DAGs
[2023-08-09T03:32:50.808+0000] {logging_mixin.py:150} INFO - [2023-08-09T03:32:50.807+0000] {dag.py:3508} INFO - Setting next_dagrun for example_bash_operator to 2023-08-08T00:00:00+00:00, run_after=2023-08-09T00:00:00+00:00
[2023-08-09T03:32:50.830+0000] {processor.py:179} INFO - Processing /home/airflow/.local/lib/python3.7/site-packages/airflow/example_dags/example_bash_operator.py took 0.135 seconds
[2023-08-09T03:33:20.956+0000] {processor.py:157} INFO - Started process (PID=2525) to work on /home/airflow/.local/lib/python3.7/site-packages/airflow/example_dags/example_bash_operator.py
[2023-08-09T03:33:20.957+0000] {processor.py:826} INFO - Processing file /home/airflow/.local/lib/python3.7/site-packages/airflow/example_dags/example_bash_operator.py for tasks to queue
[2023-08-09T03:33:20.958+0000] {logging_mixin.py:150} INFO - [2023-08-09T03:33:20.958+0000] {dagbag.py:541} INFO - Filling up the DagBag from /home/airflow/.local/lib/python3.7/site-packages/airflow/example_dags/example_bash_operator.py
[2023-08-09T03:33:20.971+0000] {processor.py:836} INFO - DAG(s) dict_keys(['example_bash_operator']) retrieved from /home/airflow/.local/lib/python3.7/site-packages/airflow/example_dags/example_bash_operator.py
[2023-08-09T03:33:21.006+0000] {logging_mixin.py:150} INFO - [2023-08-09T03:33:21.006+0000] {dag.py:2742} INFO - Sync 1 DAGs
[2023-08-09T03:33:21.031+0000] {logging_mixin.py:150} INFO - [2023-08-09T03:33:21.031+0000] {dag.py:3508} INFO - Setting next_dagrun for example_bash_operator to 2023-08-08T00:00:00+00:00, run_after=2023-08-09T00:00:00+00:00
[2023-08-09T03:33:21.048+0000] {processor.py:179} INFO - Processing /home/airflow/.local/lib/python3.7/site-packages/airflow/example_dags/example_bash_operator.py took 0.095 seconds
[2023-08-09T03:33:51.412+0000] {processor.py:157} INFO - Started process (PID=2580) to work on /home/airflow/.local/lib/python3.7/site-packages/airflow/example_dags/example_bash_operator.py
[2023-08-09T03:33:51.413+0000] {processor.py:826} INFO - Processing file /home/airflow/.local/lib/python3.7/site-packages/airflow/example_dags/example_bash_operator.py for tasks to queue
[2023-08-09T03:33:51.414+0000] {logging_mixin.py:150} INFO - [2023-08-09T03:33:51.414+0000] {dagbag.py:541} INFO - Filling up the DagBag from /home/airflow/.local/lib/python3.7/site-packages/airflow/example_dags/example_bash_operator.py
[2023-08-09T03:33:51.434+0000] {processor.py:836} INFO - DAG(s) dict_keys(['example_bash_operator']) retrieved from /home/airflow/.local/lib/python3.7/site-packages/airflow/example_dags/example_bash_operator.py
[2023-08-09T03:33:51.467+0000] {logging_mixin.py:150} INFO - [2023-08-09T03:33:51.467+0000] {dag.py:2742} INFO - Sync 1 DAGs
[2023-08-09T03:33:51.493+0000] {logging_mixin.py:150} INFO - [2023-08-09T03:33:51.493+0000] {dag.py:3508} INFO - Setting next_dagrun for example_bash_operator to 2023-08-08T00:00:00+00:00, run_after=2023-08-09T00:00:00+00:00
[2023-08-09T03:33:51.517+0000] {processor.py:179} INFO - Processing /home/airflow/.local/lib/python3.7/site-packages/airflow/example_dags/example_bash_operator.py took 0.107 seconds
[2023-08-09T03:34:21.631+0000] {processor.py:157} INFO - Started process (PID=2639) to work on /home/airflow/.local/lib/python3.7/site-packages/airflow/example_dags/example_bash_operator.py
[2023-08-09T03:34:21.632+0000] {processor.py:826} INFO - Processing file /home/airflow/.local/lib/python3.7/site-packages/airflow/example_dags/example_bash_operator.py for tasks to queue
[2023-08-09T03:34:21.633+0000] {logging_mixin.py:150} INFO - [2023-08-09T03:34:21.633+0000] {dagbag.py:541} INFO - Filling up the DagBag from /home/airflow/.local/lib/python3.7/site-packages/airflow/example_dags/example_bash_operator.py
[2023-08-09T03:34:21.648+0000] {processor.py:836} INFO - DAG(s) dict_keys(['example_bash_operator']) retrieved from /home/airflow/.local/lib/python3.7/site-packages/airflow/example_dags/example_bash_operator.py
[2023-08-09T03:34:21.693+0000] {logging_mixin.py:150} INFO - [2023-08-09T03:34:21.693+0000] {dag.py:2742} INFO - Sync 1 DAGs
[2023-08-09T03:34:21.729+0000] {logging_mixin.py:150} INFO - [2023-08-09T03:34:21.728+0000] {dag.py:3508} INFO - Setting next_dagrun for example_bash_operator to 2023-08-08T00:00:00+00:00, run_after=2023-08-09T00:00:00+00:00
[2023-08-09T03:34:21.747+0000] {processor.py:179} INFO - Processing /home/airflow/.local/lib/python3.7/site-packages/airflow/example_dags/example_bash_operator.py took 0.120 seconds
[2023-08-09T03:34:51.932+0000] {processor.py:157} INFO - Started process (PID=2698) to work on /home/airflow/.local/lib/python3.7/site-packages/airflow/example_dags/example_bash_operator.py
[2023-08-09T03:34:51.934+0000] {processor.py:826} INFO - Processing file /home/airflow/.local/lib/python3.7/site-packages/airflow/example_dags/example_bash_operator.py for tasks to queue
[2023-08-09T03:34:51.935+0000] {logging_mixin.py:150} INFO - [2023-08-09T03:34:51.934+0000] {dagbag.py:541} INFO - Filling up the DagBag from /home/airflow/.local/lib/python3.7/site-packages/airflow/example_dags/example_bash_operator.py
[2023-08-09T03:34:51.959+0000] {processor.py:836} INFO - DAG(s) dict_keys(['example_bash_operator']) retrieved from /home/airflow/.local/lib/python3.7/site-packages/airflow/example_dags/example_bash_operator.py
[2023-08-09T03:34:52.001+0000] {logging_mixin.py:150} INFO - [2023-08-09T03:34:52.001+0000] {dag.py:2742} INFO - Sync 1 DAGs
[2023-08-09T03:34:52.029+0000] {logging_mixin.py:150} INFO - [2023-08-09T03:34:52.029+0000] {dag.py:3508} INFO - Setting next_dagrun for example_bash_operator to 2023-08-08T00:00:00+00:00, run_after=2023-08-09T00:00:00+00:00
[2023-08-09T03:34:52.047+0000] {processor.py:179} INFO - Processing /home/airflow/.local/lib/python3.7/site-packages/airflow/example_dags/example_bash_operator.py took 0.119 seconds
[2023-08-09T03:35:23.031+0000] {processor.py:157} INFO - Started process (PID=2753) to work on /home/airflow/.local/lib/python3.7/site-packages/airflow/example_dags/example_bash_operator.py
[2023-08-09T03:35:23.032+0000] {processor.py:826} INFO - Processing file /home/airflow/.local/lib/python3.7/site-packages/airflow/example_dags/example_bash_operator.py for tasks to queue
[2023-08-09T03:35:23.033+0000] {logging_mixin.py:150} INFO - [2023-08-09T03:35:23.032+0000] {dagbag.py:541} INFO - Filling up the DagBag from /home/airflow/.local/lib/python3.7/site-packages/airflow/example_dags/example_bash_operator.py
[2023-08-09T03:35:23.055+0000] {processor.py:836} INFO - DAG(s) dict_keys(['example_bash_operator']) retrieved from /home/airflow/.local/lib/python3.7/site-packages/airflow/example_dags/example_bash_operator.py
[2023-08-09T03:35:23.093+0000] {logging_mixin.py:150} INFO - [2023-08-09T03:35:23.093+0000] {dag.py:2742} INFO - Sync 1 DAGs
[2023-08-09T03:35:23.123+0000] {logging_mixin.py:150} INFO - [2023-08-09T03:35:23.123+0000] {dag.py:3508} INFO - Setting next_dagrun for example_bash_operator to 2023-08-08T00:00:00+00:00, run_after=2023-08-09T00:00:00+00:00
[2023-08-09T03:35:23.141+0000] {processor.py:179} INFO - Processing /home/airflow/.local/lib/python3.7/site-packages/airflow/example_dags/example_bash_operator.py took 0.114 seconds
[2023-08-09T03:35:53.279+0000] {processor.py:157} INFO - Started process (PID=2808) to work on /home/airflow/.local/lib/python3.7/site-packages/airflow/example_dags/example_bash_operator.py
[2023-08-09T03:35:53.280+0000] {processor.py:826} INFO - Processing file /home/airflow/.local/lib/python3.7/site-packages/airflow/example_dags/example_bash_operator.py for tasks to queue
[2023-08-09T03:35:53.281+0000] {logging_mixin.py:150} INFO - [2023-08-09T03:35:53.281+0000] {dagbag.py:541} INFO - Filling up the DagBag from /home/airflow/.local/lib/python3.7/site-packages/airflow/example_dags/example_bash_operator.py
[2023-08-09T03:35:53.294+0000] {processor.py:836} INFO - DAG(s) dict_keys(['example_bash_operator']) retrieved from /home/airflow/.local/lib/python3.7/site-packages/airflow/example_dags/example_bash_operator.py
[2023-08-09T03:35:53.326+0000] {logging_mixin.py:150} INFO - [2023-08-09T03:35:53.326+0000] {dag.py:2742} INFO - Sync 1 DAGs
[2023-08-09T03:35:53.349+0000] {logging_mixin.py:150} INFO - [2023-08-09T03:35:53.349+0000] {dag.py:3508} INFO - Setting next_dagrun for example_bash_operator to 2023-08-08T00:00:00+00:00, run_after=2023-08-09T00:00:00+00:00
[2023-08-09T03:35:53.368+0000] {processor.py:179} INFO - Processing /home/airflow/.local/lib/python3.7/site-packages/airflow/example_dags/example_bash_operator.py took 0.091 seconds
[2023-08-09T03:36:23.739+0000] {processor.py:157} INFO - Started process (PID=2863) to work on /home/airflow/.local/lib/python3.7/site-packages/airflow/example_dags/example_bash_operator.py
[2023-08-09T03:36:23.740+0000] {processor.py:826} INFO - Processing file /home/airflow/.local/lib/python3.7/site-packages/airflow/example_dags/example_bash_operator.py for tasks to queue
[2023-08-09T03:36:23.742+0000] {logging_mixin.py:150} INFO - [2023-08-09T03:36:23.741+0000] {dagbag.py:541} INFO - Filling up the DagBag from /home/airflow/.local/lib/python3.7/site-packages/airflow/example_dags/example_bash_operator.py
[2023-08-09T03:36:23.767+0000] {processor.py:836} INFO - DAG(s) dict_keys(['example_bash_operator']) retrieved from /home/airflow/.local/lib/python3.7/site-packages/airflow/example_dags/example_bash_operator.py
[2023-08-09T03:36:23.811+0000] {logging_mixin.py:150} INFO - [2023-08-09T03:36:23.811+0000] {dag.py:2742} INFO - Sync 1 DAGs
[2023-08-09T03:36:23.837+0000] {logging_mixin.py:150} INFO - [2023-08-09T03:36:23.837+0000] {dag.py:3508} INFO - Setting next_dagrun for example_bash_operator to 2023-08-08T00:00:00+00:00, run_after=2023-08-09T00:00:00+00:00
[2023-08-09T03:36:23.855+0000] {processor.py:179} INFO - Processing /home/airflow/.local/lib/python3.7/site-packages/airflow/example_dags/example_bash_operator.py took 0.121 seconds
