[2023-08-09T03:10:33.228+0000] {processor.py:157} INFO - Started process (PID=61) to work on /home/airflow/.local/lib/python3.7/site-packages/airflow/example_dags/example_skip_dag.py
[2023-08-09T03:10:33.229+0000] {processor.py:826} INFO - Processing file /home/airflow/.local/lib/python3.7/site-packages/airflow/example_dags/example_skip_dag.py for tasks to queue
[2023-08-09T03:10:33.232+0000] {logging_mixin.py:150} INFO - [2023-08-09T03:10:33.232+0000] {dagbag.py:541} INFO - Filling up the DagBag from /home/airflow/.local/lib/python3.7/site-packages/airflow/example_dags/example_skip_dag.py
[2023-08-09T03:10:33.243+0000] {processor.py:836} INFO - DAG(s) dict_keys(['example_skip_dag']) retrieved from /home/airflow/.local/lib/python3.7/site-packages/airflow/example_dags/example_skip_dag.py
[2023-08-09T03:10:33.293+0000] {logging_mixin.py:150} INFO - [2023-08-09T03:10:33.292+0000] {dag.py:2742} INFO - Sync 1 DAGs
[2023-08-09T03:10:33.331+0000] {logging_mixin.py:150} INFO - [2023-08-09T03:10:33.330+0000] {dag.py:3508} INFO - Setting next_dagrun for example_skip_dag to 2023-08-08T03:10:33.330688+00:00, run_after=2023-08-09T03:10:33.330688+00:00
[2023-08-09T03:10:33.360+0000] {processor.py:179} INFO - Processing /home/airflow/.local/lib/python3.7/site-packages/airflow/example_dags/example_skip_dag.py took 0.135 seconds
[2023-08-09T03:11:04.195+0000] {processor.py:157} INFO - Started process (PID=116) to work on /home/airflow/.local/lib/python3.7/site-packages/airflow/example_dags/example_skip_dag.py
[2023-08-09T03:11:04.196+0000] {processor.py:826} INFO - Processing file /home/airflow/.local/lib/python3.7/site-packages/airflow/example_dags/example_skip_dag.py for tasks to queue
[2023-08-09T03:11:04.199+0000] {logging_mixin.py:150} INFO - [2023-08-09T03:11:04.198+0000] {dagbag.py:541} INFO - Filling up the DagBag from /home/airflow/.local/lib/python3.7/site-packages/airflow/example_dags/example_skip_dag.py
[2023-08-09T03:11:04.206+0000] {processor.py:836} INFO - DAG(s) dict_keys(['example_skip_dag']) retrieved from /home/airflow/.local/lib/python3.7/site-packages/airflow/example_dags/example_skip_dag.py
[2023-08-09T03:11:04.238+0000] {logging_mixin.py:150} INFO - [2023-08-09T03:11:04.237+0000] {dag.py:2742} INFO - Sync 1 DAGs
[2023-08-09T03:11:04.267+0000] {logging_mixin.py:150} INFO - [2023-08-09T03:11:04.267+0000] {dag.py:3508} INFO - Setting next_dagrun for example_skip_dag to 2023-08-08T03:11:04.267527+00:00, run_after=2023-08-09T03:11:04.267527+00:00
[2023-08-09T03:11:04.284+0000] {processor.py:179} INFO - Processing /home/airflow/.local/lib/python3.7/site-packages/airflow/example_dags/example_skip_dag.py took 0.094 seconds
[2023-08-09T03:11:34.486+0000] {processor.py:157} INFO - Started process (PID=171) to work on /home/airflow/.local/lib/python3.7/site-packages/airflow/example_dags/example_skip_dag.py
[2023-08-09T03:11:34.487+0000] {processor.py:826} INFO - Processing file /home/airflow/.local/lib/python3.7/site-packages/airflow/example_dags/example_skip_dag.py for tasks to queue
[2023-08-09T03:11:34.490+0000] {logging_mixin.py:150} INFO - [2023-08-09T03:11:34.489+0000] {dagbag.py:541} INFO - Filling up the DagBag from /home/airflow/.local/lib/python3.7/site-packages/airflow/example_dags/example_skip_dag.py
[2023-08-09T03:11:34.498+0000] {processor.py:836} INFO - DAG(s) dict_keys(['example_skip_dag']) retrieved from /home/airflow/.local/lib/python3.7/site-packages/airflow/example_dags/example_skip_dag.py
[2023-08-09T03:11:34.541+0000] {logging_mixin.py:150} INFO - [2023-08-09T03:11:34.540+0000] {dag.py:2742} INFO - Sync 1 DAGs
[2023-08-09T03:11:34.584+0000] {logging_mixin.py:150} INFO - [2023-08-09T03:11:34.584+0000] {dag.py:3508} INFO - Setting next_dagrun for example_skip_dag to 2023-08-08T03:11:34.584456+00:00, run_after=2023-08-09T03:11:34.584456+00:00
[2023-08-09T03:11:34.634+0000] {processor.py:179} INFO - Processing /home/airflow/.local/lib/python3.7/site-packages/airflow/example_dags/example_skip_dag.py took 0.151 seconds
[2023-08-09T03:12:05.120+0000] {processor.py:157} INFO - Started process (PID=227) to work on /home/airflow/.local/lib/python3.7/site-packages/airflow/example_dags/example_skip_dag.py
[2023-08-09T03:12:05.121+0000] {processor.py:826} INFO - Processing file /home/airflow/.local/lib/python3.7/site-packages/airflow/example_dags/example_skip_dag.py for tasks to queue
[2023-08-09T03:12:05.124+0000] {logging_mixin.py:150} INFO - [2023-08-09T03:12:05.123+0000] {dagbag.py:541} INFO - Filling up the DagBag from /home/airflow/.local/lib/python3.7/site-packages/airflow/example_dags/example_skip_dag.py
[2023-08-09T03:12:05.130+0000] {processor.py:836} INFO - DAG(s) dict_keys(['example_skip_dag']) retrieved from /home/airflow/.local/lib/python3.7/site-packages/airflow/example_dags/example_skip_dag.py
[2023-08-09T03:12:05.151+0000] {logging_mixin.py:150} INFO - [2023-08-09T03:12:05.151+0000] {dag.py:2742} INFO - Sync 1 DAGs
[2023-08-09T03:12:05.175+0000] {logging_mixin.py:150} INFO - [2023-08-09T03:12:05.174+0000] {dag.py:3508} INFO - Setting next_dagrun for example_skip_dag to 2023-08-08T03:12:05.174699+00:00, run_after=2023-08-09T03:12:05.174699+00:00
[2023-08-09T03:12:05.190+0000] {processor.py:179} INFO - Processing /home/airflow/.local/lib/python3.7/site-packages/airflow/example_dags/example_skip_dag.py took 0.074 seconds
[2023-08-09T03:12:36.214+0000] {processor.py:157} INFO - Started process (PID=282) to work on /home/airflow/.local/lib/python3.7/site-packages/airflow/example_dags/example_skip_dag.py
[2023-08-09T03:12:36.215+0000] {processor.py:826} INFO - Processing file /home/airflow/.local/lib/python3.7/site-packages/airflow/example_dags/example_skip_dag.py for tasks to queue
[2023-08-09T03:12:36.217+0000] {logging_mixin.py:150} INFO - [2023-08-09T03:12:36.217+0000] {dagbag.py:541} INFO - Filling up the DagBag from /home/airflow/.local/lib/python3.7/site-packages/airflow/example_dags/example_skip_dag.py
[2023-08-09T03:12:36.225+0000] {processor.py:836} INFO - DAG(s) dict_keys(['example_skip_dag']) retrieved from /home/airflow/.local/lib/python3.7/site-packages/airflow/example_dags/example_skip_dag.py
[2023-08-09T03:12:36.256+0000] {logging_mixin.py:150} INFO - [2023-08-09T03:12:36.255+0000] {dag.py:2742} INFO - Sync 1 DAGs
[2023-08-09T03:12:36.291+0000] {logging_mixin.py:150} INFO - [2023-08-09T03:12:36.290+0000] {dag.py:3508} INFO - Setting next_dagrun for example_skip_dag to 2023-08-08T03:12:36.290593+00:00, run_after=2023-08-09T03:12:36.290593+00:00
[2023-08-09T03:12:36.313+0000] {processor.py:179} INFO - Processing /home/airflow/.local/lib/python3.7/site-packages/airflow/example_dags/example_skip_dag.py took 0.103 seconds
[2023-08-09T03:13:06.597+0000] {processor.py:157} INFO - Started process (PID=337) to work on /home/airflow/.local/lib/python3.7/site-packages/airflow/example_dags/example_skip_dag.py
[2023-08-09T03:13:06.598+0000] {processor.py:826} INFO - Processing file /home/airflow/.local/lib/python3.7/site-packages/airflow/example_dags/example_skip_dag.py for tasks to queue
[2023-08-09T03:13:06.600+0000] {logging_mixin.py:150} INFO - [2023-08-09T03:13:06.600+0000] {dagbag.py:541} INFO - Filling up the DagBag from /home/airflow/.local/lib/python3.7/site-packages/airflow/example_dags/example_skip_dag.py
[2023-08-09T03:13:06.605+0000] {processor.py:836} INFO - DAG(s) dict_keys(['example_skip_dag']) retrieved from /home/airflow/.local/lib/python3.7/site-packages/airflow/example_dags/example_skip_dag.py
[2023-08-09T03:13:06.626+0000] {logging_mixin.py:150} INFO - [2023-08-09T03:13:06.626+0000] {dag.py:2742} INFO - Sync 1 DAGs
[2023-08-09T03:13:06.649+0000] {logging_mixin.py:150} INFO - [2023-08-09T03:13:06.649+0000] {dag.py:3508} INFO - Setting next_dagrun for example_skip_dag to 2023-08-08T03:13:06.649170+00:00, run_after=2023-08-09T03:13:06.649170+00:00
[2023-08-09T03:13:06.666+0000] {processor.py:179} INFO - Processing /home/airflow/.local/lib/python3.7/site-packages/airflow/example_dags/example_skip_dag.py took 0.072 seconds
[2023-08-09T03:13:37.760+0000] {processor.py:157} INFO - Started process (PID=392) to work on /home/airflow/.local/lib/python3.7/site-packages/airflow/example_dags/example_skip_dag.py
[2023-08-09T03:13:37.761+0000] {processor.py:826} INFO - Processing file /home/airflow/.local/lib/python3.7/site-packages/airflow/example_dags/example_skip_dag.py for tasks to queue
[2023-08-09T03:13:37.764+0000] {logging_mixin.py:150} INFO - [2023-08-09T03:13:37.764+0000] {dagbag.py:541} INFO - Filling up the DagBag from /home/airflow/.local/lib/python3.7/site-packages/airflow/example_dags/example_skip_dag.py
[2023-08-09T03:13:37.772+0000] {processor.py:836} INFO - DAG(s) dict_keys(['example_skip_dag']) retrieved from /home/airflow/.local/lib/python3.7/site-packages/airflow/example_dags/example_skip_dag.py
[2023-08-09T03:13:37.805+0000] {logging_mixin.py:150} INFO - [2023-08-09T03:13:37.804+0000] {dag.py:2742} INFO - Sync 1 DAGs
[2023-08-09T03:13:37.840+0000] {logging_mixin.py:150} INFO - [2023-08-09T03:13:37.839+0000] {dag.py:3508} INFO - Setting next_dagrun for example_skip_dag to 2023-08-08T03:13:37.839703+00:00, run_after=2023-08-09T03:13:37.839703+00:00
[2023-08-09T03:13:37.866+0000] {processor.py:179} INFO - Processing /home/airflow/.local/lib/python3.7/site-packages/airflow/example_dags/example_skip_dag.py took 0.109 seconds
[2023-08-09T03:14:08.141+0000] {processor.py:157} INFO - Started process (PID=447) to work on /home/airflow/.local/lib/python3.7/site-packages/airflow/example_dags/example_skip_dag.py
[2023-08-09T03:14:08.142+0000] {processor.py:826} INFO - Processing file /home/airflow/.local/lib/python3.7/site-packages/airflow/example_dags/example_skip_dag.py for tasks to queue
[2023-08-09T03:14:08.144+0000] {logging_mixin.py:150} INFO - [2023-08-09T03:14:08.144+0000] {dagbag.py:541} INFO - Filling up the DagBag from /home/airflow/.local/lib/python3.7/site-packages/airflow/example_dags/example_skip_dag.py
[2023-08-09T03:14:08.151+0000] {processor.py:836} INFO - DAG(s) dict_keys(['example_skip_dag']) retrieved from /home/airflow/.local/lib/python3.7/site-packages/airflow/example_dags/example_skip_dag.py
[2023-08-09T03:14:08.175+0000] {logging_mixin.py:150} INFO - [2023-08-09T03:14:08.174+0000] {dag.py:2742} INFO - Sync 1 DAGs
[2023-08-09T03:14:08.198+0000] {logging_mixin.py:150} INFO - [2023-08-09T03:14:08.197+0000] {dag.py:3508} INFO - Setting next_dagrun for example_skip_dag to 2023-08-08T03:14:08.197627+00:00, run_after=2023-08-09T03:14:08.197627+00:00
[2023-08-09T03:14:08.216+0000] {processor.py:179} INFO - Processing /home/airflow/.local/lib/python3.7/site-packages/airflow/example_dags/example_skip_dag.py took 0.079 seconds
[2023-08-09T03:14:38.277+0000] {processor.py:157} INFO - Started process (PID=502) to work on /home/airflow/.local/lib/python3.7/site-packages/airflow/example_dags/example_skip_dag.py
[2023-08-09T03:14:38.277+0000] {processor.py:826} INFO - Processing file /home/airflow/.local/lib/python3.7/site-packages/airflow/example_dags/example_skip_dag.py for tasks to queue
[2023-08-09T03:14:38.279+0000] {logging_mixin.py:150} INFO - [2023-08-09T03:14:38.279+0000] {dagbag.py:541} INFO - Filling up the DagBag from /home/airflow/.local/lib/python3.7/site-packages/airflow/example_dags/example_skip_dag.py
[2023-08-09T03:14:38.287+0000] {processor.py:836} INFO - DAG(s) dict_keys(['example_skip_dag']) retrieved from /home/airflow/.local/lib/python3.7/site-packages/airflow/example_dags/example_skip_dag.py
[2023-08-09T03:14:38.322+0000] {logging_mixin.py:150} INFO - [2023-08-09T03:14:38.321+0000] {dag.py:2742} INFO - Sync 1 DAGs
[2023-08-09T03:14:38.347+0000] {logging_mixin.py:150} INFO - [2023-08-09T03:14:38.347+0000] {dag.py:3508} INFO - Setting next_dagrun for example_skip_dag to 2023-08-08T03:14:38.346982+00:00, run_after=2023-08-09T03:14:38.346982+00:00
[2023-08-09T03:14:38.366+0000] {processor.py:179} INFO - Processing /home/airflow/.local/lib/python3.7/site-packages/airflow/example_dags/example_skip_dag.py took 0.092 seconds
[2023-08-09T03:15:08.541+0000] {processor.py:157} INFO - Started process (PID=557) to work on /home/airflow/.local/lib/python3.7/site-packages/airflow/example_dags/example_skip_dag.py
[2023-08-09T03:15:08.542+0000] {processor.py:826} INFO - Processing file /home/airflow/.local/lib/python3.7/site-packages/airflow/example_dags/example_skip_dag.py for tasks to queue
[2023-08-09T03:15:08.544+0000] {logging_mixin.py:150} INFO - [2023-08-09T03:15:08.543+0000] {dagbag.py:541} INFO - Filling up the DagBag from /home/airflow/.local/lib/python3.7/site-packages/airflow/example_dags/example_skip_dag.py
[2023-08-09T03:15:08.551+0000] {processor.py:836} INFO - DAG(s) dict_keys(['example_skip_dag']) retrieved from /home/airflow/.local/lib/python3.7/site-packages/airflow/example_dags/example_skip_dag.py
[2023-08-09T03:15:08.583+0000] {logging_mixin.py:150} INFO - [2023-08-09T03:15:08.582+0000] {dag.py:2742} INFO - Sync 1 DAGs
[2023-08-09T03:15:08.607+0000] {logging_mixin.py:150} INFO - [2023-08-09T03:15:08.607+0000] {dag.py:3508} INFO - Setting next_dagrun for example_skip_dag to 2023-08-08T03:15:08.606894+00:00, run_after=2023-08-09T03:15:08.606894+00:00
[2023-08-09T03:15:08.625+0000] {processor.py:179} INFO - Processing /home/airflow/.local/lib/python3.7/site-packages/airflow/example_dags/example_skip_dag.py took 0.087 seconds
[2023-08-09T03:15:38.863+0000] {processor.py:157} INFO - Started process (PID=612) to work on /home/airflow/.local/lib/python3.7/site-packages/airflow/example_dags/example_skip_dag.py
[2023-08-09T03:15:38.864+0000] {processor.py:826} INFO - Processing file /home/airflow/.local/lib/python3.7/site-packages/airflow/example_dags/example_skip_dag.py for tasks to queue
[2023-08-09T03:15:38.867+0000] {logging_mixin.py:150} INFO - [2023-08-09T03:15:38.867+0000] {dagbag.py:541} INFO - Filling up the DagBag from /home/airflow/.local/lib/python3.7/site-packages/airflow/example_dags/example_skip_dag.py
[2023-08-09T03:15:38.875+0000] {processor.py:836} INFO - DAG(s) dict_keys(['example_skip_dag']) retrieved from /home/airflow/.local/lib/python3.7/site-packages/airflow/example_dags/example_skip_dag.py
[2023-08-09T03:15:38.915+0000] {logging_mixin.py:150} INFO - [2023-08-09T03:15:38.914+0000] {dag.py:2742} INFO - Sync 1 DAGs
[2023-08-09T03:15:38.951+0000] {logging_mixin.py:150} INFO - [2023-08-09T03:15:38.951+0000] {dag.py:3508} INFO - Setting next_dagrun for example_skip_dag to 2023-08-08T03:15:38.951234+00:00, run_after=2023-08-09T03:15:38.951234+00:00
[2023-08-09T03:15:38.978+0000] {processor.py:179} INFO - Processing /home/airflow/.local/lib/python3.7/site-packages/airflow/example_dags/example_skip_dag.py took 0.119 seconds
[2023-08-09T03:16:09.079+0000] {processor.py:157} INFO - Started process (PID=667) to work on /home/airflow/.local/lib/python3.7/site-packages/airflow/example_dags/example_skip_dag.py
[2023-08-09T03:16:09.080+0000] {processor.py:826} INFO - Processing file /home/airflow/.local/lib/python3.7/site-packages/airflow/example_dags/example_skip_dag.py for tasks to queue
[2023-08-09T03:16:09.083+0000] {logging_mixin.py:150} INFO - [2023-08-09T03:16:09.083+0000] {dagbag.py:541} INFO - Filling up the DagBag from /home/airflow/.local/lib/python3.7/site-packages/airflow/example_dags/example_skip_dag.py
[2023-08-09T03:16:09.094+0000] {processor.py:836} INFO - DAG(s) dict_keys(['example_skip_dag']) retrieved from /home/airflow/.local/lib/python3.7/site-packages/airflow/example_dags/example_skip_dag.py
[2023-08-09T03:16:09.132+0000] {logging_mixin.py:150} INFO - [2023-08-09T03:16:09.131+0000] {dag.py:2742} INFO - Sync 1 DAGs
[2023-08-09T03:16:09.165+0000] {logging_mixin.py:150} INFO - [2023-08-09T03:16:09.165+0000] {dag.py:3508} INFO - Setting next_dagrun for example_skip_dag to 2023-08-08T03:16:09.165462+00:00, run_after=2023-08-09T03:16:09.165462+00:00
[2023-08-09T03:16:09.182+0000] {processor.py:179} INFO - Processing /home/airflow/.local/lib/python3.7/site-packages/airflow/example_dags/example_skip_dag.py took 0.109 seconds
[2023-08-09T03:16:39.364+0000] {processor.py:157} INFO - Started process (PID=722) to work on /home/airflow/.local/lib/python3.7/site-packages/airflow/example_dags/example_skip_dag.py
[2023-08-09T03:16:39.365+0000] {processor.py:826} INFO - Processing file /home/airflow/.local/lib/python3.7/site-packages/airflow/example_dags/example_skip_dag.py for tasks to queue
[2023-08-09T03:16:39.368+0000] {logging_mixin.py:150} INFO - [2023-08-09T03:16:39.367+0000] {dagbag.py:541} INFO - Filling up the DagBag from /home/airflow/.local/lib/python3.7/site-packages/airflow/example_dags/example_skip_dag.py
[2023-08-09T03:16:39.375+0000] {processor.py:836} INFO - DAG(s) dict_keys(['example_skip_dag']) retrieved from /home/airflow/.local/lib/python3.7/site-packages/airflow/example_dags/example_skip_dag.py
[2023-08-09T03:16:39.398+0000] {logging_mixin.py:150} INFO - [2023-08-09T03:16:39.397+0000] {dag.py:2742} INFO - Sync 1 DAGs
[2023-08-09T03:16:39.425+0000] {logging_mixin.py:150} INFO - [2023-08-09T03:16:39.425+0000] {dag.py:3508} INFO - Setting next_dagrun for example_skip_dag to 2023-08-08T03:16:39.425401+00:00, run_after=2023-08-09T03:16:39.425401+00:00
[2023-08-09T03:16:39.444+0000] {processor.py:179} INFO - Processing /home/airflow/.local/lib/python3.7/site-packages/airflow/example_dags/example_skip_dag.py took 0.083 seconds
[2023-08-09T03:17:09.627+0000] {processor.py:157} INFO - Started process (PID=777) to work on /home/airflow/.local/lib/python3.7/site-packages/airflow/example_dags/example_skip_dag.py
[2023-08-09T03:17:09.628+0000] {processor.py:826} INFO - Processing file /home/airflow/.local/lib/python3.7/site-packages/airflow/example_dags/example_skip_dag.py for tasks to queue
[2023-08-09T03:17:09.631+0000] {logging_mixin.py:150} INFO - [2023-08-09T03:17:09.631+0000] {dagbag.py:541} INFO - Filling up the DagBag from /home/airflow/.local/lib/python3.7/site-packages/airflow/example_dags/example_skip_dag.py
[2023-08-09T03:17:09.641+0000] {processor.py:836} INFO - DAG(s) dict_keys(['example_skip_dag']) retrieved from /home/airflow/.local/lib/python3.7/site-packages/airflow/example_dags/example_skip_dag.py
[2023-08-09T03:17:09.678+0000] {logging_mixin.py:150} INFO - [2023-08-09T03:17:09.677+0000] {dag.py:2742} INFO - Sync 1 DAGs
[2023-08-09T03:17:09.705+0000] {logging_mixin.py:150} INFO - [2023-08-09T03:17:09.704+0000] {dag.py:3508} INFO - Setting next_dagrun for example_skip_dag to 2023-08-08T03:17:09.704671+00:00, run_after=2023-08-09T03:17:09.704671+00:00
[2023-08-09T03:17:09.721+0000] {processor.py:179} INFO - Processing /home/airflow/.local/lib/python3.7/site-packages/airflow/example_dags/example_skip_dag.py took 0.099 seconds
[2023-08-09T03:17:40.176+0000] {processor.py:157} INFO - Started process (PID=832) to work on /home/airflow/.local/lib/python3.7/site-packages/airflow/example_dags/example_skip_dag.py
[2023-08-09T03:17:40.177+0000] {processor.py:826} INFO - Processing file /home/airflow/.local/lib/python3.7/site-packages/airflow/example_dags/example_skip_dag.py for tasks to queue
[2023-08-09T03:17:40.179+0000] {logging_mixin.py:150} INFO - [2023-08-09T03:17:40.178+0000] {dagbag.py:541} INFO - Filling up the DagBag from /home/airflow/.local/lib/python3.7/site-packages/airflow/example_dags/example_skip_dag.py
[2023-08-09T03:17:40.184+0000] {processor.py:836} INFO - DAG(s) dict_keys(['example_skip_dag']) retrieved from /home/airflow/.local/lib/python3.7/site-packages/airflow/example_dags/example_skip_dag.py
[2023-08-09T03:17:40.206+0000] {logging_mixin.py:150} INFO - [2023-08-09T03:17:40.206+0000] {dag.py:2742} INFO - Sync 1 DAGs
[2023-08-09T03:17:40.229+0000] {logging_mixin.py:150} INFO - [2023-08-09T03:17:40.229+0000] {dag.py:3508} INFO - Setting next_dagrun for example_skip_dag to 2023-08-08T03:17:40.229329+00:00, run_after=2023-08-09T03:17:40.229329+00:00
[2023-08-09T03:17:40.252+0000] {processor.py:179} INFO - Processing /home/airflow/.local/lib/python3.7/site-packages/airflow/example_dags/example_skip_dag.py took 0.078 seconds
[2023-08-09T03:18:10.444+0000] {processor.py:157} INFO - Started process (PID=887) to work on /home/airflow/.local/lib/python3.7/site-packages/airflow/example_dags/example_skip_dag.py
[2023-08-09T03:18:10.447+0000] {processor.py:826} INFO - Processing file /home/airflow/.local/lib/python3.7/site-packages/airflow/example_dags/example_skip_dag.py for tasks to queue
[2023-08-09T03:18:10.450+0000] {logging_mixin.py:150} INFO - [2023-08-09T03:18:10.450+0000] {dagbag.py:541} INFO - Filling up the DagBag from /home/airflow/.local/lib/python3.7/site-packages/airflow/example_dags/example_skip_dag.py
[2023-08-09T03:18:10.467+0000] {processor.py:836} INFO - DAG(s) dict_keys(['example_skip_dag']) retrieved from /home/airflow/.local/lib/python3.7/site-packages/airflow/example_dags/example_skip_dag.py
[2023-08-09T03:18:10.505+0000] {logging_mixin.py:150} INFO - [2023-08-09T03:18:10.504+0000] {dag.py:2742} INFO - Sync 1 DAGs
[2023-08-09T03:18:10.548+0000] {logging_mixin.py:150} INFO - [2023-08-09T03:18:10.548+0000] {dag.py:3508} INFO - Setting next_dagrun for example_skip_dag to 2023-08-08T03:18:10.547983+00:00, run_after=2023-08-09T03:18:10.547983+00:00
[2023-08-09T03:18:10.574+0000] {processor.py:179} INFO - Processing /home/airflow/.local/lib/python3.7/site-packages/airflow/example_dags/example_skip_dag.py took 0.134 seconds
[2023-08-09T03:18:40.971+0000] {processor.py:157} INFO - Started process (PID=942) to work on /home/airflow/.local/lib/python3.7/site-packages/airflow/example_dags/example_skip_dag.py
[2023-08-09T03:18:40.972+0000] {processor.py:826} INFO - Processing file /home/airflow/.local/lib/python3.7/site-packages/airflow/example_dags/example_skip_dag.py for tasks to queue
[2023-08-09T03:18:40.974+0000] {logging_mixin.py:150} INFO - [2023-08-09T03:18:40.974+0000] {dagbag.py:541} INFO - Filling up the DagBag from /home/airflow/.local/lib/python3.7/site-packages/airflow/example_dags/example_skip_dag.py
[2023-08-09T03:18:40.980+0000] {processor.py:836} INFO - DAG(s) dict_keys(['example_skip_dag']) retrieved from /home/airflow/.local/lib/python3.7/site-packages/airflow/example_dags/example_skip_dag.py
[2023-08-09T03:18:41.004+0000] {logging_mixin.py:150} INFO - [2023-08-09T03:18:41.003+0000] {dag.py:2742} INFO - Sync 1 DAGs
[2023-08-09T03:18:41.044+0000] {logging_mixin.py:150} INFO - [2023-08-09T03:18:41.044+0000] {dag.py:3508} INFO - Setting next_dagrun for example_skip_dag to 2023-08-08T03:18:41.043965+00:00, run_after=2023-08-09T03:18:41.043965+00:00
[2023-08-09T03:18:41.072+0000] {processor.py:179} INFO - Processing /home/airflow/.local/lib/python3.7/site-packages/airflow/example_dags/example_skip_dag.py took 0.104 seconds
[2023-08-09T03:19:11.223+0000] {processor.py:157} INFO - Started process (PID=997) to work on /home/airflow/.local/lib/python3.7/site-packages/airflow/example_dags/example_skip_dag.py
[2023-08-09T03:19:11.223+0000] {processor.py:826} INFO - Processing file /home/airflow/.local/lib/python3.7/site-packages/airflow/example_dags/example_skip_dag.py for tasks to queue
[2023-08-09T03:19:11.225+0000] {logging_mixin.py:150} INFO - [2023-08-09T03:19:11.225+0000] {dagbag.py:541} INFO - Filling up the DagBag from /home/airflow/.local/lib/python3.7/site-packages/airflow/example_dags/example_skip_dag.py
[2023-08-09T03:19:11.230+0000] {processor.py:836} INFO - DAG(s) dict_keys(['example_skip_dag']) retrieved from /home/airflow/.local/lib/python3.7/site-packages/airflow/example_dags/example_skip_dag.py
[2023-08-09T03:19:11.251+0000] {logging_mixin.py:150} INFO - [2023-08-09T03:19:11.251+0000] {dag.py:2742} INFO - Sync 1 DAGs
[2023-08-09T03:19:11.275+0000] {logging_mixin.py:150} INFO - [2023-08-09T03:19:11.275+0000] {dag.py:3508} INFO - Setting next_dagrun for example_skip_dag to 2023-08-08T03:19:11.275283+00:00, run_after=2023-08-09T03:19:11.275283+00:00
[2023-08-09T03:19:11.294+0000] {processor.py:179} INFO - Processing /home/airflow/.local/lib/python3.7/site-packages/airflow/example_dags/example_skip_dag.py took 0.073 seconds
[2023-08-09T03:19:41.548+0000] {processor.py:157} INFO - Started process (PID=1052) to work on /home/airflow/.local/lib/python3.7/site-packages/airflow/example_dags/example_skip_dag.py
[2023-08-09T03:19:41.549+0000] {processor.py:826} INFO - Processing file /home/airflow/.local/lib/python3.7/site-packages/airflow/example_dags/example_skip_dag.py for tasks to queue
[2023-08-09T03:19:41.550+0000] {logging_mixin.py:150} INFO - [2023-08-09T03:19:41.550+0000] {dagbag.py:541} INFO - Filling up the DagBag from /home/airflow/.local/lib/python3.7/site-packages/airflow/example_dags/example_skip_dag.py
[2023-08-09T03:19:41.556+0000] {processor.py:836} INFO - DAG(s) dict_keys(['example_skip_dag']) retrieved from /home/airflow/.local/lib/python3.7/site-packages/airflow/example_dags/example_skip_dag.py
[2023-08-09T03:19:41.586+0000] {logging_mixin.py:150} INFO - [2023-08-09T03:19:41.585+0000] {dag.py:2742} INFO - Sync 1 DAGs
[2023-08-09T03:19:41.620+0000] {logging_mixin.py:150} INFO - [2023-08-09T03:19:41.620+0000] {dag.py:3508} INFO - Setting next_dagrun for example_skip_dag to 2023-08-08T03:19:41.620426+00:00, run_after=2023-08-09T03:19:41.620426+00:00
[2023-08-09T03:19:41.645+0000] {processor.py:179} INFO - Processing /home/airflow/.local/lib/python3.7/site-packages/airflow/example_dags/example_skip_dag.py took 0.100 seconds
[2023-08-09T03:20:12.421+0000] {processor.py:157} INFO - Started process (PID=1107) to work on /home/airflow/.local/lib/python3.7/site-packages/airflow/example_dags/example_skip_dag.py
[2023-08-09T03:20:12.422+0000] {processor.py:826} INFO - Processing file /home/airflow/.local/lib/python3.7/site-packages/airflow/example_dags/example_skip_dag.py for tasks to queue
[2023-08-09T03:20:12.424+0000] {logging_mixin.py:150} INFO - [2023-08-09T03:20:12.423+0000] {dagbag.py:541} INFO - Filling up the DagBag from /home/airflow/.local/lib/python3.7/site-packages/airflow/example_dags/example_skip_dag.py
[2023-08-09T03:20:12.430+0000] {processor.py:836} INFO - DAG(s) dict_keys(['example_skip_dag']) retrieved from /home/airflow/.local/lib/python3.7/site-packages/airflow/example_dags/example_skip_dag.py
[2023-08-09T03:20:12.458+0000] {logging_mixin.py:150} INFO - [2023-08-09T03:20:12.457+0000] {dag.py:2742} INFO - Sync 1 DAGs
[2023-08-09T03:20:12.487+0000] {logging_mixin.py:150} INFO - [2023-08-09T03:20:12.487+0000] {dag.py:3508} INFO - Setting next_dagrun for example_skip_dag to 2023-08-08T03:20:12.487275+00:00, run_after=2023-08-09T03:20:12.487275+00:00
[2023-08-09T03:20:12.503+0000] {processor.py:179} INFO - Processing /home/airflow/.local/lib/python3.7/site-packages/airflow/example_dags/example_skip_dag.py took 0.084 seconds
[2023-08-09T03:20:43.384+0000] {processor.py:157} INFO - Started process (PID=1162) to work on /home/airflow/.local/lib/python3.7/site-packages/airflow/example_dags/example_skip_dag.py
[2023-08-09T03:20:43.384+0000] {processor.py:826} INFO - Processing file /home/airflow/.local/lib/python3.7/site-packages/airflow/example_dags/example_skip_dag.py for tasks to queue
[2023-08-09T03:20:43.386+0000] {logging_mixin.py:150} INFO - [2023-08-09T03:20:43.386+0000] {dagbag.py:541} INFO - Filling up the DagBag from /home/airflow/.local/lib/python3.7/site-packages/airflow/example_dags/example_skip_dag.py
[2023-08-09T03:20:43.391+0000] {processor.py:836} INFO - DAG(s) dict_keys(['example_skip_dag']) retrieved from /home/airflow/.local/lib/python3.7/site-packages/airflow/example_dags/example_skip_dag.py
[2023-08-09T03:20:43.413+0000] {logging_mixin.py:150} INFO - [2023-08-09T03:20:43.412+0000] {dag.py:2742} INFO - Sync 1 DAGs
[2023-08-09T03:20:43.435+0000] {logging_mixin.py:150} INFO - [2023-08-09T03:20:43.435+0000] {dag.py:3508} INFO - Setting next_dagrun for example_skip_dag to 2023-08-08T03:20:43.434839+00:00, run_after=2023-08-09T03:20:43.434839+00:00
[2023-08-09T03:20:43.452+0000] {processor.py:179} INFO - Processing /home/airflow/.local/lib/python3.7/site-packages/airflow/example_dags/example_skip_dag.py took 0.071 seconds
[2023-08-09T03:21:13.634+0000] {processor.py:157} INFO - Started process (PID=1217) to work on /home/airflow/.local/lib/python3.7/site-packages/airflow/example_dags/example_skip_dag.py
[2023-08-09T03:21:13.634+0000] {processor.py:826} INFO - Processing file /home/airflow/.local/lib/python3.7/site-packages/airflow/example_dags/example_skip_dag.py for tasks to queue
[2023-08-09T03:21:13.637+0000] {logging_mixin.py:150} INFO - [2023-08-09T03:21:13.637+0000] {dagbag.py:541} INFO - Filling up the DagBag from /home/airflow/.local/lib/python3.7/site-packages/airflow/example_dags/example_skip_dag.py
[2023-08-09T03:21:13.646+0000] {processor.py:836} INFO - DAG(s) dict_keys(['example_skip_dag']) retrieved from /home/airflow/.local/lib/python3.7/site-packages/airflow/example_dags/example_skip_dag.py
[2023-08-09T03:21:13.676+0000] {logging_mixin.py:150} INFO - [2023-08-09T03:21:13.675+0000] {dag.py:2742} INFO - Sync 1 DAGs
[2023-08-09T03:21:13.709+0000] {logging_mixin.py:150} INFO - [2023-08-09T03:21:13.709+0000] {dag.py:3508} INFO - Setting next_dagrun for example_skip_dag to 2023-08-08T03:21:13.708977+00:00, run_after=2023-08-09T03:21:13.708977+00:00
[2023-08-09T03:21:13.736+0000] {processor.py:179} INFO - Processing /home/airflow/.local/lib/python3.7/site-packages/airflow/example_dags/example_skip_dag.py took 0.106 seconds
[2023-08-09T03:21:43.879+0000] {processor.py:157} INFO - Started process (PID=1272) to work on /home/airflow/.local/lib/python3.7/site-packages/airflow/example_dags/example_skip_dag.py
[2023-08-09T03:21:43.880+0000] {processor.py:826} INFO - Processing file /home/airflow/.local/lib/python3.7/site-packages/airflow/example_dags/example_skip_dag.py for tasks to queue
[2023-08-09T03:21:43.882+0000] {logging_mixin.py:150} INFO - [2023-08-09T03:21:43.881+0000] {dagbag.py:541} INFO - Filling up the DagBag from /home/airflow/.local/lib/python3.7/site-packages/airflow/example_dags/example_skip_dag.py
[2023-08-09T03:21:43.887+0000] {processor.py:836} INFO - DAG(s) dict_keys(['example_skip_dag']) retrieved from /home/airflow/.local/lib/python3.7/site-packages/airflow/example_dags/example_skip_dag.py
[2023-08-09T03:21:43.909+0000] {logging_mixin.py:150} INFO - [2023-08-09T03:21:43.908+0000] {dag.py:2742} INFO - Sync 1 DAGs
[2023-08-09T03:21:43.932+0000] {logging_mixin.py:150} INFO - [2023-08-09T03:21:43.932+0000] {dag.py:3508} INFO - Setting next_dagrun for example_skip_dag to 2023-08-08T03:21:43.931828+00:00, run_after=2023-08-09T03:21:43.931828+00:00
[2023-08-09T03:21:43.950+0000] {processor.py:179} INFO - Processing /home/airflow/.local/lib/python3.7/site-packages/airflow/example_dags/example_skip_dag.py took 0.074 seconds
[2023-08-09T03:22:14.102+0000] {processor.py:157} INFO - Started process (PID=1327) to work on /home/airflow/.local/lib/python3.7/site-packages/airflow/example_dags/example_skip_dag.py
[2023-08-09T03:22:14.103+0000] {processor.py:826} INFO - Processing file /home/airflow/.local/lib/python3.7/site-packages/airflow/example_dags/example_skip_dag.py for tasks to queue
[2023-08-09T03:22:14.104+0000] {logging_mixin.py:150} INFO - [2023-08-09T03:22:14.104+0000] {dagbag.py:541} INFO - Filling up the DagBag from /home/airflow/.local/lib/python3.7/site-packages/airflow/example_dags/example_skip_dag.py
[2023-08-09T03:22:14.110+0000] {processor.py:836} INFO - DAG(s) dict_keys(['example_skip_dag']) retrieved from /home/airflow/.local/lib/python3.7/site-packages/airflow/example_dags/example_skip_dag.py
[2023-08-09T03:22:14.133+0000] {logging_mixin.py:150} INFO - [2023-08-09T03:22:14.132+0000] {dag.py:2742} INFO - Sync 1 DAGs
[2023-08-09T03:22:14.158+0000] {logging_mixin.py:150} INFO - [2023-08-09T03:22:14.157+0000] {dag.py:3508} INFO - Setting next_dagrun for example_skip_dag to 2023-08-08T03:22:14.157679+00:00, run_after=2023-08-09T03:22:14.157679+00:00
[2023-08-09T03:22:14.174+0000] {processor.py:179} INFO - Processing /home/airflow/.local/lib/python3.7/site-packages/airflow/example_dags/example_skip_dag.py took 0.074 seconds
[2023-08-09T03:22:44.335+0000] {processor.py:157} INFO - Started process (PID=1381) to work on /home/airflow/.local/lib/python3.7/site-packages/airflow/example_dags/example_skip_dag.py
[2023-08-09T03:22:44.336+0000] {processor.py:826} INFO - Processing file /home/airflow/.local/lib/python3.7/site-packages/airflow/example_dags/example_skip_dag.py for tasks to queue
[2023-08-09T03:22:44.338+0000] {logging_mixin.py:150} INFO - [2023-08-09T03:22:44.338+0000] {dagbag.py:541} INFO - Filling up the DagBag from /home/airflow/.local/lib/python3.7/site-packages/airflow/example_dags/example_skip_dag.py
[2023-08-09T03:22:44.343+0000] {processor.py:836} INFO - DAG(s) dict_keys(['example_skip_dag']) retrieved from /home/airflow/.local/lib/python3.7/site-packages/airflow/example_dags/example_skip_dag.py
[2023-08-09T03:22:44.365+0000] {logging_mixin.py:150} INFO - [2023-08-09T03:22:44.364+0000] {dag.py:2742} INFO - Sync 1 DAGs
[2023-08-09T03:22:44.387+0000] {logging_mixin.py:150} INFO - [2023-08-09T03:22:44.387+0000] {dag.py:3508} INFO - Setting next_dagrun for example_skip_dag to 2023-08-08T03:22:44.386878+00:00, run_after=2023-08-09T03:22:44.386878+00:00
[2023-08-09T03:22:44.404+0000] {processor.py:179} INFO - Processing /home/airflow/.local/lib/python3.7/site-packages/airflow/example_dags/example_skip_dag.py took 0.072 seconds
[2023-08-09T03:23:14.518+0000] {processor.py:157} INFO - Started process (PID=1436) to work on /home/airflow/.local/lib/python3.7/site-packages/airflow/example_dags/example_skip_dag.py
[2023-08-09T03:23:14.519+0000] {processor.py:826} INFO - Processing file /home/airflow/.local/lib/python3.7/site-packages/airflow/example_dags/example_skip_dag.py for tasks to queue
[2023-08-09T03:23:14.521+0000] {logging_mixin.py:150} INFO - [2023-08-09T03:23:14.521+0000] {dagbag.py:541} INFO - Filling up the DagBag from /home/airflow/.local/lib/python3.7/site-packages/airflow/example_dags/example_skip_dag.py
[2023-08-09T03:23:14.528+0000] {processor.py:836} INFO - DAG(s) dict_keys(['example_skip_dag']) retrieved from /home/airflow/.local/lib/python3.7/site-packages/airflow/example_dags/example_skip_dag.py
[2023-08-09T03:23:14.549+0000] {logging_mixin.py:150} INFO - [2023-08-09T03:23:14.549+0000] {dag.py:2742} INFO - Sync 1 DAGs
[2023-08-09T03:23:14.572+0000] {logging_mixin.py:150} INFO - [2023-08-09T03:23:14.572+0000] {dag.py:3508} INFO - Setting next_dagrun for example_skip_dag to 2023-08-08T03:23:14.571915+00:00, run_after=2023-08-09T03:23:14.571915+00:00
[2023-08-09T03:23:14.588+0000] {processor.py:179} INFO - Processing /home/airflow/.local/lib/python3.7/site-packages/airflow/example_dags/example_skip_dag.py took 0.073 seconds
[2023-08-09T03:23:44.708+0000] {processor.py:157} INFO - Started process (PID=1491) to work on /home/airflow/.local/lib/python3.7/site-packages/airflow/example_dags/example_skip_dag.py
[2023-08-09T03:23:44.708+0000] {processor.py:826} INFO - Processing file /home/airflow/.local/lib/python3.7/site-packages/airflow/example_dags/example_skip_dag.py for tasks to queue
[2023-08-09T03:23:44.710+0000] {logging_mixin.py:150} INFO - [2023-08-09T03:23:44.710+0000] {dagbag.py:541} INFO - Filling up the DagBag from /home/airflow/.local/lib/python3.7/site-packages/airflow/example_dags/example_skip_dag.py
[2023-08-09T03:23:44.716+0000] {processor.py:836} INFO - DAG(s) dict_keys(['example_skip_dag']) retrieved from /home/airflow/.local/lib/python3.7/site-packages/airflow/example_dags/example_skip_dag.py
[2023-08-09T03:23:44.738+0000] {logging_mixin.py:150} INFO - [2023-08-09T03:23:44.737+0000] {dag.py:2742} INFO - Sync 1 DAGs
[2023-08-09T03:23:44.761+0000] {logging_mixin.py:150} INFO - [2023-08-09T03:23:44.761+0000] {dag.py:3508} INFO - Setting next_dagrun for example_skip_dag to 2023-08-08T03:23:44.761272+00:00, run_after=2023-08-09T03:23:44.761272+00:00
[2023-08-09T03:23:44.779+0000] {processor.py:179} INFO - Processing /home/airflow/.local/lib/python3.7/site-packages/airflow/example_dags/example_skip_dag.py took 0.074 seconds
[2023-08-09T03:24:15.045+0000] {processor.py:157} INFO - Started process (PID=1546) to work on /home/airflow/.local/lib/python3.7/site-packages/airflow/example_dags/example_skip_dag.py
[2023-08-09T03:24:15.046+0000] {processor.py:826} INFO - Processing file /home/airflow/.local/lib/python3.7/site-packages/airflow/example_dags/example_skip_dag.py for tasks to queue
[2023-08-09T03:24:15.048+0000] {logging_mixin.py:150} INFO - [2023-08-09T03:24:15.048+0000] {dagbag.py:541} INFO - Filling up the DagBag from /home/airflow/.local/lib/python3.7/site-packages/airflow/example_dags/example_skip_dag.py
[2023-08-09T03:24:15.054+0000] {processor.py:836} INFO - DAG(s) dict_keys(['example_skip_dag']) retrieved from /home/airflow/.local/lib/python3.7/site-packages/airflow/example_dags/example_skip_dag.py
[2023-08-09T03:24:15.075+0000] {logging_mixin.py:150} INFO - [2023-08-09T03:24:15.075+0000] {dag.py:2742} INFO - Sync 1 DAGs
[2023-08-09T03:24:15.098+0000] {logging_mixin.py:150} INFO - [2023-08-09T03:24:15.098+0000] {dag.py:3508} INFO - Setting next_dagrun for example_skip_dag to 2023-08-08T03:24:15.098452+00:00, run_after=2023-08-09T03:24:15.098452+00:00
[2023-08-09T03:24:15.113+0000] {processor.py:179} INFO - Processing /home/airflow/.local/lib/python3.7/site-packages/airflow/example_dags/example_skip_dag.py took 0.071 seconds
[2023-08-09T03:24:45.340+0000] {processor.py:157} INFO - Started process (PID=1601) to work on /home/airflow/.local/lib/python3.7/site-packages/airflow/example_dags/example_skip_dag.py
[2023-08-09T03:24:45.341+0000] {processor.py:826} INFO - Processing file /home/airflow/.local/lib/python3.7/site-packages/airflow/example_dags/example_skip_dag.py for tasks to queue
[2023-08-09T03:24:45.342+0000] {logging_mixin.py:150} INFO - [2023-08-09T03:24:45.342+0000] {dagbag.py:541} INFO - Filling up the DagBag from /home/airflow/.local/lib/python3.7/site-packages/airflow/example_dags/example_skip_dag.py
[2023-08-09T03:24:45.348+0000] {processor.py:836} INFO - DAG(s) dict_keys(['example_skip_dag']) retrieved from /home/airflow/.local/lib/python3.7/site-packages/airflow/example_dags/example_skip_dag.py
[2023-08-09T03:24:45.370+0000] {logging_mixin.py:150} INFO - [2023-08-09T03:24:45.370+0000] {dag.py:2742} INFO - Sync 1 DAGs
[2023-08-09T03:24:45.393+0000] {logging_mixin.py:150} INFO - [2023-08-09T03:24:45.393+0000] {dag.py:3508} INFO - Setting next_dagrun for example_skip_dag to 2023-08-08T03:24:45.393490+00:00, run_after=2023-08-09T03:24:45.393490+00:00
[2023-08-09T03:24:45.410+0000] {processor.py:179} INFO - Processing /home/airflow/.local/lib/python3.7/site-packages/airflow/example_dags/example_skip_dag.py took 0.073 seconds
[2023-08-09T03:25:15.564+0000] {processor.py:157} INFO - Started process (PID=1655) to work on /home/airflow/.local/lib/python3.7/site-packages/airflow/example_dags/example_skip_dag.py
[2023-08-09T03:25:15.565+0000] {processor.py:826} INFO - Processing file /home/airflow/.local/lib/python3.7/site-packages/airflow/example_dags/example_skip_dag.py for tasks to queue
[2023-08-09T03:25:15.567+0000] {logging_mixin.py:150} INFO - [2023-08-09T03:25:15.566+0000] {dagbag.py:541} INFO - Filling up the DagBag from /home/airflow/.local/lib/python3.7/site-packages/airflow/example_dags/example_skip_dag.py
[2023-08-09T03:25:15.572+0000] {processor.py:836} INFO - DAG(s) dict_keys(['example_skip_dag']) retrieved from /home/airflow/.local/lib/python3.7/site-packages/airflow/example_dags/example_skip_dag.py
[2023-08-09T03:25:15.594+0000] {logging_mixin.py:150} INFO - [2023-08-09T03:25:15.593+0000] {dag.py:2742} INFO - Sync 1 DAGs
[2023-08-09T03:25:15.618+0000] {logging_mixin.py:150} INFO - [2023-08-09T03:25:15.618+0000] {dag.py:3508} INFO - Setting next_dagrun for example_skip_dag to 2023-08-08T03:25:15.618452+00:00, run_after=2023-08-09T03:25:15.618452+00:00
[2023-08-09T03:25:15.634+0000] {processor.py:179} INFO - Processing /home/airflow/.local/lib/python3.7/site-packages/airflow/example_dags/example_skip_dag.py took 0.072 seconds
[2023-08-09T03:25:45.817+0000] {processor.py:157} INFO - Started process (PID=1710) to work on /home/airflow/.local/lib/python3.7/site-packages/airflow/example_dags/example_skip_dag.py
[2023-08-09T03:25:45.817+0000] {processor.py:826} INFO - Processing file /home/airflow/.local/lib/python3.7/site-packages/airflow/example_dags/example_skip_dag.py for tasks to queue
[2023-08-09T03:25:45.819+0000] {logging_mixin.py:150} INFO - [2023-08-09T03:25:45.819+0000] {dagbag.py:541} INFO - Filling up the DagBag from /home/airflow/.local/lib/python3.7/site-packages/airflow/example_dags/example_skip_dag.py
[2023-08-09T03:25:45.825+0000] {processor.py:836} INFO - DAG(s) dict_keys(['example_skip_dag']) retrieved from /home/airflow/.local/lib/python3.7/site-packages/airflow/example_dags/example_skip_dag.py
[2023-08-09T03:25:45.848+0000] {logging_mixin.py:150} INFO - [2023-08-09T03:25:45.847+0000] {dag.py:2742} INFO - Sync 1 DAGs
[2023-08-09T03:25:45.873+0000] {logging_mixin.py:150} INFO - [2023-08-09T03:25:45.873+0000] {dag.py:3508} INFO - Setting next_dagrun for example_skip_dag to 2023-08-08T03:25:45.873057+00:00, run_after=2023-08-09T03:25:45.873057+00:00
[2023-08-09T03:25:45.890+0000] {processor.py:179} INFO - Processing /home/airflow/.local/lib/python3.7/site-packages/airflow/example_dags/example_skip_dag.py took 0.076 seconds
[2023-08-09T03:26:16.277+0000] {processor.py:157} INFO - Started process (PID=1764) to work on /home/airflow/.local/lib/python3.7/site-packages/airflow/example_dags/example_skip_dag.py
[2023-08-09T03:26:16.278+0000] {processor.py:826} INFO - Processing file /home/airflow/.local/lib/python3.7/site-packages/airflow/example_dags/example_skip_dag.py for tasks to queue
[2023-08-09T03:26:16.279+0000] {logging_mixin.py:150} INFO - [2023-08-09T03:26:16.279+0000] {dagbag.py:541} INFO - Filling up the DagBag from /home/airflow/.local/lib/python3.7/site-packages/airflow/example_dags/example_skip_dag.py
[2023-08-09T03:26:16.285+0000] {processor.py:836} INFO - DAG(s) dict_keys(['example_skip_dag']) retrieved from /home/airflow/.local/lib/python3.7/site-packages/airflow/example_dags/example_skip_dag.py
[2023-08-09T03:26:16.306+0000] {logging_mixin.py:150} INFO - [2023-08-09T03:26:16.306+0000] {dag.py:2742} INFO - Sync 1 DAGs
[2023-08-09T03:26:16.329+0000] {logging_mixin.py:150} INFO - [2023-08-09T03:26:16.328+0000] {dag.py:3508} INFO - Setting next_dagrun for example_skip_dag to 2023-08-08T03:26:16.328705+00:00, run_after=2023-08-09T03:26:16.328705+00:00
[2023-08-09T03:26:16.349+0000] {processor.py:179} INFO - Processing /home/airflow/.local/lib/python3.7/site-packages/airflow/example_dags/example_skip_dag.py took 0.075 seconds
[2023-08-09T03:26:47.272+0000] {processor.py:157} INFO - Started process (PID=1819) to work on /home/airflow/.local/lib/python3.7/site-packages/airflow/example_dags/example_skip_dag.py
[2023-08-09T03:26:47.273+0000] {processor.py:826} INFO - Processing file /home/airflow/.local/lib/python3.7/site-packages/airflow/example_dags/example_skip_dag.py for tasks to queue
[2023-08-09T03:26:47.274+0000] {logging_mixin.py:150} INFO - [2023-08-09T03:26:47.274+0000] {dagbag.py:541} INFO - Filling up the DagBag from /home/airflow/.local/lib/python3.7/site-packages/airflow/example_dags/example_skip_dag.py
[2023-08-09T03:26:47.280+0000] {processor.py:836} INFO - DAG(s) dict_keys(['example_skip_dag']) retrieved from /home/airflow/.local/lib/python3.7/site-packages/airflow/example_dags/example_skip_dag.py
[2023-08-09T03:26:47.300+0000] {logging_mixin.py:150} INFO - [2023-08-09T03:26:47.299+0000] {dag.py:2742} INFO - Sync 1 DAGs
[2023-08-09T03:26:47.322+0000] {logging_mixin.py:150} INFO - [2023-08-09T03:26:47.322+0000] {dag.py:3508} INFO - Setting next_dagrun for example_skip_dag to 2023-08-08T03:26:47.322577+00:00, run_after=2023-08-09T03:26:47.322577+00:00
[2023-08-09T03:26:47.338+0000] {processor.py:179} INFO - Processing /home/airflow/.local/lib/python3.7/site-packages/airflow/example_dags/example_skip_dag.py took 0.069 seconds
[2023-08-09T03:27:17.507+0000] {processor.py:157} INFO - Started process (PID=1873) to work on /home/airflow/.local/lib/python3.7/site-packages/airflow/example_dags/example_skip_dag.py
[2023-08-09T03:27:17.508+0000] {processor.py:826} INFO - Processing file /home/airflow/.local/lib/python3.7/site-packages/airflow/example_dags/example_skip_dag.py for tasks to queue
[2023-08-09T03:27:17.510+0000] {logging_mixin.py:150} INFO - [2023-08-09T03:27:17.509+0000] {dagbag.py:541} INFO - Filling up the DagBag from /home/airflow/.local/lib/python3.7/site-packages/airflow/example_dags/example_skip_dag.py
[2023-08-09T03:27:17.515+0000] {processor.py:836} INFO - DAG(s) dict_keys(['example_skip_dag']) retrieved from /home/airflow/.local/lib/python3.7/site-packages/airflow/example_dags/example_skip_dag.py
[2023-08-09T03:27:17.537+0000] {logging_mixin.py:150} INFO - [2023-08-09T03:27:17.536+0000] {dag.py:2742} INFO - Sync 1 DAGs
[2023-08-09T03:27:17.559+0000] {logging_mixin.py:150} INFO - [2023-08-09T03:27:17.559+0000] {dag.py:3508} INFO - Setting next_dagrun for example_skip_dag to 2023-08-08T03:27:17.559067+00:00, run_after=2023-08-09T03:27:17.559067+00:00
[2023-08-09T03:27:17.579+0000] {processor.py:179} INFO - Processing /home/airflow/.local/lib/python3.7/site-packages/airflow/example_dags/example_skip_dag.py took 0.075 seconds
[2023-08-09T03:27:47.918+0000] {processor.py:157} INFO - Started process (PID=1928) to work on /home/airflow/.local/lib/python3.7/site-packages/airflow/example_dags/example_skip_dag.py
[2023-08-09T03:27:47.918+0000] {processor.py:826} INFO - Processing file /home/airflow/.local/lib/python3.7/site-packages/airflow/example_dags/example_skip_dag.py for tasks to queue
[2023-08-09T03:27:47.920+0000] {logging_mixin.py:150} INFO - [2023-08-09T03:27:47.920+0000] {dagbag.py:541} INFO - Filling up the DagBag from /home/airflow/.local/lib/python3.7/site-packages/airflow/example_dags/example_skip_dag.py
[2023-08-09T03:27:47.926+0000] {processor.py:836} INFO - DAG(s) dict_keys(['example_skip_dag']) retrieved from /home/airflow/.local/lib/python3.7/site-packages/airflow/example_dags/example_skip_dag.py
[2023-08-09T03:27:47.947+0000] {logging_mixin.py:150} INFO - [2023-08-09T03:27:47.946+0000] {dag.py:2742} INFO - Sync 1 DAGs
[2023-08-09T03:27:47.971+0000] {logging_mixin.py:150} INFO - [2023-08-09T03:27:47.971+0000] {dag.py:3508} INFO - Setting next_dagrun for example_skip_dag to 2023-08-08T03:27:47.971125+00:00, run_after=2023-08-09T03:27:47.971125+00:00
[2023-08-09T03:27:47.988+0000] {processor.py:179} INFO - Processing /home/airflow/.local/lib/python3.7/site-packages/airflow/example_dags/example_skip_dag.py took 0.073 seconds
[2023-08-09T03:28:18.269+0000] {processor.py:157} INFO - Started process (PID=1983) to work on /home/airflow/.local/lib/python3.7/site-packages/airflow/example_dags/example_skip_dag.py
[2023-08-09T03:28:18.270+0000] {processor.py:826} INFO - Processing file /home/airflow/.local/lib/python3.7/site-packages/airflow/example_dags/example_skip_dag.py for tasks to queue
[2023-08-09T03:28:18.272+0000] {logging_mixin.py:150} INFO - [2023-08-09T03:28:18.271+0000] {dagbag.py:541} INFO - Filling up the DagBag from /home/airflow/.local/lib/python3.7/site-packages/airflow/example_dags/example_skip_dag.py
[2023-08-09T03:28:18.277+0000] {processor.py:836} INFO - DAG(s) dict_keys(['example_skip_dag']) retrieved from /home/airflow/.local/lib/python3.7/site-packages/airflow/example_dags/example_skip_dag.py
[2023-08-09T03:28:18.299+0000] {logging_mixin.py:150} INFO - [2023-08-09T03:28:18.299+0000] {dag.py:2742} INFO - Sync 1 DAGs
[2023-08-09T03:28:18.323+0000] {logging_mixin.py:150} INFO - [2023-08-09T03:28:18.323+0000] {dag.py:3508} INFO - Setting next_dagrun for example_skip_dag to 2023-08-08T03:28:18.323405+00:00, run_after=2023-08-09T03:28:18.323405+00:00
[2023-08-09T03:28:18.341+0000] {processor.py:179} INFO - Processing /home/airflow/.local/lib/python3.7/site-packages/airflow/example_dags/example_skip_dag.py took 0.075 seconds
[2023-08-09T03:28:48.487+0000] {processor.py:157} INFO - Started process (PID=2039) to work on /home/airflow/.local/lib/python3.7/site-packages/airflow/example_dags/example_skip_dag.py
[2023-08-09T03:28:48.488+0000] {processor.py:826} INFO - Processing file /home/airflow/.local/lib/python3.7/site-packages/airflow/example_dags/example_skip_dag.py for tasks to queue
[2023-08-09T03:28:48.489+0000] {logging_mixin.py:150} INFO - [2023-08-09T03:28:48.489+0000] {dagbag.py:541} INFO - Filling up the DagBag from /home/airflow/.local/lib/python3.7/site-packages/airflow/example_dags/example_skip_dag.py
[2023-08-09T03:28:48.495+0000] {processor.py:836} INFO - DAG(s) dict_keys(['example_skip_dag']) retrieved from /home/airflow/.local/lib/python3.7/site-packages/airflow/example_dags/example_skip_dag.py
[2023-08-09T03:28:48.516+0000] {logging_mixin.py:150} INFO - [2023-08-09T03:28:48.515+0000] {dag.py:2742} INFO - Sync 1 DAGs
[2023-08-09T03:28:48.539+0000] {logging_mixin.py:150} INFO - [2023-08-09T03:28:48.539+0000] {dag.py:3508} INFO - Setting next_dagrun for example_skip_dag to 2023-08-08T03:28:48.539429+00:00, run_after=2023-08-09T03:28:48.539429+00:00
[2023-08-09T03:28:48.555+0000] {processor.py:179} INFO - Processing /home/airflow/.local/lib/python3.7/site-packages/airflow/example_dags/example_skip_dag.py took 0.071 seconds
[2023-08-09T03:29:18.928+0000] {processor.py:157} INFO - Started process (PID=2094) to work on /home/airflow/.local/lib/python3.7/site-packages/airflow/example_dags/example_skip_dag.py
[2023-08-09T03:29:18.928+0000] {processor.py:826} INFO - Processing file /home/airflow/.local/lib/python3.7/site-packages/airflow/example_dags/example_skip_dag.py for tasks to queue
[2023-08-09T03:29:18.930+0000] {logging_mixin.py:150} INFO - [2023-08-09T03:29:18.930+0000] {dagbag.py:541} INFO - Filling up the DagBag from /home/airflow/.local/lib/python3.7/site-packages/airflow/example_dags/example_skip_dag.py
[2023-08-09T03:29:18.936+0000] {processor.py:836} INFO - DAG(s) dict_keys(['example_skip_dag']) retrieved from /home/airflow/.local/lib/python3.7/site-packages/airflow/example_dags/example_skip_dag.py
[2023-08-09T03:29:18.957+0000] {logging_mixin.py:150} INFO - [2023-08-09T03:29:18.957+0000] {dag.py:2742} INFO - Sync 1 DAGs
[2023-08-09T03:29:18.982+0000] {logging_mixin.py:150} INFO - [2023-08-09T03:29:18.982+0000] {dag.py:3508} INFO - Setting next_dagrun for example_skip_dag to 2023-08-08T03:29:18.982336+00:00, run_after=2023-08-09T03:29:18.982336+00:00
[2023-08-09T03:29:18.999+0000] {processor.py:179} INFO - Processing /home/airflow/.local/lib/python3.7/site-packages/airflow/example_dags/example_skip_dag.py took 0.074 seconds
[2023-08-09T03:29:49.172+0000] {processor.py:157} INFO - Started process (PID=2149) to work on /home/airflow/.local/lib/python3.7/site-packages/airflow/example_dags/example_skip_dag.py
[2023-08-09T03:29:49.173+0000] {processor.py:826} INFO - Processing file /home/airflow/.local/lib/python3.7/site-packages/airflow/example_dags/example_skip_dag.py for tasks to queue
[2023-08-09T03:29:49.174+0000] {logging_mixin.py:150} INFO - [2023-08-09T03:29:49.173+0000] {dagbag.py:541} INFO - Filling up the DagBag from /home/airflow/.local/lib/python3.7/site-packages/airflow/example_dags/example_skip_dag.py
[2023-08-09T03:29:49.182+0000] {processor.py:836} INFO - DAG(s) dict_keys(['example_skip_dag']) retrieved from /home/airflow/.local/lib/python3.7/site-packages/airflow/example_dags/example_skip_dag.py
[2023-08-09T03:29:49.202+0000] {logging_mixin.py:150} INFO - [2023-08-09T03:29:49.202+0000] {dag.py:2742} INFO - Sync 1 DAGs
[2023-08-09T03:29:49.226+0000] {logging_mixin.py:150} INFO - [2023-08-09T03:29:49.226+0000] {dag.py:3508} INFO - Setting next_dagrun for example_skip_dag to 2023-08-08T03:29:49.225587+00:00, run_after=2023-08-09T03:29:49.225587+00:00
[2023-08-09T03:29:49.243+0000] {processor.py:179} INFO - Processing /home/airflow/.local/lib/python3.7/site-packages/airflow/example_dags/example_skip_dag.py took 0.076 seconds
[2023-08-09T03:30:20.134+0000] {processor.py:157} INFO - Started process (PID=2204) to work on /home/airflow/.local/lib/python3.7/site-packages/airflow/example_dags/example_skip_dag.py
[2023-08-09T03:30:20.135+0000] {processor.py:826} INFO - Processing file /home/airflow/.local/lib/python3.7/site-packages/airflow/example_dags/example_skip_dag.py for tasks to queue
[2023-08-09T03:30:20.136+0000] {logging_mixin.py:150} INFO - [2023-08-09T03:30:20.135+0000] {dagbag.py:541} INFO - Filling up the DagBag from /home/airflow/.local/lib/python3.7/site-packages/airflow/example_dags/example_skip_dag.py
[2023-08-09T03:30:20.142+0000] {processor.py:836} INFO - DAG(s) dict_keys(['example_skip_dag']) retrieved from /home/airflow/.local/lib/python3.7/site-packages/airflow/example_dags/example_skip_dag.py
[2023-08-09T03:30:20.164+0000] {logging_mixin.py:150} INFO - [2023-08-09T03:30:20.164+0000] {dag.py:2742} INFO - Sync 1 DAGs
[2023-08-09T03:30:20.189+0000] {logging_mixin.py:150} INFO - [2023-08-09T03:30:20.189+0000] {dag.py:3508} INFO - Setting next_dagrun for example_skip_dag to 2023-08-08T03:30:20.189174+00:00, run_after=2023-08-09T03:30:20.189174+00:00
[2023-08-09T03:30:20.208+0000] {processor.py:179} INFO - Processing /home/airflow/.local/lib/python3.7/site-packages/airflow/example_dags/example_skip_dag.py took 0.077 seconds
[2023-08-09T03:30:50.352+0000] {processor.py:157} INFO - Started process (PID=2260) to work on /home/airflow/.local/lib/python3.7/site-packages/airflow/example_dags/example_skip_dag.py
[2023-08-09T03:30:50.353+0000] {processor.py:826} INFO - Processing file /home/airflow/.local/lib/python3.7/site-packages/airflow/example_dags/example_skip_dag.py for tasks to queue
[2023-08-09T03:30:50.354+0000] {logging_mixin.py:150} INFO - [2023-08-09T03:30:50.354+0000] {dagbag.py:541} INFO - Filling up the DagBag from /home/airflow/.local/lib/python3.7/site-packages/airflow/example_dags/example_skip_dag.py
[2023-08-09T03:30:50.363+0000] {processor.py:836} INFO - DAG(s) dict_keys(['example_skip_dag']) retrieved from /home/airflow/.local/lib/python3.7/site-packages/airflow/example_dags/example_skip_dag.py
[2023-08-09T03:30:50.396+0000] {logging_mixin.py:150} INFO - [2023-08-09T03:30:50.396+0000] {dag.py:2742} INFO - Sync 1 DAGs
[2023-08-09T03:30:50.432+0000] {logging_mixin.py:150} INFO - [2023-08-09T03:30:50.431+0000] {dag.py:3508} INFO - Setting next_dagrun for example_skip_dag to 2023-08-08T03:30:50.431579+00:00, run_after=2023-08-09T03:30:50.431579+00:00
[2023-08-09T03:30:50.454+0000] {processor.py:179} INFO - Processing /home/airflow/.local/lib/python3.7/site-packages/airflow/example_dags/example_skip_dag.py took 0.106 seconds
[2023-08-09T03:31:20.916+0000] {processor.py:157} INFO - Started process (PID=2318) to work on /home/airflow/.local/lib/python3.7/site-packages/airflow/example_dags/example_skip_dag.py
[2023-08-09T03:31:20.917+0000] {processor.py:826} INFO - Processing file /home/airflow/.local/lib/python3.7/site-packages/airflow/example_dags/example_skip_dag.py for tasks to queue
[2023-08-09T03:31:20.917+0000] {logging_mixin.py:150} INFO - [2023-08-09T03:31:20.917+0000] {dagbag.py:541} INFO - Filling up the DagBag from /home/airflow/.local/lib/python3.7/site-packages/airflow/example_dags/example_skip_dag.py
[2023-08-09T03:31:20.923+0000] {processor.py:836} INFO - DAG(s) dict_keys(['example_skip_dag']) retrieved from /home/airflow/.local/lib/python3.7/site-packages/airflow/example_dags/example_skip_dag.py
[2023-08-09T03:31:20.951+0000] {logging_mixin.py:150} INFO - [2023-08-09T03:31:20.950+0000] {dag.py:2742} INFO - Sync 1 DAGs
[2023-08-09T03:31:20.985+0000] {logging_mixin.py:150} INFO - [2023-08-09T03:31:20.984+0000] {dag.py:3508} INFO - Setting next_dagrun for example_skip_dag to 2023-08-08T03:31:20.984402+00:00, run_after=2023-08-09T03:31:20.984402+00:00
[2023-08-09T03:31:21.012+0000] {processor.py:179} INFO - Processing /home/airflow/.local/lib/python3.7/site-packages/airflow/example_dags/example_skip_dag.py took 0.098 seconds
[2023-08-09T03:31:51.177+0000] {processor.py:157} INFO - Started process (PID=2378) to work on /home/airflow/.local/lib/python3.7/site-packages/airflow/example_dags/example_skip_dag.py
[2023-08-09T03:31:51.178+0000] {processor.py:826} INFO - Processing file /home/airflow/.local/lib/python3.7/site-packages/airflow/example_dags/example_skip_dag.py for tasks to queue
[2023-08-09T03:31:51.179+0000] {logging_mixin.py:150} INFO - [2023-08-09T03:31:51.178+0000] {dagbag.py:541} INFO - Filling up the DagBag from /home/airflow/.local/lib/python3.7/site-packages/airflow/example_dags/example_skip_dag.py
[2023-08-09T03:31:51.186+0000] {processor.py:836} INFO - DAG(s) dict_keys(['example_skip_dag']) retrieved from /home/airflow/.local/lib/python3.7/site-packages/airflow/example_dags/example_skip_dag.py
[2023-08-09T03:31:51.208+0000] {logging_mixin.py:150} INFO - [2023-08-09T03:31:51.208+0000] {dag.py:2742} INFO - Sync 1 DAGs
[2023-08-09T03:31:51.237+0000] {logging_mixin.py:150} INFO - [2023-08-09T03:31:51.237+0000] {dag.py:3508} INFO - Setting next_dagrun for example_skip_dag to 2023-08-08T03:31:51.237193+00:00, run_after=2023-08-09T03:31:51.237193+00:00
[2023-08-09T03:31:51.258+0000] {processor.py:179} INFO - Processing /home/airflow/.local/lib/python3.7/site-packages/airflow/example_dags/example_skip_dag.py took 0.085 seconds
[2023-08-09T03:32:21.639+0000] {processor.py:157} INFO - Started process (PID=2437) to work on /home/airflow/.local/lib/python3.7/site-packages/airflow/example_dags/example_skip_dag.py
[2023-08-09T03:32:21.640+0000] {processor.py:826} INFO - Processing file /home/airflow/.local/lib/python3.7/site-packages/airflow/example_dags/example_skip_dag.py for tasks to queue
[2023-08-09T03:32:21.641+0000] {logging_mixin.py:150} INFO - [2023-08-09T03:32:21.640+0000] {dagbag.py:541} INFO - Filling up the DagBag from /home/airflow/.local/lib/python3.7/site-packages/airflow/example_dags/example_skip_dag.py
[2023-08-09T03:32:21.647+0000] {processor.py:836} INFO - DAG(s) dict_keys(['example_skip_dag']) retrieved from /home/airflow/.local/lib/python3.7/site-packages/airflow/example_dags/example_skip_dag.py
[2023-08-09T03:32:21.671+0000] {logging_mixin.py:150} INFO - [2023-08-09T03:32:21.671+0000] {dag.py:2742} INFO - Sync 1 DAGs
[2023-08-09T03:32:21.713+0000] {logging_mixin.py:150} INFO - [2023-08-09T03:32:21.712+0000] {dag.py:3508} INFO - Setting next_dagrun for example_skip_dag to 2023-08-08T03:32:21.712438+00:00, run_after=2023-08-09T03:32:21.712438+00:00
[2023-08-09T03:32:21.739+0000] {processor.py:179} INFO - Processing /home/airflow/.local/lib/python3.7/site-packages/airflow/example_dags/example_skip_dag.py took 0.102 seconds
[2023-08-09T03:32:52.259+0000] {processor.py:157} INFO - Started process (PID=2491) to work on /home/airflow/.local/lib/python3.7/site-packages/airflow/example_dags/example_skip_dag.py
[2023-08-09T03:32:52.261+0000] {processor.py:826} INFO - Processing file /home/airflow/.local/lib/python3.7/site-packages/airflow/example_dags/example_skip_dag.py for tasks to queue
[2023-08-09T03:32:52.263+0000] {logging_mixin.py:150} INFO - [2023-08-09T03:32:52.262+0000] {dagbag.py:541} INFO - Filling up the DagBag from /home/airflow/.local/lib/python3.7/site-packages/airflow/example_dags/example_skip_dag.py
[2023-08-09T03:32:52.283+0000] {processor.py:836} INFO - DAG(s) dict_keys(['example_skip_dag']) retrieved from /home/airflow/.local/lib/python3.7/site-packages/airflow/example_dags/example_skip_dag.py
[2023-08-09T03:32:52.327+0000] {logging_mixin.py:150} INFO - [2023-08-09T03:32:52.327+0000] {dag.py:2742} INFO - Sync 1 DAGs
[2023-08-09T03:32:52.361+0000] {logging_mixin.py:150} INFO - [2023-08-09T03:32:52.361+0000] {dag.py:3508} INFO - Setting next_dagrun for example_skip_dag to 2023-08-08T03:32:52.360886+00:00, run_after=2023-08-09T03:32:52.360886+00:00
[2023-08-09T03:32:52.398+0000] {processor.py:179} INFO - Processing /home/airflow/.local/lib/python3.7/site-packages/airflow/example_dags/example_skip_dag.py took 0.145 seconds
[2023-08-09T03:33:22.807+0000] {processor.py:157} INFO - Started process (PID=2546) to work on /home/airflow/.local/lib/python3.7/site-packages/airflow/example_dags/example_skip_dag.py
[2023-08-09T03:33:22.808+0000] {processor.py:826} INFO - Processing file /home/airflow/.local/lib/python3.7/site-packages/airflow/example_dags/example_skip_dag.py for tasks to queue
[2023-08-09T03:33:22.809+0000] {logging_mixin.py:150} INFO - [2023-08-09T03:33:22.808+0000] {dagbag.py:541} INFO - Filling up the DagBag from /home/airflow/.local/lib/python3.7/site-packages/airflow/example_dags/example_skip_dag.py
[2023-08-09T03:33:22.815+0000] {processor.py:836} INFO - DAG(s) dict_keys(['example_skip_dag']) retrieved from /home/airflow/.local/lib/python3.7/site-packages/airflow/example_dags/example_skip_dag.py
[2023-08-09T03:33:22.835+0000] {logging_mixin.py:150} INFO - [2023-08-09T03:33:22.835+0000] {dag.py:2742} INFO - Sync 1 DAGs
[2023-08-09T03:33:22.857+0000] {logging_mixin.py:150} INFO - [2023-08-09T03:33:22.857+0000] {dag.py:3508} INFO - Setting next_dagrun for example_skip_dag to 2023-08-08T03:33:22.856996+00:00, run_after=2023-08-09T03:33:22.856996+00:00
[2023-08-09T03:33:22.879+0000] {processor.py:179} INFO - Processing /home/airflow/.local/lib/python3.7/site-packages/airflow/example_dags/example_skip_dag.py took 0.074 seconds
[2023-08-09T03:33:53.371+0000] {processor.py:157} INFO - Started process (PID=2602) to work on /home/airflow/.local/lib/python3.7/site-packages/airflow/example_dags/example_skip_dag.py
[2023-08-09T03:33:53.372+0000] {processor.py:826} INFO - Processing file /home/airflow/.local/lib/python3.7/site-packages/airflow/example_dags/example_skip_dag.py for tasks to queue
[2023-08-09T03:33:53.373+0000] {logging_mixin.py:150} INFO - [2023-08-09T03:33:53.373+0000] {dagbag.py:541} INFO - Filling up the DagBag from /home/airflow/.local/lib/python3.7/site-packages/airflow/example_dags/example_skip_dag.py
[2023-08-09T03:33:53.383+0000] {processor.py:836} INFO - DAG(s) dict_keys(['example_skip_dag']) retrieved from /home/airflow/.local/lib/python3.7/site-packages/airflow/example_dags/example_skip_dag.py
[2023-08-09T03:33:53.414+0000] {logging_mixin.py:150} INFO - [2023-08-09T03:33:53.413+0000] {dag.py:2742} INFO - Sync 1 DAGs
[2023-08-09T03:33:53.448+0000] {logging_mixin.py:150} INFO - [2023-08-09T03:33:53.448+0000] {dag.py:3508} INFO - Setting next_dagrun for example_skip_dag to 2023-08-08T03:33:53.448281+00:00, run_after=2023-08-09T03:33:53.448281+00:00
[2023-08-09T03:33:53.467+0000] {processor.py:179} INFO - Processing /home/airflow/.local/lib/python3.7/site-packages/airflow/example_dags/example_skip_dag.py took 0.100 seconds
[2023-08-09T03:34:23.664+0000] {processor.py:157} INFO - Started process (PID=2658) to work on /home/airflow/.local/lib/python3.7/site-packages/airflow/example_dags/example_skip_dag.py
[2023-08-09T03:34:23.665+0000] {processor.py:826} INFO - Processing file /home/airflow/.local/lib/python3.7/site-packages/airflow/example_dags/example_skip_dag.py for tasks to queue
[2023-08-09T03:34:23.666+0000] {logging_mixin.py:150} INFO - [2023-08-09T03:34:23.665+0000] {dagbag.py:541} INFO - Filling up the DagBag from /home/airflow/.local/lib/python3.7/site-packages/airflow/example_dags/example_skip_dag.py
[2023-08-09T03:34:23.673+0000] {processor.py:836} INFO - DAG(s) dict_keys(['example_skip_dag']) retrieved from /home/airflow/.local/lib/python3.7/site-packages/airflow/example_dags/example_skip_dag.py
[2023-08-09T03:34:23.693+0000] {logging_mixin.py:150} INFO - [2023-08-09T03:34:23.693+0000] {dag.py:2742} INFO - Sync 1 DAGs
[2023-08-09T03:34:23.714+0000] {logging_mixin.py:150} INFO - [2023-08-09T03:34:23.714+0000] {dag.py:3508} INFO - Setting next_dagrun for example_skip_dag to 2023-08-08T03:34:23.714415+00:00, run_after=2023-08-09T03:34:23.714415+00:00
[2023-08-09T03:34:23.731+0000] {processor.py:179} INFO - Processing /home/airflow/.local/lib/python3.7/site-packages/airflow/example_dags/example_skip_dag.py took 0.070 seconds
[2023-08-09T03:34:54.045+0000] {processor.py:157} INFO - Started process (PID=2712) to work on /home/airflow/.local/lib/python3.7/site-packages/airflow/example_dags/example_skip_dag.py
[2023-08-09T03:34:54.049+0000] {processor.py:826} INFO - Processing file /home/airflow/.local/lib/python3.7/site-packages/airflow/example_dags/example_skip_dag.py for tasks to queue
[2023-08-09T03:34:54.050+0000] {logging_mixin.py:150} INFO - [2023-08-09T03:34:54.050+0000] {dagbag.py:541} INFO - Filling up the DagBag from /home/airflow/.local/lib/python3.7/site-packages/airflow/example_dags/example_skip_dag.py
[2023-08-09T03:34:54.061+0000] {processor.py:836} INFO - DAG(s) dict_keys(['example_skip_dag']) retrieved from /home/airflow/.local/lib/python3.7/site-packages/airflow/example_dags/example_skip_dag.py
[2023-08-09T03:34:54.096+0000] {logging_mixin.py:150} INFO - [2023-08-09T03:34:54.095+0000] {dag.py:2742} INFO - Sync 1 DAGs
[2023-08-09T03:34:54.148+0000] {logging_mixin.py:150} INFO - [2023-08-09T03:34:54.147+0000] {dag.py:3508} INFO - Setting next_dagrun for example_skip_dag to 2023-08-08T03:34:54.147397+00:00, run_after=2023-08-09T03:34:54.147397+00:00
[2023-08-09T03:34:54.173+0000] {processor.py:179} INFO - Processing /home/airflow/.local/lib/python3.7/site-packages/airflow/example_dags/example_skip_dag.py took 0.132 seconds
[2023-08-09T03:35:25.184+0000] {processor.py:157} INFO - Started process (PID=2767) to work on /home/airflow/.local/lib/python3.7/site-packages/airflow/example_dags/example_skip_dag.py
[2023-08-09T03:35:25.185+0000] {processor.py:826} INFO - Processing file /home/airflow/.local/lib/python3.7/site-packages/airflow/example_dags/example_skip_dag.py for tasks to queue
[2023-08-09T03:35:25.186+0000] {logging_mixin.py:150} INFO - [2023-08-09T03:35:25.186+0000] {dagbag.py:541} INFO - Filling up the DagBag from /home/airflow/.local/lib/python3.7/site-packages/airflow/example_dags/example_skip_dag.py
[2023-08-09T03:35:25.195+0000] {processor.py:836} INFO - DAG(s) dict_keys(['example_skip_dag']) retrieved from /home/airflow/.local/lib/python3.7/site-packages/airflow/example_dags/example_skip_dag.py
[2023-08-09T03:35:25.225+0000] {logging_mixin.py:150} INFO - [2023-08-09T03:35:25.225+0000] {dag.py:2742} INFO - Sync 1 DAGs
[2023-08-09T03:35:25.255+0000] {logging_mixin.py:150} INFO - [2023-08-09T03:35:25.255+0000] {dag.py:3508} INFO - Setting next_dagrun for example_skip_dag to 2023-08-08T03:35:25.255505+00:00, run_after=2023-08-09T03:35:25.255505+00:00
[2023-08-09T03:35:25.272+0000] {processor.py:179} INFO - Processing /home/airflow/.local/lib/python3.7/site-packages/airflow/example_dags/example_skip_dag.py took 0.092 seconds
[2023-08-09T03:35:55.530+0000] {processor.py:157} INFO - Started process (PID=2822) to work on /home/airflow/.local/lib/python3.7/site-packages/airflow/example_dags/example_skip_dag.py
[2023-08-09T03:35:55.531+0000] {processor.py:826} INFO - Processing file /home/airflow/.local/lib/python3.7/site-packages/airflow/example_dags/example_skip_dag.py for tasks to queue
[2023-08-09T03:35:55.532+0000] {logging_mixin.py:150} INFO - [2023-08-09T03:35:55.531+0000] {dagbag.py:541} INFO - Filling up the DagBag from /home/airflow/.local/lib/python3.7/site-packages/airflow/example_dags/example_skip_dag.py
[2023-08-09T03:35:55.541+0000] {processor.py:836} INFO - DAG(s) dict_keys(['example_skip_dag']) retrieved from /home/airflow/.local/lib/python3.7/site-packages/airflow/example_dags/example_skip_dag.py
[2023-08-09T03:35:55.570+0000] {logging_mixin.py:150} INFO - [2023-08-09T03:35:55.569+0000] {dag.py:2742} INFO - Sync 1 DAGs
[2023-08-09T03:35:55.606+0000] {logging_mixin.py:150} INFO - [2023-08-09T03:35:55.605+0000] {dag.py:3508} INFO - Setting next_dagrun for example_skip_dag to 2023-08-08T03:35:55.605628+00:00, run_after=2023-08-09T03:35:55.605628+00:00
[2023-08-09T03:35:55.623+0000] {processor.py:179} INFO - Processing /home/airflow/.local/lib/python3.7/site-packages/airflow/example_dags/example_skip_dag.py took 0.098 seconds
[2023-08-09T03:36:25.835+0000] {processor.py:157} INFO - Started process (PID=2877) to work on /home/airflow/.local/lib/python3.7/site-packages/airflow/example_dags/example_skip_dag.py
[2023-08-09T03:36:25.836+0000] {processor.py:826} INFO - Processing file /home/airflow/.local/lib/python3.7/site-packages/airflow/example_dags/example_skip_dag.py for tasks to queue
[2023-08-09T03:36:25.837+0000] {logging_mixin.py:150} INFO - [2023-08-09T03:36:25.837+0000] {dagbag.py:541} INFO - Filling up the DagBag from /home/airflow/.local/lib/python3.7/site-packages/airflow/example_dags/example_skip_dag.py
[2023-08-09T03:36:25.846+0000] {processor.py:836} INFO - DAG(s) dict_keys(['example_skip_dag']) retrieved from /home/airflow/.local/lib/python3.7/site-packages/airflow/example_dags/example_skip_dag.py
[2023-08-09T03:36:25.873+0000] {logging_mixin.py:150} INFO - [2023-08-09T03:36:25.873+0000] {dag.py:2742} INFO - Sync 1 DAGs
[2023-08-09T03:36:25.905+0000] {logging_mixin.py:150} INFO - [2023-08-09T03:36:25.905+0000] {dag.py:3508} INFO - Setting next_dagrun for example_skip_dag to 2023-08-08T03:36:25.905147+00:00, run_after=2023-08-09T03:36:25.905147+00:00
[2023-08-09T03:36:25.926+0000] {processor.py:179} INFO - Processing /home/airflow/.local/lib/python3.7/site-packages/airflow/example_dags/example_skip_dag.py took 0.094 seconds
