[2023-08-09T03:10:31.872+0000] {processor.py:157} INFO - Started process (PID=49) to work on /home/airflow/.local/lib/python3.7/site-packages/airflow/example_dags/example_external_task_marker_dag.py
[2023-08-09T03:10:31.873+0000] {processor.py:826} INFO - Processing file /home/airflow/.local/lib/python3.7/site-packages/airflow/example_dags/example_external_task_marker_dag.py for tasks to queue
[2023-08-09T03:10:31.875+0000] {logging_mixin.py:150} INFO - [2023-08-09T03:10:31.875+0000] {dagbag.py:541} INFO - Filling up the DagBag from /home/airflow/.local/lib/python3.7/site-packages/airflow/example_dags/example_external_task_marker_dag.py
[2023-08-09T03:10:31.885+0000] {processor.py:836} INFO - DAG(s) dict_keys(['example_external_task_marker_child', 'example_external_task_marker_parent']) retrieved from /home/airflow/.local/lib/python3.7/site-packages/airflow/example_dags/example_external_task_marker_dag.py
[2023-08-09T03:10:31.941+0000] {logging_mixin.py:150} INFO - [2023-08-09T03:10:31.940+0000] {dag.py:2742} INFO - Sync 2 DAGs
[2023-08-09T03:10:31.980+0000] {logging_mixin.py:150} INFO - [2023-08-09T03:10:31.980+0000] {dag.py:3508} INFO - Setting next_dagrun for example_external_task_marker_child to None, run_after=None
[2023-08-09T03:10:31.986+0000] {logging_mixin.py:150} INFO - [2023-08-09T03:10:31.985+0000] {dag.py:3508} INFO - Setting next_dagrun for example_external_task_marker_parent to None, run_after=None
[2023-08-09T03:10:32.032+0000] {processor.py:179} INFO - Processing /home/airflow/.local/lib/python3.7/site-packages/airflow/example_dags/example_external_task_marker_dag.py took 0.165 seconds
[2023-08-09T03:11:02.324+0000] {processor.py:157} INFO - Started process (PID=104) to work on /home/airflow/.local/lib/python3.7/site-packages/airflow/example_dags/example_external_task_marker_dag.py
[2023-08-09T03:11:02.325+0000] {processor.py:826} INFO - Processing file /home/airflow/.local/lib/python3.7/site-packages/airflow/example_dags/example_external_task_marker_dag.py for tasks to queue
[2023-08-09T03:11:02.329+0000] {logging_mixin.py:150} INFO - [2023-08-09T03:11:02.328+0000] {dagbag.py:541} INFO - Filling up the DagBag from /home/airflow/.local/lib/python3.7/site-packages/airflow/example_dags/example_external_task_marker_dag.py
[2023-08-09T03:11:02.338+0000] {processor.py:836} INFO - DAG(s) dict_keys(['example_external_task_marker_child', 'example_external_task_marker_parent']) retrieved from /home/airflow/.local/lib/python3.7/site-packages/airflow/example_dags/example_external_task_marker_dag.py
[2023-08-09T03:11:02.385+0000] {logging_mixin.py:150} INFO - [2023-08-09T03:11:02.383+0000] {dag.py:2742} INFO - Sync 2 DAGs
[2023-08-09T03:11:02.427+0000] {logging_mixin.py:150} INFO - [2023-08-09T03:11:02.426+0000] {dag.py:3508} INFO - Setting next_dagrun for example_external_task_marker_child to None, run_after=None
[2023-08-09T03:11:02.431+0000] {logging_mixin.py:150} INFO - [2023-08-09T03:11:02.430+0000] {dag.py:3508} INFO - Setting next_dagrun for example_external_task_marker_parent to None, run_after=None
[2023-08-09T03:11:02.452+0000] {processor.py:179} INFO - Processing /home/airflow/.local/lib/python3.7/site-packages/airflow/example_dags/example_external_task_marker_dag.py took 0.132 seconds
[2023-08-09T03:11:32.640+0000] {processor.py:157} INFO - Started process (PID=159) to work on /home/airflow/.local/lib/python3.7/site-packages/airflow/example_dags/example_external_task_marker_dag.py
[2023-08-09T03:11:32.640+0000] {processor.py:826} INFO - Processing file /home/airflow/.local/lib/python3.7/site-packages/airflow/example_dags/example_external_task_marker_dag.py for tasks to queue
[2023-08-09T03:11:32.642+0000] {logging_mixin.py:150} INFO - [2023-08-09T03:11:32.642+0000] {dagbag.py:541} INFO - Filling up the DagBag from /home/airflow/.local/lib/python3.7/site-packages/airflow/example_dags/example_external_task_marker_dag.py
[2023-08-09T03:11:32.647+0000] {processor.py:836} INFO - DAG(s) dict_keys(['example_external_task_marker_parent', 'example_external_task_marker_child']) retrieved from /home/airflow/.local/lib/python3.7/site-packages/airflow/example_dags/example_external_task_marker_dag.py
[2023-08-09T03:11:32.682+0000] {logging_mixin.py:150} INFO - [2023-08-09T03:11:32.682+0000] {dag.py:2742} INFO - Sync 2 DAGs
[2023-08-09T03:11:32.707+0000] {logging_mixin.py:150} INFO - [2023-08-09T03:11:32.707+0000] {dag.py:3508} INFO - Setting next_dagrun for example_external_task_marker_child to None, run_after=None
[2023-08-09T03:11:32.710+0000] {logging_mixin.py:150} INFO - [2023-08-09T03:11:32.710+0000] {dag.py:3508} INFO - Setting next_dagrun for example_external_task_marker_parent to None, run_after=None
[2023-08-09T03:11:32.727+0000] {processor.py:179} INFO - Processing /home/airflow/.local/lib/python3.7/site-packages/airflow/example_dags/example_external_task_marker_dag.py took 0.090 seconds
[2023-08-09T03:12:03.363+0000] {processor.py:157} INFO - Started process (PID=215) to work on /home/airflow/.local/lib/python3.7/site-packages/airflow/example_dags/example_external_task_marker_dag.py
[2023-08-09T03:12:03.364+0000] {processor.py:826} INFO - Processing file /home/airflow/.local/lib/python3.7/site-packages/airflow/example_dags/example_external_task_marker_dag.py for tasks to queue
[2023-08-09T03:12:03.365+0000] {logging_mixin.py:150} INFO - [2023-08-09T03:12:03.365+0000] {dagbag.py:541} INFO - Filling up the DagBag from /home/airflow/.local/lib/python3.7/site-packages/airflow/example_dags/example_external_task_marker_dag.py
[2023-08-09T03:12:03.371+0000] {processor.py:836} INFO - DAG(s) dict_keys(['example_external_task_marker_child', 'example_external_task_marker_parent']) retrieved from /home/airflow/.local/lib/python3.7/site-packages/airflow/example_dags/example_external_task_marker_dag.py
[2023-08-09T03:12:03.399+0000] {logging_mixin.py:150} INFO - [2023-08-09T03:12:03.398+0000] {dag.py:2742} INFO - Sync 2 DAGs
[2023-08-09T03:12:03.431+0000] {logging_mixin.py:150} INFO - [2023-08-09T03:12:03.431+0000] {dag.py:3508} INFO - Setting next_dagrun for example_external_task_marker_child to None, run_after=None
[2023-08-09T03:12:03.436+0000] {logging_mixin.py:150} INFO - [2023-08-09T03:12:03.436+0000] {dag.py:3508} INFO - Setting next_dagrun for example_external_task_marker_parent to None, run_after=None
[2023-08-09T03:12:03.458+0000] {processor.py:179} INFO - Processing /home/airflow/.local/lib/python3.7/site-packages/airflow/example_dags/example_external_task_marker_dag.py took 0.097 seconds
[2023-08-09T03:12:33.576+0000] {processor.py:157} INFO - Started process (PID=270) to work on /home/airflow/.local/lib/python3.7/site-packages/airflow/example_dags/example_external_task_marker_dag.py
[2023-08-09T03:12:33.577+0000] {processor.py:826} INFO - Processing file /home/airflow/.local/lib/python3.7/site-packages/airflow/example_dags/example_external_task_marker_dag.py for tasks to queue
[2023-08-09T03:12:33.579+0000] {logging_mixin.py:150} INFO - [2023-08-09T03:12:33.578+0000] {dagbag.py:541} INFO - Filling up the DagBag from /home/airflow/.local/lib/python3.7/site-packages/airflow/example_dags/example_external_task_marker_dag.py
[2023-08-09T03:12:33.583+0000] {processor.py:836} INFO - DAG(s) dict_keys(['example_external_task_marker_parent', 'example_external_task_marker_child']) retrieved from /home/airflow/.local/lib/python3.7/site-packages/airflow/example_dags/example_external_task_marker_dag.py
[2023-08-09T03:12:33.611+0000] {logging_mixin.py:150} INFO - [2023-08-09T03:12:33.611+0000] {dag.py:2742} INFO - Sync 2 DAGs
[2023-08-09T03:12:33.634+0000] {logging_mixin.py:150} INFO - [2023-08-09T03:12:33.634+0000] {dag.py:3508} INFO - Setting next_dagrun for example_external_task_marker_child to None, run_after=None
[2023-08-09T03:12:33.638+0000] {logging_mixin.py:150} INFO - [2023-08-09T03:12:33.638+0000] {dag.py:3508} INFO - Setting next_dagrun for example_external_task_marker_parent to None, run_after=None
[2023-08-09T03:12:33.652+0000] {processor.py:179} INFO - Processing /home/airflow/.local/lib/python3.7/site-packages/airflow/example_dags/example_external_task_marker_dag.py took 0.079 seconds
[2023-08-09T03:13:03.908+0000] {processor.py:157} INFO - Started process (PID=325) to work on /home/airflow/.local/lib/python3.7/site-packages/airflow/example_dags/example_external_task_marker_dag.py
[2023-08-09T03:13:03.909+0000] {processor.py:826} INFO - Processing file /home/airflow/.local/lib/python3.7/site-packages/airflow/example_dags/example_external_task_marker_dag.py for tasks to queue
[2023-08-09T03:13:03.911+0000] {logging_mixin.py:150} INFO - [2023-08-09T03:13:03.910+0000] {dagbag.py:541} INFO - Filling up the DagBag from /home/airflow/.local/lib/python3.7/site-packages/airflow/example_dags/example_external_task_marker_dag.py
[2023-08-09T03:13:03.917+0000] {processor.py:836} INFO - DAG(s) dict_keys(['example_external_task_marker_child', 'example_external_task_marker_parent']) retrieved from /home/airflow/.local/lib/python3.7/site-packages/airflow/example_dags/example_external_task_marker_dag.py
[2023-08-09T03:13:03.952+0000] {logging_mixin.py:150} INFO - [2023-08-09T03:13:03.951+0000] {dag.py:2742} INFO - Sync 2 DAGs
[2023-08-09T03:13:03.987+0000] {logging_mixin.py:150} INFO - [2023-08-09T03:13:03.987+0000] {dag.py:3508} INFO - Setting next_dagrun for example_external_task_marker_child to None, run_after=None
[2023-08-09T03:13:03.992+0000] {logging_mixin.py:150} INFO - [2023-08-09T03:13:03.992+0000] {dag.py:3508} INFO - Setting next_dagrun for example_external_task_marker_parent to None, run_after=None
[2023-08-09T03:13:04.013+0000] {processor.py:179} INFO - Processing /home/airflow/.local/lib/python3.7/site-packages/airflow/example_dags/example_external_task_marker_dag.py took 0.109 seconds
[2023-08-09T03:13:34.942+0000] {processor.py:157} INFO - Started process (PID=380) to work on /home/airflow/.local/lib/python3.7/site-packages/airflow/example_dags/example_external_task_marker_dag.py
[2023-08-09T03:13:34.943+0000] {processor.py:826} INFO - Processing file /home/airflow/.local/lib/python3.7/site-packages/airflow/example_dags/example_external_task_marker_dag.py for tasks to queue
[2023-08-09T03:13:34.944+0000] {logging_mixin.py:150} INFO - [2023-08-09T03:13:34.944+0000] {dagbag.py:541} INFO - Filling up the DagBag from /home/airflow/.local/lib/python3.7/site-packages/airflow/example_dags/example_external_task_marker_dag.py
[2023-08-09T03:13:34.949+0000] {processor.py:836} INFO - DAG(s) dict_keys(['example_external_task_marker_parent', 'example_external_task_marker_child']) retrieved from /home/airflow/.local/lib/python3.7/site-packages/airflow/example_dags/example_external_task_marker_dag.py
[2023-08-09T03:13:34.982+0000] {logging_mixin.py:150} INFO - [2023-08-09T03:13:34.981+0000] {dag.py:2742} INFO - Sync 2 DAGs
[2023-08-09T03:13:35.008+0000] {logging_mixin.py:150} INFO - [2023-08-09T03:13:35.007+0000] {dag.py:3508} INFO - Setting next_dagrun for example_external_task_marker_child to None, run_after=None
[2023-08-09T03:13:35.012+0000] {logging_mixin.py:150} INFO - [2023-08-09T03:13:35.012+0000] {dag.py:3508} INFO - Setting next_dagrun for example_external_task_marker_parent to None, run_after=None
[2023-08-09T03:13:35.028+0000] {processor.py:179} INFO - Processing /home/airflow/.local/lib/python3.7/site-packages/airflow/example_dags/example_external_task_marker_dag.py took 0.089 seconds
[2023-08-09T03:14:05.336+0000] {processor.py:157} INFO - Started process (PID=435) to work on /home/airflow/.local/lib/python3.7/site-packages/airflow/example_dags/example_external_task_marker_dag.py
[2023-08-09T03:14:05.336+0000] {processor.py:826} INFO - Processing file /home/airflow/.local/lib/python3.7/site-packages/airflow/example_dags/example_external_task_marker_dag.py for tasks to queue
[2023-08-09T03:14:05.339+0000] {logging_mixin.py:150} INFO - [2023-08-09T03:14:05.338+0000] {dagbag.py:541} INFO - Filling up the DagBag from /home/airflow/.local/lib/python3.7/site-packages/airflow/example_dags/example_external_task_marker_dag.py
[2023-08-09T03:14:05.344+0000] {processor.py:836} INFO - DAG(s) dict_keys(['example_external_task_marker_parent', 'example_external_task_marker_child']) retrieved from /home/airflow/.local/lib/python3.7/site-packages/airflow/example_dags/example_external_task_marker_dag.py
[2023-08-09T03:14:05.372+0000] {logging_mixin.py:150} INFO - [2023-08-09T03:14:05.371+0000] {dag.py:2742} INFO - Sync 2 DAGs
[2023-08-09T03:14:05.401+0000] {logging_mixin.py:150} INFO - [2023-08-09T03:14:05.401+0000] {dag.py:3508} INFO - Setting next_dagrun for example_external_task_marker_child to None, run_after=None
[2023-08-09T03:14:05.405+0000] {logging_mixin.py:150} INFO - [2023-08-09T03:14:05.405+0000] {dag.py:3508} INFO - Setting next_dagrun for example_external_task_marker_parent to None, run_after=None
[2023-08-09T03:14:05.426+0000] {processor.py:179} INFO - Processing /home/airflow/.local/lib/python3.7/site-packages/airflow/example_dags/example_external_task_marker_dag.py took 0.093 seconds
[2023-08-09T03:14:35.523+0000] {processor.py:157} INFO - Started process (PID=491) to work on /home/airflow/.local/lib/python3.7/site-packages/airflow/example_dags/example_external_task_marker_dag.py
[2023-08-09T03:14:35.524+0000] {processor.py:826} INFO - Processing file /home/airflow/.local/lib/python3.7/site-packages/airflow/example_dags/example_external_task_marker_dag.py for tasks to queue
[2023-08-09T03:14:35.525+0000] {logging_mixin.py:150} INFO - [2023-08-09T03:14:35.525+0000] {dagbag.py:541} INFO - Filling up the DagBag from /home/airflow/.local/lib/python3.7/site-packages/airflow/example_dags/example_external_task_marker_dag.py
[2023-08-09T03:14:35.530+0000] {processor.py:836} INFO - DAG(s) dict_keys(['example_external_task_marker_parent', 'example_external_task_marker_child']) retrieved from /home/airflow/.local/lib/python3.7/site-packages/airflow/example_dags/example_external_task_marker_dag.py
[2023-08-09T03:14:35.556+0000] {logging_mixin.py:150} INFO - [2023-08-09T03:14:35.555+0000] {dag.py:2742} INFO - Sync 2 DAGs
[2023-08-09T03:14:35.580+0000] {logging_mixin.py:150} INFO - [2023-08-09T03:14:35.580+0000] {dag.py:3508} INFO - Setting next_dagrun for example_external_task_marker_child to None, run_after=None
[2023-08-09T03:14:35.584+0000] {logging_mixin.py:150} INFO - [2023-08-09T03:14:35.583+0000] {dag.py:3508} INFO - Setting next_dagrun for example_external_task_marker_parent to None, run_after=None
[2023-08-09T03:14:35.598+0000] {processor.py:179} INFO - Processing /home/airflow/.local/lib/python3.7/site-packages/airflow/example_dags/example_external_task_marker_dag.py took 0.078 seconds
[2023-08-09T03:15:05.947+0000] {processor.py:157} INFO - Started process (PID=546) to work on /home/airflow/.local/lib/python3.7/site-packages/airflow/example_dags/example_external_task_marker_dag.py
[2023-08-09T03:15:05.947+0000] {processor.py:826} INFO - Processing file /home/airflow/.local/lib/python3.7/site-packages/airflow/example_dags/example_external_task_marker_dag.py for tasks to queue
[2023-08-09T03:15:05.949+0000] {logging_mixin.py:150} INFO - [2023-08-09T03:15:05.949+0000] {dagbag.py:541} INFO - Filling up the DagBag from /home/airflow/.local/lib/python3.7/site-packages/airflow/example_dags/example_external_task_marker_dag.py
[2023-08-09T03:15:05.954+0000] {processor.py:836} INFO - DAG(s) dict_keys(['example_external_task_marker_child', 'example_external_task_marker_parent']) retrieved from /home/airflow/.local/lib/python3.7/site-packages/airflow/example_dags/example_external_task_marker_dag.py
[2023-08-09T03:15:05.982+0000] {logging_mixin.py:150} INFO - [2023-08-09T03:15:05.981+0000] {dag.py:2742} INFO - Sync 2 DAGs
[2023-08-09T03:15:06.006+0000] {logging_mixin.py:150} INFO - [2023-08-09T03:15:06.006+0000] {dag.py:3508} INFO - Setting next_dagrun for example_external_task_marker_child to None, run_after=None
[2023-08-09T03:15:06.009+0000] {logging_mixin.py:150} INFO - [2023-08-09T03:15:06.009+0000] {dag.py:3508} INFO - Setting next_dagrun for example_external_task_marker_parent to None, run_after=None
[2023-08-09T03:15:06.024+0000] {processor.py:179} INFO - Processing /home/airflow/.local/lib/python3.7/site-packages/airflow/example_dags/example_external_task_marker_dag.py took 0.080 seconds
[2023-08-09T03:15:36.243+0000] {processor.py:157} INFO - Started process (PID=601) to work on /home/airflow/.local/lib/python3.7/site-packages/airflow/example_dags/example_external_task_marker_dag.py
[2023-08-09T03:15:36.243+0000] {processor.py:826} INFO - Processing file /home/airflow/.local/lib/python3.7/site-packages/airflow/example_dags/example_external_task_marker_dag.py for tasks to queue
[2023-08-09T03:15:36.245+0000] {logging_mixin.py:150} INFO - [2023-08-09T03:15:36.245+0000] {dagbag.py:541} INFO - Filling up the DagBag from /home/airflow/.local/lib/python3.7/site-packages/airflow/example_dags/example_external_task_marker_dag.py
[2023-08-09T03:15:36.251+0000] {processor.py:836} INFO - DAG(s) dict_keys(['example_external_task_marker_child', 'example_external_task_marker_parent']) retrieved from /home/airflow/.local/lib/python3.7/site-packages/airflow/example_dags/example_external_task_marker_dag.py
[2023-08-09T03:15:36.278+0000] {logging_mixin.py:150} INFO - [2023-08-09T03:15:36.278+0000] {dag.py:2742} INFO - Sync 2 DAGs
[2023-08-09T03:15:36.304+0000] {logging_mixin.py:150} INFO - [2023-08-09T03:15:36.304+0000] {dag.py:3508} INFO - Setting next_dagrun for example_external_task_marker_child to None, run_after=None
[2023-08-09T03:15:36.308+0000] {logging_mixin.py:150} INFO - [2023-08-09T03:15:36.307+0000] {dag.py:3508} INFO - Setting next_dagrun for example_external_task_marker_parent to None, run_after=None
[2023-08-09T03:15:36.323+0000] {processor.py:179} INFO - Processing /home/airflow/.local/lib/python3.7/site-packages/airflow/example_dags/example_external_task_marker_dag.py took 0.083 seconds
[2023-08-09T03:16:07.355+0000] {processor.py:157} INFO - Started process (PID=656) to work on /home/airflow/.local/lib/python3.7/site-packages/airflow/example_dags/example_external_task_marker_dag.py
[2023-08-09T03:16:07.356+0000] {processor.py:826} INFO - Processing file /home/airflow/.local/lib/python3.7/site-packages/airflow/example_dags/example_external_task_marker_dag.py for tasks to queue
[2023-08-09T03:16:07.358+0000] {logging_mixin.py:150} INFO - [2023-08-09T03:16:07.357+0000] {dagbag.py:541} INFO - Filling up the DagBag from /home/airflow/.local/lib/python3.7/site-packages/airflow/example_dags/example_external_task_marker_dag.py
[2023-08-09T03:16:07.363+0000] {processor.py:836} INFO - DAG(s) dict_keys(['example_external_task_marker_parent', 'example_external_task_marker_child']) retrieved from /home/airflow/.local/lib/python3.7/site-packages/airflow/example_dags/example_external_task_marker_dag.py
[2023-08-09T03:16:07.395+0000] {logging_mixin.py:150} INFO - [2023-08-09T03:16:07.394+0000] {dag.py:2742} INFO - Sync 2 DAGs
[2023-08-09T03:16:07.421+0000] {logging_mixin.py:150} INFO - [2023-08-09T03:16:07.420+0000] {dag.py:3508} INFO - Setting next_dagrun for example_external_task_marker_child to None, run_after=None
[2023-08-09T03:16:07.424+0000] {logging_mixin.py:150} INFO - [2023-08-09T03:16:07.423+0000] {dag.py:3508} INFO - Setting next_dagrun for example_external_task_marker_parent to None, run_after=None
[2023-08-09T03:16:07.437+0000] {processor.py:179} INFO - Processing /home/airflow/.local/lib/python3.7/site-packages/airflow/example_dags/example_external_task_marker_dag.py took 0.085 seconds
[2023-08-09T03:16:37.763+0000] {processor.py:157} INFO - Started process (PID=711) to work on /home/airflow/.local/lib/python3.7/site-packages/airflow/example_dags/example_external_task_marker_dag.py
[2023-08-09T03:16:37.764+0000] {processor.py:826} INFO - Processing file /home/airflow/.local/lib/python3.7/site-packages/airflow/example_dags/example_external_task_marker_dag.py for tasks to queue
[2023-08-09T03:16:37.766+0000] {logging_mixin.py:150} INFO - [2023-08-09T03:16:37.766+0000] {dagbag.py:541} INFO - Filling up the DagBag from /home/airflow/.local/lib/python3.7/site-packages/airflow/example_dags/example_external_task_marker_dag.py
[2023-08-09T03:16:37.771+0000] {processor.py:836} INFO - DAG(s) dict_keys(['example_external_task_marker_parent', 'example_external_task_marker_child']) retrieved from /home/airflow/.local/lib/python3.7/site-packages/airflow/example_dags/example_external_task_marker_dag.py
[2023-08-09T03:16:37.796+0000] {logging_mixin.py:150} INFO - [2023-08-09T03:16:37.795+0000] {dag.py:2742} INFO - Sync 2 DAGs
[2023-08-09T03:16:37.821+0000] {logging_mixin.py:150} INFO - [2023-08-09T03:16:37.820+0000] {dag.py:3508} INFO - Setting next_dagrun for example_external_task_marker_child to None, run_after=None
[2023-08-09T03:16:37.824+0000] {logging_mixin.py:150} INFO - [2023-08-09T03:16:37.824+0000] {dag.py:3508} INFO - Setting next_dagrun for example_external_task_marker_parent to None, run_after=None
[2023-08-09T03:16:37.841+0000] {processor.py:179} INFO - Processing /home/airflow/.local/lib/python3.7/site-packages/airflow/example_dags/example_external_task_marker_dag.py took 0.081 seconds
[2023-08-09T03:17:08.045+0000] {processor.py:157} INFO - Started process (PID=766) to work on /home/airflow/.local/lib/python3.7/site-packages/airflow/example_dags/example_external_task_marker_dag.py
[2023-08-09T03:17:08.045+0000] {processor.py:826} INFO - Processing file /home/airflow/.local/lib/python3.7/site-packages/airflow/example_dags/example_external_task_marker_dag.py for tasks to queue
[2023-08-09T03:17:08.048+0000] {logging_mixin.py:150} INFO - [2023-08-09T03:17:08.047+0000] {dagbag.py:541} INFO - Filling up the DagBag from /home/airflow/.local/lib/python3.7/site-packages/airflow/example_dags/example_external_task_marker_dag.py
[2023-08-09T03:17:08.052+0000] {processor.py:836} INFO - DAG(s) dict_keys(['example_external_task_marker_child', 'example_external_task_marker_parent']) retrieved from /home/airflow/.local/lib/python3.7/site-packages/airflow/example_dags/example_external_task_marker_dag.py
[2023-08-09T03:17:08.075+0000] {logging_mixin.py:150} INFO - [2023-08-09T03:17:08.075+0000] {dag.py:2742} INFO - Sync 2 DAGs
[2023-08-09T03:17:08.100+0000] {logging_mixin.py:150} INFO - [2023-08-09T03:17:08.100+0000] {dag.py:3508} INFO - Setting next_dagrun for example_external_task_marker_child to None, run_after=None
[2023-08-09T03:17:08.104+0000] {logging_mixin.py:150} INFO - [2023-08-09T03:17:08.103+0000] {dag.py:3508} INFO - Setting next_dagrun for example_external_task_marker_parent to None, run_after=None
[2023-08-09T03:17:08.119+0000] {processor.py:179} INFO - Processing /home/airflow/.local/lib/python3.7/site-packages/airflow/example_dags/example_external_task_marker_dag.py took 0.077 seconds
[2023-08-09T03:17:38.421+0000] {processor.py:157} INFO - Started process (PID=821) to work on /home/airflow/.local/lib/python3.7/site-packages/airflow/example_dags/example_external_task_marker_dag.py
[2023-08-09T03:17:38.422+0000] {processor.py:826} INFO - Processing file /home/airflow/.local/lib/python3.7/site-packages/airflow/example_dags/example_external_task_marker_dag.py for tasks to queue
[2023-08-09T03:17:38.424+0000] {logging_mixin.py:150} INFO - [2023-08-09T03:17:38.424+0000] {dagbag.py:541} INFO - Filling up the DagBag from /home/airflow/.local/lib/python3.7/site-packages/airflow/example_dags/example_external_task_marker_dag.py
[2023-08-09T03:17:38.431+0000] {processor.py:836} INFO - DAG(s) dict_keys(['example_external_task_marker_parent', 'example_external_task_marker_child']) retrieved from /home/airflow/.local/lib/python3.7/site-packages/airflow/example_dags/example_external_task_marker_dag.py
[2023-08-09T03:17:38.466+0000] {logging_mixin.py:150} INFO - [2023-08-09T03:17:38.465+0000] {dag.py:2742} INFO - Sync 2 DAGs
[2023-08-09T03:17:38.500+0000] {logging_mixin.py:150} INFO - [2023-08-09T03:17:38.500+0000] {dag.py:3508} INFO - Setting next_dagrun for example_external_task_marker_child to None, run_after=None
[2023-08-09T03:17:38.505+0000] {logging_mixin.py:150} INFO - [2023-08-09T03:17:38.504+0000] {dag.py:3508} INFO - Setting next_dagrun for example_external_task_marker_parent to None, run_after=None
[2023-08-09T03:17:38.524+0000] {processor.py:179} INFO - Processing /home/airflow/.local/lib/python3.7/site-packages/airflow/example_dags/example_external_task_marker_dag.py took 0.106 seconds
[2023-08-09T03:18:08.615+0000] {processor.py:157} INFO - Started process (PID=876) to work on /home/airflow/.local/lib/python3.7/site-packages/airflow/example_dags/example_external_task_marker_dag.py
[2023-08-09T03:18:08.616+0000] {processor.py:826} INFO - Processing file /home/airflow/.local/lib/python3.7/site-packages/airflow/example_dags/example_external_task_marker_dag.py for tasks to queue
[2023-08-09T03:18:08.618+0000] {logging_mixin.py:150} INFO - [2023-08-09T03:18:08.617+0000] {dagbag.py:541} INFO - Filling up the DagBag from /home/airflow/.local/lib/python3.7/site-packages/airflow/example_dags/example_external_task_marker_dag.py
[2023-08-09T03:18:08.622+0000] {processor.py:836} INFO - DAG(s) dict_keys(['example_external_task_marker_parent', 'example_external_task_marker_child']) retrieved from /home/airflow/.local/lib/python3.7/site-packages/airflow/example_dags/example_external_task_marker_dag.py
[2023-08-09T03:18:08.647+0000] {logging_mixin.py:150} INFO - [2023-08-09T03:18:08.646+0000] {dag.py:2742} INFO - Sync 2 DAGs
[2023-08-09T03:18:08.670+0000] {logging_mixin.py:150} INFO - [2023-08-09T03:18:08.670+0000] {dag.py:3508} INFO - Setting next_dagrun for example_external_task_marker_child to None, run_after=None
[2023-08-09T03:18:08.673+0000] {logging_mixin.py:150} INFO - [2023-08-09T03:18:08.673+0000] {dag.py:3508} INFO - Setting next_dagrun for example_external_task_marker_parent to None, run_after=None
[2023-08-09T03:18:08.695+0000] {processor.py:179} INFO - Processing /home/airflow/.local/lib/python3.7/site-packages/airflow/example_dags/example_external_task_marker_dag.py took 0.082 seconds
[2023-08-09T03:18:39.157+0000] {processor.py:157} INFO - Started process (PID=931) to work on /home/airflow/.local/lib/python3.7/site-packages/airflow/example_dags/example_external_task_marker_dag.py
[2023-08-09T03:18:39.158+0000] {processor.py:826} INFO - Processing file /home/airflow/.local/lib/python3.7/site-packages/airflow/example_dags/example_external_task_marker_dag.py for tasks to queue
[2023-08-09T03:18:39.161+0000] {logging_mixin.py:150} INFO - [2023-08-09T03:18:39.160+0000] {dagbag.py:541} INFO - Filling up the DagBag from /home/airflow/.local/lib/python3.7/site-packages/airflow/example_dags/example_external_task_marker_dag.py
[2023-08-09T03:18:39.169+0000] {processor.py:836} INFO - DAG(s) dict_keys(['example_external_task_marker_parent', 'example_external_task_marker_child']) retrieved from /home/airflow/.local/lib/python3.7/site-packages/airflow/example_dags/example_external_task_marker_dag.py
[2023-08-09T03:18:39.201+0000] {logging_mixin.py:150} INFO - [2023-08-09T03:18:39.200+0000] {dag.py:2742} INFO - Sync 2 DAGs
[2023-08-09T03:18:39.224+0000] {logging_mixin.py:150} INFO - [2023-08-09T03:18:39.224+0000] {dag.py:3508} INFO - Setting next_dagrun for example_external_task_marker_child to None, run_after=None
[2023-08-09T03:18:39.228+0000] {logging_mixin.py:150} INFO - [2023-08-09T03:18:39.227+0000] {dag.py:3508} INFO - Setting next_dagrun for example_external_task_marker_parent to None, run_after=None
[2023-08-09T03:18:39.243+0000] {processor.py:179} INFO - Processing /home/airflow/.local/lib/python3.7/site-packages/airflow/example_dags/example_external_task_marker_dag.py took 0.091 seconds
[2023-08-09T03:19:09.624+0000] {processor.py:157} INFO - Started process (PID=986) to work on /home/airflow/.local/lib/python3.7/site-packages/airflow/example_dags/example_external_task_marker_dag.py
[2023-08-09T03:19:09.624+0000] {processor.py:826} INFO - Processing file /home/airflow/.local/lib/python3.7/site-packages/airflow/example_dags/example_external_task_marker_dag.py for tasks to queue
[2023-08-09T03:19:09.626+0000] {logging_mixin.py:150} INFO - [2023-08-09T03:19:09.626+0000] {dagbag.py:541} INFO - Filling up the DagBag from /home/airflow/.local/lib/python3.7/site-packages/airflow/example_dags/example_external_task_marker_dag.py
[2023-08-09T03:19:09.631+0000] {processor.py:836} INFO - DAG(s) dict_keys(['example_external_task_marker_child', 'example_external_task_marker_parent']) retrieved from /home/airflow/.local/lib/python3.7/site-packages/airflow/example_dags/example_external_task_marker_dag.py
[2023-08-09T03:19:09.655+0000] {logging_mixin.py:150} INFO - [2023-08-09T03:19:09.655+0000] {dag.py:2742} INFO - Sync 2 DAGs
[2023-08-09T03:19:09.677+0000] {logging_mixin.py:150} INFO - [2023-08-09T03:19:09.677+0000] {dag.py:3508} INFO - Setting next_dagrun for example_external_task_marker_child to None, run_after=None
[2023-08-09T03:19:09.680+0000] {logging_mixin.py:150} INFO - [2023-08-09T03:19:09.680+0000] {dag.py:3508} INFO - Setting next_dagrun for example_external_task_marker_parent to None, run_after=None
[2023-08-09T03:19:09.694+0000] {processor.py:179} INFO - Processing /home/airflow/.local/lib/python3.7/site-packages/airflow/example_dags/example_external_task_marker_dag.py took 0.074 seconds
[2023-08-09T03:19:39.888+0000] {processor.py:157} INFO - Started process (PID=1041) to work on /home/airflow/.local/lib/python3.7/site-packages/airflow/example_dags/example_external_task_marker_dag.py
[2023-08-09T03:19:39.889+0000] {processor.py:826} INFO - Processing file /home/airflow/.local/lib/python3.7/site-packages/airflow/example_dags/example_external_task_marker_dag.py for tasks to queue
[2023-08-09T03:19:39.891+0000] {logging_mixin.py:150} INFO - [2023-08-09T03:19:39.891+0000] {dagbag.py:541} INFO - Filling up the DagBag from /home/airflow/.local/lib/python3.7/site-packages/airflow/example_dags/example_external_task_marker_dag.py
[2023-08-09T03:19:39.896+0000] {processor.py:836} INFO - DAG(s) dict_keys(['example_external_task_marker_parent', 'example_external_task_marker_child']) retrieved from /home/airflow/.local/lib/python3.7/site-packages/airflow/example_dags/example_external_task_marker_dag.py
[2023-08-09T03:19:39.923+0000] {logging_mixin.py:150} INFO - [2023-08-09T03:19:39.922+0000] {dag.py:2742} INFO - Sync 2 DAGs
[2023-08-09T03:19:39.958+0000] {logging_mixin.py:150} INFO - [2023-08-09T03:19:39.958+0000] {dag.py:3508} INFO - Setting next_dagrun for example_external_task_marker_child to None, run_after=None
[2023-08-09T03:19:39.963+0000] {logging_mixin.py:150} INFO - [2023-08-09T03:19:39.963+0000] {dag.py:3508} INFO - Setting next_dagrun for example_external_task_marker_parent to None, run_after=None
[2023-08-09T03:19:39.983+0000] {processor.py:179} INFO - Processing /home/airflow/.local/lib/python3.7/site-packages/airflow/example_dags/example_external_task_marker_dag.py took 0.097 seconds
[2023-08-09T03:20:10.844+0000] {processor.py:157} INFO - Started process (PID=1096) to work on /home/airflow/.local/lib/python3.7/site-packages/airflow/example_dags/example_external_task_marker_dag.py
[2023-08-09T03:20:10.845+0000] {processor.py:826} INFO - Processing file /home/airflow/.local/lib/python3.7/site-packages/airflow/example_dags/example_external_task_marker_dag.py for tasks to queue
[2023-08-09T03:20:10.846+0000] {logging_mixin.py:150} INFO - [2023-08-09T03:20:10.846+0000] {dagbag.py:541} INFO - Filling up the DagBag from /home/airflow/.local/lib/python3.7/site-packages/airflow/example_dags/example_external_task_marker_dag.py
[2023-08-09T03:20:10.851+0000] {processor.py:836} INFO - DAG(s) dict_keys(['example_external_task_marker_child', 'example_external_task_marker_parent']) retrieved from /home/airflow/.local/lib/python3.7/site-packages/airflow/example_dags/example_external_task_marker_dag.py
[2023-08-09T03:20:10.874+0000] {logging_mixin.py:150} INFO - [2023-08-09T03:20:10.874+0000] {dag.py:2742} INFO - Sync 2 DAGs
[2023-08-09T03:20:10.898+0000] {logging_mixin.py:150} INFO - [2023-08-09T03:20:10.897+0000] {dag.py:3508} INFO - Setting next_dagrun for example_external_task_marker_child to None, run_after=None
[2023-08-09T03:20:10.901+0000] {logging_mixin.py:150} INFO - [2023-08-09T03:20:10.901+0000] {dag.py:3508} INFO - Setting next_dagrun for example_external_task_marker_parent to None, run_after=None
[2023-08-09T03:20:10.914+0000] {processor.py:179} INFO - Processing /home/airflow/.local/lib/python3.7/site-packages/airflow/example_dags/example_external_task_marker_dag.py took 0.073 seconds
[2023-08-09T03:20:41.725+0000] {processor.py:157} INFO - Started process (PID=1151) to work on /home/airflow/.local/lib/python3.7/site-packages/airflow/example_dags/example_external_task_marker_dag.py
[2023-08-09T03:20:41.726+0000] {processor.py:826} INFO - Processing file /home/airflow/.local/lib/python3.7/site-packages/airflow/example_dags/example_external_task_marker_dag.py for tasks to queue
[2023-08-09T03:20:41.727+0000] {logging_mixin.py:150} INFO - [2023-08-09T03:20:41.727+0000] {dagbag.py:541} INFO - Filling up the DagBag from /home/airflow/.local/lib/python3.7/site-packages/airflow/example_dags/example_external_task_marker_dag.py
[2023-08-09T03:20:41.733+0000] {processor.py:836} INFO - DAG(s) dict_keys(['example_external_task_marker_parent', 'example_external_task_marker_child']) retrieved from /home/airflow/.local/lib/python3.7/site-packages/airflow/example_dags/example_external_task_marker_dag.py
[2023-08-09T03:20:41.770+0000] {logging_mixin.py:150} INFO - [2023-08-09T03:20:41.769+0000] {dag.py:2742} INFO - Sync 2 DAGs
[2023-08-09T03:20:41.803+0000] {logging_mixin.py:150} INFO - [2023-08-09T03:20:41.803+0000] {dag.py:3508} INFO - Setting next_dagrun for example_external_task_marker_child to None, run_after=None
[2023-08-09T03:20:41.806+0000] {logging_mixin.py:150} INFO - [2023-08-09T03:20:41.806+0000] {dag.py:3508} INFO - Setting next_dagrun for example_external_task_marker_parent to None, run_after=None
[2023-08-09T03:20:41.831+0000] {processor.py:179} INFO - Processing /home/airflow/.local/lib/python3.7/site-packages/airflow/example_dags/example_external_task_marker_dag.py took 0.108 seconds
[2023-08-09T03:21:11.937+0000] {processor.py:157} INFO - Started process (PID=1206) to work on /home/airflow/.local/lib/python3.7/site-packages/airflow/example_dags/example_external_task_marker_dag.py
[2023-08-09T03:21:11.938+0000] {processor.py:826} INFO - Processing file /home/airflow/.local/lib/python3.7/site-packages/airflow/example_dags/example_external_task_marker_dag.py for tasks to queue
[2023-08-09T03:21:11.939+0000] {logging_mixin.py:150} INFO - [2023-08-09T03:21:11.939+0000] {dagbag.py:541} INFO - Filling up the DagBag from /home/airflow/.local/lib/python3.7/site-packages/airflow/example_dags/example_external_task_marker_dag.py
[2023-08-09T03:21:11.945+0000] {processor.py:836} INFO - DAG(s) dict_keys(['example_external_task_marker_child', 'example_external_task_marker_parent']) retrieved from /home/airflow/.local/lib/python3.7/site-packages/airflow/example_dags/example_external_task_marker_dag.py
[2023-08-09T03:21:11.969+0000] {logging_mixin.py:150} INFO - [2023-08-09T03:21:11.968+0000] {dag.py:2742} INFO - Sync 2 DAGs
[2023-08-09T03:21:11.997+0000] {logging_mixin.py:150} INFO - [2023-08-09T03:21:11.997+0000] {dag.py:3508} INFO - Setting next_dagrun for example_external_task_marker_child to None, run_after=None
[2023-08-09T03:21:12.000+0000] {logging_mixin.py:150} INFO - [2023-08-09T03:21:12.000+0000] {dag.py:3508} INFO - Setting next_dagrun for example_external_task_marker_parent to None, run_after=None
[2023-08-09T03:21:12.014+0000] {processor.py:179} INFO - Processing /home/airflow/.local/lib/python3.7/site-packages/airflow/example_dags/example_external_task_marker_dag.py took 0.081 seconds
[2023-08-09T03:21:42.150+0000] {processor.py:157} INFO - Started process (PID=1261) to work on /home/airflow/.local/lib/python3.7/site-packages/airflow/example_dags/example_external_task_marker_dag.py
[2023-08-09T03:21:42.151+0000] {processor.py:826} INFO - Processing file /home/airflow/.local/lib/python3.7/site-packages/airflow/example_dags/example_external_task_marker_dag.py for tasks to queue
[2023-08-09T03:21:42.153+0000] {logging_mixin.py:150} INFO - [2023-08-09T03:21:42.153+0000] {dagbag.py:541} INFO - Filling up the DagBag from /home/airflow/.local/lib/python3.7/site-packages/airflow/example_dags/example_external_task_marker_dag.py
[2023-08-09T03:21:42.159+0000] {processor.py:836} INFO - DAG(s) dict_keys(['example_external_task_marker_child', 'example_external_task_marker_parent']) retrieved from /home/airflow/.local/lib/python3.7/site-packages/airflow/example_dags/example_external_task_marker_dag.py
[2023-08-09T03:21:42.184+0000] {logging_mixin.py:150} INFO - [2023-08-09T03:21:42.183+0000] {dag.py:2742} INFO - Sync 2 DAGs
[2023-08-09T03:21:42.209+0000] {logging_mixin.py:150} INFO - [2023-08-09T03:21:42.208+0000] {dag.py:3508} INFO - Setting next_dagrun for example_external_task_marker_child to None, run_after=None
[2023-08-09T03:21:42.212+0000] {logging_mixin.py:150} INFO - [2023-08-09T03:21:42.212+0000] {dag.py:3508} INFO - Setting next_dagrun for example_external_task_marker_parent to None, run_after=None
[2023-08-09T03:21:42.230+0000] {processor.py:179} INFO - Processing /home/airflow/.local/lib/python3.7/site-packages/airflow/example_dags/example_external_task_marker_dag.py took 0.082 seconds
[2023-08-09T03:22:12.350+0000] {processor.py:157} INFO - Started process (PID=1316) to work on /home/airflow/.local/lib/python3.7/site-packages/airflow/example_dags/example_external_task_marker_dag.py
[2023-08-09T03:22:12.351+0000] {processor.py:826} INFO - Processing file /home/airflow/.local/lib/python3.7/site-packages/airflow/example_dags/example_external_task_marker_dag.py for tasks to queue
[2023-08-09T03:22:12.354+0000] {logging_mixin.py:150} INFO - [2023-08-09T03:22:12.353+0000] {dagbag.py:541} INFO - Filling up the DagBag from /home/airflow/.local/lib/python3.7/site-packages/airflow/example_dags/example_external_task_marker_dag.py
[2023-08-09T03:22:12.362+0000] {processor.py:836} INFO - DAG(s) dict_keys(['example_external_task_marker_child', 'example_external_task_marker_parent']) retrieved from /home/airflow/.local/lib/python3.7/site-packages/airflow/example_dags/example_external_task_marker_dag.py
[2023-08-09T03:22:12.405+0000] {logging_mixin.py:150} INFO - [2023-08-09T03:22:12.404+0000] {dag.py:2742} INFO - Sync 2 DAGs
[2023-08-09T03:22:12.447+0000] {logging_mixin.py:150} INFO - [2023-08-09T03:22:12.447+0000] {dag.py:3508} INFO - Setting next_dagrun for example_external_task_marker_child to None, run_after=None
[2023-08-09T03:22:12.452+0000] {logging_mixin.py:150} INFO - [2023-08-09T03:22:12.452+0000] {dag.py:3508} INFO - Setting next_dagrun for example_external_task_marker_parent to None, run_after=None
[2023-08-09T03:22:12.474+0000] {processor.py:179} INFO - Processing /home/airflow/.local/lib/python3.7/site-packages/airflow/example_dags/example_external_task_marker_dag.py took 0.127 seconds
[2023-08-09T03:22:42.508+0000] {processor.py:157} INFO - Started process (PID=1369) to work on /home/airflow/.local/lib/python3.7/site-packages/airflow/example_dags/example_external_task_marker_dag.py
[2023-08-09T03:22:42.509+0000] {processor.py:826} INFO - Processing file /home/airflow/.local/lib/python3.7/site-packages/airflow/example_dags/example_external_task_marker_dag.py for tasks to queue
[2023-08-09T03:22:42.510+0000] {logging_mixin.py:150} INFO - [2023-08-09T03:22:42.510+0000] {dagbag.py:541} INFO - Filling up the DagBag from /home/airflow/.local/lib/python3.7/site-packages/airflow/example_dags/example_external_task_marker_dag.py
[2023-08-09T03:22:42.515+0000] {processor.py:836} INFO - DAG(s) dict_keys(['example_external_task_marker_parent', 'example_external_task_marker_child']) retrieved from /home/airflow/.local/lib/python3.7/site-packages/airflow/example_dags/example_external_task_marker_dag.py
[2023-08-09T03:22:42.543+0000] {logging_mixin.py:150} INFO - [2023-08-09T03:22:42.543+0000] {dag.py:2742} INFO - Sync 2 DAGs
[2023-08-09T03:22:42.566+0000] {logging_mixin.py:150} INFO - [2023-08-09T03:22:42.566+0000] {dag.py:3508} INFO - Setting next_dagrun for example_external_task_marker_child to None, run_after=None
[2023-08-09T03:22:42.570+0000] {logging_mixin.py:150} INFO - [2023-08-09T03:22:42.570+0000] {dag.py:3508} INFO - Setting next_dagrun for example_external_task_marker_parent to None, run_after=None
[2023-08-09T03:22:42.590+0000] {processor.py:179} INFO - Processing /home/airflow/.local/lib/python3.7/site-packages/airflow/example_dags/example_external_task_marker_dag.py took 0.084 seconds
[2023-08-09T03:23:12.720+0000] {processor.py:157} INFO - Started process (PID=1424) to work on /home/airflow/.local/lib/python3.7/site-packages/airflow/example_dags/example_external_task_marker_dag.py
[2023-08-09T03:23:12.720+0000] {processor.py:826} INFO - Processing file /home/airflow/.local/lib/python3.7/site-packages/airflow/example_dags/example_external_task_marker_dag.py for tasks to queue
[2023-08-09T03:23:12.722+0000] {logging_mixin.py:150} INFO - [2023-08-09T03:23:12.722+0000] {dagbag.py:541} INFO - Filling up the DagBag from /home/airflow/.local/lib/python3.7/site-packages/airflow/example_dags/example_external_task_marker_dag.py
[2023-08-09T03:23:12.727+0000] {processor.py:836} INFO - DAG(s) dict_keys(['example_external_task_marker_child', 'example_external_task_marker_parent']) retrieved from /home/airflow/.local/lib/python3.7/site-packages/airflow/example_dags/example_external_task_marker_dag.py
[2023-08-09T03:23:12.766+0000] {logging_mixin.py:150} INFO - [2023-08-09T03:23:12.765+0000] {dag.py:2742} INFO - Sync 2 DAGs
[2023-08-09T03:23:12.797+0000] {logging_mixin.py:150} INFO - [2023-08-09T03:23:12.797+0000] {dag.py:3508} INFO - Setting next_dagrun for example_external_task_marker_child to None, run_after=None
[2023-08-09T03:23:12.801+0000] {logging_mixin.py:150} INFO - [2023-08-09T03:23:12.800+0000] {dag.py:3508} INFO - Setting next_dagrun for example_external_task_marker_parent to None, run_after=None
[2023-08-09T03:23:12.815+0000] {processor.py:179} INFO - Processing /home/airflow/.local/lib/python3.7/site-packages/airflow/example_dags/example_external_task_marker_dag.py took 0.098 seconds
[2023-08-09T03:23:42.932+0000] {processor.py:157} INFO - Started process (PID=1479) to work on /home/airflow/.local/lib/python3.7/site-packages/airflow/example_dags/example_external_task_marker_dag.py
[2023-08-09T03:23:42.932+0000] {processor.py:826} INFO - Processing file /home/airflow/.local/lib/python3.7/site-packages/airflow/example_dags/example_external_task_marker_dag.py for tasks to queue
[2023-08-09T03:23:42.934+0000] {logging_mixin.py:150} INFO - [2023-08-09T03:23:42.934+0000] {dagbag.py:541} INFO - Filling up the DagBag from /home/airflow/.local/lib/python3.7/site-packages/airflow/example_dags/example_external_task_marker_dag.py
[2023-08-09T03:23:42.942+0000] {processor.py:836} INFO - DAG(s) dict_keys(['example_external_task_marker_child', 'example_external_task_marker_parent']) retrieved from /home/airflow/.local/lib/python3.7/site-packages/airflow/example_dags/example_external_task_marker_dag.py
[2023-08-09T03:23:42.979+0000] {logging_mixin.py:150} INFO - [2023-08-09T03:23:42.979+0000] {dag.py:2742} INFO - Sync 2 DAGs
[2023-08-09T03:23:43.013+0000] {logging_mixin.py:150} INFO - [2023-08-09T03:23:43.013+0000] {dag.py:3508} INFO - Setting next_dagrun for example_external_task_marker_child to None, run_after=None
[2023-08-09T03:23:43.017+0000] {logging_mixin.py:150} INFO - [2023-08-09T03:23:43.017+0000] {dag.py:3508} INFO - Setting next_dagrun for example_external_task_marker_parent to None, run_after=None
[2023-08-09T03:23:43.032+0000] {processor.py:179} INFO - Processing /home/airflow/.local/lib/python3.7/site-packages/airflow/example_dags/example_external_task_marker_dag.py took 0.103 seconds
[2023-08-09T03:24:13.252+0000] {processor.py:157} INFO - Started process (PID=1534) to work on /home/airflow/.local/lib/python3.7/site-packages/airflow/example_dags/example_external_task_marker_dag.py
[2023-08-09T03:24:13.253+0000] {processor.py:826} INFO - Processing file /home/airflow/.local/lib/python3.7/site-packages/airflow/example_dags/example_external_task_marker_dag.py for tasks to queue
[2023-08-09T03:24:13.255+0000] {logging_mixin.py:150} INFO - [2023-08-09T03:24:13.255+0000] {dagbag.py:541} INFO - Filling up the DagBag from /home/airflow/.local/lib/python3.7/site-packages/airflow/example_dags/example_external_task_marker_dag.py
[2023-08-09T03:24:13.260+0000] {processor.py:836} INFO - DAG(s) dict_keys(['example_external_task_marker_parent', 'example_external_task_marker_child']) retrieved from /home/airflow/.local/lib/python3.7/site-packages/airflow/example_dags/example_external_task_marker_dag.py
[2023-08-09T03:24:13.285+0000] {logging_mixin.py:150} INFO - [2023-08-09T03:24:13.285+0000] {dag.py:2742} INFO - Sync 2 DAGs
[2023-08-09T03:24:13.308+0000] {logging_mixin.py:150} INFO - [2023-08-09T03:24:13.308+0000] {dag.py:3508} INFO - Setting next_dagrun for example_external_task_marker_child to None, run_after=None
[2023-08-09T03:24:13.312+0000] {logging_mixin.py:150} INFO - [2023-08-09T03:24:13.312+0000] {dag.py:3508} INFO - Setting next_dagrun for example_external_task_marker_parent to None, run_after=None
[2023-08-09T03:24:13.327+0000] {processor.py:179} INFO - Processing /home/airflow/.local/lib/python3.7/site-packages/airflow/example_dags/example_external_task_marker_dag.py took 0.078 seconds
[2023-08-09T03:24:43.480+0000] {processor.py:157} INFO - Started process (PID=1589) to work on /home/airflow/.local/lib/python3.7/site-packages/airflow/example_dags/example_external_task_marker_dag.py
[2023-08-09T03:24:43.481+0000] {processor.py:826} INFO - Processing file /home/airflow/.local/lib/python3.7/site-packages/airflow/example_dags/example_external_task_marker_dag.py for tasks to queue
[2023-08-09T03:24:43.484+0000] {logging_mixin.py:150} INFO - [2023-08-09T03:24:43.484+0000] {dagbag.py:541} INFO - Filling up the DagBag from /home/airflow/.local/lib/python3.7/site-packages/airflow/example_dags/example_external_task_marker_dag.py
[2023-08-09T03:24:43.492+0000] {processor.py:836} INFO - DAG(s) dict_keys(['example_external_task_marker_parent', 'example_external_task_marker_child']) retrieved from /home/airflow/.local/lib/python3.7/site-packages/airflow/example_dags/example_external_task_marker_dag.py
[2023-08-09T03:24:43.534+0000] {logging_mixin.py:150} INFO - [2023-08-09T03:24:43.533+0000] {dag.py:2742} INFO - Sync 2 DAGs
[2023-08-09T03:24:43.559+0000] {logging_mixin.py:150} INFO - [2023-08-09T03:24:43.559+0000] {dag.py:3508} INFO - Setting next_dagrun for example_external_task_marker_child to None, run_after=None
[2023-08-09T03:24:43.562+0000] {logging_mixin.py:150} INFO - [2023-08-09T03:24:43.562+0000] {dag.py:3508} INFO - Setting next_dagrun for example_external_task_marker_parent to None, run_after=None
[2023-08-09T03:24:43.576+0000] {processor.py:179} INFO - Processing /home/airflow/.local/lib/python3.7/site-packages/airflow/example_dags/example_external_task_marker_dag.py took 0.101 seconds
[2023-08-09T03:25:13.746+0000] {processor.py:157} INFO - Started process (PID=1643) to work on /home/airflow/.local/lib/python3.7/site-packages/airflow/example_dags/example_external_task_marker_dag.py
[2023-08-09T03:25:13.747+0000] {processor.py:826} INFO - Processing file /home/airflow/.local/lib/python3.7/site-packages/airflow/example_dags/example_external_task_marker_dag.py for tasks to queue
[2023-08-09T03:25:13.750+0000] {logging_mixin.py:150} INFO - [2023-08-09T03:25:13.750+0000] {dagbag.py:541} INFO - Filling up the DagBag from /home/airflow/.local/lib/python3.7/site-packages/airflow/example_dags/example_external_task_marker_dag.py
[2023-08-09T03:25:13.757+0000] {processor.py:836} INFO - DAG(s) dict_keys(['example_external_task_marker_child', 'example_external_task_marker_parent']) retrieved from /home/airflow/.local/lib/python3.7/site-packages/airflow/example_dags/example_external_task_marker_dag.py
[2023-08-09T03:25:13.791+0000] {logging_mixin.py:150} INFO - [2023-08-09T03:25:13.790+0000] {dag.py:2742} INFO - Sync 2 DAGs
[2023-08-09T03:25:13.826+0000] {logging_mixin.py:150} INFO - [2023-08-09T03:25:13.825+0000] {dag.py:3508} INFO - Setting next_dagrun for example_external_task_marker_child to None, run_after=None
[2023-08-09T03:25:13.830+0000] {logging_mixin.py:150} INFO - [2023-08-09T03:25:13.830+0000] {dag.py:3508} INFO - Setting next_dagrun for example_external_task_marker_parent to None, run_after=None
[2023-08-09T03:25:13.851+0000] {processor.py:179} INFO - Processing /home/airflow/.local/lib/python3.7/site-packages/airflow/example_dags/example_external_task_marker_dag.py took 0.108 seconds
[2023-08-09T03:25:44.044+0000] {processor.py:157} INFO - Started process (PID=1698) to work on /home/airflow/.local/lib/python3.7/site-packages/airflow/example_dags/example_external_task_marker_dag.py
[2023-08-09T03:25:44.045+0000] {processor.py:826} INFO - Processing file /home/airflow/.local/lib/python3.7/site-packages/airflow/example_dags/example_external_task_marker_dag.py for tasks to queue
[2023-08-09T03:25:44.048+0000] {logging_mixin.py:150} INFO - [2023-08-09T03:25:44.047+0000] {dagbag.py:541} INFO - Filling up the DagBag from /home/airflow/.local/lib/python3.7/site-packages/airflow/example_dags/example_external_task_marker_dag.py
[2023-08-09T03:25:44.053+0000] {processor.py:836} INFO - DAG(s) dict_keys(['example_external_task_marker_child', 'example_external_task_marker_parent']) retrieved from /home/airflow/.local/lib/python3.7/site-packages/airflow/example_dags/example_external_task_marker_dag.py
[2023-08-09T03:25:44.080+0000] {logging_mixin.py:150} INFO - [2023-08-09T03:25:44.079+0000] {dag.py:2742} INFO - Sync 2 DAGs
[2023-08-09T03:25:44.107+0000] {logging_mixin.py:150} INFO - [2023-08-09T03:25:44.107+0000] {dag.py:3508} INFO - Setting next_dagrun for example_external_task_marker_child to None, run_after=None
[2023-08-09T03:25:44.110+0000] {logging_mixin.py:150} INFO - [2023-08-09T03:25:44.110+0000] {dag.py:3508} INFO - Setting next_dagrun for example_external_task_marker_parent to None, run_after=None
[2023-08-09T03:25:44.129+0000] {processor.py:179} INFO - Processing /home/airflow/.local/lib/python3.7/site-packages/airflow/example_dags/example_external_task_marker_dag.py took 0.088 seconds
[2023-08-09T03:26:14.427+0000] {processor.py:157} INFO - Started process (PID=1752) to work on /home/airflow/.local/lib/python3.7/site-packages/airflow/example_dags/example_external_task_marker_dag.py
[2023-08-09T03:26:14.428+0000] {processor.py:826} INFO - Processing file /home/airflow/.local/lib/python3.7/site-packages/airflow/example_dags/example_external_task_marker_dag.py for tasks to queue
[2023-08-09T03:26:14.431+0000] {logging_mixin.py:150} INFO - [2023-08-09T03:26:14.430+0000] {dagbag.py:541} INFO - Filling up the DagBag from /home/airflow/.local/lib/python3.7/site-packages/airflow/example_dags/example_external_task_marker_dag.py
[2023-08-09T03:26:14.438+0000] {processor.py:836} INFO - DAG(s) dict_keys(['example_external_task_marker_parent', 'example_external_task_marker_child']) retrieved from /home/airflow/.local/lib/python3.7/site-packages/airflow/example_dags/example_external_task_marker_dag.py
[2023-08-09T03:26:14.467+0000] {logging_mixin.py:150} INFO - [2023-08-09T03:26:14.466+0000] {dag.py:2742} INFO - Sync 2 DAGs
[2023-08-09T03:26:14.496+0000] {logging_mixin.py:150} INFO - [2023-08-09T03:26:14.496+0000] {dag.py:3508} INFO - Setting next_dagrun for example_external_task_marker_child to None, run_after=None
[2023-08-09T03:26:14.500+0000] {logging_mixin.py:150} INFO - [2023-08-09T03:26:14.500+0000] {dag.py:3508} INFO - Setting next_dagrun for example_external_task_marker_parent to None, run_after=None
[2023-08-09T03:26:14.520+0000] {processor.py:179} INFO - Processing /home/airflow/.local/lib/python3.7/site-packages/airflow/example_dags/example_external_task_marker_dag.py took 0.097 seconds
[2023-08-09T03:26:45.619+0000] {processor.py:157} INFO - Started process (PID=1808) to work on /home/airflow/.local/lib/python3.7/site-packages/airflow/example_dags/example_external_task_marker_dag.py
[2023-08-09T03:26:45.620+0000] {processor.py:826} INFO - Processing file /home/airflow/.local/lib/python3.7/site-packages/airflow/example_dags/example_external_task_marker_dag.py for tasks to queue
[2023-08-09T03:26:45.624+0000] {logging_mixin.py:150} INFO - [2023-08-09T03:26:45.623+0000] {dagbag.py:541} INFO - Filling up the DagBag from /home/airflow/.local/lib/python3.7/site-packages/airflow/example_dags/example_external_task_marker_dag.py
[2023-08-09T03:26:45.633+0000] {processor.py:836} INFO - DAG(s) dict_keys(['example_external_task_marker_child', 'example_external_task_marker_parent']) retrieved from /home/airflow/.local/lib/python3.7/site-packages/airflow/example_dags/example_external_task_marker_dag.py
[2023-08-09T03:26:45.690+0000] {logging_mixin.py:150} INFO - [2023-08-09T03:26:45.689+0000] {dag.py:2742} INFO - Sync 2 DAGs
[2023-08-09T03:26:45.723+0000] {logging_mixin.py:150} INFO - [2023-08-09T03:26:45.722+0000] {dag.py:3508} INFO - Setting next_dagrun for example_external_task_marker_child to None, run_after=None
[2023-08-09T03:26:45.727+0000] {logging_mixin.py:150} INFO - [2023-08-09T03:26:45.727+0000] {dag.py:3508} INFO - Setting next_dagrun for example_external_task_marker_parent to None, run_after=None
[2023-08-09T03:26:45.767+0000] {processor.py:179} INFO - Processing /home/airflow/.local/lib/python3.7/site-packages/airflow/example_dags/example_external_task_marker_dag.py took 0.151 seconds
[2023-08-09T03:27:15.854+0000] {processor.py:157} INFO - Started process (PID=1862) to work on /home/airflow/.local/lib/python3.7/site-packages/airflow/example_dags/example_external_task_marker_dag.py
[2023-08-09T03:27:15.855+0000] {processor.py:826} INFO - Processing file /home/airflow/.local/lib/python3.7/site-packages/airflow/example_dags/example_external_task_marker_dag.py for tasks to queue
[2023-08-09T03:27:15.857+0000] {logging_mixin.py:150} INFO - [2023-08-09T03:27:15.857+0000] {dagbag.py:541} INFO - Filling up the DagBag from /home/airflow/.local/lib/python3.7/site-packages/airflow/example_dags/example_external_task_marker_dag.py
[2023-08-09T03:27:15.863+0000] {processor.py:836} INFO - DAG(s) dict_keys(['example_external_task_marker_parent', 'example_external_task_marker_child']) retrieved from /home/airflow/.local/lib/python3.7/site-packages/airflow/example_dags/example_external_task_marker_dag.py
[2023-08-09T03:27:15.897+0000] {logging_mixin.py:150} INFO - [2023-08-09T03:27:15.896+0000] {dag.py:2742} INFO - Sync 2 DAGs
[2023-08-09T03:27:15.933+0000] {logging_mixin.py:150} INFO - [2023-08-09T03:27:15.933+0000] {dag.py:3508} INFO - Setting next_dagrun for example_external_task_marker_child to None, run_after=None
[2023-08-09T03:27:15.938+0000] {logging_mixin.py:150} INFO - [2023-08-09T03:27:15.938+0000] {dag.py:3508} INFO - Setting next_dagrun for example_external_task_marker_parent to None, run_after=None
[2023-08-09T03:27:15.961+0000] {processor.py:179} INFO - Processing /home/airflow/.local/lib/python3.7/site-packages/airflow/example_dags/example_external_task_marker_dag.py took 0.110 seconds
[2023-08-09T03:27:46.271+0000] {processor.py:157} INFO - Started process (PID=1917) to work on /home/airflow/.local/lib/python3.7/site-packages/airflow/example_dags/example_external_task_marker_dag.py
[2023-08-09T03:27:46.272+0000] {processor.py:826} INFO - Processing file /home/airflow/.local/lib/python3.7/site-packages/airflow/example_dags/example_external_task_marker_dag.py for tasks to queue
[2023-08-09T03:27:46.274+0000] {logging_mixin.py:150} INFO - [2023-08-09T03:27:46.274+0000] {dagbag.py:541} INFO - Filling up the DagBag from /home/airflow/.local/lib/python3.7/site-packages/airflow/example_dags/example_external_task_marker_dag.py
[2023-08-09T03:27:46.279+0000] {processor.py:836} INFO - DAG(s) dict_keys(['example_external_task_marker_child', 'example_external_task_marker_parent']) retrieved from /home/airflow/.local/lib/python3.7/site-packages/airflow/example_dags/example_external_task_marker_dag.py
[2023-08-09T03:27:46.304+0000] {logging_mixin.py:150} INFO - [2023-08-09T03:27:46.304+0000] {dag.py:2742} INFO - Sync 2 DAGs
[2023-08-09T03:27:46.332+0000] {logging_mixin.py:150} INFO - [2023-08-09T03:27:46.332+0000] {dag.py:3508} INFO - Setting next_dagrun for example_external_task_marker_child to None, run_after=None
[2023-08-09T03:27:46.336+0000] {logging_mixin.py:150} INFO - [2023-08-09T03:27:46.336+0000] {dag.py:3508} INFO - Setting next_dagrun for example_external_task_marker_parent to None, run_after=None
[2023-08-09T03:27:46.354+0000] {processor.py:179} INFO - Processing /home/airflow/.local/lib/python3.7/site-packages/airflow/example_dags/example_external_task_marker_dag.py took 0.085 seconds
[2023-08-09T03:28:16.574+0000] {processor.py:157} INFO - Started process (PID=1972) to work on /home/airflow/.local/lib/python3.7/site-packages/airflow/example_dags/example_external_task_marker_dag.py
[2023-08-09T03:28:16.575+0000] {processor.py:826} INFO - Processing file /home/airflow/.local/lib/python3.7/site-packages/airflow/example_dags/example_external_task_marker_dag.py for tasks to queue
[2023-08-09T03:28:16.577+0000] {logging_mixin.py:150} INFO - [2023-08-09T03:28:16.576+0000] {dagbag.py:541} INFO - Filling up the DagBag from /home/airflow/.local/lib/python3.7/site-packages/airflow/example_dags/example_external_task_marker_dag.py
[2023-08-09T03:28:16.583+0000] {processor.py:836} INFO - DAG(s) dict_keys(['example_external_task_marker_child', 'example_external_task_marker_parent']) retrieved from /home/airflow/.local/lib/python3.7/site-packages/airflow/example_dags/example_external_task_marker_dag.py
[2023-08-09T03:28:16.613+0000] {logging_mixin.py:150} INFO - [2023-08-09T03:28:16.612+0000] {dag.py:2742} INFO - Sync 2 DAGs
[2023-08-09T03:28:16.641+0000] {logging_mixin.py:150} INFO - [2023-08-09T03:28:16.641+0000] {dag.py:3508} INFO - Setting next_dagrun for example_external_task_marker_child to None, run_after=None
[2023-08-09T03:28:16.644+0000] {logging_mixin.py:150} INFO - [2023-08-09T03:28:16.644+0000] {dag.py:3508} INFO - Setting next_dagrun for example_external_task_marker_parent to None, run_after=None
[2023-08-09T03:28:16.661+0000] {processor.py:179} INFO - Processing /home/airflow/.local/lib/python3.7/site-packages/airflow/example_dags/example_external_task_marker_dag.py took 0.089 seconds
[2023-08-09T03:28:46.793+0000] {processor.py:157} INFO - Started process (PID=2028) to work on /home/airflow/.local/lib/python3.7/site-packages/airflow/example_dags/example_external_task_marker_dag.py
[2023-08-09T03:28:46.794+0000] {processor.py:826} INFO - Processing file /home/airflow/.local/lib/python3.7/site-packages/airflow/example_dags/example_external_task_marker_dag.py for tasks to queue
[2023-08-09T03:28:46.796+0000] {logging_mixin.py:150} INFO - [2023-08-09T03:28:46.796+0000] {dagbag.py:541} INFO - Filling up the DagBag from /home/airflow/.local/lib/python3.7/site-packages/airflow/example_dags/example_external_task_marker_dag.py
[2023-08-09T03:28:46.800+0000] {processor.py:836} INFO - DAG(s) dict_keys(['example_external_task_marker_child', 'example_external_task_marker_parent']) retrieved from /home/airflow/.local/lib/python3.7/site-packages/airflow/example_dags/example_external_task_marker_dag.py
[2023-08-09T03:28:46.824+0000] {logging_mixin.py:150} INFO - [2023-08-09T03:28:46.823+0000] {dag.py:2742} INFO - Sync 2 DAGs
[2023-08-09T03:28:46.847+0000] {logging_mixin.py:150} INFO - [2023-08-09T03:28:46.847+0000] {dag.py:3508} INFO - Setting next_dagrun for example_external_task_marker_child to None, run_after=None
[2023-08-09T03:28:46.851+0000] {logging_mixin.py:150} INFO - [2023-08-09T03:28:46.851+0000] {dag.py:3508} INFO - Setting next_dagrun for example_external_task_marker_parent to None, run_after=None
[2023-08-09T03:28:46.868+0000] {processor.py:179} INFO - Processing /home/airflow/.local/lib/python3.7/site-packages/airflow/example_dags/example_external_task_marker_dag.py took 0.077 seconds
[2023-08-09T03:29:17.361+0000] {processor.py:157} INFO - Started process (PID=2083) to work on /home/airflow/.local/lib/python3.7/site-packages/airflow/example_dags/example_external_task_marker_dag.py
[2023-08-09T03:29:17.362+0000] {processor.py:826} INFO - Processing file /home/airflow/.local/lib/python3.7/site-packages/airflow/example_dags/example_external_task_marker_dag.py for tasks to queue
[2023-08-09T03:29:17.364+0000] {logging_mixin.py:150} INFO - [2023-08-09T03:29:17.364+0000] {dagbag.py:541} INFO - Filling up the DagBag from /home/airflow/.local/lib/python3.7/site-packages/airflow/example_dags/example_external_task_marker_dag.py
[2023-08-09T03:29:17.371+0000] {processor.py:836} INFO - DAG(s) dict_keys(['example_external_task_marker_parent', 'example_external_task_marker_child']) retrieved from /home/airflow/.local/lib/python3.7/site-packages/airflow/example_dags/example_external_task_marker_dag.py
[2023-08-09T03:29:17.400+0000] {logging_mixin.py:150} INFO - [2023-08-09T03:29:17.399+0000] {dag.py:2742} INFO - Sync 2 DAGs
[2023-08-09T03:29:17.426+0000] {logging_mixin.py:150} INFO - [2023-08-09T03:29:17.426+0000] {dag.py:3508} INFO - Setting next_dagrun for example_external_task_marker_child to None, run_after=None
[2023-08-09T03:29:17.430+0000] {logging_mixin.py:150} INFO - [2023-08-09T03:29:17.430+0000] {dag.py:3508} INFO - Setting next_dagrun for example_external_task_marker_parent to None, run_after=None
[2023-08-09T03:29:17.448+0000] {processor.py:179} INFO - Processing /home/airflow/.local/lib/python3.7/site-packages/airflow/example_dags/example_external_task_marker_dag.py took 0.089 seconds
[2023-08-09T03:29:48.454+0000] {processor.py:157} INFO - Started process (PID=2138) to work on /home/airflow/.local/lib/python3.7/site-packages/airflow/example_dags/example_external_task_marker_dag.py
[2023-08-09T03:29:48.454+0000] {processor.py:826} INFO - Processing file /home/airflow/.local/lib/python3.7/site-packages/airflow/example_dags/example_external_task_marker_dag.py for tasks to queue
[2023-08-09T03:29:48.455+0000] {logging_mixin.py:150} INFO - [2023-08-09T03:29:48.455+0000] {dagbag.py:541} INFO - Filling up the DagBag from /home/airflow/.local/lib/python3.7/site-packages/airflow/example_dags/example_external_task_marker_dag.py
[2023-08-09T03:29:48.460+0000] {processor.py:836} INFO - DAG(s) dict_keys(['example_external_task_marker_parent', 'example_external_task_marker_child']) retrieved from /home/airflow/.local/lib/python3.7/site-packages/airflow/example_dags/example_external_task_marker_dag.py
[2023-08-09T03:29:48.490+0000] {logging_mixin.py:150} INFO - [2023-08-09T03:29:48.490+0000] {dag.py:2742} INFO - Sync 2 DAGs
[2023-08-09T03:29:48.516+0000] {logging_mixin.py:150} INFO - [2023-08-09T03:29:48.516+0000] {dag.py:3508} INFO - Setting next_dagrun for example_external_task_marker_child to None, run_after=None
[2023-08-09T03:29:48.520+0000] {logging_mixin.py:150} INFO - [2023-08-09T03:29:48.520+0000] {dag.py:3508} INFO - Setting next_dagrun for example_external_task_marker_parent to None, run_after=None
[2023-08-09T03:29:48.534+0000] {processor.py:179} INFO - Processing /home/airflow/.local/lib/python3.7/site-packages/airflow/example_dags/example_external_task_marker_dag.py took 0.084 seconds
[2023-08-09T03:30:19.381+0000] {processor.py:157} INFO - Started process (PID=2193) to work on /home/airflow/.local/lib/python3.7/site-packages/airflow/example_dags/example_external_task_marker_dag.py
[2023-08-09T03:30:19.382+0000] {processor.py:826} INFO - Processing file /home/airflow/.local/lib/python3.7/site-packages/airflow/example_dags/example_external_task_marker_dag.py for tasks to queue
[2023-08-09T03:30:19.383+0000] {logging_mixin.py:150} INFO - [2023-08-09T03:30:19.382+0000] {dagbag.py:541} INFO - Filling up the DagBag from /home/airflow/.local/lib/python3.7/site-packages/airflow/example_dags/example_external_task_marker_dag.py
[2023-08-09T03:30:19.388+0000] {processor.py:836} INFO - DAG(s) dict_keys(['example_external_task_marker_parent', 'example_external_task_marker_child']) retrieved from /home/airflow/.local/lib/python3.7/site-packages/airflow/example_dags/example_external_task_marker_dag.py
[2023-08-09T03:30:19.413+0000] {logging_mixin.py:150} INFO - [2023-08-09T03:30:19.413+0000] {dag.py:2742} INFO - Sync 2 DAGs
[2023-08-09T03:30:19.438+0000] {logging_mixin.py:150} INFO - [2023-08-09T03:30:19.437+0000] {dag.py:3508} INFO - Setting next_dagrun for example_external_task_marker_child to None, run_after=None
[2023-08-09T03:30:19.442+0000] {logging_mixin.py:150} INFO - [2023-08-09T03:30:19.442+0000] {dag.py:3508} INFO - Setting next_dagrun for example_external_task_marker_parent to None, run_after=None
[2023-08-09T03:30:19.458+0000] {processor.py:179} INFO - Processing /home/airflow/.local/lib/python3.7/site-packages/airflow/example_dags/example_external_task_marker_dag.py took 0.079 seconds
[2023-08-09T03:30:49.566+0000] {processor.py:157} INFO - Started process (PID=2249) to work on /home/airflow/.local/lib/python3.7/site-packages/airflow/example_dags/example_external_task_marker_dag.py
[2023-08-09T03:30:49.567+0000] {processor.py:826} INFO - Processing file /home/airflow/.local/lib/python3.7/site-packages/airflow/example_dags/example_external_task_marker_dag.py for tasks to queue
[2023-08-09T03:30:49.568+0000] {logging_mixin.py:150} INFO - [2023-08-09T03:30:49.568+0000] {dagbag.py:541} INFO - Filling up the DagBag from /home/airflow/.local/lib/python3.7/site-packages/airflow/example_dags/example_external_task_marker_dag.py
[2023-08-09T03:30:49.576+0000] {processor.py:836} INFO - DAG(s) dict_keys(['example_external_task_marker_child', 'example_external_task_marker_parent']) retrieved from /home/airflow/.local/lib/python3.7/site-packages/airflow/example_dags/example_external_task_marker_dag.py
[2023-08-09T03:30:49.615+0000] {logging_mixin.py:150} INFO - [2023-08-09T03:30:49.615+0000] {dag.py:2742} INFO - Sync 2 DAGs
[2023-08-09T03:30:49.651+0000] {logging_mixin.py:150} INFO - [2023-08-09T03:30:49.650+0000] {dag.py:3508} INFO - Setting next_dagrun for example_external_task_marker_child to None, run_after=None
[2023-08-09T03:30:49.656+0000] {logging_mixin.py:150} INFO - [2023-08-09T03:30:49.656+0000] {dag.py:3508} INFO - Setting next_dagrun for example_external_task_marker_parent to None, run_after=None
[2023-08-09T03:30:49.676+0000] {processor.py:179} INFO - Processing /home/airflow/.local/lib/python3.7/site-packages/airflow/example_dags/example_external_task_marker_dag.py took 0.113 seconds
[2023-08-09T03:31:20.025+0000] {processor.py:157} INFO - Started process (PID=2307) to work on /home/airflow/.local/lib/python3.7/site-packages/airflow/example_dags/example_external_task_marker_dag.py
[2023-08-09T03:31:20.026+0000] {processor.py:826} INFO - Processing file /home/airflow/.local/lib/python3.7/site-packages/airflow/example_dags/example_external_task_marker_dag.py for tasks to queue
[2023-08-09T03:31:20.026+0000] {logging_mixin.py:150} INFO - [2023-08-09T03:31:20.026+0000] {dagbag.py:541} INFO - Filling up the DagBag from /home/airflow/.local/lib/python3.7/site-packages/airflow/example_dags/example_external_task_marker_dag.py
[2023-08-09T03:31:20.032+0000] {processor.py:836} INFO - DAG(s) dict_keys(['example_external_task_marker_child', 'example_external_task_marker_parent']) retrieved from /home/airflow/.local/lib/python3.7/site-packages/airflow/example_dags/example_external_task_marker_dag.py
[2023-08-09T03:31:20.057+0000] {logging_mixin.py:150} INFO - [2023-08-09T03:31:20.057+0000] {dag.py:2742} INFO - Sync 2 DAGs
[2023-08-09T03:31:20.097+0000] {logging_mixin.py:150} INFO - [2023-08-09T03:31:20.096+0000] {dag.py:3508} INFO - Setting next_dagrun for example_external_task_marker_child to None, run_after=None
[2023-08-09T03:31:20.101+0000] {logging_mixin.py:150} INFO - [2023-08-09T03:31:20.101+0000] {dag.py:3508} INFO - Setting next_dagrun for example_external_task_marker_parent to None, run_after=None
[2023-08-09T03:31:20.121+0000] {processor.py:179} INFO - Processing /home/airflow/.local/lib/python3.7/site-packages/airflow/example_dags/example_external_task_marker_dag.py took 0.100 seconds
[2023-08-09T03:31:50.273+0000] {processor.py:157} INFO - Started process (PID=2362) to work on /home/airflow/.local/lib/python3.7/site-packages/airflow/example_dags/example_external_task_marker_dag.py
[2023-08-09T03:31:50.274+0000] {processor.py:826} INFO - Processing file /home/airflow/.local/lib/python3.7/site-packages/airflow/example_dags/example_external_task_marker_dag.py for tasks to queue
[2023-08-09T03:31:50.275+0000] {logging_mixin.py:150} INFO - [2023-08-09T03:31:50.274+0000] {dagbag.py:541} INFO - Filling up the DagBag from /home/airflow/.local/lib/python3.7/site-packages/airflow/example_dags/example_external_task_marker_dag.py
[2023-08-09T03:31:50.280+0000] {processor.py:836} INFO - DAG(s) dict_keys(['example_external_task_marker_parent', 'example_external_task_marker_child']) retrieved from /home/airflow/.local/lib/python3.7/site-packages/airflow/example_dags/example_external_task_marker_dag.py
[2023-08-09T03:31:50.315+0000] {logging_mixin.py:150} INFO - [2023-08-09T03:31:50.314+0000] {dag.py:2742} INFO - Sync 2 DAGs
[2023-08-09T03:31:50.368+0000] {logging_mixin.py:150} INFO - [2023-08-09T03:31:50.368+0000] {dag.py:3508} INFO - Setting next_dagrun for example_external_task_marker_child to None, run_after=None
[2023-08-09T03:31:50.373+0000] {logging_mixin.py:150} INFO - [2023-08-09T03:31:50.373+0000] {dag.py:3508} INFO - Setting next_dagrun for example_external_task_marker_parent to None, run_after=None
[2023-08-09T03:31:50.392+0000] {processor.py:179} INFO - Processing /home/airflow/.local/lib/python3.7/site-packages/airflow/example_dags/example_external_task_marker_dag.py took 0.121 seconds
[2023-08-09T03:32:20.768+0000] {processor.py:157} INFO - Started process (PID=2418) to work on /home/airflow/.local/lib/python3.7/site-packages/airflow/example_dags/example_external_task_marker_dag.py
[2023-08-09T03:32:20.769+0000] {processor.py:826} INFO - Processing file /home/airflow/.local/lib/python3.7/site-packages/airflow/example_dags/example_external_task_marker_dag.py for tasks to queue
[2023-08-09T03:32:20.770+0000] {logging_mixin.py:150} INFO - [2023-08-09T03:32:20.770+0000] {dagbag.py:541} INFO - Filling up the DagBag from /home/airflow/.local/lib/python3.7/site-packages/airflow/example_dags/example_external_task_marker_dag.py
[2023-08-09T03:32:20.775+0000] {processor.py:836} INFO - DAG(s) dict_keys(['example_external_task_marker_child', 'example_external_task_marker_parent']) retrieved from /home/airflow/.local/lib/python3.7/site-packages/airflow/example_dags/example_external_task_marker_dag.py
[2023-08-09T03:32:20.808+0000] {logging_mixin.py:150} INFO - [2023-08-09T03:32:20.808+0000] {dag.py:2742} INFO - Sync 2 DAGs
[2023-08-09T03:32:20.847+0000] {logging_mixin.py:150} INFO - [2023-08-09T03:32:20.846+0000] {dag.py:3508} INFO - Setting next_dagrun for example_external_task_marker_child to None, run_after=None
[2023-08-09T03:32:20.854+0000] {logging_mixin.py:150} INFO - [2023-08-09T03:32:20.853+0000] {dag.py:3508} INFO - Setting next_dagrun for example_external_task_marker_parent to None, run_after=None
[2023-08-09T03:32:20.879+0000] {processor.py:179} INFO - Processing /home/airflow/.local/lib/python3.7/site-packages/airflow/example_dags/example_external_task_marker_dag.py took 0.113 seconds
[2023-08-09T03:32:51.045+0000] {processor.py:157} INFO - Started process (PID=2474) to work on /home/airflow/.local/lib/python3.7/site-packages/airflow/example_dags/example_external_task_marker_dag.py
[2023-08-09T03:32:51.046+0000] {processor.py:826} INFO - Processing file /home/airflow/.local/lib/python3.7/site-packages/airflow/example_dags/example_external_task_marker_dag.py for tasks to queue
[2023-08-09T03:32:51.047+0000] {logging_mixin.py:150} INFO - [2023-08-09T03:32:51.047+0000] {dagbag.py:541} INFO - Filling up the DagBag from /home/airflow/.local/lib/python3.7/site-packages/airflow/example_dags/example_external_task_marker_dag.py
[2023-08-09T03:32:51.057+0000] {processor.py:836} INFO - DAG(s) dict_keys(['example_external_task_marker_child', 'example_external_task_marker_parent']) retrieved from /home/airflow/.local/lib/python3.7/site-packages/airflow/example_dags/example_external_task_marker_dag.py
[2023-08-09T03:32:51.106+0000] {logging_mixin.py:150} INFO - [2023-08-09T03:32:51.105+0000] {dag.py:2742} INFO - Sync 2 DAGs
[2023-08-09T03:32:51.162+0000] {logging_mixin.py:150} INFO - [2023-08-09T03:32:51.162+0000] {dag.py:3508} INFO - Setting next_dagrun for example_external_task_marker_child to None, run_after=None
[2023-08-09T03:32:51.168+0000] {logging_mixin.py:150} INFO - [2023-08-09T03:32:51.167+0000] {dag.py:3508} INFO - Setting next_dagrun for example_external_task_marker_parent to None, run_after=None
[2023-08-09T03:32:51.192+0000] {processor.py:179} INFO - Processing /home/airflow/.local/lib/python3.7/site-packages/airflow/example_dags/example_external_task_marker_dag.py took 0.153 seconds
[2023-08-09T03:33:22.087+0000] {processor.py:157} INFO - Started process (PID=2535) to work on /home/airflow/.local/lib/python3.7/site-packages/airflow/example_dags/example_external_task_marker_dag.py
[2023-08-09T03:33:22.088+0000] {processor.py:826} INFO - Processing file /home/airflow/.local/lib/python3.7/site-packages/airflow/example_dags/example_external_task_marker_dag.py for tasks to queue
[2023-08-09T03:33:22.088+0000] {logging_mixin.py:150} INFO - [2023-08-09T03:33:22.088+0000] {dagbag.py:541} INFO - Filling up the DagBag from /home/airflow/.local/lib/python3.7/site-packages/airflow/example_dags/example_external_task_marker_dag.py
[2023-08-09T03:33:22.093+0000] {processor.py:836} INFO - DAG(s) dict_keys(['example_external_task_marker_parent', 'example_external_task_marker_child']) retrieved from /home/airflow/.local/lib/python3.7/site-packages/airflow/example_dags/example_external_task_marker_dag.py
[2023-08-09T03:33:22.118+0000] {logging_mixin.py:150} INFO - [2023-08-09T03:33:22.117+0000] {dag.py:2742} INFO - Sync 2 DAGs
[2023-08-09T03:33:22.140+0000] {logging_mixin.py:150} INFO - [2023-08-09T03:33:22.140+0000] {dag.py:3508} INFO - Setting next_dagrun for example_external_task_marker_child to None, run_after=None
[2023-08-09T03:33:22.143+0000] {logging_mixin.py:150} INFO - [2023-08-09T03:33:22.143+0000] {dag.py:3508} INFO - Setting next_dagrun for example_external_task_marker_parent to None, run_after=None
[2023-08-09T03:33:22.160+0000] {processor.py:179} INFO - Processing /home/airflow/.local/lib/python3.7/site-packages/airflow/example_dags/example_external_task_marker_dag.py took 0.076 seconds
[2023-08-09T03:33:52.552+0000] {processor.py:157} INFO - Started process (PID=2591) to work on /home/airflow/.local/lib/python3.7/site-packages/airflow/example_dags/example_external_task_marker_dag.py
[2023-08-09T03:33:52.552+0000] {processor.py:826} INFO - Processing file /home/airflow/.local/lib/python3.7/site-packages/airflow/example_dags/example_external_task_marker_dag.py for tasks to queue
[2023-08-09T03:33:52.553+0000] {logging_mixin.py:150} INFO - [2023-08-09T03:33:52.553+0000] {dagbag.py:541} INFO - Filling up the DagBag from /home/airflow/.local/lib/python3.7/site-packages/airflow/example_dags/example_external_task_marker_dag.py
[2023-08-09T03:33:52.561+0000] {processor.py:836} INFO - DAG(s) dict_keys(['example_external_task_marker_parent', 'example_external_task_marker_child']) retrieved from /home/airflow/.local/lib/python3.7/site-packages/airflow/example_dags/example_external_task_marker_dag.py
[2023-08-09T03:33:52.594+0000] {logging_mixin.py:150} INFO - [2023-08-09T03:33:52.594+0000] {dag.py:2742} INFO - Sync 2 DAGs
[2023-08-09T03:33:52.619+0000] {logging_mixin.py:150} INFO - [2023-08-09T03:33:52.618+0000] {dag.py:3508} INFO - Setting next_dagrun for example_external_task_marker_child to None, run_after=None
[2023-08-09T03:33:52.621+0000] {logging_mixin.py:150} INFO - [2023-08-09T03:33:52.621+0000] {dag.py:3508} INFO - Setting next_dagrun for example_external_task_marker_parent to None, run_after=None
[2023-08-09T03:33:52.636+0000] {processor.py:179} INFO - Processing /home/airflow/.local/lib/python3.7/site-packages/airflow/example_dags/example_external_task_marker_dag.py took 0.087 seconds
[2023-08-09T03:34:22.745+0000] {processor.py:157} INFO - Started process (PID=2646) to work on /home/airflow/.local/lib/python3.7/site-packages/airflow/example_dags/example_external_task_marker_dag.py
[2023-08-09T03:34:22.746+0000] {processor.py:826} INFO - Processing file /home/airflow/.local/lib/python3.7/site-packages/airflow/example_dags/example_external_task_marker_dag.py for tasks to queue
[2023-08-09T03:34:22.747+0000] {logging_mixin.py:150} INFO - [2023-08-09T03:34:22.747+0000] {dagbag.py:541} INFO - Filling up the DagBag from /home/airflow/.local/lib/python3.7/site-packages/airflow/example_dags/example_external_task_marker_dag.py
[2023-08-09T03:34:22.752+0000] {processor.py:836} INFO - DAG(s) dict_keys(['example_external_task_marker_parent', 'example_external_task_marker_child']) retrieved from /home/airflow/.local/lib/python3.7/site-packages/airflow/example_dags/example_external_task_marker_dag.py
[2023-08-09T03:34:22.780+0000] {logging_mixin.py:150} INFO - [2023-08-09T03:34:22.779+0000] {dag.py:2742} INFO - Sync 2 DAGs
[2023-08-09T03:34:22.803+0000] {logging_mixin.py:150} INFO - [2023-08-09T03:34:22.802+0000] {dag.py:3508} INFO - Setting next_dagrun for example_external_task_marker_child to None, run_after=None
[2023-08-09T03:34:22.806+0000] {logging_mixin.py:150} INFO - [2023-08-09T03:34:22.806+0000] {dag.py:3508} INFO - Setting next_dagrun for example_external_task_marker_parent to None, run_after=None
[2023-08-09T03:34:22.820+0000] {processor.py:179} INFO - Processing /home/airflow/.local/lib/python3.7/site-packages/airflow/example_dags/example_external_task_marker_dag.py took 0.077 seconds
[2023-08-09T03:34:53.064+0000] {processor.py:157} INFO - Started process (PID=2701) to work on /home/airflow/.local/lib/python3.7/site-packages/airflow/example_dags/example_external_task_marker_dag.py
[2023-08-09T03:34:53.065+0000] {processor.py:826} INFO - Processing file /home/airflow/.local/lib/python3.7/site-packages/airflow/example_dags/example_external_task_marker_dag.py for tasks to queue
[2023-08-09T03:34:53.066+0000] {logging_mixin.py:150} INFO - [2023-08-09T03:34:53.066+0000] {dagbag.py:541} INFO - Filling up the DagBag from /home/airflow/.local/lib/python3.7/site-packages/airflow/example_dags/example_external_task_marker_dag.py
[2023-08-09T03:34:53.075+0000] {processor.py:836} INFO - DAG(s) dict_keys(['example_external_task_marker_child', 'example_external_task_marker_parent']) retrieved from /home/airflow/.local/lib/python3.7/site-packages/airflow/example_dags/example_external_task_marker_dag.py
[2023-08-09T03:34:53.118+0000] {logging_mixin.py:150} INFO - [2023-08-09T03:34:53.118+0000] {dag.py:2742} INFO - Sync 2 DAGs
[2023-08-09T03:34:53.146+0000] {logging_mixin.py:150} INFO - [2023-08-09T03:34:53.146+0000] {dag.py:3508} INFO - Setting next_dagrun for example_external_task_marker_child to None, run_after=None
[2023-08-09T03:34:53.149+0000] {logging_mixin.py:150} INFO - [2023-08-09T03:34:53.149+0000] {dag.py:3508} INFO - Setting next_dagrun for example_external_task_marker_parent to None, run_after=None
[2023-08-09T03:34:53.165+0000] {processor.py:179} INFO - Processing /home/airflow/.local/lib/python3.7/site-packages/airflow/example_dags/example_external_task_marker_dag.py took 0.106 seconds
[2023-08-09T03:35:24.159+0000] {processor.py:157} INFO - Started process (PID=2756) to work on /home/airflow/.local/lib/python3.7/site-packages/airflow/example_dags/example_external_task_marker_dag.py
[2023-08-09T03:35:24.160+0000] {processor.py:826} INFO - Processing file /home/airflow/.local/lib/python3.7/site-packages/airflow/example_dags/example_external_task_marker_dag.py for tasks to queue
[2023-08-09T03:35:24.162+0000] {logging_mixin.py:150} INFO - [2023-08-09T03:35:24.161+0000] {dagbag.py:541} INFO - Filling up the DagBag from /home/airflow/.local/lib/python3.7/site-packages/airflow/example_dags/example_external_task_marker_dag.py
[2023-08-09T03:35:24.170+0000] {processor.py:836} INFO - DAG(s) dict_keys(['example_external_task_marker_parent', 'example_external_task_marker_child']) retrieved from /home/airflow/.local/lib/python3.7/site-packages/airflow/example_dags/example_external_task_marker_dag.py
[2023-08-09T03:35:24.209+0000] {logging_mixin.py:150} INFO - [2023-08-09T03:35:24.209+0000] {dag.py:2742} INFO - Sync 2 DAGs
[2023-08-09T03:35:24.249+0000] {logging_mixin.py:150} INFO - [2023-08-09T03:35:24.249+0000] {dag.py:3508} INFO - Setting next_dagrun for example_external_task_marker_child to None, run_after=None
[2023-08-09T03:35:24.254+0000] {logging_mixin.py:150} INFO - [2023-08-09T03:35:24.254+0000] {dag.py:3508} INFO - Setting next_dagrun for example_external_task_marker_parent to None, run_after=None
[2023-08-09T03:35:24.280+0000] {processor.py:179} INFO - Processing /home/airflow/.local/lib/python3.7/site-packages/airflow/example_dags/example_external_task_marker_dag.py took 0.124 seconds
[2023-08-09T03:35:54.374+0000] {processor.py:157} INFO - Started process (PID=2810) to work on /home/airflow/.local/lib/python3.7/site-packages/airflow/example_dags/example_external_task_marker_dag.py
[2023-08-09T03:35:54.375+0000] {processor.py:826} INFO - Processing file /home/airflow/.local/lib/python3.7/site-packages/airflow/example_dags/example_external_task_marker_dag.py for tasks to queue
[2023-08-09T03:35:54.376+0000] {logging_mixin.py:150} INFO - [2023-08-09T03:35:54.376+0000] {dagbag.py:541} INFO - Filling up the DagBag from /home/airflow/.local/lib/python3.7/site-packages/airflow/example_dags/example_external_task_marker_dag.py
[2023-08-09T03:35:54.382+0000] {processor.py:836} INFO - DAG(s) dict_keys(['example_external_task_marker_child', 'example_external_task_marker_parent']) retrieved from /home/airflow/.local/lib/python3.7/site-packages/airflow/example_dags/example_external_task_marker_dag.py
[2023-08-09T03:35:54.405+0000] {logging_mixin.py:150} INFO - [2023-08-09T03:35:54.405+0000] {dag.py:2742} INFO - Sync 2 DAGs
[2023-08-09T03:35:54.432+0000] {logging_mixin.py:150} INFO - [2023-08-09T03:35:54.431+0000] {dag.py:3508} INFO - Setting next_dagrun for example_external_task_marker_child to None, run_after=None
[2023-08-09T03:35:54.436+0000] {logging_mixin.py:150} INFO - [2023-08-09T03:35:54.435+0000] {dag.py:3508} INFO - Setting next_dagrun for example_external_task_marker_parent to None, run_after=None
[2023-08-09T03:35:54.451+0000] {processor.py:179} INFO - Processing /home/airflow/.local/lib/python3.7/site-packages/airflow/example_dags/example_external_task_marker_dag.py took 0.079 seconds
[2023-08-09T03:36:24.867+0000] {processor.py:157} INFO - Started process (PID=2866) to work on /home/airflow/.local/lib/python3.7/site-packages/airflow/example_dags/example_external_task_marker_dag.py
[2023-08-09T03:36:24.867+0000] {processor.py:826} INFO - Processing file /home/airflow/.local/lib/python3.7/site-packages/airflow/example_dags/example_external_task_marker_dag.py for tasks to queue
[2023-08-09T03:36:24.868+0000] {logging_mixin.py:150} INFO - [2023-08-09T03:36:24.868+0000] {dagbag.py:541} INFO - Filling up the DagBag from /home/airflow/.local/lib/python3.7/site-packages/airflow/example_dags/example_external_task_marker_dag.py
[2023-08-09T03:36:24.876+0000] {processor.py:836} INFO - DAG(s) dict_keys(['example_external_task_marker_child', 'example_external_task_marker_parent']) retrieved from /home/airflow/.local/lib/python3.7/site-packages/airflow/example_dags/example_external_task_marker_dag.py
[2023-08-09T03:36:24.909+0000] {logging_mixin.py:150} INFO - [2023-08-09T03:36:24.908+0000] {dag.py:2742} INFO - Sync 2 DAGs
[2023-08-09T03:36:24.940+0000] {logging_mixin.py:150} INFO - [2023-08-09T03:36:24.940+0000] {dag.py:3508} INFO - Setting next_dagrun for example_external_task_marker_child to None, run_after=None
[2023-08-09T03:36:24.945+0000] {logging_mixin.py:150} INFO - [2023-08-09T03:36:24.945+0000] {dag.py:3508} INFO - Setting next_dagrun for example_external_task_marker_parent to None, run_after=None
[2023-08-09T03:36:24.964+0000] {processor.py:179} INFO - Processing /home/airflow/.local/lib/python3.7/site-packages/airflow/example_dags/example_external_task_marker_dag.py took 0.101 seconds
