[2023-08-09T03:10:33.413+0000] {processor.py:157} INFO - Started process (PID=62) to work on /home/airflow/.local/lib/python3.7/site-packages/airflow/example_dags/tutorial.py
[2023-08-09T03:10:33.414+0000] {processor.py:826} INFO - Processing file /home/airflow/.local/lib/python3.7/site-packages/airflow/example_dags/tutorial.py for tasks to queue
[2023-08-09T03:10:33.417+0000] {logging_mixin.py:150} INFO - [2023-08-09T03:10:33.416+0000] {dagbag.py:541} INFO - Filling up the DagBag from /home/airflow/.local/lib/python3.7/site-packages/airflow/example_dags/tutorial.py
[2023-08-09T03:10:33.428+0000] {processor.py:836} INFO - DAG(s) dict_keys(['tutorial']) retrieved from /home/airflow/.local/lib/python3.7/site-packages/airflow/example_dags/tutorial.py
[2023-08-09T03:10:33.446+0000] {logging_mixin.py:150} INFO - [2023-08-09T03:10:33.445+0000] {dag.py:2742} INFO - Sync 1 DAGs
[2023-08-09T03:10:33.515+0000] {logging_mixin.py:150} INFO - [2023-08-09T03:10:33.515+0000] {dag.py:3508} INFO - Setting next_dagrun for tutorial to 2023-08-08T03:10:33.515074+00:00, run_after=2023-08-09T03:10:33.515074+00:00
[2023-08-09T03:10:33.551+0000] {processor.py:179} INFO - Processing /home/airflow/.local/lib/python3.7/site-packages/airflow/example_dags/tutorial.py took 0.142 seconds
[2023-08-09T03:11:04.216+0000] {processor.py:157} INFO - Started process (PID=117) to work on /home/airflow/.local/lib/python3.7/site-packages/airflow/example_dags/tutorial.py
[2023-08-09T03:11:04.217+0000] {processor.py:826} INFO - Processing file /home/airflow/.local/lib/python3.7/site-packages/airflow/example_dags/tutorial.py for tasks to queue
[2023-08-09T03:11:04.220+0000] {logging_mixin.py:150} INFO - [2023-08-09T03:11:04.220+0000] {dagbag.py:541} INFO - Filling up the DagBag from /home/airflow/.local/lib/python3.7/site-packages/airflow/example_dags/tutorial.py
[2023-08-09T03:11:04.228+0000] {processor.py:836} INFO - DAG(s) dict_keys(['tutorial']) retrieved from /home/airflow/.local/lib/python3.7/site-packages/airflow/example_dags/tutorial.py
[2023-08-09T03:11:04.400+0000] {logging_mixin.py:150} INFO - [2023-08-09T03:11:04.399+0000] {dag.py:2742} INFO - Sync 1 DAGs
[2023-08-09T03:11:04.427+0000] {logging_mixin.py:150} INFO - [2023-08-09T03:11:04.427+0000] {dag.py:3508} INFO - Setting next_dagrun for tutorial to 2023-08-08T03:11:04.426961+00:00, run_after=2023-08-09T03:11:04.426961+00:00
[2023-08-09T03:11:04.460+0000] {processor.py:179} INFO - Processing /home/airflow/.local/lib/python3.7/site-packages/airflow/example_dags/tutorial.py took 0.248 seconds
[2023-08-09T03:11:34.761+0000] {processor.py:157} INFO - Started process (PID=173) to work on /home/airflow/.local/lib/python3.7/site-packages/airflow/example_dags/tutorial.py
[2023-08-09T03:11:34.763+0000] {processor.py:826} INFO - Processing file /home/airflow/.local/lib/python3.7/site-packages/airflow/example_dags/tutorial.py for tasks to queue
[2023-08-09T03:11:34.765+0000] {logging_mixin.py:150} INFO - [2023-08-09T03:11:34.765+0000] {dagbag.py:541} INFO - Filling up the DagBag from /home/airflow/.local/lib/python3.7/site-packages/airflow/example_dags/tutorial.py
[2023-08-09T03:11:34.772+0000] {processor.py:836} INFO - DAG(s) dict_keys(['tutorial']) retrieved from /home/airflow/.local/lib/python3.7/site-packages/airflow/example_dags/tutorial.py
[2023-08-09T03:11:34.799+0000] {logging_mixin.py:150} INFO - [2023-08-09T03:11:34.798+0000] {dag.py:2742} INFO - Sync 1 DAGs
[2023-08-09T03:11:34.837+0000] {logging_mixin.py:150} INFO - [2023-08-09T03:11:34.836+0000] {dag.py:3508} INFO - Setting next_dagrun for tutorial to 2023-08-08T03:11:34.836511+00:00, run_after=2023-08-09T03:11:34.836511+00:00
[2023-08-09T03:11:34.864+0000] {processor.py:179} INFO - Processing /home/airflow/.local/lib/python3.7/site-packages/airflow/example_dags/tutorial.py took 0.108 seconds
[2023-08-09T03:12:05.172+0000] {processor.py:157} INFO - Started process (PID=229) to work on /home/airflow/.local/lib/python3.7/site-packages/airflow/example_dags/tutorial.py
[2023-08-09T03:12:05.173+0000] {processor.py:826} INFO - Processing file /home/airflow/.local/lib/python3.7/site-packages/airflow/example_dags/tutorial.py for tasks to queue
[2023-08-09T03:12:05.175+0000] {logging_mixin.py:150} INFO - [2023-08-09T03:12:05.174+0000] {dagbag.py:541} INFO - Filling up the DagBag from /home/airflow/.local/lib/python3.7/site-packages/airflow/example_dags/tutorial.py
[2023-08-09T03:12:05.180+0000] {processor.py:836} INFO - DAG(s) dict_keys(['tutorial']) retrieved from /home/airflow/.local/lib/python3.7/site-packages/airflow/example_dags/tutorial.py
[2023-08-09T03:12:05.190+0000] {logging_mixin.py:150} INFO - [2023-08-09T03:12:05.190+0000] {dag.py:2742} INFO - Sync 1 DAGs
[2023-08-09T03:12:05.225+0000] {logging_mixin.py:150} INFO - [2023-08-09T03:12:05.225+0000] {dag.py:3508} INFO - Setting next_dagrun for tutorial to 2023-08-08T03:12:05.225051+00:00, run_after=2023-08-09T03:12:05.225051+00:00
[2023-08-09T03:12:05.248+0000] {processor.py:179} INFO - Processing /home/airflow/.local/lib/python3.7/site-packages/airflow/example_dags/tutorial.py took 0.079 seconds
[2023-08-09T03:12:36.336+0000] {processor.py:157} INFO - Started process (PID=283) to work on /home/airflow/.local/lib/python3.7/site-packages/airflow/example_dags/tutorial.py
[2023-08-09T03:12:36.337+0000] {processor.py:826} INFO - Processing file /home/airflow/.local/lib/python3.7/site-packages/airflow/example_dags/tutorial.py for tasks to queue
[2023-08-09T03:12:36.339+0000] {logging_mixin.py:150} INFO - [2023-08-09T03:12:36.339+0000] {dagbag.py:541} INFO - Filling up the DagBag from /home/airflow/.local/lib/python3.7/site-packages/airflow/example_dags/tutorial.py
[2023-08-09T03:12:36.344+0000] {processor.py:836} INFO - DAG(s) dict_keys(['tutorial']) retrieved from /home/airflow/.local/lib/python3.7/site-packages/airflow/example_dags/tutorial.py
[2023-08-09T03:12:36.454+0000] {logging_mixin.py:150} INFO - [2023-08-09T03:12:36.454+0000] {dag.py:2742} INFO - Sync 1 DAGs
[2023-08-09T03:12:36.477+0000] {logging_mixin.py:150} INFO - [2023-08-09T03:12:36.477+0000] {dag.py:3508} INFO - Setting next_dagrun for tutorial to 2023-08-08T03:12:36.477089+00:00, run_after=2023-08-09T03:12:36.477089+00:00
[2023-08-09T03:12:36.495+0000] {processor.py:179} INFO - Processing /home/airflow/.local/lib/python3.7/site-packages/airflow/example_dags/tutorial.py took 0.162 seconds
[2023-08-09T03:13:06.689+0000] {processor.py:157} INFO - Started process (PID=338) to work on /home/airflow/.local/lib/python3.7/site-packages/airflow/example_dags/tutorial.py
[2023-08-09T03:13:06.690+0000] {processor.py:826} INFO - Processing file /home/airflow/.local/lib/python3.7/site-packages/airflow/example_dags/tutorial.py for tasks to queue
[2023-08-09T03:13:06.692+0000] {logging_mixin.py:150} INFO - [2023-08-09T03:13:06.692+0000] {dagbag.py:541} INFO - Filling up the DagBag from /home/airflow/.local/lib/python3.7/site-packages/airflow/example_dags/tutorial.py
[2023-08-09T03:13:06.697+0000] {processor.py:836} INFO - DAG(s) dict_keys(['tutorial']) retrieved from /home/airflow/.local/lib/python3.7/site-packages/airflow/example_dags/tutorial.py
[2023-08-09T03:13:06.716+0000] {logging_mixin.py:150} INFO - [2023-08-09T03:13:06.716+0000] {dag.py:2742} INFO - Sync 1 DAGs
[2023-08-09T03:13:06.739+0000] {logging_mixin.py:150} INFO - [2023-08-09T03:13:06.739+0000] {dag.py:3508} INFO - Setting next_dagrun for tutorial to 2023-08-08T03:13:06.738990+00:00, run_after=2023-08-09T03:13:06.738990+00:00
[2023-08-09T03:13:06.755+0000] {processor.py:179} INFO - Processing /home/airflow/.local/lib/python3.7/site-packages/airflow/example_dags/tutorial.py took 0.068 seconds
[2023-08-09T03:13:37.873+0000] {processor.py:157} INFO - Started process (PID=393) to work on /home/airflow/.local/lib/python3.7/site-packages/airflow/example_dags/tutorial.py
[2023-08-09T03:13:37.874+0000] {processor.py:826} INFO - Processing file /home/airflow/.local/lib/python3.7/site-packages/airflow/example_dags/tutorial.py for tasks to queue
[2023-08-09T03:13:37.876+0000] {logging_mixin.py:150} INFO - [2023-08-09T03:13:37.876+0000] {dagbag.py:541} INFO - Filling up the DagBag from /home/airflow/.local/lib/python3.7/site-packages/airflow/example_dags/tutorial.py
[2023-08-09T03:13:37.881+0000] {processor.py:836} INFO - DAG(s) dict_keys(['tutorial']) retrieved from /home/airflow/.local/lib/python3.7/site-packages/airflow/example_dags/tutorial.py
[2023-08-09T03:13:37.893+0000] {logging_mixin.py:150} INFO - [2023-08-09T03:13:37.892+0000] {dag.py:2742} INFO - Sync 1 DAGs
[2023-08-09T03:13:37.927+0000] {logging_mixin.py:150} INFO - [2023-08-09T03:13:37.926+0000] {dag.py:3508} INFO - Setting next_dagrun for tutorial to 2023-08-08T03:13:37.926778+00:00, run_after=2023-08-09T03:13:37.926778+00:00
[2023-08-09T03:13:37.944+0000] {processor.py:179} INFO - Processing /home/airflow/.local/lib/python3.7/site-packages/airflow/example_dags/tutorial.py took 0.074 seconds
[2023-08-09T03:14:08.240+0000] {processor.py:157} INFO - Started process (PID=448) to work on /home/airflow/.local/lib/python3.7/site-packages/airflow/example_dags/tutorial.py
[2023-08-09T03:14:08.240+0000] {processor.py:826} INFO - Processing file /home/airflow/.local/lib/python3.7/site-packages/airflow/example_dags/tutorial.py for tasks to queue
[2023-08-09T03:14:08.243+0000] {logging_mixin.py:150} INFO - [2023-08-09T03:14:08.243+0000] {dagbag.py:541} INFO - Filling up the DagBag from /home/airflow/.local/lib/python3.7/site-packages/airflow/example_dags/tutorial.py
[2023-08-09T03:14:08.249+0000] {processor.py:836} INFO - DAG(s) dict_keys(['tutorial']) retrieved from /home/airflow/.local/lib/python3.7/site-packages/airflow/example_dags/tutorial.py
[2023-08-09T03:14:08.369+0000] {logging_mixin.py:150} INFO - [2023-08-09T03:14:08.369+0000] {dag.py:2742} INFO - Sync 1 DAGs
[2023-08-09T03:14:08.399+0000] {logging_mixin.py:150} INFO - [2023-08-09T03:14:08.398+0000] {dag.py:3508} INFO - Setting next_dagrun for tutorial to 2023-08-08T03:14:08.398572+00:00, run_after=2023-08-09T03:14:08.398572+00:00
[2023-08-09T03:14:08.420+0000] {processor.py:179} INFO - Processing /home/airflow/.local/lib/python3.7/site-packages/airflow/example_dags/tutorial.py took 0.183 seconds
[2023-08-09T03:14:38.655+0000] {processor.py:157} INFO - Started process (PID=505) to work on /home/airflow/.local/lib/python3.7/site-packages/airflow/example_dags/tutorial.py
[2023-08-09T03:14:38.655+0000] {processor.py:826} INFO - Processing file /home/airflow/.local/lib/python3.7/site-packages/airflow/example_dags/tutorial.py for tasks to queue
[2023-08-09T03:14:38.658+0000] {logging_mixin.py:150} INFO - [2023-08-09T03:14:38.657+0000] {dagbag.py:541} INFO - Filling up the DagBag from /home/airflow/.local/lib/python3.7/site-packages/airflow/example_dags/tutorial.py
[2023-08-09T03:14:38.663+0000] {processor.py:836} INFO - DAG(s) dict_keys(['tutorial']) retrieved from /home/airflow/.local/lib/python3.7/site-packages/airflow/example_dags/tutorial.py
[2023-08-09T03:14:38.689+0000] {logging_mixin.py:150} INFO - [2023-08-09T03:14:38.689+0000] {dag.py:2742} INFO - Sync 1 DAGs
[2023-08-09T03:14:38.713+0000] {logging_mixin.py:150} INFO - [2023-08-09T03:14:38.713+0000] {dag.py:3508} INFO - Setting next_dagrun for tutorial to 2023-08-08T03:14:38.712918+00:00, run_after=2023-08-09T03:14:38.712918+00:00
[2023-08-09T03:14:38.730+0000] {processor.py:179} INFO - Processing /home/airflow/.local/lib/python3.7/site-packages/airflow/example_dags/tutorial.py took 0.078 seconds
[2023-08-09T03:15:08.881+0000] {processor.py:157} INFO - Started process (PID=559) to work on /home/airflow/.local/lib/python3.7/site-packages/airflow/example_dags/tutorial.py
[2023-08-09T03:15:08.882+0000] {processor.py:826} INFO - Processing file /home/airflow/.local/lib/python3.7/site-packages/airflow/example_dags/tutorial.py for tasks to queue
[2023-08-09T03:15:08.884+0000] {logging_mixin.py:150} INFO - [2023-08-09T03:15:08.884+0000] {dagbag.py:541} INFO - Filling up the DagBag from /home/airflow/.local/lib/python3.7/site-packages/airflow/example_dags/tutorial.py
[2023-08-09T03:15:08.889+0000] {processor.py:836} INFO - DAG(s) dict_keys(['tutorial']) retrieved from /home/airflow/.local/lib/python3.7/site-packages/airflow/example_dags/tutorial.py
[2023-08-09T03:15:08.901+0000] {logging_mixin.py:150} INFO - [2023-08-09T03:15:08.901+0000] {dag.py:2742} INFO - Sync 1 DAGs
[2023-08-09T03:15:08.925+0000] {logging_mixin.py:150} INFO - [2023-08-09T03:15:08.925+0000] {dag.py:3508} INFO - Setting next_dagrun for tutorial to 2023-08-08T03:15:08.925127+00:00, run_after=2023-08-09T03:15:08.925127+00:00
[2023-08-09T03:15:08.941+0000] {processor.py:179} INFO - Processing /home/airflow/.local/lib/python3.7/site-packages/airflow/example_dags/tutorial.py took 0.062 seconds
[2023-08-09T03:15:39.436+0000] {processor.py:157} INFO - Started process (PID=614) to work on /home/airflow/.local/lib/python3.7/site-packages/airflow/example_dags/tutorial.py
[2023-08-09T03:15:39.437+0000] {processor.py:826} INFO - Processing file /home/airflow/.local/lib/python3.7/site-packages/airflow/example_dags/tutorial.py for tasks to queue
[2023-08-09T03:15:39.446+0000] {logging_mixin.py:150} INFO - [2023-08-09T03:15:39.445+0000] {dagbag.py:541} INFO - Filling up the DagBag from /home/airflow/.local/lib/python3.7/site-packages/airflow/example_dags/tutorial.py
[2023-08-09T03:15:39.454+0000] {processor.py:836} INFO - DAG(s) dict_keys(['tutorial']) retrieved from /home/airflow/.local/lib/python3.7/site-packages/airflow/example_dags/tutorial.py
[2023-08-09T03:15:39.716+0000] {logging_mixin.py:150} INFO - [2023-08-09T03:15:39.716+0000] {dag.py:2742} INFO - Sync 1 DAGs
[2023-08-09T03:15:39.756+0000] {logging_mixin.py:150} INFO - [2023-08-09T03:15:39.756+0000] {dag.py:3508} INFO - Setting next_dagrun for tutorial to 2023-08-08T03:15:39.756234+00:00, run_after=2023-08-09T03:15:39.756234+00:00
[2023-08-09T03:15:39.793+0000] {processor.py:179} INFO - Processing /home/airflow/.local/lib/python3.7/site-packages/airflow/example_dags/tutorial.py took 0.367 seconds
[2023-08-09T03:16:10.139+0000] {processor.py:157} INFO - Started process (PID=669) to work on /home/airflow/.local/lib/python3.7/site-packages/airflow/example_dags/tutorial.py
[2023-08-09T03:16:10.140+0000] {processor.py:826} INFO - Processing file /home/airflow/.local/lib/python3.7/site-packages/airflow/example_dags/tutorial.py for tasks to queue
[2023-08-09T03:16:10.143+0000] {logging_mixin.py:150} INFO - [2023-08-09T03:16:10.142+0000] {dagbag.py:541} INFO - Filling up the DagBag from /home/airflow/.local/lib/python3.7/site-packages/airflow/example_dags/tutorial.py
[2023-08-09T03:16:10.148+0000] {processor.py:836} INFO - DAG(s) dict_keys(['tutorial']) retrieved from /home/airflow/.local/lib/python3.7/site-packages/airflow/example_dags/tutorial.py
[2023-08-09T03:16:10.169+0000] {logging_mixin.py:150} INFO - [2023-08-09T03:16:10.169+0000] {dag.py:2742} INFO - Sync 1 DAGs
[2023-08-09T03:16:10.195+0000] {logging_mixin.py:150} INFO - [2023-08-09T03:16:10.194+0000] {dag.py:3508} INFO - Setting next_dagrun for tutorial to 2023-08-08T03:16:10.194773+00:00, run_after=2023-08-09T03:16:10.194773+00:00
[2023-08-09T03:16:10.212+0000] {processor.py:179} INFO - Processing /home/airflow/.local/lib/python3.7/site-packages/airflow/example_dags/tutorial.py took 0.075 seconds
[2023-08-09T03:16:40.472+0000] {processor.py:157} INFO - Started process (PID=723) to work on /home/airflow/.local/lib/python3.7/site-packages/airflow/example_dags/tutorial.py
[2023-08-09T03:16:40.473+0000] {processor.py:826} INFO - Processing file /home/airflow/.local/lib/python3.7/site-packages/airflow/example_dags/tutorial.py for tasks to queue
[2023-08-09T03:16:40.477+0000] {logging_mixin.py:150} INFO - [2023-08-09T03:16:40.477+0000] {dagbag.py:541} INFO - Filling up the DagBag from /home/airflow/.local/lib/python3.7/site-packages/airflow/example_dags/tutorial.py
[2023-08-09T03:16:40.487+0000] {processor.py:836} INFO - DAG(s) dict_keys(['tutorial']) retrieved from /home/airflow/.local/lib/python3.7/site-packages/airflow/example_dags/tutorial.py
[2023-08-09T03:16:40.505+0000] {logging_mixin.py:150} INFO - [2023-08-09T03:16:40.505+0000] {dag.py:2742} INFO - Sync 1 DAGs
[2023-08-09T03:16:40.546+0000] {logging_mixin.py:150} INFO - [2023-08-09T03:16:40.546+0000] {dag.py:3508} INFO - Setting next_dagrun for tutorial to 2023-08-08T03:16:40.546174+00:00, run_after=2023-08-09T03:16:40.546174+00:00
[2023-08-09T03:16:40.571+0000] {processor.py:179} INFO - Processing /home/airflow/.local/lib/python3.7/site-packages/airflow/example_dags/tutorial.py took 0.104 seconds
[2023-08-09T03:17:10.655+0000] {processor.py:157} INFO - Started process (PID=778) to work on /home/airflow/.local/lib/python3.7/site-packages/airflow/example_dags/tutorial.py
[2023-08-09T03:17:10.656+0000] {processor.py:826} INFO - Processing file /home/airflow/.local/lib/python3.7/site-packages/airflow/example_dags/tutorial.py for tasks to queue
[2023-08-09T03:17:10.659+0000] {logging_mixin.py:150} INFO - [2023-08-09T03:17:10.658+0000] {dagbag.py:541} INFO - Filling up the DagBag from /home/airflow/.local/lib/python3.7/site-packages/airflow/example_dags/tutorial.py
[2023-08-09T03:17:10.669+0000] {processor.py:836} INFO - DAG(s) dict_keys(['tutorial']) retrieved from /home/airflow/.local/lib/python3.7/site-packages/airflow/example_dags/tutorial.py
[2023-08-09T03:17:10.806+0000] {logging_mixin.py:150} INFO - [2023-08-09T03:17:10.806+0000] {dag.py:2742} INFO - Sync 1 DAGs
[2023-08-09T03:17:10.826+0000] {logging_mixin.py:150} INFO - [2023-08-09T03:17:10.826+0000] {dag.py:3508} INFO - Setting next_dagrun for tutorial to 2023-08-08T03:17:10.826111+00:00, run_after=2023-08-09T03:17:10.826111+00:00
[2023-08-09T03:17:10.845+0000] {processor.py:179} INFO - Processing /home/airflow/.local/lib/python3.7/site-packages/airflow/example_dags/tutorial.py took 0.195 seconds
[2023-08-09T03:17:41.207+0000] {processor.py:157} INFO - Started process (PID=834) to work on /home/airflow/.local/lib/python3.7/site-packages/airflow/example_dags/tutorial.py
[2023-08-09T03:17:41.208+0000] {processor.py:826} INFO - Processing file /home/airflow/.local/lib/python3.7/site-packages/airflow/example_dags/tutorial.py for tasks to queue
[2023-08-09T03:17:41.211+0000] {logging_mixin.py:150} INFO - [2023-08-09T03:17:41.210+0000] {dagbag.py:541} INFO - Filling up the DagBag from /home/airflow/.local/lib/python3.7/site-packages/airflow/example_dags/tutorial.py
[2023-08-09T03:17:41.223+0000] {processor.py:836} INFO - DAG(s) dict_keys(['tutorial']) retrieved from /home/airflow/.local/lib/python3.7/site-packages/airflow/example_dags/tutorial.py
[2023-08-09T03:17:41.268+0000] {logging_mixin.py:150} INFO - [2023-08-09T03:17:41.267+0000] {dag.py:2742} INFO - Sync 1 DAGs
[2023-08-09T03:17:41.300+0000] {logging_mixin.py:150} INFO - [2023-08-09T03:17:41.300+0000] {dag.py:3508} INFO - Setting next_dagrun for tutorial to 2023-08-08T03:17:41.300064+00:00, run_after=2023-08-09T03:17:41.300064+00:00
[2023-08-09T03:17:41.318+0000] {processor.py:179} INFO - Processing /home/airflow/.local/lib/python3.7/site-packages/airflow/example_dags/tutorial.py took 0.116 seconds
[2023-08-09T03:18:11.466+0000] {processor.py:157} INFO - Started process (PID=888) to work on /home/airflow/.local/lib/python3.7/site-packages/airflow/example_dags/tutorial.py
[2023-08-09T03:18:11.467+0000] {processor.py:826} INFO - Processing file /home/airflow/.local/lib/python3.7/site-packages/airflow/example_dags/tutorial.py for tasks to queue
[2023-08-09T03:18:11.470+0000] {logging_mixin.py:150} INFO - [2023-08-09T03:18:11.470+0000] {dagbag.py:541} INFO - Filling up the DagBag from /home/airflow/.local/lib/python3.7/site-packages/airflow/example_dags/tutorial.py
[2023-08-09T03:18:11.475+0000] {processor.py:836} INFO - DAG(s) dict_keys(['tutorial']) retrieved from /home/airflow/.local/lib/python3.7/site-packages/airflow/example_dags/tutorial.py
[2023-08-09T03:18:11.485+0000] {logging_mixin.py:150} INFO - [2023-08-09T03:18:11.485+0000] {dag.py:2742} INFO - Sync 1 DAGs
[2023-08-09T03:18:11.509+0000] {logging_mixin.py:150} INFO - [2023-08-09T03:18:11.509+0000] {dag.py:3508} INFO - Setting next_dagrun for tutorial to 2023-08-08T03:18:11.508941+00:00, run_after=2023-08-09T03:18:11.508941+00:00
[2023-08-09T03:18:11.525+0000] {processor.py:179} INFO - Processing /home/airflow/.local/lib/python3.7/site-packages/airflow/example_dags/tutorial.py took 0.061 seconds
[2023-08-09T03:18:41.987+0000] {processor.py:157} INFO - Started process (PID=944) to work on /home/airflow/.local/lib/python3.7/site-packages/airflow/example_dags/tutorial.py
[2023-08-09T03:18:41.988+0000] {processor.py:826} INFO - Processing file /home/airflow/.local/lib/python3.7/site-packages/airflow/example_dags/tutorial.py for tasks to queue
[2023-08-09T03:18:41.990+0000] {logging_mixin.py:150} INFO - [2023-08-09T03:18:41.989+0000] {dagbag.py:541} INFO - Filling up the DagBag from /home/airflow/.local/lib/python3.7/site-packages/airflow/example_dags/tutorial.py
[2023-08-09T03:18:41.994+0000] {processor.py:836} INFO - DAG(s) dict_keys(['tutorial']) retrieved from /home/airflow/.local/lib/python3.7/site-packages/airflow/example_dags/tutorial.py
[2023-08-09T03:18:42.119+0000] {logging_mixin.py:150} INFO - [2023-08-09T03:18:42.119+0000] {dag.py:2742} INFO - Sync 1 DAGs
[2023-08-09T03:18:42.145+0000] {logging_mixin.py:150} INFO - [2023-08-09T03:18:42.145+0000] {dag.py:3508} INFO - Setting next_dagrun for tutorial to 2023-08-08T03:18:42.145312+00:00, run_after=2023-08-09T03:18:42.145312+00:00
[2023-08-09T03:18:42.169+0000] {processor.py:179} INFO - Processing /home/airflow/.local/lib/python3.7/site-packages/airflow/example_dags/tutorial.py took 0.186 seconds
[2023-08-09T03:19:12.248+0000] {processor.py:157} INFO - Started process (PID=998) to work on /home/airflow/.local/lib/python3.7/site-packages/airflow/example_dags/tutorial.py
[2023-08-09T03:19:12.250+0000] {processor.py:826} INFO - Processing file /home/airflow/.local/lib/python3.7/site-packages/airflow/example_dags/tutorial.py for tasks to queue
[2023-08-09T03:19:12.254+0000] {logging_mixin.py:150} INFO - [2023-08-09T03:19:12.254+0000] {dagbag.py:541} INFO - Filling up the DagBag from /home/airflow/.local/lib/python3.7/site-packages/airflow/example_dags/tutorial.py
[2023-08-09T03:19:12.264+0000] {processor.py:836} INFO - DAG(s) dict_keys(['tutorial']) retrieved from /home/airflow/.local/lib/python3.7/site-packages/airflow/example_dags/tutorial.py
[2023-08-09T03:19:12.303+0000] {logging_mixin.py:150} INFO - [2023-08-09T03:19:12.303+0000] {dag.py:2742} INFO - Sync 1 DAGs
[2023-08-09T03:19:12.348+0000] {logging_mixin.py:150} INFO - [2023-08-09T03:19:12.348+0000] {dag.py:3508} INFO - Setting next_dagrun for tutorial to 2023-08-08T03:19:12.347502+00:00, run_after=2023-08-09T03:19:12.347502+00:00
[2023-08-09T03:19:12.381+0000] {processor.py:179} INFO - Processing /home/airflow/.local/lib/python3.7/site-packages/airflow/example_dags/tutorial.py took 0.138 seconds
[2023-08-09T03:19:42.613+0000] {processor.py:157} INFO - Started process (PID=1053) to work on /home/airflow/.local/lib/python3.7/site-packages/airflow/example_dags/tutorial.py
[2023-08-09T03:19:42.614+0000] {processor.py:826} INFO - Processing file /home/airflow/.local/lib/python3.7/site-packages/airflow/example_dags/tutorial.py for tasks to queue
[2023-08-09T03:19:42.616+0000] {logging_mixin.py:150} INFO - [2023-08-09T03:19:42.616+0000] {dagbag.py:541} INFO - Filling up the DagBag from /home/airflow/.local/lib/python3.7/site-packages/airflow/example_dags/tutorial.py
[2023-08-09T03:19:42.624+0000] {processor.py:836} INFO - DAG(s) dict_keys(['tutorial']) retrieved from /home/airflow/.local/lib/python3.7/site-packages/airflow/example_dags/tutorial.py
[2023-08-09T03:19:42.636+0000] {logging_mixin.py:150} INFO - [2023-08-09T03:19:42.636+0000] {dag.py:2742} INFO - Sync 1 DAGs
[2023-08-09T03:19:42.672+0000] {logging_mixin.py:150} INFO - [2023-08-09T03:19:42.672+0000] {dag.py:3508} INFO - Setting next_dagrun for tutorial to 2023-08-08T03:19:42.671716+00:00, run_after=2023-08-09T03:19:42.671716+00:00
[2023-08-09T03:19:42.695+0000] {processor.py:179} INFO - Processing /home/airflow/.local/lib/python3.7/site-packages/airflow/example_dags/tutorial.py took 0.085 seconds
[2023-08-09T03:20:13.489+0000] {processor.py:157} INFO - Started process (PID=1109) to work on /home/airflow/.local/lib/python3.7/site-packages/airflow/example_dags/tutorial.py
[2023-08-09T03:20:13.490+0000] {processor.py:826} INFO - Processing file /home/airflow/.local/lib/python3.7/site-packages/airflow/example_dags/tutorial.py for tasks to queue
[2023-08-09T03:20:13.492+0000] {logging_mixin.py:150} INFO - [2023-08-09T03:20:13.492+0000] {dagbag.py:541} INFO - Filling up the DagBag from /home/airflow/.local/lib/python3.7/site-packages/airflow/example_dags/tutorial.py
[2023-08-09T03:20:13.497+0000] {processor.py:836} INFO - DAG(s) dict_keys(['tutorial']) retrieved from /home/airflow/.local/lib/python3.7/site-packages/airflow/example_dags/tutorial.py
[2023-08-09T03:20:13.625+0000] {logging_mixin.py:150} INFO - [2023-08-09T03:20:13.624+0000] {dag.py:2742} INFO - Sync 1 DAGs
[2023-08-09T03:20:13.648+0000] {logging_mixin.py:150} INFO - [2023-08-09T03:20:13.648+0000] {dag.py:3508} INFO - Setting next_dagrun for tutorial to 2023-08-08T03:20:13.647873+00:00, run_after=2023-08-09T03:20:13.647873+00:00
[2023-08-09T03:20:13.670+0000] {processor.py:179} INFO - Processing /home/airflow/.local/lib/python3.7/site-packages/airflow/example_dags/tutorial.py took 0.184 seconds
[2023-08-09T03:20:44.399+0000] {processor.py:157} INFO - Started process (PID=1164) to work on /home/airflow/.local/lib/python3.7/site-packages/airflow/example_dags/tutorial.py
[2023-08-09T03:20:44.399+0000] {processor.py:826} INFO - Processing file /home/airflow/.local/lib/python3.7/site-packages/airflow/example_dags/tutorial.py for tasks to queue
[2023-08-09T03:20:44.401+0000] {logging_mixin.py:150} INFO - [2023-08-09T03:20:44.401+0000] {dagbag.py:541} INFO - Filling up the DagBag from /home/airflow/.local/lib/python3.7/site-packages/airflow/example_dags/tutorial.py
[2023-08-09T03:20:44.406+0000] {processor.py:836} INFO - DAG(s) dict_keys(['tutorial']) retrieved from /home/airflow/.local/lib/python3.7/site-packages/airflow/example_dags/tutorial.py
[2023-08-09T03:20:44.426+0000] {logging_mixin.py:150} INFO - [2023-08-09T03:20:44.426+0000] {dag.py:2742} INFO - Sync 1 DAGs
[2023-08-09T03:20:44.451+0000] {logging_mixin.py:150} INFO - [2023-08-09T03:20:44.451+0000] {dag.py:3508} INFO - Setting next_dagrun for tutorial to 2023-08-08T03:20:44.451245+00:00, run_after=2023-08-09T03:20:44.451245+00:00
[2023-08-09T03:20:44.472+0000] {processor.py:179} INFO - Processing /home/airflow/.local/lib/python3.7/site-packages/airflow/example_dags/tutorial.py took 0.076 seconds
[2023-08-09T03:21:14.729+0000] {processor.py:157} INFO - Started process (PID=1219) to work on /home/airflow/.local/lib/python3.7/site-packages/airflow/example_dags/tutorial.py
[2023-08-09T03:21:14.731+0000] {processor.py:826} INFO - Processing file /home/airflow/.local/lib/python3.7/site-packages/airflow/example_dags/tutorial.py for tasks to queue
[2023-08-09T03:21:14.735+0000] {logging_mixin.py:150} INFO - [2023-08-09T03:21:14.734+0000] {dagbag.py:541} INFO - Filling up the DagBag from /home/airflow/.local/lib/python3.7/site-packages/airflow/example_dags/tutorial.py
[2023-08-09T03:21:14.747+0000] {processor.py:836} INFO - DAG(s) dict_keys(['tutorial']) retrieved from /home/airflow/.local/lib/python3.7/site-packages/airflow/example_dags/tutorial.py
[2023-08-09T03:21:14.765+0000] {logging_mixin.py:150} INFO - [2023-08-09T03:21:14.765+0000] {dag.py:2742} INFO - Sync 1 DAGs
[2023-08-09T03:21:14.792+0000] {logging_mixin.py:150} INFO - [2023-08-09T03:21:14.792+0000] {dag.py:3508} INFO - Setting next_dagrun for tutorial to 2023-08-08T03:21:14.791844+00:00, run_after=2023-08-09T03:21:14.791844+00:00
[2023-08-09T03:21:14.810+0000] {processor.py:179} INFO - Processing /home/airflow/.local/lib/python3.7/site-packages/airflow/example_dags/tutorial.py took 0.086 seconds
[2023-08-09T03:21:44.964+0000] {processor.py:157} INFO - Started process (PID=1273) to work on /home/airflow/.local/lib/python3.7/site-packages/airflow/example_dags/tutorial.py
[2023-08-09T03:21:44.965+0000] {processor.py:826} INFO - Processing file /home/airflow/.local/lib/python3.7/site-packages/airflow/example_dags/tutorial.py for tasks to queue
[2023-08-09T03:21:44.967+0000] {logging_mixin.py:150} INFO - [2023-08-09T03:21:44.967+0000] {dagbag.py:541} INFO - Filling up the DagBag from /home/airflow/.local/lib/python3.7/site-packages/airflow/example_dags/tutorial.py
[2023-08-09T03:21:44.973+0000] {processor.py:836} INFO - DAG(s) dict_keys(['tutorial']) retrieved from /home/airflow/.local/lib/python3.7/site-packages/airflow/example_dags/tutorial.py
[2023-08-09T03:21:45.078+0000] {logging_mixin.py:150} INFO - [2023-08-09T03:21:45.078+0000] {dag.py:2742} INFO - Sync 1 DAGs
[2023-08-09T03:21:45.098+0000] {logging_mixin.py:150} INFO - [2023-08-09T03:21:45.098+0000] {dag.py:3508} INFO - Setting next_dagrun for tutorial to 2023-08-08T03:21:45.098220+00:00, run_after=2023-08-09T03:21:45.098220+00:00
[2023-08-09T03:21:45.116+0000] {processor.py:179} INFO - Processing /home/airflow/.local/lib/python3.7/site-packages/airflow/example_dags/tutorial.py took 0.154 seconds
[2023-08-09T03:22:15.200+0000] {processor.py:157} INFO - Started process (PID=1328) to work on /home/airflow/.local/lib/python3.7/site-packages/airflow/example_dags/tutorial.py
[2023-08-09T03:22:15.201+0000] {processor.py:826} INFO - Processing file /home/airflow/.local/lib/python3.7/site-packages/airflow/example_dags/tutorial.py for tasks to queue
[2023-08-09T03:22:15.202+0000] {logging_mixin.py:150} INFO - [2023-08-09T03:22:15.202+0000] {dagbag.py:541} INFO - Filling up the DagBag from /home/airflow/.local/lib/python3.7/site-packages/airflow/example_dags/tutorial.py
[2023-08-09T03:22:15.208+0000] {processor.py:836} INFO - DAG(s) dict_keys(['tutorial']) retrieved from /home/airflow/.local/lib/python3.7/site-packages/airflow/example_dags/tutorial.py
[2023-08-09T03:22:15.227+0000] {logging_mixin.py:150} INFO - [2023-08-09T03:22:15.227+0000] {dag.py:2742} INFO - Sync 1 DAGs
[2023-08-09T03:22:15.250+0000] {logging_mixin.py:150} INFO - [2023-08-09T03:22:15.250+0000] {dag.py:3508} INFO - Setting next_dagrun for tutorial to 2023-08-08T03:22:15.250456+00:00, run_after=2023-08-09T03:22:15.250456+00:00
[2023-08-09T03:22:15.266+0000] {processor.py:179} INFO - Processing /home/airflow/.local/lib/python3.7/site-packages/airflow/example_dags/tutorial.py took 0.069 seconds
[2023-08-09T03:22:45.355+0000] {processor.py:157} INFO - Started process (PID=1382) to work on /home/airflow/.local/lib/python3.7/site-packages/airflow/example_dags/tutorial.py
[2023-08-09T03:22:45.356+0000] {processor.py:826} INFO - Processing file /home/airflow/.local/lib/python3.7/site-packages/airflow/example_dags/tutorial.py for tasks to queue
[2023-08-09T03:22:45.360+0000] {logging_mixin.py:150} INFO - [2023-08-09T03:22:45.359+0000] {dagbag.py:541} INFO - Filling up the DagBag from /home/airflow/.local/lib/python3.7/site-packages/airflow/example_dags/tutorial.py
[2023-08-09T03:22:45.370+0000] {processor.py:836} INFO - DAG(s) dict_keys(['tutorial']) retrieved from /home/airflow/.local/lib/python3.7/site-packages/airflow/example_dags/tutorial.py
[2023-08-09T03:22:45.390+0000] {logging_mixin.py:150} INFO - [2023-08-09T03:22:45.390+0000] {dag.py:2742} INFO - Sync 1 DAGs
[2023-08-09T03:22:45.433+0000] {logging_mixin.py:150} INFO - [2023-08-09T03:22:45.432+0000] {dag.py:3508} INFO - Setting next_dagrun for tutorial to 2023-08-08T03:22:45.432579+00:00, run_after=2023-08-09T03:22:45.432579+00:00
[2023-08-09T03:22:45.458+0000] {processor.py:179} INFO - Processing /home/airflow/.local/lib/python3.7/site-packages/airflow/example_dags/tutorial.py took 0.108 seconds
[2023-08-09T03:23:15.577+0000] {processor.py:157} INFO - Started process (PID=1437) to work on /home/airflow/.local/lib/python3.7/site-packages/airflow/example_dags/tutorial.py
[2023-08-09T03:23:15.578+0000] {processor.py:826} INFO - Processing file /home/airflow/.local/lib/python3.7/site-packages/airflow/example_dags/tutorial.py for tasks to queue
[2023-08-09T03:23:15.580+0000] {logging_mixin.py:150} INFO - [2023-08-09T03:23:15.580+0000] {dagbag.py:541} INFO - Filling up the DagBag from /home/airflow/.local/lib/python3.7/site-packages/airflow/example_dags/tutorial.py
[2023-08-09T03:23:15.585+0000] {processor.py:836} INFO - DAG(s) dict_keys(['tutorial']) retrieved from /home/airflow/.local/lib/python3.7/site-packages/airflow/example_dags/tutorial.py
[2023-08-09T03:23:15.718+0000] {logging_mixin.py:150} INFO - [2023-08-09T03:23:15.718+0000] {dag.py:2742} INFO - Sync 1 DAGs
[2023-08-09T03:23:15.746+0000] {logging_mixin.py:150} INFO - [2023-08-09T03:23:15.746+0000] {dag.py:3508} INFO - Setting next_dagrun for tutorial to 2023-08-08T03:23:15.745906+00:00, run_after=2023-08-09T03:23:15.745906+00:00
[2023-08-09T03:23:15.766+0000] {processor.py:179} INFO - Processing /home/airflow/.local/lib/python3.7/site-packages/airflow/example_dags/tutorial.py took 0.191 seconds
[2023-08-09T03:23:45.799+0000] {processor.py:157} INFO - Started process (PID=1492) to work on /home/airflow/.local/lib/python3.7/site-packages/airflow/example_dags/tutorial.py
[2023-08-09T03:23:45.800+0000] {processor.py:826} INFO - Processing file /home/airflow/.local/lib/python3.7/site-packages/airflow/example_dags/tutorial.py for tasks to queue
[2023-08-09T03:23:45.805+0000] {logging_mixin.py:150} INFO - [2023-08-09T03:23:45.804+0000] {dagbag.py:541} INFO - Filling up the DagBag from /home/airflow/.local/lib/python3.7/site-packages/airflow/example_dags/tutorial.py
[2023-08-09T03:23:45.818+0000] {processor.py:836} INFO - DAG(s) dict_keys(['tutorial']) retrieved from /home/airflow/.local/lib/python3.7/site-packages/airflow/example_dags/tutorial.py
[2023-08-09T03:23:45.859+0000] {logging_mixin.py:150} INFO - [2023-08-09T03:23:45.859+0000] {dag.py:2742} INFO - Sync 1 DAGs
[2023-08-09T03:23:45.906+0000] {logging_mixin.py:150} INFO - [2023-08-09T03:23:45.906+0000] {dag.py:3508} INFO - Setting next_dagrun for tutorial to 2023-08-08T03:23:45.905587+00:00, run_after=2023-08-09T03:23:45.905587+00:00
[2023-08-09T03:23:45.961+0000] {processor.py:179} INFO - Processing /home/airflow/.local/lib/python3.7/site-packages/airflow/example_dags/tutorial.py took 0.167 seconds
[2023-08-09T03:24:16.101+0000] {processor.py:157} INFO - Started process (PID=1547) to work on /home/airflow/.local/lib/python3.7/site-packages/airflow/example_dags/tutorial.py
[2023-08-09T03:24:16.102+0000] {processor.py:826} INFO - Processing file /home/airflow/.local/lib/python3.7/site-packages/airflow/example_dags/tutorial.py for tasks to queue
[2023-08-09T03:24:16.104+0000] {logging_mixin.py:150} INFO - [2023-08-09T03:24:16.104+0000] {dagbag.py:541} INFO - Filling up the DagBag from /home/airflow/.local/lib/python3.7/site-packages/airflow/example_dags/tutorial.py
[2023-08-09T03:24:16.109+0000] {processor.py:836} INFO - DAG(s) dict_keys(['tutorial']) retrieved from /home/airflow/.local/lib/python3.7/site-packages/airflow/example_dags/tutorial.py
[2023-08-09T03:24:16.121+0000] {logging_mixin.py:150} INFO - [2023-08-09T03:24:16.121+0000] {dag.py:2742} INFO - Sync 1 DAGs
[2023-08-09T03:24:16.156+0000] {logging_mixin.py:150} INFO - [2023-08-09T03:24:16.156+0000] {dag.py:3508} INFO - Setting next_dagrun for tutorial to 2023-08-08T03:24:16.155781+00:00, run_after=2023-08-09T03:24:16.155781+00:00
[2023-08-09T03:24:16.181+0000] {processor.py:179} INFO - Processing /home/airflow/.local/lib/python3.7/site-packages/airflow/example_dags/tutorial.py took 0.083 seconds
[2023-08-09T03:24:46.379+0000] {processor.py:157} INFO - Started process (PID=1602) to work on /home/airflow/.local/lib/python3.7/site-packages/airflow/example_dags/tutorial.py
[2023-08-09T03:24:46.382+0000] {processor.py:826} INFO - Processing file /home/airflow/.local/lib/python3.7/site-packages/airflow/example_dags/tutorial.py for tasks to queue
[2023-08-09T03:24:46.385+0000] {logging_mixin.py:150} INFO - [2023-08-09T03:24:46.385+0000] {dagbag.py:541} INFO - Filling up the DagBag from /home/airflow/.local/lib/python3.7/site-packages/airflow/example_dags/tutorial.py
[2023-08-09T03:24:46.392+0000] {processor.py:836} INFO - DAG(s) dict_keys(['tutorial']) retrieved from /home/airflow/.local/lib/python3.7/site-packages/airflow/example_dags/tutorial.py
[2023-08-09T03:24:46.502+0000] {logging_mixin.py:150} INFO - [2023-08-09T03:24:46.501+0000] {dag.py:2742} INFO - Sync 1 DAGs
[2023-08-09T03:24:46.522+0000] {logging_mixin.py:150} INFO - [2023-08-09T03:24:46.521+0000] {dag.py:3508} INFO - Setting next_dagrun for tutorial to 2023-08-08T03:24:46.521804+00:00, run_after=2023-08-09T03:24:46.521804+00:00
[2023-08-09T03:24:46.540+0000] {processor.py:179} INFO - Processing /home/airflow/.local/lib/python3.7/site-packages/airflow/example_dags/tutorial.py took 0.164 seconds
[2023-08-09T03:25:16.617+0000] {processor.py:157} INFO - Started process (PID=1656) to work on /home/airflow/.local/lib/python3.7/site-packages/airflow/example_dags/tutorial.py
[2023-08-09T03:25:16.618+0000] {processor.py:826} INFO - Processing file /home/airflow/.local/lib/python3.7/site-packages/airflow/example_dags/tutorial.py for tasks to queue
[2023-08-09T03:25:16.620+0000] {logging_mixin.py:150} INFO - [2023-08-09T03:25:16.620+0000] {dagbag.py:541} INFO - Filling up the DagBag from /home/airflow/.local/lib/python3.7/site-packages/airflow/example_dags/tutorial.py
[2023-08-09T03:25:16.626+0000] {processor.py:836} INFO - DAG(s) dict_keys(['tutorial']) retrieved from /home/airflow/.local/lib/python3.7/site-packages/airflow/example_dags/tutorial.py
[2023-08-09T03:25:16.649+0000] {logging_mixin.py:150} INFO - [2023-08-09T03:25:16.649+0000] {dag.py:2742} INFO - Sync 1 DAGs
[2023-08-09T03:25:16.689+0000] {logging_mixin.py:150} INFO - [2023-08-09T03:25:16.689+0000] {dag.py:3508} INFO - Setting next_dagrun for tutorial to 2023-08-08T03:25:16.689122+00:00, run_after=2023-08-09T03:25:16.689122+00:00
[2023-08-09T03:25:16.712+0000] {processor.py:179} INFO - Processing /home/airflow/.local/lib/python3.7/site-packages/airflow/example_dags/tutorial.py took 0.098 seconds
[2023-08-09T03:25:46.885+0000] {processor.py:157} INFO - Started process (PID=1711) to work on /home/airflow/.local/lib/python3.7/site-packages/airflow/example_dags/tutorial.py
[2023-08-09T03:25:46.886+0000] {processor.py:826} INFO - Processing file /home/airflow/.local/lib/python3.7/site-packages/airflow/example_dags/tutorial.py for tasks to queue
[2023-08-09T03:25:46.889+0000] {logging_mixin.py:150} INFO - [2023-08-09T03:25:46.889+0000] {dagbag.py:541} INFO - Filling up the DagBag from /home/airflow/.local/lib/python3.7/site-packages/airflow/example_dags/tutorial.py
[2023-08-09T03:25:46.897+0000] {processor.py:836} INFO - DAG(s) dict_keys(['tutorial']) retrieved from /home/airflow/.local/lib/python3.7/site-packages/airflow/example_dags/tutorial.py
[2023-08-09T03:25:46.919+0000] {logging_mixin.py:150} INFO - [2023-08-09T03:25:46.919+0000] {dag.py:2742} INFO - Sync 1 DAGs
[2023-08-09T03:25:46.955+0000] {logging_mixin.py:150} INFO - [2023-08-09T03:25:46.955+0000] {dag.py:3508} INFO - Setting next_dagrun for tutorial to 2023-08-08T03:25:46.955259+00:00, run_after=2023-08-09T03:25:46.955259+00:00
[2023-08-09T03:25:46.980+0000] {processor.py:179} INFO - Processing /home/airflow/.local/lib/python3.7/site-packages/airflow/example_dags/tutorial.py took 0.099 seconds
[2023-08-09T03:26:17.286+0000] {processor.py:157} INFO - Started process (PID=1765) to work on /home/airflow/.local/lib/python3.7/site-packages/airflow/example_dags/tutorial.py
[2023-08-09T03:26:17.287+0000] {processor.py:826} INFO - Processing file /home/airflow/.local/lib/python3.7/site-packages/airflow/example_dags/tutorial.py for tasks to queue
[2023-08-09T03:26:17.288+0000] {logging_mixin.py:150} INFO - [2023-08-09T03:26:17.288+0000] {dagbag.py:541} INFO - Filling up the DagBag from /home/airflow/.local/lib/python3.7/site-packages/airflow/example_dags/tutorial.py
[2023-08-09T03:26:17.294+0000] {processor.py:836} INFO - DAG(s) dict_keys(['tutorial']) retrieved from /home/airflow/.local/lib/python3.7/site-packages/airflow/example_dags/tutorial.py
[2023-08-09T03:26:17.406+0000] {logging_mixin.py:150} INFO - [2023-08-09T03:26:17.406+0000] {dag.py:2742} INFO - Sync 1 DAGs
[2023-08-09T03:26:17.427+0000] {logging_mixin.py:150} INFO - [2023-08-09T03:26:17.427+0000] {dag.py:3508} INFO - Setting next_dagrun for tutorial to 2023-08-08T03:26:17.427223+00:00, run_after=2023-08-09T03:26:17.427223+00:00
[2023-08-09T03:26:17.444+0000] {processor.py:179} INFO - Processing /home/airflow/.local/lib/python3.7/site-packages/airflow/example_dags/tutorial.py took 0.160 seconds
[2023-08-09T03:26:48.324+0000] {processor.py:157} INFO - Started process (PID=1820) to work on /home/airflow/.local/lib/python3.7/site-packages/airflow/example_dags/tutorial.py
[2023-08-09T03:26:48.325+0000] {processor.py:826} INFO - Processing file /home/airflow/.local/lib/python3.7/site-packages/airflow/example_dags/tutorial.py for tasks to queue
[2023-08-09T03:26:48.327+0000] {logging_mixin.py:150} INFO - [2023-08-09T03:26:48.327+0000] {dagbag.py:541} INFO - Filling up the DagBag from /home/airflow/.local/lib/python3.7/site-packages/airflow/example_dags/tutorial.py
[2023-08-09T03:26:48.333+0000] {processor.py:836} INFO - DAG(s) dict_keys(['tutorial']) retrieved from /home/airflow/.local/lib/python3.7/site-packages/airflow/example_dags/tutorial.py
[2023-08-09T03:26:48.355+0000] {logging_mixin.py:150} INFO - [2023-08-09T03:26:48.355+0000] {dag.py:2742} INFO - Sync 1 DAGs
[2023-08-09T03:26:48.377+0000] {logging_mixin.py:150} INFO - [2023-08-09T03:26:48.377+0000] {dag.py:3508} INFO - Setting next_dagrun for tutorial to 2023-08-08T03:26:48.377129+00:00, run_after=2023-08-09T03:26:48.377129+00:00
[2023-08-09T03:26:48.393+0000] {processor.py:179} INFO - Processing /home/airflow/.local/lib/python3.7/site-packages/airflow/example_dags/tutorial.py took 0.072 seconds
[2023-08-09T03:27:18.580+0000] {processor.py:157} INFO - Started process (PID=1874) to work on /home/airflow/.local/lib/python3.7/site-packages/airflow/example_dags/tutorial.py
[2023-08-09T03:27:18.582+0000] {processor.py:826} INFO - Processing file /home/airflow/.local/lib/python3.7/site-packages/airflow/example_dags/tutorial.py for tasks to queue
[2023-08-09T03:27:18.585+0000] {logging_mixin.py:150} INFO - [2023-08-09T03:27:18.585+0000] {dagbag.py:541} INFO - Filling up the DagBag from /home/airflow/.local/lib/python3.7/site-packages/airflow/example_dags/tutorial.py
[2023-08-09T03:27:18.596+0000] {processor.py:836} INFO - DAG(s) dict_keys(['tutorial']) retrieved from /home/airflow/.local/lib/python3.7/site-packages/airflow/example_dags/tutorial.py
[2023-08-09T03:27:18.623+0000] {logging_mixin.py:150} INFO - [2023-08-09T03:27:18.623+0000] {dag.py:2742} INFO - Sync 1 DAGs
[2023-08-09T03:27:18.684+0000] {logging_mixin.py:150} INFO - [2023-08-09T03:27:18.684+0000] {dag.py:3508} INFO - Setting next_dagrun for tutorial to 2023-08-08T03:27:18.684312+00:00, run_after=2023-08-09T03:27:18.684312+00:00
[2023-08-09T03:27:18.715+0000] {processor.py:179} INFO - Processing /home/airflow/.local/lib/python3.7/site-packages/airflow/example_dags/tutorial.py took 0.140 seconds
[2023-08-09T03:27:48.985+0000] {processor.py:157} INFO - Started process (PID=1929) to work on /home/airflow/.local/lib/python3.7/site-packages/airflow/example_dags/tutorial.py
[2023-08-09T03:27:48.986+0000] {processor.py:826} INFO - Processing file /home/airflow/.local/lib/python3.7/site-packages/airflow/example_dags/tutorial.py for tasks to queue
[2023-08-09T03:27:48.988+0000] {logging_mixin.py:150} INFO - [2023-08-09T03:27:48.988+0000] {dagbag.py:541} INFO - Filling up the DagBag from /home/airflow/.local/lib/python3.7/site-packages/airflow/example_dags/tutorial.py
[2023-08-09T03:27:48.994+0000] {processor.py:836} INFO - DAG(s) dict_keys(['tutorial']) retrieved from /home/airflow/.local/lib/python3.7/site-packages/airflow/example_dags/tutorial.py
[2023-08-09T03:27:49.103+0000] {logging_mixin.py:150} INFO - [2023-08-09T03:27:49.103+0000] {dag.py:2742} INFO - Sync 1 DAGs
[2023-08-09T03:27:49.133+0000] {logging_mixin.py:150} INFO - [2023-08-09T03:27:49.132+0000] {dag.py:3508} INFO - Setting next_dagrun for tutorial to 2023-08-08T03:27:49.132558+00:00, run_after=2023-08-09T03:27:49.132558+00:00
[2023-08-09T03:27:49.151+0000] {processor.py:179} INFO - Processing /home/airflow/.local/lib/python3.7/site-packages/airflow/example_dags/tutorial.py took 0.170 seconds
[2023-08-09T03:28:19.288+0000] {processor.py:157} INFO - Started process (PID=1984) to work on /home/airflow/.local/lib/python3.7/site-packages/airflow/example_dags/tutorial.py
[2023-08-09T03:28:19.289+0000] {processor.py:826} INFO - Processing file /home/airflow/.local/lib/python3.7/site-packages/airflow/example_dags/tutorial.py for tasks to queue
[2023-08-09T03:28:19.293+0000] {logging_mixin.py:150} INFO - [2023-08-09T03:28:19.293+0000] {dagbag.py:541} INFO - Filling up the DagBag from /home/airflow/.local/lib/python3.7/site-packages/airflow/example_dags/tutorial.py
[2023-08-09T03:28:19.304+0000] {processor.py:836} INFO - DAG(s) dict_keys(['tutorial']) retrieved from /home/airflow/.local/lib/python3.7/site-packages/airflow/example_dags/tutorial.py
[2023-08-09T03:28:19.333+0000] {logging_mixin.py:150} INFO - [2023-08-09T03:28:19.333+0000] {dag.py:2742} INFO - Sync 1 DAGs
[2023-08-09T03:28:19.372+0000] {logging_mixin.py:150} INFO - [2023-08-09T03:28:19.371+0000] {dag.py:3508} INFO - Setting next_dagrun for tutorial to 2023-08-08T03:28:19.371483+00:00, run_after=2023-08-09T03:28:19.371483+00:00
[2023-08-09T03:28:19.402+0000] {processor.py:179} INFO - Processing /home/airflow/.local/lib/python3.7/site-packages/airflow/example_dags/tutorial.py took 0.119 seconds
[2023-08-09T03:28:49.552+0000] {processor.py:157} INFO - Started process (PID=2040) to work on /home/airflow/.local/lib/python3.7/site-packages/airflow/example_dags/tutorial.py
[2023-08-09T03:28:49.553+0000] {processor.py:826} INFO - Processing file /home/airflow/.local/lib/python3.7/site-packages/airflow/example_dags/tutorial.py for tasks to queue
[2023-08-09T03:28:49.555+0000] {logging_mixin.py:150} INFO - [2023-08-09T03:28:49.554+0000] {dagbag.py:541} INFO - Filling up the DagBag from /home/airflow/.local/lib/python3.7/site-packages/airflow/example_dags/tutorial.py
[2023-08-09T03:28:49.561+0000] {processor.py:836} INFO - DAG(s) dict_keys(['tutorial']) retrieved from /home/airflow/.local/lib/python3.7/site-packages/airflow/example_dags/tutorial.py
[2023-08-09T03:28:49.571+0000] {logging_mixin.py:150} INFO - [2023-08-09T03:28:49.571+0000] {dag.py:2742} INFO - Sync 1 DAGs
[2023-08-09T03:28:49.597+0000] {logging_mixin.py:150} INFO - [2023-08-09T03:28:49.597+0000] {dag.py:3508} INFO - Setting next_dagrun for tutorial to 2023-08-08T03:28:49.597557+00:00, run_after=2023-08-09T03:28:49.597557+00:00
[2023-08-09T03:28:49.617+0000] {processor.py:179} INFO - Processing /home/airflow/.local/lib/python3.7/site-packages/airflow/example_dags/tutorial.py took 0.068 seconds
[2023-08-09T03:29:19.992+0000] {processor.py:157} INFO - Started process (PID=2095) to work on /home/airflow/.local/lib/python3.7/site-packages/airflow/example_dags/tutorial.py
[2023-08-09T03:29:19.992+0000] {processor.py:826} INFO - Processing file /home/airflow/.local/lib/python3.7/site-packages/airflow/example_dags/tutorial.py for tasks to queue
[2023-08-09T03:29:19.995+0000] {logging_mixin.py:150} INFO - [2023-08-09T03:29:19.994+0000] {dagbag.py:541} INFO - Filling up the DagBag from /home/airflow/.local/lib/python3.7/site-packages/airflow/example_dags/tutorial.py
[2023-08-09T03:29:20.002+0000] {processor.py:836} INFO - DAG(s) dict_keys(['tutorial']) retrieved from /home/airflow/.local/lib/python3.7/site-packages/airflow/example_dags/tutorial.py
[2023-08-09T03:29:20.138+0000] {logging_mixin.py:150} INFO - [2023-08-09T03:29:20.138+0000] {dag.py:2742} INFO - Sync 1 DAGs
[2023-08-09T03:29:20.159+0000] {logging_mixin.py:150} INFO - [2023-08-09T03:29:20.158+0000] {dag.py:3508} INFO - Setting next_dagrun for tutorial to 2023-08-08T03:29:20.158635+00:00, run_after=2023-08-09T03:29:20.158635+00:00
[2023-08-09T03:29:20.175+0000] {processor.py:179} INFO - Processing /home/airflow/.local/lib/python3.7/site-packages/airflow/example_dags/tutorial.py took 0.187 seconds
[2023-08-09T03:29:50.198+0000] {processor.py:157} INFO - Started process (PID=2150) to work on /home/airflow/.local/lib/python3.7/site-packages/airflow/example_dags/tutorial.py
[2023-08-09T03:29:50.199+0000] {processor.py:826} INFO - Processing file /home/airflow/.local/lib/python3.7/site-packages/airflow/example_dags/tutorial.py for tasks to queue
[2023-08-09T03:29:50.201+0000] {logging_mixin.py:150} INFO - [2023-08-09T03:29:50.200+0000] {dagbag.py:541} INFO - Filling up the DagBag from /home/airflow/.local/lib/python3.7/site-packages/airflow/example_dags/tutorial.py
[2023-08-09T03:29:50.212+0000] {processor.py:836} INFO - DAG(s) dict_keys(['tutorial']) retrieved from /home/airflow/.local/lib/python3.7/site-packages/airflow/example_dags/tutorial.py
[2023-08-09T03:29:50.238+0000] {logging_mixin.py:150} INFO - [2023-08-09T03:29:50.237+0000] {dag.py:2742} INFO - Sync 1 DAGs
[2023-08-09T03:29:50.261+0000] {logging_mixin.py:150} INFO - [2023-08-09T03:29:50.261+0000] {dag.py:3508} INFO - Setting next_dagrun for tutorial to 2023-08-08T03:29:50.261118+00:00, run_after=2023-08-09T03:29:50.261118+00:00
[2023-08-09T03:29:50.283+0000] {processor.py:179} INFO - Processing /home/airflow/.local/lib/python3.7/site-packages/airflow/example_dags/tutorial.py took 0.089 seconds
[2023-08-09T03:30:21.153+0000] {processor.py:157} INFO - Started process (PID=2212) to work on /home/airflow/.local/lib/python3.7/site-packages/airflow/example_dags/tutorial.py
[2023-08-09T03:30:21.154+0000] {processor.py:826} INFO - Processing file /home/airflow/.local/lib/python3.7/site-packages/airflow/example_dags/tutorial.py for tasks to queue
[2023-08-09T03:30:21.155+0000] {logging_mixin.py:150} INFO - [2023-08-09T03:30:21.155+0000] {dagbag.py:541} INFO - Filling up the DagBag from /home/airflow/.local/lib/python3.7/site-packages/airflow/example_dags/tutorial.py
[2023-08-09T03:30:21.166+0000] {processor.py:836} INFO - DAG(s) dict_keys(['tutorial']) retrieved from /home/airflow/.local/lib/python3.7/site-packages/airflow/example_dags/tutorial.py
[2023-08-09T03:30:21.184+0000] {logging_mixin.py:150} INFO - [2023-08-09T03:30:21.184+0000] {dag.py:2742} INFO - Sync 1 DAGs
[2023-08-09T03:30:21.221+0000] {logging_mixin.py:150} INFO - [2023-08-09T03:30:21.221+0000] {dag.py:3508} INFO - Setting next_dagrun for tutorial to 2023-08-08T03:30:21.221107+00:00, run_after=2023-08-09T03:30:21.221107+00:00
[2023-08-09T03:30:21.238+0000] {processor.py:179} INFO - Processing /home/airflow/.local/lib/python3.7/site-packages/airflow/example_dags/tutorial.py took 0.090 seconds
[2023-08-09T03:30:51.421+0000] {processor.py:157} INFO - Started process (PID=2268) to work on /home/airflow/.local/lib/python3.7/site-packages/airflow/example_dags/tutorial.py
[2023-08-09T03:30:51.422+0000] {processor.py:826} INFO - Processing file /home/airflow/.local/lib/python3.7/site-packages/airflow/example_dags/tutorial.py for tasks to queue
[2023-08-09T03:30:51.423+0000] {logging_mixin.py:150} INFO - [2023-08-09T03:30:51.423+0000] {dagbag.py:541} INFO - Filling up the DagBag from /home/airflow/.local/lib/python3.7/site-packages/airflow/example_dags/tutorial.py
[2023-08-09T03:30:51.429+0000] {processor.py:836} INFO - DAG(s) dict_keys(['tutorial']) retrieved from /home/airflow/.local/lib/python3.7/site-packages/airflow/example_dags/tutorial.py
[2023-08-09T03:30:51.540+0000] {logging_mixin.py:150} INFO - [2023-08-09T03:30:51.540+0000] {dag.py:2742} INFO - Sync 1 DAGs
[2023-08-09T03:30:51.563+0000] {logging_mixin.py:150} INFO - [2023-08-09T03:30:51.563+0000] {dag.py:3508} INFO - Setting next_dagrun for tutorial to 2023-08-08T03:30:51.563355+00:00, run_after=2023-08-09T03:30:51.563355+00:00
[2023-08-09T03:30:51.584+0000] {processor.py:179} INFO - Processing /home/airflow/.local/lib/python3.7/site-packages/airflow/example_dags/tutorial.py took 0.165 seconds
[2023-08-09T03:31:21.976+0000] {processor.py:157} INFO - Started process (PID=2326) to work on /home/airflow/.local/lib/python3.7/site-packages/airflow/example_dags/tutorial.py
[2023-08-09T03:31:21.977+0000] {processor.py:826} INFO - Processing file /home/airflow/.local/lib/python3.7/site-packages/airflow/example_dags/tutorial.py for tasks to queue
[2023-08-09T03:31:21.978+0000] {logging_mixin.py:150} INFO - [2023-08-09T03:31:21.977+0000] {dagbag.py:541} INFO - Filling up the DagBag from /home/airflow/.local/lib/python3.7/site-packages/airflow/example_dags/tutorial.py
[2023-08-09T03:31:21.984+0000] {processor.py:836} INFO - DAG(s) dict_keys(['tutorial']) retrieved from /home/airflow/.local/lib/python3.7/site-packages/airflow/example_dags/tutorial.py
[2023-08-09T03:31:22.004+0000] {logging_mixin.py:150} INFO - [2023-08-09T03:31:22.004+0000] {dag.py:2742} INFO - Sync 1 DAGs
[2023-08-09T03:31:22.028+0000] {logging_mixin.py:150} INFO - [2023-08-09T03:31:22.027+0000] {dag.py:3508} INFO - Setting next_dagrun for tutorial to 2023-08-08T03:31:22.027751+00:00, run_after=2023-08-09T03:31:22.027751+00:00
[2023-08-09T03:31:22.045+0000] {processor.py:179} INFO - Processing /home/airflow/.local/lib/python3.7/site-packages/airflow/example_dags/tutorial.py took 0.072 seconds
[2023-08-09T03:31:52.206+0000] {processor.py:157} INFO - Started process (PID=2380) to work on /home/airflow/.local/lib/python3.7/site-packages/airflow/example_dags/tutorial.py
[2023-08-09T03:31:52.206+0000] {processor.py:826} INFO - Processing file /home/airflow/.local/lib/python3.7/site-packages/airflow/example_dags/tutorial.py for tasks to queue
[2023-08-09T03:31:52.207+0000] {logging_mixin.py:150} INFO - [2023-08-09T03:31:52.207+0000] {dagbag.py:541} INFO - Filling up the DagBag from /home/airflow/.local/lib/python3.7/site-packages/airflow/example_dags/tutorial.py
[2023-08-09T03:31:52.215+0000] {processor.py:836} INFO - DAG(s) dict_keys(['tutorial']) retrieved from /home/airflow/.local/lib/python3.7/site-packages/airflow/example_dags/tutorial.py
[2023-08-09T03:31:52.230+0000] {logging_mixin.py:150} INFO - [2023-08-09T03:31:52.230+0000] {dag.py:2742} INFO - Sync 1 DAGs
[2023-08-09T03:31:52.272+0000] {logging_mixin.py:150} INFO - [2023-08-09T03:31:52.272+0000] {dag.py:3508} INFO - Setting next_dagrun for tutorial to 2023-08-08T03:31:52.272359+00:00, run_after=2023-08-09T03:31:52.272359+00:00
[2023-08-09T03:31:52.301+0000] {processor.py:179} INFO - Processing /home/airflow/.local/lib/python3.7/site-packages/airflow/example_dags/tutorial.py took 0.099 seconds
[2023-08-09T03:32:22.695+0000] {processor.py:157} INFO - Started process (PID=2439) to work on /home/airflow/.local/lib/python3.7/site-packages/airflow/example_dags/tutorial.py
[2023-08-09T03:32:22.696+0000] {processor.py:826} INFO - Processing file /home/airflow/.local/lib/python3.7/site-packages/airflow/example_dags/tutorial.py for tasks to queue
[2023-08-09T03:32:22.698+0000] {logging_mixin.py:150} INFO - [2023-08-09T03:32:22.697+0000] {dagbag.py:541} INFO - Filling up the DagBag from /home/airflow/.local/lib/python3.7/site-packages/airflow/example_dags/tutorial.py
[2023-08-09T03:32:22.708+0000] {processor.py:836} INFO - DAG(s) dict_keys(['tutorial']) retrieved from /home/airflow/.local/lib/python3.7/site-packages/airflow/example_dags/tutorial.py
[2023-08-09T03:32:22.837+0000] {logging_mixin.py:150} INFO - [2023-08-09T03:32:22.837+0000] {dag.py:2742} INFO - Sync 1 DAGs
[2023-08-09T03:32:22.860+0000] {logging_mixin.py:150} INFO - [2023-08-09T03:32:22.859+0000] {dag.py:3508} INFO - Setting next_dagrun for tutorial to 2023-08-08T03:32:22.859677+00:00, run_after=2023-08-09T03:32:22.859677+00:00
[2023-08-09T03:32:22.877+0000] {processor.py:179} INFO - Processing /home/airflow/.local/lib/python3.7/site-packages/airflow/example_dags/tutorial.py took 0.186 seconds
[2023-08-09T03:32:53.416+0000] {processor.py:157} INFO - Started process (PID=2493) to work on /home/airflow/.local/lib/python3.7/site-packages/airflow/example_dags/tutorial.py
[2023-08-09T03:32:53.418+0000] {processor.py:826} INFO - Processing file /home/airflow/.local/lib/python3.7/site-packages/airflow/example_dags/tutorial.py for tasks to queue
[2023-08-09T03:32:53.419+0000] {logging_mixin.py:150} INFO - [2023-08-09T03:32:53.418+0000] {dagbag.py:541} INFO - Filling up the DagBag from /home/airflow/.local/lib/python3.7/site-packages/airflow/example_dags/tutorial.py
[2023-08-09T03:32:53.429+0000] {processor.py:836} INFO - DAG(s) dict_keys(['tutorial']) retrieved from /home/airflow/.local/lib/python3.7/site-packages/airflow/example_dags/tutorial.py
[2023-08-09T03:32:53.462+0000] {logging_mixin.py:150} INFO - [2023-08-09T03:32:53.462+0000] {dag.py:2742} INFO - Sync 1 DAGs
[2023-08-09T03:32:53.501+0000] {logging_mixin.py:150} INFO - [2023-08-09T03:32:53.501+0000] {dag.py:3508} INFO - Setting next_dagrun for tutorial to 2023-08-08T03:32:53.500963+00:00, run_after=2023-08-09T03:32:53.500963+00:00
[2023-08-09T03:32:53.535+0000] {processor.py:179} INFO - Processing /home/airflow/.local/lib/python3.7/site-packages/airflow/example_dags/tutorial.py took 0.123 seconds
[2023-08-09T03:33:23.838+0000] {processor.py:157} INFO - Started process (PID=2548) to work on /home/airflow/.local/lib/python3.7/site-packages/airflow/example_dags/tutorial.py
[2023-08-09T03:33:23.839+0000] {processor.py:826} INFO - Processing file /home/airflow/.local/lib/python3.7/site-packages/airflow/example_dags/tutorial.py for tasks to queue
[2023-08-09T03:33:23.839+0000] {logging_mixin.py:150} INFO - [2023-08-09T03:33:23.839+0000] {dagbag.py:541} INFO - Filling up the DagBag from /home/airflow/.local/lib/python3.7/site-packages/airflow/example_dags/tutorial.py
[2023-08-09T03:33:23.849+0000] {processor.py:836} INFO - DAG(s) dict_keys(['tutorial']) retrieved from /home/airflow/.local/lib/python3.7/site-packages/airflow/example_dags/tutorial.py
[2023-08-09T03:33:23.872+0000] {logging_mixin.py:150} INFO - [2023-08-09T03:33:23.871+0000] {dag.py:2742} INFO - Sync 1 DAGs
[2023-08-09T03:33:23.915+0000] {logging_mixin.py:150} INFO - [2023-08-09T03:33:23.915+0000] {dag.py:3508} INFO - Setting next_dagrun for tutorial to 2023-08-08T03:33:23.914666+00:00, run_after=2023-08-09T03:33:23.914666+00:00
[2023-08-09T03:33:23.943+0000] {processor.py:179} INFO - Processing /home/airflow/.local/lib/python3.7/site-packages/airflow/example_dags/tutorial.py took 0.110 seconds
[2023-08-09T03:33:54.463+0000] {processor.py:157} INFO - Started process (PID=2604) to work on /home/airflow/.local/lib/python3.7/site-packages/airflow/example_dags/tutorial.py
[2023-08-09T03:33:54.464+0000] {processor.py:826} INFO - Processing file /home/airflow/.local/lib/python3.7/site-packages/airflow/example_dags/tutorial.py for tasks to queue
[2023-08-09T03:33:54.465+0000] {logging_mixin.py:150} INFO - [2023-08-09T03:33:54.465+0000] {dagbag.py:541} INFO - Filling up the DagBag from /home/airflow/.local/lib/python3.7/site-packages/airflow/example_dags/tutorial.py
[2023-08-09T03:33:54.473+0000] {processor.py:836} INFO - DAG(s) dict_keys(['tutorial']) retrieved from /home/airflow/.local/lib/python3.7/site-packages/airflow/example_dags/tutorial.py
[2023-08-09T03:33:54.653+0000] {logging_mixin.py:150} INFO - [2023-08-09T03:33:54.652+0000] {dag.py:2742} INFO - Sync 1 DAGs
[2023-08-09T03:33:54.679+0000] {logging_mixin.py:150} INFO - [2023-08-09T03:33:54.678+0000] {dag.py:3508} INFO - Setting next_dagrun for tutorial to 2023-08-08T03:33:54.678754+00:00, run_after=2023-08-09T03:33:54.678754+00:00
[2023-08-09T03:33:54.698+0000] {processor.py:179} INFO - Processing /home/airflow/.local/lib/python3.7/site-packages/airflow/example_dags/tutorial.py took 0.238 seconds
[2023-08-09T03:34:24.765+0000] {processor.py:157} INFO - Started process (PID=2659) to work on /home/airflow/.local/lib/python3.7/site-packages/airflow/example_dags/tutorial.py
[2023-08-09T03:34:24.766+0000] {processor.py:826} INFO - Processing file /home/airflow/.local/lib/python3.7/site-packages/airflow/example_dags/tutorial.py for tasks to queue
[2023-08-09T03:34:24.768+0000] {logging_mixin.py:150} INFO - [2023-08-09T03:34:24.767+0000] {dagbag.py:541} INFO - Filling up the DagBag from /home/airflow/.local/lib/python3.7/site-packages/airflow/example_dags/tutorial.py
[2023-08-09T03:34:24.779+0000] {processor.py:836} INFO - DAG(s) dict_keys(['tutorial']) retrieved from /home/airflow/.local/lib/python3.7/site-packages/airflow/example_dags/tutorial.py
[2023-08-09T03:34:24.814+0000] {logging_mixin.py:150} INFO - [2023-08-09T03:34:24.814+0000] {dag.py:2742} INFO - Sync 1 DAGs
[2023-08-09T03:34:24.851+0000] {logging_mixin.py:150} INFO - [2023-08-09T03:34:24.851+0000] {dag.py:3508} INFO - Setting next_dagrun for tutorial to 2023-08-08T03:34:24.851195+00:00, run_after=2023-08-09T03:34:24.851195+00:00
[2023-08-09T03:34:24.872+0000] {processor.py:179} INFO - Processing /home/airflow/.local/lib/python3.7/site-packages/airflow/example_dags/tutorial.py took 0.111 seconds
[2023-08-09T03:34:55.170+0000] {processor.py:157} INFO - Started process (PID=2713) to work on /home/airflow/.local/lib/python3.7/site-packages/airflow/example_dags/tutorial.py
[2023-08-09T03:34:55.171+0000] {processor.py:826} INFO - Processing file /home/airflow/.local/lib/python3.7/site-packages/airflow/example_dags/tutorial.py for tasks to queue
[2023-08-09T03:34:55.172+0000] {logging_mixin.py:150} INFO - [2023-08-09T03:34:55.172+0000] {dagbag.py:541} INFO - Filling up the DagBag from /home/airflow/.local/lib/python3.7/site-packages/airflow/example_dags/tutorial.py
[2023-08-09T03:34:55.183+0000] {processor.py:836} INFO - DAG(s) dict_keys(['tutorial']) retrieved from /home/airflow/.local/lib/python3.7/site-packages/airflow/example_dags/tutorial.py
[2023-08-09T03:34:55.202+0000] {logging_mixin.py:150} INFO - [2023-08-09T03:34:55.201+0000] {dag.py:2742} INFO - Sync 1 DAGs
[2023-08-09T03:34:55.241+0000] {logging_mixin.py:150} INFO - [2023-08-09T03:34:55.241+0000] {dag.py:3508} INFO - Setting next_dagrun for tutorial to 2023-08-08T03:34:55.240680+00:00, run_after=2023-08-09T03:34:55.240680+00:00
[2023-08-09T03:34:55.261+0000] {processor.py:179} INFO - Processing /home/airflow/.local/lib/python3.7/site-packages/airflow/example_dags/tutorial.py took 0.096 seconds
[2023-08-09T03:35:25.291+0000] {processor.py:157} INFO - Started process (PID=2768) to work on /home/airflow/.local/lib/python3.7/site-packages/airflow/example_dags/tutorial.py
[2023-08-09T03:35:25.292+0000] {processor.py:826} INFO - Processing file /home/airflow/.local/lib/python3.7/site-packages/airflow/example_dags/tutorial.py for tasks to queue
[2023-08-09T03:35:25.292+0000] {logging_mixin.py:150} INFO - [2023-08-09T03:35:25.292+0000] {dagbag.py:541} INFO - Filling up the DagBag from /home/airflow/.local/lib/python3.7/site-packages/airflow/example_dags/tutorial.py
[2023-08-09T03:35:25.298+0000] {processor.py:836} INFO - DAG(s) dict_keys(['tutorial']) retrieved from /home/airflow/.local/lib/python3.7/site-packages/airflow/example_dags/tutorial.py
[2023-08-09T03:35:25.429+0000] {logging_mixin.py:150} INFO - [2023-08-09T03:35:25.429+0000] {dag.py:2742} INFO - Sync 1 DAGs
[2023-08-09T03:35:25.452+0000] {logging_mixin.py:150} INFO - [2023-08-09T03:35:25.452+0000] {dag.py:3508} INFO - Setting next_dagrun for tutorial to 2023-08-08T03:35:25.452350+00:00, run_after=2023-08-09T03:35:25.452350+00:00
[2023-08-09T03:35:25.470+0000] {processor.py:179} INFO - Processing /home/airflow/.local/lib/python3.7/site-packages/airflow/example_dags/tutorial.py took 0.182 seconds
[2023-08-09T03:35:55.606+0000] {processor.py:157} INFO - Started process (PID=2823) to work on /home/airflow/.local/lib/python3.7/site-packages/airflow/example_dags/tutorial.py
[2023-08-09T03:35:55.607+0000] {processor.py:826} INFO - Processing file /home/airflow/.local/lib/python3.7/site-packages/airflow/example_dags/tutorial.py for tasks to queue
[2023-08-09T03:35:55.607+0000] {logging_mixin.py:150} INFO - [2023-08-09T03:35:55.607+0000] {dagbag.py:541} INFO - Filling up the DagBag from /home/airflow/.local/lib/python3.7/site-packages/airflow/example_dags/tutorial.py
[2023-08-09T03:35:55.614+0000] {processor.py:836} INFO - DAG(s) dict_keys(['tutorial']) retrieved from /home/airflow/.local/lib/python3.7/site-packages/airflow/example_dags/tutorial.py
[2023-08-09T03:35:55.635+0000] {logging_mixin.py:150} INFO - [2023-08-09T03:35:55.634+0000] {dag.py:2742} INFO - Sync 1 DAGs
[2023-08-09T03:35:55.660+0000] {logging_mixin.py:150} INFO - [2023-08-09T03:35:55.660+0000] {dag.py:3508} INFO - Setting next_dagrun for tutorial to 2023-08-08T03:35:55.659840+00:00, run_after=2023-08-09T03:35:55.659840+00:00
[2023-08-09T03:35:55.676+0000] {processor.py:179} INFO - Processing /home/airflow/.local/lib/python3.7/site-packages/airflow/example_dags/tutorial.py took 0.073 seconds
[2023-08-09T03:36:25.866+0000] {processor.py:157} INFO - Started process (PID=2878) to work on /home/airflow/.local/lib/python3.7/site-packages/airflow/example_dags/tutorial.py
[2023-08-09T03:36:25.867+0000] {processor.py:826} INFO - Processing file /home/airflow/.local/lib/python3.7/site-packages/airflow/example_dags/tutorial.py for tasks to queue
[2023-08-09T03:36:25.868+0000] {logging_mixin.py:150} INFO - [2023-08-09T03:36:25.868+0000] {dagbag.py:541} INFO - Filling up the DagBag from /home/airflow/.local/lib/python3.7/site-packages/airflow/example_dags/tutorial.py
[2023-08-09T03:36:25.875+0000] {processor.py:836} INFO - DAG(s) dict_keys(['tutorial']) retrieved from /home/airflow/.local/lib/python3.7/site-packages/airflow/example_dags/tutorial.py
[2023-08-09T03:36:25.890+0000] {logging_mixin.py:150} INFO - [2023-08-09T03:36:25.890+0000] {dag.py:2742} INFO - Sync 1 DAGs
[2023-08-09T03:36:25.928+0000] {logging_mixin.py:150} INFO - [2023-08-09T03:36:25.928+0000] {dag.py:3508} INFO - Setting next_dagrun for tutorial to 2023-08-08T03:36:25.928010+00:00, run_after=2023-08-09T03:36:25.928010+00:00
[2023-08-09T03:36:25.953+0000] {processor.py:179} INFO - Processing /home/airflow/.local/lib/python3.7/site-packages/airflow/example_dags/tutorial.py took 0.089 seconds
