[2023-08-09T03:10:31.085+0000] {processor.py:157} INFO - Started process (PID=41) to work on /home/airflow/.local/lib/python3.7/site-packages/airflow/example_dags/tutorial_taskflow_api.py
[2023-08-09T03:10:31.086+0000] {processor.py:826} INFO - Processing file /home/airflow/.local/lib/python3.7/site-packages/airflow/example_dags/tutorial_taskflow_api.py for tasks to queue
[2023-08-09T03:10:31.091+0000] {logging_mixin.py:150} INFO - [2023-08-09T03:10:31.091+0000] {dagbag.py:541} INFO - Filling up the DagBag from /home/airflow/.local/lib/python3.7/site-packages/airflow/example_dags/tutorial_taskflow_api.py
[2023-08-09T03:10:31.121+0000] {processor.py:836} INFO - DAG(s) dict_keys(['tutorial_taskflow_api']) retrieved from /home/airflow/.local/lib/python3.7/site-packages/airflow/example_dags/tutorial_taskflow_api.py
[2023-08-09T03:10:31.159+0000] {logging_mixin.py:150} INFO - [2023-08-09T03:10:31.158+0000] {dag.py:2742} INFO - Sync 1 DAGs
[2023-08-09T03:10:31.198+0000] {logging_mixin.py:150} INFO - [2023-08-09T03:10:31.198+0000] {dag.py:3508} INFO - Setting next_dagrun for tutorial_taskflow_api to None, run_after=None
[2023-08-09T03:10:31.224+0000] {processor.py:179} INFO - Processing /home/airflow/.local/lib/python3.7/site-packages/airflow/example_dags/tutorial_taskflow_api.py took 0.143 seconds
[2023-08-09T03:11:01.525+0000] {processor.py:157} INFO - Started process (PID=96) to work on /home/airflow/.local/lib/python3.7/site-packages/airflow/example_dags/tutorial_taskflow_api.py
[2023-08-09T03:11:01.526+0000] {processor.py:826} INFO - Processing file /home/airflow/.local/lib/python3.7/site-packages/airflow/example_dags/tutorial_taskflow_api.py for tasks to queue
[2023-08-09T03:11:01.528+0000] {logging_mixin.py:150} INFO - [2023-08-09T03:11:01.527+0000] {dagbag.py:541} INFO - Filling up the DagBag from /home/airflow/.local/lib/python3.7/site-packages/airflow/example_dags/tutorial_taskflow_api.py
[2023-08-09T03:11:01.533+0000] {processor.py:836} INFO - DAG(s) dict_keys(['tutorial_taskflow_api']) retrieved from /home/airflow/.local/lib/python3.7/site-packages/airflow/example_dags/tutorial_taskflow_api.py
[2023-08-09T03:11:01.565+0000] {logging_mixin.py:150} INFO - [2023-08-09T03:11:01.564+0000] {dag.py:2742} INFO - Sync 1 DAGs
[2023-08-09T03:11:01.610+0000] {logging_mixin.py:150} INFO - [2023-08-09T03:11:01.610+0000] {dag.py:3508} INFO - Setting next_dagrun for tutorial_taskflow_api to None, run_after=None
[2023-08-09T03:11:01.638+0000] {processor.py:179} INFO - Processing /home/airflow/.local/lib/python3.7/site-packages/airflow/example_dags/tutorial_taskflow_api.py took 0.116 seconds
[2023-08-09T03:11:32.046+0000] {processor.py:157} INFO - Started process (PID=151) to work on /home/airflow/.local/lib/python3.7/site-packages/airflow/example_dags/tutorial_taskflow_api.py
[2023-08-09T03:11:32.048+0000] {processor.py:826} INFO - Processing file /home/airflow/.local/lib/python3.7/site-packages/airflow/example_dags/tutorial_taskflow_api.py for tasks to queue
[2023-08-09T03:11:32.051+0000] {logging_mixin.py:150} INFO - [2023-08-09T03:11:32.050+0000] {dagbag.py:541} INFO - Filling up the DagBag from /home/airflow/.local/lib/python3.7/site-packages/airflow/example_dags/tutorial_taskflow_api.py
[2023-08-09T03:11:32.058+0000] {processor.py:836} INFO - DAG(s) dict_keys(['tutorial_taskflow_api']) retrieved from /home/airflow/.local/lib/python3.7/site-packages/airflow/example_dags/tutorial_taskflow_api.py
[2023-08-09T03:11:32.080+0000] {logging_mixin.py:150} INFO - [2023-08-09T03:11:32.079+0000] {dag.py:2742} INFO - Sync 1 DAGs
[2023-08-09T03:11:32.110+0000] {logging_mixin.py:150} INFO - [2023-08-09T03:11:32.110+0000] {dag.py:3508} INFO - Setting next_dagrun for tutorial_taskflow_api to None, run_after=None
[2023-08-09T03:11:32.137+0000] {processor.py:179} INFO - Processing /home/airflow/.local/lib/python3.7/site-packages/airflow/example_dags/tutorial_taskflow_api.py took 0.095 seconds
[2023-08-09T03:12:02.722+0000] {processor.py:157} INFO - Started process (PID=207) to work on /home/airflow/.local/lib/python3.7/site-packages/airflow/example_dags/tutorial_taskflow_api.py
[2023-08-09T03:12:02.722+0000] {processor.py:826} INFO - Processing file /home/airflow/.local/lib/python3.7/site-packages/airflow/example_dags/tutorial_taskflow_api.py for tasks to queue
[2023-08-09T03:12:02.724+0000] {logging_mixin.py:150} INFO - [2023-08-09T03:12:02.724+0000] {dagbag.py:541} INFO - Filling up the DagBag from /home/airflow/.local/lib/python3.7/site-packages/airflow/example_dags/tutorial_taskflow_api.py
[2023-08-09T03:12:02.730+0000] {processor.py:836} INFO - DAG(s) dict_keys(['tutorial_taskflow_api']) retrieved from /home/airflow/.local/lib/python3.7/site-packages/airflow/example_dags/tutorial_taskflow_api.py
[2023-08-09T03:12:02.761+0000] {logging_mixin.py:150} INFO - [2023-08-09T03:12:02.761+0000] {dag.py:2742} INFO - Sync 1 DAGs
[2023-08-09T03:12:02.784+0000] {logging_mixin.py:150} INFO - [2023-08-09T03:12:02.783+0000] {dag.py:3508} INFO - Setting next_dagrun for tutorial_taskflow_api to None, run_after=None
[2023-08-09T03:12:02.806+0000] {processor.py:179} INFO - Processing /home/airflow/.local/lib/python3.7/site-packages/airflow/example_dags/tutorial_taskflow_api.py took 0.087 seconds
[2023-08-09T03:12:33.042+0000] {processor.py:157} INFO - Started process (PID=262) to work on /home/airflow/.local/lib/python3.7/site-packages/airflow/example_dags/tutorial_taskflow_api.py
[2023-08-09T03:12:33.043+0000] {processor.py:826} INFO - Processing file /home/airflow/.local/lib/python3.7/site-packages/airflow/example_dags/tutorial_taskflow_api.py for tasks to queue
[2023-08-09T03:12:33.045+0000] {logging_mixin.py:150} INFO - [2023-08-09T03:12:33.044+0000] {dagbag.py:541} INFO - Filling up the DagBag from /home/airflow/.local/lib/python3.7/site-packages/airflow/example_dags/tutorial_taskflow_api.py
[2023-08-09T03:12:33.051+0000] {processor.py:836} INFO - DAG(s) dict_keys(['tutorial_taskflow_api']) retrieved from /home/airflow/.local/lib/python3.7/site-packages/airflow/example_dags/tutorial_taskflow_api.py
[2023-08-09T03:12:33.075+0000] {logging_mixin.py:150} INFO - [2023-08-09T03:12:33.074+0000] {dag.py:2742} INFO - Sync 1 DAGs
[2023-08-09T03:12:33.105+0000] {logging_mixin.py:150} INFO - [2023-08-09T03:12:33.105+0000] {dag.py:3508} INFO - Setting next_dagrun for tutorial_taskflow_api to None, run_after=None
[2023-08-09T03:12:33.120+0000] {processor.py:179} INFO - Processing /home/airflow/.local/lib/python3.7/site-packages/airflow/example_dags/tutorial_taskflow_api.py took 0.081 seconds
[2023-08-09T03:13:03.339+0000] {processor.py:157} INFO - Started process (PID=317) to work on /home/airflow/.local/lib/python3.7/site-packages/airflow/example_dags/tutorial_taskflow_api.py
[2023-08-09T03:13:03.340+0000] {processor.py:826} INFO - Processing file /home/airflow/.local/lib/python3.7/site-packages/airflow/example_dags/tutorial_taskflow_api.py for tasks to queue
[2023-08-09T03:13:03.342+0000] {logging_mixin.py:150} INFO - [2023-08-09T03:13:03.341+0000] {dagbag.py:541} INFO - Filling up the DagBag from /home/airflow/.local/lib/python3.7/site-packages/airflow/example_dags/tutorial_taskflow_api.py
[2023-08-09T03:13:03.347+0000] {processor.py:836} INFO - DAG(s) dict_keys(['tutorial_taskflow_api']) retrieved from /home/airflow/.local/lib/python3.7/site-packages/airflow/example_dags/tutorial_taskflow_api.py
[2023-08-09T03:13:03.377+0000] {logging_mixin.py:150} INFO - [2023-08-09T03:13:03.377+0000] {dag.py:2742} INFO - Sync 1 DAGs
[2023-08-09T03:13:03.402+0000] {logging_mixin.py:150} INFO - [2023-08-09T03:13:03.402+0000] {dag.py:3508} INFO - Setting next_dagrun for tutorial_taskflow_api to None, run_after=None
[2023-08-09T03:13:03.420+0000] {processor.py:179} INFO - Processing /home/airflow/.local/lib/python3.7/site-packages/airflow/example_dags/tutorial_taskflow_api.py took 0.083 seconds
[2023-08-09T03:13:34.379+0000] {processor.py:157} INFO - Started process (PID=372) to work on /home/airflow/.local/lib/python3.7/site-packages/airflow/example_dags/tutorial_taskflow_api.py
[2023-08-09T03:13:34.379+0000] {processor.py:826} INFO - Processing file /home/airflow/.local/lib/python3.7/site-packages/airflow/example_dags/tutorial_taskflow_api.py for tasks to queue
[2023-08-09T03:13:34.381+0000] {logging_mixin.py:150} INFO - [2023-08-09T03:13:34.381+0000] {dagbag.py:541} INFO - Filling up the DagBag from /home/airflow/.local/lib/python3.7/site-packages/airflow/example_dags/tutorial_taskflow_api.py
[2023-08-09T03:13:34.387+0000] {processor.py:836} INFO - DAG(s) dict_keys(['tutorial_taskflow_api']) retrieved from /home/airflow/.local/lib/python3.7/site-packages/airflow/example_dags/tutorial_taskflow_api.py
[2023-08-09T03:13:34.407+0000] {logging_mixin.py:150} INFO - [2023-08-09T03:13:34.407+0000] {dag.py:2742} INFO - Sync 1 DAGs
[2023-08-09T03:13:34.432+0000] {logging_mixin.py:150} INFO - [2023-08-09T03:13:34.432+0000] {dag.py:3508} INFO - Setting next_dagrun for tutorial_taskflow_api to None, run_after=None
[2023-08-09T03:13:34.450+0000] {processor.py:179} INFO - Processing /home/airflow/.local/lib/python3.7/site-packages/airflow/example_dags/tutorial_taskflow_api.py took 0.074 seconds
[2023-08-09T03:14:04.746+0000] {processor.py:157} INFO - Started process (PID=427) to work on /home/airflow/.local/lib/python3.7/site-packages/airflow/example_dags/tutorial_taskflow_api.py
[2023-08-09T03:14:04.747+0000] {processor.py:826} INFO - Processing file /home/airflow/.local/lib/python3.7/site-packages/airflow/example_dags/tutorial_taskflow_api.py for tasks to queue
[2023-08-09T03:14:04.749+0000] {logging_mixin.py:150} INFO - [2023-08-09T03:14:04.749+0000] {dagbag.py:541} INFO - Filling up the DagBag from /home/airflow/.local/lib/python3.7/site-packages/airflow/example_dags/tutorial_taskflow_api.py
[2023-08-09T03:14:04.756+0000] {processor.py:836} INFO - DAG(s) dict_keys(['tutorial_taskflow_api']) retrieved from /home/airflow/.local/lib/python3.7/site-packages/airflow/example_dags/tutorial_taskflow_api.py
[2023-08-09T03:14:04.784+0000] {logging_mixin.py:150} INFO - [2023-08-09T03:14:04.783+0000] {dag.py:2742} INFO - Sync 1 DAGs
[2023-08-09T03:14:04.814+0000] {logging_mixin.py:150} INFO - [2023-08-09T03:14:04.814+0000] {dag.py:3508} INFO - Setting next_dagrun for tutorial_taskflow_api to None, run_after=None
[2023-08-09T03:14:04.838+0000] {processor.py:179} INFO - Processing /home/airflow/.local/lib/python3.7/site-packages/airflow/example_dags/tutorial_taskflow_api.py took 0.096 seconds
[2023-08-09T03:14:35.034+0000] {processor.py:157} INFO - Started process (PID=483) to work on /home/airflow/.local/lib/python3.7/site-packages/airflow/example_dags/tutorial_taskflow_api.py
[2023-08-09T03:14:35.035+0000] {processor.py:826} INFO - Processing file /home/airflow/.local/lib/python3.7/site-packages/airflow/example_dags/tutorial_taskflow_api.py for tasks to queue
[2023-08-09T03:14:35.037+0000] {logging_mixin.py:150} INFO - [2023-08-09T03:14:35.037+0000] {dagbag.py:541} INFO - Filling up the DagBag from /home/airflow/.local/lib/python3.7/site-packages/airflow/example_dags/tutorial_taskflow_api.py
[2023-08-09T03:14:35.043+0000] {processor.py:836} INFO - DAG(s) dict_keys(['tutorial_taskflow_api']) retrieved from /home/airflow/.local/lib/python3.7/site-packages/airflow/example_dags/tutorial_taskflow_api.py
[2023-08-09T03:14:35.064+0000] {logging_mixin.py:150} INFO - [2023-08-09T03:14:35.064+0000] {dag.py:2742} INFO - Sync 1 DAGs
[2023-08-09T03:14:35.087+0000] {logging_mixin.py:150} INFO - [2023-08-09T03:14:35.086+0000] {dag.py:3508} INFO - Setting next_dagrun for tutorial_taskflow_api to None, run_after=None
[2023-08-09T03:14:35.107+0000] {processor.py:179} INFO - Processing /home/airflow/.local/lib/python3.7/site-packages/airflow/example_dags/tutorial_taskflow_api.py took 0.076 seconds
[2023-08-09T03:15:05.262+0000] {processor.py:157} INFO - Started process (PID=538) to work on /home/airflow/.local/lib/python3.7/site-packages/airflow/example_dags/tutorial_taskflow_api.py
[2023-08-09T03:15:05.263+0000] {processor.py:826} INFO - Processing file /home/airflow/.local/lib/python3.7/site-packages/airflow/example_dags/tutorial_taskflow_api.py for tasks to queue
[2023-08-09T03:15:05.266+0000] {logging_mixin.py:150} INFO - [2023-08-09T03:15:05.266+0000] {dagbag.py:541} INFO - Filling up the DagBag from /home/airflow/.local/lib/python3.7/site-packages/airflow/example_dags/tutorial_taskflow_api.py
[2023-08-09T03:15:05.276+0000] {processor.py:836} INFO - DAG(s) dict_keys(['tutorial_taskflow_api']) retrieved from /home/airflow/.local/lib/python3.7/site-packages/airflow/example_dags/tutorial_taskflow_api.py
[2023-08-09T03:15:05.314+0000] {logging_mixin.py:150} INFO - [2023-08-09T03:15:05.314+0000] {dag.py:2742} INFO - Sync 1 DAGs
[2023-08-09T03:15:05.342+0000] {logging_mixin.py:150} INFO - [2023-08-09T03:15:05.342+0000] {dag.py:3508} INFO - Setting next_dagrun for tutorial_taskflow_api to None, run_after=None
[2023-08-09T03:15:05.359+0000] {processor.py:179} INFO - Processing /home/airflow/.local/lib/python3.7/site-packages/airflow/example_dags/tutorial_taskflow_api.py took 0.101 seconds
[2023-08-09T03:15:35.421+0000] {processor.py:157} INFO - Started process (PID=592) to work on /home/airflow/.local/lib/python3.7/site-packages/airflow/example_dags/tutorial_taskflow_api.py
[2023-08-09T03:15:35.423+0000] {processor.py:826} INFO - Processing file /home/airflow/.local/lib/python3.7/site-packages/airflow/example_dags/tutorial_taskflow_api.py for tasks to queue
[2023-08-09T03:15:35.425+0000] {logging_mixin.py:150} INFO - [2023-08-09T03:15:35.425+0000] {dagbag.py:541} INFO - Filling up the DagBag from /home/airflow/.local/lib/python3.7/site-packages/airflow/example_dags/tutorial_taskflow_api.py
[2023-08-09T03:15:35.431+0000] {processor.py:836} INFO - DAG(s) dict_keys(['tutorial_taskflow_api']) retrieved from /home/airflow/.local/lib/python3.7/site-packages/airflow/example_dags/tutorial_taskflow_api.py
[2023-08-09T03:15:35.458+0000] {logging_mixin.py:150} INFO - [2023-08-09T03:15:35.457+0000] {dag.py:2742} INFO - Sync 1 DAGs
[2023-08-09T03:15:35.496+0000] {logging_mixin.py:150} INFO - [2023-08-09T03:15:35.496+0000] {dag.py:3508} INFO - Setting next_dagrun for tutorial_taskflow_api to None, run_after=None
[2023-08-09T03:15:35.522+0000] {processor.py:179} INFO - Processing /home/airflow/.local/lib/python3.7/site-packages/airflow/example_dags/tutorial_taskflow_api.py took 0.104 seconds
[2023-08-09T03:16:05.823+0000] {processor.py:157} INFO - Started process (PID=648) to work on /home/airflow/.local/lib/python3.7/site-packages/airflow/example_dags/tutorial_taskflow_api.py
[2023-08-09T03:16:05.824+0000] {processor.py:826} INFO - Processing file /home/airflow/.local/lib/python3.7/site-packages/airflow/example_dags/tutorial_taskflow_api.py for tasks to queue
[2023-08-09T03:16:05.827+0000] {logging_mixin.py:150} INFO - [2023-08-09T03:16:05.827+0000] {dagbag.py:541} INFO - Filling up the DagBag from /home/airflow/.local/lib/python3.7/site-packages/airflow/example_dags/tutorial_taskflow_api.py
[2023-08-09T03:16:05.836+0000] {processor.py:836} INFO - DAG(s) dict_keys(['tutorial_taskflow_api']) retrieved from /home/airflow/.local/lib/python3.7/site-packages/airflow/example_dags/tutorial_taskflow_api.py
[2023-08-09T03:16:05.870+0000] {logging_mixin.py:150} INFO - [2023-08-09T03:16:05.869+0000] {dag.py:2742} INFO - Sync 1 DAGs
[2023-08-09T03:16:05.898+0000] {logging_mixin.py:150} INFO - [2023-08-09T03:16:05.898+0000] {dag.py:3508} INFO - Setting next_dagrun for tutorial_taskflow_api to None, run_after=None
[2023-08-09T03:16:05.913+0000] {processor.py:179} INFO - Processing /home/airflow/.local/lib/python3.7/site-packages/airflow/example_dags/tutorial_taskflow_api.py took 0.096 seconds
[2023-08-09T03:16:36.130+0000] {processor.py:157} INFO - Started process (PID=703) to work on /home/airflow/.local/lib/python3.7/site-packages/airflow/example_dags/tutorial_taskflow_api.py
[2023-08-09T03:16:36.132+0000] {processor.py:826} INFO - Processing file /home/airflow/.local/lib/python3.7/site-packages/airflow/example_dags/tutorial_taskflow_api.py for tasks to queue
[2023-08-09T03:16:36.136+0000] {logging_mixin.py:150} INFO - [2023-08-09T03:16:36.136+0000] {dagbag.py:541} INFO - Filling up the DagBag from /home/airflow/.local/lib/python3.7/site-packages/airflow/example_dags/tutorial_taskflow_api.py
[2023-08-09T03:16:36.148+0000] {processor.py:836} INFO - DAG(s) dict_keys(['tutorial_taskflow_api']) retrieved from /home/airflow/.local/lib/python3.7/site-packages/airflow/example_dags/tutorial_taskflow_api.py
[2023-08-09T03:16:36.183+0000] {logging_mixin.py:150} INFO - [2023-08-09T03:16:36.182+0000] {dag.py:2742} INFO - Sync 1 DAGs
[2023-08-09T03:16:36.209+0000] {logging_mixin.py:150} INFO - [2023-08-09T03:16:36.208+0000] {dag.py:3508} INFO - Setting next_dagrun for tutorial_taskflow_api to None, run_after=None
[2023-08-09T03:16:36.225+0000] {processor.py:179} INFO - Processing /home/airflow/.local/lib/python3.7/site-packages/airflow/example_dags/tutorial_taskflow_api.py took 0.102 seconds
[2023-08-09T03:17:06.415+0000] {processor.py:157} INFO - Started process (PID=758) to work on /home/airflow/.local/lib/python3.7/site-packages/airflow/example_dags/tutorial_taskflow_api.py
[2023-08-09T03:17:06.416+0000] {processor.py:826} INFO - Processing file /home/airflow/.local/lib/python3.7/site-packages/airflow/example_dags/tutorial_taskflow_api.py for tasks to queue
[2023-08-09T03:17:06.417+0000] {logging_mixin.py:150} INFO - [2023-08-09T03:17:06.417+0000] {dagbag.py:541} INFO - Filling up the DagBag from /home/airflow/.local/lib/python3.7/site-packages/airflow/example_dags/tutorial_taskflow_api.py
[2023-08-09T03:17:06.422+0000] {processor.py:836} INFO - DAG(s) dict_keys(['tutorial_taskflow_api']) retrieved from /home/airflow/.local/lib/python3.7/site-packages/airflow/example_dags/tutorial_taskflow_api.py
[2023-08-09T03:17:06.442+0000] {logging_mixin.py:150} INFO - [2023-08-09T03:17:06.441+0000] {dag.py:2742} INFO - Sync 1 DAGs
[2023-08-09T03:17:06.465+0000] {logging_mixin.py:150} INFO - [2023-08-09T03:17:06.465+0000] {dag.py:3508} INFO - Setting next_dagrun for tutorial_taskflow_api to None, run_after=None
[2023-08-09T03:17:06.482+0000] {processor.py:179} INFO - Processing /home/airflow/.local/lib/python3.7/site-packages/airflow/example_dags/tutorial_taskflow_api.py took 0.069 seconds
[2023-08-09T03:17:36.794+0000] {processor.py:157} INFO - Started process (PID=813) to work on /home/airflow/.local/lib/python3.7/site-packages/airflow/example_dags/tutorial_taskflow_api.py
[2023-08-09T03:17:36.796+0000] {processor.py:826} INFO - Processing file /home/airflow/.local/lib/python3.7/site-packages/airflow/example_dags/tutorial_taskflow_api.py for tasks to queue
[2023-08-09T03:17:36.798+0000] {logging_mixin.py:150} INFO - [2023-08-09T03:17:36.798+0000] {dagbag.py:541} INFO - Filling up the DagBag from /home/airflow/.local/lib/python3.7/site-packages/airflow/example_dags/tutorial_taskflow_api.py
[2023-08-09T03:17:36.808+0000] {processor.py:836} INFO - DAG(s) dict_keys(['tutorial_taskflow_api']) retrieved from /home/airflow/.local/lib/python3.7/site-packages/airflow/example_dags/tutorial_taskflow_api.py
[2023-08-09T03:17:36.844+0000] {logging_mixin.py:150} INFO - [2023-08-09T03:17:36.844+0000] {dag.py:2742} INFO - Sync 1 DAGs
[2023-08-09T03:17:36.875+0000] {logging_mixin.py:150} INFO - [2023-08-09T03:17:36.875+0000] {dag.py:3508} INFO - Setting next_dagrun for tutorial_taskflow_api to None, run_after=None
[2023-08-09T03:17:36.896+0000] {processor.py:179} INFO - Processing /home/airflow/.local/lib/python3.7/site-packages/airflow/example_dags/tutorial_taskflow_api.py took 0.107 seconds
[2023-08-09T03:18:07.097+0000] {processor.py:157} INFO - Started process (PID=868) to work on /home/airflow/.local/lib/python3.7/site-packages/airflow/example_dags/tutorial_taskflow_api.py
[2023-08-09T03:18:07.098+0000] {processor.py:826} INFO - Processing file /home/airflow/.local/lib/python3.7/site-packages/airflow/example_dags/tutorial_taskflow_api.py for tasks to queue
[2023-08-09T03:18:07.101+0000] {logging_mixin.py:150} INFO - [2023-08-09T03:18:07.100+0000] {dagbag.py:541} INFO - Filling up the DagBag from /home/airflow/.local/lib/python3.7/site-packages/airflow/example_dags/tutorial_taskflow_api.py
[2023-08-09T03:18:07.110+0000] {processor.py:836} INFO - DAG(s) dict_keys(['tutorial_taskflow_api']) retrieved from /home/airflow/.local/lib/python3.7/site-packages/airflow/example_dags/tutorial_taskflow_api.py
[2023-08-09T03:18:07.156+0000] {logging_mixin.py:150} INFO - [2023-08-09T03:18:07.155+0000] {dag.py:2742} INFO - Sync 1 DAGs
[2023-08-09T03:18:07.187+0000] {logging_mixin.py:150} INFO - [2023-08-09T03:18:07.187+0000] {dag.py:3508} INFO - Setting next_dagrun for tutorial_taskflow_api to None, run_after=None
[2023-08-09T03:18:07.204+0000] {processor.py:179} INFO - Processing /home/airflow/.local/lib/python3.7/site-packages/airflow/example_dags/tutorial_taskflow_api.py took 0.112 seconds
[2023-08-09T03:18:37.424+0000] {processor.py:157} INFO - Started process (PID=923) to work on /home/airflow/.local/lib/python3.7/site-packages/airflow/example_dags/tutorial_taskflow_api.py
[2023-08-09T03:18:37.425+0000] {processor.py:826} INFO - Processing file /home/airflow/.local/lib/python3.7/site-packages/airflow/example_dags/tutorial_taskflow_api.py for tasks to queue
[2023-08-09T03:18:37.428+0000] {logging_mixin.py:150} INFO - [2023-08-09T03:18:37.428+0000] {dagbag.py:541} INFO - Filling up the DagBag from /home/airflow/.local/lib/python3.7/site-packages/airflow/example_dags/tutorial_taskflow_api.py
[2023-08-09T03:18:37.437+0000] {processor.py:836} INFO - DAG(s) dict_keys(['tutorial_taskflow_api']) retrieved from /home/airflow/.local/lib/python3.7/site-packages/airflow/example_dags/tutorial_taskflow_api.py
[2023-08-09T03:18:37.475+0000] {logging_mixin.py:150} INFO - [2023-08-09T03:18:37.474+0000] {dag.py:2742} INFO - Sync 1 DAGs
[2023-08-09T03:18:37.506+0000] {logging_mixin.py:150} INFO - [2023-08-09T03:18:37.505+0000] {dag.py:3508} INFO - Setting next_dagrun for tutorial_taskflow_api to None, run_after=None
[2023-08-09T03:18:37.526+0000] {processor.py:179} INFO - Processing /home/airflow/.local/lib/python3.7/site-packages/airflow/example_dags/tutorial_taskflow_api.py took 0.107 seconds
[2023-08-09T03:19:07.951+0000] {processor.py:157} INFO - Started process (PID=978) to work on /home/airflow/.local/lib/python3.7/site-packages/airflow/example_dags/tutorial_taskflow_api.py
[2023-08-09T03:19:07.952+0000] {processor.py:826} INFO - Processing file /home/airflow/.local/lib/python3.7/site-packages/airflow/example_dags/tutorial_taskflow_api.py for tasks to queue
[2023-08-09T03:19:07.954+0000] {logging_mixin.py:150} INFO - [2023-08-09T03:19:07.954+0000] {dagbag.py:541} INFO - Filling up the DagBag from /home/airflow/.local/lib/python3.7/site-packages/airflow/example_dags/tutorial_taskflow_api.py
[2023-08-09T03:19:07.959+0000] {processor.py:836} INFO - DAG(s) dict_keys(['tutorial_taskflow_api']) retrieved from /home/airflow/.local/lib/python3.7/site-packages/airflow/example_dags/tutorial_taskflow_api.py
[2023-08-09T03:19:07.987+0000] {logging_mixin.py:150} INFO - [2023-08-09T03:19:07.986+0000] {dag.py:2742} INFO - Sync 1 DAGs
[2023-08-09T03:19:08.021+0000] {logging_mixin.py:150} INFO - [2023-08-09T03:19:08.021+0000] {dag.py:3508} INFO - Setting next_dagrun for tutorial_taskflow_api to None, run_after=None
[2023-08-09T03:19:08.037+0000] {processor.py:179} INFO - Processing /home/airflow/.local/lib/python3.7/site-packages/airflow/example_dags/tutorial_taskflow_api.py took 0.089 seconds
[2023-08-09T03:19:38.160+0000] {processor.py:157} INFO - Started process (PID=1033) to work on /home/airflow/.local/lib/python3.7/site-packages/airflow/example_dags/tutorial_taskflow_api.py
[2023-08-09T03:19:38.161+0000] {processor.py:826} INFO - Processing file /home/airflow/.local/lib/python3.7/site-packages/airflow/example_dags/tutorial_taskflow_api.py for tasks to queue
[2023-08-09T03:19:38.164+0000] {logging_mixin.py:150} INFO - [2023-08-09T03:19:38.163+0000] {dagbag.py:541} INFO - Filling up the DagBag from /home/airflow/.local/lib/python3.7/site-packages/airflow/example_dags/tutorial_taskflow_api.py
[2023-08-09T03:19:38.171+0000] {processor.py:836} INFO - DAG(s) dict_keys(['tutorial_taskflow_api']) retrieved from /home/airflow/.local/lib/python3.7/site-packages/airflow/example_dags/tutorial_taskflow_api.py
[2023-08-09T03:19:38.216+0000] {logging_mixin.py:150} INFO - [2023-08-09T03:19:38.216+0000] {dag.py:2742} INFO - Sync 1 DAGs
[2023-08-09T03:19:38.254+0000] {logging_mixin.py:150} INFO - [2023-08-09T03:19:38.254+0000] {dag.py:3508} INFO - Setting next_dagrun for tutorial_taskflow_api to None, run_after=None
[2023-08-09T03:19:38.279+0000] {processor.py:179} INFO - Processing /home/airflow/.local/lib/python3.7/site-packages/airflow/example_dags/tutorial_taskflow_api.py took 0.122 seconds
[2023-08-09T03:20:08.374+0000] {processor.py:157} INFO - Started process (PID=1087) to work on /home/airflow/.local/lib/python3.7/site-packages/airflow/example_dags/tutorial_taskflow_api.py
[2023-08-09T03:20:08.375+0000] {processor.py:826} INFO - Processing file /home/airflow/.local/lib/python3.7/site-packages/airflow/example_dags/tutorial_taskflow_api.py for tasks to queue
[2023-08-09T03:20:08.379+0000] {logging_mixin.py:150} INFO - [2023-08-09T03:20:08.378+0000] {dagbag.py:541} INFO - Filling up the DagBag from /home/airflow/.local/lib/python3.7/site-packages/airflow/example_dags/tutorial_taskflow_api.py
[2023-08-09T03:20:08.388+0000] {processor.py:836} INFO - DAG(s) dict_keys(['tutorial_taskflow_api']) retrieved from /home/airflow/.local/lib/python3.7/site-packages/airflow/example_dags/tutorial_taskflow_api.py
[2023-08-09T03:20:08.424+0000] {logging_mixin.py:150} INFO - [2023-08-09T03:20:08.424+0000] {dag.py:2742} INFO - Sync 1 DAGs
[2023-08-09T03:20:08.456+0000] {logging_mixin.py:150} INFO - [2023-08-09T03:20:08.456+0000] {dag.py:3508} INFO - Setting next_dagrun for tutorial_taskflow_api to None, run_after=None
[2023-08-09T03:20:08.472+0000] {processor.py:179} INFO - Processing /home/airflow/.local/lib/python3.7/site-packages/airflow/example_dags/tutorial_taskflow_api.py took 0.103 seconds
[2023-08-09T03:20:39.168+0000] {processor.py:157} INFO - Started process (PID=1143) to work on /home/airflow/.local/lib/python3.7/site-packages/airflow/example_dags/tutorial_taskflow_api.py
[2023-08-09T03:20:39.168+0000] {processor.py:826} INFO - Processing file /home/airflow/.local/lib/python3.7/site-packages/airflow/example_dags/tutorial_taskflow_api.py for tasks to queue
[2023-08-09T03:20:39.171+0000] {logging_mixin.py:150} INFO - [2023-08-09T03:20:39.171+0000] {dagbag.py:541} INFO - Filling up the DagBag from /home/airflow/.local/lib/python3.7/site-packages/airflow/example_dags/tutorial_taskflow_api.py
[2023-08-09T03:20:39.178+0000] {processor.py:836} INFO - DAG(s) dict_keys(['tutorial_taskflow_api']) retrieved from /home/airflow/.local/lib/python3.7/site-packages/airflow/example_dags/tutorial_taskflow_api.py
[2023-08-09T03:20:39.209+0000] {logging_mixin.py:150} INFO - [2023-08-09T03:20:39.208+0000] {dag.py:2742} INFO - Sync 1 DAGs
[2023-08-09T03:20:39.240+0000] {logging_mixin.py:150} INFO - [2023-08-09T03:20:39.239+0000] {dag.py:3508} INFO - Setting next_dagrun for tutorial_taskflow_api to None, run_after=None
[2023-08-09T03:20:39.262+0000] {processor.py:179} INFO - Processing /home/airflow/.local/lib/python3.7/site-packages/airflow/example_dags/tutorial_taskflow_api.py took 0.098 seconds
[2023-08-09T03:21:09.324+0000] {processor.py:157} INFO - Started process (PID=1198) to work on /home/airflow/.local/lib/python3.7/site-packages/airflow/example_dags/tutorial_taskflow_api.py
[2023-08-09T03:21:09.325+0000] {processor.py:826} INFO - Processing file /home/airflow/.local/lib/python3.7/site-packages/airflow/example_dags/tutorial_taskflow_api.py for tasks to queue
[2023-08-09T03:21:09.328+0000] {logging_mixin.py:150} INFO - [2023-08-09T03:21:09.328+0000] {dagbag.py:541} INFO - Filling up the DagBag from /home/airflow/.local/lib/python3.7/site-packages/airflow/example_dags/tutorial_taskflow_api.py
[2023-08-09T03:21:09.338+0000] {processor.py:836} INFO - DAG(s) dict_keys(['tutorial_taskflow_api']) retrieved from /home/airflow/.local/lib/python3.7/site-packages/airflow/example_dags/tutorial_taskflow_api.py
[2023-08-09T03:21:09.383+0000] {logging_mixin.py:150} INFO - [2023-08-09T03:21:09.381+0000] {dag.py:2742} INFO - Sync 1 DAGs
[2023-08-09T03:21:09.427+0000] {logging_mixin.py:150} INFO - [2023-08-09T03:21:09.427+0000] {dag.py:3508} INFO - Setting next_dagrun for tutorial_taskflow_api to None, run_after=None
[2023-08-09T03:21:09.446+0000] {processor.py:179} INFO - Processing /home/airflow/.local/lib/python3.7/site-packages/airflow/example_dags/tutorial_taskflow_api.py took 0.127 seconds
[2023-08-09T03:21:39.582+0000] {processor.py:157} INFO - Started process (PID=1253) to work on /home/airflow/.local/lib/python3.7/site-packages/airflow/example_dags/tutorial_taskflow_api.py
[2023-08-09T03:21:39.583+0000] {processor.py:826} INFO - Processing file /home/airflow/.local/lib/python3.7/site-packages/airflow/example_dags/tutorial_taskflow_api.py for tasks to queue
[2023-08-09T03:21:39.587+0000] {logging_mixin.py:150} INFO - [2023-08-09T03:21:39.586+0000] {dagbag.py:541} INFO - Filling up the DagBag from /home/airflow/.local/lib/python3.7/site-packages/airflow/example_dags/tutorial_taskflow_api.py
[2023-08-09T03:21:39.597+0000] {processor.py:836} INFO - DAG(s) dict_keys(['tutorial_taskflow_api']) retrieved from /home/airflow/.local/lib/python3.7/site-packages/airflow/example_dags/tutorial_taskflow_api.py
[2023-08-09T03:21:39.636+0000] {logging_mixin.py:150} INFO - [2023-08-09T03:21:39.635+0000] {dag.py:2742} INFO - Sync 1 DAGs
[2023-08-09T03:21:39.672+0000] {logging_mixin.py:150} INFO - [2023-08-09T03:21:39.672+0000] {dag.py:3508} INFO - Setting next_dagrun for tutorial_taskflow_api to None, run_after=None
[2023-08-09T03:21:39.693+0000] {processor.py:179} INFO - Processing /home/airflow/.local/lib/python3.7/site-packages/airflow/example_dags/tutorial_taskflow_api.py took 0.117 seconds
[2023-08-09T03:22:09.833+0000] {processor.py:157} INFO - Started process (PID=1308) to work on /home/airflow/.local/lib/python3.7/site-packages/airflow/example_dags/tutorial_taskflow_api.py
[2023-08-09T03:22:09.834+0000] {processor.py:826} INFO - Processing file /home/airflow/.local/lib/python3.7/site-packages/airflow/example_dags/tutorial_taskflow_api.py for tasks to queue
[2023-08-09T03:22:09.838+0000] {logging_mixin.py:150} INFO - [2023-08-09T03:22:09.838+0000] {dagbag.py:541} INFO - Filling up the DagBag from /home/airflow/.local/lib/python3.7/site-packages/airflow/example_dags/tutorial_taskflow_api.py
[2023-08-09T03:22:09.847+0000] {processor.py:836} INFO - DAG(s) dict_keys(['tutorial_taskflow_api']) retrieved from /home/airflow/.local/lib/python3.7/site-packages/airflow/example_dags/tutorial_taskflow_api.py
[2023-08-09T03:22:09.882+0000] {logging_mixin.py:150} INFO - [2023-08-09T03:22:09.881+0000] {dag.py:2742} INFO - Sync 1 DAGs
[2023-08-09T03:22:09.919+0000] {logging_mixin.py:150} INFO - [2023-08-09T03:22:09.918+0000] {dag.py:3508} INFO - Setting next_dagrun for tutorial_taskflow_api to None, run_after=None
[2023-08-09T03:22:09.941+0000] {processor.py:179} INFO - Processing /home/airflow/.local/lib/python3.7/site-packages/airflow/example_dags/tutorial_taskflow_api.py took 0.114 seconds
[2023-08-09T03:22:39.987+0000] {processor.py:157} INFO - Started process (PID=1362) to work on /home/airflow/.local/lib/python3.7/site-packages/airflow/example_dags/tutorial_taskflow_api.py
[2023-08-09T03:22:39.988+0000] {processor.py:826} INFO - Processing file /home/airflow/.local/lib/python3.7/site-packages/airflow/example_dags/tutorial_taskflow_api.py for tasks to queue
[2023-08-09T03:22:39.990+0000] {logging_mixin.py:150} INFO - [2023-08-09T03:22:39.990+0000] {dagbag.py:541} INFO - Filling up the DagBag from /home/airflow/.local/lib/python3.7/site-packages/airflow/example_dags/tutorial_taskflow_api.py
[2023-08-09T03:22:39.995+0000] {processor.py:836} INFO - DAG(s) dict_keys(['tutorial_taskflow_api']) retrieved from /home/airflow/.local/lib/python3.7/site-packages/airflow/example_dags/tutorial_taskflow_api.py
[2023-08-09T03:22:40.021+0000] {logging_mixin.py:150} INFO - [2023-08-09T03:22:40.020+0000] {dag.py:2742} INFO - Sync 1 DAGs
[2023-08-09T03:22:40.050+0000] {logging_mixin.py:150} INFO - [2023-08-09T03:22:40.050+0000] {dag.py:3508} INFO - Setting next_dagrun for tutorial_taskflow_api to None, run_after=None
[2023-08-09T03:22:40.067+0000] {processor.py:179} INFO - Processing /home/airflow/.local/lib/python3.7/site-packages/airflow/example_dags/tutorial_taskflow_api.py took 0.082 seconds
[2023-08-09T03:23:10.259+0000] {processor.py:157} INFO - Started process (PID=1417) to work on /home/airflow/.local/lib/python3.7/site-packages/airflow/example_dags/tutorial_taskflow_api.py
[2023-08-09T03:23:10.260+0000] {processor.py:826} INFO - Processing file /home/airflow/.local/lib/python3.7/site-packages/airflow/example_dags/tutorial_taskflow_api.py for tasks to queue
[2023-08-09T03:23:10.264+0000] {logging_mixin.py:150} INFO - [2023-08-09T03:23:10.264+0000] {dagbag.py:541} INFO - Filling up the DagBag from /home/airflow/.local/lib/python3.7/site-packages/airflow/example_dags/tutorial_taskflow_api.py
[2023-08-09T03:23:10.274+0000] {processor.py:836} INFO - DAG(s) dict_keys(['tutorial_taskflow_api']) retrieved from /home/airflow/.local/lib/python3.7/site-packages/airflow/example_dags/tutorial_taskflow_api.py
[2023-08-09T03:23:10.308+0000] {logging_mixin.py:150} INFO - [2023-08-09T03:23:10.307+0000] {dag.py:2742} INFO - Sync 1 DAGs
[2023-08-09T03:23:10.331+0000] {logging_mixin.py:150} INFO - [2023-08-09T03:23:10.330+0000] {dag.py:3508} INFO - Setting next_dagrun for tutorial_taskflow_api to None, run_after=None
[2023-08-09T03:23:10.347+0000] {processor.py:179} INFO - Processing /home/airflow/.local/lib/python3.7/site-packages/airflow/example_dags/tutorial_taskflow_api.py took 0.093 seconds
[2023-08-09T03:23:40.594+0000] {processor.py:157} INFO - Started process (PID=1472) to work on /home/airflow/.local/lib/python3.7/site-packages/airflow/example_dags/tutorial_taskflow_api.py
[2023-08-09T03:23:40.595+0000] {processor.py:826} INFO - Processing file /home/airflow/.local/lib/python3.7/site-packages/airflow/example_dags/tutorial_taskflow_api.py for tasks to queue
[2023-08-09T03:23:40.600+0000] {logging_mixin.py:150} INFO - [2023-08-09T03:23:40.599+0000] {dagbag.py:541} INFO - Filling up the DagBag from /home/airflow/.local/lib/python3.7/site-packages/airflow/example_dags/tutorial_taskflow_api.py
[2023-08-09T03:23:40.611+0000] {processor.py:836} INFO - DAG(s) dict_keys(['tutorial_taskflow_api']) retrieved from /home/airflow/.local/lib/python3.7/site-packages/airflow/example_dags/tutorial_taskflow_api.py
[2023-08-09T03:23:40.646+0000] {logging_mixin.py:150} INFO - [2023-08-09T03:23:40.646+0000] {dag.py:2742} INFO - Sync 1 DAGs
[2023-08-09T03:23:40.677+0000] {logging_mixin.py:150} INFO - [2023-08-09T03:23:40.677+0000] {dag.py:3508} INFO - Setting next_dagrun for tutorial_taskflow_api to None, run_after=None
[2023-08-09T03:23:40.695+0000] {processor.py:179} INFO - Processing /home/airflow/.local/lib/python3.7/site-packages/airflow/example_dags/tutorial_taskflow_api.py took 0.106 seconds
[2023-08-09T03:24:10.760+0000] {processor.py:157} INFO - Started process (PID=1527) to work on /home/airflow/.local/lib/python3.7/site-packages/airflow/example_dags/tutorial_taskflow_api.py
[2023-08-09T03:24:10.761+0000] {processor.py:826} INFO - Processing file /home/airflow/.local/lib/python3.7/site-packages/airflow/example_dags/tutorial_taskflow_api.py for tasks to queue
[2023-08-09T03:24:10.765+0000] {logging_mixin.py:150} INFO - [2023-08-09T03:24:10.765+0000] {dagbag.py:541} INFO - Filling up the DagBag from /home/airflow/.local/lib/python3.7/site-packages/airflow/example_dags/tutorial_taskflow_api.py
[2023-08-09T03:24:10.775+0000] {processor.py:836} INFO - DAG(s) dict_keys(['tutorial_taskflow_api']) retrieved from /home/airflow/.local/lib/python3.7/site-packages/airflow/example_dags/tutorial_taskflow_api.py
[2023-08-09T03:24:10.812+0000] {logging_mixin.py:150} INFO - [2023-08-09T03:24:10.811+0000] {dag.py:2742} INFO - Sync 1 DAGs
[2023-08-09T03:24:10.843+0000] {logging_mixin.py:150} INFO - [2023-08-09T03:24:10.843+0000] {dag.py:3508} INFO - Setting next_dagrun for tutorial_taskflow_api to None, run_after=None
[2023-08-09T03:24:10.864+0000] {processor.py:179} INFO - Processing /home/airflow/.local/lib/python3.7/site-packages/airflow/example_dags/tutorial_taskflow_api.py took 0.109 seconds
[2023-08-09T03:24:40.912+0000] {processor.py:157} INFO - Started process (PID=1581) to work on /home/airflow/.local/lib/python3.7/site-packages/airflow/example_dags/tutorial_taskflow_api.py
[2023-08-09T03:24:40.913+0000] {processor.py:826} INFO - Processing file /home/airflow/.local/lib/python3.7/site-packages/airflow/example_dags/tutorial_taskflow_api.py for tasks to queue
[2023-08-09T03:24:40.916+0000] {logging_mixin.py:150} INFO - [2023-08-09T03:24:40.916+0000] {dagbag.py:541} INFO - Filling up the DagBag from /home/airflow/.local/lib/python3.7/site-packages/airflow/example_dags/tutorial_taskflow_api.py
[2023-08-09T03:24:40.926+0000] {processor.py:836} INFO - DAG(s) dict_keys(['tutorial_taskflow_api']) retrieved from /home/airflow/.local/lib/python3.7/site-packages/airflow/example_dags/tutorial_taskflow_api.py
[2023-08-09T03:24:40.962+0000] {logging_mixin.py:150} INFO - [2023-08-09T03:24:40.961+0000] {dag.py:2742} INFO - Sync 1 DAGs
[2023-08-09T03:24:40.996+0000] {logging_mixin.py:150} INFO - [2023-08-09T03:24:40.996+0000] {dag.py:3508} INFO - Setting next_dagrun for tutorial_taskflow_api to None, run_after=None
[2023-08-09T03:24:41.013+0000] {processor.py:179} INFO - Processing /home/airflow/.local/lib/python3.7/site-packages/airflow/example_dags/tutorial_taskflow_api.py took 0.106 seconds
[2023-08-09T03:25:11.274+0000] {processor.py:157} INFO - Started process (PID=1636) to work on /home/airflow/.local/lib/python3.7/site-packages/airflow/example_dags/tutorial_taskflow_api.py
[2023-08-09T03:25:11.275+0000] {processor.py:826} INFO - Processing file /home/airflow/.local/lib/python3.7/site-packages/airflow/example_dags/tutorial_taskflow_api.py for tasks to queue
[2023-08-09T03:25:11.279+0000] {logging_mixin.py:150} INFO - [2023-08-09T03:25:11.279+0000] {dagbag.py:541} INFO - Filling up the DagBag from /home/airflow/.local/lib/python3.7/site-packages/airflow/example_dags/tutorial_taskflow_api.py
[2023-08-09T03:25:11.288+0000] {processor.py:836} INFO - DAG(s) dict_keys(['tutorial_taskflow_api']) retrieved from /home/airflow/.local/lib/python3.7/site-packages/airflow/example_dags/tutorial_taskflow_api.py
[2023-08-09T03:25:11.323+0000] {logging_mixin.py:150} INFO - [2023-08-09T03:25:11.322+0000] {dag.py:2742} INFO - Sync 1 DAGs
[2023-08-09T03:25:11.352+0000] {logging_mixin.py:150} INFO - [2023-08-09T03:25:11.352+0000] {dag.py:3508} INFO - Setting next_dagrun for tutorial_taskflow_api to None, run_after=None
[2023-08-09T03:25:11.369+0000] {processor.py:179} INFO - Processing /home/airflow/.local/lib/python3.7/site-packages/airflow/example_dags/tutorial_taskflow_api.py took 0.101 seconds
[2023-08-09T03:25:41.581+0000] {processor.py:157} INFO - Started process (PID=1691) to work on /home/airflow/.local/lib/python3.7/site-packages/airflow/example_dags/tutorial_taskflow_api.py
[2023-08-09T03:25:41.582+0000] {processor.py:826} INFO - Processing file /home/airflow/.local/lib/python3.7/site-packages/airflow/example_dags/tutorial_taskflow_api.py for tasks to queue
[2023-08-09T03:25:41.585+0000] {logging_mixin.py:150} INFO - [2023-08-09T03:25:41.584+0000] {dagbag.py:541} INFO - Filling up the DagBag from /home/airflow/.local/lib/python3.7/site-packages/airflow/example_dags/tutorial_taskflow_api.py
[2023-08-09T03:25:41.594+0000] {processor.py:836} INFO - DAG(s) dict_keys(['tutorial_taskflow_api']) retrieved from /home/airflow/.local/lib/python3.7/site-packages/airflow/example_dags/tutorial_taskflow_api.py
[2023-08-09T03:25:41.630+0000] {logging_mixin.py:150} INFO - [2023-08-09T03:25:41.629+0000] {dag.py:2742} INFO - Sync 1 DAGs
[2023-08-09T03:25:41.660+0000] {logging_mixin.py:150} INFO - [2023-08-09T03:25:41.660+0000] {dag.py:3508} INFO - Setting next_dagrun for tutorial_taskflow_api to None, run_after=None
[2023-08-09T03:25:41.676+0000] {processor.py:179} INFO - Processing /home/airflow/.local/lib/python3.7/site-packages/airflow/example_dags/tutorial_taskflow_api.py took 0.101 seconds
[2023-08-09T03:26:11.927+0000] {processor.py:157} INFO - Started process (PID=1745) to work on /home/airflow/.local/lib/python3.7/site-packages/airflow/example_dags/tutorial_taskflow_api.py
[2023-08-09T03:26:11.928+0000] {processor.py:826} INFO - Processing file /home/airflow/.local/lib/python3.7/site-packages/airflow/example_dags/tutorial_taskflow_api.py for tasks to queue
[2023-08-09T03:26:11.930+0000] {logging_mixin.py:150} INFO - [2023-08-09T03:26:11.930+0000] {dagbag.py:541} INFO - Filling up the DagBag from /home/airflow/.local/lib/python3.7/site-packages/airflow/example_dags/tutorial_taskflow_api.py
[2023-08-09T03:26:11.935+0000] {processor.py:836} INFO - DAG(s) dict_keys(['tutorial_taskflow_api']) retrieved from /home/airflow/.local/lib/python3.7/site-packages/airflow/example_dags/tutorial_taskflow_api.py
[2023-08-09T03:26:11.956+0000] {logging_mixin.py:150} INFO - [2023-08-09T03:26:11.955+0000] {dag.py:2742} INFO - Sync 1 DAGs
[2023-08-09T03:26:11.979+0000] {logging_mixin.py:150} INFO - [2023-08-09T03:26:11.979+0000] {dag.py:3508} INFO - Setting next_dagrun for tutorial_taskflow_api to None, run_after=None
[2023-08-09T03:26:11.997+0000] {processor.py:179} INFO - Processing /home/airflow/.local/lib/python3.7/site-packages/airflow/example_dags/tutorial_taskflow_api.py took 0.073 seconds
[2023-08-09T03:26:42.064+0000] {processor.py:157} INFO - Started process (PID=1800) to work on /home/airflow/.local/lib/python3.7/site-packages/airflow/example_dags/tutorial_taskflow_api.py
[2023-08-09T03:26:42.065+0000] {processor.py:826} INFO - Processing file /home/airflow/.local/lib/python3.7/site-packages/airflow/example_dags/tutorial_taskflow_api.py for tasks to queue
[2023-08-09T03:26:42.067+0000] {logging_mixin.py:150} INFO - [2023-08-09T03:26:42.067+0000] {dagbag.py:541} INFO - Filling up the DagBag from /home/airflow/.local/lib/python3.7/site-packages/airflow/example_dags/tutorial_taskflow_api.py
[2023-08-09T03:26:42.073+0000] {processor.py:836} INFO - DAG(s) dict_keys(['tutorial_taskflow_api']) retrieved from /home/airflow/.local/lib/python3.7/site-packages/airflow/example_dags/tutorial_taskflow_api.py
[2023-08-09T03:26:42.101+0000] {logging_mixin.py:150} INFO - [2023-08-09T03:26:42.100+0000] {dag.py:2742} INFO - Sync 1 DAGs
[2023-08-09T03:26:42.136+0000] {logging_mixin.py:150} INFO - [2023-08-09T03:26:42.136+0000] {dag.py:3508} INFO - Setting next_dagrun for tutorial_taskflow_api to None, run_after=None
[2023-08-09T03:26:42.157+0000] {processor.py:179} INFO - Processing /home/airflow/.local/lib/python3.7/site-packages/airflow/example_dags/tutorial_taskflow_api.py took 0.095 seconds
[2023-08-09T03:27:12.269+0000] {processor.py:157} INFO - Started process (PID=1854) to work on /home/airflow/.local/lib/python3.7/site-packages/airflow/example_dags/tutorial_taskflow_api.py
[2023-08-09T03:27:12.270+0000] {processor.py:826} INFO - Processing file /home/airflow/.local/lib/python3.7/site-packages/airflow/example_dags/tutorial_taskflow_api.py for tasks to queue
[2023-08-09T03:27:12.272+0000] {logging_mixin.py:150} INFO - [2023-08-09T03:27:12.271+0000] {dagbag.py:541} INFO - Filling up the DagBag from /home/airflow/.local/lib/python3.7/site-packages/airflow/example_dags/tutorial_taskflow_api.py
[2023-08-09T03:27:12.278+0000] {processor.py:836} INFO - DAG(s) dict_keys(['tutorial_taskflow_api']) retrieved from /home/airflow/.local/lib/python3.7/site-packages/airflow/example_dags/tutorial_taskflow_api.py
[2023-08-09T03:27:12.299+0000] {logging_mixin.py:150} INFO - [2023-08-09T03:27:12.299+0000] {dag.py:2742} INFO - Sync 1 DAGs
[2023-08-09T03:27:12.322+0000] {logging_mixin.py:150} INFO - [2023-08-09T03:27:12.322+0000] {dag.py:3508} INFO - Setting next_dagrun for tutorial_taskflow_api to None, run_after=None
[2023-08-09T03:27:12.339+0000] {processor.py:179} INFO - Processing /home/airflow/.local/lib/python3.7/site-packages/airflow/example_dags/tutorial_taskflow_api.py took 0.073 seconds
[2023-08-09T03:27:42.652+0000] {processor.py:157} INFO - Started process (PID=1909) to work on /home/airflow/.local/lib/python3.7/site-packages/airflow/example_dags/tutorial_taskflow_api.py
[2023-08-09T03:27:42.653+0000] {processor.py:826} INFO - Processing file /home/airflow/.local/lib/python3.7/site-packages/airflow/example_dags/tutorial_taskflow_api.py for tasks to queue
[2023-08-09T03:27:42.654+0000] {logging_mixin.py:150} INFO - [2023-08-09T03:27:42.654+0000] {dagbag.py:541} INFO - Filling up the DagBag from /home/airflow/.local/lib/python3.7/site-packages/airflow/example_dags/tutorial_taskflow_api.py
[2023-08-09T03:27:42.660+0000] {processor.py:836} INFO - DAG(s) dict_keys(['tutorial_taskflow_api']) retrieved from /home/airflow/.local/lib/python3.7/site-packages/airflow/example_dags/tutorial_taskflow_api.py
[2023-08-09T03:27:42.682+0000] {logging_mixin.py:150} INFO - [2023-08-09T03:27:42.682+0000] {dag.py:2742} INFO - Sync 1 DAGs
[2023-08-09T03:27:42.708+0000] {logging_mixin.py:150} INFO - [2023-08-09T03:27:42.708+0000] {dag.py:3508} INFO - Setting next_dagrun for tutorial_taskflow_api to None, run_after=None
[2023-08-09T03:27:42.730+0000] {processor.py:179} INFO - Processing /home/airflow/.local/lib/python3.7/site-packages/airflow/example_dags/tutorial_taskflow_api.py took 0.082 seconds
[2023-08-09T03:28:12.985+0000] {processor.py:157} INFO - Started process (PID=1964) to work on /home/airflow/.local/lib/python3.7/site-packages/airflow/example_dags/tutorial_taskflow_api.py
[2023-08-09T03:28:12.986+0000] {processor.py:826} INFO - Processing file /home/airflow/.local/lib/python3.7/site-packages/airflow/example_dags/tutorial_taskflow_api.py for tasks to queue
[2023-08-09T03:28:12.989+0000] {logging_mixin.py:150} INFO - [2023-08-09T03:28:12.989+0000] {dagbag.py:541} INFO - Filling up the DagBag from /home/airflow/.local/lib/python3.7/site-packages/airflow/example_dags/tutorial_taskflow_api.py
[2023-08-09T03:28:12.999+0000] {processor.py:836} INFO - DAG(s) dict_keys(['tutorial_taskflow_api']) retrieved from /home/airflow/.local/lib/python3.7/site-packages/airflow/example_dags/tutorial_taskflow_api.py
[2023-08-09T03:28:13.042+0000] {logging_mixin.py:150} INFO - [2023-08-09T03:28:13.042+0000] {dag.py:2742} INFO - Sync 1 DAGs
[2023-08-09T03:28:13.087+0000] {logging_mixin.py:150} INFO - [2023-08-09T03:28:13.087+0000] {dag.py:3508} INFO - Setting next_dagrun for tutorial_taskflow_api to None, run_after=None
[2023-08-09T03:28:13.123+0000] {processor.py:179} INFO - Processing /home/airflow/.local/lib/python3.7/site-packages/airflow/example_dags/tutorial_taskflow_api.py took 0.144 seconds
[2023-08-09T03:28:43.164+0000] {processor.py:157} INFO - Started process (PID=2020) to work on /home/airflow/.local/lib/python3.7/site-packages/airflow/example_dags/tutorial_taskflow_api.py
[2023-08-09T03:28:43.165+0000] {processor.py:826} INFO - Processing file /home/airflow/.local/lib/python3.7/site-packages/airflow/example_dags/tutorial_taskflow_api.py for tasks to queue
[2023-08-09T03:28:43.168+0000] {logging_mixin.py:150} INFO - [2023-08-09T03:28:43.167+0000] {dagbag.py:541} INFO - Filling up the DagBag from /home/airflow/.local/lib/python3.7/site-packages/airflow/example_dags/tutorial_taskflow_api.py
[2023-08-09T03:28:43.177+0000] {processor.py:836} INFO - DAG(s) dict_keys(['tutorial_taskflow_api']) retrieved from /home/airflow/.local/lib/python3.7/site-packages/airflow/example_dags/tutorial_taskflow_api.py
[2023-08-09T03:28:43.221+0000] {logging_mixin.py:150} INFO - [2023-08-09T03:28:43.221+0000] {dag.py:2742} INFO - Sync 1 DAGs
[2023-08-09T03:28:43.256+0000] {logging_mixin.py:150} INFO - [2023-08-09T03:28:43.255+0000] {dag.py:3508} INFO - Setting next_dagrun for tutorial_taskflow_api to None, run_after=None
[2023-08-09T03:28:43.280+0000] {processor.py:179} INFO - Processing /home/airflow/.local/lib/python3.7/site-packages/airflow/example_dags/tutorial_taskflow_api.py took 0.122 seconds
[2023-08-09T03:29:13.785+0000] {processor.py:157} INFO - Started process (PID=2075) to work on /home/airflow/.local/lib/python3.7/site-packages/airflow/example_dags/tutorial_taskflow_api.py
[2023-08-09T03:29:13.785+0000] {processor.py:826} INFO - Processing file /home/airflow/.local/lib/python3.7/site-packages/airflow/example_dags/tutorial_taskflow_api.py for tasks to queue
[2023-08-09T03:29:13.788+0000] {logging_mixin.py:150} INFO - [2023-08-09T03:29:13.787+0000] {dagbag.py:541} INFO - Filling up the DagBag from /home/airflow/.local/lib/python3.7/site-packages/airflow/example_dags/tutorial_taskflow_api.py
[2023-08-09T03:29:13.795+0000] {processor.py:836} INFO - DAG(s) dict_keys(['tutorial_taskflow_api']) retrieved from /home/airflow/.local/lib/python3.7/site-packages/airflow/example_dags/tutorial_taskflow_api.py
[2023-08-09T03:29:13.820+0000] {logging_mixin.py:150} INFO - [2023-08-09T03:29:13.819+0000] {dag.py:2742} INFO - Sync 1 DAGs
[2023-08-09T03:29:13.842+0000] {logging_mixin.py:150} INFO - [2023-08-09T03:29:13.842+0000] {dag.py:3508} INFO - Setting next_dagrun for tutorial_taskflow_api to None, run_after=None
[2023-08-09T03:29:13.859+0000] {processor.py:179} INFO - Processing /home/airflow/.local/lib/python3.7/site-packages/airflow/example_dags/tutorial_taskflow_api.py took 0.078 seconds
[2023-08-09T03:29:43.920+0000] {processor.py:157} INFO - Started process (PID=2130) to work on /home/airflow/.local/lib/python3.7/site-packages/airflow/example_dags/tutorial_taskflow_api.py
[2023-08-09T03:29:43.920+0000] {processor.py:826} INFO - Processing file /home/airflow/.local/lib/python3.7/site-packages/airflow/example_dags/tutorial_taskflow_api.py for tasks to queue
[2023-08-09T03:29:43.921+0000] {logging_mixin.py:150} INFO - [2023-08-09T03:29:43.921+0000] {dagbag.py:541} INFO - Filling up the DagBag from /home/airflow/.local/lib/python3.7/site-packages/airflow/example_dags/tutorial_taskflow_api.py
[2023-08-09T03:29:43.927+0000] {processor.py:836} INFO - DAG(s) dict_keys(['tutorial_taskflow_api']) retrieved from /home/airflow/.local/lib/python3.7/site-packages/airflow/example_dags/tutorial_taskflow_api.py
[2023-08-09T03:29:43.947+0000] {logging_mixin.py:150} INFO - [2023-08-09T03:29:43.947+0000] {dag.py:2742} INFO - Sync 1 DAGs
[2023-08-09T03:29:43.976+0000] {logging_mixin.py:150} INFO - [2023-08-09T03:29:43.976+0000] {dag.py:3508} INFO - Setting next_dagrun for tutorial_taskflow_api to None, run_after=None
[2023-08-09T03:29:44.013+0000] {processor.py:179} INFO - Processing /home/airflow/.local/lib/python3.7/site-packages/airflow/example_dags/tutorial_taskflow_api.py took 0.097 seconds
[2023-08-09T03:30:14.712+0000] {processor.py:157} INFO - Started process (PID=2185) to work on /home/airflow/.local/lib/python3.7/site-packages/airflow/example_dags/tutorial_taskflow_api.py
[2023-08-09T03:30:14.714+0000] {processor.py:826} INFO - Processing file /home/airflow/.local/lib/python3.7/site-packages/airflow/example_dags/tutorial_taskflow_api.py for tasks to queue
[2023-08-09T03:30:14.715+0000] {logging_mixin.py:150} INFO - [2023-08-09T03:30:14.715+0000] {dagbag.py:541} INFO - Filling up the DagBag from /home/airflow/.local/lib/python3.7/site-packages/airflow/example_dags/tutorial_taskflow_api.py
[2023-08-09T03:30:14.726+0000] {processor.py:836} INFO - DAG(s) dict_keys(['tutorial_taskflow_api']) retrieved from /home/airflow/.local/lib/python3.7/site-packages/airflow/example_dags/tutorial_taskflow_api.py
[2023-08-09T03:30:14.797+0000] {logging_mixin.py:150} INFO - [2023-08-09T03:30:14.797+0000] {dag.py:2742} INFO - Sync 1 DAGs
[2023-08-09T03:30:14.830+0000] {logging_mixin.py:150} INFO - [2023-08-09T03:30:14.829+0000] {dag.py:3508} INFO - Setting next_dagrun for tutorial_taskflow_api to None, run_after=None
[2023-08-09T03:30:14.845+0000] {processor.py:179} INFO - Processing /home/airflow/.local/lib/python3.7/site-packages/airflow/example_dags/tutorial_taskflow_api.py took 0.140 seconds
[2023-08-09T03:30:45.032+0000] {processor.py:157} INFO - Started process (PID=2241) to work on /home/airflow/.local/lib/python3.7/site-packages/airflow/example_dags/tutorial_taskflow_api.py
[2023-08-09T03:30:45.032+0000] {processor.py:826} INFO - Processing file /home/airflow/.local/lib/python3.7/site-packages/airflow/example_dags/tutorial_taskflow_api.py for tasks to queue
[2023-08-09T03:30:45.033+0000] {logging_mixin.py:150} INFO - [2023-08-09T03:30:45.033+0000] {dagbag.py:541} INFO - Filling up the DagBag from /home/airflow/.local/lib/python3.7/site-packages/airflow/example_dags/tutorial_taskflow_api.py
[2023-08-09T03:30:45.039+0000] {processor.py:836} INFO - DAG(s) dict_keys(['tutorial_taskflow_api']) retrieved from /home/airflow/.local/lib/python3.7/site-packages/airflow/example_dags/tutorial_taskflow_api.py
[2023-08-09T03:30:45.061+0000] {logging_mixin.py:150} INFO - [2023-08-09T03:30:45.060+0000] {dag.py:2742} INFO - Sync 1 DAGs
[2023-08-09T03:30:45.088+0000] {logging_mixin.py:150} INFO - [2023-08-09T03:30:45.088+0000] {dag.py:3508} INFO - Setting next_dagrun for tutorial_taskflow_api to None, run_after=None
[2023-08-09T03:30:45.104+0000] {processor.py:179} INFO - Processing /home/airflow/.local/lib/python3.7/site-packages/airflow/example_dags/tutorial_taskflow_api.py took 0.076 seconds
[2023-08-09T03:31:15.501+0000] {processor.py:157} INFO - Started process (PID=2298) to work on /home/airflow/.local/lib/python3.7/site-packages/airflow/example_dags/tutorial_taskflow_api.py
[2023-08-09T03:31:15.502+0000] {processor.py:826} INFO - Processing file /home/airflow/.local/lib/python3.7/site-packages/airflow/example_dags/tutorial_taskflow_api.py for tasks to queue
[2023-08-09T03:31:15.502+0000] {logging_mixin.py:150} INFO - [2023-08-09T03:31:15.502+0000] {dagbag.py:541} INFO - Filling up the DagBag from /home/airflow/.local/lib/python3.7/site-packages/airflow/example_dags/tutorial_taskflow_api.py
[2023-08-09T03:31:15.508+0000] {processor.py:836} INFO - DAG(s) dict_keys(['tutorial_taskflow_api']) retrieved from /home/airflow/.local/lib/python3.7/site-packages/airflow/example_dags/tutorial_taskflow_api.py
[2023-08-09T03:31:15.535+0000] {logging_mixin.py:150} INFO - [2023-08-09T03:31:15.535+0000] {dag.py:2742} INFO - Sync 1 DAGs
[2023-08-09T03:31:15.569+0000] {logging_mixin.py:150} INFO - [2023-08-09T03:31:15.569+0000] {dag.py:3508} INFO - Setting next_dagrun for tutorial_taskflow_api to None, run_after=None
[2023-08-09T03:31:15.587+0000] {processor.py:179} INFO - Processing /home/airflow/.local/lib/python3.7/site-packages/airflow/example_dags/tutorial_taskflow_api.py took 0.089 seconds
[2023-08-09T03:31:46.524+0000] {processor.py:157} INFO - Started process (PID=2354) to work on /home/airflow/.local/lib/python3.7/site-packages/airflow/example_dags/tutorial_taskflow_api.py
[2023-08-09T03:31:46.525+0000] {processor.py:826} INFO - Processing file /home/airflow/.local/lib/python3.7/site-packages/airflow/example_dags/tutorial_taskflow_api.py for tasks to queue
[2023-08-09T03:31:46.526+0000] {logging_mixin.py:150} INFO - [2023-08-09T03:31:46.526+0000] {dagbag.py:541} INFO - Filling up the DagBag from /home/airflow/.local/lib/python3.7/site-packages/airflow/example_dags/tutorial_taskflow_api.py
[2023-08-09T03:31:46.534+0000] {processor.py:836} INFO - DAG(s) dict_keys(['tutorial_taskflow_api']) retrieved from /home/airflow/.local/lib/python3.7/site-packages/airflow/example_dags/tutorial_taskflow_api.py
[2023-08-09T03:31:46.564+0000] {logging_mixin.py:150} INFO - [2023-08-09T03:31:46.564+0000] {dag.py:2742} INFO - Sync 1 DAGs
[2023-08-09T03:31:46.601+0000] {logging_mixin.py:150} INFO - [2023-08-09T03:31:46.601+0000] {dag.py:3508} INFO - Setting next_dagrun for tutorial_taskflow_api to None, run_after=None
[2023-08-09T03:31:46.626+0000] {processor.py:179} INFO - Processing /home/airflow/.local/lib/python3.7/site-packages/airflow/example_dags/tutorial_taskflow_api.py took 0.106 seconds
[2023-08-09T03:32:17.082+0000] {processor.py:157} INFO - Started process (PID=2409) to work on /home/airflow/.local/lib/python3.7/site-packages/airflow/example_dags/tutorial_taskflow_api.py
[2023-08-09T03:32:17.082+0000] {processor.py:826} INFO - Processing file /home/airflow/.local/lib/python3.7/site-packages/airflow/example_dags/tutorial_taskflow_api.py for tasks to queue
[2023-08-09T03:32:17.083+0000] {logging_mixin.py:150} INFO - [2023-08-09T03:32:17.083+0000] {dagbag.py:541} INFO - Filling up the DagBag from /home/airflow/.local/lib/python3.7/site-packages/airflow/example_dags/tutorial_taskflow_api.py
[2023-08-09T03:32:17.089+0000] {processor.py:836} INFO - DAG(s) dict_keys(['tutorial_taskflow_api']) retrieved from /home/airflow/.local/lib/python3.7/site-packages/airflow/example_dags/tutorial_taskflow_api.py
[2023-08-09T03:32:17.112+0000] {logging_mixin.py:150} INFO - [2023-08-09T03:32:17.112+0000] {dag.py:2742} INFO - Sync 1 DAGs
[2023-08-09T03:32:17.136+0000] {logging_mixin.py:150} INFO - [2023-08-09T03:32:17.136+0000] {dag.py:3508} INFO - Setting next_dagrun for tutorial_taskflow_api to None, run_after=None
[2023-08-09T03:32:17.158+0000] {processor.py:179} INFO - Processing /home/airflow/.local/lib/python3.7/site-packages/airflow/example_dags/tutorial_taskflow_api.py took 0.079 seconds
[2023-08-09T03:32:47.388+0000] {processor.py:157} INFO - Started process (PID=2466) to work on /home/airflow/.local/lib/python3.7/site-packages/airflow/example_dags/tutorial_taskflow_api.py
[2023-08-09T03:32:47.389+0000] {processor.py:826} INFO - Processing file /home/airflow/.local/lib/python3.7/site-packages/airflow/example_dags/tutorial_taskflow_api.py for tasks to queue
[2023-08-09T03:32:47.390+0000] {logging_mixin.py:150} INFO - [2023-08-09T03:32:47.389+0000] {dagbag.py:541} INFO - Filling up the DagBag from /home/airflow/.local/lib/python3.7/site-packages/airflow/example_dags/tutorial_taskflow_api.py
[2023-08-09T03:32:47.396+0000] {processor.py:836} INFO - DAG(s) dict_keys(['tutorial_taskflow_api']) retrieved from /home/airflow/.local/lib/python3.7/site-packages/airflow/example_dags/tutorial_taskflow_api.py
[2023-08-09T03:32:47.418+0000] {logging_mixin.py:150} INFO - [2023-08-09T03:32:47.418+0000] {dag.py:2742} INFO - Sync 1 DAGs
[2023-08-09T03:32:47.442+0000] {logging_mixin.py:150} INFO - [2023-08-09T03:32:47.442+0000] {dag.py:3508} INFO - Setting next_dagrun for tutorial_taskflow_api to None, run_after=None
[2023-08-09T03:32:47.460+0000] {processor.py:179} INFO - Processing /home/airflow/.local/lib/python3.7/site-packages/airflow/example_dags/tutorial_taskflow_api.py took 0.074 seconds
[2023-08-09T03:33:17.646+0000] {processor.py:157} INFO - Started process (PID=2520) to work on /home/airflow/.local/lib/python3.7/site-packages/airflow/example_dags/tutorial_taskflow_api.py
[2023-08-09T03:33:17.646+0000] {processor.py:826} INFO - Processing file /home/airflow/.local/lib/python3.7/site-packages/airflow/example_dags/tutorial_taskflow_api.py for tasks to queue
[2023-08-09T03:33:17.647+0000] {logging_mixin.py:150} INFO - [2023-08-09T03:33:17.647+0000] {dagbag.py:541} INFO - Filling up the DagBag from /home/airflow/.local/lib/python3.7/site-packages/airflow/example_dags/tutorial_taskflow_api.py
[2023-08-09T03:33:17.653+0000] {processor.py:836} INFO - DAG(s) dict_keys(['tutorial_taskflow_api']) retrieved from /home/airflow/.local/lib/python3.7/site-packages/airflow/example_dags/tutorial_taskflow_api.py
[2023-08-09T03:33:17.680+0000] {logging_mixin.py:150} INFO - [2023-08-09T03:33:17.680+0000] {dag.py:2742} INFO - Sync 1 DAGs
[2023-08-09T03:33:17.704+0000] {logging_mixin.py:150} INFO - [2023-08-09T03:33:17.704+0000] {dag.py:3508} INFO - Setting next_dagrun for tutorial_taskflow_api to None, run_after=None
[2023-08-09T03:33:17.721+0000] {processor.py:179} INFO - Processing /home/airflow/.local/lib/python3.7/site-packages/airflow/example_dags/tutorial_taskflow_api.py took 0.079 seconds
[2023-08-09T03:33:47.999+0000] {processor.py:157} INFO - Started process (PID=2575) to work on /home/airflow/.local/lib/python3.7/site-packages/airflow/example_dags/tutorial_taskflow_api.py
[2023-08-09T03:33:48.000+0000] {processor.py:826} INFO - Processing file /home/airflow/.local/lib/python3.7/site-packages/airflow/example_dags/tutorial_taskflow_api.py for tasks to queue
[2023-08-09T03:33:48.001+0000] {logging_mixin.py:150} INFO - [2023-08-09T03:33:48.001+0000] {dagbag.py:541} INFO - Filling up the DagBag from /home/airflow/.local/lib/python3.7/site-packages/airflow/example_dags/tutorial_taskflow_api.py
[2023-08-09T03:33:48.009+0000] {processor.py:836} INFO - DAG(s) dict_keys(['tutorial_taskflow_api']) retrieved from /home/airflow/.local/lib/python3.7/site-packages/airflow/example_dags/tutorial_taskflow_api.py
[2023-08-09T03:33:48.043+0000] {logging_mixin.py:150} INFO - [2023-08-09T03:33:48.043+0000] {dag.py:2742} INFO - Sync 1 DAGs
[2023-08-09T03:33:48.083+0000] {logging_mixin.py:150} INFO - [2023-08-09T03:33:48.082+0000] {dag.py:3508} INFO - Setting next_dagrun for tutorial_taskflow_api to None, run_after=None
[2023-08-09T03:33:48.112+0000] {processor.py:179} INFO - Processing /home/airflow/.local/lib/python3.7/site-packages/airflow/example_dags/tutorial_taskflow_api.py took 0.116 seconds
[2023-08-09T03:34:18.298+0000] {processor.py:157} INFO - Started process (PID=2632) to work on /home/airflow/.local/lib/python3.7/site-packages/airflow/example_dags/tutorial_taskflow_api.py
[2023-08-09T03:34:18.298+0000] {processor.py:826} INFO - Processing file /home/airflow/.local/lib/python3.7/site-packages/airflow/example_dags/tutorial_taskflow_api.py for tasks to queue
[2023-08-09T03:34:18.300+0000] {logging_mixin.py:150} INFO - [2023-08-09T03:34:18.299+0000] {dagbag.py:541} INFO - Filling up the DagBag from /home/airflow/.local/lib/python3.7/site-packages/airflow/example_dags/tutorial_taskflow_api.py
[2023-08-09T03:34:18.305+0000] {processor.py:836} INFO - DAG(s) dict_keys(['tutorial_taskflow_api']) retrieved from /home/airflow/.local/lib/python3.7/site-packages/airflow/example_dags/tutorial_taskflow_api.py
[2023-08-09T03:34:18.327+0000] {logging_mixin.py:150} INFO - [2023-08-09T03:34:18.327+0000] {dag.py:2742} INFO - Sync 1 DAGs
[2023-08-09T03:34:18.351+0000] {logging_mixin.py:150} INFO - [2023-08-09T03:34:18.351+0000] {dag.py:3508} INFO - Setting next_dagrun for tutorial_taskflow_api to None, run_after=None
[2023-08-09T03:34:18.372+0000] {processor.py:179} INFO - Processing /home/airflow/.local/lib/python3.7/site-packages/airflow/example_dags/tutorial_taskflow_api.py took 0.078 seconds
[2023-08-09T03:34:48.500+0000] {processor.py:157} INFO - Started process (PID=2687) to work on /home/airflow/.local/lib/python3.7/site-packages/airflow/example_dags/tutorial_taskflow_api.py
[2023-08-09T03:34:48.501+0000] {processor.py:826} INFO - Processing file /home/airflow/.local/lib/python3.7/site-packages/airflow/example_dags/tutorial_taskflow_api.py for tasks to queue
[2023-08-09T03:34:48.503+0000] {logging_mixin.py:150} INFO - [2023-08-09T03:34:48.502+0000] {dagbag.py:541} INFO - Filling up the DagBag from /home/airflow/.local/lib/python3.7/site-packages/airflow/example_dags/tutorial_taskflow_api.py
[2023-08-09T03:34:48.513+0000] {processor.py:836} INFO - DAG(s) dict_keys(['tutorial_taskflow_api']) retrieved from /home/airflow/.local/lib/python3.7/site-packages/airflow/example_dags/tutorial_taskflow_api.py
[2023-08-09T03:34:48.548+0000] {logging_mixin.py:150} INFO - [2023-08-09T03:34:48.547+0000] {dag.py:2742} INFO - Sync 1 DAGs
[2023-08-09T03:34:48.577+0000] {logging_mixin.py:150} INFO - [2023-08-09T03:34:48.577+0000] {dag.py:3508} INFO - Setting next_dagrun for tutorial_taskflow_api to None, run_after=None
[2023-08-09T03:34:48.594+0000] {processor.py:179} INFO - Processing /home/airflow/.local/lib/python3.7/site-packages/airflow/example_dags/tutorial_taskflow_api.py took 0.099 seconds
[2023-08-09T03:35:18.622+0000] {processor.py:157} INFO - Started process (PID=2740) to work on /home/airflow/.local/lib/python3.7/site-packages/airflow/example_dags/tutorial_taskflow_api.py
[2023-08-09T03:35:18.622+0000] {processor.py:826} INFO - Processing file /home/airflow/.local/lib/python3.7/site-packages/airflow/example_dags/tutorial_taskflow_api.py for tasks to queue
[2023-08-09T03:35:18.623+0000] {logging_mixin.py:150} INFO - [2023-08-09T03:35:18.623+0000] {dagbag.py:541} INFO - Filling up the DagBag from /home/airflow/.local/lib/python3.7/site-packages/airflow/example_dags/tutorial_taskflow_api.py
[2023-08-09T03:35:18.629+0000] {processor.py:836} INFO - DAG(s) dict_keys(['tutorial_taskflow_api']) retrieved from /home/airflow/.local/lib/python3.7/site-packages/airflow/example_dags/tutorial_taskflow_api.py
[2023-08-09T03:35:18.650+0000] {logging_mixin.py:150} INFO - [2023-08-09T03:35:18.650+0000] {dag.py:2742} INFO - Sync 1 DAGs
[2023-08-09T03:35:18.679+0000] {logging_mixin.py:150} INFO - [2023-08-09T03:35:18.679+0000] {dag.py:3508} INFO - Setting next_dagrun for tutorial_taskflow_api to None, run_after=None
[2023-08-09T03:35:18.695+0000] {processor.py:179} INFO - Processing /home/airflow/.local/lib/python3.7/site-packages/airflow/example_dags/tutorial_taskflow_api.py took 0.076 seconds
[2023-08-09T03:35:48.967+0000] {processor.py:157} INFO - Started process (PID=2796) to work on /home/airflow/.local/lib/python3.7/site-packages/airflow/example_dags/tutorial_taskflow_api.py
[2023-08-09T03:35:48.969+0000] {processor.py:826} INFO - Processing file /home/airflow/.local/lib/python3.7/site-packages/airflow/example_dags/tutorial_taskflow_api.py for tasks to queue
[2023-08-09T03:35:48.970+0000] {logging_mixin.py:150} INFO - [2023-08-09T03:35:48.970+0000] {dagbag.py:541} INFO - Filling up the DagBag from /home/airflow/.local/lib/python3.7/site-packages/airflow/example_dags/tutorial_taskflow_api.py
[2023-08-09T03:35:48.981+0000] {processor.py:836} INFO - DAG(s) dict_keys(['tutorial_taskflow_api']) retrieved from /home/airflow/.local/lib/python3.7/site-packages/airflow/example_dags/tutorial_taskflow_api.py
[2023-08-09T03:35:49.017+0000] {logging_mixin.py:150} INFO - [2023-08-09T03:35:49.016+0000] {dag.py:2742} INFO - Sync 1 DAGs
[2023-08-09T03:35:49.049+0000] {logging_mixin.py:150} INFO - [2023-08-09T03:35:49.049+0000] {dag.py:3508} INFO - Setting next_dagrun for tutorial_taskflow_api to None, run_after=None
[2023-08-09T03:35:49.071+0000] {processor.py:179} INFO - Processing /home/airflow/.local/lib/python3.7/site-packages/airflow/example_dags/tutorial_taskflow_api.py took 0.109 seconds
[2023-08-09T03:36:19.407+0000] {processor.py:157} INFO - Started process (PID=2851) to work on /home/airflow/.local/lib/python3.7/site-packages/airflow/example_dags/tutorial_taskflow_api.py
[2023-08-09T03:36:19.407+0000] {processor.py:826} INFO - Processing file /home/airflow/.local/lib/python3.7/site-packages/airflow/example_dags/tutorial_taskflow_api.py for tasks to queue
[2023-08-09T03:36:19.408+0000] {logging_mixin.py:150} INFO - [2023-08-09T03:36:19.408+0000] {dagbag.py:541} INFO - Filling up the DagBag from /home/airflow/.local/lib/python3.7/site-packages/airflow/example_dags/tutorial_taskflow_api.py
[2023-08-09T03:36:19.415+0000] {processor.py:836} INFO - DAG(s) dict_keys(['tutorial_taskflow_api']) retrieved from /home/airflow/.local/lib/python3.7/site-packages/airflow/example_dags/tutorial_taskflow_api.py
[2023-08-09T03:36:19.444+0000] {logging_mixin.py:150} INFO - [2023-08-09T03:36:19.443+0000] {dag.py:2742} INFO - Sync 1 DAGs
[2023-08-09T03:36:19.479+0000] {logging_mixin.py:150} INFO - [2023-08-09T03:36:19.479+0000] {dag.py:3508} INFO - Setting next_dagrun for tutorial_taskflow_api to None, run_after=None
[2023-08-09T03:36:19.497+0000] {processor.py:179} INFO - Processing /home/airflow/.local/lib/python3.7/site-packages/airflow/example_dags/tutorial_taskflow_api.py took 0.094 seconds
